

================================================================
== Vivado HLS Report for 'fir'
================================================================
* Date:           Fri Apr 29 12:36:26 2016

* Version:        2016.1 (Build 1538259 on Fri Apr 08 16:12:49 MDT 2016)
* Project:        fir_prj
* Solution:       solution1
* Product family: kintex7
* Target device:  xc7k325tffg900-2


================================================================
== Performance Estimates
================================================================
+ Timing (ns): 
    * Summary: 
    +--------+-------+----------+------------+
    |  Clock | Target| Estimated| Uncertainty|
    +--------+-------+----------+------------+
    |ap_clk  |  10.00|      7.70|        1.25|
    +--------+-------+----------+------------+

+ Latency (clock cycles): 
    * Summary: 
    +-----+-----+-----+-----+---------+
    |  Latency  |  Interval | Pipeline|
    | min | max | min | max |   Type  |
    +-----+-----+-----+-----+---------+
    |   34|   45|   35|   46|   none  |
    +-----+-----+-----+-----+---------+

    + Detail: 
        * Instance: 
        N/A

        * Loop: 
        +--------------------+-----+-----+----------+-----------+-----------+------+----------+
        |                    |  Latency  | Iteration|  Initiation Interval  | Trip |          |
        |      Loop Name     | min | max |  Latency |  achieved |   target  | Count| Pipelined|
        +--------------------+-----+-----+----------+-----------+-----------+------+----------+
        |- Shift_Accum_Loop  |   33|   44|   3 ~ 4  |          -|          -|    11|    no    |
        +--------------------+-----+-----+----------+-----------+-----------+------+----------+



================================================================
== Utilization Estimates
================================================================
* Summary: 
+-----------------+---------+-------+--------+--------+
|       Name      | BRAM_18K| DSP48E|   FF   |   LUT  |
+-----------------+---------+-------+--------+--------+
|DSP              |        -|      -|       -|       -|
|Expression       |        -|      2|       0|      44|
|FIFO             |        -|      -|       -|       -|
|Instance         |        0|      -|     112|     168|
|Memory           |        0|      -|      71|       8|
|Multiplexer      |        -|      -|       -|     111|
|Register         |        -|      -|     183|       -|
+-----------------+---------+-------+--------+--------+
|Total            |        0|      2|     366|     331|
+-----------------+---------+-------+--------+--------+
|Available        |      890|    840|  407600|  203800|
+-----------------+---------+-------+--------+--------+
|Utilization (%)  |        0|   ~0  |   ~0   |   ~0   |
+-----------------+---------+-------+--------+--------+

+ Detail: 
    * Instance: 
    +--------------------+------------------+---------+-------+-----+-----+
    |      Instance      |      Module      | BRAM_18K| DSP48E|  FF | LUT |
    +--------------------+------------------+---------+-------+-----+-----+
    |fir_fir_io_s_axi_U  |fir_fir_io_s_axi  |        0|      0|  112|  168|
    +--------------------+------------------+---------+-------+-----+-----+
    |Total               |                  |        0|      0|  112|  168|
    +--------------------+------------------+---------+-------+-----+-----+

    * DSP48: 
    N/A

    * Memory: 
    +-------------+---------------+---------+----+----+------+-----+------+-------------+
    |    Memory   |     Module    | BRAM_18K| FF | LUT| Words| Bits| Banks| W*Bits*Banks|
    +-------------+---------------+---------+----+----+------+-----+------+-------------+
    |c_U          |fir_c          |        0|   7|   2|    11|    7|     1|           77|
    |shift_reg_U  |fir_shift_reg  |        0|  64|   6|    11|   32|     1|          352|
    +-------------+---------------+---------+----+----+------+-----+------+-------------+
    |Total        |               |        0|  71|   8|    22|   39|     2|          429|
    +-------------+---------------+---------+----+----+------+-----+------+-------------+

    * FIFO: 
    N/A

    * Expression: 
    +-----------------+----------+-------+---+----+------------+------------+
    |  Variable Name  | Operation| DSP48E| FF| LUT| Bitwidth P0| Bitwidth P1|
    +-----------------+----------+-------+---+----+------------+------------+
    |tmp_5_fu_171_p2  |     *    |      2|  0|   5|          32|           7|
    |acc_1_fu_176_p2  |     +    |      0|  0|  32|          32|          32|
    |grp_fu_133_p2    |     +    |      0|  0|   5|           5|           2|
    |tmp_1_fu_152_p2  |   icmp   |      0|  0|   2|           5|           1|
    +-----------------+----------+-------+---+----+------------+------------+
    |Total            |          |      2|  0|  44|          74|          42|
    +-----------------+----------+-------+---+----+------------+------------+

    * Multiplexer: 
    +--------------------+----+-----------+-----+-----------+
    |        Name        | LUT| Input Size| Bits| Total Bits|
    +--------------------+----+-----------+-----+-----------+
    |acc_reg_97          |  32|          2|   32|         64|
    |ap_NS_fsm           |   1|          6|    1|          6|
    |grp_fu_133_p0       |   5|          3|    5|         15|
    |i_reg_110           |   5|          2|    5|         10|
    |p_pn_reg_122        |  32|          2|   32|         64|
    |shift_reg_address0  |   4|          4|    4|         16|
    |shift_reg_d0        |  32|          3|   32|         96|
    +--------------------+----+-----------+-----+-----------+
    |Total               | 111|         22|  111|        271|
    +--------------------+----+-----------+-----+-----------+

    * Register: 
    +------------------------+----+----+-----+-----------+
    |          Name          | FF | LUT| Bits| Const Bits|
    +------------------------+----+----+-----+-----------+
    |acc_reg_97              |  32|   0|   32|          0|
    |ap_CS_fsm               |   5|   0|    5|          0|
    |c_load_reg_214          |   7|   0|    7|          0|
    |i_1_reg_224             |   5|   0|    5|          0|
    |i_reg_110               |   5|   0|    5|          0|
    |p_pn_reg_122            |  32|   0|   32|          0|
    |shift_reg_load_reg_209  |  32|   0|   32|          0|
    |tmp_1_reg_190           |   1|   0|    1|          0|
    |tmp_4_reg_199           |  32|   0|   64|         32|
    |x_read_reg_182          |  32|   0|   32|          0|
    +------------------------+----+----+-----+-----------+
    |Total                   | 183|   0|  215|         32|
    +------------------------+----+----+-----+-----------+



================================================================
== Interface
================================================================
* Summary: 
+----------------------+-----+-----+------------+--------------+--------------+
|       RTL Ports      | Dir | Bits|  Protocol  | Source Object|    C Type    |
+----------------------+-----+-----+------------+--------------+--------------+
|s_axi_fir_io_AWVALID  |  in |    1|    s_axi   |    fir_io    |    scalar    |
|s_axi_fir_io_AWREADY  | out |    1|    s_axi   |    fir_io    |    scalar    |
|s_axi_fir_io_AWADDR   |  in |    5|    s_axi   |    fir_io    |    scalar    |
|s_axi_fir_io_WVALID   |  in |    1|    s_axi   |    fir_io    |    scalar    |
|s_axi_fir_io_WREADY   | out |    1|    s_axi   |    fir_io    |    scalar    |
|s_axi_fir_io_WDATA    |  in |   32|    s_axi   |    fir_io    |    scalar    |
|s_axi_fir_io_WSTRB    |  in |    4|    s_axi   |    fir_io    |    scalar    |
|s_axi_fir_io_ARVALID  |  in |    1|    s_axi   |    fir_io    |    scalar    |
|s_axi_fir_io_ARREADY  | out |    1|    s_axi   |    fir_io    |    scalar    |
|s_axi_fir_io_ARADDR   |  in |    5|    s_axi   |    fir_io    |    scalar    |
|s_axi_fir_io_RVALID   | out |    1|    s_axi   |    fir_io    |    scalar    |
|s_axi_fir_io_RREADY   |  in |    1|    s_axi   |    fir_io    |    scalar    |
|s_axi_fir_io_RDATA    | out |   32|    s_axi   |    fir_io    |    scalar    |
|s_axi_fir_io_RRESP    | out |    2|    s_axi   |    fir_io    |    scalar    |
|s_axi_fir_io_BVALID   | out |    1|    s_axi   |    fir_io    |    scalar    |
|s_axi_fir_io_BREADY   |  in |    1|    s_axi   |    fir_io    |    scalar    |
|s_axi_fir_io_BRESP    | out |    2|    s_axi   |    fir_io    |    scalar    |
|ap_clk                |  in |    1| ap_ctrl_hs |      fir     | return value |
|ap_rst_n              |  in |    1| ap_ctrl_hs |      fir     | return value |
|interrupt             | out |    1| ap_ctrl_hs |      fir     | return value |
+----------------------+-----+-----+------------+--------------+--------------+

