@I [HLS-0] Workspace C:/training/hls/labs/improve_area/dct_prj/solution2 opened at Sat Jun 11 12:25:54 +0530 2016
@I [HLS-100] Command "config_clock -quiet -name default -period 10 -default=false "
@I [SYN-201] Setting up clock 'default' with a period of 10ns.
@I [HLS-100] Command 'config_clock' returned 0; elapsed 0Total elapsed time: 2.692 sec.
@I [HLS-100] Command "open_platform DefaultPlatform "
@I [HLS-100] Command 'open_platform' returned 0; elapsed 0Total elapsed time: 2.693 sec.
@I [HLS-100] Command "import_lib C:/Xilinx/Vivado_HLS/2016.1/common/technology/xilinx/zynq/zynq "
@I [HLS-100] Command "source C:/Xilinx/Vivado_HLS/2016.1/common/technology/xilinx/common/xilinx.lib "
@I [HLS-100] Command "source C:/Xilinx/Vivado_HLS/2016.1/common/technology/xilinx/interface/xilinx_interface.lib "
@I [HLS-100] Command "source C:/Xilinx/Vivado_HLS/2016.1/common/technology/xilinx/interface/plb46.lib "
@I [HLS-100] Command 'ap_source' returned 0; elapsed 0.003Total elapsed time: 2.710 sec.
@I [HLS-100] Command "source C:/Xilinx/Vivado_HLS/2016.1/common/technology/xilinx/interface/fsl.lib "
@I [HLS-100] Command 'ap_source' returned 0; elapsed 0.004Total elapsed time: 2.715 sec.
@I [HLS-100] Command "source C:/Xilinx/Vivado_HLS/2016.1/common/technology/xilinx/interface/axi4.lib "
@I [HLS-100] Command 'ap_source' returned 0; elapsed 0.004Total elapsed time: 2.720 sec.
@I [HLS-100] Command "source C:/Xilinx/Vivado_HLS/2016.1/common/technology/xilinx/interface/maxi.lib "
@I [HLS-100] Command 'ap_source' returned 0; elapsed 0.003Total elapsed time: 2.723 sec.
@I [HLS-100] Command "source C:/Xilinx/Vivado_HLS/2016.1/common/technology/xilinx/interface/saxilite.lib "
@I [HLS-100] Command 'ap_source' returned 0; elapsed 0.005Total elapsed time: 2.729 sec.
@I [HLS-100] Command 'ap_source' returned 0; elapsed 0.026Total elapsed time: 2.729 sec.
@I [HLS-100] Command "source C:/Xilinx/Vivado_HLS/2016.1/common/technology/xilinx/common/dsp48.lib "
@I [HLS-100] Command 'ap_source' returned 0; elapsed 0.004Total elapsed time: 2.734 sec.
@I [HLS-100] Command "source C:/Xilinx/Vivado_HLS/2016.1/common/technology/xilinx/ip/dds_compiler.lib "
@I [HLS-100] Command 'ap_source' returned 0; elapsed 0.005Total elapsed time: 2.741 sec.
@I [HLS-100] Command "source C:/Xilinx/Vivado_HLS/2016.1/common/technology/xilinx/ip/xfft.lib "
@I [HLS-100] Command 'ap_source' returned 0; elapsed 0.005Total elapsed time: 2.747 sec.
@I [HLS-100] Command "source C:/Xilinx/Vivado_HLS/2016.1/common/technology/xilinx/ip/xfir.lib "
@I [HLS-100] Command 'ap_source' returned 0; elapsed 0.003Total elapsed time: 2.751 sec.
@I [HLS-100] Command 'ap_source' returned 0; elapsed 0.055Total elapsed time: 2.753 sec.
@I [HLS-100] Command "source C:/Xilinx/Vivado_HLS/2016.1/common/technology/xilinx/common/xilinx_old.lib "
@I [HLS-100] Command 'ap_source' returned 0; elapsed 0.005Total elapsed time: 2.759 sec.
@I [HLS-100] Command "source C:/Xilinx/Vivado_HLS/2016.1/common/technology/xilinx/common/xilinx_vivado.lib "
@I [HLS-100] Command 'ap_source' returned 0; elapsed 0.005Total elapsed time: 2.764 sec.
@I [HLS-100] Command "source C:/Xilinx/Vivado_HLS/2016.1/common/technology/xilinx/common/xilinx.hlp "
@I [HLS-100] Command "source C:/Xilinx/Vivado_HLS/2016.1/common/technology/xilinx/common/target_info.tcl "
@I [HLS-100] Command 'ap_source' returned 0; elapsed 0.007Total elapsed time: 2.785 sec.
@I [HLS-100] Command "source C:/Xilinx/Vivado_HLS/2016.1/common/technology/xilinx/interface/xilinx_interface.hlp "
@I [HLS-100] Command "source C:/Xilinx/Vivado_HLS/2016.1/common/technology/xilinx/interface/maxi.hlp "
@I [HLS-100] Command 'ap_source' returned 0; elapsed 0.005Total elapsed time: 2.795 sec.
@I [HLS-100] Command "source C:/Xilinx/Vivado_HLS/2016.1/common/technology/xilinx/interface/saxilite.hlp "
@I [HLS-100] Command 'ap_source' returned 0; elapsed 0.005Total elapsed time: 2.801 sec.
@I [HLS-100] Command 'ap_source' returned 0; elapsed 0.016Total elapsed time: 2.802 sec.
@I [HLS-100] Command "source C:/Xilinx/Vivado_HLS/2016.1/common/technology/xilinx/common/dsp48.hlp "
@I [HLS-100] Command 'ap_source' returned 0; elapsed 0.006Total elapsed time: 2.809 sec.
@I [HLS-100] Command 'ap_source' returned 0; elapsed 0.038Total elapsed time: 2.810 sec.
@I [HLS-100] Command "source C:/Xilinx/Vivado_HLS/2016.1/common/technology/xilinx/zynq/dsp48e1.hlp "
@I [HLS-100] Command 'ap_source' returned 0; elapsed 0.004Total elapsed time: 2.815 sec.
@I [HLS-100] Command "get_default_platform "
@I [HLS-100] Command 'get_default_platform' returned 0; elapsed 0Total elapsed time: 2.816 sec.
@I [HLS-100] Command "config_chip_info -quiet -resource  {SLICE 13300}  {LUT 53200}     {FF 106400} {DSP48E 220}   {BRAM 280}  "
@I [HLS-100] Command 'config_chip_info' returned 0; elapsed 0Total elapsed time: 2.816 sec.
@I [HLS-100] Command "config_chip_info -quiet -speed medium "
@I [HLS-100] Command 'config_chip_info' returned 0; elapsed 0Total elapsed time: 2.816 sec.
@I [HLS-100] Command 'import_lib' returned 0; elapsed 0.125Total elapsed time: 2.818 sec.
@I [HLS-100] Command "source C:/Xilinx/Vivado_HLS/2016.1/common/technology/xilinx/zynq/zynq.gen "
@I [HLS-100] Command "source C:/Xilinx/Vivado_HLS/2016.1/common/technology/xilinx/common/virtex.gen "
@I [HLS-100] Command "source C:/Xilinx/Vivado_HLS/2016.1/common/technology/xilinx/common/xilinx.gen "
@I [HLS-100] Command "source C:/Xilinx/Vivado_HLS/2016.1/common/technology/xilinx/interface/plb46.gen "
@I [HLS-100] Command 'ap_source' returned 0; elapsed 0.007Total elapsed time: 2.839 sec.
@I [HLS-100] Command "source C:/Xilinx/Vivado_HLS/2016.1/common/technology/xilinx/interface/fsl.gen "
@I [HLS-100] Command 'ap_source' returned 0; elapsed 0.006Total elapsed time: 2.846 sec.
@I [HLS-100] Command "source C:/Xilinx/Vivado_HLS/2016.1/common/technology/xilinx/interface/axi4.gen "
@I [HLS-100] Command 'ap_source' returned 0; elapsed 0.007Total elapsed time: 2.853 sec.
@I [HLS-100] Command "source C:/Xilinx/Vivado_HLS/2016.1/common/technology/xilinx/interface/nativeAXI4.gen "
@I [HLS-100] Command "source C:/Xilinx/Vivado_HLS/2016.1/common/technology/xilinx/interface/saxilite.gen "
@I [HLS-100] Command 'ap_source' returned 0; elapsed 0.012Total elapsed time: 2.870 sec.
@I [HLS-100] Command "source C:/Xilinx/Vivado_HLS/2016.1/common/technology/xilinx/interface/maxi.gen "
@I [HLS-100] Command 'ap_source' returned 0; elapsed 0.016Total elapsed time: 2.887 sec.
@I [HLS-100] Command 'ap_source' returned 0; elapsed 0.034Total elapsed time: 2.887 sec.
@I [HLS-100] Command "source C:/Xilinx/Vivado_HLS/2016.1/common/technology/xilinx/scripts/xilinxcoregen.gen "
@I [HLS-100] Command 'ap_source' returned 0; elapsed 0.016Total elapsed time: 2.904 sec.
@I [HLS-100] Command "source C:/Xilinx/Vivado_HLS/2016.1/common/technology/xilinx/interface/XilEDKCoreGen.gen "
@I [HLS-100] Command 'ap_source' returned 0; elapsed 0.013Total elapsed time: 2.917 sec.
@I [HLS-100] Command "source C:/Xilinx/Vivado_HLS/2016.1/common/technology/xilinx/ip/dds_compiler.gen "
@I [HLS-100] Command 'ap_source' returned 0; elapsed 0.008Total elapsed time: 2.926 sec.
@I [HLS-100] Command "source C:/Xilinx/Vivado_HLS/2016.1/common/technology/xilinx/ip/util.gen "
@I [HLS-100] Command 'ap_source' returned 0; elapsed 0.006Total elapsed time: 2.932 sec.
@I [HLS-100] Command "source C:/Xilinx/Vivado_HLS/2016.1/common/technology/xilinx/ip/xfft.gen "
@I [HLS-100] Command 'ap_source' returned 0; elapsed 0.123Total elapsed time: 3.55 sec.
@I [HLS-100] Command "source C:/Xilinx/Vivado_HLS/2016.1/common/technology/xilinx/ip/xfir.gen "
@I [HLS-100] Command 'ap_source' returned 0; elapsed 0.005Total elapsed time: 3.60 sec.
@I [HLS-100] Command 'ap_source' returned 0; elapsed 0.234Total elapsed time: 3.61 sec.
@I [HLS-100] Command "source C:/Xilinx/Vivado_HLS/2016.1/common/technology/xilinx/common/dsp48.gen "
@I [HLS-100] Command 'ap_source' returned 0; elapsed 0.004Total elapsed time: 3.67 sec.
@I [HLS-100] Command 'ap_source' returned 0; elapsed 0.246Total elapsed time: 3.68 sec.
@I [HLS-100] Command 'ap_source' returned 0; elapsed 0.25Total elapsed time: 3.68 sec.
@I [HLS-100] Command "open_platform DefaultPlatform "
@I [HLS-100] Command 'open_platform' returned 0; elapsed 0Total elapsed time: 3.68 sec.
@I [HLS-100] Command "import_lib C:/Xilinx/Vivado_HLS/2016.1/common/technology/xilinx/zynq/zynq_fpv6 "
@I [HLS-100] Command "source C:/Xilinx/Vivado_HLS/2016.1/common/technology/xilinx/common/xilinx_fpv7.lib "
@I [HLS-100] Command "source C:/Xilinx/Vivado_HLS/2016.1/common/technology/xilinx/common/xilinx_hp.lib "
@I [HLS-100] Command 'ap_source' returned 0; elapsed 0.005Total elapsed time: 3.82 sec.
@I [HLS-100] Command 'ap_source' returned 0; elapsed 0.011Total elapsed time: 3.84 sec.
@I [HLS-100] Command "source C:/Xilinx/Vivado_HLS/2016.1/common/technology/xilinx/common/xilinx_fpv.hlp "
@I [HLS-100] Command "source C:/Xilinx/Vivado_HLS/2016.1/common/technology/xilinx/common/xilinx.hlp "
@I [HLS-100] Command "source C:/Xilinx/Vivado_HLS/2016.1/common/technology/xilinx/common/target_info.tcl "
@I [HLS-100] Command 'ap_source' returned 0; elapsed 0.007Total elapsed time: 3.109 sec.
@I [HLS-100] Command "source C:/Xilinx/Vivado_HLS/2016.1/common/technology/xilinx/interface/xilinx_interface.hlp "
@I [HLS-100] Command "source C:/Xilinx/Vivado_HLS/2016.1/common/technology/xilinx/interface/maxi.hlp "
@I [HLS-100] Command 'ap_source' returned 0; elapsed 0.001Total elapsed time: 3.111 sec.
@I [HLS-100] Command "source C:/Xilinx/Vivado_HLS/2016.1/common/technology/xilinx/interface/saxilite.hlp "
@I [HLS-100] Command 'ap_source' returned 0; elapsed 0Total elapsed time: 3.111 sec.
@I [HLS-100] Command 'ap_source' returned 0; elapsed 0.002Total elapsed time: 3.112 sec.
@I [HLS-100] Command "source C:/Xilinx/Vivado_HLS/2016.1/common/technology/xilinx/common/dsp48.hlp "
@I [HLS-100] Command 'ap_source' returned 0; elapsed 0.001Total elapsed time: 3.113 sec.
@I [HLS-100] Command 'ap_source' returned 0; elapsed 0.012Total elapsed time: 3.113 sec.
@I [HLS-100] Command 'ap_source' returned 0; elapsed 0.017Total elapsed time: 3.114 sec.
@I [HLS-100] Command "source C:/Xilinx/Vivado_HLS/2016.1/common/technology/xilinx/zynq/zynq_hp.hlp "
@I [HLS-100] Command 'ap_source' returned 0; elapsed 0.005Total elapsed time: 3.119 sec.
@I [HLS-100] Command 'import_lib' returned 0; elapsed 0.056Total elapsed time: 3.125 sec.
@I [HLS-100] Command "source C:/Xilinx/Vivado_HLS/2016.1/common/technology/xilinx/zynq/zynq_fpv6.gen "
@I [HLS-100] Command "source C:/Xilinx/Vivado_HLS/2016.1/common/technology/xilinx/common/xilinx_fpv6.gen "
@I [HLS-100] Command 'ap_source' returned 0; elapsed 0.006Total elapsed time: 3.136 sec.
@I [HLS-100] Command 'ap_source' returned 0; elapsed 0.012Total elapsed time: 3.137 sec.
@I [HLS-100] Command "set_part xc7z020clg484-1 "
@I [HLS-100] Command "add_library xilinx/zynq/zynq:xc7z020:clg484:-1 "
@I [HLS-100] Command "get_default_platform "
@I [HLS-100] Command 'get_default_platform' returned 0; elapsed 0Total elapsed time: 3.150 sec.
@I [HLS-100] Command "license_isbetapart xc7z020 "
@I [HLS-100] Command 'license_isbetapart' returned 1; elapsed 0.076Total elapsed time: 3.228 sec.
@I [HLS-100] Command "get_default_platform "
@I [HLS-100] Command 'get_default_platform' returned 0; elapsed 0Total elapsed time: 3.231 sec.
@I [HLS-100] Command "config_chip_info -quiet -resource  {SLICE 13300}  {LUT 53200}     {FF 106400} {DSP48E 220}   {BRAM 280}  "
@I [HLS-100] Command 'config_chip_info' returned 0; elapsed 0Total elapsed time: 3.231 sec.
@I [HLS-100] Command "config_chip_info -quiet -speed slow "
@I [HLS-100] Command 'config_chip_info' returned 0; elapsed 0Total elapsed time: 3.232 sec.
@I [HLS-100] Command 'add_library' returned 0; elapsed 0.089Total elapsed time: 3.239 sec.
@I [HLS-100] Command "add_library xilinx/zynq/zynq_fpv6 "
@I [HLS-100] Command "get_default_platform "
@I [HLS-100] Command 'get_default_platform' returned 0; elapsed 0Total elapsed time: 3.247 sec.
@I [HLS-100] Command 'add_library' returned 0; elapsed 0.01Total elapsed time: 3.250 sec.
@I [HLS-10] Setting target device to 'xc7z020clg484-1'
@I [HLS-100] Command 'set_part' returned 0; elapsed 0.113Total elapsed time: 3.251 sec.
@I [HLS-100] Command "get_default_platform "
@I [HLS-100] Command 'get_default_platform' returned 0; elapsed 0Total elapsed time: 3.252 sec.
@I [HLS-100] Command "config_chip_info -quiet -resource  {SLICE 13300}  {LUT 53200}     {FF 106400} {DSP48E 220}   {BRAM 280}  "
@I [HLS-100] Command 'config_chip_info' returned 0; elapsed 0Total elapsed time: 3.252 sec.
@I [HLS-100] Command "config_chip_info -quiet -speed slow "
@I [HLS-100] Command 'config_chip_info' returned 0; elapsed 0Total elapsed time: 3.252 sec.
@I [HLS-100] Command 'open_solution' returned 0; elapsed 0.599Total elapsed time: 3.257 sec.
@I [HLS-100] Command "set_part xc7z020clg484-1 "
@I [HLS-100] Command "add_library xilinx/zynq/zynq:xc7z020:clg484:-1 "
@I [HLS-100] Command "get_default_platform "
@I [HLS-100] Command 'get_default_platform' returned 0; elapsed 0Total elapsed time: 3.267 sec.
@I [HLS-100] Command "license_isbetapart xc7z020 "
@I [HLS-100] Command 'license_isbetapart' returned 1; elapsed 0Total elapsed time: 3.269 sec.
@I [HLS-100] Command "get_default_platform "
@I [HLS-100] Command 'get_default_platform' returned 0; elapsed 0Total elapsed time: 3.271 sec.
@I [HLS-100] Command "config_chip_info -quiet -resource  {SLICE 13300}  {LUT 53200}     {FF 106400} {DSP48E 220}   {BRAM 280}  "
@I [HLS-100] Command 'config_chip_info' returned 0; elapsed 0Total elapsed time: 3.272 sec.
@I [HLS-100] Command "config_chip_info -quiet -speed slow "
@I [HLS-100] Command 'config_chip_info' returned 0; elapsed 0Total elapsed time: 3.272 sec.
@I [HLS-100] Command 'add_library' returned 0; elapsed 0.012Total elapsed time: 3.279 sec.
@I [HLS-100] Command "add_library xilinx/zynq/zynq_fpv6 "
@I [HLS-100] Command "get_default_platform "
@I [HLS-100] Command 'get_default_platform' returned 0; elapsed 0Total elapsed time: 3.284 sec.
@I [HLS-100] Command 'add_library' returned 0; elapsed 0.006Total elapsed time: 3.286 sec.
@I [HLS-100] Command 'set_part' returned 0; elapsed 0.03Total elapsed time: 3.287 sec.
@I [HLS-100] Command "create_clock -period 10 -name default "
@I [HLS-100] Command "config_clock -quiet -name default -period 10 -default=false "
@I [SYN-201] Setting up clock 'default' with a period of 10ns.
@I [HLS-100] Command 'config_clock' returned 0; elapsed 0Total elapsed time: 3.294 sec.
@I [HLS-100] Command 'create_clock' returned 0; elapsed 0.008Total elapsed time: 3.295 sec.
@I [HLS-100] Command "source ./dct_prj/solution2/directives.tcl "
@I [HLS-100] Command "set_directive_pipeline dct_1d/DCT_Inner_Loop "
@I [HLS-0] Setting directive 'PIPELINE' 
@I [HLS-100] Command 'set_directive_pipeline' returned 0; elapsed 0.003Total elapsed time: 3.299 sec.
@I [HLS-100] Command "set_directive_pipeline dct_2d/Xpose_Row_Inner_Loop "
@I [HLS-0] Setting directive 'PIPELINE' 
@I [HLS-0] Setting directive 'PIPELINE' 
@I [HLS-100] Command 'set_directive_pipeline' returned 0; elapsed 0.005Total elapsed time: 3.304 sec.
@I [HLS-100] Command "set_directive_pipeline dct_2d/Xpose_Col_Inner_Loop "
@I [HLS-0] Setting directive 'PIPELINE' 
@I [HLS-0] Setting directive 'PIPELINE' 
@I [HLS-0] Setting directive 'PIPELINE' 
@I [HLS-100] Command 'set_directive_pipeline' returned 0; elapsed 0.004Total elapsed time: 3.308 sec.
@I [HLS-100] Command "set_directive_pipeline read_data/RD_Loop_Col "
@I [HLS-0] Setting directive 'PIPELINE' 
@I [HLS-0] Setting directive 'PIPELINE' 
@I [HLS-0] Setting directive 'PIPELINE' 
@I [HLS-0] Setting directive 'PIPELINE' 
@I [HLS-100] Command 'set_directive_pipeline' returned 0; elapsed 0.004Total elapsed time: 3.313 sec.
@I [HLS-100] Command "set_directive_pipeline write_data/WR_Loop_Col "
@I [HLS-0] Setting directive 'PIPELINE' 
@I [HLS-0] Setting directive 'PIPELINE' 
@I [HLS-0] Setting directive 'PIPELINE' 
@I [HLS-0] Setting directive 'PIPELINE' 
@I [HLS-0] Setting directive 'PIPELINE' 
@I [HLS-100] Command 'set_directive_pipeline' returned 0; elapsed 0.004Total elapsed time: 3.318 sec.
@I [HLS-100] Command 'ap_source' returned 0; elapsed 0.023Total elapsed time: 3.318 sec.
@I [HLS-100] Command "csynth_design "
@I [HLS-100] Command "elaborate -effort=medium -skip_syncheck=0 -keep_printf=0 -lm=0 -skip_cdt=0 -skip_transform=0 -ng=0 -g=0 -opt_fp=0 "
@I [HLS-10] Analyzing design file 'dct.c' ... 
@0 [HLS-0] Analyzing design file 'dct.c' ... 
@I [HLS-0] Compiling one TU...
@I [HLS-0] 
Checking before pre-process: exec clang -fno-limit-debug-info -gcc-toolchain "C:/Xilinx/Vivado_HLS/2016.1/msys" -hls    -fno-math-errno -c -emit-llvm -O0  -mllvm -disable-llvm-optzns -std=gnu89   -DAESL_SYN -D__SYNTHESIS__ -D__HLS_SYN__ -I "C:/Xilinx/Vivado_HLS/2016.1/common/technology/autopilot" -I "C:/Xilinx/Vivado_HLS/2016.1/common/technology/autopilot/ap_sysc" -include etc/autopilot_ssdm_op.h -D__cdecl=  "dct.c"  -o "C:/training/hls/labs/improve_area/dct_prj/solution2/.autopilot/db/dct.pp.00.o"

@I [HLS-100] Command "is_encrypted C:/training/hls/labs/improve_area/dct_prj/solution2/.autopilot/db/dct.pp.00.o "
@I [HLS-100] Command 'is_encrypted' returned 0; elapsed 0Total elapsed time: 3.761 sec.
@I [HLS-0] Syntax Checker time: 0 seconds per iteration
@I [HLS-0] 
Source preprocessing: exec clang -fno-limit-debug-info -gcc-toolchain "C:/Xilinx/Vivado_HLS/2016.1/msys" -hls -fno-exceptions  -D__llvm__  -CC -E "dct.c"     -fno-math-errno -c -emit-llvm -O0  -mllvm -disable-llvm-optzns -std=gnu89   -DAESL_SYN -D__SYNTHESIS__ -D__HLS_SYN__ -I "C:/Xilinx/Vivado_HLS/2016.1/common/technology/autopilot" -I "C:/Xilinx/Vivado_HLS/2016.1/common/technology/autopilot/ap_sysc" -include etc/autopilot_ssdm_op.h -D__cdecl=  -o "C:/training/hls/labs/improve_area/dct_prj/solution2/.autopilot/db/dct.pp.0.c"

@I [HLS-0] GCC PP time: 0 seconds per iteration
@I [HLS-0] Setting directive 'PIPELINE' 
@I [HLS-0] Setting directive 'PIPELINE' 
@I [HLS-0] Setting directive 'PIPELINE' 
@I [HLS-0] Setting directive 'PIPELINE' 
@I [HLS-0] Setting directive 'PIPELINE' 
@I [HLS-100] Command "list_core -type functional_unit "
@I [HLS-100] Command 'list_core' returned 0; elapsed 0Total elapsed time: 4.113 sec.
@I [HLS-0] Marker-Pragma convertor: C:/training/hls/labs/improve_area/dct_prj/solution2/.autopilot/db/dct.pp.0.c C:/training/hls/labs/improve_area/dct_prj/solution2/.autopilot/db/dct.pp.0.c.ap-line.c C:/training/hls/labs/improve_area/dct_prj/solution2/.autopilot/db/dct.pp.0.c.ap-line.c.CXX 1
@I [HLS-0] 
Source processor: exec C:/Xilinx/Vivado_HLS/2016.1/tps/win64/jre/bin/java -Xmx512m -classpath   "C:/Xilinx/Vivado_HLS/2016.1/lib/classes/autopilot.sourceprocessor.jar;C:/Xilinx/Vivado_HLS/2016.1/lib/classes/org.eclipse.cdt.core_5.3.0.xilinx_patch.jar;C:/Xilinx/Vivado_HLS/2016.1/lib/classes/org.eclipse.core.runtime_3.7.0.v20110110.jar;C:/Xilinx/Vivado_HLS/2016.1/lib/classes/org.eclipse.equinox.common_3.6.0.v20110523.jar;C:/Xilinx/Vivado_HLS/2016.1/lib/classes/com.ibm.icu_4.4.2.v20110208.jar;C:/Xilinx/Vivado_HLS/2016.1/lib/classes/jargs.jar;C:/Xilinx/Vivado_HLS/2016.1/win64/tools/eclipse/plugins/org.eclipse.emf.common_2.10.1.v20150123-0348.jar;C:/Xilinx/Vivado_HLS/2016.1/win64/tools/eclipse/plugins/org.eclipse.emf.ecore_2.10.2.v20150123-0348.jar;C:/Xilinx/Vivado_HLS/2016.1/win64/tools/eclipse/plugins/org.eclipse.emf.ecore.xmi_2.10.2.v20150123-0348.jar;C:/Xilinx/Vivado_HLS/2016.1/win64/tools/eclipse/plugins/com.autoesl.autopilot.ui.directiveFileModel_1.0.0.jar;C:/Xilinx/Vivado_HLS/2016.1/win64/tools/eclipse/plugins/com.autoesl.autopilot.ui.common_1.0.0.jar"  autopilot.sourceprocessor.CParser  "C:/training/hls/labs/improve_area/dct_prj/solution2/.autopilot/db/dct.pp.0.c.ap-line.c"  -m "dct" -o "C:/training/hls/labs/improve_area/dct_prj/solution2/.autopilot/db/dct.pp.0.c.ap-cdt.c" -c --pp --directive C:/training/hls/labs/improve_area/dct_prj/solution2/solution2.directive --source C:/training/hls/labs/improve_area/dct.c --error C:/training/hls/labs/improve_area/dct_prj/solution2/.autopilot/db --funcunit "AddSub AddSub_DSP AddSubnS DAddSub_fulldsp DAddSub_nodsp DDiv DExp_fulldsp DExp_meddsp DExp_nodsp DLog_fulldsp DLog_meddsp DLog_nodsp DMul_fulldsp DMul_maxdsp DMul_meddsp DMul_nodsp DRSqrt DRecip DSqrt DivnS FAddSub_fulldsp FAddSub_nodsp FDiv FExp_fulldsp FExp_meddsp FExp_nodsp FLog_fulldsp FLog_meddsp FLog_nodsp FMul_fulldsp FMul_maxdsp FMul_meddsp FMul_nodsp FRSqrt_fulldsp FRSqrt_nodsp FRecip_fulldsp FRecip_nodsp FSqrt HAddSub_nodsp HDiv HMul_fulldsp HMul_maxdsp HMul_nodsp HSqrt Mul Mul2S Mul3S Mul4S Mul5S Mul6S Mul_LUT MulnS MuxnS" --ca --gf --pd --p2d C:/training/hls/labs/improve_area/dct_prj/solution2/.autopilot/db --sd --scff C:/training/hls/labs/improve_area/dct_prj/solution2/.autopilot/db/.systemc_flag --ad

@I [HLS-0] Marker-Pragma convertor: C:/training/hls/labs/improve_area/dct_prj/solution2/.autopilot/db/dct.pp.0.c.ap-cdt.c C:/training/hls/labs/improve_area/dct_prj/solution2/.autopilot/db/dct.pragma.0.c C:/training/hls/labs/improve_area/dct_prj/solution2/.autopilot/db/dct.pragma.0.c.ap-line.CXX 0
@I [HLS-100] Command "source C:/training/hls/labs/improve_area/dct_prj/solution2/.autopilot/db/pragma.status.tcl "
@I [HLS-100] Command 'ap_source' returned 0; elapsed 0.004Total elapsed time: 5.644 sec.
@I [HLS-0] CDT processor time: 1 seconds per iteration
@I [HLS-0] Pragma handling time: 0 seconds per iteration
@I [HLS-0] 
Source preprocessing: exec clang -fno-limit-debug-info -gcc-toolchain "C:/Xilinx/Vivado_HLS/2016.1/msys" -hls -fno-exceptions  -D__llvm__  -CC -E "C:/training/hls/labs/improve_area/dct_prj/solution2/.autopilot/db/dct.pragma.1.c"     -fno-math-errno -c -emit-llvm -O0  -mllvm -disable-llvm-optzns -std=gnu89   -DAESL_SYN -D__SYNTHESIS__ -D__HLS_SYN__ -I "C:/Xilinx/Vivado_HLS/2016.1/common/technology/autopilot" -I "C:/Xilinx/Vivado_HLS/2016.1/common/technology/autopilot/ap_sysc" -include etc/autopilot_ssdm_op.h -D__cdecl=  -o "C:/training/hls/labs/improve_area/dct_prj/solution2/.autopilot/db/dct.pragma.2.c"

@I [HLS-0] exec clang -fno-limit-debug-info -gcc-toolchain C:/Xilinx/Vivado_HLS/2016.1/msys -hls -hls-analyze-label -hls-analyze-pragma -fno-exceptions  -D__llvm__  -w  "C:/training/hls/labs/improve_area/dct_prj/solution2/.autopilot/db/dct.pragma.2.c"    -fno-math-errno -c -emit-llvm -O0  -mllvm -disable-llvm-optzns -std=gnu89  -DAESL_SYN -D__SYNTHESIS__ -D__HLS_SYN__ -I "C:/Xilinx/Vivado_HLS/2016.1/common/technology/autopilot" -I "C:/Xilinx/Vivado_HLS/2016.1/common/technology/autopilot/ap_sysc" -include etc/autopilot_ssdm_op.h -g -o "C:/training/hls/labs/improve_area/dct_prj/solution2/.autopilot/db/dct.g.bc"
@I [HLS-10] Validating synthesis directives ...
@0 [HLS-0] Validating synthesis directives ...
@I [HLS-100] Command "source C:/training/hls/labs/improve_area/dct_prj/solution2/.autopilot/db/pragma.status.tcl "
@I [HLS-100] Command 'ap_source' returned 0; elapsed 0.008Total elapsed time: 6.384 sec.
@I [HLS-0] Linking all ...
@I [HLS-0] exec llvm-ld  "C:/training/hls/labs/improve_area/dct_prj/solution2/.autopilot/db/dct.bc"  -disable-opt  -LC:/Xilinx/Vivado_HLS/2016.1/win64/lib -lm_basic -o "C:/training/hls/labs/improve_area/dct_prj/solution2/.autopilot/db/a.o.pre"
@I [HLS-0] Link time: 0 seconds per iteration
@I [HLS-0] Linking all ...
@I [HLS-0] exec llvm-ld  "C:/training/hls/labs/improve_area/dct_prj/solution2/.autopilot/db/dct.g.bc"  -disable-opt  -LC:/Xilinx/Vivado_HLS/2016.1/win64/lib -lm_basic -o "C:/training/hls/labs/improve_area/dct_prj/solution2/.autopilot/db/a.g.pre"
@I [HLS-0] Link time: 0 seconds per iteration
@I [HLS-100] Command "opt_and_import_c a -opt_level=2 -skip_syncheck=0 -ng=0 -keep_printf=0 "
@I [HLS-100] Command "cleanup_all_models "
@I [HLS-100] Command 'cleanup_all_models' returned 0; elapsed 0Total elapsed time: 7.78 sec.
@I [HLS-10] Starting code transformations ...
@0 [HLS-0] Starting code transformations ...
@I [HLS-0] std xform: transform -hls -share-std-xform -always-inline -promote-dbg-pointer  -interface-preproc  -scalarrepl -mem2reg -keep-read-access -instcombine -dce  -promote-dbg-pointer  -bitop-raise  -indvars -loop-simplify -xunroll  -constprop -instcombine -simplifycfg -indvars  -simplifycfg -dce -globaldce  -basicaa  -simplifycfg -mem2reg -globalopt  -global-constprop -deadargelim -instcombine -simplifycfg  -prune-eh -simplifycfg  -scalarrepl -instcombine -reassociate -licm  -simplifycfg -loop-simplify -indvars -instcombine  -simplifycfg -mem2reg -loop-simplify -indvars -instcombine  -gvn -gvn -instcombine -adce  -break-crit-edges  -simplifycfg -loop-delete  -global-array-opt -dce -dse -adce  -find-syn-modules -top dct  -deadargelim  -mem2reg -instcombine -dce  -presyn-prepare -auto-rom-infer  -interface-preproc  -syn-check -check-rec-only  -find-region -simplifycfg -func-extr -function-inline  -globaldce -mem2reg -instcombine -dce   -gvn -globaldce -adce -adse  -constprop -instcombine -bit-constprop  -instcombine -dce -simplifycfg -bitop-raise  -simplifycfg -dce -loop-delete -reassociate  -globalopt -global-privatize -mem2reg -dce  -global-constprop -pointer-simplify -constprop -dce  -func-inst -deadargelim  -promote-dbg-pointer  -norm-name   C:/training/hls/labs/improve_area/dct_prj/solution2/.autopilot/db/a.g.0.bc -o C:/training/hls/labs/improve_area/dct_prj/solution2/.autopilot/db/a.g.1.bc -f  -phase std-opt
@I [HLS-0] Std xform time: 0 seconds per iteration
@I [HLS-100] Command "is_encrypted C:/training/hls/labs/improve_area/dct_prj/solution2/.autopilot/db/a.g.1.bc "
@I [HLS-100] Command 'is_encrypted' returned 0; elapsed 0.002Total elapsed time: 7.393 sec.
@I [HLS-10] Checking synthesizability ...
@0 [HLS-0] Checking synthesizability ...
@I [HLS-0] syn check 1/2: transform -hls -syn-check -check-rec-only -disaggr -scalarrepl -norm-name -dce  -mem2reg -instcombine  -function-uniquify -directive-preproc -mem2reg -dse -dce -auto-rom-infer -dce  -array-normalize -instcombine -dce  -array-seg-normalize -instcombine -dce  -array-flatten -instcombine -dce  -array-burst -dce  -deadargelim -promote-global-argument  -simplifycfg -mem2reg -globaldce -resolve-double-ptr  -dce -deadargelim -dce -instcombine  -function-inline -globaldce -dce  -doublePtrSimplify -doublePtrElim -dce  -doublePtrSimplify -promote-dbg-pointer  -dce -scalarrepl -dse -adse -instcombine  -ptrLegalization  -simplifycfg -dce -instcombine  -pointer-simplify -ptrArgReplace -dce -instcombine   -disaggr -scalarrepl -norm-name -dce  -mem2reg -instcombine -ptrLegalization   -simplifycfg -deadargelim  -instcombine -dce -inst-simplify  -function-uniquify -directive-preproc -mem2reg -dse -dce  -globaldce    C:/training/hls/labs/improve_area/dct_prj/solution2/.autopilot/db/a.g.1.bc -o C:/training/hls/labs/improve_area/dct_prj/solution2/.autopilot/db/a.g.2.prechk.bc -f
@I [XFORM-602] Inlining function 'read_data' into 'dct' (dct.c:85) automatically.
@I [XFORM-602] Inlining function 'write_data' into 'dct' (dct.c:90) automatically.
@I [HLS-0] Syn check 1/2 time: 0 seconds per iteration
@I [HLS-0] syn check 2/2: transform -syn-check   C:/training/hls/labs/improve_area/dct_prj/solution2/.autopilot/db/a.g.2.prechk.bc -o C:/training/hls/labs/improve_area/dct_prj/solution2/.autopilot/db/a.g.2.bc -f  -phase syn-check
@I [HLS-0] Syn check 2/2 time: 0 seconds per iteration
@I [HLS-0] Compiler optimizing ...
@I [HLS-0] Share syncheck's 1.bc for syn flow: copy C:/training/hls/labs/improve_area/dct_prj/solution2/.autopilot/db/a.g.1.bc to C:/training/hls/labs/improve_area/dct_prj/solution2/.autopilot/db/a.o.1.bc
@I [HLS-0] presyn 1: transform -hls -tmp C:/training/hls/labs/improve_area/dct_prj/solution2/.autopilot/db -type-info  -function-uniquify -directive-preproc -mem2reg -dse -dce  -disaggr -scalarrepl -norm-name -deadargelim  -mem2reg -instcombine -dce -auto-rom-infer -dce -function-uniquify  -resource-proc  -simplifycfg -mem2reg -globaldce -resolve-double-ptr -dce -deadargelim -dce -instcombine  -clib-intrinsic-prepare -dce  -func-buffer -dce -array-normalize  -func-legal -instcombine -gvn -constprop -dce   -ptrArgReplace -mem2reg -instcombine -dce  -array-seg-normalize -deadargelim  -instcombine -dce  -pointer-simplify -dce  -port-alignment -dce  -interface-preproc  -data-pack -instcombine -dce   -basicaa -aggr-aa -aggrmodref-aa -aggr-aa -gvn -gvn  -basicaa -aggr-aa -aggrmodref-aa -aggr-aa -dse -adse -adce  -loop-simplify -indvars -instcombine  -gvn -loop-simplify -mem2reg -dce -simplifycfg  -find-region -instcombine  -auto-loop-pipeline  -inst-simplify  -interface-preproc  -indvars -auto-loop-unroll -loop-simplify -loop-bound -xunroll  -constprop -instcombine -simplifycfg -indvars  -simplifycfg -dce -globaldce  -attach-range  -gvn -inst-simplify  -constprop -simplifycfg -dce  -pointer-simplify -dce  -globalopt -constprop -dce  -array-promote -constprop -instcombine -dce  -ptrArgReplace -mem2reg  -instcombine -simplifycfg -dce  -auto-par -instcombine -dce  -array-transform-check  -array-reshape -instcombine -simplifycfg -dce  -ptrArgReplace -deadargelim -mem2reg  -instcombine -simplifycfg -dce   -indvars -loop-simplify -loop-bound -xunroll  -constprop -instcombine -simplifycfg -indvars  -simplifycfg -dce -globaldce  -duplicate-dataflow-processes -globaldce  -array-partition -instcombine -simplifycfg -dce  -ptrArgReplace -global-constprop -deadargelim -mem2reg  -func-legal -instcombine -dce -global-constprop -deadargelim -mem2reg  -instcombine -simplifycfg -dce   -globalopt -constprop -dce  -array-promote -constprop -instcombine -dce  -ptrArgReplace -mem2reg  -instcombine -simplifycfg -dce   -mem-intrinsic-preproc -dce  -global-privatize  -mem2reg -globaldce  -promote-global-argument  -ptrArgReplace -mem2reg -instcombine -dce  -globalopt -mergereturn -simplify-global-access -mem2reg -dce  -pointer-simplify -dce  -functionattrs  -basicaa -aggr-aa -aggrmodref-aa -aggr-aa -gvn -gvn  -basicaa -aggr-aa -aggrmodref-aa -aggr-aa -dse -adse -adce  -inst-simplify -dce -norm-name  -function-inline -globaldce  -func-inst -constprop -instcombine -simplifycfg -dce  -func-legal -dce   -loop-bound  -arraycheck -bitwidthmin -on-by-dataflow  -loop-delete -instcombine -simplifycfg  -globaldce -dce -gvn -deadargelim -dce -loop-simplify -clean-region -simplifycfg -propagate-stable-arguments  -loop-stream -instcombine -simplifycfg -dce -globaldce  -stream-intrinsic-preproc -dce  -check-ap-stream -loop-simplify -eliminate-keepreads  -extract-dataflow-in-loop -loop-simplify -dce -gvn -deadargelim -dse  -check-dataflow-syntax  -legalize-stream-variable -legalize-global -legalize-global-1  -extract-subproc -dce -dead-channel-elimination  -canonicalize-gep -globaldce -dce -gvn -deadargelim  -scalar-propagation -deadargelim -globaldce -mem2reg  -check-dataflow-channels -function-stream -dce -globaldce  -prop-fifo-spec -internal-stream-gen  -canonicalize-gep -globaldce -dce -gvn -deadargelim   -mergereturn -indvars -loop-simplify -instcombine  -array-stream -instcombine -simplifycfg -dce  -bundle-memfifo-ops -deadargelim    -function-uniquify -directive-preproc -mem2reg -dse -dce  -group-axi-access    -licm -simplifycfg -dce -loop-delete  -norm-name  C:/training/hls/labs/improve_area/dct_prj/solution2/.autopilot/db/a.o.1.bc -o C:/training/hls/labs/improve_area/dct_prj/solution2/.autopilot/db/a.o.1.tmp.bc -f
@I [XFORM-602] Inlining function 'read_data' into 'dct' (dct.c:85) automatically.
@I [XFORM-602] Inlining function 'write_data' into 'dct' (dct.c:90) automatically.
@I [HLS-0] Presyn 1 time: 0 seconds per iteration
@I [HLS-0] presyn 2: transform -hls -keep-callgraph -scalarrepl -mem2reg  -port-alignment -attach-range -dce  -pipe-mux-gen  -indvars -loop-bound  -inst-simplify -instcombine -dce  -merge-array-access -mem2reg -dce  -clean-region -mergereturn -if-conv  -instcombine -dce -constprop  -basicaa -aggr-aa -aggrmodref-aa -aggr-aa -gvn -gvn  -basicaa -aggr-aa -aggrmodref-aa -aggr-aa -dse -adse -adce  -scalarrepl -mem2reg  -global-constprop -deadargelim -deadargelim  -instcombine -dce -simplifycfg    -ptrArgReplace -mem2reg -function-inline  -globaldce -mem2reg -instcombine -dce -expr-balance  -instcombine -dce  -bitwidthmin  -interface-preproc -directive-preproc  -inst-rectify -instcombine -dce  -functionattrs  -constprop -instcombine -bit-constprop  -simplify-global-access  -globalopt -globaldce  -inst-simplify -instcombine -elimdeaddata -dce  -loop-delete -simplifycfg -loop-simplify -auto-burst   -norm-name C:/training/hls/labs/improve_area/dct_prj/solution2/.autopilot/db/a.o.1.tmp.bc -o C:/training/hls/labs/improve_area/dct_prj/solution2/.autopilot/db/a.o.2.bc -f  -phase presyn
@I [HLS-0] Presyn 2 time: 0 seconds per iteration
@I [HLS-100] Command "is_encrypted C:/training/hls/labs/improve_area/dct_prj/solution2/.autopilot/db/a.o.2.bc "
@I [HLS-100] Command 'is_encrypted' returned 0; elapsed 0.002Total elapsed time: 8.5 sec.
@I [HLS-0] build ssdm: transform -hls  -function-uniquify -auto-function-inline -globaldce  -ptrArgReplace -mem2reg -instcombine -dce  -reset-lda  -loop-simplify -indvars -licm -loop-dep  -loop-bound -licm -loop-simplify -flattenloopnest  -array-flatten -gvn -instcombine -dce  -array-map -dce -func-legal  -gvn -adce -instcombine -cfgopt -simplifycfg -loop-simplify   -array-burst -promote-global-argument -dce  -axi4-lower -array-seg-normalize  -basicaa -aggrmodref-aa -globalsmodref-aa -aggr-aa -gvn -gvn  -basicaa -aggrmodref-aa -globalsmodref-aa -aggr-aa -dse -adse -adce -licm  -inst-simplify -dce  -globaldce -instcombine -array-stream -eliminate-keepreads -instcombine  -dce   -deadargelim -doublePtrSimplify  -doublePtrElim -dce -doublePtrSimplify -promote-dbg-pointer  -dce -scalarrepl -mem2reg -disaggr -norm-name -mem2reg  -instcombine  -dse -adse -adce -ptrLegalization -dce -auto-rom-infer -array-flatten -dce -instcombine  -loop-rot -constprop -cfgopt -simplifycfg -loop-simplify -indvars -pointer-simplify -dce -loop-bound  -loop-simplify -loop-preproc  -constprop -global-constprop -gvn -mem2reg -instcombine -dce  -loop-merge -dce  -bitwidthmin  -deadargelim -dce  -scalar-propagation -deadargelim -globaldce -mem2reg  -interface-preproc -interface-gen  -deadargelim -directive-preproc -inst-simplify -dce  -gvn -mem2reg -instcombine -dce -adse  -loop-bound  -instcombine -cfgopt -simplifycfg -loop-simplify  -clean-region -io-protocol  -find-region -mem2reg  -bitop-raise  -inst-simplify -inst-rectify -instcombine -adce -deadargelim  -loop-simplify -phi-opt -bitop-raise  -cfgopt -simplifycfg -strip-dead-prototypes  -interface-lower -bitop-lower -intrinsic-lower -auto-function-inline  -basicaa -aggrmodref-aa -globalsmodref-aa -aggr-aa  -inst-simplify -simplifycfg   -mergereturn -inst-simplify -inst-rectify  -dce -bitop-lower  -loop-rewind -pointer-simplify -dce -cfgopt  -read-loop-dep -dce -bitwidth -norm-name -legalize    -cdfg-build  C:/training/hls/labs/improve_area/dct_prj/solution2/.autopilot/db/a.o.2.bc -o C:/training/hls/labs/improve_area/dct_prj/solution2/.autopilot/db/a.o.3.bc -f  -phase build-ssdm
@I [XFORM-541] Flattening a loop nest 'Xpose_Row_Outer_Loop' (dct.c:38:1) in function 'dct_2d'.
@I [XFORM-541] Flattening a loop nest 'Xpose_Col_Outer_Loop' (dct.c:49:1) in function 'dct_2d'.
@W [XFORM-542] Cannot flatten a loop nest 'DCT_Outer_Loop' (dct.c:13:67) in function 'dct_1d' : 
               the outer loop is not a perfect loop because there is nontrivial logic in the loop latch.
@I [XFORM-541] Flattening a loop nest 'RD_Loop_Row' (dct.c:59:67) in function 'dct'.
@I [XFORM-541] Flattening a loop nest 'WR_Loop_Row' (dct.c:71:67) in function 'dct'.
@I [HLS-0] Build ssdm time: 0 seconds per iteration
@I [HLS-100] Command "is_encrypted C:/training/hls/labs/improve_area/dct_prj/solution2/.autopilot/db/a.o.3.bc "
@I [HLS-100] Command 'is_encrypted' returned 0; elapsed 0.003Total elapsed time: 8.487 sec.
@I [HLS-0] Finish building internal data model.
@I [HLS-100] Command 'opt_and_import_c' returned 0; elapsed 1.427Total elapsed time: 8.504 sec.
@I [HLS-111] Elapsed time: 8.52 seconds; current memory usage: 91.6 MB.
@I [HLS-100] Command 'elaborate' returned 0; elapsed 5.193Total elapsed time: 8.513 sec.
@I [HLS-100] Command "autosyn "
@I [HLS-10] Starting hardware synthesis ...
@0 [HLS-0] Starting hardware synthesis ...
@I [HLS-0] Synthesizing C/C++ design ...
@I [HLS-10] Synthesizing 'dct' ...
@0 [HLS-0] Synthesizing 'dct' ...
@I [HLS-100] Command "ap_set_top_model dct "
@I [HLS-100] Command 'ap_set_top_model' returned 0; elapsed 0Total elapsed time: 8.520 sec.
@I [HLS-100] Command "get_model_list dct -filter all-wo-channel -topdown "
@I [HLS-100] Command 'get_model_list' returned 0; elapsed 0Total elapsed time: 8.520 sec.
@I [HLS-100] Command "preproc_iomode -model dct "
@I [HLS-100] Command 'preproc_iomode' returned 0; elapsed 0Total elapsed time: 8.521 sec.
@I [HLS-100] Command "preproc_iomode -model dct_dct_2d "
@I [HLS-100] Command 'preproc_iomode' returned 0; elapsed 0.001Total elapsed time: 8.522 sec.
@I [HLS-100] Command "preproc_iomode -model dct_dct_1d2 "
@I [HLS-100] Command 'preproc_iomode' returned 0; elapsed 0Total elapsed time: 8.522 sec.
@I [HLS-100] Command "get_model_list dct -filter all-wo-channel "
@I [HLS-100] Command 'get_model_list' returned 0; elapsed 0Total elapsed time: 8.523 sec.
@I [HLS-0] Model list for configure: dct_dct_1d2 dct_dct_2d dct
@I [HLS-0] Configuring Module : dct_dct_1d2 ...
@I [HLS-100] Command "set_default_model dct_dct_1d2 "
@I [HLS-100] Command 'set_default_model' returned 0; elapsed 0Total elapsed time: 8.523 sec.
@I [HLS-100] Command "apply_spec_resource_limit dct_dct_1d2 "
@I [HLS-100] Command 'apply_spec_resource_limit' returned 0; elapsed 0Total elapsed time: 8.523 sec.
@I [HLS-0] Configuring Module : dct_dct_2d ...
@I [HLS-100] Command "set_default_model dct_dct_2d "
@I [HLS-100] Command 'set_default_model' returned 0; elapsed 0Total elapsed time: 8.524 sec.
@I [HLS-100] Command "apply_spec_resource_limit dct_dct_2d "
@I [HLS-100] Command 'apply_spec_resource_limit' returned 0; elapsed 0Total elapsed time: 8.524 sec.
@I [HLS-0] Configuring Module : dct ...
@I [HLS-100] Command "set_default_model dct "
@I [HLS-100] Command 'set_default_model' returned 0; elapsed 0Total elapsed time: 8.525 sec.
@I [HLS-100] Command "apply_spec_resource_limit dct "
@I [HLS-100] Command 'apply_spec_resource_limit' returned 0; elapsed 0Total elapsed time: 8.525 sec.
@I [HLS-0] Model list for preprocess: dct_dct_1d2 dct_dct_2d dct
@I [HLS-0] Preprocessing Module: dct_dct_1d2 ...
@I [HLS-100] Command "set_default_model dct_dct_1d2 "
@I [HLS-100] Command 'set_default_model' returned 0; elapsed 0Total elapsed time: 8.525 sec.
@I [HLS-100] Command "cdfg_preprocess -model dct_dct_1d2 "
@I [HLS-100] Command 'cdfg_preprocess' returned 0; elapsed 0Total elapsed time: 8.526 sec.
@I [HLS-100] Command "rtl_gen_preprocess dct_dct_1d2 "
@I [HLS-100] Command 'rtl_gen_preprocess' returned 0; elapsed 0Total elapsed time: 8.526 sec.
@I [HLS-0] Preprocessing Module: dct_dct_2d ...
@I [HLS-100] Command "set_default_model dct_dct_2d "
@I [HLS-100] Command 'set_default_model' returned 0; elapsed 0Total elapsed time: 8.527 sec.
@I [HLS-100] Command "cdfg_preprocess -model dct_dct_2d "
@I [HLS-100] Command 'cdfg_preprocess' returned 0; elapsed 0Total elapsed time: 8.527 sec.
@I [HLS-100] Command "rtl_gen_preprocess dct_dct_2d "
@I [HLS-100] Command 'rtl_gen_preprocess' returned 0; elapsed 0Total elapsed time: 8.528 sec.
@I [HLS-0] Preprocessing Module: dct ...
@I [HLS-100] Command "set_default_model dct "
@I [HLS-100] Command 'set_default_model' returned 0; elapsed 0Total elapsed time: 8.528 sec.
@I [HLS-100] Command "cdfg_preprocess -model dct "
@I [HLS-100] Command 'cdfg_preprocess' returned 0; elapsed 0Total elapsed time: 8.529 sec.
@I [HLS-100] Command "rtl_gen_preprocess dct "
@I [HLS-100] Command 'rtl_gen_preprocess' returned 0; elapsed 0Total elapsed time: 8.530 sec.
@I [HLS-0] Model list for synthesis: dct_dct_1d2 dct_dct_2d dct
@I [HLS-10] ----------------------------------------------------------------
@0 [HLS-0] ----------------------------------------------------------------
@I [HLS-10] -- Scheduling module 'dct_dct_1d2' 
@0 [HLS-0] -- Scheduling module 'dct_dct_1d2' 
@I [HLS-10] ----------------------------------------------------------------
@0 [HLS-0] ----------------------------------------------------------------
@I [HLS-100] Command "set_default_model dct_dct_1d2 "
@I [HLS-100] Command 'set_default_model' returned 0; elapsed 0Total elapsed time: 8.531 sec.
@I [HLS-100] Command "schedule -model dct_dct_1d2 "
@I [SCHED-11] Starting scheduling ...
@I [SCHED-61] Pipelining loop 'DCT_Inner_Loop'.
@I [SCHED-61] Pipelining result: Target II: 1, Final II: 1, Depth: 3.
@I [SCHED-11] Finished scheduling.
@I [HLS-100] Command 'schedule' returned 0; elapsed 0.018Total elapsed time: 8.549 sec.
@I [HLS-111] Elapsed time: 0.045 seconds; current memory usage: 93.2 MB.
@I [HLS-100] Command "report -o C:/training/hls/labs/improve_area/dct_prj/solution2/.autopilot/db/dct_dct_1d2.verbose.sched.rpt -verbose -f "
@I [HLS-100] Command 'report' returned 0; elapsed 0.004Total elapsed time: 8.565 sec.
@I [HLS-100] Command "db_write -o C:/training/hls/labs/improve_area/dct_prj/solution2/.autopilot/db/dct_dct_1d2.sched.adb -f "
@I [HLS-100] Command 'db_write' returned 0; elapsed 0.014Total elapsed time: 8.580 sec.
@I [HLS-0] Finish scheduling dct_dct_1d2.
@I [HLS-10] ----------------------------------------------------------------
@0 [HLS-0] ----------------------------------------------------------------
@I [HLS-10] -- Exploring micro-architecture for module 'dct_dct_1d2' 
@0 [HLS-0] -- Exploring micro-architecture for module 'dct_dct_1d2' 
@I [HLS-10] ----------------------------------------------------------------
@0 [HLS-0] ----------------------------------------------------------------
@I [HLS-100] Command "set_default_model dct_dct_1d2 "
@I [HLS-100] Command 'set_default_model' returned 0; elapsed 0Total elapsed time: 8.590 sec.
@I [HLS-100] Command "bind -model dct_dct_1d2 "
@I [BIND-110] clear=
@I [BIND-110] debug=
@I [BIND-110] drf=
@I [BIND-110] effort=
@I [BIND-110] fast_refine=
@I [BIND-110] fu_weight=[ 0.0 -- 1.0 ]
@I [BIND-110] global_opt=
@I [BIND-110] gsearch=
@I [BIND-110] help=
@I [BIND-110] help-hidden=
@I [BIND-110] min_mem_port=
@I [BIND-110] min_op=
@I [BIND-110] minreg=
@I [BIND-110] ml=
@I [BIND-110] model=dct_dct_1d2
@I [BIND-110] no_false_path=
@I [BIND-110] no_min_op=
@I [BIND-110] normalize=
@I [BIND-110] quiet=
@I [BIND-110] refine=
@I [BIND-110] reg_weight=[ 0.0 -- 1.0 ]
@I [BIND-110] search=
@I [BIND-110] tight_delay=
@I [BIND-110] verbose=
@I [BIND-110] wFF=
@I [BIND-110] wFU=
@I [BIND-110] wMUX=
@I [BIND-110] wNET=
@I [BIND-100] Starting micro-architecture generation ...
@I [BIND-101] Performing variable lifetime analysis.
@I [BIND-101] Exploring resource sharing.
@I [BIND-101] Binding ...
@I [BIND-100] Finished micro-architecture generation.
@I [HLS-100] Command 'bind' returned 0; elapsed 0.006Total elapsed time: 8.597 sec.
@I [HLS-111] Elapsed time: 0.046 seconds; current memory usage: 93.1 MB.
@I [HLS-100] Command "report -o C:/training/hls/labs/improve_area/dct_prj/solution2/.autopilot/db/dct_dct_1d2.verbose.bind.rpt -verbose -f "
@I [HLS-100] Command 'report' returned 0; elapsed 0.013Total elapsed time: 8.619 sec.
@I [HLS-100] Command "db_write -o C:/training/hls/labs/improve_area/dct_prj/solution2/.autopilot/db/dct_dct_1d2.bind.adb -f "
@I [HLS-100] Command 'db_write' returned 0; elapsed 0.018Total elapsed time: 8.638 sec.
@I [HLS-0] Finish binding dct_dct_1d2.
@I [HLS-10] ----------------------------------------------------------------
@0 [HLS-0] ----------------------------------------------------------------
@I [HLS-10] -- Scheduling module 'dct_dct_2d' 
@0 [HLS-0] -- Scheduling module 'dct_dct_2d' 
@I [HLS-10] ----------------------------------------------------------------
@0 [HLS-0] ----------------------------------------------------------------
@I [HLS-100] Command "set_default_model dct_dct_2d "
@I [HLS-100] Command 'set_default_model' returned 0; elapsed 0Total elapsed time: 8.640 sec.
@I [HLS-100] Command "schedule -model dct_dct_2d "
@I [SCHED-11] Starting scheduling ...
@I [SCHED-61] Pipelining loop 'Xpose_Row_Outer_Loop_Xpose_Row_Inner_Loop'.
@I [SCHED-61] Pipelining result: Target II: 1, Final II: 1, Depth: 2.
@I [SCHED-61] Pipelining loop 'Xpose_Col_Outer_Loop_Xpose_Col_Inner_Loop'.
@I [SCHED-61] Pipelining result: Target II: 1, Final II: 1, Depth: 2.
@I [SCHED-11] Finished scheduling.
@I [HLS-100] Command 'schedule' returned 0; elapsed 0.059Total elapsed time: 8.700 sec.
@I [HLS-111] Elapsed time: 0.106 seconds; current memory usage: 93.8 MB.
@I [HLS-100] Command "report -o C:/training/hls/labs/improve_area/dct_prj/solution2/.autopilot/db/dct_dct_2d.verbose.sched.rpt -verbose -f "
@I [HLS-100] Command 'report' returned 0; elapsed 0.009Total elapsed time: 8.725 sec.
@I [HLS-100] Command "db_write -o C:/training/hls/labs/improve_area/dct_prj/solution2/.autopilot/db/dct_dct_2d.sched.adb -f "
@I [HLS-100] Command 'db_write' returned 0; elapsed 0.02Total elapsed time: 8.746 sec.
@I [HLS-0] Finish scheduling dct_dct_2d.
@I [HLS-10] ----------------------------------------------------------------
@0 [HLS-0] ----------------------------------------------------------------
@I [HLS-10] -- Exploring micro-architecture for module 'dct_dct_2d' 
@0 [HLS-0] -- Exploring micro-architecture for module 'dct_dct_2d' 
@I [HLS-10] ----------------------------------------------------------------
@0 [HLS-0] ----------------------------------------------------------------
@I [HLS-100] Command "set_default_model dct_dct_2d "
@I [HLS-100] Command 'set_default_model' returned 0; elapsed 0Total elapsed time: 8.758 sec.
@I [HLS-100] Command "bind -model dct_dct_2d "
@I [BIND-110] clear=
@I [BIND-110] debug=
@I [BIND-110] drf=
@I [BIND-110] effort=
@I [BIND-110] fast_refine=
@I [BIND-110] fu_weight=[ 0.0 -- 1.0 ]
@I [BIND-110] global_opt=
@I [BIND-110] gsearch=
@I [BIND-110] help=
@I [BIND-110] help-hidden=
@I [BIND-110] min_mem_port=
@I [BIND-110] min_op=
@I [BIND-110] minreg=
@I [BIND-110] ml=
@I [BIND-110] model=dct_dct_2d
@I [BIND-110] no_false_path=
@I [BIND-110] no_min_op=
@I [BIND-110] normalize=
@I [BIND-110] quiet=
@I [BIND-110] refine=
@I [BIND-110] reg_weight=[ 0.0 -- 1.0 ]
@I [BIND-110] search=
@I [BIND-110] tight_delay=
@I [BIND-110] verbose=
@I [BIND-110] wFF=
@I [BIND-110] wFU=
@I [BIND-110] wMUX=
@I [BIND-110] wNET=
@I [BIND-100] Starting micro-architecture generation ...
@I [BIND-101] Performing variable lifetime analysis.
@I [BIND-101] Exploring resource sharing.
@I [BIND-101] Binding ...
@I [BIND-100] Finished micro-architecture generation.
@I [HLS-100] Command 'bind' returned 0; elapsed 0.02Total elapsed time: 8.779 sec.
@I [HLS-111] Elapsed time: 0.076 seconds; current memory usage: 93.9 MB.
@I [HLS-100] Command "report -o C:/training/hls/labs/improve_area/dct_prj/solution2/.autopilot/db/dct_dct_2d.verbose.bind.rpt -verbose -f "
@I [HLS-100] Command 'report' returned 0; elapsed 0.042Total elapsed time: 8.832 sec.
@I [HLS-100] Command "db_write -o C:/training/hls/labs/improve_area/dct_prj/solution2/.autopilot/db/dct_dct_2d.bind.adb -f "
@I [HLS-100] Command 'db_write' returned 0; elapsed 0.027Total elapsed time: 8.860 sec.
@I [HLS-0] Finish binding dct_dct_2d.
@I [HLS-10] ----------------------------------------------------------------
@0 [HLS-0] ----------------------------------------------------------------
@I [HLS-10] -- Scheduling module 'dct' 
@0 [HLS-0] -- Scheduling module 'dct' 
@I [HLS-10] ----------------------------------------------------------------
@0 [HLS-0] ----------------------------------------------------------------
@I [HLS-100] Command "set_default_model dct "
@I [HLS-100] Command 'set_default_model' returned 0; elapsed 0Total elapsed time: 8.862 sec.
@I [HLS-100] Command "schedule -model dct "
@I [SCHED-11] Starting scheduling ...
@I [SCHED-61] Pipelining loop 'RD_Loop_Row_RD_Loop_Col'.
@I [SCHED-61] Pipelining result: Target II: 1, Final II: 1, Depth: 2.
@I [SCHED-61] Pipelining loop 'WR_Loop_Row_WR_Loop_Col'.
@I [SCHED-61] Pipelining result: Target II: 1, Final II: 1, Depth: 2.
@I [SCHED-11] Finished scheduling.
@I [HLS-100] Command 'schedule' returned 0; elapsed 0.042Total elapsed time: 8.904 sec.
@I [HLS-111] Elapsed time: 0.123 seconds; current memory usage: 94.4 MB.
@I [HLS-100] Command "report -o C:/training/hls/labs/improve_area/dct_prj/solution2/.autopilot/db/dct.verbose.sched.rpt -verbose -f "
@I [HLS-100] Command 'report' returned 0; elapsed 0.007Total elapsed time: 8.929 sec.
@I [HLS-100] Command "db_write -o C:/training/hls/labs/improve_area/dct_prj/solution2/.autopilot/db/dct.sched.adb -f "
@I [HLS-100] Command 'db_write' returned 0; elapsed 0.018Total elapsed time: 8.948 sec.
@I [HLS-0] Finish scheduling dct.
@I [HLS-10] ----------------------------------------------------------------
@0 [HLS-0] ----------------------------------------------------------------
@I [HLS-10] -- Exploring micro-architecture for module 'dct' 
@0 [HLS-0] -- Exploring micro-architecture for module 'dct' 
@I [HLS-10] ----------------------------------------------------------------
@0 [HLS-0] ----------------------------------------------------------------
@I [HLS-100] Command "set_default_model dct "
@I [HLS-100] Command 'set_default_model' returned 0; elapsed 0Total elapsed time: 8.953 sec.
@I [HLS-100] Command "bind -model dct "
@I [BIND-110] clear=
@I [BIND-110] debug=
@I [BIND-110] drf=
@I [BIND-110] effort=
@I [BIND-110] fast_refine=
@I [BIND-110] fu_weight=[ 0.0 -- 1.0 ]
@I [BIND-110] global_opt=
@I [BIND-110] gsearch=
@I [BIND-110] help=
@I [BIND-110] help-hidden=
@I [BIND-110] min_mem_port=
@I [BIND-110] min_op=
@I [BIND-110] minreg=
@I [BIND-110] ml=
@I [BIND-110] model=dct
@I [BIND-110] no_false_path=
@I [BIND-110] no_min_op=
@I [BIND-110] normalize=
@I [BIND-110] quiet=
@I [BIND-110] refine=
@I [BIND-110] reg_weight=[ 0.0 -- 1.0 ]
@I [BIND-110] search=
@I [BIND-110] tight_delay=
@I [BIND-110] verbose=
@I [BIND-110] wFF=
@I [BIND-110] wFU=
@I [BIND-110] wMUX=
@I [BIND-110] wNET=
@I [BIND-100] Starting micro-architecture generation ...
@I [BIND-101] Performing variable lifetime analysis.
@I [BIND-101] Exploring resource sharing.
@I [BIND-101] Binding ...
@I [BIND-100] Finished micro-architecture generation.
@I [HLS-100] Command 'bind' returned 0; elapsed 0.02Total elapsed time: 8.974 sec.
@I [HLS-111] Elapsed time: 0.069 seconds; current memory usage: 94.5 MB.
@I [HLS-100] Command "report -o C:/training/hls/labs/improve_area/dct_prj/solution2/.autopilot/db/dct.verbose.bind.rpt -verbose -f "
@I [HLS-100] Command 'report' returned 0; elapsed 0.059Total elapsed time: 9.43 sec.
@I [HLS-100] Command "db_write -o C:/training/hls/labs/improve_area/dct_prj/solution2/.autopilot/db/dct.bind.adb -f "
@I [HLS-100] Command 'db_write' returned 0; elapsed 0.017Total elapsed time: 9.62 sec.
@I [HLS-0] Finish binding dct.
@I [HLS-100] Command "get_model_list dct -filter all-wo-channel "
@I [HLS-100] Command 'get_model_list' returned 0; elapsed 0Total elapsed time: 9.63 sec.
@I [HLS-0] Preprocessing for RTLGen ...
@I [HLS-100] Command "rtl_gen_preprocess dct_dct_1d2 "
@I [HLS-100] Command 'rtl_gen_preprocess' returned 0; elapsed 0.001Total elapsed time: 9.64 sec.
@I [HLS-100] Command "rtl_gen_preprocess dct_dct_2d "
@I [HLS-100] Command 'rtl_gen_preprocess' returned 0; elapsed 0Total elapsed time: 9.64 sec.
@I [HLS-100] Command "rtl_gen_preprocess dct "
@I [HLS-100] Command 'rtl_gen_preprocess' returned 0; elapsed 0Total elapsed time: 9.65 sec.
@I [HLS-0] Model list for RTL generation: dct_dct_1d2 dct_dct_2d dct
@I [HLS-10] ----------------------------------------------------------------
@0 [HLS-0] ----------------------------------------------------------------
@I [HLS-10] -- Generating RTL for module 'dct_dct_1d2' 
@0 [HLS-0] -- Generating RTL for module 'dct_dct_1d2' 
@I [HLS-10] ----------------------------------------------------------------
@0 [HLS-0] ----------------------------------------------------------------
@I [HLS-100] Command "create_rtl_model dct_dct_1d2 -vendor xilinx -mg_file C:/training/hls/labs/improve_area/dct_prj/solution2/.autopilot/db/dct_dct_1d2.compgen.tcl "
@I [RTGEN-100] Generating core module 'dct_mac_muladd_15s_16s_32ns_32_1': 1 instance(s).
@I [RTGEN-100] Finished creating RTL model for 'dct_dct_1d2'.
@I [HLS-100] Command 'create_rtl_model' returned 0; elapsed 0.01Total elapsed time: 9.88 sec.
@I [HLS-111] Elapsed time: 0.112 seconds; current memory usage: 94.4 MB.
@I [HLS-100] Command "source C:/training/hls/labs/improve_area/dct_prj/solution2/.autopilot/db/dct.rtl_wrap.cfg.tcl "
@I [HLS-100] Command 'ap_source' returned 0; elapsed 0.001Total elapsed time: 9.104 sec.
@I [HLS-100] Command "gen_rtl dct_dct_1d2 -style xilinx -tracefl mytrace -tracefmt vcd -traceopt all -f -lang sc -o C:/training/hls/labs/improve_area/dct_prj/solution2/syn/systemc/dct_dct_1d2 -synmodules dct_dct_1d2 dct_dct_2d dct "
@I [HLS-100] Command 'gen_rtl' returned 0; elapsed 0.003Total elapsed time: 9.109 sec.
@I [HLS-100] Command "gen_rtl dct_dct_1d2 -style xilinx -f -lang vhdl -o C:/training/hls/labs/improve_area/dct_prj/solution2/syn/vhdl/dct_dct_1d2 "
@I [HLS-100] Command 'gen_rtl' returned 0; elapsed 0.003Total elapsed time: 9.114 sec.
@I [HLS-100] Command "gen_rtl dct_dct_1d2 -style xilinx -f -lang vlog -o C:/training/hls/labs/improve_area/dct_prj/solution2/syn/verilog/dct_dct_1d2 "
@I [HLS-100] Command 'gen_rtl' returned 0; elapsed 0.005Total elapsed time: 9.120 sec.
@I [HLS-100] Command "gen_tb_info dct_dct_1d2 -o C:/training/hls/labs/improve_area/dct_prj/solution2/.autopilot/db/dct_dct_1d2 -p C:/training/hls/labs/improve_area/dct_prj/solution2/.autopilot/db "
@I [HLS-100] Command 'gen_tb_info' returned 0; elapsed 0.006Total elapsed time: 9.128 sec.
@I [HLS-100] Command "report -model dct_dct_1d2 -o C:/training/hls/labs/improve_area/dct_prj/solution2/syn/report/dct_dct_1d2_csynth.rpt -f "
@I [HLS-100] Command 'report' returned 0; elapsed 0.007Total elapsed time: 9.136 sec.
@I [HLS-100] Command "report -model dct_dct_1d2 -o C:/training/hls/labs/improve_area/dct_prj/solution2/syn/report/dct_dct_1d2_csynth.xml -f -x "
@I [HLS-100] Command 'report' returned 0; elapsed 0.005Total elapsed time: 9.143 sec.
@I [HLS-100] Command "report -model dct_dct_1d2 -o C:/training/hls/labs/improve_area/dct_prj/solution2/.autopilot/db/dct_dct_1d2.verbose.rpt -verbose -f "
@I [HLS-100] Command 'report' returned 0; elapsed 0.019Total elapsed time: 9.163 sec.
@I [HLS-100] Command "db_write -model dct_dct_1d2 -o C:/training/hls/labs/improve_area/dct_prj/solution2/.autopilot/db/dct_dct_1d2.adb -f "
@I [HLS-100] Command 'db_write' returned 0; elapsed 0.024Total elapsed time: 9.188 sec.
@I [HLS-10] ----------------------------------------------------------------
@0 [HLS-0] ----------------------------------------------------------------
@I [HLS-10] -- Generating RTL for module 'dct_dct_2d' 
@0 [HLS-0] -- Generating RTL for module 'dct_dct_2d' 
@I [HLS-10] ----------------------------------------------------------------
@0 [HLS-0] ----------------------------------------------------------------
@I [HLS-100] Command "create_rtl_model dct_dct_2d -vendor xilinx -mg_file C:/training/hls/labs/improve_area/dct_prj/solution2/.autopilot/db/dct_dct_2d.compgen.tcl "
@I [RTGEN-100] Finished creating RTL model for 'dct_dct_2d'.
@I [HLS-100] Command 'create_rtl_model' returned 0; elapsed 0.025Total elapsed time: 9.303 sec.
@I [HLS-111] Elapsed time: 0.215 seconds; current memory usage: 94.4 MB.
@I [HLS-100] Command "source C:/training/hls/labs/improve_area/dct_prj/solution2/.autopilot/db/dct.rtl_wrap.cfg.tcl "
@I [HLS-100] Command 'ap_source' returned 0; elapsed 0.001Total elapsed time: 9.314 sec.
@I [HLS-100] Command "gen_rtl dct_dct_2d -style xilinx -tracefl mytrace -tracefmt vcd -traceopt all -f -lang sc -o C:/training/hls/labs/improve_area/dct_prj/solution2/syn/systemc/dct_dct_2d -synmodules dct_dct_1d2 dct_dct_2d dct "
@I [HLS-100] Command 'gen_rtl' returned 0; elapsed 0.004Total elapsed time: 9.320 sec.
@I [HLS-100] Command "gen_rtl dct_dct_2d -style xilinx -f -lang vhdl -o C:/training/hls/labs/improve_area/dct_prj/solution2/syn/vhdl/dct_dct_2d "
@I [HLS-100] Command 'gen_rtl' returned 0; elapsed 0.002Total elapsed time: 9.324 sec.
@I [HLS-100] Command "gen_rtl dct_dct_2d -style xilinx -f -lang vlog -o C:/training/hls/labs/improve_area/dct_prj/solution2/syn/verilog/dct_dct_2d "
@I [HLS-100] Command 'gen_rtl' returned 0; elapsed 0.004Total elapsed time: 9.329 sec.
@I [HLS-100] Command "gen_tb_info dct_dct_2d -o C:/training/hls/labs/improve_area/dct_prj/solution2/.autopilot/db/dct_dct_2d -p C:/training/hls/labs/improve_area/dct_prj/solution2/.autopilot/db "
@I [HLS-100] Command 'gen_tb_info' returned 0; elapsed 0.015Total elapsed time: 9.345 sec.
@I [HLS-100] Command "report -model dct_dct_2d -o C:/training/hls/labs/improve_area/dct_prj/solution2/syn/report/dct_dct_2d_csynth.rpt -f "
@I [HLS-100] Command 'report' returned 0; elapsed 0.009Total elapsed time: 9.355 sec.
@I [HLS-100] Command "report -model dct_dct_2d -o C:/training/hls/labs/improve_area/dct_prj/solution2/syn/report/dct_dct_2d_csynth.xml -f -x "
@I [HLS-100] Command 'report' returned 0; elapsed 0.007Total elapsed time: 9.362 sec.
@I [HLS-100] Command "report -model dct_dct_2d -o C:/training/hls/labs/improve_area/dct_prj/solution2/.autopilot/db/dct_dct_2d.verbose.rpt -verbose -f "
@I [HLS-100] Command 'report' returned 0; elapsed 0.029Total elapsed time: 9.392 sec.
@I [HLS-100] Command "db_write -model dct_dct_2d -o C:/training/hls/labs/improve_area/dct_prj/solution2/.autopilot/db/dct_dct_2d.adb -f "
@I [HLS-100] Command 'db_write' returned 0; elapsed 0.024Total elapsed time: 9.417 sec.
@I [HLS-10] ----------------------------------------------------------------
@0 [HLS-0] ----------------------------------------------------------------
@I [HLS-10] -- Generating RTL for module 'dct' 
@0 [HLS-0] -- Generating RTL for module 'dct' 
@I [HLS-10] ----------------------------------------------------------------
@0 [HLS-0] ----------------------------------------------------------------
@I [HLS-100] Command "create_rtl_model dct -vendor xilinx -mg_file C:/training/hls/labs/improve_area/dct_prj/solution2/.autopilot/db/dct.compgen.tcl "
@I [RTGEN-500] Setting interface mode on port 'dct/input_r' to 'ap_memory'.
@I [RTGEN-500] Setting interface mode on port 'dct/output_r' to 'ap_memory'.
@I [RTGEN-500] Setting interface mode on function 'dct' to 'ap_ctrl_hs'.
@I [RTGEN-100] Finished creating RTL model for 'dct'.
@I [HLS-100] Command 'create_rtl_model' returned 0; elapsed 0.016Total elapsed time: 9.522 sec.
@I [HLS-111] Elapsed time: 0.218 seconds; current memory usage: 95 MB.
@I [HLS-100] Command "source C:/training/hls/labs/improve_area/dct_prj/solution2/.autopilot/db/dct.rtl_wrap.cfg.tcl "
@I [HLS-100] Command 'ap_source' returned 0; elapsed 0.002Total elapsed time: 9.532 sec.
@I [HLS-100] Command "gen_rtl dct -istop -style xilinx -tracefl mytrace -tracefmt vcd -traceopt all -f -lang sc -o C:/training/hls/labs/improve_area/dct_prj/solution2/syn/systemc/dct -synmodules dct_dct_1d2 dct_dct_2d dct "
@I [HLS-100] Command 'gen_rtl' returned 0; elapsed 0.005Total elapsed time: 9.537 sec.
@I [HLS-100] Command "gen_rtl dct -istop -style xilinx -f -lang vhdl -o C:/training/hls/labs/improve_area/dct_prj/solution2/syn/vhdl/dct "
@I [HLS-100] Command 'gen_rtl' returned 0; elapsed 0.011Total elapsed time: 9.548 sec.
@I [HLS-100] Command "gen_rtl dct -istop -style xilinx -f -lang vlog -o C:/training/hls/labs/improve_area/dct_prj/solution2/syn/verilog/dct "
@I [HLS-100] Command 'gen_rtl' returned 0; elapsed 0.007Total elapsed time: 9.555 sec.
@I [HLS-100] Command "export_constraint_db -o C:/training/hls/labs/improve_area/dct_prj/solution2/.autopilot/db/dct.constraint.tcl -f -tool general "
@I [HLS-100] Command 'export_constraint_db' returned 0; elapsed 0Total elapsed time: 9.557 sec.
@I [HLS-100] Command "report -model dct -o C:/training/hls/labs/improve_area/dct_prj/solution2/.autopilot/db/dct.design.xml -verbose -f -dv "
@I [HLS-100] Command 'report' returned 0; elapsed 0.025Total elapsed time: 9.583 sec.
@I [HLS-100] Command "report -model dct -o C:/training/hls/labs/improve_area/dct_prj/solution2/.autopilot/db/dct.sdaccel.xml -verbose -f -sdaccel "
@I [HLS-100] Command 'report' returned 0; elapsed 0.02Total elapsed time: 9.605 sec.
@I [HLS-100] Command "gen_tb_info dct -o C:/training/hls/labs/improve_area/dct_prj/solution2/.autopilot/db/dct -p C:/training/hls/labs/improve_area/dct_prj/solution2/.autopilot/db "
@I [HLS-100] Command 'gen_tb_info' returned 0; elapsed 0.006Total elapsed time: 9.612 sec.
@I [HLS-100] Command "report -model dct -o C:/training/hls/labs/improve_area/dct_prj/solution2/syn/report/dct_csynth.rpt -f "
@I [HLS-100] Command 'report' returned 0; elapsed 0.009Total elapsed time: 9.622 sec.
@I [HLS-100] Command "report -model dct -o C:/training/hls/labs/improve_area/dct_prj/solution2/syn/report/dct_csynth.xml -f -x "
@I [HLS-100] Command 'report' returned 0; elapsed 0.006Total elapsed time: 9.629 sec.
@I [HLS-100] Command "report -model dct -o C:/training/hls/labs/improve_area/dct_prj/solution2/.autopilot/db/dct.verbose.rpt -verbose -f "
@I [HLS-100] Command 'report' returned 0; elapsed 0.034Total elapsed time: 9.664 sec.
@I [HLS-100] Command "db_write -model dct -o C:/training/hls/labs/improve_area/dct_prj/solution2/.autopilot/db/dct.adb -f "
@I [HLS-100] Command 'db_write' returned 0; elapsed 0.021Total elapsed time: 9.686 sec.
@I [HLS-100] Command "sc_get_clocks dct "
@I [HLS-100] Command 'sc_get_clocks' returned 0; elapsed 0Total elapsed time: 9.756 sec.
@I [HLS-100] Command "sc_get_portdomain dct "
@I [HLS-100] Command 'sc_get_portdomain' returned 0; elapsed 0Total elapsed time: 9.757 sec.
@I [HLS-0] Model list for RTL component generation: dct_dct_1d2 dct_dct_2d dct
@I [HLS-0] Handling components in module [dct_dct_1d2] ... 
@I [HLS-100] Command "source C:/training/hls/labs/improve_area/dct_prj/solution2/.autopilot/db/dct_dct_1d2.compgen.tcl "
@I [HLS-0] Found component dct_mac_muladd_15s_16s_32ns_32_1.
@I [HLS-0] Append model dct_mac_muladd_15s_16s_32ns_32_1
@I [HLS-0] Found component dct_dct_1d2_dct_coeff_table.
@I [HLS-0] Append model dct_dct_1d2_dct_coeff_table
@I [HLS-100] Command 'ap_source' returned 0; elapsed 0.007Total elapsed time: 9.782 sec.
@I [HLS-0] Handling components in module [dct_dct_2d] ... 
@I [HLS-100] Command "source C:/training/hls/labs/improve_area/dct_prj/solution2/.autopilot/db/dct_dct_2d.compgen.tcl "
@I [HLS-0] Found component dct_dct_2d_row_outbuf.
@I [HLS-0] Append model dct_dct_2d_row_outbuf
@I [HLS-100] Command 'ap_source' returned 0; elapsed 0.007Total elapsed time: 9.793 sec.
@I [HLS-0] Handling components in module [dct] ... 
@I [HLS-100] Command "source C:/training/hls/labs/improve_area/dct_prj/solution2/.autopilot/db/dct.compgen.tcl "
@I [HLS-100] Command 'ap_source' returned 0; elapsed 0.007Total elapsed time: 9.803 sec.
@I [HLS-0] Append model dct_dct_1d2
@I [HLS-0] Append model dct_dct_2d
@I [HLS-0] Append model dct
@I [HLS-0] Generating RTL model list ...
@I [HLS-0] All models in this session: dct_mac_muladd_15s_16s_32ns_32_1 dct_dct_1d2_dct_coeff_table dct_dct_2d_row_outbuf dct_dct_1d2 dct_dct_2d dct
@I [HLS-0] To file: write model dct_mac_muladd_15s_16s_32ns_32_1
@I [HLS-0] To file: write model dct_dct_1d2_dct_coeff_table
@I [HLS-0] To file: write model dct_dct_2d_row_outbuf
@I [HLS-0] To file: write model dct_dct_1d2
@I [HLS-0] To file: write model dct_dct_2d
@I [HLS-0] To file: write model dct
@I [HLS-0] Finished generating RTL model list.


@I [HLS-0] RTL Generation done.
@I [HLS-0] CAS Generation done.
@I [HLS-0] CBC Generation done.
@I [HLS-100] Command "export_ssdm C:/training/hls/labs/improve_area/dct_prj/solution2/.autopilot/db/a.export.ll "
@I [HLS-100] Command 'export_ssdm' returned 0; elapsed 0.001Total elapsed time: 9.813 sec.
@I [HLS-100] Command "source C:/training/hls/labs/improve_area/dct_prj/solution2/.autopilot/db/global.setting.tcl "
@I [HLS-100] Command 'ap_source' returned 0; elapsed 0.001Total elapsed time: 9.823 sec.
@I [HLS-100] Command "source C:/Xilinx/Vivado_HLS/2016.1/common/technology/generic/autopilot/common.gen "
@I [HLS-100] Command "source C:/Xilinx/Vivado_HLS/2016.1/common/technology/generic/autopilot/APCoreGen.gen "
@I [HLS-100] Command 'ap_source' returned 0; elapsed 0.005Total elapsed time: 9.834 sec.
@I [HLS-100] Command 'ap_source' returned 0; elapsed 0.01Total elapsed time: 9.835 sec.
@I [HLS-100] Command "source C:/Xilinx/Vivado_HLS/2016.1/common/technology/generic/autopilot/op.gen "
@I [HLS-100] Command 'ap_source' returned 0; elapsed 0.005Total elapsed time: 9.841 sec.
@I [HLS-100] Command "source C:/Xilinx/Vivado_HLS/2016.1/common/technology/generic/autopilot/op_simcore.gen "
@I [HLS-100] Command 'ap_source' returned 0; elapsed 0.005Total elapsed time: 9.847 sec.
@I [HLS-100] Command "source C:/Xilinx/Vivado_HLS/2016.1/common/technology/generic/autopilot/interface.gen "
@I [HLS-100] Command 'ap_source' returned 0; elapsed 0.004Total elapsed time: 9.852 sec.
@I [HLS-100] Command "source C:/training/hls/labs/improve_area/dct_prj/solution2/.autopilot/db/global.setting.tcl "
@I [HLS-100] Command 'ap_source' returned 0; elapsed 0.002Total elapsed time: 9.854 sec.
@I [HLS-100] Command "source C:/Xilinx/Vivado_HLS/2016.1/common/technology/xilinx/zynq/zynq.gen "
@I [HLS-100] Command "source C:/Xilinx/Vivado_HLS/2016.1/common/technology/xilinx/common/virtex.gen "
@I [HLS-100] Command "source C:/Xilinx/Vivado_HLS/2016.1/common/technology/xilinx/common/xilinx.gen "
@I [HLS-100] Command "source C:/Xilinx/Vivado_HLS/2016.1/common/technology/xilinx/interface/plb46.gen "
@I [HLS-100] Command 'ap_source' returned 0; elapsed 0.002Total elapsed time: 9.857 sec.
@I [HLS-100] Command "source C:/Xilinx/Vivado_HLS/2016.1/common/technology/xilinx/interface/fsl.gen "
@I [HLS-100] Command 'ap_source' returned 0; elapsed 0.001Total elapsed time: 9.858 sec.
@I [HLS-100] Command "source C:/Xilinx/Vivado_HLS/2016.1/common/technology/xilinx/interface/axi4.gen "
@I [HLS-100] Command 'ap_source' returned 0; elapsed 0.002Total elapsed time: 9.860 sec.
@I [HLS-100] Command "source C:/Xilinx/Vivado_HLS/2016.1/common/technology/xilinx/interface/nativeAXI4.gen "
@I [HLS-100] Command "source C:/Xilinx/Vivado_HLS/2016.1/common/technology/xilinx/interface/saxilite.gen "
@I [HLS-100] Command 'ap_source' returned 0; elapsed 0.004Total elapsed time: 9.865 sec.
@I [HLS-100] Command "source C:/Xilinx/Vivado_HLS/2016.1/common/technology/xilinx/interface/maxi.gen "
@I [HLS-100] Command 'ap_source' returned 0; elapsed 0.01Total elapsed time: 9.875 sec.
@I [HLS-100] Command 'ap_source' returned 0; elapsed 0.014Total elapsed time: 9.875 sec.
@I [HLS-100] Command "source C:/Xilinx/Vivado_HLS/2016.1/common/technology/xilinx/scripts/xilinxcoregen.gen "
@I [HLS-100] Command 'ap_source' returned 0; elapsed 0.009Total elapsed time: 9.885 sec.
@I [HLS-100] Command "source C:/Xilinx/Vivado_HLS/2016.1/common/technology/xilinx/interface/XilEDKCoreGen.gen "
@I [HLS-100] Command 'ap_source' returned 0; elapsed 0.012Total elapsed time: 9.897 sec.
@I [HLS-100] Command "source C:/Xilinx/Vivado_HLS/2016.1/common/technology/xilinx/ip/dds_compiler.gen "
@I [HLS-100] Command 'ap_source' returned 0; elapsed 0.004Total elapsed time: 9.902 sec.
@I [HLS-100] Command "source C:/Xilinx/Vivado_HLS/2016.1/common/technology/xilinx/ip/util.gen "
@I [HLS-100] Command 'ap_source' returned 0; elapsed 0Total elapsed time: 9.903 sec.
@I [HLS-100] Command "source C:/Xilinx/Vivado_HLS/2016.1/common/technology/xilinx/ip/xfft.gen "
@I [HLS-100] Command 'ap_source' returned 0; elapsed 0.154Total elapsed time: 10.57 sec.
@I [HLS-100] Command "source C:/Xilinx/Vivado_HLS/2016.1/common/technology/xilinx/ip/xfir.gen "
@I [HLS-100] Command 'ap_source' returned 0; elapsed 0.001Total elapsed time: 10.60 sec.
@I [HLS-100] Command 'ap_source' returned 0; elapsed 0.206Total elapsed time: 10.61 sec.
@I [HLS-100] Command "source C:/Xilinx/Vivado_HLS/2016.1/common/technology/xilinx/common/dsp48.gen "
@I [HLS-100] Command 'ap_source' returned 0; elapsed 0Total elapsed time: 10.63 sec.
@I [HLS-100] Command 'ap_source' returned 0; elapsed 0.21Total elapsed time: 10.64 sec.
@I [HLS-100] Command 'ap_source' returned 0; elapsed 0.211Total elapsed time: 10.65 sec.
@I [HLS-100] Command "source C:/Xilinx/Vivado_HLS/2016.1/common/technology/xilinx/zynq/zynq_fpv6.gen "
@I [HLS-100] Command "source C:/Xilinx/Vivado_HLS/2016.1/common/technology/xilinx/common/xilinx_fpv6.gen "
@I [HLS-100] Command 'ap_source' returned 0; elapsed 0.002Total elapsed time: 10.68 sec.
@I [HLS-100] Command 'ap_source' returned 0; elapsed 0.004Total elapsed time: 10.69 sec.
@I [HLS-100] Command "source C:/training/hls/labs/improve_area/dct_prj/solution2/.autopilot/db/global.setting.tcl "
@I [HLS-100] Command 'ap_source' returned 0; elapsed 0.001Total elapsed time: 10.83 sec.
@I [HLS-100] Command "source C:/training/hls/labs/improve_area/dct_prj/solution2/.autopilot/db/global.setting.tcl "
@I [HLS-100] Command 'ap_source' returned 0; elapsed 0.001Total elapsed time: 10.86 sec.
@I [HLS-100] Command "source C:/training/hls/labs/improve_area/dct_prj/solution2/.autopilot/db/global.setting.tcl "
@I [HLS-100] Command 'ap_source' returned 0; elapsed 0.002Total elapsed time: 10.89 sec.
@I [HLS-100] Command "source C:/training/hls/labs/improve_area/dct_prj/solution2/.autopilot/db/global.setting.tcl "
@I [HLS-100] Command 'ap_source' returned 0; elapsed 0.001Total elapsed time: 10.91 sec.
@I [HLS-100] Command "source C:/training/hls/labs/improve_area/dct_prj/solution2/.autopilot/db/dct_dct_1d2.compgen.tcl "
@I [RTMG-279] Implementing memory 'dct_dct_1d2_dct_coeff_table_rom' using distributed ROMs.
@I [HLS-100] Command 'ap_source' returned 0; elapsed 0.093Total elapsed time: 10.192 sec.
@I [HLS-100] Command "source C:/training/hls/labs/improve_area/dct_prj/solution2/.autopilot/db/dct_dct_2d.compgen.tcl "
@I [RTMG-278] Implementing memory 'dct_dct_2d_row_outbuf_ram' using block RAMs.
@I [HLS-100] Command 'ap_source' returned 0; elapsed 0.035Total elapsed time: 10.229 sec.
@I [HLS-100] Command "source C:/training/hls/labs/improve_area/dct_prj/solution2/.autopilot/db/dct.compgen.tcl "
@I [HLS-100] Command 'ap_source' returned 0; elapsed 0.002Total elapsed time: 10.232 sec.
@I [HLS-10] Finished generating all RTL models.
@0 [HLS-0] Finished generating all RTL models.
@I [SYSC-301] Generating SystemC RTL for dct.
@I [VHDL-304] Generating VHDL RTL for dct.
@I [VLOG-307] Generating Verilog RTL for dct.
@I [HLS-100] Command 'autosyn' returned 0; elapsed 1.949Total elapsed time: 10.461 sec.
@I [HLS-100] Command 'csynth_design' returned 0; elapsed 7.143Total elapsed time: 10.462 sec.
@I [HLS-100] Command 'ap_source' returned 0; elapsed 7.863Total elapsed time: 10.463 sec.
@I [HLS-100] Command "cleanup_all "
@I [HLS-100] Command 'cleanup_all' returned 0; elapsed 0.006Total elapsed time: 10.469 sec.
