

================================================================
== Vivado HLS Report for 'dct_Loop_Xpose_Col_Outer_Loop_proc'
================================================================
* Date:           Mon Jun 13 12:21:56 2016

* Version:        2016.1 (Build 1538259 on Fri Apr 08 16:12:49 MDT 2016)
* Project:        dct_prj
* Solution:       solution7
* Product family: zynq
* Target device:  xc7z020clg484-1


================================================================
== Performance Estimates
================================================================
+ Timing (ns): 
    * Summary: 
    +--------+-------+----------+------------+
    |  Clock | Target| Estimated| Uncertainty|
    +--------+-------+----------+------------+
    |ap_clk  |  10.00|      7.68|        1.25|
    +--------+-------+----------+------------+

+ Latency (clock cycles): 
    * Summary: 
    +-----+-----+-----+-----+---------+
    |  Latency  |  Interval | Pipeline|
    | min | max | min | max |   Type  |
    +-----+-----+-----+-----+---------+
    |   66|   66|   66|   66|   none  |
    +-----+-----+-----+-----+---------+

    + Detail: 
        * Instance: 
        N/A

        * Loop: 
        +---------------------------------------------+-----+-----+----------+-----------+-----------+------+----------+
        |                                             |  Latency  | Iteration|  Initiation Interval  | Trip |          |
        |                  Loop Name                  | min | max |  Latency |  achieved |   target  | Count| Pipelined|
        +---------------------------------------------+-----+-----+----------+-----------+-----------+------+----------+
        |- Xpose_Col_Outer_Loop_Xpose_Col_Inner_Loop  |   64|   64|         2|          1|          1|    64|    yes   |
        +---------------------------------------------+-----+-----+----------+-----------+-----------+------+----------+



================================================================
== Utilization Estimates
================================================================
* Summary: 
+-----------------+---------+-------+--------+-------+
|       Name      | BRAM_18K| DSP48E|   FF   |  LUT  |
+-----------------+---------+-------+--------+-------+
|DSP              |        -|      -|       -|      -|
|Expression       |        -|      -|       0|     45|
|FIFO             |        -|      -|       -|      -|
|Instance         |        -|      -|       -|      -|
|Memory           |        -|      -|       -|      -|
|Multiplexer      |        -|      -|       -|     20|
|Register         |        -|      -|      30|      -|
+-----------------+---------+-------+--------+-------+
|Total            |        0|      0|      30|     65|
+-----------------+---------+-------+--------+-------+
|Available        |      280|    220|  106400|  53200|
+-----------------+---------+-------+--------+-------+
|Utilization (%)  |        0|      0|   ~0   |   ~0  |
+-----------------+---------+-------+--------+-------+

+ Detail: 
    * Instance: 
    N/A

    * DSP48: 
    N/A

    * Memory: 
    N/A

    * FIFO: 
    N/A

    * Expression: 
    +-------------------------------+----------+-------+---+----+------------+------------+
    |         Variable Name         | Operation| DSP48E| FF| LUT| Bitwidth P0| Bitwidth P1|
    +-------------------------------+----------+-------+---+----+------------+------------+
    |i_fu_171_p2                    |     +    |      0|  0|   4|           4|           1|
    |indvar_flatten_next_fu_110_p2  |     +    |      0|  0|   7|           7|           1|
    |j_fu_116_p2                    |     +    |      0|  0|   4|           4|           1|
    |tmp_1_fu_160_p2                |     +    |      0|  0|   8|           8|           8|
    |tmp_2_fu_191_p2                |     +    |      0|  0|   8|           8|           8|
    |exitcond_flatten_fu_104_p2     |   icmp   |      0|  0|   3|           7|           8|
    |exitcond_i2_fu_122_p2          |   icmp   |      0|  0|   2|           4|           5|
    |ap_sig_78                      |    or    |      0|  0|   1|           1|           1|
    |i_3_i_mid2_fu_128_p3           |  select  |      0|  0|   4|           1|           1|
    |tmp_1_mid2_v_fu_136_p3         |  select  |      0|  0|   4|           1|           4|
    +-------------------------------+----------+-------+---+----+------------+------------+
    |Total                          |          |      0|  0|  45|          45|          38|
    +-------------------------------+----------+-------+---+----+------------+------------+

    * Multiplexer: 
    +-----------------------+----+-----------+-----+-----------+
    |          Name         | LUT| Input Size| Bits| Total Bits|
    +-----------------------+----+-----------+-----+-----------+
    |ap_NS_fsm              |   1|          4|    1|          4|
    |i_3_i_reg_93           |   4|          2|    4|          8|
    |indvar_flatten_reg_71  |   7|          2|    7|         14|
    |j_1_i_phi_fu_86_p4     |   4|          2|    4|          8|
    |j_1_i_reg_82           |   4|          2|    4|          8|
    +-----------------------+----+-----------+-----+-----------+
    |Total                  |  20|         12|   20|         42|
    +-----------------------+----+-----------+-----+-----------+

    * Register: 
    +--------------------------+---+----+-----+-----------+
    |           Name           | FF| LUT| Bits| Const Bits|
    +--------------------------+---+----+-----+-----------+
    |ap_CS_fsm                 |  3|   0|    3|          0|
    |ap_done_reg               |  1|   0|    1|          0|
    |ap_reg_ppiten_pp0_it0     |  1|   0|    1|          0|
    |ap_reg_ppiten_pp0_it1     |  1|   0|    1|          0|
    |exitcond_flatten_reg_202  |  1|   0|    1|          0|
    |i_3_i_mid2_reg_211        |  4|   0|    4|          0|
    |i_3_i_reg_93              |  4|   0|    4|          0|
    |indvar_flatten_reg_71     |  7|   0|    7|          0|
    |j_1_i_reg_82              |  4|   0|    4|          0|
    |tmp_1_mid2_v_reg_216      |  4|   0|    4|          0|
    +--------------------------+---+----+-----+-----------+
    |Total                     | 30|   0|   30|          0|
    +--------------------------+---+----+-----+-----------+



================================================================
== Interface
================================================================
* Summary: 
+-----------------------+-----+-----+------------+------------------------------------+--------------+
|       RTL Ports       | Dir | Bits|  Protocol  |            Source Object           |    C Type    |
+-----------------------+-----+-----+------------+------------------------------------+--------------+
|ap_clk                 |  in |    1| ap_ctrl_hs | dct_Loop_Xpose_Col_Outer_Loop_proc | return value |
|ap_rst                 |  in |    1| ap_ctrl_hs | dct_Loop_Xpose_Col_Outer_Loop_proc | return value |
|ap_start               |  in |    1| ap_ctrl_hs | dct_Loop_Xpose_Col_Outer_Loop_proc | return value |
|ap_done                | out |    1| ap_ctrl_hs | dct_Loop_Xpose_Col_Outer_Loop_proc | return value |
|ap_continue            |  in |    1| ap_ctrl_hs | dct_Loop_Xpose_Col_Outer_Loop_proc | return value |
|ap_idle                | out |    1| ap_ctrl_hs | dct_Loop_Xpose_Col_Outer_Loop_proc | return value |
|ap_ready               | out |    1| ap_ctrl_hs | dct_Loop_Xpose_Col_Outer_Loop_proc | return value |
|col_outbuf_i_address0  | out |    6|  ap_memory |            col_outbuf_i            |     array    |
|col_outbuf_i_ce0       | out |    1|  ap_memory |            col_outbuf_i            |     array    |
|col_outbuf_i_q0        |  in |   16|  ap_memory |            col_outbuf_i            |     array    |
|buf_2d_out_address0    | out |    6|  ap_memory |             buf_2d_out             |     array    |
|buf_2d_out_ce0         | out |    1|  ap_memory |             buf_2d_out             |     array    |
|buf_2d_out_we0         | out |    1|  ap_memory |             buf_2d_out             |     array    |
|buf_2d_out_d0          | out |   16|  ap_memory |             buf_2d_out             |     array    |
+-----------------------+-----+-----+------------+------------------------------------+--------------+

