

================================================================
== Vivado HLS Report for 'dct'
================================================================
* Date:           Mon Jun 13 12:21:56 2016

* Version:        2016.1 (Build 1538259 on Fri Apr 08 16:12:49 MDT 2016)
* Project:        dct_prj
* Solution:       solution7
* Product family: zynq
* Target device:  xc7z020clg484-1


================================================================
== Performance Estimates
================================================================
+ Timing (ns): 
    * Summary: 
    +--------+-------+----------+------------+
    |  Clock | Target| Estimated| Uncertainty|
    +--------+-------+----------+------------+
    |ap_clk  |  10.00|     10.79|        1.25|
    +--------+-------+----------+------------+

+ Latency (clock cycles): 
    * Summary: 
    +-----+-----+-----+-----+----------+
    |  Latency  |  Interval | Pipeline |
    | min | max | min | max |   Type   |
    +-----+-----+-----+-----+----------+
    |  607|  607|  131|  131| dataflow |
    +-----+-----+-----+-----+----------+

    + Detail: 
        * Instance: 
        +----------------------------------------------+------------------------------------+-----+-----+-----+-----+---------+
        |                                              |                                    |  Latency  |  Interval | Pipeline|
        |                   Instance                   |               Module               | min | max | min | max |   Type  |
        +----------------------------------------------+------------------------------------+-----+-----+-----+-----+---------+
        |grp_dct_read_data_fu_58                       |dct_read_data                       |  130|  130|  130|  130|   none  |
        |grp_dct_Loop_Row_DCT_Loop_proc_fu_74          |dct_Loop_Row_DCT_Loop_proc          |  105|  105|  105|  105|   none  |
        |grp_dct_Loop_Xpose_Row_Outer_Loop_proc_fu_52  |dct_Loop_Xpose_Row_Outer_Loop_proc  |  130|  130|  130|  130|   none  |
        |grp_dct_Loop_Col_DCT_Loop_proc_fu_66          |dct_Loop_Col_DCT_Loop_proc          |  105|  105|  105|  105|   none  |
        |grp_dct_Loop_Xpose_Col_Outer_Loop_proc_fu_89  |dct_Loop_Xpose_Col_Outer_Loop_proc  |   66|   66|   66|   66|   none  |
        |grp_dct_write_data_fu_82                      |dct_write_data                      |   66|   66|   66|   66|   none  |
        +----------------------------------------------+------------------------------------+-----+-----+-----+-----+---------+

        * Loop: 
        N/A



================================================================
== Utilization Estimates
================================================================
* Summary: 
+-----------------+---------+-------+--------+-------+
|       Name      | BRAM_18K| DSP48E|   FF   |  LUT  |
+-----------------+---------+-------+--------+-------+
|DSP              |        -|      -|       -|      -|
|Expression       |        -|      -|       -|      -|
|FIFO             |        -|      -|       -|      -|
|Instance         |        0|     16|    1714|   5146|
|Memory           |       22|      -|       0|      0|
|Multiplexer      |        -|      -|       -|      -|
|Register         |        -|      -|       -|      -|
+-----------------+---------+-------+--------+-------+
|Total            |       22|     16|    1714|   5146|
+-----------------+---------+-------+--------+-------+
|Available        |      280|    220|  106400|  53200|
+-----------------+---------+-------+--------+-------+
|Utilization (%)  |        7|      7|       1|      9|
+-----------------+---------+-------+--------+-------+

+ Detail: 
    * Instance: 
    +---------------------------------------+------------------------------------+---------+-------+-----+------+
    |                Instance               |               Module               | BRAM_18K| DSP48E|  FF |  LUT |
    +---------------------------------------+------------------------------------+---------+-------+-----+------+
    |dct_Loop_Col_DCT_Loop_proc_U0          |dct_Loop_Col_DCT_Loop_proc          |        0|      8|  647|   114|
    |dct_Loop_Row_DCT_Loop_proc_U0          |dct_Loop_Row_DCT_Loop_proc          |        0|      8|  647|   114|
    |dct_Loop_Xpose_Col_Outer_Loop_proc_U0  |dct_Loop_Xpose_Col_Outer_Loop_proc  |        0|      0|   30|    65|
    |dct_Loop_Xpose_Row_Outer_Loop_proc_U0  |dct_Loop_Xpose_Row_Outer_Loop_proc  |        0|      0|  179|  2396|
    |dct_read_data_U0                       |dct_read_data                       |        0|      0|  179|  2394|
    |dct_write_data_U0                      |dct_write_data                      |        0|      0|   32|    63|
    +---------------------------------------+------------------------------------+---------+-------+-----+------+
    |Total                                  |                                    |        0|     16| 1714|  5146|
    +---------------------------------------+------------------------------------+---------+-------+-----+------+

    * DSP48: 
    N/A

    * Memory: 
    +----------------+------------------+---------+---+----+------+-----+------+-------------+
    |     Memory     |      Module      | BRAM_18K| FF| LUT| Words| Bits| Banks| W*Bits*Banks|
    +----------------+------------------+---------+---+----+------+-----+------+-------------+
    |col_inbuf_U     |dct_col_inbuf     |        8|  0|   0|     8|  128|     2|         2048|
    |buf_2d_in_U     |dct_col_inbuf     |        8|  0|   0|     8|  128|     2|         2048|
    |row_outbuf_i_U  |dct_row_outbuf_i  |        2|  0|   0|    64|   16|     2|         2048|
    |col_outbuf_i_U  |dct_row_outbuf_i  |        2|  0|   0|    64|   16|     2|         2048|
    |buf_2d_out_U    |dct_row_outbuf_i  |        2|  0|   0|    64|   16|     2|         2048|
    +----------------+------------------+---------+---+----+------+-----+------+-------------+
    |Total           |                  |       22|  0|   0|   208|  304|    10|        10240|
    +----------------+------------------+---------+---+----+------+-----+------+-------------+

    * FIFO: 
    N/A

    * Expression: 
    N/A

    * Multiplexer: 
    N/A

    * Register: 
    N/A



================================================================
== Interface
================================================================
* Summary: 
+-------------------+-----+-----+------------+--------------+--------------+
|     RTL Ports     | Dir | Bits|  Protocol  | Source Object|    C Type    |
+-------------------+-----+-----+------------+--------------+--------------+
|ap_clk             |  in |    1| ap_ctrl_hs |      dct     | return value |
|ap_rst             |  in |    1| ap_ctrl_hs |      dct     | return value |
|ap_done            | out |    1| ap_ctrl_hs |      dct     | return value |
|ap_start           |  in |    1| ap_ctrl_hs |      dct     | return value |
|ap_ready           | out |    1| ap_ctrl_hs |      dct     | return value |
|ap_idle            | out |    1| ap_ctrl_hs |      dct     | return value |
|input_r_address0   | out |    6|  ap_memory |    input_r   |     array    |
|input_r_ce0        | out |    1|  ap_memory |    input_r   |     array    |
|input_r_d0         | out |   16|  ap_memory |    input_r   |     array    |
|input_r_q0         |  in |   16|  ap_memory |    input_r   |     array    |
|input_r_we0        | out |    1|  ap_memory |    input_r   |     array    |
|input_r_address1   | out |    6|  ap_memory |    input_r   |     array    |
|input_r_ce1        | out |    1|  ap_memory |    input_r   |     array    |
|input_r_d1         | out |   16|  ap_memory |    input_r   |     array    |
|input_r_q1         |  in |   16|  ap_memory |    input_r   |     array    |
|input_r_we1        | out |    1|  ap_memory |    input_r   |     array    |
|output_r_address0  | out |    6|  ap_memory |   output_r   |     array    |
|output_r_ce0       | out |    1|  ap_memory |   output_r   |     array    |
|output_r_d0        | out |   16|  ap_memory |   output_r   |     array    |
|output_r_q0        |  in |   16|  ap_memory |   output_r   |     array    |
|output_r_we0       | out |    1|  ap_memory |   output_r   |     array    |
|output_r_address1  | out |    6|  ap_memory |   output_r   |     array    |
|output_r_ce1       | out |    1|  ap_memory |   output_r   |     array    |
|output_r_d1        | out |   16|  ap_memory |   output_r   |     array    |
|output_r_q1        |  in |   16|  ap_memory |   output_r   |     array    |
|output_r_we1       | out |    1|  ap_memory |   output_r   |     array    |
+-------------------+-----+-----+------------+--------------+--------------+

============================================================
+ Verbose Summary: Synthesis Manager
============================================================
InlineROM: 1
ExposeGlobal: 0
============================================================
+ Verbose Summary: CDFG Model
============================================================
IsTopModel: 1
ResetActiveHigh: 1
IsCombinational: 2
IsDatapathOnly: 2
HasWiredReturn: 1
HasMFsm: 0
HasVarLatency: 1
IsPipeline: 0
IsRtlPipelined: 0
IsInstanceOverlapped: 0
IsDontTouch: 0
HasImplIP: 0
IsGatedGlobalClock: 0


============================================================
+ Verbose Summary: Schedule
============================================================
* Number of FSM states: 12
* Pipeline: 0
* Dataflow Pipeline: 1
  DF-Pipeline-0: Size = 12, States = { 1 2 3 4 5 6 7 8 9 10 11 12 }

* FSM state transitions: 
1 --> 
	2  / true
2 --> 
	3  / true
3 --> 
	4  / true
4 --> 
	5  / true
5 --> 
	6  / true
6 --> 
	7  / true
7 --> 
	8  / true
8 --> 
	9  / true
9 --> 
	10  / true
10 --> 
	11  / true
11 --> 
	12  / true
12 --> 
* FSM state operations: 

 <State 1>: 2.71ns
ST_1: row_outbuf_i [1/1] 2.71ns
codeRepl:3  %row_outbuf_i = alloca [64 x i16], align 2

ST_1: col_outbuf_i [1/1] 2.71ns
codeRepl:4  %col_outbuf_i = alloca [64 x i16], align 2

ST_1: col_inbuf [1/1] 2.71ns
codeRepl:5  %col_inbuf = alloca [8 x i128], align 8

ST_1: buf_2d_in [1/1] 2.71ns
codeRepl:7  %buf_2d_in = alloca [8 x i128], align 8

ST_1: buf_2d_out [1/1] 2.71ns
codeRepl:8  %buf_2d_out = alloca [64 x i16], align 2

ST_1: stg_18 [2/2] 0.00ns
codeRepl:9  call fastcc void @dct_read_data([64 x i16]* %input, [8 x i128]* %buf_2d_in) nounwind


 <State 2>: 0.00ns
ST_2: stg_19 [1/2] 0.00ns
codeRepl:9  call fastcc void @dct_read_data([64 x i16]* %input, [8 x i128]* %buf_2d_in) nounwind


 <State 3>: 0.00ns
ST_3: stg_20 [2/2] 0.00ns
codeRepl:10  call fastcc void @dct_Loop_Row_DCT_Loop_proc([8 x i128]* %buf_2d_in, [64 x i16]* %row_outbuf_i)


 <State 4>: 0.00ns
ST_4: stg_21 [1/2] 0.00ns
codeRepl:10  call fastcc void @dct_Loop_Row_DCT_Loop_proc([8 x i128]* %buf_2d_in, [64 x i16]* %row_outbuf_i)


 <State 5>: 0.00ns
ST_5: stg_22 [2/2] 0.00ns
codeRepl:11  call fastcc void @dct_Loop_Xpose_Row_Outer_Loop_proc([64 x i16]* %row_outbuf_i, [8 x i128]* %col_inbuf)


 <State 6>: 0.00ns
ST_6: stg_23 [1/2] 0.00ns
codeRepl:11  call fastcc void @dct_Loop_Xpose_Row_Outer_Loop_proc([64 x i16]* %row_outbuf_i, [8 x i128]* %col_inbuf)


 <State 7>: 0.00ns
ST_7: stg_24 [2/2] 0.00ns
codeRepl:12  call fastcc void @dct_Loop_Col_DCT_Loop_proc([8 x i128]* %col_inbuf, [64 x i16]* %col_outbuf_i)


 <State 8>: 0.00ns
ST_8: stg_25 [1/2] 0.00ns
codeRepl:12  call fastcc void @dct_Loop_Col_DCT_Loop_proc([8 x i128]* %col_inbuf, [64 x i16]* %col_outbuf_i)


 <State 9>: 0.00ns
ST_9: stg_26 [2/2] 0.00ns
codeRepl:13  call fastcc void @dct_Loop_Xpose_Col_Outer_Loop_proc([64 x i16]* %col_outbuf_i, [64 x i16]* %buf_2d_out)


 <State 10>: 0.00ns
ST_10: stg_27 [1/2] 0.00ns
codeRepl:13  call fastcc void @dct_Loop_Xpose_Col_Outer_Loop_proc([64 x i16]* %col_outbuf_i, [64 x i16]* %buf_2d_out)


 <State 11>: 0.00ns
ST_11: stg_28 [2/2] 0.00ns
codeRepl:14  call fastcc void @dct_write_data([64 x i16]* %buf_2d_out, [64 x i16]* %output) nounwind


 <State 12>: 0.00ns
ST_12: stg_29 [1/1] 0.00ns
codeRepl:0  call void (...)* @_ssdm_op_SpecDataflowPipeline(i32 -1, [1 x i8]* @p_str1) nounwind

ST_12: stg_30 [1/1] 0.00ns
codeRepl:1  call void (...)* @_ssdm_op_SpecBitsMap([64 x i16]* %input) nounwind, !map !0

ST_12: stg_31 [1/1] 0.00ns
codeRepl:2  call void (...)* @_ssdm_op_SpecBitsMap([64 x i16]* %output) nounwind, !map !6

ST_12: stg_32 [1/1] 0.00ns
codeRepl:6  call void (...)* @_ssdm_op_SpecTopModule([4 x i8]* @dct_str) nounwind

ST_12: stg_33 [1/2] 0.00ns
codeRepl:14  call fastcc void @dct_write_data([64 x i16]* %buf_2d_out, [64 x i16]* %output) nounwind

ST_12: stg_34 [1/1] 0.00ns
codeRepl:15  ret void



============================================================
+ Verbose Summary: Binding
============================================================
STG Binding: 
---------------- STG Properties BEGIN ----------------
- Is combinational: 0
- Is one-state seq: 0
- Is datapath-only: 0
- Is clock enabled: 0
- Is pipelined: 0
- Is top level: 1
Port [ Return ] is wired: 1; IO mode=ap_ctrl_hs:ce=0
Port [ input_r]:  wired=1; compound=1; hidden=0; nouse=0; global=0; static=0; extern=0; dir=0; type=1; pingpong=0; private_global=0; MemPort=[13]; IO mode=ap_memory:ce=0
Port [ output_r]:  wired=1; compound=1; hidden=0; nouse=0; global=0; static=0; extern=0; dir=1; type=1; pingpong=0; private_global=0; MemPort=[03]; IO mode=ap_memory:ce=0
Port [ dct_coeff_table]:  wired=0; compound=1; hidden=1; nouse=1; global=1; static=1; extern=0; dir=0; type=1; pingpong=0; private_global=1; linkage=7; visibility=0; MemPort=[1]; IO mode=ap_memory:ce=0
---------------- STG Properties END ------------------

---------------- Datapath Model BEGIN ----------------

<LifeTime>
<method=bitvector/>
row_outbuf_i (alloca              ) [ 0011111000000]
col_outbuf_i (alloca              ) [ 0011111111100]
col_inbuf    (alloca              ) [ 0011111110000]
buf_2d_in    (alloca              ) [ 0011100000000]
buf_2d_out   (alloca              ) [ 0011111111111]
stg_19       (call                ) [ 0000000000000]
stg_21       (call                ) [ 0000000000000]
stg_23       (call                ) [ 0000000000000]
stg_25       (call                ) [ 0000000000000]
stg_27       (call                ) [ 0000000000000]
stg_29       (specdataflowpipeline) [ 0000000000000]
stg_30       (specbitsmap         ) [ 0000000000000]
stg_31       (specbitsmap         ) [ 0000000000000]
stg_32       (spectopmodule       ) [ 0000000000000]
stg_33       (call                ) [ 0000000000000]
stg_34       (ret                 ) [ 0000000000000]
</LifeTime>

<model>

<comp_list>
<comp id="0" class="1000" name="input_r">
<pin_list>
<pin id="1" dir="1" index="0" bw="1" slack="0"/>
</pin_list>
<bind>
<StgValue><ssdm name="input_r"/><MemPortTyVec>1 3 </MemPortTyVec>
</StgValue>
</bind>
</comp>

<comp id="2" class="1000" name="output_r">
<pin_list>
<pin id="3" dir="1" index="0" bw="1" slack="0"/>
</pin_list>
<bind>
<StgValue><ssdm name="output_r"/><MemPortTyVec>0 3 </MemPortTyVec>
</StgValue>
</bind>
</comp>

<comp id="4" class="1000" name="dct_coeff_table">
<pin_list>
<pin id="5" dir="1" index="0" bw="1" slack="0"/>
</pin_list>
<bind>
<StgValue><ssdm name="dct_coeff_table"/><MemPortTyVec>1 </MemPortTyVec>
</StgValue>
</bind>
</comp>

<comp id="6" class="1001" name="const_6">
<pin_list>
<pin id="7" dir="1" index="0" bw="1" slack="0"/>
</pin_list>
<bind>
<StgValue><ssdm name=""/></StgValue>
</bind>
</comp>

<comp id="8" class="1001" name="const_8">
<pin_list>
<pin id="9" dir="1" index="0" bw="1" slack="0"/>
</pin_list>
<bind>
<StgValue><ssdm name="dct_read_data"/></StgValue>
</bind>
</comp>

<comp id="10" class="1001" name="const_10">
<pin_list>
<pin id="11" dir="1" index="0" bw="1" slack="0"/>
</pin_list>
<bind>
<StgValue><ssdm name="dct_Loop_Row_DCT_Loop_proc"/></StgValue>
</bind>
</comp>

<comp id="12" class="1001" name="const_12">
<pin_list>
<pin id="13" dir="1" index="0" bw="1" slack="0"/>
</pin_list>
<bind>
<StgValue><ssdm name="dct_Loop_Xpose_Row_Outer_Loop_proc"/></StgValue>
</bind>
</comp>

<comp id="14" class="1001" name="const_14">
<pin_list>
<pin id="15" dir="1" index="0" bw="1" slack="0"/>
</pin_list>
<bind>
<StgValue><ssdm name="dct_Loop_Col_DCT_Loop_proc"/></StgValue>
</bind>
</comp>

<comp id="16" class="1001" name="const_16">
<pin_list>
<pin id="17" dir="1" index="0" bw="1" slack="0"/>
</pin_list>
<bind>
<StgValue><ssdm name="dct_Loop_Xpose_Col_Outer_Loop_proc"/></StgValue>
</bind>
</comp>

<comp id="18" class="1001" name="const_18">
<pin_list>
<pin id="19" dir="1" index="0" bw="1" slack="0"/>
</pin_list>
<bind>
<StgValue><ssdm name="dct_write_data"/></StgValue>
</bind>
</comp>

<comp id="20" class="1001" name="const_20">
<pin_list>
<pin id="21" dir="1" index="0" bw="1" slack="2147483647"/>
</pin_list>
<bind>
<StgValue><ssdm name="_ssdm_op_SpecDataflowPipeline"/></StgValue>
</bind>
</comp>

<comp id="22" class="1001" name="const_22">
<pin_list>
<pin id="23" dir="1" index="0" bw="1" slack="2147483647"/>
</pin_list>
<bind>
<StgValue><ssdm name=""/></StgValue>
</bind>
</comp>

<comp id="24" class="1001" name="const_24">
<pin_list>
<pin id="25" dir="1" index="0" bw="1" slack="2147483647"/>
</pin_list>
<bind>
<StgValue><ssdm name="p_str1"/></StgValue>
</bind>
</comp>

<comp id="26" class="1001" name="const_26">
<pin_list>
<pin id="27" dir="1" index="0" bw="1" slack="2147483647"/>
</pin_list>
<bind>
<StgValue><ssdm name="_ssdm_op_SpecBitsMap"/></StgValue>
</bind>
</comp>

<comp id="28" class="1001" name="const_28">
<pin_list>
<pin id="29" dir="1" index="0" bw="1" slack="2147483647"/>
</pin_list>
<bind>
<StgValue><ssdm name="_ssdm_op_SpecTopModule"/></StgValue>
</bind>
</comp>

<comp id="30" class="1001" name="const_30">
<pin_list>
<pin id="31" dir="1" index="0" bw="1" slack="2147483647"/>
</pin_list>
<bind>
<StgValue><ssdm name="dct_str"/></StgValue>
</bind>
</comp>

<comp id="32" class="1004" name="row_outbuf_i_alloca_fu_32">
<pin_list>
<pin id="33" dir="0" index="0" bw="1" slack="0"/>
<pin id="34" dir="1" index="1" bw="16" slack="2147483647"/>
</pin_list>
<bind>
<opcode="alloca(26) " fcode="alloca"/>
<opset="row_outbuf_i/1 "/>
</bind>
</comp>

<comp id="36" class="1004" name="col_outbuf_i_alloca_fu_36">
<pin_list>
<pin id="37" dir="0" index="0" bw="1" slack="0"/>
<pin id="38" dir="1" index="1" bw="16" slack="2147483647"/>
</pin_list>
<bind>
<opcode="alloca(26) " fcode="alloca"/>
<opset="col_outbuf_i/1 "/>
</bind>
</comp>

<comp id="40" class="1004" name="col_inbuf_alloca_fu_40">
<pin_list>
<pin id="41" dir="0" index="0" bw="1" slack="0"/>
<pin id="42" dir="1" index="1" bw="128" slack="2147483647"/>
</pin_list>
<bind>
<opcode="alloca(26) " fcode="alloca"/>
<opset="col_inbuf/1 "/>
</bind>
</comp>

<comp id="44" class="1004" name="buf_2d_in_alloca_fu_44">
<pin_list>
<pin id="45" dir="0" index="0" bw="1" slack="0"/>
<pin id="46" dir="1" index="1" bw="128" slack="0"/>
</pin_list>
<bind>
<opcode="alloca(26) " fcode="alloca"/>
<opset="buf_2d_in/1 "/>
</bind>
</comp>

<comp id="48" class="1004" name="buf_2d_out_alloca_fu_48">
<pin_list>
<pin id="49" dir="0" index="0" bw="1" slack="0"/>
<pin id="50" dir="1" index="1" bw="16" slack="2147483647"/>
</pin_list>
<bind>
<opcode="alloca(26) " fcode="alloca"/>
<opset="buf_2d_out/1 "/>
</bind>
</comp>

<comp id="52" class="1004" name="grp_dct_Loop_Xpose_Row_Outer_Loop_proc_fu_52">
<pin_list>
<pin id="53" dir="0" index="0" bw="0" slack="0"/>
<pin id="54" dir="0" index="1" bw="16" slack="2147483647"/>
<pin id="55" dir="0" index="2" bw="128" slack="2147483647"/>
<pin id="56" dir="1" index="3" bw="0" slack="2147483647"/>
</pin_list>
<bind>
<opcode="call(48) " fcode="call"/>
<opset="stg_22/5 "/>
</bind>
</comp>

<comp id="58" class="1004" name="grp_dct_read_data_fu_58">
<pin_list>
<pin id="59" dir="0" index="0" bw="0" slack="0"/>
<pin id="60" dir="0" index="1" bw="16" slack="0"/>
<pin id="61" dir="0" index="2" bw="128" slack="0"/>
<pin id="62" dir="1" index="3" bw="0" slack="2147483647"/>
</pin_list>
<bind>
<opcode="call(48) " fcode="call"/>
<opset="stg_18/1 "/>
</bind>
</comp>

<comp id="66" class="1004" name="grp_dct_Loop_Col_DCT_Loop_proc_fu_66">
<pin_list>
<pin id="67" dir="0" index="0" bw="0" slack="0"/>
<pin id="68" dir="0" index="1" bw="128" slack="2147483647"/>
<pin id="69" dir="0" index="2" bw="16" slack="2147483647"/>
<pin id="70" dir="0" index="3" bw="127" slack="0"/>
<pin id="71" dir="1" index="4" bw="0" slack="2147483647"/>
</pin_list>
<bind>
<opcode="call(48) " fcode="call"/>
<opset="stg_24/7 "/>
</bind>
</comp>

<comp id="74" class="1004" name="grp_dct_Loop_Row_DCT_Loop_proc_fu_74">
<pin_list>
<pin id="75" dir="0" index="0" bw="0" slack="0"/>
<pin id="76" dir="0" index="1" bw="128" slack="2147483647"/>
<pin id="77" dir="0" index="2" bw="16" slack="2147483647"/>
<pin id="78" dir="0" index="3" bw="127" slack="0"/>
<pin id="79" dir="1" index="4" bw="0" slack="2147483647"/>
</pin_list>
<bind>
<opcode="call(48) " fcode="call"/>
<opset="stg_20/3 "/>
</bind>
</comp>

<comp id="82" class="1004" name="grp_dct_write_data_fu_82">
<pin_list>
<pin id="83" dir="0" index="0" bw="0" slack="0"/>
<pin id="84" dir="0" index="1" bw="16" slack="2147483647"/>
<pin id="85" dir="0" index="2" bw="16" slack="0"/>
<pin id="86" dir="1" index="3" bw="0" slack="2147483647"/>
</pin_list>
<bind>
<opcode="call(48) " fcode="call"/>
<opset="stg_28/11 "/>
</bind>
</comp>

<comp id="89" class="1004" name="grp_dct_Loop_Xpose_Col_Outer_Loop_proc_fu_89">
<pin_list>
<pin id="90" dir="0" index="0" bw="0" slack="0"/>
<pin id="91" dir="0" index="1" bw="16" slack="2147483647"/>
<pin id="92" dir="0" index="2" bw="16" slack="2147483647"/>
<pin id="93" dir="1" index="3" bw="0" slack="2147483647"/>
</pin_list>
<bind>
<opcode="call(48) " fcode="call"/>
<opset="stg_26/9 "/>
</bind>
</comp>

</comp_list>

<net_list>
<net id="35"><net_src comp="6" pin="0"/><net_sink comp="32" pin=0"/></net>

<net id="39"><net_src comp="6" pin="0"/><net_sink comp="36" pin=0"/></net>

<net id="43"><net_src comp="6" pin="0"/><net_sink comp="40" pin=0"/></net>

<net id="47"><net_src comp="6" pin="0"/><net_sink comp="44" pin=0"/></net>

<net id="51"><net_src comp="6" pin="0"/><net_sink comp="48" pin=0"/></net>

<net id="57"><net_src comp="12" pin="0"/><net_sink comp="52" pin=0"/></net>

<net id="63"><net_src comp="8" pin="0"/><net_sink comp="58" pin=0"/></net>

<net id="64"><net_src comp="0" pin="0"/><net_sink comp="58" pin=1"/></net>

<net id="65"><net_src comp="44" pin="1"/><net_sink comp="58" pin=2"/></net>

<net id="72"><net_src comp="14" pin="0"/><net_sink comp="66" pin=0"/></net>

<net id="73"><net_src comp="4" pin="0"/><net_sink comp="66" pin=3"/></net>

<net id="80"><net_src comp="10" pin="0"/><net_sink comp="74" pin=0"/></net>

<net id="81"><net_src comp="4" pin="0"/><net_sink comp="74" pin=3"/></net>

<net id="87"><net_src comp="18" pin="0"/><net_sink comp="82" pin=0"/></net>

<net id="88"><net_src comp="2" pin="0"/><net_sink comp="82" pin=2"/></net>

<net id="94"><net_src comp="16" pin="0"/><net_sink comp="89" pin=0"/></net>

</net_list>

</model> 
---------------- Datapath Model END ------------------

* FSMD analyzer results:
  - Output states:
	Port: output_r | {11 12 }
 - Input state : 
	Port: dct : input_r | {1 2 }
	Port: dct : dct_coeff_table | {3 4 7 8 }
  - Chain level:
	State 1
		stg_18 : 1
	State 2
	State 3
	State 4
	State 5
	State 6
	State 7
	State 8
	State 9
	State 10
	State 11
	State 12


============================================================
+ Verbose Summary: Datapath Resource usage 
============================================================

* Functional unit list:
|----------|----------------------------------------------|---------|---------|---------|---------|
| Operation|                Functional Unit               |  DSP48E |  Delay  |    FF   |   LUT   |
|----------|----------------------------------------------|---------|---------|---------|---------|
|          | grp_dct_Loop_Xpose_Row_Outer_Loop_proc_fu_52 |    0    |  1.571  |   187   |   1211  |
|          |            grp_dct_read_data_fu_58           |    0    |  1.571  |   187   |   1210  |
|   call   |     grp_dct_Loop_Col_DCT_Loop_proc_fu_66     |    8    |  7.855  |   427   |   144   |
|          |     grp_dct_Loop_Row_DCT_Loop_proc_fu_74     |    8    |  6.284  |   427   |   128   |
|          |           grp_dct_write_data_fu_82           |    0    |  1.571  |    43   |    47   |
|          | grp_dct_Loop_Xpose_Col_Outer_Loop_proc_fu_89 |    0    |  1.571  |    41   |    48   |
|----------|----------------------------------------------|---------|---------|---------|---------|
|   Total  |                                              |    16   |  20.423 |   1312  |   2788  |
|----------|----------------------------------------------|---------|---------|---------|---------|

Memories:
+---------------+--------+--------+--------+
|               |  BRAM  |   FF   |   LUT  |
+---------------+--------+--------+--------+
|   buf_2d_in   |    8   |    0   |    0   |
|   buf_2d_out  |    2   |    0   |    0   |
|   col_inbuf   |    8   |    0   |    0   |
|  col_outbuf_i |    2   |    0   |    0   |
|dct_coeff_table|    0   |   254  |   32   |
|  row_outbuf_i |    2   |    0   |    0   |
+---------------+--------+--------+--------+
|     Total     |   22   |   254  |   32   |
+---------------+--------+--------+--------+

* Register list:
N/A

* Multiplexer (MUX) list: 
|--------|------|------|------|--------|
|  Comp  |  Pin | Size |  BW  | S x BW |
|--------|------|------|------|--------|
|  Total |      |      |      |    0   |
|--------|------|------|------|--------|



* Summary:
+-----------+--------+--------+--------+--------+--------+
|           |  BRAM  | DSP48E |  Delay |   FF   |   LUT  |
+-----------+--------+--------+--------+--------+--------+
|  Function |    -   |   16   |   20   |  1312  |  2788  |
|   Memory  |   22   |    -   |    -   |   254  |   32   |
|Multiplexer|    -   |    -   |    -   |    -   |    -   |
|  Register |    -   |    -   |    -   |    -   |    -   |
+-----------+--------+--------+--------+--------+--------+
|   Total   |   22   |   16   |   20   |  1566  |  2820  |
+-----------+--------+--------+--------+--------+--------+
