Copyright 1986-2016 Xilinx, Inc. All Rights Reserved.
------------------------------------------------------------------------------------
| Tool Version : Vivado v.2016.1 (win64) Build 1538259 Fri Apr  8 15:45:27 MDT 2016
| Date         : Fri Apr 29 12:48:05 2016
| Host         : XHDVENKATE30 running 64-bit Service Pack 1  (build 7601)
| Command      : upgrade_ip
| Device       : xc7k325tffg900-2
------------------------------------------------------------------------------------

Upgrade Log for IP 'microblaze_design_fir_0_0'

1. Summary
----------

CAUTION (success, with warnings) in the upgrade of microblaze_design_fir_0_0 (xilinx.com:hls:fir:1.0) from (Rev. 1604291142) to (Rev. 1604291237)

After upgrade, an IP may have parameter and port differences compared to the original customization. Please review the parameters within the IP customization GUI to ensure proper functionality. Also, please review the updated IP instantiation template to ensure proper connectivity, and update your design if required.

2. Interface Information
------------------------

Detected external interface differences while upgrading 'microblaze_design_fir_0_0'.


-Upgrade has removed interface 'y'


3. Connection Warnings
----------------------

Detected external port differences while upgrading 'microblaze_design_fir_0_0'. These changes may impact your design.


-Upgrade has removed port 'y'

-Upgrade has removed port 'y_ap_vld'


