==============================================================
File generated by Vivado(TM) HLS - High-Level Synthesis from C, C++ and SystemC
Version: 2016.1
Copyright (C) 1986-2016 Xilinx, Inc. All Rights Reserved.

==============================================================

@I [HLS-10] Setting target device to 'xc7k160tfbg484-1'
@I [SYN-201] Setting up clock 'default' with a period of 4ns.
@I [HLS-10] Analyzing design file 'axi_interfaces.c' ... 
@I [HLS-10] Validating synthesis directives ...
@I [HLS-10] Starting code transformations ...
@I [HLS-10] Checking synthesizability ...
@I [HLS-111] Elapsed time: 16.603 seconds; current memory usage: 72.1 MB.
@I [HLS-10] Starting hardware synthesis ...
@I [HLS-10] Synthesizing 'axi_interfaces' ...
@I [HLS-10] ----------------------------------------------------------------
@I [HLS-10] -- Scheduling module 'axi_interfaces' 
@I [HLS-10] ----------------------------------------------------------------
@I [SCHED-11] Starting scheduling ...
@I [SCHED-11] Finished scheduling.
@I [HLS-111] Elapsed time: 0.057 seconds; current memory usage: 72.2 MB.
@I [HLS-10] ----------------------------------------------------------------
@I [HLS-10] -- Exploring micro-architecture for module 'axi_interfaces' 
@I [HLS-10] ----------------------------------------------------------------
@I [BIND-100] Starting micro-architecture generation ...
@I [BIND-101] Performing variable lifetime analysis.
@I [BIND-101] Exploring resource sharing.
@I [BIND-101] Binding ...
@I [BIND-100] Finished micro-architecture generation.
@I [HLS-111] Elapsed time: 0.043 seconds; current memory usage: 72.2 MB.
@I [HLS-10] ----------------------------------------------------------------
@I [HLS-10] -- Generating RTL for module 'axi_interfaces' 
@I [HLS-10] ----------------------------------------------------------------
@I [RTGEN-500] Setting interface mode on port 'axi_interfaces/d_o' to 'ap_memory'.
@I [RTGEN-500] Setting interface mode on port 'axi_interfaces/d_i' to 'ap_memory'.
@I [RTGEN-500] Setting interface mode on function 'axi_interfaces' to 'ap_ctrl_hs'.
@I [RTGEN-100] Finished creating RTL model for 'axi_interfaces'.
@I [HLS-111] Elapsed time: 0.11 seconds; current memory usage: 72.2 MB.
@I [RTMG-278] Implementing memory 'axi_interfaces_acc_ram' using distributed RAMs with power-on initialization.
@I [HLS-10] Finished generating all RTL models.
@I [SYSC-301] Generating SystemC RTL for axi_interfaces.
@I [VHDL-304] Generating VHDL RTL for axi_interfaces.
@I [VLOG-307] Generating Verilog RTL for axi_interfaces.
@I [HLS-112] Total elapsed time: 17.914 seconds; peak memory usage: 72.2 MB.
