#-----------------------------------------------------------
# Vivado v2016.1 (64-bit)
# SW Build 1538259 on Fri Apr  8 15:45:27 MDT 2016
# IP Build 1537824 on Fri Apr  8 04:28:57 MDT 2016
# Start of session at: Fri Aug 05 16:35:00 2016
# Process ID: 33264
# Current directory: C:/training/Vivado_2016.1/hls/demos/axi_streaming/axi_interfaces_prj/solution1/impl/ip/example
# Command line: vivado.exe -notrace -mode batch -source ipi_example.tcl -tclargs xc7k160tfbg484-1 ../xilinx_com_hls_axi_interfaces_1_0.zip
# Log file: C:/training/Vivado_2016.1/hls/demos/axi_streaming/axi_interfaces_prj/solution1/impl/ip/example/vivado.log
# Journal file: C:/training/Vivado_2016.1/hls/demos/axi_streaming/axi_interfaces_prj/solution1/impl/ip/example\vivado.jou
#-----------------------------------------------------------
source ipi_example.tcl -notrace
INFO: [ProjectBase 1-489] The host OS only allows 260 characters in a normal path. The project is stored in a path with more than 80 characters. If you experience issues with IP, Block Designs, or files not being found, please consider moving the project to a location with a shorter path. Alternately consider using the OS subst command to map part of the path to a drive letter.
Current project path is 'C:/training/Vivado_2016.1/hls/demos/axi_streaming/axi_interfaces_prj/solution1/impl/ip/example/project'
INFO: [IP_Flow 19-234] Refreshing IP repositories
INFO: [IP_Flow 19-1700] Loaded user IP repository 'c:/training/Vivado_2016.1/hls/demos/axi_streaming/axi_interfaces_prj/solution1/impl/ip/example/repo'.
INFO: [IP_Flow 19-2313] Loaded Vivado IP repository 'E:/Tools/Xilinx/Vivado/2016.1/data/ip'.
INFO: [IP_Flow 19-949] Unzipped '../xilinx_com_hls_axi_interfaces_1_0.zip' into repository 'c:/training/Vivado_2016.1/hls/demos/axi_streaming/axi_interfaces_prj/solution1/impl/ip/example/repo'.
INFO: [IP_Flow 19-725] Reloaded user IP repository 'c:/training/Vivado_2016.1/hls/demos/axi_streaming/axi_interfaces_prj/solution1/impl/ip/example/repo'
Wrote  : <C:/training/Vivado_2016.1/hls/demos/axi_streaming/axi_interfaces_prj/solution1/impl/ip/example/project/project.srcs/sources_1/bd/hls_bd_0/hls_bd_0.bd> 
WARNING: [BD 41-1282] Ignoring parameter SIGNAL_SET
WARNING: [BD 41-1281] Parameter SIGNAL_SET is not defined on /hls_ip_0/d_o_0. Setting parameter on /hls_ip_0/d_o_0 failed
WARNING: [BD 41-1282] Ignoring parameter SIGNAL_SET
WARNING: [BD 41-1281] Parameter SIGNAL_SET is not defined on /hls_ip_0/d_o_0. Setting parameter on /hls_ip_0/d_o_0 failed
WARNING: [BD 41-1282] Ignoring parameter SIGNAL_SET
WARNING: [BD 41-1281] Parameter SIGNAL_SET is not defined on /hls_ip_0/d_o_1. Setting parameter on /hls_ip_0/d_o_1 failed
WARNING: [BD 41-1282] Ignoring parameter SIGNAL_SET
WARNING: [BD 41-1281] Parameter SIGNAL_SET is not defined on /hls_ip_0/d_o_1. Setting parameter on /hls_ip_0/d_o_1 failed
WARNING: [BD 41-1282] Ignoring parameter SIGNAL_SET
WARNING: [BD 41-1281] Parameter SIGNAL_SET is not defined on /hls_ip_0/d_o_2. Setting parameter on /hls_ip_0/d_o_2 failed
WARNING: [BD 41-1282] Ignoring parameter SIGNAL_SET
WARNING: [BD 41-1281] Parameter SIGNAL_SET is not defined on /hls_ip_0/d_o_2. Setting parameter on /hls_ip_0/d_o_2 failed
WARNING: [BD 41-1282] Ignoring parameter SIGNAL_SET
WARNING: [BD 41-1281] Parameter SIGNAL_SET is not defined on /hls_ip_0/d_o_3. Setting parameter on /hls_ip_0/d_o_3 failed
WARNING: [BD 41-1282] Ignoring parameter SIGNAL_SET
WARNING: [BD 41-1281] Parameter SIGNAL_SET is not defined on /hls_ip_0/d_o_3. Setting parameter on /hls_ip_0/d_o_3 failed
WARNING: [BD 41-1282] Ignoring parameter SIGNAL_SET
WARNING: [BD 41-1281] Parameter SIGNAL_SET is not defined on /hls_ip_0/d_o_4. Setting parameter on /hls_ip_0/d_o_4 failed
WARNING: [BD 41-1282] Ignoring parameter SIGNAL_SET
WARNING: [BD 41-1281] Parameter SIGNAL_SET is not defined on /hls_ip_0/d_o_4. Setting parameter on /hls_ip_0/d_o_4 failed
WARNING: [BD 41-1282] Ignoring parameter SIGNAL_SET
WARNING: [BD 41-1281] Parameter SIGNAL_SET is not defined on /hls_ip_0/d_o_5. Setting parameter on /hls_ip_0/d_o_5 failed
WARNING: [BD 41-1282] Ignoring parameter SIGNAL_SET
WARNING: [BD 41-1281] Parameter SIGNAL_SET is not defined on /hls_ip_0/d_o_5. Setting parameter on /hls_ip_0/d_o_5 failed
WARNING: [BD 41-1282] Ignoring parameter SIGNAL_SET
WARNING: [BD 41-1281] Parameter SIGNAL_SET is not defined on /hls_ip_0/d_o_6. Setting parameter on /hls_ip_0/d_o_6 failed
WARNING: [BD 41-1282] Ignoring parameter SIGNAL_SET
WARNING: [BD 41-1281] Parameter SIGNAL_SET is not defined on /hls_ip_0/d_o_6. Setting parameter on /hls_ip_0/d_o_6 failed
WARNING: [BD 41-1282] Ignoring parameter SIGNAL_SET
WARNING: [BD 41-1281] Parameter SIGNAL_SET is not defined on /hls_ip_0/d_o_7. Setting parameter on /hls_ip_0/d_o_7 failed
WARNING: [BD 41-1282] Ignoring parameter SIGNAL_SET
WARNING: [BD 41-1281] Parameter SIGNAL_SET is not defined on /hls_ip_0/d_o_7. Setting parameter on /hls_ip_0/d_o_7 failed
WARNING: [BD 41-1282] Ignoring parameter SIGNAL_SET
WARNING: [BD 41-1281] Parameter SIGNAL_SET is not defined on /hls_ip_0/d_o_0. Setting parameter on /hls_ip_0/d_o_0 failed
WARNING: [BD 41-1282] Ignoring parameter SIGNAL_SET
WARNING: [BD 41-1281] Parameter SIGNAL_SET is not defined on /hls_ip_0/d_o_0. Setting parameter on /hls_ip_0/d_o_0 failed
WARNING: [BD 41-1282] Ignoring parameter SIGNAL_SET
WARNING: [BD 41-1281] Parameter SIGNAL_SET is not defined on /hls_ip_0/d_o_1. Setting parameter on /hls_ip_0/d_o_1 failed
WARNING: [BD 41-1282] Ignoring parameter SIGNAL_SET
WARNING: [BD 41-1281] Parameter SIGNAL_SET is not defined on /hls_ip_0/d_o_1. Setting parameter on /hls_ip_0/d_o_1 failed
WARNING: [BD 41-1282] Ignoring parameter SIGNAL_SET
WARNING: [BD 41-1281] Parameter SIGNAL_SET is not defined on /hls_ip_0/d_o_2. Setting parameter on /hls_ip_0/d_o_2 failed
WARNING: [BD 41-1282] Ignoring parameter SIGNAL_SET
WARNING: [BD 41-1281] Parameter SIGNAL_SET is not defined on /hls_ip_0/d_o_2. Setting parameter on /hls_ip_0/d_o_2 failed
WARNING: [BD 41-1282] Ignoring parameter SIGNAL_SET
WARNING: [BD 41-1281] Parameter SIGNAL_SET is not defined on /hls_ip_0/d_o_3. Setting parameter on /hls_ip_0/d_o_3 failed
WARNING: [BD 41-1282] Ignoring parameter SIGNAL_SET
WARNING: [BD 41-1281] Parameter SIGNAL_SET is not defined on /hls_ip_0/d_o_3. Setting parameter on /hls_ip_0/d_o_3 failed
WARNING: [BD 41-1282] Ignoring parameter SIGNAL_SET
WARNING: [BD 41-1281] Parameter SIGNAL_SET is not defined on /hls_ip_0/d_o_4. Setting parameter on /hls_ip_0/d_o_4 failed
WARNING: [BD 41-1282] Ignoring parameter SIGNAL_SET
WARNING: [BD 41-1281] Parameter SIGNAL_SET is not defined on /hls_ip_0/d_o_4. Setting parameter on /hls_ip_0/d_o_4 failed
WARNING: [BD 41-1282] Ignoring parameter SIGNAL_SET
WARNING: [BD 41-1281] Parameter SIGNAL_SET is not defined on /hls_ip_0/d_o_5. Setting parameter on /hls_ip_0/d_o_5 failed
WARNING: [BD 41-1282] Ignoring parameter SIGNAL_SET
WARNING: [BD 41-1281] Parameter SIGNAL_SET is not defined on /hls_ip_0/d_o_5. Setting parameter on /hls_ip_0/d_o_5 failed
WARNING: [BD 41-1282] Ignoring parameter SIGNAL_SET
WARNING: [BD 41-1281] Parameter SIGNAL_SET is not defined on /hls_ip_0/d_o_6. Setting parameter on /hls_ip_0/d_o_6 failed
WARNING: [BD 41-1282] Ignoring parameter SIGNAL_SET
WARNING: [BD 41-1281] Parameter SIGNAL_SET is not defined on /hls_ip_0/d_o_6. Setting parameter on /hls_ip_0/d_o_6 failed
WARNING: [BD 41-1282] Ignoring parameter SIGNAL_SET
WARNING: [BD 41-1281] Parameter SIGNAL_SET is not defined on /hls_ip_0/d_o_7. Setting parameter on /hls_ip_0/d_o_7 failed
WARNING: [BD 41-1282] Ignoring parameter SIGNAL_SET
WARNING: [BD 41-1281] Parameter SIGNAL_SET is not defined on /hls_ip_0/d_o_7. Setting parameter on /hls_ip_0/d_o_7 failed
INFO: [Device 21-403] Loading part xc7k160tfbg484-1
create_bd_cell: Time (s): cpu = 00:00:06 ; elapsed = 00:00:10 . Memory (MB): peak = 500.102 ; gain = 202.477
create_bd_cell: Time (s): cpu = 00:00:03 ; elapsed = 00:00:05 . Memory (MB): peak = 522.539 ; gain = 22.438
INFO: [xilinx.com:ip:clk_wiz:5.3-1] hls_bd_0_clk_wiz_1_0: divN_0 10 phase_0 0.000 dutyCycle_0 0.500 
INFO: [xilinx.com:ip:clk_wiz:5.3-9] hls_bd_0_clk_wiz_1_0: value_5 0x00c0
INFO: [xilinx.com:ip:clk_wiz:5.3-111] hls_bd_0_clk_wiz_1_0: value_0 1145 0000 0000
INFO: [xilinx.com:ip:clk_wiz:5.3-222] hls_bd_0_clk_wiz_1_0: value_0 0x0000
INFO: [xilinx.com:ip:clk_wiz:5.3-333] hls_bd_0_clk_wiz_1_0: value 00c0
INFO: [xilinx.com:ip:clk_wiz:5.3-1] hls_bd_0_clk_wiz_1_0: divN_0 10 phase_0 0.000 dutyCycle_0 0.500 
INFO: [xilinx.com:ip:clk_wiz:5.3-9] hls_bd_0_clk_wiz_1_0: value_5 0x00c0
INFO: [xilinx.com:ip:clk_wiz:5.3-111] hls_bd_0_clk_wiz_1_0: value_0 1145 0000 0000
INFO: [xilinx.com:ip:clk_wiz:5.3-222] hls_bd_0_clk_wiz_1_0: value_0 0x0000
INFO: [xilinx.com:ip:clk_wiz:5.3-333] hls_bd_0_clk_wiz_1_0: value 00c0
apply_bd_automation: Time (s): cpu = 00:00:14 ; elapsed = 00:00:26 . Memory (MB): peak = 572.473 ; gain = 287.477
</hls_ip_0/s_axi_AXILiteS/Reg> is being mapped into </microblaze_0/Data> at <0x44A00000 [ 64K ]>
INFO: [xilinx.com:ip:axi_intc:4.1-1] /microblaze_0_axi_intc: The AXI INTC core has been configured to operate with synchronous clocks.
Wrote  : <C:/training/Vivado_2016.1/hls/demos/axi_streaming/axi_interfaces_prj/solution1/impl/ip/example/project/project.srcs/sources_1/bd/hls_bd_0/hls_bd_0.bd> 
INFO: [Common 17-206] Exiting Vivado at Fri Aug 05 16:35:45 2016...
