

================================================================
== Vivado HLS Report for 'yuv_filter_yuv2rgb'
================================================================
* Date:           Fri Jun 10 19:55:11 2016

* Version:        2016.1 (Build 1538259 on Fri Apr 08 16:12:49 MDT 2016)
* Project:        yuv_filter_prj
* Solution:       solution3
* Product family: zynq
* Target device:  xc7z020clg484-1


================================================================
== Performance Estimates
================================================================
+ Timing (ns): 
    * Summary: 
    +--------+-------+----------+------------+
    |  Clock | Target| Estimated| Uncertainty|
    +--------+-------+----------+------------+
    |ap_clk  |  10.00|     11.19|        1.25|
    +--------+-------+----------+------------+

+ Latency (clock cycles): 
    * Summary: 
    +-------+---------+-------+---------+---------+
    |     Latency     |     Interval    | Pipeline|
    |  min  |   max   |  min  |   max   |   Type  |
    +-------+---------+-------+---------+---------+
    |  40007|  2457607|  40007|  2457607|   none  |
    +-------+---------+-------+---------+---------+

    + Detail: 
        * Instance: 
        N/A

        * Loop: 
        +---------------------------------+-------+---------+----------+-----------+-----------+-----------------+----------+
        |                                 |     Latency     | Iteration|  Initiation Interval  |       Trip      |          |
        |            Loop Name            |  min  |   max   |  Latency |  achieved |   target  |      Count      | Pipelined|
        +---------------------------------+-------+---------+----------+-----------+-----------+-----------------+----------+
        |- YUV2RGB_LOOP_X_YUV2RGB_LOOP_Y  |  40004|  2457604|         6|          1|          1| 40000 ~ 2457600 |    yes   |
        +---------------------------------+-------+---------+----------+-----------+-----------+-----------------+----------+

============================================================
+ Verbose Summary: Synthesis Manager
============================================================
InlineROM: 1
ExposeGlobal: 0
============================================================
+ Verbose Summary: CDFG Model
============================================================
IsTopModel: 0
ResetActiveHigh: 1
IsCombinational: 2
IsDatapathOnly: 0
HasWiredReturn: 1
HasMFsm: 0
HasVarLatency: 1
IsPipeline: 0
IsRtlPipelined: 0
IsInstanceOverlapped: 0
IsDontTouch: 0
HasImplIP: 0
IsGatedGlobalClock: 0

+ Individual pipeline summary: 
  * Pipeline-0: initiation interval (II) = 1, depth = 6


============================================================
+ Verbose Summary: Schedule
============================================================
* Number of FSM states: 9
* Pipeline: 1
  Pipeline-0: II = 1, D = 6, States = { 3 4 5 6 7 8 }
* Dataflow Pipeline: 0

* FSM state transitions: 
1 --> 
	2  / true
2 --> 
	3  / true
3 --> 
	9  / (exitcond_flatten)
	4  / (!exitcond_flatten)
4 --> 
	5  / true
5 --> 
	6  / true
6 --> 
	7  / true
7 --> 
	8  / true
8 --> 
	3  / true
9 --> 
* FSM state operations: 

 <State 1>: 4.38ns
ST_1: width [1/1] 4.38ns
:5  %width = call i16 @_ssdm_op_Read.ap_fifo.i16P(i16* %in_width)

ST_1: height [1/1] 4.38ns
:6  %height = call i16 @_ssdm_op_Read.ap_fifo.i16P(i16* %in_height)


 <State 2>: 6.38ns
ST_2: empty [1/1] 0.00ns
:0  %empty = call i32 (...)* @_ssdm_op_SpecInterface(i16* %in_height, [8 x i8]* @ap_fifo_str, i32 0, i32 0, i32 0, i32 0, [1 x i8]* @p_str, [1 x i8]* @p_str, [1 x i8]* @p_str, i32 2, i32 2, i32 16, i32 16, [1 x i8]* @p_str)

ST_2: empty_67 [1/1] 0.00ns
:1  %empty_67 = call i32 (...)* @_ssdm_op_SpecInterface(i16* %in_width, [8 x i8]* @ap_fifo_str, i32 0, i32 0, i32 0, i32 0, [1 x i8]* @p_str, [1 x i8]* @p_str, [1 x i8]* @p_str, i32 2, i32 2, i32 16, i32 16, [1 x i8]* @p_str)

ST_2: empty_68 [1/1] 0.00ns
:2  %empty_68 = call i32 (...)* @_ssdm_op_SpecInterface(i8* %in_channels_ch3, [8 x i8]* @ap_fifo_str, i32 0, i32 0, i32 0, i32 0, [1 x i8]* @p_str, [1 x i8]* @p_str, [1 x i8]* @p_str, i32 2, i32 2, i32 16, i32 16, [1 x i8]* @p_str)

ST_2: empty_69 [1/1] 0.00ns
:3  %empty_69 = call i32 (...)* @_ssdm_op_SpecInterface(i8* %in_channels_ch2, [8 x i8]* @ap_fifo_str, i32 0, i32 0, i32 0, i32 0, [1 x i8]* @p_str, [1 x i8]* @p_str, [1 x i8]* @p_str, i32 2, i32 2, i32 16, i32 16, [1 x i8]* @p_str)

ST_2: empty_70 [1/1] 0.00ns
:4  %empty_70 = call i32 (...)* @_ssdm_op_SpecInterface(i8* %in_channels_ch1, [8 x i8]* @ap_fifo_str, i32 0, i32 0, i32 0, i32 0, [1 x i8]* @p_str, [1 x i8]* @p_str, [1 x i8]* @p_str, i32 2, i32 2, i32 16, i32 16, [1 x i8]* @p_str)

ST_2: stg_17 [1/1] 0.00ns
:7  call void @_ssdm_op_Write.ap_auto.i16P(i16* %out_width, i16 %width)

ST_2: stg_18 [1/1] 0.00ns
:8  call void @_ssdm_op_Write.ap_auto.i16P(i16* %out_height, i16 %height)

ST_2: cast [1/1] 0.00ns
:9  %cast = zext i16 %width to i32

ST_2: cast1 [1/1] 0.00ns
:10  %cast1 = zext i16 %height to i32

ST_2: bound [1/1] 6.38ns
:11  %bound = mul i32 %cast1, %cast

ST_2: stg_22 [1/1] 1.57ns
:12  br label %1


 <State 3>: 7.35ns
ST_3: indvar_flatten [1/1] 0.00ns
:0  %indvar_flatten = phi i32 [ 0, %0 ], [ %indvar_flatten_next, %.reset ]

ST_3: x [1/1] 0.00ns
:1  %x = phi i16 [ 0, %0 ], [ %tmp_mid2_v, %.reset ]

ST_3: y [1/1] 0.00ns
:2  %y = phi i16 [ 0, %0 ], [ %y_1, %.reset ]

ST_3: exitcond_flatten [1/1] 2.52ns
:3  %exitcond_flatten = icmp eq i32 %indvar_flatten, %bound

ST_3: indvar_flatten_next [1/1] 2.44ns
:4  %indvar_flatten_next = add i32 %indvar_flatten, 1

ST_3: stg_28 [1/1] 0.00ns
:5  br i1 %exitcond_flatten, label %2, label %.reset

ST_3: x_1 [1/1] 1.96ns
.reset:0  %x_1 = add i16 1, %x

ST_3: exitcond [1/1] 2.28ns
.reset:3  %exitcond = icmp eq i16 %y, %height

ST_3: y_mid2 [1/1] 1.37ns
.reset:4  %y_mid2 = select i1 %exitcond, i16 0, i16 %y

ST_3: tmp_mid2_v [1/1] 1.37ns
.reset:5  %tmp_mid2_v = select i1 %exitcond, i16 %x_1, i16 %x

ST_3: tmp [1/1] 0.00ns
.reset:6  %tmp = trunc i16 %tmp_mid2_v to i13

ST_3: p_shl2_cast [1/1] 0.00ns
.reset:7  %p_shl2_cast = call i23 @_ssdm_op_BitConcatenate.i23.i13.i10(i13 %tmp, i10 0)

ST_3: tmp_1 [1/1] 0.00ns
.reset:8  %tmp_1 = trunc i16 %tmp_mid2_v to i15

ST_3: p_shl3_cast [1/1] 0.00ns
.reset:9  %p_shl3_cast = call i23 @_ssdm_op_BitConcatenate.i23.i15.i8(i15 %tmp_1, i8 0)

ST_3: tmp_7 [1/1] 1.85ns
.reset:10  %tmp_7 = add i23 %p_shl3_cast, %p_shl2_cast

ST_3: tmp_cast [1/1] 0.00ns
.reset:14  %tmp_cast = zext i16 %y_mid2 to i23

ST_3: tmp_s [1/1] 1.85ns
.reset:15  %tmp_s = add i23 %tmp_7, %tmp_cast

ST_3: y_1 [1/1] 1.96ns
.reset:75  %y_1 = add i16 1, %y_mid2


 <State 4>: 4.38ns
ST_4: Y [1/1] 4.38ns
.reset:20  %Y = call i8 @_ssdm_op_Read.ap_fifo.volatile.i8P(i8* %in_channels_ch1)

ST_4: U [1/1] 4.38ns
.reset:21  %U = call i8 @_ssdm_op_Read.ap_fifo.volatile.i8P(i8* %in_channels_ch2)

ST_4: V [1/1] 4.38ns
.reset:22  %V = call i8 @_ssdm_op_Read.ap_fifo.volatile.i8P(i8* %in_channels_ch3)


 <State 5>: 7.75ns
ST_5: tmp_13_cast [1/1] 0.00ns
.reset:23  %tmp_13_cast = zext i8 %Y to i9

ST_5: C [1/1] 0.00ns
.reset:24  %C = add i9 -16, %tmp_13_cast

ST_5: D [1/1] 1.37ns
.reset:25  %D = xor i8 %U, -128

ST_5: E [1/1] 1.37ns
.reset:26  %E = xor i8 %V, -128

ST_5: tmp_16_cast [1/1] 0.00ns
.reset:27  %tmp_16_cast = sext i9 %C to i18

ST_5: tmp_3 [1/1] 3.36ns
.reset:28  %tmp_3 = mul i18 298, %tmp_16_cast

ST_5: tmp_18_cast4_cast [1/1] 0.00ns
.reset:30  %tmp_18_cast4_cast = sext i8 %E to i17

ST_5: tmp_5 [1/1] 3.02ns
.reset:32  %tmp_5 = add i18 128, %tmp_3

ST_5: tmp_11 [1/1] 6.38ns
.reset:45  %tmp_11 = mul i17 -208, %tmp_18_cast4_cast


 <State 6>: 11.19ns
ST_6: tmp_18_cast4 [1/1] 0.00ns
.reset:29  %tmp_18_cast4 = sext i8 %E to i18

ST_6: tmp_4 [1/1] 3.36ns
.reset:31  %tmp_4 = mul i18 409, %tmp_18_cast4

ST_6: tmp_20_cast [1/1] 0.00ns
.reset:33  %tmp_20_cast = sext i18 %tmp_5 to i19

ST_6: tmp_6 [1/1] 3.02ns
.reset:34  %tmp_6 = add i18 %tmp_5, %tmp_4

ST_6: tmp_8 [1/1] 0.00ns
.reset:35  %tmp_8 = call i2 @_ssdm_op_PartSelect.i2.i18.i32.i32(i18 %tmp_6, i32 16, i32 17)

ST_6: icmp [1/1] 1.36ns
.reset:36  %icmp = icmp eq i2 %tmp_8, 1

ST_6: tmp_9 [1/1] 0.00ns (grouped into LUT with out node R)
.reset:37  %tmp_9 = call i1 @_ssdm_op_BitSelect.i1.i18.i32(i18 %tmp_6, i32 17)

ST_6: phitmp [1/1] 0.00ns (grouped into LUT with out node R)
.reset:38  %phitmp = call i8 @_ssdm_op_PartSelect.i8.i18.i32.i32(i18 %tmp_6, i32 8, i32 15)

ST_6: p_phitmp [1/1] 0.00ns (grouped into LUT with out node R)
.reset:39  %p_phitmp = select i1 %icmp, i8 -1, i8 0

ST_6: tmp_12 [1/1] 0.00ns (grouped into LUT with out node R)
.reset:40  %tmp_12 = or i1 %icmp, %tmp_9

ST_6: R [1/1] 1.37ns (out node of the LUT)
.reset:41  %R = select i1 %tmp_12, i8 %p_phitmp, i8 %phitmp

ST_6: tmp_26_cast3_cast [1/1] 0.00ns
.reset:42  %tmp_26_cast3_cast = sext i8 %D to i16

ST_6: tmp_10 [1/1] 3.36ns
.reset:43  %tmp_10 = mul i16 -100, %tmp_26_cast3_cast

ST_6: tmp_10_cast [1/1] 0.00ns
.reset:44  %tmp_10_cast = sext i16 %tmp_10 to i17

ST_6: tmp1 [1/1] 3.02ns
.reset:46  %tmp1 = add i17 %tmp_10_cast, %tmp_11

ST_6: tmp1_cast [1/1] 0.00ns
.reset:47  %tmp1_cast = sext i17 %tmp1 to i18

ST_6: tmp_13 [1/1] 2.08ns
.reset:48  %tmp_13 = add i18 %tmp1_cast, %tmp_5

ST_6: tmp_14 [1/1] 0.00ns
.reset:49  %tmp_14 = call i2 @_ssdm_op_PartSelect.i2.i18.i32.i32(i18 %tmp_13, i32 16, i32 17)

ST_6: icmp1 [1/1] 1.36ns
.reset:50  %icmp1 = icmp eq i2 %tmp_14, 1

ST_6: tmp_15 [1/1] 0.00ns (grouped into LUT with out node G)
.reset:51  %tmp_15 = call i1 @_ssdm_op_BitSelect.i1.i18.i32(i18 %tmp_13, i32 17)

ST_6: phitmp2 [1/1] 0.00ns (grouped into LUT with out node G)
.reset:52  %phitmp2 = call i8 @_ssdm_op_PartSelect.i8.i18.i32.i32(i18 %tmp_13, i32 8, i32 15)

ST_6: p_phitmp2 [1/1] 0.00ns (grouped into LUT with out node G)
.reset:53  %p_phitmp2 = select i1 %icmp1, i8 -1, i8 0

ST_6: tmp_16 [1/1] 0.00ns (grouped into LUT with out node G)
.reset:54  %tmp_16 = or i1 %icmp1, %tmp_15

ST_6: G [1/1] 1.37ns (out node of the LUT)
.reset:55  %G = select i1 %tmp_16, i8 %p_phitmp2, i8 %phitmp2

ST_6: p_shl [1/1] 0.00ns
.reset:56  %p_shl = call i17 @_ssdm_op_BitConcatenate.i17.i8.i9(i8 %D, i9 0)

ST_6: p_shl_cast [1/1] 0.00ns
.reset:57  %p_shl_cast = sext i17 %p_shl to i18

ST_6: p_shl1 [1/1] 0.00ns
.reset:58  %p_shl1 = call i10 @_ssdm_op_BitConcatenate.i10.i8.i2(i8 %D, i2 0)

ST_6: p_shl1_cast [1/1] 0.00ns
.reset:59  %p_shl1_cast = sext i10 %p_shl1 to i18

ST_6: tmp_17 [1/1] 2.08ns
.reset:60  %tmp_17 = add i18 %p_shl_cast, %p_shl1_cast

ST_6: tmp_35_cast [1/1] 0.00ns
.reset:61  %tmp_35_cast = sext i18 %tmp_17 to i19

ST_6: tmp_19 [1/1] 2.08ns
.reset:62  %tmp_19 = add i18 %tmp_17, %tmp_5

ST_6: tmp_18 [1/1] 2.08ns
.reset:63  %tmp_18 = add i19 %tmp_20_cast, %tmp_35_cast

ST_6: tmp_20 [1/1] 0.00ns
.reset:64  %tmp_20 = call i3 @_ssdm_op_PartSelect.i3.i19.i32.i32(i19 %tmp_18, i32 16, i32 18)

ST_6: icmp2 [1/1] 1.62ns
.reset:65  %icmp2 = icmp sgt i3 %tmp_20, 0

ST_6: tmp_21 [1/1] 0.00ns (grouped into LUT with out node B)
.reset:66  %tmp_21 = call i1 @_ssdm_op_BitSelect.i1.i19.i32(i19 %tmp_18, i32 18)

ST_6: phitmp3 [1/1] 0.00ns (grouped into LUT with out node B)
.reset:67  %phitmp3 = call i8 @_ssdm_op_PartSelect.i8.i18.i32.i32(i18 %tmp_19, i32 8, i32 15)

ST_6: p_phitmp3 [1/1] 0.00ns (grouped into LUT with out node B)
.reset:68  %p_phitmp3 = select i1 %icmp2, i8 -1, i8 0

ST_6: tmp_22 [1/1] 0.00ns (grouped into LUT with out node B)
.reset:69  %tmp_22 = or i1 %icmp2, %tmp_21

ST_6: B [1/1] 1.37ns (out node of the LUT)
.reset:70  %B = select i1 %tmp_22, i8 %p_phitmp3, i8 %phitmp3


 <State 7>: 2.61ns
ST_7: tmp_19_cast [1/1] 0.00ns
.reset:16  %tmp_19_cast = zext i23 %tmp_s to i64

ST_7: out_channels_ch1_addr [1/1] 0.00ns
.reset:17  %out_channels_ch1_addr = getelementptr [2457600 x i8]* %out_channels_ch1, i64 0, i64 %tmp_19_cast

ST_7: out_channels_ch2_addr [1/1] 0.00ns
.reset:18  %out_channels_ch2_addr = getelementptr [2457600 x i8]* %out_channels_ch2, i64 0, i64 %tmp_19_cast

ST_7: out_channels_ch3_addr [1/1] 0.00ns
.reset:19  %out_channels_ch3_addr = getelementptr [2457600 x i8]* %out_channels_ch3, i64 0, i64 %tmp_19_cast

ST_7: stg_96 [2/2] 2.61ns
.reset:71  store i8 %R, i8* %out_channels_ch1_addr, align 1

ST_7: stg_97 [2/2] 2.61ns
.reset:72  store i8 %G, i8* %out_channels_ch2_addr, align 1

ST_7: stg_98 [2/2] 2.61ns
.reset:73  store i8 %B, i8* %out_channels_ch3_addr, align 1


 <State 8>: 2.61ns
ST_8: stg_99 [1/1] 0.00ns
.reset:1  call void (...)* @_ssdm_op_SpecLoopName([30 x i8]* @YUV2RGB_LOOP_X_YUV2RGB_LOOP_Y_s)

ST_8: stg_100 [1/1] 0.00ns
.reset:2  call void (...)* @_ssdm_op_SpecLoopTripCount(i64 40000, i64 2457600, i64 784400)

ST_8: stg_101 [1/1] 0.00ns
.reset:11  call void (...)* @_ssdm_op_SpecLoopName([15 x i8]* @p_str4) nounwind

ST_8: tmp_2 [1/1] 0.00ns
.reset:12  %tmp_2 = call i32 (...)* @_ssdm_op_SpecRegionBegin([15 x i8]* @p_str4)

ST_8: stg_103 [1/1] 0.00ns
.reset:13  call void (...)* @_ssdm_op_SpecPipeline(i32 -1, i32 1, i32 1, i32 0, [1 x i8]* @p_str) nounwind

ST_8: stg_104 [1/2] 2.61ns
.reset:71  store i8 %R, i8* %out_channels_ch1_addr, align 1

ST_8: stg_105 [1/2] 2.61ns
.reset:72  store i8 %G, i8* %out_channels_ch2_addr, align 1

ST_8: stg_106 [1/2] 2.61ns
.reset:73  store i8 %B, i8* %out_channels_ch3_addr, align 1

ST_8: empty_71 [1/1] 0.00ns
.reset:74  %empty_71 = call i32 (...)* @_ssdm_op_SpecRegionEnd([15 x i8]* @p_str4, i32 %tmp_2)

ST_8: stg_108 [1/1] 0.00ns
.reset:76  br label %1


 <State 9>: 0.00ns
ST_9: stg_109 [1/1] 0.00ns
:0  ret void



============================================================
+ Verbose Summary: Binding
============================================================
STG Binding: 
---------------- STG Properties BEGIN ----------------
- Is combinational: 0
- Is one-state seq: 0
- Is datapath-only: 0
- Is clock enabled: 0
- Is pipelined: 0
- Is top level: 0
Port [ Return ] is wired: 1; IO mode=ap_ctrl_hs:ce=0
Port [ in_channels_ch1]:  wired=1; compound=1; hidden=0; nouse=0; global=0; static=0; extern=0; dir=0; type=3; pingpong=0; private_global=0; IO mode=ap_fifo:ce=0
Port [ in_channels_ch2]:  wired=1; compound=1; hidden=0; nouse=0; global=0; static=0; extern=0; dir=0; type=3; pingpong=0; private_global=0; IO mode=ap_fifo:ce=0
Port [ in_channels_ch3]:  wired=1; compound=1; hidden=0; nouse=0; global=0; static=0; extern=0; dir=0; type=3; pingpong=0; private_global=0; IO mode=ap_fifo:ce=0
Port [ in_width]:  wired=1; compound=1; hidden=0; nouse=0; global=0; static=0; extern=0; dir=0; type=3; pingpong=0; private_global=0; IO mode=ap_fifo:ce=0
Port [ in_height]:  wired=1; compound=1; hidden=0; nouse=0; global=0; static=0; extern=0; dir=0; type=3; pingpong=0; private_global=0; IO mode=ap_fifo:ce=0
Port [ out_channels_ch1]:  wired=1; compound=1; hidden=0; nouse=0; global=0; static=0; extern=0; dir=1; type=1; pingpong=0; private_global=0; MemPort=[03]; IO mode=ap_memory:ce=0
Port [ out_channels_ch2]:  wired=1; compound=1; hidden=0; nouse=0; global=0; static=0; extern=0; dir=1; type=1; pingpong=0; private_global=0; MemPort=[03]; IO mode=ap_memory:ce=0
Port [ out_channels_ch3]:  wired=1; compound=1; hidden=0; nouse=0; global=0; static=0; extern=0; dir=1; type=1; pingpong=0; private_global=0; MemPort=[03]; IO mode=ap_memory:ce=0
Port [ out_width]:  wired=1; compound=0; hidden=0; nouse=0; global=0; static=0; extern=0; dir=1; type=0; pingpong=0; private_global=0; IO mode=ap_vld:ce=0
Port [ out_height]:  wired=1; compound=0; hidden=0; nouse=0; global=0; static=0; extern=0; dir=1; type=0; pingpong=0; private_global=0; IO mode=ap_vld:ce=0
---------------- STG Properties END ------------------

---------------- Datapath Model BEGIN ----------------

<LifeTime>
<method=bitvector/>
width                 (read             ) [ 0010000000]
height                (read             ) [ 0011111110]
empty                 (specinterface    ) [ 0000000000]
empty_67              (specinterface    ) [ 0000000000]
empty_68              (specinterface    ) [ 0000000000]
empty_69              (specinterface    ) [ 0000000000]
empty_70              (specinterface    ) [ 0000000000]
stg_17                (write            ) [ 0000000000]
stg_18                (write            ) [ 0000000000]
cast                  (zext             ) [ 0000000000]
cast1                 (zext             ) [ 0000000000]
bound                 (mul              ) [ 0001111110]
stg_22                (br               ) [ 0011111110]
indvar_flatten        (phi              ) [ 0001000000]
x                     (phi              ) [ 0001000000]
y                     (phi              ) [ 0001000000]
exitcond_flatten      (icmp             ) [ 0001111110]
indvar_flatten_next   (add              ) [ 0011111110]
stg_28                (br               ) [ 0000000000]
x_1                   (add              ) [ 0000000000]
exitcond              (icmp             ) [ 0000000000]
y_mid2                (select           ) [ 0000000000]
tmp_mid2_v            (select           ) [ 0011111110]
tmp                   (trunc            ) [ 0000000000]
p_shl2_cast           (bitconcatenate   ) [ 0000000000]
tmp_1                 (trunc            ) [ 0000000000]
p_shl3_cast           (bitconcatenate   ) [ 0000000000]
tmp_7                 (add              ) [ 0000000000]
tmp_cast              (zext             ) [ 0000000000]
tmp_s                 (add              ) [ 0001111100]
y_1                   (add              ) [ 0011111110]
Y                     (read             ) [ 0001010000]
U                     (read             ) [ 0001010000]
V                     (read             ) [ 0001010000]
tmp_13_cast           (zext             ) [ 0000000000]
C                     (add              ) [ 0000000000]
D                     (xor              ) [ 0001001000]
E                     (xor              ) [ 0001001000]
tmp_16_cast           (sext             ) [ 0000000000]
tmp_3                 (mul              ) [ 0000000000]
tmp_18_cast4_cast     (sext             ) [ 0000000000]
tmp_5                 (add              ) [ 0001001000]
tmp_11                (mul              ) [ 0001001000]
tmp_18_cast4          (sext             ) [ 0000000000]
tmp_4                 (mul              ) [ 0000000000]
tmp_20_cast           (sext             ) [ 0000000000]
tmp_6                 (add              ) [ 0000000000]
tmp_8                 (partselect       ) [ 0000000000]
icmp                  (icmp             ) [ 0000000000]
tmp_9                 (bitselect        ) [ 0000000000]
phitmp                (partselect       ) [ 0000000000]
p_phitmp              (select           ) [ 0000000000]
tmp_12                (or               ) [ 0000000000]
R                     (select           ) [ 0001000110]
tmp_26_cast3_cast     (sext             ) [ 0000000000]
tmp_10                (mul              ) [ 0000000000]
tmp_10_cast           (sext             ) [ 0000000000]
tmp1                  (add              ) [ 0000000000]
tmp1_cast             (sext             ) [ 0000000000]
tmp_13                (add              ) [ 0000000000]
tmp_14                (partselect       ) [ 0000000000]
icmp1                 (icmp             ) [ 0000000000]
tmp_15                (bitselect        ) [ 0000000000]
phitmp2               (partselect       ) [ 0000000000]
p_phitmp2             (select           ) [ 0000000000]
tmp_16                (or               ) [ 0000000000]
G                     (select           ) [ 0001000110]
p_shl                 (bitconcatenate   ) [ 0000000000]
p_shl_cast            (sext             ) [ 0000000000]
p_shl1                (bitconcatenate   ) [ 0000000000]
p_shl1_cast           (sext             ) [ 0000000000]
tmp_17                (add              ) [ 0000000000]
tmp_35_cast           (sext             ) [ 0000000000]
tmp_19                (add              ) [ 0000000000]
tmp_18                (add              ) [ 0000000000]
tmp_20                (partselect       ) [ 0000000000]
icmp2                 (icmp             ) [ 0000000000]
tmp_21                (bitselect        ) [ 0000000000]
phitmp3               (partselect       ) [ 0000000000]
p_phitmp3             (select           ) [ 0000000000]
tmp_22                (or               ) [ 0000000000]
B                     (select           ) [ 0001000110]
tmp_19_cast           (zext             ) [ 0000000000]
out_channels_ch1_addr (getelementptr    ) [ 0001000010]
out_channels_ch2_addr (getelementptr    ) [ 0001000010]
out_channels_ch3_addr (getelementptr    ) [ 0001000010]
stg_99                (specloopname     ) [ 0000000000]
stg_100               (speclooptripcount) [ 0000000000]
stg_101               (specloopname     ) [ 0000000000]
tmp_2                 (specregionbegin  ) [ 0000000000]
stg_103               (specpipeline     ) [ 0000000000]
stg_104               (store            ) [ 0000000000]
stg_105               (store            ) [ 0000000000]
stg_106               (store            ) [ 0000000000]
empty_71              (specregionend    ) [ 0000000000]
stg_108               (br               ) [ 0011111110]
stg_109               (ret              ) [ 0000000000]
</LifeTime>

<model>

<comp_list>
<comp id="0" class="1000" name="in_channels_ch1">
<pin_list>
<pin id="1" dir="1" index="0" bw="1" slack="0"/>
</pin_list>
<bind>
<StgValue><ssdm name="in_channels_ch1"/></StgValue>
</bind>
</comp>

<comp id="2" class="1000" name="in_channels_ch2">
<pin_list>
<pin id="3" dir="1" index="0" bw="1" slack="0"/>
</pin_list>
<bind>
<StgValue><ssdm name="in_channels_ch2"/></StgValue>
</bind>
</comp>

<comp id="4" class="1000" name="in_channels_ch3">
<pin_list>
<pin id="5" dir="1" index="0" bw="1" slack="0"/>
</pin_list>
<bind>
<StgValue><ssdm name="in_channels_ch3"/></StgValue>
</bind>
</comp>

<comp id="6" class="1000" name="in_width">
<pin_list>
<pin id="7" dir="1" index="0" bw="1" slack="0"/>
</pin_list>
<bind>
<StgValue><ssdm name="in_width"/></StgValue>
</bind>
</comp>

<comp id="8" class="1000" name="in_height">
<pin_list>
<pin id="9" dir="1" index="0" bw="1" slack="0"/>
</pin_list>
<bind>
<StgValue><ssdm name="in_height"/></StgValue>
</bind>
</comp>

<comp id="10" class="1000" name="out_channels_ch1">
<pin_list>
<pin id="11" dir="1" index="0" bw="1" slack="0"/>
</pin_list>
<bind>
<StgValue><ssdm name="out_channels_ch1"/><MemPortTyVec>0 3 </MemPortTyVec>
</StgValue>
</bind>
</comp>

<comp id="12" class="1000" name="out_channels_ch2">
<pin_list>
<pin id="13" dir="1" index="0" bw="1" slack="0"/>
</pin_list>
<bind>
<StgValue><ssdm name="out_channels_ch2"/><MemPortTyVec>0 3 </MemPortTyVec>
</StgValue>
</bind>
</comp>

<comp id="14" class="1000" name="out_channels_ch3">
<pin_list>
<pin id="15" dir="1" index="0" bw="1" slack="0"/>
</pin_list>
<bind>
<StgValue><ssdm name="out_channels_ch3"/><MemPortTyVec>0 3 </MemPortTyVec>
</StgValue>
</bind>
</comp>

<comp id="16" class="1000" name="out_width">
<pin_list>
<pin id="17" dir="1" index="0" bw="1" slack="0"/>
</pin_list>
<bind>
<StgValue><ssdm name="out_width"/></StgValue>
</bind>
</comp>

<comp id="18" class="1000" name="out_height">
<pin_list>
<pin id="19" dir="1" index="0" bw="1" slack="0"/>
</pin_list>
<bind>
<StgValue><ssdm name="out_height"/></StgValue>
</bind>
</comp>

<comp id="20" class="1001" name="const_20">
<pin_list>
<pin id="21" dir="1" index="0" bw="1" slack="0"/>
</pin_list>
<bind>
<StgValue><ssdm name="_ssdm_op_Read.ap_fifo.i16P"/></StgValue>
</bind>
</comp>

<comp id="22" class="1001" name="const_22">
<pin_list>
<pin id="23" dir="1" index="0" bw="1" slack="2147483647"/>
</pin_list>
<bind>
<StgValue><ssdm name="_ssdm_op_SpecInterface"/></StgValue>
</bind>
</comp>

<comp id="24" class="1001" name="const_24">
<pin_list>
<pin id="25" dir="1" index="0" bw="1" slack="2147483647"/>
</pin_list>
<bind>
<StgValue><ssdm name="ap_fifo_str"/></StgValue>
</bind>
</comp>

<comp id="26" class="1001" name="const_26">
<pin_list>
<pin id="27" dir="1" index="0" bw="1" slack="1"/>
</pin_list>
<bind>
<StgValue><ssdm name=""/></StgValue>
</bind>
</comp>

<comp id="28" class="1001" name="const_28">
<pin_list>
<pin id="29" dir="1" index="0" bw="1" slack="2147483647"/>
</pin_list>
<bind>
<StgValue><ssdm name="p_str"/></StgValue>
</bind>
</comp>

<comp id="30" class="1001" name="const_30">
<pin_list>
<pin id="31" dir="1" index="0" bw="1" slack="2147483647"/>
</pin_list>
<bind>
<StgValue><ssdm name=""/></StgValue>
</bind>
</comp>

<comp id="32" class="1001" name="const_32">
<pin_list>
<pin id="33" dir="1" index="0" bw="1" slack="0"/>
</pin_list>
<bind>
<StgValue><ssdm name=""/></StgValue>
</bind>
</comp>

<comp id="34" class="1001" name="const_34">
<pin_list>
<pin id="35" dir="1" index="0" bw="1" slack="0"/>
</pin_list>
<bind>
<StgValue><ssdm name="_ssdm_op_Write.ap_auto.i16P"/></StgValue>
</bind>
</comp>

<comp id="36" class="1001" name="const_36">
<pin_list>
<pin id="37" dir="1" index="0" bw="1" slack="0"/>
</pin_list>
<bind>
<StgValue><ssdm name=""/></StgValue>
</bind>
</comp>

<comp id="38" class="1001" name="const_38">
<pin_list>
<pin id="39" dir="1" index="0" bw="1" slack="0"/>
</pin_list>
<bind>
<StgValue><ssdm name=""/></StgValue>
</bind>
</comp>

<comp id="40" class="1001" name="const_40">
<pin_list>
<pin id="41" dir="1" index="0" bw="1" slack="0"/>
</pin_list>
<bind>
<StgValue><ssdm name=""/></StgValue>
</bind>
</comp>

<comp id="42" class="1001" name="const_42">
<pin_list>
<pin id="43" dir="1" index="0" bw="1" slack="0"/>
</pin_list>
<bind>
<StgValue><ssdm name="_ssdm_op_BitConcatenate.i23.i13.i10"/></StgValue>
</bind>
</comp>

<comp id="44" class="1001" name="const_44">
<pin_list>
<pin id="45" dir="1" index="0" bw="1" slack="0"/>
</pin_list>
<bind>
<StgValue><ssdm name=""/></StgValue>
</bind>
</comp>

<comp id="46" class="1001" name="const_46">
<pin_list>
<pin id="47" dir="1" index="0" bw="1" slack="0"/>
</pin_list>
<bind>
<StgValue><ssdm name="_ssdm_op_BitConcatenate.i23.i15.i8"/></StgValue>
</bind>
</comp>

<comp id="48" class="1001" name="const_48">
<pin_list>
<pin id="49" dir="1" index="0" bw="1" slack="0"/>
</pin_list>
<bind>
<StgValue><ssdm name=""/></StgValue>
</bind>
</comp>

<comp id="50" class="1001" name="const_50">
<pin_list>
<pin id="51" dir="1" index="0" bw="1" slack="0"/>
</pin_list>
<bind>
<StgValue><ssdm name="_ssdm_op_Read.ap_fifo.volatile.i8P"/></StgValue>
</bind>
</comp>

<comp id="52" class="1001" name="const_52">
<pin_list>
<pin id="53" dir="1" index="0" bw="1" slack="0"/>
</pin_list>
<bind>
<StgValue><ssdm name=""/></StgValue>
</bind>
</comp>

<comp id="54" class="1001" name="const_54">
<pin_list>
<pin id="55" dir="1" index="0" bw="1" slack="0"/>
</pin_list>
<bind>
<StgValue><ssdm name=""/></StgValue>
</bind>
</comp>

<comp id="56" class="1001" name="const_56">
<pin_list>
<pin id="57" dir="1" index="0" bw="1" slack="0"/>
</pin_list>
<bind>
<StgValue><ssdm name=""/></StgValue>
</bind>
</comp>

<comp id="58" class="1001" name="const_58">
<pin_list>
<pin id="59" dir="1" index="0" bw="1" slack="0"/>
</pin_list>
<bind>
<StgValue><ssdm name=""/></StgValue>
</bind>
</comp>

<comp id="60" class="1001" name="const_60">
<pin_list>
<pin id="61" dir="1" index="0" bw="1" slack="0"/>
</pin_list>
<bind>
<StgValue><ssdm name=""/></StgValue>
</bind>
</comp>

<comp id="62" class="1001" name="const_62">
<pin_list>
<pin id="63" dir="1" index="0" bw="1" slack="0"/>
</pin_list>
<bind>
<StgValue><ssdm name=""/></StgValue>
</bind>
</comp>

<comp id="64" class="1001" name="const_64">
<pin_list>
<pin id="65" dir="1" index="0" bw="1" slack="0"/>
</pin_list>
<bind>
<StgValue><ssdm name="_ssdm_op_PartSelect.i2.i18.i32.i32"/></StgValue>
</bind>
</comp>

<comp id="66" class="1001" name="const_66">
<pin_list>
<pin id="67" dir="1" index="0" bw="1" slack="0"/>
</pin_list>
<bind>
<StgValue><ssdm name=""/></StgValue>
</bind>
</comp>

<comp id="68" class="1001" name="const_68">
<pin_list>
<pin id="69" dir="1" index="0" bw="1" slack="0"/>
</pin_list>
<bind>
<StgValue><ssdm name=""/></StgValue>
</bind>
</comp>

<comp id="70" class="1001" name="const_70">
<pin_list>
<pin id="71" dir="1" index="0" bw="1" slack="0"/>
</pin_list>
<bind>
<StgValue><ssdm name="_ssdm_op_BitSelect.i1.i18.i32"/></StgValue>
</bind>
</comp>

<comp id="72" class="1001" name="const_72">
<pin_list>
<pin id="73" dir="1" index="0" bw="1" slack="0"/>
</pin_list>
<bind>
<StgValue><ssdm name="_ssdm_op_PartSelect.i8.i18.i32.i32"/></StgValue>
</bind>
</comp>

<comp id="74" class="1001" name="const_74">
<pin_list>
<pin id="75" dir="1" index="0" bw="1" slack="0"/>
</pin_list>
<bind>
<StgValue><ssdm name=""/></StgValue>
</bind>
</comp>

<comp id="76" class="1001" name="const_76">
<pin_list>
<pin id="77" dir="1" index="0" bw="1" slack="0"/>
</pin_list>
<bind>
<StgValue><ssdm name=""/></StgValue>
</bind>
</comp>

<comp id="78" class="1001" name="const_78">
<pin_list>
<pin id="79" dir="1" index="0" bw="1" slack="0"/>
</pin_list>
<bind>
<StgValue><ssdm name=""/></StgValue>
</bind>
</comp>

<comp id="80" class="1001" name="const_80">
<pin_list>
<pin id="81" dir="1" index="0" bw="1" slack="0"/>
</pin_list>
<bind>
<StgValue><ssdm name=""/></StgValue>
</bind>
</comp>

<comp id="82" class="1001" name="const_82">
<pin_list>
<pin id="83" dir="1" index="0" bw="1" slack="0"/>
</pin_list>
<bind>
<StgValue><ssdm name="_ssdm_op_BitConcatenate.i17.i8.i9"/></StgValue>
</bind>
</comp>

<comp id="84" class="1001" name="const_84">
<pin_list>
<pin id="85" dir="1" index="0" bw="1" slack="0"/>
</pin_list>
<bind>
<StgValue><ssdm name=""/></StgValue>
</bind>
</comp>

<comp id="86" class="1001" name="const_86">
<pin_list>
<pin id="87" dir="1" index="0" bw="1" slack="0"/>
</pin_list>
<bind>
<StgValue><ssdm name="_ssdm_op_BitConcatenate.i10.i8.i2"/></StgValue>
</bind>
</comp>

<comp id="88" class="1001" name="const_88">
<pin_list>
<pin id="89" dir="1" index="0" bw="1" slack="0"/>
</pin_list>
<bind>
<StgValue><ssdm name=""/></StgValue>
</bind>
</comp>

<comp id="90" class="1001" name="const_90">
<pin_list>
<pin id="91" dir="1" index="0" bw="1" slack="0"/>
</pin_list>
<bind>
<StgValue><ssdm name="_ssdm_op_PartSelect.i3.i19.i32.i32"/></StgValue>
</bind>
</comp>

<comp id="92" class="1001" name="const_92">
<pin_list>
<pin id="93" dir="1" index="0" bw="1" slack="0"/>
</pin_list>
<bind>
<StgValue><ssdm name=""/></StgValue>
</bind>
</comp>

<comp id="94" class="1001" name="const_94">
<pin_list>
<pin id="95" dir="1" index="0" bw="1" slack="0"/>
</pin_list>
<bind>
<StgValue><ssdm name=""/></StgValue>
</bind>
</comp>

<comp id="96" class="1001" name="const_96">
<pin_list>
<pin id="97" dir="1" index="0" bw="1" slack="0"/>
</pin_list>
<bind>
<StgValue><ssdm name="_ssdm_op_BitSelect.i1.i19.i32"/></StgValue>
</bind>
</comp>

<comp id="98" class="1001" name="const_98">
<pin_list>
<pin id="99" dir="1" index="0" bw="1" slack="0"/>
</pin_list>
<bind>
<StgValue><ssdm name=""/></StgValue>
</bind>
</comp>

<comp id="100" class="1001" name="const_100">
<pin_list>
<pin id="101" dir="1" index="0" bw="1" slack="2147483647"/>
</pin_list>
<bind>
<StgValue><ssdm name="_ssdm_op_SpecLoopName"/></StgValue>
</bind>
</comp>

<comp id="102" class="1001" name="const_102">
<pin_list>
<pin id="103" dir="1" index="0" bw="1" slack="2147483647"/>
</pin_list>
<bind>
<StgValue><ssdm name="YUV2RGB_LOOP_X_YUV2RGB_LOOP_Y_s"/></StgValue>
</bind>
</comp>

<comp id="104" class="1001" name="const_104">
<pin_list>
<pin id="105" dir="1" index="0" bw="1" slack="2147483647"/>
</pin_list>
<bind>
<StgValue><ssdm name="_ssdm_op_SpecLoopTripCount"/></StgValue>
</bind>
</comp>

<comp id="106" class="1001" name="const_106">
<pin_list>
<pin id="107" dir="1" index="0" bw="1" slack="2147483647"/>
</pin_list>
<bind>
<StgValue><ssdm name=""/></StgValue>
</bind>
</comp>

<comp id="108" class="1001" name="const_108">
<pin_list>
<pin id="109" dir="1" index="0" bw="1" slack="2147483647"/>
</pin_list>
<bind>
<StgValue><ssdm name=""/></StgValue>
</bind>
</comp>

<comp id="110" class="1001" name="const_110">
<pin_list>
<pin id="111" dir="1" index="0" bw="1" slack="2147483647"/>
</pin_list>
<bind>
<StgValue><ssdm name=""/></StgValue>
</bind>
</comp>

<comp id="112" class="1001" name="const_112">
<pin_list>
<pin id="113" dir="1" index="0" bw="1" slack="2147483647"/>
</pin_list>
<bind>
<StgValue><ssdm name="p_str4"/></StgValue>
</bind>
</comp>

<comp id="114" class="1001" name="const_114">
<pin_list>
<pin id="115" dir="1" index="0" bw="1" slack="2147483647"/>
</pin_list>
<bind>
<StgValue><ssdm name="_ssdm_op_SpecRegionBegin"/></StgValue>
</bind>
</comp>

<comp id="116" class="1001" name="const_116">
<pin_list>
<pin id="117" dir="1" index="0" bw="1" slack="2147483647"/>
</pin_list>
<bind>
<StgValue><ssdm name="_ssdm_op_SpecPipeline"/></StgValue>
</bind>
</comp>

<comp id="118" class="1001" name="const_118">
<pin_list>
<pin id="119" dir="1" index="0" bw="1" slack="2147483647"/>
</pin_list>
<bind>
<StgValue><ssdm name=""/></StgValue>
</bind>
</comp>

<comp id="120" class="1001" name="const_120">
<pin_list>
<pin id="121" dir="1" index="0" bw="1" slack="2147483647"/>
</pin_list>
<bind>
<StgValue><ssdm name="_ssdm_op_SpecRegionEnd"/></StgValue>
</bind>
</comp>

<comp id="122" class="1004" name="width_read_fu_122">
<pin_list>
<pin id="123" dir="0" index="0" bw="16" slack="0"/>
<pin id="124" dir="0" index="1" bw="16" slack="0"/>
<pin id="125" dir="1" index="2" bw="16" slack="1"/>
</pin_list>
<bind>
<opcode="read(1150) " fcode="read"/>
<opset="width/1 "/>
</bind>
</comp>

<comp id="128" class="1004" name="height_read_fu_128">
<pin_list>
<pin id="129" dir="0" index="0" bw="16" slack="0"/>
<pin id="130" dir="0" index="1" bw="16" slack="0"/>
<pin id="131" dir="1" index="2" bw="16" slack="1"/>
</pin_list>
<bind>
<opcode="read(1150) " fcode="read"/>
<opset="height/1 "/>
</bind>
</comp>

<comp id="134" class="1004" name="stg_17_write_fu_134">
<pin_list>
<pin id="135" dir="0" index="0" bw="0" slack="0"/>
<pin id="136" dir="0" index="1" bw="16" slack="0"/>
<pin id="137" dir="0" index="2" bw="16" slack="1"/>
<pin id="138" dir="1" index="3" bw="0" slack="2147483647"/>
</pin_list>
<bind>
<opcode="write(1151) " fcode="write"/>
<opset="stg_17/2 "/>
</bind>
</comp>

<comp id="141" class="1004" name="stg_18_write_fu_141">
<pin_list>
<pin id="142" dir="0" index="0" bw="0" slack="0"/>
<pin id="143" dir="0" index="1" bw="16" slack="0"/>
<pin id="144" dir="0" index="2" bw="16" slack="1"/>
<pin id="145" dir="1" index="3" bw="0" slack="2147483647"/>
</pin_list>
<bind>
<opcode="write(1151) " fcode="write"/>
<opset="stg_18/2 "/>
</bind>
</comp>

<comp id="148" class="1004" name="Y_read_fu_148">
<pin_list>
<pin id="149" dir="0" index="0" bw="8" slack="0"/>
<pin id="150" dir="0" index="1" bw="8" slack="0"/>
<pin id="151" dir="1" index="2" bw="8" slack="1"/>
</pin_list>
<bind>
<opcode="read(1150) " fcode="read"/>
<opset="Y/4 "/>
</bind>
</comp>

<comp id="154" class="1004" name="U_read_fu_154">
<pin_list>
<pin id="155" dir="0" index="0" bw="8" slack="0"/>
<pin id="156" dir="0" index="1" bw="8" slack="0"/>
<pin id="157" dir="1" index="2" bw="8" slack="1"/>
</pin_list>
<bind>
<opcode="read(1150) " fcode="read"/>
<opset="U/4 "/>
</bind>
</comp>

<comp id="160" class="1004" name="V_read_fu_160">
<pin_list>
<pin id="161" dir="0" index="0" bw="8" slack="0"/>
<pin id="162" dir="0" index="1" bw="8" slack="0"/>
<pin id="163" dir="1" index="2" bw="8" slack="1"/>
</pin_list>
<bind>
<opcode="read(1150) " fcode="read"/>
<opset="V/4 "/>
</bind>
</comp>

<comp id="166" class="1004" name="out_channels_ch1_addr_gep_fu_166">
<pin_list>
<pin id="167" dir="0" index="0" bw="8" slack="0"/>
<pin id="168" dir="0" index="1" bw="1" slack="0"/>
<pin id="169" dir="0" index="2" bw="23" slack="0"/>
<pin id="170" dir="1" index="3" bw="22" slack="0"/>
</pin_list>
<bind>
<opcode="getelementptr(29) " fcode="getelementptr"/>
<opset="out_channels_ch1_addr/7 "/>
</bind>
</comp>

<comp id="173" class="1004" name="out_channels_ch2_addr_gep_fu_173">
<pin_list>
<pin id="174" dir="0" index="0" bw="8" slack="0"/>
<pin id="175" dir="0" index="1" bw="1" slack="0"/>
<pin id="176" dir="0" index="2" bw="23" slack="0"/>
<pin id="177" dir="1" index="3" bw="22" slack="0"/>
</pin_list>
<bind>
<opcode="getelementptr(29) " fcode="getelementptr"/>
<opset="out_channels_ch2_addr/7 "/>
</bind>
</comp>

<comp id="180" class="1004" name="out_channels_ch3_addr_gep_fu_180">
<pin_list>
<pin id="181" dir="0" index="0" bw="8" slack="0"/>
<pin id="182" dir="0" index="1" bw="1" slack="0"/>
<pin id="183" dir="0" index="2" bw="23" slack="0"/>
<pin id="184" dir="1" index="3" bw="22" slack="0"/>
</pin_list>
<bind>
<opcode="getelementptr(29) " fcode="getelementptr"/>
<opset="out_channels_ch3_addr/7 "/>
</bind>
</comp>

<comp id="187" class="1004" name="grp_access_fu_187">
<pin_list>
<pin id="188" dir="0" index="0" bw="22" slack="0"/>
<pin id="189" dir="0" index="1" bw="8" slack="1"/>
<pin id="190" dir="1" index="2" bw="8" slack="2147483647"/>
</pin_list>
<bind>
<opcode="store(28) " fcode="store"/>
<opset="stg_96/7 "/>
</bind>
</comp>

<comp id="192" class="1004" name="grp_access_fu_192">
<pin_list>
<pin id="193" dir="0" index="0" bw="22" slack="0"/>
<pin id="194" dir="0" index="1" bw="8" slack="1"/>
<pin id="195" dir="1" index="2" bw="8" slack="2147483647"/>
</pin_list>
<bind>
<opcode="store(28) " fcode="store"/>
<opset="stg_97/7 "/>
</bind>
</comp>

<comp id="197" class="1004" name="grp_access_fu_197">
<pin_list>
<pin id="198" dir="0" index="0" bw="22" slack="0"/>
<pin id="199" dir="0" index="1" bw="8" slack="1"/>
<pin id="200" dir="1" index="2" bw="8" slack="2147483647"/>
</pin_list>
<bind>
<opcode="store(28) " fcode="store"/>
<opset="stg_98/7 "/>
</bind>
</comp>

<comp id="202" class="1005" name="indvar_flatten_reg_202">
<pin_list>
<pin id="203" dir="0" index="0" bw="32" slack="1"/>
<pin id="204" dir="1" index="1" bw="32" slack="1"/>
</pin_list>
<bind>
<opset="indvar_flatten (phireg) "/>
</bind>
</comp>

<comp id="206" class="1004" name="indvar_flatten_phi_fu_206">
<pin_list>
<pin id="207" dir="0" index="0" bw="1" slack="1"/>
<pin id="208" dir="0" index="1" bw="0" slack="2147483647"/>
<pin id="209" dir="0" index="2" bw="32" slack="0"/>
<pin id="210" dir="0" index="3" bw="0" slack="2147483647"/>
<pin id="211" dir="1" index="4" bw="32" slack="0"/>
</pin_list>
<bind>
<opcode="phi(47) " fcode="phi"/>
<opset="indvar_flatten/3 "/>
</bind>
</comp>

<comp id="213" class="1005" name="x_reg_213">
<pin_list>
<pin id="214" dir="0" index="0" bw="16" slack="1"/>
<pin id="215" dir="1" index="1" bw="16" slack="1"/>
</pin_list>
<bind>
<opset="x (phireg) "/>
</bind>
</comp>

<comp id="217" class="1004" name="x_phi_fu_217">
<pin_list>
<pin id="218" dir="0" index="0" bw="1" slack="1"/>
<pin id="219" dir="0" index="1" bw="0" slack="2147483647"/>
<pin id="220" dir="0" index="2" bw="16" slack="0"/>
<pin id="221" dir="0" index="3" bw="0" slack="2147483647"/>
<pin id="222" dir="1" index="4" bw="16" slack="0"/>
</pin_list>
<bind>
<opcode="phi(47) " fcode="phi"/>
<opset="x/3 "/>
</bind>
</comp>

<comp id="224" class="1005" name="y_reg_224">
<pin_list>
<pin id="225" dir="0" index="0" bw="16" slack="1"/>
<pin id="226" dir="1" index="1" bw="16" slack="1"/>
</pin_list>
<bind>
<opset="y (phireg) "/>
</bind>
</comp>

<comp id="228" class="1004" name="y_phi_fu_228">
<pin_list>
<pin id="229" dir="0" index="0" bw="1" slack="1"/>
<pin id="230" dir="0" index="1" bw="0" slack="2147483647"/>
<pin id="231" dir="0" index="2" bw="16" slack="0"/>
<pin id="232" dir="0" index="3" bw="0" slack="2147483647"/>
<pin id="233" dir="1" index="4" bw="16" slack="0"/>
</pin_list>
<bind>
<opcode="phi(47) " fcode="phi"/>
<opset="y/3 "/>
</bind>
</comp>

<comp id="235" class="1004" name="cast_fu_235">
<pin_list>
<pin id="236" dir="0" index="0" bw="16" slack="1"/>
<pin id="237" dir="1" index="1" bw="32" slack="0"/>
</pin_list>
<bind>
<opcode="zext(34) " fcode="zext"/>
<opset="cast/2 "/>
</bind>
</comp>

<comp id="238" class="1004" name="cast1_fu_238">
<pin_list>
<pin id="239" dir="0" index="0" bw="16" slack="1"/>
<pin id="240" dir="1" index="1" bw="32" slack="0"/>
</pin_list>
<bind>
<opcode="zext(34) " fcode="zext"/>
<opset="cast1/2 "/>
</bind>
</comp>

<comp id="241" class="1004" name="exitcond_flatten_fu_241">
<pin_list>
<pin id="242" dir="0" index="0" bw="32" slack="0"/>
<pin id="243" dir="0" index="1" bw="32" slack="1"/>
<pin id="244" dir="1" index="2" bw="1" slack="1"/>
</pin_list>
<bind>
<opcode="icmp(45) " fcode="icmp"/>
<opset="exitcond_flatten/3 "/>
</bind>
</comp>

<comp id="246" class="1004" name="indvar_flatten_next_fu_246">
<pin_list>
<pin id="247" dir="0" index="0" bw="32" slack="0"/>
<pin id="248" dir="0" index="1" bw="1" slack="0"/>
<pin id="249" dir="1" index="2" bw="32" slack="0"/>
</pin_list>
<bind>
<opcode="add(8) " fcode="add"/>
<opset="indvar_flatten_next/3 "/>
</bind>
</comp>

<comp id="252" class="1004" name="x_1_fu_252">
<pin_list>
<pin id="253" dir="0" index="0" bw="1" slack="0"/>
<pin id="254" dir="0" index="1" bw="16" slack="0"/>
<pin id="255" dir="1" index="2" bw="16" slack="0"/>
</pin_list>
<bind>
<opcode="add(8) " fcode="add"/>
<opset="x_1/3 "/>
</bind>
</comp>

<comp id="258" class="1004" name="exitcond_fu_258">
<pin_list>
<pin id="259" dir="0" index="0" bw="16" slack="0"/>
<pin id="260" dir="0" index="1" bw="16" slack="2"/>
<pin id="261" dir="1" index="2" bw="1" slack="0"/>
</pin_list>
<bind>
<opcode="icmp(45) " fcode="icmp"/>
<opset="exitcond/3 "/>
</bind>
</comp>

<comp id="263" class="1004" name="y_mid2_fu_263">
<pin_list>
<pin id="264" dir="0" index="0" bw="1" slack="0"/>
<pin id="265" dir="0" index="1" bw="1" slack="0"/>
<pin id="266" dir="0" index="2" bw="16" slack="0"/>
<pin id="267" dir="1" index="3" bw="16" slack="0"/>
</pin_list>
<bind>
<opcode="select(49) " fcode="select"/>
<opset="y_mid2/3 "/>
</bind>
</comp>

<comp id="271" class="1004" name="tmp_mid2_v_fu_271">
<pin_list>
<pin id="272" dir="0" index="0" bw="1" slack="0"/>
<pin id="273" dir="0" index="1" bw="16" slack="0"/>
<pin id="274" dir="0" index="2" bw="16" slack="0"/>
<pin id="275" dir="1" index="3" bw="16" slack="0"/>
</pin_list>
<bind>
<opcode="select(49) " fcode="select"/>
<opset="tmp_mid2_v/3 "/>
</bind>
</comp>

<comp id="279" class="1004" name="tmp_fu_279">
<pin_list>
<pin id="280" dir="0" index="0" bw="16" slack="0"/>
<pin id="281" dir="1" index="1" bw="13" slack="0"/>
</pin_list>
<bind>
<opcode="trunc(33) " fcode="trunc"/>
<opset="tmp/3 "/>
</bind>
</comp>

<comp id="283" class="1004" name="p_shl2_cast_fu_283">
<pin_list>
<pin id="284" dir="0" index="0" bw="23" slack="0"/>
<pin id="285" dir="0" index="1" bw="13" slack="0"/>
<pin id="286" dir="0" index="2" bw="1" slack="0"/>
<pin id="287" dir="1" index="3" bw="23" slack="0"/>
</pin_list>
<bind>
<opcode="bitconcatenate(1004) " fcode="bitconcatenate"/>
<opset="p_shl2_cast/3 "/>
</bind>
</comp>

<comp id="291" class="1004" name="tmp_1_fu_291">
<pin_list>
<pin id="292" dir="0" index="0" bw="16" slack="0"/>
<pin id="293" dir="1" index="1" bw="15" slack="0"/>
</pin_list>
<bind>
<opcode="trunc(33) " fcode="trunc"/>
<opset="tmp_1/3 "/>
</bind>
</comp>

<comp id="295" class="1004" name="p_shl3_cast_fu_295">
<pin_list>
<pin id="296" dir="0" index="0" bw="23" slack="0"/>
<pin id="297" dir="0" index="1" bw="15" slack="0"/>
<pin id="298" dir="0" index="2" bw="1" slack="0"/>
<pin id="299" dir="1" index="3" bw="23" slack="0"/>
</pin_list>
<bind>
<opcode="bitconcatenate(1004) " fcode="bitconcatenate"/>
<opset="p_shl3_cast/3 "/>
</bind>
</comp>

<comp id="303" class="1004" name="tmp_7_fu_303">
<pin_list>
<pin id="304" dir="0" index="0" bw="23" slack="0"/>
<pin id="305" dir="0" index="1" bw="23" slack="0"/>
<pin id="306" dir="1" index="2" bw="23" slack="0"/>
</pin_list>
<bind>
<opcode="add(8) " fcode="add"/>
<opset="tmp_7/3 "/>
</bind>
</comp>

<comp id="309" class="1004" name="tmp_cast_fu_309">
<pin_list>
<pin id="310" dir="0" index="0" bw="16" slack="0"/>
<pin id="311" dir="1" index="1" bw="23" slack="0"/>
</pin_list>
<bind>
<opcode="zext(34) " fcode="zext"/>
<opset="tmp_cast/3 "/>
</bind>
</comp>

<comp id="313" class="1004" name="tmp_s_fu_313">
<pin_list>
<pin id="314" dir="0" index="0" bw="23" slack="0"/>
<pin id="315" dir="0" index="1" bw="16" slack="0"/>
<pin id="316" dir="1" index="2" bw="23" slack="4"/>
</pin_list>
<bind>
<opcode="add(8) " fcode="add"/>
<opset="tmp_s/3 "/>
</bind>
</comp>

<comp id="319" class="1004" name="y_1_fu_319">
<pin_list>
<pin id="320" dir="0" index="0" bw="1" slack="0"/>
<pin id="321" dir="0" index="1" bw="16" slack="0"/>
<pin id="322" dir="1" index="2" bw="16" slack="0"/>
</pin_list>
<bind>
<opcode="add(8) " fcode="add"/>
<opset="y_1/3 "/>
</bind>
</comp>

<comp id="325" class="1004" name="tmp_13_cast_fu_325">
<pin_list>
<pin id="326" dir="0" index="0" bw="8" slack="1"/>
<pin id="327" dir="1" index="1" bw="9" slack="0"/>
</pin_list>
<bind>
<opcode="zext(34) " fcode="zext"/>
<opset="tmp_13_cast/5 "/>
</bind>
</comp>

<comp id="328" class="1004" name="D_fu_328">
<pin_list>
<pin id="329" dir="0" index="0" bw="8" slack="1"/>
<pin id="330" dir="0" index="1" bw="8" slack="0"/>
<pin id="331" dir="1" index="2" bw="8" slack="1"/>
</pin_list>
<bind>
<opcode="xor(25) " fcode="xor"/>
<opset="D/5 "/>
</bind>
</comp>

<comp id="333" class="1004" name="E_fu_333">
<pin_list>
<pin id="334" dir="0" index="0" bw="8" slack="1"/>
<pin id="335" dir="0" index="1" bw="8" slack="0"/>
<pin id="336" dir="1" index="2" bw="8" slack="0"/>
</pin_list>
<bind>
<opcode="xor(25) " fcode="xor"/>
<opset="E/5 "/>
</bind>
</comp>

<comp id="338" class="1004" name="tmp_18_cast4_cast_fu_338">
<pin_list>
<pin id="339" dir="0" index="0" bw="8" slack="0"/>
<pin id="340" dir="1" index="1" bw="17" slack="0"/>
</pin_list>
<bind>
<opcode="sext(35) " fcode="sext"/>
<opset="tmp_18_cast4_cast/5 "/>
</bind>
</comp>

<comp id="342" class="1004" name="tmp_11_fu_342">
<pin_list>
<pin id="343" dir="0" index="0" bw="9" slack="0"/>
<pin id="344" dir="0" index="1" bw="8" slack="0"/>
<pin id="345" dir="1" index="2" bw="17" slack="1"/>
</pin_list>
<bind>
<opcode="mul(12) " fcode="mul"/>
<opset="tmp_11/5 "/>
</bind>
</comp>

<comp id="348" class="1004" name="tmp_18_cast4_fu_348">
<pin_list>
<pin id="349" dir="0" index="0" bw="8" slack="1"/>
<pin id="350" dir="1" index="1" bw="18" slack="0"/>
</pin_list>
<bind>
<opcode="sext(35) " fcode="sext"/>
<opset="tmp_18_cast4/6 "/>
</bind>
</comp>

<comp id="351" class="1004" name="tmp_20_cast_fu_351">
<pin_list>
<pin id="352" dir="0" index="0" bw="18" slack="1"/>
<pin id="353" dir="1" index="1" bw="19" slack="0"/>
</pin_list>
<bind>
<opcode="sext(35) " fcode="sext"/>
<opset="tmp_20_cast/6 "/>
</bind>
</comp>

<comp id="354" class="1004" name="tmp_8_fu_354">
<pin_list>
<pin id="355" dir="0" index="0" bw="2" slack="0"/>
<pin id="356" dir="0" index="1" bw="18" slack="0"/>
<pin id="357" dir="0" index="2" bw="6" slack="0"/>
<pin id="358" dir="0" index="3" bw="6" slack="0"/>
<pin id="359" dir="1" index="4" bw="2" slack="0"/>
</pin_list>
<bind>
<opcode="partselect(1002) " fcode="partselect"/>
<opset="tmp_8/6 "/>
</bind>
</comp>

<comp id="363" class="1004" name="icmp_fu_363">
<pin_list>
<pin id="364" dir="0" index="0" bw="2" slack="0"/>
<pin id="365" dir="0" index="1" bw="1" slack="0"/>
<pin id="366" dir="1" index="2" bw="1" slack="0"/>
</pin_list>
<bind>
<opcode="icmp(45) " fcode="icmp"/>
<opset="icmp/6 "/>
</bind>
</comp>

<comp id="369" class="1004" name="tmp_9_fu_369">
<pin_list>
<pin id="370" dir="0" index="0" bw="1" slack="0"/>
<pin id="371" dir="0" index="1" bw="18" slack="0"/>
<pin id="372" dir="0" index="2" bw="6" slack="0"/>
<pin id="373" dir="1" index="3" bw="1" slack="0"/>
</pin_list>
<bind>
<opcode="bitselect(1000) " fcode="bitselect"/>
<opset="tmp_9/6 "/>
</bind>
</comp>

<comp id="376" class="1004" name="phitmp_fu_376">
<pin_list>
<pin id="377" dir="0" index="0" bw="8" slack="0"/>
<pin id="378" dir="0" index="1" bw="18" slack="0"/>
<pin id="379" dir="0" index="2" bw="5" slack="0"/>
<pin id="380" dir="0" index="3" bw="5" slack="0"/>
<pin id="381" dir="1" index="4" bw="8" slack="0"/>
</pin_list>
<bind>
<opcode="partselect(1002) " fcode="partselect"/>
<opset="phitmp/6 "/>
</bind>
</comp>

<comp id="385" class="1004" name="p_phitmp_fu_385">
<pin_list>
<pin id="386" dir="0" index="0" bw="1" slack="0"/>
<pin id="387" dir="0" index="1" bw="1" slack="0"/>
<pin id="388" dir="0" index="2" bw="1" slack="0"/>
<pin id="389" dir="1" index="3" bw="8" slack="0"/>
</pin_list>
<bind>
<opcode="select(49) " fcode="select"/>
<opset="p_phitmp/6 "/>
</bind>
</comp>

<comp id="393" class="1004" name="tmp_12_fu_393">
<pin_list>
<pin id="394" dir="0" index="0" bw="1" slack="0"/>
<pin id="395" dir="0" index="1" bw="1" slack="0"/>
<pin id="396" dir="1" index="2" bw="1" slack="0"/>
</pin_list>
<bind>
<opcode="or(24) " fcode="or"/>
<opset="tmp_12/6 "/>
</bind>
</comp>

<comp id="399" class="1004" name="R_fu_399">
<pin_list>
<pin id="400" dir="0" index="0" bw="1" slack="0"/>
<pin id="401" dir="0" index="1" bw="8" slack="0"/>
<pin id="402" dir="0" index="2" bw="8" slack="0"/>
<pin id="403" dir="1" index="3" bw="8" slack="1"/>
</pin_list>
<bind>
<opcode="select(49) " fcode="select"/>
<opset="R/6 "/>
</bind>
</comp>

<comp id="407" class="1004" name="tmp_26_cast3_cast_fu_407">
<pin_list>
<pin id="408" dir="0" index="0" bw="8" slack="1"/>
<pin id="409" dir="1" index="1" bw="16" slack="0"/>
</pin_list>
<bind>
<opcode="sext(35) " fcode="sext"/>
<opset="tmp_26_cast3_cast/6 "/>
</bind>
</comp>

<comp id="410" class="1004" name="tmp1_cast_fu_410">
<pin_list>
<pin id="411" dir="0" index="0" bw="17" slack="0"/>
<pin id="412" dir="1" index="1" bw="18" slack="0"/>
</pin_list>
<bind>
<opcode="sext(35) " fcode="sext"/>
<opset="tmp1_cast/6 "/>
</bind>
</comp>

<comp id="413" class="1004" name="tmp_13_fu_413">
<pin_list>
<pin id="414" dir="0" index="0" bw="17" slack="0"/>
<pin id="415" dir="0" index="1" bw="18" slack="1"/>
<pin id="416" dir="1" index="2" bw="18" slack="0"/>
</pin_list>
<bind>
<opcode="add(8) " fcode="add"/>
<opset="tmp_13/6 "/>
</bind>
</comp>

<comp id="418" class="1004" name="tmp_14_fu_418">
<pin_list>
<pin id="419" dir="0" index="0" bw="2" slack="0"/>
<pin id="420" dir="0" index="1" bw="18" slack="0"/>
<pin id="421" dir="0" index="2" bw="6" slack="0"/>
<pin id="422" dir="0" index="3" bw="6" slack="0"/>
<pin id="423" dir="1" index="4" bw="2" slack="0"/>
</pin_list>
<bind>
<opcode="partselect(1002) " fcode="partselect"/>
<opset="tmp_14/6 "/>
</bind>
</comp>

<comp id="428" class="1004" name="icmp1_fu_428">
<pin_list>
<pin id="429" dir="0" index="0" bw="2" slack="0"/>
<pin id="430" dir="0" index="1" bw="1" slack="0"/>
<pin id="431" dir="1" index="2" bw="1" slack="0"/>
</pin_list>
<bind>
<opcode="icmp(45) " fcode="icmp"/>
<opset="icmp1/6 "/>
</bind>
</comp>

<comp id="434" class="1004" name="tmp_15_fu_434">
<pin_list>
<pin id="435" dir="0" index="0" bw="1" slack="0"/>
<pin id="436" dir="0" index="1" bw="18" slack="0"/>
<pin id="437" dir="0" index="2" bw="6" slack="0"/>
<pin id="438" dir="1" index="3" bw="1" slack="0"/>
</pin_list>
<bind>
<opcode="bitselect(1000) " fcode="bitselect"/>
<opset="tmp_15/6 "/>
</bind>
</comp>

<comp id="442" class="1004" name="phitmp2_fu_442">
<pin_list>
<pin id="443" dir="0" index="0" bw="8" slack="0"/>
<pin id="444" dir="0" index="1" bw="18" slack="0"/>
<pin id="445" dir="0" index="2" bw="5" slack="0"/>
<pin id="446" dir="0" index="3" bw="5" slack="0"/>
<pin id="447" dir="1" index="4" bw="8" slack="0"/>
</pin_list>
<bind>
<opcode="partselect(1002) " fcode="partselect"/>
<opset="phitmp2/6 "/>
</bind>
</comp>

<comp id="452" class="1004" name="p_phitmp2_fu_452">
<pin_list>
<pin id="453" dir="0" index="0" bw="1" slack="0"/>
<pin id="454" dir="0" index="1" bw="1" slack="0"/>
<pin id="455" dir="0" index="2" bw="1" slack="0"/>
<pin id="456" dir="1" index="3" bw="8" slack="0"/>
</pin_list>
<bind>
<opcode="select(49) " fcode="select"/>
<opset="p_phitmp2/6 "/>
</bind>
</comp>

<comp id="460" class="1004" name="tmp_16_fu_460">
<pin_list>
<pin id="461" dir="0" index="0" bw="1" slack="0"/>
<pin id="462" dir="0" index="1" bw="1" slack="0"/>
<pin id="463" dir="1" index="2" bw="1" slack="0"/>
</pin_list>
<bind>
<opcode="or(24) " fcode="or"/>
<opset="tmp_16/6 "/>
</bind>
</comp>

<comp id="466" class="1004" name="G_fu_466">
<pin_list>
<pin id="467" dir="0" index="0" bw="1" slack="0"/>
<pin id="468" dir="0" index="1" bw="8" slack="0"/>
<pin id="469" dir="0" index="2" bw="8" slack="0"/>
<pin id="470" dir="1" index="3" bw="8" slack="1"/>
</pin_list>
<bind>
<opcode="select(49) " fcode="select"/>
<opset="G/6 "/>
</bind>
</comp>

<comp id="474" class="1004" name="p_shl_fu_474">
<pin_list>
<pin id="475" dir="0" index="0" bw="17" slack="0"/>
<pin id="476" dir="0" index="1" bw="8" slack="1"/>
<pin id="477" dir="0" index="2" bw="1" slack="0"/>
<pin id="478" dir="1" index="3" bw="17" slack="0"/>
</pin_list>
<bind>
<opcode="bitconcatenate(1004) " fcode="bitconcatenate"/>
<opset="p_shl/6 "/>
</bind>
</comp>

<comp id="481" class="1004" name="p_shl_cast_fu_481">
<pin_list>
<pin id="482" dir="0" index="0" bw="17" slack="0"/>
<pin id="483" dir="1" index="1" bw="18" slack="0"/>
</pin_list>
<bind>
<opcode="sext(35) " fcode="sext"/>
<opset="p_shl_cast/6 "/>
</bind>
</comp>

<comp id="485" class="1004" name="p_shl1_fu_485">
<pin_list>
<pin id="486" dir="0" index="0" bw="10" slack="0"/>
<pin id="487" dir="0" index="1" bw="8" slack="1"/>
<pin id="488" dir="0" index="2" bw="1" slack="0"/>
<pin id="489" dir="1" index="3" bw="10" slack="0"/>
</pin_list>
<bind>
<opcode="bitconcatenate(1004) " fcode="bitconcatenate"/>
<opset="p_shl1/6 "/>
</bind>
</comp>

<comp id="492" class="1004" name="p_shl1_cast_fu_492">
<pin_list>
<pin id="493" dir="0" index="0" bw="10" slack="0"/>
<pin id="494" dir="1" index="1" bw="18" slack="0"/>
</pin_list>
<bind>
<opcode="sext(35) " fcode="sext"/>
<opset="p_shl1_cast/6 "/>
</bind>
</comp>

<comp id="496" class="1004" name="tmp_17_fu_496">
<pin_list>
<pin id="497" dir="0" index="0" bw="17" slack="0"/>
<pin id="498" dir="0" index="1" bw="10" slack="0"/>
<pin id="499" dir="1" index="2" bw="18" slack="0"/>
</pin_list>
<bind>
<opcode="add(8) " fcode="add"/>
<opset="tmp_17/6 "/>
</bind>
</comp>

<comp id="502" class="1004" name="tmp_35_cast_fu_502">
<pin_list>
<pin id="503" dir="0" index="0" bw="18" slack="0"/>
<pin id="504" dir="1" index="1" bw="19" slack="0"/>
</pin_list>
<bind>
<opcode="sext(35) " fcode="sext"/>
<opset="tmp_35_cast/6 "/>
</bind>
</comp>

<comp id="506" class="1004" name="tmp_19_fu_506">
<pin_list>
<pin id="507" dir="0" index="0" bw="18" slack="0"/>
<pin id="508" dir="0" index="1" bw="18" slack="1"/>
<pin id="509" dir="1" index="2" bw="18" slack="0"/>
</pin_list>
<bind>
<opcode="add(8) " fcode="add"/>
<opset="tmp_19/6 "/>
</bind>
</comp>

<comp id="511" class="1004" name="tmp_18_fu_511">
<pin_list>
<pin id="512" dir="0" index="0" bw="18" slack="0"/>
<pin id="513" dir="0" index="1" bw="18" slack="0"/>
<pin id="514" dir="1" index="2" bw="19" slack="0"/>
</pin_list>
<bind>
<opcode="add(8) " fcode="add"/>
<opset="tmp_18/6 "/>
</bind>
</comp>

<comp id="517" class="1004" name="tmp_20_fu_517">
<pin_list>
<pin id="518" dir="0" index="0" bw="3" slack="0"/>
<pin id="519" dir="0" index="1" bw="19" slack="0"/>
<pin id="520" dir="0" index="2" bw="6" slack="0"/>
<pin id="521" dir="0" index="3" bw="6" slack="0"/>
<pin id="522" dir="1" index="4" bw="3" slack="0"/>
</pin_list>
<bind>
<opcode="partselect(1002) " fcode="partselect"/>
<opset="tmp_20/6 "/>
</bind>
</comp>

<comp id="527" class="1004" name="icmp2_fu_527">
<pin_list>
<pin id="528" dir="0" index="0" bw="3" slack="0"/>
<pin id="529" dir="0" index="1" bw="1" slack="0"/>
<pin id="530" dir="1" index="2" bw="1" slack="0"/>
</pin_list>
<bind>
<opcode="icmp(45) " fcode="icmp"/>
<opset="icmp2/6 "/>
</bind>
</comp>

<comp id="533" class="1004" name="tmp_21_fu_533">
<pin_list>
<pin id="534" dir="0" index="0" bw="1" slack="0"/>
<pin id="535" dir="0" index="1" bw="19" slack="0"/>
<pin id="536" dir="0" index="2" bw="6" slack="0"/>
<pin id="537" dir="1" index="3" bw="1" slack="0"/>
</pin_list>
<bind>
<opcode="bitselect(1000) " fcode="bitselect"/>
<opset="tmp_21/6 "/>
</bind>
</comp>

<comp id="541" class="1004" name="phitmp3_fu_541">
<pin_list>
<pin id="542" dir="0" index="0" bw="8" slack="0"/>
<pin id="543" dir="0" index="1" bw="18" slack="0"/>
<pin id="544" dir="0" index="2" bw="5" slack="0"/>
<pin id="545" dir="0" index="3" bw="5" slack="0"/>
<pin id="546" dir="1" index="4" bw="8" slack="0"/>
</pin_list>
<bind>
<opcode="partselect(1002) " fcode="partselect"/>
<opset="phitmp3/6 "/>
</bind>
</comp>

<comp id="551" class="1004" name="p_phitmp3_fu_551">
<pin_list>
<pin id="552" dir="0" index="0" bw="1" slack="0"/>
<pin id="553" dir="0" index="1" bw="1" slack="0"/>
<pin id="554" dir="0" index="2" bw="1" slack="0"/>
<pin id="555" dir="1" index="3" bw="8" slack="0"/>
</pin_list>
<bind>
<opcode="select(49) " fcode="select"/>
<opset="p_phitmp3/6 "/>
</bind>
</comp>

<comp id="559" class="1004" name="tmp_22_fu_559">
<pin_list>
<pin id="560" dir="0" index="0" bw="1" slack="0"/>
<pin id="561" dir="0" index="1" bw="1" slack="0"/>
<pin id="562" dir="1" index="2" bw="1" slack="0"/>
</pin_list>
<bind>
<opcode="or(24) " fcode="or"/>
<opset="tmp_22/6 "/>
</bind>
</comp>

<comp id="565" class="1004" name="B_fu_565">
<pin_list>
<pin id="566" dir="0" index="0" bw="1" slack="0"/>
<pin id="567" dir="0" index="1" bw="8" slack="0"/>
<pin id="568" dir="0" index="2" bw="8" slack="0"/>
<pin id="569" dir="1" index="3" bw="8" slack="1"/>
</pin_list>
<bind>
<opcode="select(49) " fcode="select"/>
<opset="B/6 "/>
</bind>
</comp>

<comp id="573" class="1004" name="tmp_19_cast_fu_573">
<pin_list>
<pin id="574" dir="0" index="0" bw="23" slack="4"/>
<pin id="575" dir="1" index="1" bw="64" slack="0"/>
</pin_list>
<bind>
<opcode="zext(34) " fcode="zext"/>
<opset="tmp_19_cast/7 "/>
</bind>
</comp>

<comp id="579" class="1007" name="bound_fu_579">
<pin_list>
<pin id="580" dir="0" index="0" bw="16" slack="0"/>
<pin id="581" dir="0" index="1" bw="16" slack="0"/>
<pin id="582" dir="1" index="2" bw="32" slack="1"/>
</pin_list>
<bind>
<opcode="mul(12) " fcode="mul"/>
<opset="bound/2 "/>
</bind>
</comp>

<comp id="585" class="1007" name="grp_fu_585">
<pin_list>
<pin id="586" dir="0" index="0" bw="8" slack="0"/>
<pin id="587" dir="0" index="1" bw="8" slack="0"/>
<pin id="588" dir="0" index="2" bw="17" slack="2147483647"/>
<pin id="589" dir="1" index="3" bw="17" slack="0"/>
</pin_list>
<bind>
<opcode="muladd(1172) " fcode="muladd"/>
<opset="tmp_10/6 tmp_10_cast/6 tmp1/6 "/>
</bind>
</comp>

<comp id="593" class="1007" name="grp_fu_593">
<pin_list>
<pin id="594" dir="0" index="0" bw="5" slack="0"/>
<pin id="595" dir="0" index="1" bw="8" slack="0"/>
<pin id="596" dir="0" index="2" bw="10" slack="0"/>
<pin id="597" dir="0" index="3" bw="9" slack="0"/>
<pin id="598" dir="1" index="4" bw="18" slack="1"/>
</pin_list>
<bind>
<opcode="addmuladd(1175) " fcode="addmuladd"/>
<opset="C/5 tmp_16_cast/5 tmp_3/5 tmp_5/5 "/>
</bind>
</comp>

<comp id="603" class="1007" name="grp_fu_603">
<pin_list>
<pin id="604" dir="0" index="0" bw="10" slack="0"/>
<pin id="605" dir="0" index="1" bw="8" slack="0"/>
<pin id="606" dir="0" index="2" bw="18" slack="2147483647"/>
<pin id="607" dir="1" index="3" bw="18" slack="0"/>
</pin_list>
<bind>
<opcode="muladd(1172) " fcode="muladd"/>
<opset="tmp_4/6 tmp_6/6 "/>
</bind>
</comp>

<comp id="613" class="1005" name="width_reg_613">
<pin_list>
<pin id="614" dir="0" index="0" bw="16" slack="1"/>
<pin id="615" dir="1" index="1" bw="16" slack="1"/>
</pin_list>
<bind>
<opset="width "/>
</bind>
</comp>

<comp id="619" class="1005" name="height_reg_619">
<pin_list>
<pin id="620" dir="0" index="0" bw="16" slack="1"/>
<pin id="621" dir="1" index="1" bw="16" slack="1"/>
</pin_list>
<bind>
<opset="height "/>
</bind>
</comp>

<comp id="626" class="1005" name="bound_reg_626">
<pin_list>
<pin id="627" dir="0" index="0" bw="32" slack="1"/>
<pin id="628" dir="1" index="1" bw="32" slack="1"/>
</pin_list>
<bind>
<opset="bound "/>
</bind>
</comp>

<comp id="631" class="1005" name="exitcond_flatten_reg_631">
<pin_list>
<pin id="632" dir="0" index="0" bw="1" slack="1"/>
<pin id="633" dir="1" index="1" bw="1" slack="2147483647"/>
</pin_list>
<bind>
<opset="exitcond_flatten "/>
</bind>
</comp>

<comp id="635" class="1005" name="indvar_flatten_next_reg_635">
<pin_list>
<pin id="636" dir="0" index="0" bw="32" slack="0"/>
<pin id="637" dir="1" index="1" bw="32" slack="0"/>
</pin_list>
<bind>
<opset="indvar_flatten_next "/>
</bind>
</comp>

<comp id="640" class="1005" name="tmp_mid2_v_reg_640">
<pin_list>
<pin id="641" dir="0" index="0" bw="16" slack="0"/>
<pin id="642" dir="1" index="1" bw="16" slack="0"/>
</pin_list>
<bind>
<opset="tmp_mid2_v "/>
</bind>
</comp>

<comp id="645" class="1005" name="tmp_s_reg_645">
<pin_list>
<pin id="646" dir="0" index="0" bw="23" slack="4"/>
<pin id="647" dir="1" index="1" bw="23" slack="4"/>
</pin_list>
<bind>
<opset="tmp_s "/>
</bind>
</comp>

<comp id="650" class="1005" name="y_1_reg_650">
<pin_list>
<pin id="651" dir="0" index="0" bw="16" slack="0"/>
<pin id="652" dir="1" index="1" bw="16" slack="0"/>
</pin_list>
<bind>
<opset="y_1 "/>
</bind>
</comp>

<comp id="655" class="1005" name="Y_reg_655">
<pin_list>
<pin id="656" dir="0" index="0" bw="8" slack="1"/>
<pin id="657" dir="1" index="1" bw="8" slack="1"/>
</pin_list>
<bind>
<opset="Y "/>
</bind>
</comp>

<comp id="660" class="1005" name="U_reg_660">
<pin_list>
<pin id="661" dir="0" index="0" bw="8" slack="1"/>
<pin id="662" dir="1" index="1" bw="8" slack="1"/>
</pin_list>
<bind>
<opset="U "/>
</bind>
</comp>

<comp id="665" class="1005" name="V_reg_665">
<pin_list>
<pin id="666" dir="0" index="0" bw="8" slack="1"/>
<pin id="667" dir="1" index="1" bw="8" slack="1"/>
</pin_list>
<bind>
<opset="V "/>
</bind>
</comp>

<comp id="670" class="1005" name="D_reg_670">
<pin_list>
<pin id="671" dir="0" index="0" bw="8" slack="1"/>
<pin id="672" dir="1" index="1" bw="8" slack="1"/>
</pin_list>
<bind>
<opset="D "/>
</bind>
</comp>

<comp id="677" class="1005" name="E_reg_677">
<pin_list>
<pin id="678" dir="0" index="0" bw="8" slack="1"/>
<pin id="679" dir="1" index="1" bw="8" slack="1"/>
</pin_list>
<bind>
<opset="E "/>
</bind>
</comp>

<comp id="682" class="1005" name="tmp_5_reg_682">
<pin_list>
<pin id="683" dir="0" index="0" bw="18" slack="1"/>
<pin id="684" dir="1" index="1" bw="18" slack="1"/>
</pin_list>
<bind>
<opset="tmp_5 "/>
</bind>
</comp>

<comp id="690" class="1005" name="tmp_11_reg_690">
<pin_list>
<pin id="691" dir="0" index="0" bw="17" slack="1"/>
<pin id="692" dir="1" index="1" bw="17" slack="1"/>
</pin_list>
<bind>
<opset="tmp_11 "/>
</bind>
</comp>

<comp id="695" class="1005" name="R_reg_695">
<pin_list>
<pin id="696" dir="0" index="0" bw="8" slack="1"/>
<pin id="697" dir="1" index="1" bw="8" slack="1"/>
</pin_list>
<bind>
<opset="R "/>
</bind>
</comp>

<comp id="700" class="1005" name="G_reg_700">
<pin_list>
<pin id="701" dir="0" index="0" bw="8" slack="1"/>
<pin id="702" dir="1" index="1" bw="8" slack="1"/>
</pin_list>
<bind>
<opset="G "/>
</bind>
</comp>

<comp id="705" class="1005" name="B_reg_705">
<pin_list>
<pin id="706" dir="0" index="0" bw="8" slack="1"/>
<pin id="707" dir="1" index="1" bw="8" slack="1"/>
</pin_list>
<bind>
<opset="B "/>
</bind>
</comp>

<comp id="710" class="1005" name="out_channels_ch1_addr_reg_710">
<pin_list>
<pin id="711" dir="0" index="0" bw="22" slack="1"/>
<pin id="712" dir="1" index="1" bw="22" slack="1"/>
</pin_list>
<bind>
<opset="out_channels_ch1_addr "/>
</bind>
</comp>

<comp id="715" class="1005" name="out_channels_ch2_addr_reg_715">
<pin_list>
<pin id="716" dir="0" index="0" bw="22" slack="1"/>
<pin id="717" dir="1" index="1" bw="22" slack="1"/>
</pin_list>
<bind>
<opset="out_channels_ch2_addr "/>
</bind>
</comp>

<comp id="720" class="1005" name="out_channels_ch3_addr_reg_720">
<pin_list>
<pin id="721" dir="0" index="0" bw="22" slack="1"/>
<pin id="722" dir="1" index="1" bw="22" slack="1"/>
</pin_list>
<bind>
<opset="out_channels_ch3_addr "/>
</bind>
</comp>

</comp_list>

<net_list>
<net id="126"><net_src comp="20" pin="0"/><net_sink comp="122" pin=0"/></net>

<net id="127"><net_src comp="6" pin="0"/><net_sink comp="122" pin=1"/></net>

<net id="132"><net_src comp="20" pin="0"/><net_sink comp="128" pin=0"/></net>

<net id="133"><net_src comp="8" pin="0"/><net_sink comp="128" pin=1"/></net>

<net id="139"><net_src comp="34" pin="0"/><net_sink comp="134" pin=0"/></net>

<net id="140"><net_src comp="16" pin="0"/><net_sink comp="134" pin=1"/></net>

<net id="146"><net_src comp="34" pin="0"/><net_sink comp="141" pin=0"/></net>

<net id="147"><net_src comp="18" pin="0"/><net_sink comp="141" pin=1"/></net>

<net id="152"><net_src comp="50" pin="0"/><net_sink comp="148" pin=0"/></net>

<net id="153"><net_src comp="0" pin="0"/><net_sink comp="148" pin=1"/></net>

<net id="158"><net_src comp="50" pin="0"/><net_sink comp="154" pin=0"/></net>

<net id="159"><net_src comp="2" pin="0"/><net_sink comp="154" pin=1"/></net>

<net id="164"><net_src comp="50" pin="0"/><net_sink comp="160" pin=0"/></net>

<net id="165"><net_src comp="4" pin="0"/><net_sink comp="160" pin=1"/></net>

<net id="171"><net_src comp="10" pin="0"/><net_sink comp="166" pin=0"/></net>

<net id="172"><net_src comp="98" pin="0"/><net_sink comp="166" pin=1"/></net>

<net id="178"><net_src comp="12" pin="0"/><net_sink comp="173" pin=0"/></net>

<net id="179"><net_src comp="98" pin="0"/><net_sink comp="173" pin=1"/></net>

<net id="185"><net_src comp="14" pin="0"/><net_sink comp="180" pin=0"/></net>

<net id="186"><net_src comp="98" pin="0"/><net_sink comp="180" pin=1"/></net>

<net id="191"><net_src comp="166" pin="3"/><net_sink comp="187" pin=0"/></net>

<net id="196"><net_src comp="173" pin="3"/><net_sink comp="192" pin=0"/></net>

<net id="201"><net_src comp="180" pin="3"/><net_sink comp="197" pin=0"/></net>

<net id="205"><net_src comp="26" pin="0"/><net_sink comp="202" pin=0"/></net>

<net id="212"><net_src comp="202" pin="1"/><net_sink comp="206" pin=0"/></net>

<net id="216"><net_src comp="36" pin="0"/><net_sink comp="213" pin=0"/></net>

<net id="223"><net_src comp="213" pin="1"/><net_sink comp="217" pin=0"/></net>

<net id="227"><net_src comp="36" pin="0"/><net_sink comp="224" pin=0"/></net>

<net id="234"><net_src comp="224" pin="1"/><net_sink comp="228" pin=0"/></net>

<net id="245"><net_src comp="206" pin="4"/><net_sink comp="241" pin=0"/></net>

<net id="250"><net_src comp="206" pin="4"/><net_sink comp="246" pin=0"/></net>

<net id="251"><net_src comp="38" pin="0"/><net_sink comp="246" pin=1"/></net>

<net id="256"><net_src comp="40" pin="0"/><net_sink comp="252" pin=0"/></net>

<net id="257"><net_src comp="217" pin="4"/><net_sink comp="252" pin=1"/></net>

<net id="262"><net_src comp="228" pin="4"/><net_sink comp="258" pin=0"/></net>

<net id="268"><net_src comp="258" pin="2"/><net_sink comp="263" pin=0"/></net>

<net id="269"><net_src comp="36" pin="0"/><net_sink comp="263" pin=1"/></net>

<net id="270"><net_src comp="228" pin="4"/><net_sink comp="263" pin=2"/></net>

<net id="276"><net_src comp="258" pin="2"/><net_sink comp="271" pin=0"/></net>

<net id="277"><net_src comp="252" pin="2"/><net_sink comp="271" pin=1"/></net>

<net id="278"><net_src comp="217" pin="4"/><net_sink comp="271" pin=2"/></net>

<net id="282"><net_src comp="271" pin="3"/><net_sink comp="279" pin=0"/></net>

<net id="288"><net_src comp="42" pin="0"/><net_sink comp="283" pin=0"/></net>

<net id="289"><net_src comp="279" pin="1"/><net_sink comp="283" pin=1"/></net>

<net id="290"><net_src comp="44" pin="0"/><net_sink comp="283" pin=2"/></net>

<net id="294"><net_src comp="271" pin="3"/><net_sink comp="291" pin=0"/></net>

<net id="300"><net_src comp="46" pin="0"/><net_sink comp="295" pin=0"/></net>

<net id="301"><net_src comp="291" pin="1"/><net_sink comp="295" pin=1"/></net>

<net id="302"><net_src comp="48" pin="0"/><net_sink comp="295" pin=2"/></net>

<net id="307"><net_src comp="295" pin="3"/><net_sink comp="303" pin=0"/></net>

<net id="308"><net_src comp="283" pin="3"/><net_sink comp="303" pin=1"/></net>

<net id="312"><net_src comp="263" pin="3"/><net_sink comp="309" pin=0"/></net>

<net id="317"><net_src comp="303" pin="2"/><net_sink comp="313" pin=0"/></net>

<net id="318"><net_src comp="309" pin="1"/><net_sink comp="313" pin=1"/></net>

<net id="323"><net_src comp="40" pin="0"/><net_sink comp="319" pin=0"/></net>

<net id="324"><net_src comp="263" pin="3"/><net_sink comp="319" pin=1"/></net>

<net id="332"><net_src comp="54" pin="0"/><net_sink comp="328" pin=1"/></net>

<net id="337"><net_src comp="54" pin="0"/><net_sink comp="333" pin=1"/></net>

<net id="341"><net_src comp="333" pin="2"/><net_sink comp="338" pin=0"/></net>

<net id="346"><net_src comp="60" pin="0"/><net_sink comp="342" pin=0"/></net>

<net id="347"><net_src comp="338" pin="1"/><net_sink comp="342" pin=1"/></net>

<net id="360"><net_src comp="64" pin="0"/><net_sink comp="354" pin=0"/></net>

<net id="361"><net_src comp="32" pin="0"/><net_sink comp="354" pin=2"/></net>

<net id="362"><net_src comp="66" pin="0"/><net_sink comp="354" pin=3"/></net>

<net id="367"><net_src comp="354" pin="4"/><net_sink comp="363" pin=0"/></net>

<net id="368"><net_src comp="68" pin="0"/><net_sink comp="363" pin=1"/></net>

<net id="374"><net_src comp="70" pin="0"/><net_sink comp="369" pin=0"/></net>

<net id="375"><net_src comp="66" pin="0"/><net_sink comp="369" pin=2"/></net>

<net id="382"><net_src comp="72" pin="0"/><net_sink comp="376" pin=0"/></net>

<net id="383"><net_src comp="74" pin="0"/><net_sink comp="376" pin=2"/></net>

<net id="384"><net_src comp="76" pin="0"/><net_sink comp="376" pin=3"/></net>

<net id="390"><net_src comp="363" pin="2"/><net_sink comp="385" pin=0"/></net>

<net id="391"><net_src comp="78" pin="0"/><net_sink comp="385" pin=1"/></net>

<net id="392"><net_src comp="48" pin="0"/><net_sink comp="385" pin=2"/></net>

<net id="397"><net_src comp="363" pin="2"/><net_sink comp="393" pin=0"/></net>

<net id="398"><net_src comp="369" pin="3"/><net_sink comp="393" pin=1"/></net>

<net id="404"><net_src comp="393" pin="2"/><net_sink comp="399" pin=0"/></net>

<net id="405"><net_src comp="385" pin="3"/><net_sink comp="399" pin=1"/></net>

<net id="406"><net_src comp="376" pin="4"/><net_sink comp="399" pin=2"/></net>

<net id="417"><net_src comp="410" pin="1"/><net_sink comp="413" pin=0"/></net>

<net id="424"><net_src comp="64" pin="0"/><net_sink comp="418" pin=0"/></net>

<net id="425"><net_src comp="413" pin="2"/><net_sink comp="418" pin=1"/></net>

<net id="426"><net_src comp="32" pin="0"/><net_sink comp="418" pin=2"/></net>

<net id="427"><net_src comp="66" pin="0"/><net_sink comp="418" pin=3"/></net>

<net id="432"><net_src comp="418" pin="4"/><net_sink comp="428" pin=0"/></net>

<net id="433"><net_src comp="68" pin="0"/><net_sink comp="428" pin=1"/></net>

<net id="439"><net_src comp="70" pin="0"/><net_sink comp="434" pin=0"/></net>

<net id="440"><net_src comp="413" pin="2"/><net_sink comp="434" pin=1"/></net>

<net id="441"><net_src comp="66" pin="0"/><net_sink comp="434" pin=2"/></net>

<net id="448"><net_src comp="72" pin="0"/><net_sink comp="442" pin=0"/></net>

<net id="449"><net_src comp="413" pin="2"/><net_sink comp="442" pin=1"/></net>

<net id="450"><net_src comp="74" pin="0"/><net_sink comp="442" pin=2"/></net>

<net id="451"><net_src comp="76" pin="0"/><net_sink comp="442" pin=3"/></net>

<net id="457"><net_src comp="428" pin="2"/><net_sink comp="452" pin=0"/></net>

<net id="458"><net_src comp="78" pin="0"/><net_sink comp="452" pin=1"/></net>

<net id="459"><net_src comp="48" pin="0"/><net_sink comp="452" pin=2"/></net>

<net id="464"><net_src comp="428" pin="2"/><net_sink comp="460" pin=0"/></net>

<net id="465"><net_src comp="434" pin="3"/><net_sink comp="460" pin=1"/></net>

<net id="471"><net_src comp="460" pin="2"/><net_sink comp="466" pin=0"/></net>

<net id="472"><net_src comp="452" pin="3"/><net_sink comp="466" pin=1"/></net>

<net id="473"><net_src comp="442" pin="4"/><net_sink comp="466" pin=2"/></net>

<net id="479"><net_src comp="82" pin="0"/><net_sink comp="474" pin=0"/></net>

<net id="480"><net_src comp="84" pin="0"/><net_sink comp="474" pin=2"/></net>

<net id="484"><net_src comp="474" pin="3"/><net_sink comp="481" pin=0"/></net>

<net id="490"><net_src comp="86" pin="0"/><net_sink comp="485" pin=0"/></net>

<net id="491"><net_src comp="88" pin="0"/><net_sink comp="485" pin=2"/></net>

<net id="495"><net_src comp="485" pin="3"/><net_sink comp="492" pin=0"/></net>

<net id="500"><net_src comp="481" pin="1"/><net_sink comp="496" pin=0"/></net>

<net id="501"><net_src comp="492" pin="1"/><net_sink comp="496" pin=1"/></net>

<net id="505"><net_src comp="496" pin="2"/><net_sink comp="502" pin=0"/></net>

<net id="510"><net_src comp="496" pin="2"/><net_sink comp="506" pin=0"/></net>

<net id="515"><net_src comp="351" pin="1"/><net_sink comp="511" pin=0"/></net>

<net id="516"><net_src comp="502" pin="1"/><net_sink comp="511" pin=1"/></net>

<net id="523"><net_src comp="90" pin="0"/><net_sink comp="517" pin=0"/></net>

<net id="524"><net_src comp="511" pin="2"/><net_sink comp="517" pin=1"/></net>

<net id="525"><net_src comp="32" pin="0"/><net_sink comp="517" pin=2"/></net>

<net id="526"><net_src comp="92" pin="0"/><net_sink comp="517" pin=3"/></net>

<net id="531"><net_src comp="517" pin="4"/><net_sink comp="527" pin=0"/></net>

<net id="532"><net_src comp="94" pin="0"/><net_sink comp="527" pin=1"/></net>

<net id="538"><net_src comp="96" pin="0"/><net_sink comp="533" pin=0"/></net>

<net id="539"><net_src comp="511" pin="2"/><net_sink comp="533" pin=1"/></net>

<net id="540"><net_src comp="92" pin="0"/><net_sink comp="533" pin=2"/></net>

<net id="547"><net_src comp="72" pin="0"/><net_sink comp="541" pin=0"/></net>

<net id="548"><net_src comp="506" pin="2"/><net_sink comp="541" pin=1"/></net>

<net id="549"><net_src comp="74" pin="0"/><net_sink comp="541" pin=2"/></net>

<net id="550"><net_src comp="76" pin="0"/><net_sink comp="541" pin=3"/></net>

<net id="556"><net_src comp="527" pin="2"/><net_sink comp="551" pin=0"/></net>

<net id="557"><net_src comp="78" pin="0"/><net_sink comp="551" pin=1"/></net>

<net id="558"><net_src comp="48" pin="0"/><net_sink comp="551" pin=2"/></net>

<net id="563"><net_src comp="527" pin="2"/><net_sink comp="559" pin=0"/></net>

<net id="564"><net_src comp="533" pin="3"/><net_sink comp="559" pin=1"/></net>

<net id="570"><net_src comp="559" pin="2"/><net_sink comp="565" pin=0"/></net>

<net id="571"><net_src comp="551" pin="3"/><net_sink comp="565" pin=1"/></net>

<net id="572"><net_src comp="541" pin="4"/><net_sink comp="565" pin=2"/></net>

<net id="576"><net_src comp="573" pin="1"/><net_sink comp="166" pin=2"/></net>

<net id="577"><net_src comp="573" pin="1"/><net_sink comp="173" pin=2"/></net>

<net id="578"><net_src comp="573" pin="1"/><net_sink comp="180" pin=2"/></net>

<net id="583"><net_src comp="238" pin="1"/><net_sink comp="579" pin=0"/></net>

<net id="584"><net_src comp="235" pin="1"/><net_sink comp="579" pin=1"/></net>

<net id="590"><net_src comp="80" pin="0"/><net_sink comp="585" pin=0"/></net>

<net id="591"><net_src comp="407" pin="1"/><net_sink comp="585" pin=1"/></net>

<net id="592"><net_src comp="585" pin="3"/><net_sink comp="410" pin=0"/></net>

<net id="599"><net_src comp="52" pin="0"/><net_sink comp="593" pin=0"/></net>

<net id="600"><net_src comp="325" pin="1"/><net_sink comp="593" pin=1"/></net>

<net id="601"><net_src comp="56" pin="0"/><net_sink comp="593" pin=2"/></net>

<net id="602"><net_src comp="58" pin="0"/><net_sink comp="593" pin=3"/></net>

<net id="608"><net_src comp="62" pin="0"/><net_sink comp="603" pin=0"/></net>

<net id="609"><net_src comp="348" pin="1"/><net_sink comp="603" pin=1"/></net>

<net id="610"><net_src comp="603" pin="3"/><net_sink comp="354" pin=1"/></net>

<net id="611"><net_src comp="603" pin="3"/><net_sink comp="369" pin=1"/></net>

<net id="612"><net_src comp="603" pin="3"/><net_sink comp="376" pin=1"/></net>

<net id="616"><net_src comp="122" pin="2"/><net_sink comp="613" pin=0"/></net>

<net id="617"><net_src comp="613" pin="1"/><net_sink comp="134" pin=2"/></net>

<net id="618"><net_src comp="613" pin="1"/><net_sink comp="235" pin=0"/></net>

<net id="622"><net_src comp="128" pin="2"/><net_sink comp="619" pin=0"/></net>

<net id="623"><net_src comp="619" pin="1"/><net_sink comp="141" pin=2"/></net>

<net id="624"><net_src comp="619" pin="1"/><net_sink comp="238" pin=0"/></net>

<net id="625"><net_src comp="619" pin="1"/><net_sink comp="258" pin=1"/></net>

<net id="629"><net_src comp="579" pin="2"/><net_sink comp="626" pin=0"/></net>

<net id="630"><net_src comp="626" pin="1"/><net_sink comp="241" pin=1"/></net>

<net id="634"><net_src comp="241" pin="2"/><net_sink comp="631" pin=0"/></net>

<net id="638"><net_src comp="246" pin="2"/><net_sink comp="635" pin=0"/></net>

<net id="639"><net_src comp="635" pin="1"/><net_sink comp="206" pin=2"/></net>

<net id="643"><net_src comp="271" pin="3"/><net_sink comp="640" pin=0"/></net>

<net id="644"><net_src comp="640" pin="1"/><net_sink comp="217" pin=2"/></net>

<net id="648"><net_src comp="313" pin="2"/><net_sink comp="645" pin=0"/></net>

<net id="649"><net_src comp="645" pin="1"/><net_sink comp="573" pin=0"/></net>

<net id="653"><net_src comp="319" pin="2"/><net_sink comp="650" pin=0"/></net>

<net id="654"><net_src comp="650" pin="1"/><net_sink comp="228" pin=2"/></net>

<net id="658"><net_src comp="148" pin="2"/><net_sink comp="655" pin=0"/></net>

<net id="659"><net_src comp="655" pin="1"/><net_sink comp="325" pin=0"/></net>

<net id="663"><net_src comp="154" pin="2"/><net_sink comp="660" pin=0"/></net>

<net id="664"><net_src comp="660" pin="1"/><net_sink comp="328" pin=0"/></net>

<net id="668"><net_src comp="160" pin="2"/><net_sink comp="665" pin=0"/></net>

<net id="669"><net_src comp="665" pin="1"/><net_sink comp="333" pin=0"/></net>

<net id="673"><net_src comp="328" pin="2"/><net_sink comp="670" pin=0"/></net>

<net id="674"><net_src comp="670" pin="1"/><net_sink comp="407" pin=0"/></net>

<net id="675"><net_src comp="670" pin="1"/><net_sink comp="474" pin=1"/></net>

<net id="676"><net_src comp="670" pin="1"/><net_sink comp="485" pin=1"/></net>

<net id="680"><net_src comp="333" pin="2"/><net_sink comp="677" pin=0"/></net>

<net id="681"><net_src comp="677" pin="1"/><net_sink comp="348" pin=0"/></net>

<net id="685"><net_src comp="593" pin="4"/><net_sink comp="682" pin=0"/></net>

<net id="686"><net_src comp="682" pin="1"/><net_sink comp="351" pin=0"/></net>

<net id="687"><net_src comp="682" pin="1"/><net_sink comp="603" pin=0"/></net>

<net id="688"><net_src comp="682" pin="1"/><net_sink comp="413" pin=1"/></net>

<net id="689"><net_src comp="682" pin="1"/><net_sink comp="506" pin=1"/></net>

<net id="693"><net_src comp="342" pin="2"/><net_sink comp="690" pin=0"/></net>

<net id="694"><net_src comp="690" pin="1"/><net_sink comp="585" pin=1"/></net>

<net id="698"><net_src comp="399" pin="3"/><net_sink comp="695" pin=0"/></net>

<net id="699"><net_src comp="695" pin="1"/><net_sink comp="187" pin=1"/></net>

<net id="703"><net_src comp="466" pin="3"/><net_sink comp="700" pin=0"/></net>

<net id="704"><net_src comp="700" pin="1"/><net_sink comp="192" pin=1"/></net>

<net id="708"><net_src comp="565" pin="3"/><net_sink comp="705" pin=0"/></net>

<net id="709"><net_src comp="705" pin="1"/><net_sink comp="197" pin=1"/></net>

<net id="713"><net_src comp="166" pin="3"/><net_sink comp="710" pin=0"/></net>

<net id="714"><net_src comp="710" pin="1"/><net_sink comp="187" pin=0"/></net>

<net id="718"><net_src comp="173" pin="3"/><net_sink comp="715" pin=0"/></net>

<net id="719"><net_src comp="715" pin="1"/><net_sink comp="192" pin=0"/></net>

<net id="723"><net_src comp="180" pin="3"/><net_sink comp="720" pin=0"/></net>

<net id="724"><net_src comp="720" pin="1"/><net_sink comp="197" pin=0"/></net>

</net_list>

</model> 
---------------- Datapath Model END ------------------

* FSMD analyzer results:
  - Output states:
	Port: out_channels_ch1 | {7 8 }
	Port: out_channels_ch2 | {7 8 }
	Port: out_channels_ch3 | {7 8 }
	Port: out_width | {2 }
	Port: out_height | {2 }
 - Input state : 
	Port: yuv_filter_yuv2rgb : in_channels_ch1 | {4 }
	Port: yuv_filter_yuv2rgb : in_channels_ch2 | {4 }
	Port: yuv_filter_yuv2rgb : in_channels_ch3 | {4 }
	Port: yuv_filter_yuv2rgb : in_width | {1 }
	Port: yuv_filter_yuv2rgb : in_height | {1 }
  - Chain level:
	State 1
	State 2
		bound : 1
	State 3
		exitcond_flatten : 1
		indvar_flatten_next : 1
		stg_28 : 2
		x_1 : 1
		exitcond : 1
		y_mid2 : 2
		tmp_mid2_v : 2
		tmp : 3
		p_shl2_cast : 4
		tmp_1 : 3
		p_shl3_cast : 4
		tmp_7 : 5
		tmp_cast : 3
		tmp_s : 6
		y_1 : 3
	State 4
	State 5
		C : 1
		tmp_16_cast : 2
		tmp_3 : 3
		tmp_5 : 4
		tmp_11 : 1
	State 6
		tmp_4 : 1
		tmp_6 : 2
		tmp_8 : 3
		icmp : 4
		tmp_9 : 3
		phitmp : 3
		p_phitmp : 5
		tmp_12 : 5
		R : 5
		tmp_10 : 1
		tmp_10_cast : 2
		tmp1 : 3
		tmp1_cast : 4
		tmp_13 : 5
		tmp_14 : 6
		icmp1 : 7
		tmp_15 : 6
		phitmp2 : 6
		p_phitmp2 : 8
		tmp_16 : 8
		G : 8
		p_shl_cast : 1
		p_shl1_cast : 1
		tmp_17 : 2
		tmp_35_cast : 3
		tmp_19 : 3
		tmp_18 : 4
		tmp_20 : 5
		icmp2 : 6
		tmp_21 : 5
		phitmp3 : 4
		p_phitmp3 : 7
		tmp_22 : 7
		B : 7
	State 7
		out_channels_ch1_addr : 1
		out_channels_ch2_addr : 1
		out_channels_ch3_addr : 1
		stg_96 : 2
		stg_97 : 2
		stg_98 : 2
	State 8
		empty_71 : 1
	State 9


============================================================
+ Verbose Summary: Datapath Resource usage 
============================================================

* Functional unit list:
|----------|----------------------------|---------|---------|---------|
| Operation|       Functional Unit      |  DSP48E |    FF   |   LUT   |
|----------|----------------------------|---------|---------|---------|
|          | indvar_flatten_next_fu_246 |    0    |    0    |    32   |
|          |         x_1_fu_252         |    0    |    0    |    16   |
|          |        tmp_7_fu_303        |    0    |    0    |   11.5  |
|          |        tmp_s_fu_313        |    0    |    0    |   11.5  |
|    add   |         y_1_fu_319         |    0    |    0    |    16   |
|          |        tmp_13_fu_413       |    0    |    0    |    18   |
|          |        tmp_17_fu_496       |    0    |    0    |    17   |
|          |        tmp_19_fu_506       |    0    |    0    |    18   |
|          |        tmp_18_fu_511       |    0    |    0    |    18   |
|----------|----------------------------|---------|---------|---------|
|          |        y_mid2_fu_263       |    0    |    0    |    16   |
|          |      tmp_mid2_v_fu_271     |    0    |    0    |    16   |
|          |       p_phitmp_fu_385      |    0    |    0    |    1    |
|  select  |          R_fu_399          |    0    |    0    |    8    |
|          |      p_phitmp2_fu_452      |    0    |    0    |    1    |
|          |          G_fu_466          |    0    |    0    |    8    |
|          |      p_phitmp3_fu_551      |    0    |    0    |    1    |
|          |          B_fu_565          |    0    |    0    |    8    |
|----------|----------------------------|---------|---------|---------|
|          |   exitcond_flatten_fu_241  |    0    |    0    |    11   |
|          |       exitcond_fu_258      |    0    |    0    |    6    |
|   icmp   |         icmp_fu_363        |    0    |    0    |    1    |
|          |        icmp1_fu_428        |    0    |    0    |    1    |
|          |        icmp2_fu_527        |    0    |    0    |    2    |
|----------|----------------------------|---------|---------|---------|
|    xor   |          D_fu_328          |    0    |    0    |    8    |
|          |          E_fu_333          |    0    |    0    |    8    |
|----------|----------------------------|---------|---------|---------|
|          |        tmp_12_fu_393       |    0    |    0    |    1    |
|    or    |        tmp_16_fu_460       |    0    |    0    |    1    |
|          |        tmp_22_fu_559       |    0    |    0    |    1    |
|----------|----------------------------|---------|---------|---------|
|    mul   |        tmp_11_fu_342       |    1    |    0    |    0    |
|          |        bound_fu_579        |    1    |    0    |    0    |
|----------|----------------------------|---------|---------|---------|
|  muladd  |         grp_fu_585         |    1    |    0    |    0    |
|          |         grp_fu_603         |    1    |    0    |    0    |
|----------|----------------------------|---------|---------|---------|
| addmuladd|         grp_fu_593         |    1    |    0    |    0    |
|----------|----------------------------|---------|---------|---------|
|          |      width_read_fu_122     |    0    |    0    |    0    |
|          |     height_read_fu_128     |    0    |    0    |    0    |
|   read   |        Y_read_fu_148       |    0    |    0    |    0    |
|          |        U_read_fu_154       |    0    |    0    |    0    |
|          |        V_read_fu_160       |    0    |    0    |    0    |
|----------|----------------------------|---------|---------|---------|
|   write  |     stg_17_write_fu_134    |    0    |    0    |    0    |
|          |     stg_18_write_fu_141    |    0    |    0    |    0    |
|----------|----------------------------|---------|---------|---------|
|          |         cast_fu_235        |    0    |    0    |    0    |
|          |        cast1_fu_238        |    0    |    0    |    0    |
|   zext   |       tmp_cast_fu_309      |    0    |    0    |    0    |
|          |     tmp_13_cast_fu_325     |    0    |    0    |    0    |
|          |     tmp_19_cast_fu_573     |    0    |    0    |    0    |
|----------|----------------------------|---------|---------|---------|
|   trunc  |         tmp_fu_279         |    0    |    0    |    0    |
|          |        tmp_1_fu_291        |    0    |    0    |    0    |
|----------|----------------------------|---------|---------|---------|
|          |     p_shl2_cast_fu_283     |    0    |    0    |    0    |
|bitconcatenate|     p_shl3_cast_fu_295     |    0    |    0    |    0    |
|          |        p_shl_fu_474        |    0    |    0    |    0    |
|          |        p_shl1_fu_485       |    0    |    0    |    0    |
|----------|----------------------------|---------|---------|---------|
|          |  tmp_18_cast4_cast_fu_338  |    0    |    0    |    0    |
|          |     tmp_18_cast4_fu_348    |    0    |    0    |    0    |
|          |     tmp_20_cast_fu_351     |    0    |    0    |    0    |
|   sext   |  tmp_26_cast3_cast_fu_407  |    0    |    0    |    0    |
|          |      tmp1_cast_fu_410      |    0    |    0    |    0    |
|          |      p_shl_cast_fu_481     |    0    |    0    |    0    |
|          |     p_shl1_cast_fu_492     |    0    |    0    |    0    |
|          |     tmp_35_cast_fu_502     |    0    |    0    |    0    |
|----------|----------------------------|---------|---------|---------|
|          |        tmp_8_fu_354        |    0    |    0    |    0    |
|          |        phitmp_fu_376       |    0    |    0    |    0    |
|partselect|        tmp_14_fu_418       |    0    |    0    |    0    |
|          |       phitmp2_fu_442       |    0    |    0    |    0    |
|          |        tmp_20_fu_517       |    0    |    0    |    0    |
|          |       phitmp3_fu_541       |    0    |    0    |    0    |
|----------|----------------------------|---------|---------|---------|
|          |        tmp_9_fu_369        |    0    |    0    |    0    |
| bitselect|        tmp_15_fu_434       |    0    |    0    |    0    |
|          |        tmp_21_fu_533       |    0    |    0    |    0    |
|----------|----------------------------|---------|---------|---------|
|   Total  |                            |    5    |    0    |   257   |
|----------|----------------------------|---------|---------|---------|

Memories:
N/A

* Register list:
+-----------------------------+--------+
|                             |   FF   |
+-----------------------------+--------+
|          B_reg_705          |    8   |
|          D_reg_670          |    8   |
|          E_reg_677          |    8   |
|          G_reg_700          |    8   |
|          R_reg_695          |    8   |
|          U_reg_660          |    8   |
|          V_reg_665          |    8   |
|          Y_reg_655          |    8   |
|        bound_reg_626        |   32   |
|   exitcond_flatten_reg_631  |    1   |
|        height_reg_619       |   16   |
| indvar_flatten_next_reg_635 |   32   |
|    indvar_flatten_reg_202   |   32   |
|out_channels_ch1_addr_reg_710|   22   |
|out_channels_ch2_addr_reg_715|   22   |
|out_channels_ch3_addr_reg_720|   22   |
|        tmp_11_reg_690       |   17   |
|        tmp_5_reg_682        |   18   |
|      tmp_mid2_v_reg_640     |   16   |
|        tmp_s_reg_645        |   23   |
|        width_reg_613        |   16   |
|          x_reg_213          |   16   |
|         y_1_reg_650         |   16   |
|          y_reg_224          |   16   |
+-----------------------------+--------+
|            Total            |   381  |
+-----------------------------+--------+

* Multiplexer (MUX) list: 
|-------------------|------|------|------|--------||---------||---------|
|        Comp       |  Pin | Size |  BW  | S x BW ||  Delay  ||   LUT   |
|-------------------|------|------|------|--------||---------||---------|
| grp_access_fu_187 |  p0  |   2  |  22  |   44   ||    22   |
| grp_access_fu_192 |  p0  |   2  |  22  |   44   ||    22   |
| grp_access_fu_197 |  p0  |   2  |  22  |   44   ||    22   |
|     grp_fu_585    |  p1  |   2  |   8  |   16   ||    8    |
|     grp_fu_603    |  p0  |   2  |  10  |   20   ||    10   |
|-------------------|------|------|------|--------||---------||---------|
|       Total       |      |      |      |   168  ||  7.855  ||    84   |
|-------------------|------|------|------|--------||---------||---------|



* Summary:
+-----------+--------+--------+--------+--------+
|           | DSP48E |  Delay |   FF   |   LUT  |
+-----------+--------+--------+--------+--------+
|  Function |    5   |    -   |    0   |   257  |
|   Memory  |    -   |    -   |    -   |    -   |
|Multiplexer|    -   |    7   |    -   |   84   |
|  Register |    -   |    -   |   381  |    -   |
+-----------+--------+--------+--------+--------+
|   Total   |    5   |    7   |   381  |   341  |
+-----------+--------+--------+--------+--------+
