

================================================================
== Vivado HLS Report for 'yuv_filter_yuv2rgb'
================================================================
* Date:           Fri Jun 10 19:55:11 2016

* Version:        2016.1 (Build 1538259 on Fri Apr 08 16:12:49 MDT 2016)
* Project:        yuv_filter_prj
* Solution:       solution3
* Product family: zynq
* Target device:  xc7z020clg484-1


================================================================
== Performance Estimates
================================================================
+ Timing (ns): 
    * Summary: 
    +--------+-------+----------+------------+
    |  Clock | Target| Estimated| Uncertainty|
    +--------+-------+----------+------------+
    |ap_clk  |  10.00|     11.19|        1.25|
    +--------+-------+----------+------------+

+ Latency (clock cycles): 
    * Summary: 
    +-------+---------+-------+---------+---------+
    |     Latency     |     Interval    | Pipeline|
    |  min  |   max   |  min  |   max   |   Type  |
    +-------+---------+-------+---------+---------+
    |  40007|  2457607|  40007|  2457607|   none  |
    +-------+---------+-------+---------+---------+

    + Detail: 
        * Instance: 
        N/A

        * Loop: 
        +---------------------------------+-------+---------+----------+-----------+-----------+-----------------+----------+
        |                                 |     Latency     | Iteration|  Initiation Interval  |       Trip      |          |
        |            Loop Name            |  min  |   max   |  Latency |  achieved |   target  |      Count      | Pipelined|
        +---------------------------------+-------+---------+----------+-----------+-----------+-----------------+----------+
        |- YUV2RGB_LOOP_X_YUV2RGB_LOOP_Y  |  40004|  2457604|         6|          1|          1| 40000 ~ 2457600 |    yes   |
        +---------------------------------+-------+---------+----------+-----------+-----------+-----------------+----------+

============================================================
+ Verbose Summary: Synthesis Manager
============================================================
InlineROM: 1
ExposeGlobal: 0
============================================================
+ Verbose Summary: CDFG Model
============================================================
IsTopModel: 0
ResetActiveHigh: 1
IsCombinational: 2
IsDatapathOnly: 0
HasWiredReturn: 1
HasMFsm: 0
HasVarLatency: 1
IsPipeline: 0
IsRtlPipelined: 0
IsInstanceOverlapped: 0
IsDontTouch: 0
HasImplIP: 0
IsGatedGlobalClock: 0

+ Individual pipeline summary: 
  * Pipeline-0: initiation interval (II) = 1, depth = 6


============================================================
+ Verbose Summary: Schedule
============================================================
* Number of FSM states: 9
* Pipeline: 1
  Pipeline-0: II = 1, D = 6, States = { 3 4 5 6 7 8 }
* Dataflow Pipeline: 0

* FSM state transitions: 
1 --> 
	2  / true
2 --> 
	3  / true
3 --> 
	9  / (exitcond_flatten)
	4  / (!exitcond_flatten)
4 --> 
	5  / true
5 --> 
	6  / true
6 --> 
	7  / true
7 --> 
	8  / true
8 --> 
	3  / true
9 --> 
* FSM state operations: 

 <State 1>: 4.38ns
ST_1: width [1/1] 4.38ns
:5  %width = call i16 @_ssdm_op_Read.ap_fifo.i16P(i16* %in_width)

ST_1: height [1/1] 4.38ns
:6  %height = call i16 @_ssdm_op_Read.ap_fifo.i16P(i16* %in_height)


 <State 2>: 6.38ns
ST_2: empty [1/1] 0.00ns
:0  %empty = call i32 (...)* @_ssdm_op_SpecInterface(i16* %in_height, [8 x i8]* @ap_fifo_str, i32 0, i32 0, i32 0, i32 0, [1 x i8]* @p_str, [1 x i8]* @p_str, [1 x i8]* @p_str, i32 2, i32 2, i32 16, i32 16, [1 x i8]* @p_str)

ST_2: empty_67 [1/1] 0.00ns
:1  %empty_67 = call i32 (...)* @_ssdm_op_SpecInterface(i16* %in_width, [8 x i8]* @ap_fifo_str, i32 0, i32 0, i32 0, i32 0, [1 x i8]* @p_str, [1 x i8]* @p_str, [1 x i8]* @p_str, i32 2, i32 2, i32 16, i32 16, [1 x i8]* @p_str)

ST_2: empty_68 [1/1] 0.00ns
:2  %empty_68 = call i32 (...)* @_ssdm_op_SpecInterface(i8* %in_channels_ch3, [8 x i8]* @ap_fifo_str, i32 0, i32 0, i32 0, i32 0, [1 x i8]* @p_str, [1 x i8]* @p_str, [1 x i8]* @p_str, i32 2, i32 2, i32 16, i32 16, [1 x i8]* @p_str)

ST_2: empty_69 [1/1] 0.00ns
:3  %empty_69 = call i32 (...)* @_ssdm_op_SpecInterface(i8* %in_channels_ch2, [8 x i8]* @ap_fifo_str, i32 0, i32 0, i32 0, i32 0, [1 x i8]* @p_str, [1 x i8]* @p_str, [1 x i8]* @p_str, i32 2, i32 2, i32 16, i32 16, [1 x i8]* @p_str)

ST_2: empty_70 [1/1] 0.00ns
:4  %empty_70 = call i32 (...)* @_ssdm_op_SpecInterface(i8* %in_channels_ch1, [8 x i8]* @ap_fifo_str, i32 0, i32 0, i32 0, i32 0, [1 x i8]* @p_str, [1 x i8]* @p_str, [1 x i8]* @p_str, i32 2, i32 2, i32 16, i32 16, [1 x i8]* @p_str)

ST_2: stg_17 [1/1] 0.00ns
:7  call void @_ssdm_op_Write.ap_auto.i16P(i16* %out_width, i16 %width)

ST_2: stg_18 [1/1] 0.00ns
:8  call void @_ssdm_op_Write.ap_auto.i16P(i16* %out_height, i16 %height)

ST_2: cast [1/1] 0.00ns
:9  %cast = zext i16 %width to i32

ST_2: cast1 [1/1] 0.00ns
:10  %cast1 = zext i16 %height to i32

ST_2: bound [1/1] 6.38ns
:11  %bound = mul i32 %cast1, %cast

ST_2: stg_22 [1/1] 1.57ns
:12  br label %1


 <State 3>: 7.35ns
ST_3: indvar_flatten [1/1] 0.00ns
:0  %indvar_flatten = phi i32 [ 0, %0 ], [ %indvar_flatten_next, %.reset ]

ST_3: x [1/1] 0.00ns
:1  %x = phi i16 [ 0, %0 ], [ %tmp_mid2_v, %.reset ]

ST_3: y [1/1] 0.00ns
:2  %y = phi i16 [ 0, %0 ], [ %y_1, %.reset ]

ST_3: exitcond_flatten [1/1] 2.52ns
:3  %exitcond_flatten = icmp eq i32 %indvar_flatten, %bound

ST_3: indvar_flatten_next [1/1] 2.44ns
:4  %indvar_flatten_next = add i32 %indvar_flatten, 1

ST_3: stg_28 [1/1] 0.00ns
:5  br i1 %exitcond_flatten, label %2, label %.reset

ST_3: x_1 [1/1] 1.96ns
.reset:0  %x_1 = add i16 1, %x

ST_3: exitcond [1/1] 2.28ns
.reset:3  %exitcond = icmp eq i16 %y, %height

ST_3: y_mid2 [1/1] 1.37ns
.reset:4  %y_mid2 = select i1 %exitcond, i16 0, i16 %y

ST_3: tmp_mid2_v [1/1] 1.37ns
.reset:5  %tmp_mid2_v = select i1 %exitcond, i16 %x_1, i16 %x

ST_3: tmp [1/1] 0.00ns
.reset:6  %tmp = trunc i16 %tmp_mid2_v to i13

ST_3: p_shl2_cast [1/1] 0.00ns
.reset:7  %p_shl2_cast = call i23 @_ssdm_op_BitConcatenate.i23.i13.i10(i13 %tmp, i10 0)

ST_3: tmp_1 [1/1] 0.00ns
.reset:8  %tmp_1 = trunc i16 %tmp_mid2_v to i15

ST_3: p_shl3_cast [1/1] 0.00ns
.reset:9  %p_shl3_cast = call i23 @_ssdm_op_BitConcatenate.i23.i15.i8(i15 %tmp_1, i8 0)

ST_3: tmp_7 [1/1] 1.85ns
.reset:10  %tmp_7 = add i23 %p_shl3_cast, %p_shl2_cast

ST_3: tmp_cast [1/1] 0.00ns
.reset:14  %tmp_cast = zext i16 %y_mid2 to i23

ST_3: tmp_s [1/1] 1.85ns
.reset:15  %tmp_s = add i23 %tmp_7, %tmp_cast

ST_3: y_1 [1/1] 1.96ns
.reset:75  %y_1 = add i16 1, %y_mid2


 <State 4>: 4.38ns
ST_4: Y [1/1] 4.38ns
.reset:20  %Y = call i8 @_ssdm_op_Read.ap_fifo.volatile.i8P(i8* %in_channels_ch1)

ST_4: U [1/1] 4.38ns
.reset:21  %U = call i8 @_ssdm_op_Read.ap_fifo.volatile.i8P(i8* %in_channels_ch2)

ST_4: V [1/1] 4.38ns
.reset:22  %V = call i8 @_ssdm_op_Read.ap_fifo.volatile.i8P(i8* %in_channels_ch3)


 <State 5>: 7.75ns
ST_5: tmp_13_cast [1/1] 0.00ns
.reset:23  %tmp_13_cast = zext i8 %Y to i9

ST_5: C [1/1] 0.00ns
.reset:24  %C = add i9 -16, %tmp_13_cast

ST_5: D [1/1] 1.37ns
.reset:25  %D = xor i8 %U, -128

ST_5: E [1/1] 1.37ns
.reset:26  %E = xor i8 %V, -128

ST_5: tmp_16_cast [1/1] 0.00ns
.reset:27  %tmp_16_cast = sext i9 %C to i18

ST_5: tmp_3 [1/1] 3.36ns
.reset:28  %tmp_3 = mul i18 298, %tmp_16_cast

ST_5: tmp_18_cast4_cast [1/1] 0.00ns
.reset:30  %tmp_18_cast4_cast = sext i8 %E to i17

ST_5: tmp_5 [1/1] 3.02ns
.reset:32  %tmp_5 = add i18 128, %tmp_3

ST_5: tmp_11 [1/1] 6.38ns
.reset:45  %tmp_11 = mul i17 -208, %tmp_18_cast4_cast


 <State 6>: 11.19ns
ST_6: tmp_18_cast4 [1/1] 0.00ns
.reset:29  %tmp_18_cast4 = sext i8 %E to i18

ST_6: tmp_4 [1/1] 3.36ns
.reset:31  %tmp_4 = mul i18 409, %tmp_18_cast4

ST_6: tmp_20_cast [1/1] 0.00ns
.reset:33  %tmp_20_cast = sext i18 %tmp_5 to i19

ST_6: tmp_6 [1/1] 3.02ns
.reset:34  %tmp_6 = add i18 %tmp_5, %tmp_4

ST_6: tmp_8 [1/1] 0.00ns
.reset:35  %tmp_8 = call i2 @_ssdm_op_PartSelect.i2.i18.i32.i32(i18 %tmp_6, i32 16, i32 17)

ST_6: icmp [1/1] 1.36ns
.reset:36  %icmp = icmp eq i2 %tmp_8, 1

ST_6: tmp_9 [1/1] 0.00ns (grouped into LUT with out node R)
.reset:37  %tmp_9 = call i1 @_ssdm_op_BitSelect.i1.i18.i32(i18 %tmp_6, i32 17)

ST_6: phitmp [1/1] 0.00ns (grouped into LUT with out node R)
.reset:38  %phitmp = call i8 @_ssdm_op_PartSelect.i8.i18.i32.i32(i18 %tmp_6, i32 8, i32 15)

ST_6: p_phitmp [1/1] 0.00ns (grouped into LUT with out node R)
.reset:39  %p_phitmp = select i1 %icmp, i8 -1, i8 0

ST_6: tmp_12 [1/1] 0.00ns (grouped into LUT with out node R)
.reset:40  %tmp_12 = or i1 %icmp, %tmp_9

ST_6: R [1/1] 1.37ns (out node of the LUT)
.reset:41  %R = select i1 %tmp_12, i8 %p_phitmp, i8 %phitmp

ST_6: tmp_26_cast3_cast [1/1] 0.00ns
.reset:42  %tmp_26_cast3_cast = sext i8 %D to i16

ST_6: tmp_10 [1/1] 3.36ns
.reset:43  %tmp_10 = mul i16 -100, %tmp_26_cast3_cast

ST_6: tmp_10_cast [1/1] 0.00ns
.reset:44  %tmp_10_cast = sext i16 %tmp_10 to i17

ST_6: tmp1 [1/1] 3.02ns
.reset:46  %tmp1 = add i17 %tmp_10_cast, %tmp_11

ST_6: tmp1_cast [1/1] 0.00ns
.reset:47  %tmp1_cast = sext i17 %tmp1 to i18

ST_6: tmp_13 [1/1] 2.08ns
.reset:48  %tmp_13 = add i18 %tmp1_cast, %tmp_5

ST_6: tmp_14 [1/1] 0.00ns
.reset:49  %tmp_14 = call i2 @_ssdm_op_PartSelect.i2.i18.i32.i32(i18 %tmp_13, i32 16, i32 17)

ST_6: icmp1 [1/1] 1.36ns
.reset:50  %icmp1 = icmp eq i2 %tmp_14, 1

ST_6: tmp_15 [1/1] 0.00ns (grouped into LUT with out node G)
.reset:51  %tmp_15 = call i1 @_ssdm_op_BitSelect.i1.i18.i32(i18 %tmp_13, i32 17)

ST_6: phitmp2 [1/1] 0.00ns (grouped into LUT with out node G)
.reset:52  %phitmp2 = call i8 @_ssdm_op_PartSelect.i8.i18.i32.i32(i18 %tmp_13, i32 8, i32 15)

ST_6: p_phitmp2 [1/1] 0.00ns (grouped into LUT with out node G)
.reset:53  %p_phitmp2 = select i1 %icmp1, i8 -1, i8 0

ST_6: tmp_16 [1/1] 0.00ns (grouped into LUT with out node G)
.reset:54  %tmp_16 = or i1 %icmp1, %tmp_15

ST_6: G [1/1] 1.37ns (out node of the LUT)
.reset:55  %G = select i1 %tmp_16, i8 %p_phitmp2, i8 %phitmp2

ST_6: p_shl [1/1] 0.00ns
.reset:56  %p_shl = call i17 @_ssdm_op_BitConcatenate.i17.i8.i9(i8 %D, i9 0)

ST_6: p_shl_cast [1/1] 0.00ns
.reset:57  %p_shl_cast = sext i17 %p_shl to i18

ST_6: p_shl1 [1/1] 0.00ns
.reset:58  %p_shl1 = call i10 @_ssdm_op_BitConcatenate.i10.i8.i2(i8 %D, i2 0)

ST_6: p_shl1_cast [1/1] 0.00ns
.reset:59  %p_shl1_cast = sext i10 %p_shl1 to i18

ST_6: tmp_17 [1/1] 2.08ns
.reset:60  %tmp_17 = add i18 %p_shl_cast, %p_shl1_cast

ST_6: tmp_35_cast [1/1] 0.00ns
.reset:61  %tmp_35_cast = sext i18 %tmp_17 to i19

ST_6: tmp_19 [1/1] 2.08ns
.reset:62  %tmp_19 = add i18 %tmp_17, %tmp_5

ST_6: tmp_18 [1/1] 2.08ns
.reset:63  %tmp_18 = add i19 %tmp_20_cast, %tmp_35_cast

ST_6: tmp_20 [1/1] 0.00ns
.reset:64  %tmp_20 = call i3 @_ssdm_op_PartSelect.i3.i19.i32.i32(i19 %tmp_18, i32 16, i32 18)

ST_6: icmp2 [1/1] 1.62ns
.reset:65  %icmp2 = icmp sgt i3 %tmp_20, 0

ST_6: tmp_21 [1/1] 0.00ns (grouped into LUT with out node B)
.reset:66  %tmp_21 = call i1 @_ssdm_op_BitSelect.i1.i19.i32(i19 %tmp_18, i32 18)

ST_6: phitmp3 [1/1] 0.00ns (grouped into LUT with out node B)
.reset:67  %phitmp3 = call i8 @_ssdm_op_PartSelect.i8.i18.i32.i32(i18 %tmp_19, i32 8, i32 15)

ST_6: p_phitmp3 [1/1] 0.00ns (grouped into LUT with out node B)
.reset:68  %p_phitmp3 = select i1 %icmp2, i8 -1, i8 0

ST_6: tmp_22 [1/1] 0.00ns (grouped into LUT with out node B)
.reset:69  %tmp_22 = or i1 %icmp2, %tmp_21

ST_6: B [1/1] 1.37ns (out node of the LUT)
.reset:70  %B = select i1 %tmp_22, i8 %p_phitmp3, i8 %phitmp3


 <State 7>: 2.61ns
ST_7: tmp_19_cast [1/1] 0.00ns
.reset:16  %tmp_19_cast = zext i23 %tmp_s to i64

ST_7: out_channels_ch1_addr [1/1] 0.00ns
.reset:17  %out_channels_ch1_addr = getelementptr [2457600 x i8]* %out_channels_ch1, i64 0, i64 %tmp_19_cast

ST_7: out_channels_ch2_addr [1/1] 0.00ns
.reset:18  %out_channels_ch2_addr = getelementptr [2457600 x i8]* %out_channels_ch2, i64 0, i64 %tmp_19_cast

ST_7: out_channels_ch3_addr [1/1] 0.00ns
.reset:19  %out_channels_ch3_addr = getelementptr [2457600 x i8]* %out_channels_ch3, i64 0, i64 %tmp_19_cast

ST_7: stg_96 [2/2] 2.61ns
.reset:71  store i8 %R, i8* %out_channels_ch1_addr, align 1

ST_7: stg_97 [2/2] 2.61ns
.reset:72  store i8 %G, i8* %out_channels_ch2_addr, align 1

ST_7: stg_98 [2/2] 2.61ns
.reset:73  store i8 %B, i8* %out_channels_ch3_addr, align 1


 <State 8>: 2.61ns
ST_8: stg_99 [1/1] 0.00ns
.reset:1  call void (...)* @_ssdm_op_SpecLoopName([30 x i8]* @YUV2RGB_LOOP_X_YUV2RGB_LOOP_Y_s)

ST_8: stg_100 [1/1] 0.00ns
.reset:2  call void (...)* @_ssdm_op_SpecLoopTripCount(i64 40000, i64 2457600, i64 784400)

ST_8: stg_101 [1/1] 0.00ns
.reset:11  call void (...)* @_ssdm_op_SpecLoopName([15 x i8]* @p_str4) nounwind

ST_8: tmp_2 [1/1] 0.00ns
.reset:12  %tmp_2 = call i32 (...)* @_ssdm_op_SpecRegionBegin([15 x i8]* @p_str4)

ST_8: stg_103 [1/1] 0.00ns
.reset:13  call void (...)* @_ssdm_op_SpecPipeline(i32 -1, i32 1, i32 1, i32 0, [1 x i8]* @p_str) nounwind

ST_8: stg_104 [1/2] 2.61ns
.reset:71  store i8 %R, i8* %out_channels_ch1_addr, align 1

ST_8: stg_105 [1/2] 2.61ns
.reset:72  store i8 %G, i8* %out_channels_ch2_addr, align 1

ST_8: stg_106 [1/2] 2.61ns
.reset:73  store i8 %B, i8* %out_channels_ch3_addr, align 1

ST_8: empty_71 [1/1] 0.00ns
.reset:74  %empty_71 = call i32 (...)* @_ssdm_op_SpecRegionEnd([15 x i8]* @p_str4, i32 %tmp_2)

ST_8: stg_108 [1/1] 0.00ns
.reset:76  br label %1


 <State 9>: 0.00ns
ST_9: stg_109 [1/1] 0.00ns
:0  ret void



============================================================
+ Verbose Summary: Timing violations
============================================================
Target clock period: 10ns, clock uncertainty: 1.25ns.

 <State 6>: 11.2ns
The critical path consists of the following:
	'mul' operation ('tmp_10', yuv_filter.c:101) (3.36 ns)
	'add' operation ('tmp1', yuv_filter.c:101) (3.02 ns)
	'add' operation ('tmp_13', yuv_filter.c:101) (2.08 ns)
	'partselect' operation ('tmp_14', yuv_filter.c:101) (0 ns)
	'icmp' operation ('icmp1', yuv_filter.c:101) (1.36 ns)
	'select' operation ('p_phitmp2', yuv_filter.c:101) (0 ns)
	'select' operation ('G', yuv_filter.c:101) (1.37 ns)


============================================================
+ Verbose Summary: Binding
============================================================
N/A
* FSMD analyzer results:
  - Output states:
 - Input state : 
  - Chain level:
	State 1
	State 2
	State 3
	State 4
	State 5
	State 6
	State 7
	State 8
	State 9


============================================================
+ Verbose Summary: Datapath Resource usage 
============================================================
N/A
