==============================================================
File generated by Vivado(TM) HLS - High-Level Synthesis from C, C++ and SystemC
Version: 2016.1
Copyright (C) 1986-2016 Xilinx, Inc. All Rights Reserved.

==============================================================

@I [SYN-201] Setting up clock 'default' with a period of 10ns.
@I [HLS-10] Setting target device to 'xc7z020clg484-1'
@I [HLS-10] Analyzing design file 'dct.c' ... 
@I [HLS-10] Validating synthesis directives ...
@I [HLS-10] Starting code transformations ...
@I [XFORM-603] Inlining function 'dct_2d' into 'dct' (dct.c:87).
@I [HLS-10] Checking synthesizability ...
@I [XFORM-502] Unrolling all sub-loops inside loop 'DCT_Outer_Loop' (dct.c:13) in function 'dct_1d' for pipelining.
@I [XFORM-501] Unrolling loop 'DCT_Inner_Loop' (dct.c:15) in function 'dct_1d' completely.
@I [XFORM-102] Partitioning array 'dct_coeff_table' in dimension 2 automatically.
@I [XFORM-101] Partitioning array 'buf_2d_in' (dct.c:81) in dimension 2 completely.
@I [XFORM-101] Partitioning array 'col_inbuf' (dct.c:27) in dimension 2 completely.
@I [XFORM-721] Changing loop 'Loop_Row_DCT_Loop_proc' (dct.c:32) to a process function for dataflow in function 'dct'.
@I [XFORM-721] Changing loop 'Loop_Xpose_Row_Outer_Loop_proc' (dct.c:38) to a process function for dataflow in function 'dct'.
@I [XFORM-721] Changing loop 'Loop_Col_DCT_Loop_proc' (dct.c:43) to a process function for dataflow in function 'dct'.
@I [XFORM-721] Changing loop 'Loop_Xpose_Col_Outer_Loop_proc' (dct.c:49) to a process function for dataflow in function 'dct'.
@W [XFORM-713] All the elements of global array 'col_outbuf.i' should be updated in process function 'Loop_Col_DCT_Loop_proc' (dct.c:43:61), otherwise it may not be synthesized correctly.
@W [XFORM-713] All the elements of global array 'row_outbuf.i' should be updated in process function 'Loop_Row_DCT_Loop_proc' (dct.c:32:60), otherwise it may not be synthesized correctly.
@W [XFORM-713] All the elements of global array 'buf_2d_in[4]' (dct.c:81) should be updated in process function 'read_data' (dct.c:54), otherwise it may not be synthesized correctly.
@W [XFORM-713] All the elements of global array 'buf_2d_in[5]' (dct.c:81) should be updated in process function 'read_data' (dct.c:54), otherwise it may not be synthesized correctly.
@W [XFORM-713] All the elements of global array 'buf_2d_in[0]' (dct.c:81) should be updated in process function 'read_data' (dct.c:54), otherwise it may not be synthesized correctly.
@W [XFORM-713] All the elements of global array 'buf_2d_in[1]' (dct.c:81) should be updated in process function 'read_data' (dct.c:54), otherwise it may not be synthesized correctly.
@W [XFORM-713] All the elements of global array 'buf_2d_in[6]' (dct.c:81) should be updated in process function 'read_data' (dct.c:54), otherwise it may not be synthesized correctly.
@W [XFORM-713] All the elements of global array 'buf_2d_in[7]' (dct.c:81) should be updated in process function 'read_data' (dct.c:54), otherwise it may not be synthesized correctly.
@W [XFORM-713] All the elements of global array 'col_inbuf[0]' (dct.c:27) should be updated in process function 'Loop_Xpose_Row_Outer_Loop_proc' (dct.c:37:63), otherwise it may not be synthesized correctly.
@W [XFORM-713] All the elements of global array 'col_inbuf[1]' (dct.c:27) should be updated in process function 'Loop_Xpose_Row_Outer_Loop_proc' (dct.c:37:63), otherwise it may not be synthesized correctly.
@W [XFORM-713] All the elements of global array 'buf_2d_in[3]' (dct.c:81) should be updated in process function 'read_data' (dct.c:54), otherwise it may not be synthesized correctly.
@W [XFORM-713] All the elements of global array 'buf_2d_in[2]' (dct.c:81) should be updated in process function 'read_data' (dct.c:54), otherwise it may not be synthesized correctly.
@W [XFORM-713] All the elements of global array 'col_inbuf[4]' (dct.c:27) should be updated in process function 'Loop_Xpose_Row_Outer_Loop_proc' (dct.c:37:63), otherwise it may not be synthesized correctly.
@W [XFORM-713] All the elements of global array 'col_inbuf[5]' (dct.c:27) should be updated in process function 'Loop_Xpose_Row_Outer_Loop_proc' (dct.c:37:63), otherwise it may not be synthesized correctly.
@W [XFORM-713] All the elements of global array 'col_inbuf[3]' (dct.c:27) should be updated in process function 'Loop_Xpose_Row_Outer_Loop_proc' (dct.c:37:63), otherwise it may not be synthesized correctly.
@W [XFORM-713] All the elements of global array 'col_inbuf[7]' (dct.c:27) should be updated in process function 'Loop_Xpose_Row_Outer_Loop_proc' (dct.c:37:63), otherwise it may not be synthesized correctly.
@W [XFORM-713] All the elements of global array 'col_inbuf[2]' (dct.c:27) should be updated in process function 'Loop_Xpose_Row_Outer_Loop_proc' (dct.c:37:63), otherwise it may not be synthesized correctly.
@W [XFORM-713] All the elements of global array 'col_inbuf[6]' (dct.c:27) should be updated in process function 'Loop_Xpose_Row_Outer_Loop_proc' (dct.c:37:63), otherwise it may not be synthesized correctly.
@I [XFORM-712] Applying dataflow to function 'dct' (dct.c:78), detected/extracted 6 process function(s):
	 'read_data'
	 'Loop_Row_DCT_Loop_proc'
	 'Loop_Xpose_Row_Outer_Loop_proc'
	 'Loop_Col_DCT_Loop_proc'
	 'Loop_Xpose_Col_Outer_Loop_proc'
	 'write_data'.
@I [XFORM-602] Inlining function 'dct_1d' into 'Loop_Row_DCT_Loop_proc' (dct.c:33->dct.c:87) automatically.
@I [XFORM-602] Inlining function 'dct_1d' into 'Loop_Col_DCT_Loop_proc' (dct.c:44->dct.c:87) automatically.
@I [XFORM-11] Balancing expressions in function 'Loop_Row_DCT_Loop_proc' (dct.c:13:61)...8 expression(s) balanced.
@I [XFORM-11] Balancing expressions in function 'Loop_Col_DCT_Loop_proc' (dct.c:13:61)...8 expression(s) balanced.
@I [XFORM-541] Flattening a loop nest 'WR_Loop_Row' (dct.c:71:67) in function 'write_data'.
@I [XFORM-541] Flattening a loop nest 'RD_Loop_Row' (dct.c:59:67) in function 'read_data'.
@I [XFORM-541] Flattening a loop nest 'Xpose_Row_Outer_Loop' (dct.c:38:1) in function 'Loop_Xpose_Row_Outer_Loop_proc'.
@I [XFORM-541] Flattening a loop nest 'Xpose_Col_Outer_Loop' (dct.c:49:1) in function 'Loop_Xpose_Col_Outer_Loop_proc'.
@W [XFORM-542] Cannot flatten a loop nest 'Row_DCT_Loop' (dct.c:32:66) in function 'Loop_Row_DCT_Loop_proc' : 
               the outer loop is not a perfect loop.
@W [XFORM-542] Cannot flatten a loop nest 'Col_DCT_Loop' (dct.c:43:67) in function 'Loop_Col_DCT_Loop_proc' : 
               the outer loop is not a perfect loop.
@I [HLS-111] Elapsed time: 6.776 seconds; current memory usage: 131 MB.
@I [HLS-10] Starting hardware synthesis ...
@I [HLS-10] Synthesizing 'dct' ...
@I [HLS-10] ----------------------------------------------------------------
@I [HLS-10] -- Scheduling module 'dct_read_data' 
@I [HLS-10] ----------------------------------------------------------------
@I [SCHED-11] Starting scheduling ...
@I [SCHED-61] Pipelining loop 'RD_Loop_Row_RD_Loop_Col'.
@I [SCHED-61] Pipelining result: Target II: 1, Final II: 1, Depth: 2.
@I [SCHED-11] Finished scheduling.
@I [HLS-111] Elapsed time: 0.093 seconds; current memory usage: 133 MB.
@I [HLS-10] ----------------------------------------------------------------
@I [HLS-10] -- Exploring micro-architecture for module 'dct_read_data' 
@I [HLS-10] ----------------------------------------------------------------
@I [BIND-100] Starting micro-architecture generation ...
@I [BIND-101] Performing variable lifetime analysis.
@I [BIND-101] Exploring resource sharing.
@I [BIND-101] Binding ...
@I [BIND-100] Finished micro-architecture generation.
@I [HLS-111] Elapsed time: 0.049 seconds; current memory usage: 133 MB.
@I [HLS-10] ----------------------------------------------------------------
@I [HLS-10] -- Scheduling module 'dct_Loop_Row_DCT_Loop_proc' 
@I [HLS-10] ----------------------------------------------------------------
@I [SCHED-11] Starting scheduling ...
@I [SCHED-61] Pipelining loop 'DCT_Outer_Loop'.
@I [SCHED-61] Pipelining result: Target II: 1, Final II: 1, Depth: 5.
@W [SCHED-21] Estimated clock period (10.8ns) exceeds the target (target clock period: 10ns, clock uncertainty: 1.25ns, effective delay budget: 8.75ns).
@W [SCHED-21] The critical path consists of the following:
	'mul' operation ('tmp_6_i', dct.c:17->dct.c:33->dct.c:87) (3.36 ns)
	'add' operation ('tmp1', dct.c:19->dct.c:33->dct.c:87) (3.02 ns)
	'add' operation ('tmp', dct.c:19->dct.c:33->dct.c:87) (2.44 ns)
	'add' operation ('tmp_i_17', dct.c:19->dct.c:33->dct.c:87) (1.97 ns)
@I [SCHED-11] Finished scheduling.
@I [HLS-111] Elapsed time: 0.076 seconds; current memory usage: 134 MB.
@I [HLS-10] ----------------------------------------------------------------
@I [HLS-10] -- Exploring micro-architecture for module 'dct_Loop_Row_DCT_Loop_proc' 
@I [HLS-10] ----------------------------------------------------------------
@I [BIND-100] Starting micro-architecture generation ...
@I [BIND-101] Performing variable lifetime analysis.
@I [BIND-101] Exploring resource sharing.
@I [BIND-101] Binding ...
@I [BIND-100] Finished micro-architecture generation.
@I [HLS-111] Elapsed time: 0.063 seconds; current memory usage: 134 MB.
@I [HLS-10] ----------------------------------------------------------------
@I [HLS-10] -- Scheduling module 'dct_Loop_Xpose_Row_Outer_Loop_proc' 
@I [HLS-10] ----------------------------------------------------------------
@I [SCHED-11] Starting scheduling ...
@I [SCHED-61] Pipelining loop 'Xpose_Row_Outer_Loop_Xpose_Row_Inner_Loop'.
@I [SCHED-61] Pipelining result: Target II: 1, Final II: 1, Depth: 2.
@I [SCHED-11] Finished scheduling.
@I [HLS-111] Elapsed time: 0.063 seconds; current memory usage: 134 MB.
@I [HLS-10] ----------------------------------------------------------------
@I [HLS-10] -- Exploring micro-architecture for module 'dct_Loop_Xpose_Row_Outer_Loop_proc' 
@I [HLS-10] ----------------------------------------------------------------
@I [BIND-100] Starting micro-architecture generation ...
@I [BIND-101] Performing variable lifetime analysis.
@I [BIND-101] Exploring resource sharing.
@I [BIND-101] Binding ...
@I [BIND-100] Finished micro-architecture generation.
@I [HLS-111] Elapsed time: 0.041 seconds; current memory usage: 134 MB.
@I [HLS-10] ----------------------------------------------------------------
@I [HLS-10] -- Scheduling module 'dct_Loop_Col_DCT_Loop_proc' 
@I [HLS-10] ----------------------------------------------------------------
@I [SCHED-11] Starting scheduling ...
@I [SCHED-61] Pipelining loop 'DCT_Outer_Loop'.
@I [SCHED-61] Pipelining result: Target II: 1, Final II: 1, Depth: 5.
@W [SCHED-21] Estimated clock period (10.8ns) exceeds the target (target clock period: 10ns, clock uncertainty: 1.25ns, effective delay budget: 8.75ns).
@W [SCHED-21] The critical path consists of the following:
	'mul' operation ('tmp_6_i', dct.c:17->dct.c:44->dct.c:87) (3.36 ns)
	'add' operation ('tmp1', dct.c:19->dct.c:44->dct.c:87) (3.02 ns)
	'add' operation ('tmp', dct.c:19->dct.c:44->dct.c:87) (2.44 ns)
	'add' operation ('tmp_i_20', dct.c:19->dct.c:44->dct.c:87) (1.97 ns)
@I [SCHED-11] Finished scheduling.
@I [HLS-111] Elapsed time: 0.065 seconds; current memory usage: 135 MB.
@I [HLS-10] ----------------------------------------------------------------
@I [HLS-10] -- Exploring micro-architecture for module 'dct_Loop_Col_DCT_Loop_proc' 
@I [HLS-10] ----------------------------------------------------------------
@I [BIND-100] Starting micro-architecture generation ...
@I [BIND-101] Performing variable lifetime analysis.
@I [BIND-101] Exploring resource sharing.
@I [BIND-101] Binding ...
@I [BIND-100] Finished micro-architecture generation.
@I [HLS-111] Elapsed time: 0.059 seconds; current memory usage: 135 MB.
@I [HLS-10] ----------------------------------------------------------------
@I [HLS-10] -- Scheduling module 'dct_Loop_Xpose_Col_Outer_Loop_proc' 
@I [HLS-10] ----------------------------------------------------------------
@I [SCHED-11] Starting scheduling ...
@I [SCHED-61] Pipelining loop 'Xpose_Col_Outer_Loop_Xpose_Col_Inner_Loop'.
@I [SCHED-61] Pipelining result: Target II: 1, Final II: 1, Depth: 2.
@I [SCHED-11] Finished scheduling.
@I [HLS-111] Elapsed time: 0.062 seconds; current memory usage: 135 MB.
@I [HLS-10] ----------------------------------------------------------------
@I [HLS-10] -- Exploring micro-architecture for module 'dct_Loop_Xpose_Col_Outer_Loop_proc' 
@I [HLS-10] ----------------------------------------------------------------
@I [BIND-100] Starting micro-architecture generation ...
@I [BIND-101] Performing variable lifetime analysis.
@I [BIND-101] Exploring resource sharing.
@I [BIND-101] Binding ...
@I [BIND-100] Finished micro-architecture generation.
@I [HLS-111] Elapsed time: 0.04 seconds; current memory usage: 135 MB.
@I [HLS-10] ----------------------------------------------------------------
@I [HLS-10] -- Scheduling module 'dct_write_data' 
@I [HLS-10] ----------------------------------------------------------------
@I [SCHED-11] Starting scheduling ...
@I [SCHED-61] Pipelining loop 'WR_Loop_Row_WR_Loop_Col'.
@I [SCHED-61] Pipelining result: Target II: 1, Final II: 1, Depth: 2.
@I [SCHED-11] Finished scheduling.
@I [HLS-111] Elapsed time: 0.052 seconds; current memory usage: 135 MB.
@I [HLS-10] ----------------------------------------------------------------
@I [HLS-10] -- Exploring micro-architecture for module 'dct_write_data' 
@I [HLS-10] ----------------------------------------------------------------
@I [BIND-100] Starting micro-architecture generation ...
@I [BIND-101] Performing variable lifetime analysis.
@I [BIND-101] Exploring resource sharing.
@I [BIND-101] Binding ...
@I [BIND-100] Finished micro-architecture generation.
@I [HLS-111] Elapsed time: 0.038 seconds; current memory usage: 135 MB.
@I [HLS-10] ----------------------------------------------------------------
@I [HLS-10] -- Scheduling module 'dct' 
@I [HLS-10] ----------------------------------------------------------------
@I [SCHED-11] Starting scheduling ...
@I [SCHED-11] Finished scheduling.
@I [HLS-111] Elapsed time: 0.041 seconds; current memory usage: 135 MB.
@I [HLS-10] ----------------------------------------------------------------
@I [HLS-10] -- Exploring micro-architecture for module 'dct' 
@I [HLS-10] ----------------------------------------------------------------
@I [BIND-100] Starting micro-architecture generation ...
@I [BIND-101] Performing variable lifetime analysis.
@I [BIND-101] Exploring resource sharing.
@I [BIND-101] Binding ...
@I [BIND-100] Finished micro-architecture generation.
@I [HLS-111] Elapsed time: 0.106 seconds; current memory usage: 135 MB.
@I [HLS-10] ----------------------------------------------------------------
@I [HLS-10] -- Generating RTL for module 'dct_read_data' 
@I [HLS-10] ----------------------------------------------------------------
@I [RTGEN-100] Finished creating RTL model for 'dct_read_data'.
@I [HLS-111] Elapsed time: 0.104 seconds; current memory usage: 135 MB.
@I [HLS-10] ----------------------------------------------------------------
@I [HLS-10] -- Generating RTL for module 'dct_Loop_Row_DCT_Loop_proc' 
@I [HLS-10] ----------------------------------------------------------------
@I [RTGEN-100] Generating core module 'dct_mac_muladd_14ns_16s_29s_29_1': 1 instance(s).
@I [RTGEN-100] Generating core module 'dct_mac_muladd_15s_16s_14ns_29_1': 1 instance(s).
@I [RTGEN-100] Generating core module 'dct_mac_muladd_15s_16s_29s_29_1': 3 instance(s).
@I [RTGEN-100] Generating core module 'dct_mul_mul_15s_16s_29_1': 3 instance(s).
@I [RTGEN-100] Finished creating RTL model for 'dct_Loop_Row_DCT_Loop_proc'.
@I [HLS-111] Elapsed time: 0.207 seconds; current memory usage: 136 MB.
@I [HLS-10] ----------------------------------------------------------------
@I [HLS-10] -- Generating RTL for module 'dct_Loop_Xpose_Row_Outer_Loop_proc' 
@I [HLS-10] ----------------------------------------------------------------
@I [RTGEN-100] Finished creating RTL model for 'dct_Loop_Xpose_Row_Outer_Loop_proc'.
@I [HLS-111] Elapsed time: 0.236 seconds; current memory usage: 137 MB.
@I [HLS-10] ----------------------------------------------------------------
@I [HLS-10] -- Generating RTL for module 'dct_Loop_Col_DCT_Loop_proc' 
@I [HLS-10] ----------------------------------------------------------------
@I [RTGEN-100] Generating core module 'dct_mac_muladd_14ns_16s_29s_29_1': 1 instance(s).
@I [RTGEN-100] Generating core module 'dct_mac_muladd_15s_16s_14ns_29_1': 1 instance(s).
@I [RTGEN-100] Generating core module 'dct_mac_muladd_15s_16s_29s_29_1': 3 instance(s).
@I [RTGEN-100] Generating core module 'dct_mul_mul_15s_16s_29_1': 3 instance(s).
@I [RTGEN-100] Finished creating RTL model for 'dct_Loop_Col_DCT_Loop_proc'.
@I [HLS-111] Elapsed time: 0.173 seconds; current memory usage: 137 MB.
@I [HLS-10] ----------------------------------------------------------------
@I [HLS-10] -- Generating RTL for module 'dct_Loop_Xpose_Col_Outer_Loop_proc' 
@I [HLS-10] ----------------------------------------------------------------
@I [RTGEN-100] Finished creating RTL model for 'dct_Loop_Xpose_Col_Outer_Loop_proc'.
@I [HLS-111] Elapsed time: 0.24 seconds; current memory usage: 138 MB.
@I [HLS-10] ----------------------------------------------------------------
@I [HLS-10] -- Generating RTL for module 'dct_write_data' 
@I [HLS-10] ----------------------------------------------------------------
@I [RTGEN-100] Finished creating RTL model for 'dct_write_data'.
@I [HLS-111] Elapsed time: 0.114 seconds; current memory usage: 138 MB.
@I [HLS-10] ----------------------------------------------------------------
@I [HLS-10] -- Generating RTL for module 'dct' 
@I [HLS-10] ----------------------------------------------------------------
@I [RTGEN-500] Setting interface mode on port 'dct/input_r' to 'ap_memory'.
@I [RTGEN-500] Setting interface mode on port 'dct/output_r' to 'ap_memory'.
@I [RTGEN-500] Setting interface mode on function 'dct' to 'ap_ctrl_hs'.
@I [RTGEN-100] Finished creating RTL model for 'dct'.
@I [HLS-111] Elapsed time: 0.251 seconds; current memory usage: 139 MB.
@I [RTMG-279] Implementing memory 'dct_Loop_Row_DCT_Loop_proc_dct_coeff_table_0_rom' using distributed ROMs.
@I [RTMG-279] Implementing memory 'dct_Loop_Row_DCT_Loop_proc_dct_coeff_table_1_rom' using distributed ROMs.
@I [RTMG-279] Implementing memory 'dct_Loop_Row_DCT_Loop_proc_dct_coeff_table_2_rom' using distributed ROMs.
@I [RTMG-279] Implementing memory 'dct_Loop_Row_DCT_Loop_proc_dct_coeff_table_3_rom' using distributed ROMs.
@I [RTMG-279] Implementing memory 'dct_Loop_Row_DCT_Loop_proc_dct_coeff_table_4_rom' using distributed ROMs.
@I [RTMG-279] Implementing memory 'dct_Loop_Row_DCT_Loop_proc_dct_coeff_table_5_rom' using distributed ROMs.
@I [RTMG-279] Implementing memory 'dct_Loop_Row_DCT_Loop_proc_dct_coeff_table_6_rom' using distributed ROMs.
@I [RTMG-279] Implementing memory 'dct_Loop_Row_DCT_Loop_proc_dct_coeff_table_7_rom' using distributed ROMs.
@I [RTMG-278] Implementing memory 'dct_row_outbuf_i_memcore_ram' using block RAMs.
@I [RTMG-278] Implementing memory 'dct_col_inbuf_0_memcore_ram' using distributed RAMs.
@I [HLS-10] Finished generating all RTL models.
@I [SYSC-301] Generating SystemC RTL for dct.
@I [VHDL-304] Generating VHDL RTL for dct.
@I [VLOG-307] Generating Verilog RTL for dct.
@I [HLS-112] Total elapsed time: 11.557 seconds; peak memory usage: 139 MB.
