==============================================================
File generated by Vivado(TM) HLS - High-Level Synthesis from C, C++ and SystemC
Version: 2016.1
Copyright (C) 1986-2016 Xilinx, Inc. All Rights Reserved.

==============================================================

@I [SYN-201] Setting up clock 'default' with a period of 10ns.
@I [HLS-10] Setting target device to 'xc7z020clg484-1'
@I [HLS-10] Analyzing design file 'dct.c' ... 
@I [HLS-10] Validating synthesis directives ...
@I [HLS-10] Starting code transformations ...
@I [XFORM-603] Inlining function 'dct_2d' into 'dct' (dct.c:87).
@I [HLS-10] Checking synthesizability ...
@I [XFORM-502] Unrolling all sub-loops inside loop 'DCT_Outer_Loop' (dct.c:13) in function 'dct_1d' for pipelining.
@I [XFORM-501] Unrolling loop 'DCT_Inner_Loop' (dct.c:15) in function 'dct_1d' completely.
@I [XFORM-131] Reshaping array 'buf_2d_in' (dct.c:81) in dimension 2 completely.
@I [XFORM-131] Reshaping array 'col_inbuf' (dct.c:27) in dimension 2 completely.
@I [XFORM-131] Reshaping array 'dct_coeff_table'  in dimension 2 completely.
@I [XFORM-721] Changing loop 'Loop_Row_DCT_Loop_proc' (dct.c:32) to a process function for dataflow in function 'dct'.
@I [XFORM-721] Changing loop 'Loop_Xpose_Row_Outer_Loop_proc' (dct.c:38) to a process function for dataflow in function 'dct'.
@I [XFORM-721] Changing loop 'Loop_Col_DCT_Loop_proc' (dct.c:43) to a process function for dataflow in function 'dct'.
@I [XFORM-721] Changing loop 'Loop_Xpose_Col_Outer_Loop_proc' (dct.c:49) to a process function for dataflow in function 'dct'.
@W [XFORM-713] All the elements of global array 'row_outbuf.i' should be updated in process function 'Loop_Row_DCT_Loop_proc' (dct.c:32:60), otherwise it may not be synthesized correctly.
@W [XFORM-713] All the elements of global array 'col_outbuf.i' should be updated in process function 'Loop_Col_DCT_Loop_proc' (dct.c:43:61), otherwise it may not be synthesized correctly.
@W [XFORM-713] All the elements of global array 'buf_2d_in' (dct.c:81) should be updated in process function 'read_data' (dct.c:54), otherwise it may not be synthesized correctly.
@W [XFORM-713] All the elements of global array 'col_inbuf' (dct.c:27) should be updated in process function 'Loop_Xpose_Row_Outer_Loop_proc' (dct.c:37:63), otherwise it may not be synthesized correctly.
@I [XFORM-712] Applying dataflow to function 'dct' (dct.c:78), detected/extracted 6 process function(s):
	 'read_data'
	 'Loop_Row_DCT_Loop_proc'
	 'Loop_Xpose_Row_Outer_Loop_proc'
	 'Loop_Col_DCT_Loop_proc'
	 'Loop_Xpose_Col_Outer_Loop_proc'
	 'write_data'.
@I [XFORM-602] Inlining function 'dct_1d' into 'Loop_Row_DCT_Loop_proc' automatically.
@I [XFORM-602] Inlining function 'dct_1d' into 'Loop_Col_DCT_Loop_proc' automatically.
@I [XFORM-11] Balancing expressions in function 'Loop_Row_DCT_Loop_proc' (dct.c:13:61)...8 expression(s) balanced.
@I [XFORM-11] Balancing expressions in function 'Loop_Col_DCT_Loop_proc' (dct.c:13:61)...8 expression(s) balanced.
@I [XFORM-541] Flattening a loop nest 'WR_Loop_Row' (dct.c:71:67) in function 'write_data'.
@I [XFORM-541] Flattening a loop nest 'RD_Loop_Row' (dct.c:59:67) in function 'read_data'.
@I [XFORM-541] Flattening a loop nest 'Xpose_Row_Outer_Loop' (dct.c:38:1) in function 'Loop_Xpose_Row_Outer_Loop_proc'.
@I [XFORM-541] Flattening a loop nest 'Xpose_Col_Outer_Loop' (dct.c:49:1) in function 'Loop_Xpose_Col_Outer_Loop_proc'.
@W [XFORM-542] Cannot flatten a loop nest 'Row_DCT_Loop' (dct.c:32:66) in function 'Loop_Row_DCT_Loop_proc' : 
               the outer loop is not a perfect loop.
@W [XFORM-542] Cannot flatten a loop nest 'Col_DCT_Loop' (dct.c:43:67) in function 'Loop_Col_DCT_Loop_proc' : 
               the outer loop is not a perfect loop.
@I [HLS-111] Elapsed time: 6.988 seconds; current memory usage: 130 MB.
@I [HLS-10] Starting hardware synthesis ...
@I [HLS-10] Synthesizing 'dct' ...
@I [HLS-10] ----------------------------------------------------------------
@I [HLS-10] -- Scheduling module 'dct_read_data' 
@I [HLS-10] ----------------------------------------------------------------
@I [SCHED-11] Starting scheduling ...
@I [SCHED-61] Pipelining loop 'RD_Loop_Row_RD_Loop_Col'.
@W [SCHED-68] Unable to enforce a carried dependency constraint (II = 1, distance = 1)
   between 'store' operation (dct.c:62) of variable 'tmp_26', dct.c:62 on array 'buf_r' and 'load' operation ('buf_load', dct.c:62) on array 'buf_r'.
@I [SCHED-61] Pipelining result: Target II: 1, Final II: 2, Depth: 3.
@I [SCHED-11] Finished scheduling.
@I [HLS-111] Elapsed time: 0.125 seconds; current memory usage: 132 MB.
@I [HLS-10] ----------------------------------------------------------------
@I [HLS-10] -- Exploring micro-architecture for module 'dct_read_data' 
@I [HLS-10] ----------------------------------------------------------------
@I [BIND-100] Starting micro-architecture generation ...
@I [BIND-101] Performing variable lifetime analysis.
@I [BIND-101] Exploring resource sharing.
@I [BIND-101] Binding ...
@I [BIND-100] Finished micro-architecture generation.
@I [HLS-111] Elapsed time: 0.087 seconds; current memory usage: 132 MB.
@I [HLS-10] ----------------------------------------------------------------
@I [HLS-10] -- Scheduling module 'dct_Loop_Row_DCT_Loop_proc' 
@I [HLS-10] ----------------------------------------------------------------
@I [SCHED-11] Starting scheduling ...
@I [SCHED-61] Pipelining loop 'DCT_Outer_Loop'.
@I [SCHED-61] Pipelining result: Target II: 1, Final II: 1, Depth: 5.
@W [SCHED-21] Estimated clock period (10.8ns) exceeds the target (target clock period: 10ns, clock uncertainty: 1.25ns, effective delay budget: 8.75ns).
@W [SCHED-21] The critical path consists of the following:
	'mul' operation ('tmp_6_5_i', dct.c:17) (3.36 ns)
	'add' operation ('tmp4', dct.c:19) (3.02 ns)
	'add' operation ('tmp3', dct.c:19) (2.44 ns)
	'add' operation ('tmp_i_29', dct.c:19) (1.97 ns)
@I [SCHED-11] Finished scheduling.
@I [HLS-111] Elapsed time: 0.124 seconds; current memory usage: 133 MB.
@I [HLS-10] ----------------------------------------------------------------
@I [HLS-10] -- Exploring micro-architecture for module 'dct_Loop_Row_DCT_Loop_proc' 
@I [HLS-10] ----------------------------------------------------------------
@I [BIND-100] Starting micro-architecture generation ...
@I [BIND-101] Performing variable lifetime analysis.
@I [BIND-101] Exploring resource sharing.
@I [BIND-101] Binding ...
@I [BIND-100] Finished micro-architecture generation.
@I [HLS-111] Elapsed time: 0.065 seconds; current memory usage: 133 MB.
@I [HLS-10] ----------------------------------------------------------------
@I [HLS-10] -- Scheduling module 'dct_Loop_Xpose_Row_Outer_Loop_proc' 
@I [HLS-10] ----------------------------------------------------------------
@I [SCHED-11] Starting scheduling ...
@I [SCHED-61] Pipelining loop 'Xpose_Row_Outer_Loop_Xpose_Row_Inner_Loop'.
@W [SCHED-68] Unable to enforce a carried dependency constraint (II = 1, distance = 1)
   between 'store' operation (dct.c:40->dct.c:87) of variable 'tmp_48', dct.c:40->dct.c:87 on array 'col_inbuf' and 'load' operation ('col_inbuf_load', dct.c:40->dct.c:87) on array 'col_inbuf'.
@I [SCHED-61] Pipelining result: Target II: 1, Final II: 2, Depth: 3.
@I [SCHED-11] Finished scheduling.
@I [HLS-111] Elapsed time: 0.15 seconds; current memory usage: 133 MB.
@I [HLS-10] ----------------------------------------------------------------
@I [HLS-10] -- Exploring micro-architecture for module 'dct_Loop_Xpose_Row_Outer_Loop_proc' 
@I [HLS-10] ----------------------------------------------------------------
@I [BIND-100] Starting micro-architecture generation ...
@I [BIND-101] Performing variable lifetime analysis.
@I [BIND-101] Exploring resource sharing.
@I [BIND-101] Binding ...
@I [BIND-100] Finished micro-architecture generation.
@I [HLS-111] Elapsed time: 0.061 seconds; current memory usage: 133 MB.
@I [HLS-10] ----------------------------------------------------------------
@I [HLS-10] -- Scheduling module 'dct_Loop_Col_DCT_Loop_proc' 
@I [HLS-10] ----------------------------------------------------------------
@I [SCHED-11] Starting scheduling ...
@I [SCHED-61] Pipelining loop 'DCT_Outer_Loop'.
@I [SCHED-61] Pipelining result: Target II: 1, Final II: 1, Depth: 5.
@W [SCHED-21] Estimated clock period (10.8ns) exceeds the target (target clock period: 10ns, clock uncertainty: 1.25ns, effective delay budget: 8.75ns).
@W [SCHED-21] The critical path consists of the following:
	'mul' operation ('tmp_6_5_i', dct.c:17) (3.36 ns)
	'add' operation ('tmp4', dct.c:19) (3.02 ns)
	'add' operation ('tmp3', dct.c:19) (2.44 ns)
	'add' operation ('tmp_i_32', dct.c:19) (1.97 ns)
@I [SCHED-11] Finished scheduling.
@I [HLS-111] Elapsed time: 0.112 seconds; current memory usage: 134 MB.
@I [HLS-10] ----------------------------------------------------------------
@I [HLS-10] -- Exploring micro-architecture for module 'dct_Loop_Col_DCT_Loop_proc' 
@I [HLS-10] ----------------------------------------------------------------
@I [BIND-100] Starting micro-architecture generation ...
@I [BIND-101] Performing variable lifetime analysis.
@I [BIND-101] Exploring resource sharing.
@I [BIND-101] Binding ...
@I [BIND-100] Finished micro-architecture generation.
@I [HLS-111] Elapsed time: 0.066 seconds; current memory usage: 134 MB.
@I [HLS-10] ----------------------------------------------------------------
@I [HLS-10] -- Scheduling module 'dct_Loop_Xpose_Col_Outer_Loop_proc' 
@I [HLS-10] ----------------------------------------------------------------
@I [SCHED-11] Starting scheduling ...
@I [SCHED-61] Pipelining loop 'Xpose_Col_Outer_Loop_Xpose_Col_Inner_Loop'.
@I [SCHED-61] Pipelining result: Target II: 1, Final II: 1, Depth: 2.
@I [SCHED-11] Finished scheduling.
@I [HLS-111] Elapsed time: 0.083 seconds; current memory usage: 134 MB.
@I [HLS-10] ----------------------------------------------------------------
@I [HLS-10] -- Exploring micro-architecture for module 'dct_Loop_Xpose_Col_Outer_Loop_proc' 
@I [HLS-10] ----------------------------------------------------------------
@I [BIND-100] Starting micro-architecture generation ...
@I [BIND-101] Performing variable lifetime analysis.
@I [BIND-101] Exploring resource sharing.
@I [BIND-101] Binding ...
@I [BIND-100] Finished micro-architecture generation.
@I [HLS-111] Elapsed time: 0.052 seconds; current memory usage: 134 MB.
@I [HLS-10] ----------------------------------------------------------------
@I [HLS-10] -- Scheduling module 'dct_write_data' 
@I [HLS-10] ----------------------------------------------------------------
@I [SCHED-11] Starting scheduling ...
@I [SCHED-61] Pipelining loop 'WR_Loop_Row_WR_Loop_Col'.
@I [SCHED-61] Pipelining result: Target II: 1, Final II: 1, Depth: 2.
@I [SCHED-11] Finished scheduling.
@I [HLS-111] Elapsed time: 0.065 seconds; current memory usage: 135 MB.
@I [HLS-10] ----------------------------------------------------------------
@I [HLS-10] -- Exploring micro-architecture for module 'dct_write_data' 
@I [HLS-10] ----------------------------------------------------------------
@I [BIND-100] Starting micro-architecture generation ...
@I [BIND-101] Performing variable lifetime analysis.
@I [BIND-101] Exploring resource sharing.
@I [BIND-101] Binding ...
@I [BIND-100] Finished micro-architecture generation.
@I [HLS-111] Elapsed time: 0.05 seconds; current memory usage: 135 MB.
@I [HLS-10] ----------------------------------------------------------------
@I [HLS-10] -- Scheduling module 'dct' 
@I [HLS-10] ----------------------------------------------------------------
@I [SCHED-11] Starting scheduling ...
@I [SCHED-11] Finished scheduling.
@I [HLS-111] Elapsed time: 0.055 seconds; current memory usage: 135 MB.
@I [HLS-10] ----------------------------------------------------------------
@I [HLS-10] -- Exploring micro-architecture for module 'dct' 
@I [HLS-10] ----------------------------------------------------------------
@I [BIND-100] Starting micro-architecture generation ...
@I [BIND-101] Performing variable lifetime analysis.
@I [BIND-101] Exploring resource sharing.
@I [BIND-101] Binding ...
@I [BIND-100] Finished micro-architecture generation.
@I [HLS-111] Elapsed time: 0.12 seconds; current memory usage: 135 MB.
@I [HLS-10] ----------------------------------------------------------------
@I [HLS-10] -- Generating RTL for module 'dct_read_data' 
@I [HLS-10] ----------------------------------------------------------------
@I [RTGEN-100] Finished creating RTL model for 'dct_read_data'.
@I [HLS-111] Elapsed time: 0.137 seconds; current memory usage: 135 MB.
@I [HLS-10] ----------------------------------------------------------------
@I [HLS-10] -- Generating RTL for module 'dct_Loop_Row_DCT_Loop_proc' 
@I [HLS-10] ----------------------------------------------------------------
@I [RTGEN-100] Generating core module 'dct_mac_muladd_16s_15s_14ns_29_1': 1 instance(s).
@I [RTGEN-100] Generating core module 'dct_mac_muladd_16s_16s_29s_29_1': 4 instance(s).
@I [RTGEN-100] Generating core module 'dct_mul_mul_16s_16s_29_1': 3 instance(s).
@I [RTGEN-100] Finished creating RTL model for 'dct_Loop_Row_DCT_Loop_proc'.
@I [HLS-111] Elapsed time: 0.291 seconds; current memory usage: 135 MB.
@I [HLS-10] ----------------------------------------------------------------
@I [HLS-10] -- Generating RTL for module 'dct_Loop_Xpose_Row_Outer_Loop_proc' 
@I [HLS-10] ----------------------------------------------------------------
@I [RTGEN-100] Finished creating RTL model for 'dct_Loop_Xpose_Row_Outer_Loop_proc'.
@I [HLS-111] Elapsed time: 0.279 seconds; current memory usage: 136 MB.
@I [HLS-10] ----------------------------------------------------------------
@I [HLS-10] -- Generating RTL for module 'dct_Loop_Col_DCT_Loop_proc' 
@I [HLS-10] ----------------------------------------------------------------
@I [RTGEN-100] Generating core module 'dct_mac_muladd_16s_15s_14ns_29_1': 1 instance(s).
@I [RTGEN-100] Generating core module 'dct_mac_muladd_16s_16s_29s_29_1': 4 instance(s).
@I [RTGEN-100] Generating core module 'dct_mul_mul_16s_16s_29_1': 3 instance(s).
@I [RTGEN-100] Finished creating RTL model for 'dct_Loop_Col_DCT_Loop_proc'.
@I [HLS-111] Elapsed time: 0.265 seconds; current memory usage: 136 MB.
@I [HLS-10] ----------------------------------------------------------------
@I [HLS-10] -- Generating RTL for module 'dct_Loop_Xpose_Col_Outer_Loop_proc' 
@I [HLS-10] ----------------------------------------------------------------
@I [RTGEN-100] Finished creating RTL model for 'dct_Loop_Xpose_Col_Outer_Loop_proc'.
@I [HLS-111] Elapsed time: 0.316 seconds; current memory usage: 137 MB.
@I [HLS-10] ----------------------------------------------------------------
@I [HLS-10] -- Generating RTL for module 'dct_write_data' 
@I [HLS-10] ----------------------------------------------------------------
@I [RTGEN-100] Finished creating RTL model for 'dct_write_data'.
@I [HLS-111] Elapsed time: 0.152 seconds; current memory usage: 137 MB.
@I [HLS-10] ----------------------------------------------------------------
@I [HLS-10] -- Generating RTL for module 'dct' 
@I [HLS-10] ----------------------------------------------------------------
@I [RTGEN-500] Setting interface mode on port 'dct/input_r' to 'ap_memory'.
@I [RTGEN-500] Setting interface mode on port 'dct/output_r' to 'ap_memory'.
@I [RTGEN-500] Setting interface mode on function 'dct' to 'ap_ctrl_hs'.
@I [RTGEN-100] Finished creating RTL model for 'dct'.
@I [HLS-111] Elapsed time: 0.182 seconds; current memory usage: 137 MB.
@I [RTMG-279] Implementing memory 'dct_Loop_Row_DCT_Loop_proc_dct_coeff_table_rom' using distributed ROMs.
@I [RTMG-278] Implementing memory 'dct_row_outbuf_i_memcore_ram' using block RAMs.
@I [RTMG-278] Implementing memory 'dct_col_inbuf_memcore_ram' using block RAMs.
@I [HLS-10] Finished generating all RTL models.
@I [SYSC-301] Generating SystemC RTL for dct.
@I [VHDL-304] Generating VHDL RTL for dct.
@I [VLOG-307] Generating Verilog RTL for dct.
@I [HLS-112] Total elapsed time: 11.530 seconds; peak memory usage: 137 MB.
