@I [HLS-0] Workspace C:/training/hls/demos/loop_pipeline/dct_prj/solution1 opened at Wed Jun 15 11:55:24 +0530 2016
@I [HLS-100] Command 'open_solution' returned 0; elapsed 0.049Total elapsed time: 1.143 sec.
@I [HLS-100] Command "set_part xc7k160tfbg484-1 "
@I [HLS-100] Command "add_library xilinx/kintex7/kintex7:xc7k160t:fbg484:-1 "
@I [HLS-100] Command "get_default_platform "
@I [HLS-100] Command 'get_default_platform' returned 0; elapsed 0Total elapsed time: 1.153 sec.
@I [HLS-100] Command "license_isbetapart xc7k160t "
@I [HLS-100] Command 'license_isbetapart' returned 1; elapsed 0.029Total elapsed time: 1.183 sec.
@I [HLS-100] Command "open_platform DefaultPlatform "
@I [HLS-100] Command 'open_platform' returned 0; elapsed 0Total elapsed time: 1.185 sec.
@I [HLS-100] Command "import_lib C:/Xilinx/Vivado_HLS/2016.1/common/technology/xilinx/kintex7/kintex7 "
@I [HLS-100] Command "source C:/Xilinx/Vivado_HLS/2016.1/common/technology/xilinx/common/xilinx.lib "
@I [HLS-100] Command "source C:/Xilinx/Vivado_HLS/2016.1/common/technology/xilinx/interface/xilinx_interface.lib "
@I [HLS-100] Command "source C:/Xilinx/Vivado_HLS/2016.1/common/technology/xilinx/interface/plb46.lib "
@I [HLS-100] Command 'ap_source' returned 0; elapsed 0.001Total elapsed time: 1.191 sec.
@I [HLS-100] Command "source C:/Xilinx/Vivado_HLS/2016.1/common/technology/xilinx/interface/fsl.lib "
@I [HLS-100] Command 'ap_source' returned 0; elapsed 0Total elapsed time: 1.192 sec.
@I [HLS-100] Command "source C:/Xilinx/Vivado_HLS/2016.1/common/technology/xilinx/interface/axi4.lib "
@I [HLS-100] Command 'ap_source' returned 0; elapsed 0.001Total elapsed time: 1.194 sec.
@I [HLS-100] Command "source C:/Xilinx/Vivado_HLS/2016.1/common/technology/xilinx/interface/maxi.lib "
@I [HLS-100] Command 'ap_source' returned 0; elapsed 0Total elapsed time: 1.195 sec.
@I [HLS-100] Command "source C:/Xilinx/Vivado_HLS/2016.1/common/technology/xilinx/interface/saxilite.lib "
@I [HLS-100] Command 'ap_source' returned 0; elapsed 0Total elapsed time: 1.196 sec.
@I [HLS-100] Command 'ap_source' returned 0; elapsed 0.007Total elapsed time: 1.196 sec.
@I [HLS-100] Command "source C:/Xilinx/Vivado_HLS/2016.1/common/technology/xilinx/common/dsp48.lib "
@I [HLS-100] Command 'ap_source' returned 0; elapsed 0Total elapsed time: 1.197 sec.
@I [HLS-100] Command "source C:/Xilinx/Vivado_HLS/2016.1/common/technology/xilinx/ip/dds_compiler.lib "
@I [HLS-100] Command 'ap_source' returned 0; elapsed 0.001Total elapsed time: 1.200 sec.
@I [HLS-100] Command "source C:/Xilinx/Vivado_HLS/2016.1/common/technology/xilinx/ip/xfft.lib "
@I [HLS-100] Command 'ap_source' returned 0; elapsed 0.001Total elapsed time: 1.201 sec.
@I [HLS-100] Command "source C:/Xilinx/Vivado_HLS/2016.1/common/technology/xilinx/ip/xfir.lib "
@I [HLS-100] Command 'ap_source' returned 0; elapsed 0.001Total elapsed time: 1.202 sec.
@I [HLS-100] Command 'ap_source' returned 0; elapsed 0.017Total elapsed time: 1.205 sec.
@I [HLS-100] Command "source C:/Xilinx/Vivado_HLS/2016.1/common/technology/xilinx/common/xilinx_old.lib "
@I [HLS-100] Command 'ap_source' returned 0; elapsed 0.002Total elapsed time: 1.209 sec.
@I [HLS-100] Command "source C:/Xilinx/Vivado_HLS/2016.1/common/technology/xilinx/common/xilinx_vivado.lib "
@I [HLS-100] Command 'ap_source' returned 0; elapsed 0.001Total elapsed time: 1.211 sec.
@I [HLS-100] Command "source C:/Xilinx/Vivado_HLS/2016.1/common/technology/xilinx/common/xilinx.hlp "
@I [HLS-100] Command "source C:/Xilinx/Vivado_HLS/2016.1/common/technology/xilinx/common/target_info.tcl "
@I [HLS-100] Command 'ap_source' returned 0; elapsed 0.008Total elapsed time: 1.227 sec.
@I [HLS-100] Command "source C:/Xilinx/Vivado_HLS/2016.1/common/technology/xilinx/interface/xilinx_interface.hlp "
@I [HLS-100] Command "source C:/Xilinx/Vivado_HLS/2016.1/common/technology/xilinx/interface/maxi.hlp "
@I [HLS-100] Command 'ap_source' returned 0; elapsed 0.001Total elapsed time: 1.235 sec.
@I [HLS-100] Command "source C:/Xilinx/Vivado_HLS/2016.1/common/technology/xilinx/interface/saxilite.hlp "
@I [HLS-100] Command 'ap_source' returned 0; elapsed 0.001Total elapsed time: 1.237 sec.
@I [HLS-100] Command 'ap_source' returned 0; elapsed 0.008Total elapsed time: 1.238 sec.
@I [HLS-100] Command "source C:/Xilinx/Vivado_HLS/2016.1/common/technology/xilinx/common/dsp48.hlp "
@I [HLS-100] Command 'ap_source' returned 0; elapsed 0.002Total elapsed time: 1.243 sec.
@I [HLS-100] Command 'ap_source' returned 0; elapsed 0.028Total elapsed time: 1.244 sec.
@I [HLS-100] Command "source C:/Xilinx/Vivado_HLS/2016.1/common/technology/xilinx/kintex7/dsp48e1.hlp "
@I [HLS-100] Command 'ap_source' returned 0; elapsed 0.001Total elapsed time: 1.246 sec.
@I [HLS-100] Command "get_default_platform "
@I [HLS-100] Command 'get_default_platform' returned 0; elapsed 0Total elapsed time: 1.246 sec.
@I [HLS-100] Command "config_chip_info -quiet -resource  {SLICE 50950} {LUT 203800}    {FF 407600} {DSP48E 840}    {BRAM 890}  "
@I [HLS-100] Command 'config_chip_info' returned 0; elapsed 0Total elapsed time: 1.247 sec.
@I [HLS-100] Command "config_chip_info -quiet -speed medium "
@I [HLS-100] Command 'config_chip_info' returned 0; elapsed 0Total elapsed time: 1.249 sec.
@I [HLS-100] Command 'import_lib' returned 0; elapsed 0.064Total elapsed time: 1.251 sec.
@I [HLS-100] Command "source C:/Xilinx/Vivado_HLS/2016.1/common/technology/xilinx/kintex7/kintex7.gen "
@I [HLS-100] Command "source C:/Xilinx/Vivado_HLS/2016.1/common/technology/xilinx/common/virtex.gen "
@I [HLS-100] Command "source C:/Xilinx/Vivado_HLS/2016.1/common/technology/xilinx/common/xilinx.gen "
@I [HLS-100] Command "source C:/Xilinx/Vivado_HLS/2016.1/common/technology/xilinx/interface/plb46.gen "
@I [HLS-100] Command 'ap_source' returned 0; elapsed 0.001Total elapsed time: 1.257 sec.
@I [HLS-100] Command "source C:/Xilinx/Vivado_HLS/2016.1/common/technology/xilinx/interface/fsl.gen "
@I [HLS-100] Command 'ap_source' returned 0; elapsed 0.001Total elapsed time: 1.259 sec.
@I [HLS-100] Command "source C:/Xilinx/Vivado_HLS/2016.1/common/technology/xilinx/interface/axi4.gen "
@I [HLS-100] Command 'ap_source' returned 0; elapsed 0.003Total elapsed time: 1.265 sec.
@I [HLS-100] Command "source C:/Xilinx/Vivado_HLS/2016.1/common/technology/xilinx/interface/nativeAXI4.gen "
@I [HLS-100] Command "source C:/Xilinx/Vivado_HLS/2016.1/common/technology/xilinx/interface/saxilite.gen "
@I [HLS-100] Command 'ap_source' returned 0; elapsed 0.005Total elapsed time: 1.272 sec.
@I [HLS-100] Command "source C:/Xilinx/Vivado_HLS/2016.1/common/technology/xilinx/interface/maxi.gen "
@I [HLS-100] Command 'ap_source' returned 0; elapsed 0.014Total elapsed time: 1.286 sec.
@I [HLS-100] Command 'ap_source' returned 0; elapsed 0.02Total elapsed time: 1.286 sec.
@I [HLS-100] Command "source C:/Xilinx/Vivado_HLS/2016.1/common/technology/xilinx/scripts/xilinxcoregen.gen "
@I [HLS-100] Command 'ap_source' returned 0; elapsed 0.016Total elapsed time: 1.303 sec.
@I [HLS-100] Command "source C:/Xilinx/Vivado_HLS/2016.1/common/technology/xilinx/interface/XilEDKCoreGen.gen "
@I [HLS-100] Command 'ap_source' returned 0; elapsed 0.019Total elapsed time: 1.323 sec.
@I [HLS-100] Command "source C:/Xilinx/Vivado_HLS/2016.1/common/technology/xilinx/ip/dds_compiler.gen "
@I [HLS-100] Command 'ap_source' returned 0; elapsed 0.008Total elapsed time: 1.337 sec.
@I [HLS-100] Command "source C:/Xilinx/Vivado_HLS/2016.1/common/technology/xilinx/ip/util.gen "
@I [HLS-100] Command 'ap_source' returned 0; elapsed 0.001Total elapsed time: 1.339 sec.
@I [HLS-100] Command "source C:/Xilinx/Vivado_HLS/2016.1/common/technology/xilinx/ip/xfft.gen "
@I [HLS-100] Command 'ap_source' returned 0; elapsed 0.273Total elapsed time: 1.613 sec.
@I [HLS-100] Command "source C:/Xilinx/Vivado_HLS/2016.1/common/technology/xilinx/ip/xfir.gen "
@I [HLS-100] Command 'ap_source' returned 0; elapsed 0.002Total elapsed time: 1.615 sec.
@I [HLS-100] Command 'ap_source' returned 0; elapsed 0.361Total elapsed time: 1.615 sec.
@I [HLS-100] Command "source C:/Xilinx/Vivado_HLS/2016.1/common/technology/xilinx/common/dsp48.gen "
@I [HLS-100] Command 'ap_source' returned 0; elapsed 0.001Total elapsed time: 1.619 sec.
@I [HLS-100] Command 'ap_source' returned 0; elapsed 0.368Total elapsed time: 1.621 sec.
@I [HLS-100] Command 'ap_source' returned 0; elapsed 0.37Total elapsed time: 1.622 sec.
@I [HLS-100] Command "get_default_platform "
@I [HLS-100] Command 'get_default_platform' returned 0; elapsed 0Total elapsed time: 1.625 sec.
@I [HLS-100] Command "config_chip_info -quiet -resource  {SLICE 25350} {LUT 101400}    {FF 202800} {DSP48E 600}    {BRAM 650}  "
@I [HLS-100] Command 'config_chip_info' returned 0; elapsed 0Total elapsed time: 1.627 sec.
@I [HLS-100] Command "config_chip_info -quiet -speed slow "
@I [HLS-100] Command 'config_chip_info' returned 0; elapsed 0Total elapsed time: 1.629 sec.
@I [HLS-100] Command 'add_library' returned 0; elapsed 0.485Total elapsed time: 1.636 sec.
@I [HLS-100] Command "add_library xilinx/kintex7/kintex7_fpv6 "
@I [HLS-100] Command "get_default_platform "
@I [HLS-100] Command 'get_default_platform' returned 0; elapsed 0Total elapsed time: 1.643 sec.
@I [HLS-100] Command "open_platform DefaultPlatform "
@I [HLS-100] Command 'open_platform' returned 0; elapsed 0Total elapsed time: 1.644 sec.
@I [HLS-100] Command "import_lib C:/Xilinx/Vivado_HLS/2016.1/common/technology/xilinx/kintex7/kintex7_fpv6 "
@I [HLS-100] Command "source C:/Xilinx/Vivado_HLS/2016.1/common/technology/xilinx/common/xilinx_fpv7.lib "
@I [HLS-100] Command "source C:/Xilinx/Vivado_HLS/2016.1/common/technology/xilinx/common/xilinx_hp.lib "
@I [HLS-100] Command 'ap_source' returned 0; elapsed 0.001Total elapsed time: 1.649 sec.
@I [HLS-100] Command 'ap_source' returned 0; elapsed 0.005Total elapsed time: 1.652 sec.
@I [HLS-100] Command "source C:/Xilinx/Vivado_HLS/2016.1/common/technology/xilinx/common/xilinx_fpv.hlp "
@I [HLS-100] Command "source C:/Xilinx/Vivado_HLS/2016.1/common/technology/xilinx/common/xilinx.hlp "
@I [HLS-100] Command "source C:/Xilinx/Vivado_HLS/2016.1/common/technology/xilinx/common/target_info.tcl "
@I [HLS-100] Command 'ap_source' returned 0; elapsed 0.008Total elapsed time: 1.673 sec.
@I [HLS-100] Command "source C:/Xilinx/Vivado_HLS/2016.1/common/technology/xilinx/interface/xilinx_interface.hlp "
@I [HLS-100] Command "source C:/Xilinx/Vivado_HLS/2016.1/common/technology/xilinx/interface/maxi.hlp "
@I [HLS-100] Command 'ap_source' returned 0; elapsed 0Total elapsed time: 1.674 sec.
@I [HLS-100] Command "source C:/Xilinx/Vivado_HLS/2016.1/common/technology/xilinx/interface/saxilite.hlp "
@I [HLS-100] Command 'ap_source' returned 0; elapsed 0Total elapsed time: 1.675 sec.
@I [HLS-100] Command 'ap_source' returned 0; elapsed 0.003Total elapsed time: 1.676 sec.
@I [HLS-100] Command "source C:/Xilinx/Vivado_HLS/2016.1/common/technology/xilinx/common/dsp48.hlp "
@I [HLS-100] Command 'ap_source' returned 0; elapsed 0.002Total elapsed time: 1.678 sec.
@I [HLS-100] Command 'ap_source' returned 0; elapsed 0.015Total elapsed time: 1.679 sec.
@I [HLS-100] Command 'ap_source' returned 0; elapsed 0.016Total elapsed time: 1.679 sec.
@I [HLS-100] Command "source C:/Xilinx/Vivado_HLS/2016.1/common/technology/xilinx/kintex7/kintex7_hp.hlp "
@I [HLS-100] Command 'ap_source' returned 0; elapsed 0.002Total elapsed time: 1.682 sec.
@I [HLS-100] Command 'import_lib' returned 0; elapsed 0.044Total elapsed time: 1.689 sec.
@I [HLS-100] Command "source C:/Xilinx/Vivado_HLS/2016.1/common/technology/xilinx/kintex7/kintex7_fpv6.gen "
@I [HLS-100] Command "source C:/Xilinx/Vivado_HLS/2016.1/common/technology/xilinx/common/xilinx_fpv6.gen "
@I [HLS-100] Command 'ap_source' returned 0; elapsed 0.002Total elapsed time: 1.693 sec.
@I [HLS-100] Command 'ap_source' returned 0; elapsed 0.004Total elapsed time: 1.694 sec.
@I [HLS-100] Command 'add_library' returned 0; elapsed 0.059Total elapsed time: 1.696 sec.
@I [HLS-10] Setting target device to 'xc7k160tfbg484-1'
@I [HLS-100] Command 'set_part' returned 0; elapsed 0.553Total elapsed time: 1.697 sec.
@I [HLS-100] Command "create_clock -period 4 "
@I [HLS-100] Command "config_clock -quiet -name default -period 4 -default=false "
@I [SYN-201] Setting up clock 'default' with a period of 4ns.
@I [HLS-100] Command 'config_clock' returned 0; elapsed 0.001Total elapsed time: 1.707 sec.
@I [HLS-100] Command 'create_clock' returned 0; elapsed 0.01Total elapsed time: 1.708 sec.
@I [HLS-100] Command "csim_design "
@I [HLS-100] Command "is_encrypted C:/training/hls/demos/loop_pipeline/out.golden.dat "
@I [HLS-100] Command 'is_encrypted' returned 0; elapsed 0.001Total elapsed time: 1.859 sec.
@I [HLS-100] Command "is_xip C:/training/hls/demos/loop_pipeline/out.golden.dat "
@I [HLS-100] Command 'is_xip' returned 0; elapsed 0Total elapsed time: 1.860 sec.
@I [HLS-100] Command "is_encrypted C:/training/hls/demos/loop_pipeline/in.dat "
@I [HLS-100] Command 'is_encrypted' returned 0; elapsed 0.001Total elapsed time: 1.862 sec.
@I [HLS-100] Command "is_xip C:/training/hls/demos/loop_pipeline/in.dat "
@I [HLS-100] Command 'is_xip' returned 0; elapsed 0.001Total elapsed time: 1.863 sec.
@I [HLS-100] Command "is_encrypted C:/training/hls/demos/loop_pipeline/dct_test.c "
@I [HLS-100] Command 'is_encrypted' returned 0; elapsed 0Total elapsed time: 1.864 sec.
@I [HLS-100] Command "is_xip C:/training/hls/demos/loop_pipeline/dct_test.c "
@I [HLS-100] Command 'is_xip' returned 0; elapsed 0Total elapsed time: 1.865 sec.
@I [HLS-100] Command "is_encrypted C:/training/hls/demos/loop_pipeline/dct.c "
@I [HLS-100] Command 'is_encrypted' returned 0; elapsed 0Total elapsed time: 1.866 sec.
@I [HLS-100] Command "is_xip C:/training/hls/demos/loop_pipeline/dct.c "
@I [HLS-100] Command 'is_xip' returned 0; elapsed 0Total elapsed time: 1.867 sec.
@I [HLS-100] Command "source run_sim.tcl "
@I [HLS-100] Command 'ap_source' returned 0; elapsed 0.1Total elapsed time: 9.149 sec.
@I [SIM-1] CSim done with 0 errors.
@I [HLS-100] Command 'csim_design' returned 0; elapsed 7.451Total elapsed time: 9.159 sec.
@I [HLS-100] Command "cleanup_all "
@I [HLS-100] Command 'cleanup_all' returned 0; elapsed 0.001Total elapsed time: 9.160 sec.
