Copyright 1986-2016 Xilinx, Inc. All Rights Reserved.
------------------------------------------------------------------------------------
| Tool Version : Vivado v.2016.1 (win64) Build 1538259 Fri Apr  8 15:45:27 MDT 2016
| Date         : Wed Jun 01 16:47:11 2016
| Host         : XHDCBALAKR30 running 64-bit Service Pack 1  (build 7601)
| Command      : report_timing_summary -file ./report/dct_timing_routed.rpt
| Design       : dct
| Device       : 7k70t-fbg484
| Speed File   : -2  PRODUCTION 1.12 2014-09-11
------------------------------------------------------------------------------------

Timing Summary Report

------------------------------------------------------------------------------------------------
| Timer Settings
| --------------
------------------------------------------------------------------------------------------------

  Enable Multi Corner Analysis               :  Yes
  Enable Pessimism Removal                   :  Yes
  Pessimism Removal Resolution               :  Nearest Common Node
  Enable Input Delay Default Clock           :  No
  Enable Preset / Clear Arcs                 :  No
  Disable Flight Delays                      :  No
  Ignore I/O Paths                           :  No
  Timing Early Launch at Borrowing Latches   :  false

  Corner  Analyze    Analyze    
  Name    Max Paths  Min Paths  
  ------  ---------  ---------  
  Slow    Yes        Yes        
  Fast    Yes        Yes        



check_timing report

Table of Contents
-----------------
1. checking no_clock
2. checking constant_clock
3. checking pulse_width_clock
4. checking unconstrained_internal_endpoints
5. checking no_input_delay
6. checking no_output_delay
7. checking multiple_clock
8. checking generated_clocks
9. checking loops
10. checking partial_input_delay
11. checking partial_output_delay
12. checking latch_loops

1. checking no_clock
--------------------
 There are 0 register/latch pins with no clock.


2. checking constant_clock
--------------------------
 There are 0 register/latch pins with constant_clock.


3. checking pulse_width_clock
-----------------------------
 There are 0 register/latch pins which need pulse_width check


4. checking unconstrained_internal_endpoints
--------------------------------------------
 There are 0 pins that are not constrained for maximum delay.

 There are 0 pins that are not constrained for maximum delay due to constant clock.


5. checking no_input_delay
--------------------------
 There are 18 input ports with no input delay specified. (HIGH)

 There are 0 input ports with no input delay but user has a false path constraint.


6. checking no_output_delay
---------------------------
 There are 34 ports with no output delay specified. (HIGH)

 There are 0 ports with no output delay but user has a false path constraint

 There are 0 ports with no output delay but with a timing clock defined on it or propagating through it


7. checking multiple_clock
--------------------------
 There are 0 register/latch pins with multiple clocks.


8. checking generated_clocks
----------------------------
 There are 0 generated clocks that are not connected to a clock source.


9. checking loops
-----------------
 There are 0 combinational loops in the design.


10. checking partial_input_delay
--------------------------------
 There are 0 input ports with partial input delay specified.


11. checking partial_output_delay
---------------------------------
 There are 0 ports with partial output delay specified.


12. checking latch_loops
------------------------
 There are 0 combinational latch loops in the design through latch input



------------------------------------------------------------------------------------------------
| Design Timing Summary
| ---------------------
------------------------------------------------------------------------------------------------

    WNS(ns)      TNS(ns)  TNS Failing Endpoints  TNS Total Endpoints      WHS(ns)      THS(ns)  THS Failing Endpoints  THS Total Endpoints     WPWS(ns)     TPWS(ns)  TPWS Failing Endpoints  TPWS Total Endpoints  
    -------      -------  ---------------------  -------------------      -------      -------  ---------------------  -------------------     --------     --------  ----------------------  --------------------  
      4.138        0.000                      0                  512        0.089        0.000                      0                  512        4.600        0.000                       0                   174  


All user specified timing constraints are met.


------------------------------------------------------------------------------------------------
| Clock Summary
| -------------
------------------------------------------------------------------------------------------------

Clock   Waveform(ns)       Period(ns)      Frequency(MHz)
-----   ------------       ----------      --------------
ap_clk  {0.000 5.000}      10.000          100.000         


------------------------------------------------------------------------------------------------
| Intra Clock Table
| -----------------
------------------------------------------------------------------------------------------------

Clock             WNS(ns)      TNS(ns)  TNS Failing Endpoints  TNS Total Endpoints      WHS(ns)      THS(ns)  THS Failing Endpoints  THS Total Endpoints     WPWS(ns)     TPWS(ns)  TPWS Failing Endpoints  TPWS Total Endpoints  
-----             -------      -------  ---------------------  -------------------      -------      -------  ---------------------  -------------------     --------     --------  ----------------------  --------------------  
ap_clk              4.138        0.000                      0                  512        0.089        0.000                      0                  512        4.600        0.000                       0                   174  


------------------------------------------------------------------------------------------------
| Inter Clock Table
| -----------------
------------------------------------------------------------------------------------------------

From Clock    To Clock          WNS(ns)      TNS(ns)  TNS Failing Endpoints  TNS Total Endpoints      WHS(ns)      THS(ns)  THS Failing Endpoints  THS Total Endpoints  
----------    --------          -------      -------  ---------------------  -------------------      -------      -------  ---------------------  -------------------  


------------------------------------------------------------------------------------------------
| Other Path Groups Table
| -----------------------
------------------------------------------------------------------------------------------------

Path Group    From Clock    To Clock          WNS(ns)      TNS(ns)  TNS Failing Endpoints  TNS Total Endpoints      WHS(ns)      THS(ns)  THS Failing Endpoints  THS Total Endpoints  
----------    ----------    --------          -------      -------  ---------------------  -------------------      -------      -------  ---------------------  -------------------  


------------------------------------------------------------------------------------------------
| Timing Details
| --------------
------------------------------------------------------------------------------------------------


---------------------------------------------------------------------------------------------------
From Clock:  ap_clk
  To Clock:  ap_clk

Setup :            0  Failing Endpoints,  Worst Slack        4.138ns,  Total Violation        0.000ns
Hold  :            0  Failing Endpoints,  Worst Slack        0.089ns,  Total Violation        0.000ns
PW    :            0  Failing Endpoints,  Worst Slack        4.600ns,  Total Violation        0.000ns
---------------------------------------------------------------------------------------------------


Max Delay Paths
--------------------------------------------------------------------------------------
Slack (MET) :             4.138ns  (required time - arrival time)
  Source:                 grp_dct_dct_2d_fu_148/col_inbuf_U/dct_dct_2d_row_outbuf_ram_U/ram_reg/CLKARDCLK
                            (rising edge-triggered cell RAMB18E1 clocked by ap_clk  {rise@0.000ns fall@5.000ns period=10.000ns})
  Destination:            grp_dct_dct_2d_fu_148/grp_dct_dct_1d2_fu_171/tmp1_reg_117_reg/A[16]
                            (rising edge-triggered cell DSP48E1 clocked by ap_clk  {rise@0.000ns fall@5.000ns period=10.000ns})
  Path Group:             ap_clk
  Path Type:              Setup (Max at Slow Process Corner)
  Requirement:            10.000ns  (ap_clk rise@10.000ns - ap_clk rise@0.000ns)
  Data Path Delay:        3.155ns  (logic 1.843ns (58.417%)  route 1.312ns (41.583%))
  Logic Levels:           1  (LUT3=1)
  Clock Path Skew:        -0.017ns (DCD - SCD + CPR)
    Destination Clock Delay (DCD):    1.159ns = ( 11.159 - 10.000 ) 
    Source Clock Delay      (SCD):    1.261ns
    Clock Pessimism Removal (CPR):    0.085ns
  Clock Uncertainty:      0.035ns  ((TSJ^2 + TIJ^2)^1/2 + DJ) / 2 + PE
    Total System Jitter     (TSJ):    0.071ns
    Total Input Jitter      (TIJ):    0.000ns
    Discrete Jitter          (DJ):    0.000ns
    Phase Error              (PE):    0.000ns

    Location             Delay type                Incr(ns)  Path(ns)    Netlist Resource(s)
  -------------------------------------------------------------------    -------------------
                         (clock ap_clk rise edge)     0.000     0.000 r  
                                                      0.000     0.000 r  ap_clk (IN)
                         net (fo=173, unset)          1.261     1.261    grp_dct_dct_2d_fu_148/col_inbuf_U/dct_dct_2d_row_outbuf_ram_U/ap_clk
    RAMB18_X0Y35         RAMB18E1                                     r  grp_dct_dct_2d_fu_148/col_inbuf_U/dct_dct_2d_row_outbuf_ram_U/ram_reg/CLKARDCLK
  -------------------------------------------------------------------    -------------------
    RAMB18_X0Y35         RAMB18E1 (Prop_ramb18e1_CLKARDCLK_DOADO[15])
                                                      1.800     3.061 r  grp_dct_dct_2d_fu_148/col_inbuf_U/dct_dct_2d_row_outbuf_ram_U/ram_reg/DOADO[15]
                         net (fo=1, routed)           0.669     3.730    grp_dct_dct_2d_fu_148/col_inbuf_U/dct_dct_2d_row_outbuf_ram_U/col_inbuf_q0[15]
    SLICE_X8Y89          LUT3 (Prop_lut3_I0_O)        0.043     3.773 r  grp_dct_dct_2d_fu_148/col_inbuf_U/dct_dct_2d_row_outbuf_ram_U/tmp1_reg_117_reg_i_1/O
                         net (fo=15, routed)          0.643     4.415    grp_dct_dct_2d_fu_148/grp_dct_dct_1d2_fu_171/A[15]
    DSP48_X0Y36          DSP48E1                                      r  grp_dct_dct_2d_fu_148/grp_dct_dct_1d2_fu_171/tmp1_reg_117_reg/A[16]
  -------------------------------------------------------------------    -------------------

                         (clock ap_clk rise edge)    10.000    10.000 r  
                                                      0.000    10.000 r  ap_clk (IN)
                         net (fo=173, unset)          1.159    11.159    grp_dct_dct_2d_fu_148/grp_dct_dct_1d2_fu_171/ap_clk
    DSP48_X0Y36          DSP48E1                                      r  grp_dct_dct_2d_fu_148/grp_dct_dct_1d2_fu_171/tmp1_reg_117_reg/CLK
                         clock pessimism              0.085    11.244    
                         clock uncertainty           -0.035    11.208    
    DSP48_X0Y36          DSP48E1 (Setup_dsp48e1_CLK_A[16])
                                                     -2.655     8.553    grp_dct_dct_2d_fu_148/grp_dct_dct_1d2_fu_171/tmp1_reg_117_reg
  -------------------------------------------------------------------
                         required time                          8.553    
                         arrival time                          -4.415    
  -------------------------------------------------------------------
                         slack                                  4.138    





Min Delay Paths
--------------------------------------------------------------------------------------
Slack (MET) :             0.089ns  (arrival time - required time)
  Source:                 grp_dct_dct_2d_fu_148/i_reg_103_reg[2]/C
                            (rising edge-triggered cell FDRE clocked by ap_clk  {rise@0.000ns fall@5.000ns period=10.000ns})
  Destination:            grp_dct_dct_2d_fu_148/grp_dct_dct_1d2_fu_171/tmp_18_cast_reg_264_reg[5]/D
                            (rising edge-triggered cell FDRE clocked by ap_clk  {rise@0.000ns fall@5.000ns period=10.000ns})
  Path Group:             ap_clk
  Path Type:              Hold (Min at Fast Process Corner)
  Requirement:            0.000ns  (ap_clk rise@0.000ns - ap_clk rise@0.000ns)
  Data Path Delay:        0.190ns  (logic 0.128ns (67.322%)  route 0.062ns (32.678%))
  Logic Levels:           1  (LUT6=1)
  Clock Path Skew:        0.014ns (DCD - SCD - CPR)
    Destination Clock Delay (DCD):    0.752ns
    Source Clock Delay      (SCD):    0.551ns
    Clock Pessimism Removal (CPR):    0.187ns

    Location             Delay type                Incr(ns)  Path(ns)    Netlist Resource(s)
  -------------------------------------------------------------------    -------------------
                         (clock ap_clk rise edge)     0.000     0.000 r  
                                                      0.000     0.000 r  ap_clk (IN)
                         net (fo=173, unset)          0.551     0.551    grp_dct_dct_2d_fu_148/ap_clk
    SLICE_X13Y90         FDRE                                         r  grp_dct_dct_2d_fu_148/i_reg_103_reg[2]/C
  -------------------------------------------------------------------    -------------------
    SLICE_X13Y90         FDRE (Prop_fdre_C_Q)         0.100     0.651 r  grp_dct_dct_2d_fu_148/i_reg_103_reg[2]/Q
                         net (fo=5, routed)           0.062     0.713    grp_dct_dct_2d_fu_148/grp_dct_dct_1d2_fu_171/i_reg_103_reg[2][2]
    SLICE_X12Y90         LUT6 (Prop_lut6_I2_O)        0.028     0.741 r  grp_dct_dct_2d_fu_148/grp_dct_dct_1d2_fu_171/tmp_18_cast_reg_264[5]_i_1/O
                         net (fo=1, routed)           0.000     0.741    grp_dct_dct_2d_fu_148/grp_dct_dct_1d2_fu_171/tmp_18_cast_reg_264[5]_i_1_n_8
    SLICE_X12Y90         FDRE                                         r  grp_dct_dct_2d_fu_148/grp_dct_dct_1d2_fu_171/tmp_18_cast_reg_264_reg[5]/D
  -------------------------------------------------------------------    -------------------

                         (clock ap_clk rise edge)     0.000     0.000 r  
                                                      0.000     0.000 r  ap_clk (IN)
                         net (fo=173, unset)          0.752     0.752    grp_dct_dct_2d_fu_148/grp_dct_dct_1d2_fu_171/ap_clk
    SLICE_X12Y90         FDRE                                         r  grp_dct_dct_2d_fu_148/grp_dct_dct_1d2_fu_171/tmp_18_cast_reg_264_reg[5]/C
                         clock pessimism             -0.187     0.565    
    SLICE_X12Y90         FDRE (Hold_fdre_C_D)         0.087     0.652    grp_dct_dct_2d_fu_148/grp_dct_dct_1d2_fu_171/tmp_18_cast_reg_264_reg[5]
  -------------------------------------------------------------------
                         required time                         -0.652    
                         arrival time                           0.741    
  -------------------------------------------------------------------
                         slack                                  0.089    





Pulse Width Checks
--------------------------------------------------------------------------------------
Clock Name:         ap_clk
Waveform(ns):       { 0.000 5.000 }
Period(ns):         10.000
Sources:            { ap_clk }

Check Type        Corner  Lib Pin      Reference Pin  Required(ns)  Actual(ns)  Slack(ns)  Location      Pin
Min Period        n/a     DSP48E1/CLK  n/a            2.634         10.000      7.366      DSP48_X0Y36   grp_dct_dct_2d_fu_148/grp_dct_dct_1d2_fu_171/tmp1_reg_117_reg/CLK
Low Pulse Width   Slow    FDRE/C       n/a            0.400         5.000       4.600      SLICE_X13Y94  c_1_reg_363_reg[1]/C
High Pulse Width  Fast    FDRE/C       n/a            0.350         5.000       4.650      SLICE_X9Y92   grp_dct_dct_2d_fu_148/i_3_reg_160_reg[0]/C



