@I [HLS-0] Workspace C:/training/Vivado_2016.1/hls/demos/axi_streaming/axi_interfaces_prj/solution1 opened at Tue Aug 09 12:02:17 +0200 2016
@I [HLS-100] Command "config_clock -quiet -name default -period 4 -default=false "
@I [SYN-201] Setting up clock 'default' with a period of 4ns.
@I [HLS-100] Command 'config_clock' returned 0; elapsed 0Total elapsed time: 1.43 sec.
@I [HLS-100] Command "open_platform DefaultPlatform "
@I [HLS-100] Command 'open_platform' returned 0; elapsed 0Total elapsed time: 1.44 sec.
@I [HLS-100] Command "import_lib E:/Tools/Xilinx/Vivado_HLS/2016.1/common/technology/xilinx/kintex7/kintex7 "
@I [HLS-100] Command "source E:/Tools/Xilinx/Vivado_HLS/2016.1/common/technology/xilinx/common/xilinx.lib "
@I [HLS-100] Command "source E:/Tools/Xilinx/Vivado_HLS/2016.1/common/technology/xilinx/interface/xilinx_interface.lib "
@I [HLS-100] Command "source E:/Tools/Xilinx/Vivado_HLS/2016.1/common/technology/xilinx/interface/plb46.lib "
@I [HLS-100] Command 'ap_source' returned 0; elapsed 0.001Total elapsed time: 1.48 sec.
@I [HLS-100] Command "source E:/Tools/Xilinx/Vivado_HLS/2016.1/common/technology/xilinx/interface/fsl.lib "
@I [HLS-100] Command 'ap_source' returned 0; elapsed 0.001Total elapsed time: 1.49 sec.
@I [HLS-100] Command "source E:/Tools/Xilinx/Vivado_HLS/2016.1/common/technology/xilinx/interface/axi4.lib "
@I [HLS-100] Command 'ap_source' returned 0; elapsed 0.001Total elapsed time: 1.50 sec.
@I [HLS-100] Command "source E:/Tools/Xilinx/Vivado_HLS/2016.1/common/technology/xilinx/interface/maxi.lib "
@I [HLS-100] Command 'ap_source' returned 0; elapsed 0.001Total elapsed time: 1.52 sec.
@I [HLS-100] Command "source E:/Tools/Xilinx/Vivado_HLS/2016.1/common/technology/xilinx/interface/saxilite.lib "
@I [HLS-100] Command 'ap_source' returned 0; elapsed 0Total elapsed time: 1.53 sec.
@I [HLS-100] Command 'ap_source' returned 0; elapsed 0.006Total elapsed time: 1.53 sec.
@I [HLS-100] Command "source E:/Tools/Xilinx/Vivado_HLS/2016.1/common/technology/xilinx/common/dsp48.lib "
@I [HLS-100] Command 'ap_source' returned 0; elapsed 0Total elapsed time: 1.54 sec.
@I [HLS-100] Command "source E:/Tools/Xilinx/Vivado_HLS/2016.1/common/technology/xilinx/ip/dds_compiler.lib "
@I [HLS-100] Command 'ap_source' returned 0; elapsed 0.001Total elapsed time: 1.56 sec.
@I [HLS-100] Command "source E:/Tools/Xilinx/Vivado_HLS/2016.1/common/technology/xilinx/ip/xfft.lib "
@I [HLS-100] Command 'ap_source' returned 0; elapsed 0.001Total elapsed time: 1.57 sec.
@I [HLS-100] Command "source E:/Tools/Xilinx/Vivado_HLS/2016.1/common/technology/xilinx/ip/xfir.lib "
@I [HLS-100] Command 'ap_source' returned 0; elapsed 0.001Total elapsed time: 1.58 sec.
@I [HLS-100] Command 'ap_source' returned 0; elapsed 0.014Total elapsed time: 1.60 sec.
@I [HLS-100] Command "source E:/Tools/Xilinx/Vivado_HLS/2016.1/common/technology/xilinx/common/xilinx_old.lib "
@I [HLS-100] Command 'ap_source' returned 0; elapsed 0.001Total elapsed time: 1.62 sec.
@I [HLS-100] Command "source E:/Tools/Xilinx/Vivado_HLS/2016.1/common/technology/xilinx/common/xilinx_vivado.lib "
@I [HLS-100] Command 'ap_source' returned 0; elapsed 0.001Total elapsed time: 1.64 sec.
@I [HLS-100] Command "source E:/Tools/Xilinx/Vivado_HLS/2016.1/common/technology/xilinx/common/xilinx.hlp "
@I [HLS-100] Command "source E:/Tools/Xilinx/Vivado_HLS/2016.1/common/technology/xilinx/common/target_info.tcl "
@I [HLS-100] Command 'ap_source' returned 0; elapsed 0.002Total elapsed time: 1.72 sec.
@I [HLS-100] Command "source E:/Tools/Xilinx/Vivado_HLS/2016.1/common/technology/xilinx/interface/xilinx_interface.hlp "
@I [HLS-100] Command "source E:/Tools/Xilinx/Vivado_HLS/2016.1/common/technology/xilinx/interface/maxi.hlp "
@I [HLS-100] Command 'ap_source' returned 0; elapsed 0.001Total elapsed time: 1.74 sec.
@I [HLS-100] Command "source E:/Tools/Xilinx/Vivado_HLS/2016.1/common/technology/xilinx/interface/saxilite.hlp "
@I [HLS-100] Command 'ap_source' returned 0; elapsed 0.001Total elapsed time: 1.75 sec.
@I [HLS-100] Command 'ap_source' returned 0; elapsed 0.003Total elapsed time: 1.75 sec.
@I [HLS-100] Command "source E:/Tools/Xilinx/Vivado_HLS/2016.1/common/technology/xilinx/common/dsp48.hlp "
@I [HLS-100] Command 'ap_source' returned 0; elapsed 0.001Total elapsed time: 1.77 sec.
@I [HLS-100] Command 'ap_source' returned 0; elapsed 0.01Total elapsed time: 1.78 sec.
@I [HLS-100] Command "source E:/Tools/Xilinx/Vivado_HLS/2016.1/common/technology/xilinx/kintex7/dsp48e1.hlp "
@I [HLS-100] Command 'ap_source' returned 0; elapsed 0.001Total elapsed time: 1.79 sec.
@I [HLS-100] Command "get_default_platform "
@I [HLS-100] Command 'get_default_platform' returned 0; elapsed 0Total elapsed time: 1.80 sec.
@I [HLS-100] Command "config_chip_info -quiet -resource  {SLICE 50950} {LUT 203800}    {FF 407600} {DSP48E 840}    {BRAM 890}  "
@I [HLS-100] Command 'config_chip_info' returned 0; elapsed 0Total elapsed time: 1.80 sec.
@I [HLS-100] Command "config_chip_info -quiet -speed medium "
@I [HLS-100] Command 'config_chip_info' returned 0; elapsed 0Total elapsed time: 1.81 sec.
@I [HLS-100] Command 'import_lib' returned 0; elapsed 0.038Total elapsed time: 1.83 sec.
@I [HLS-100] Command "source E:/Tools/Xilinx/Vivado_HLS/2016.1/common/technology/xilinx/kintex7/kintex7.gen "
@I [HLS-100] Command "source E:/Tools/Xilinx/Vivado_HLS/2016.1/common/technology/xilinx/common/virtex.gen "
@I [HLS-100] Command "source E:/Tools/Xilinx/Vivado_HLS/2016.1/common/technology/xilinx/common/xilinx.gen "
@I [HLS-100] Command "source E:/Tools/Xilinx/Vivado_HLS/2016.1/common/technology/xilinx/interface/plb46.gen "
@I [HLS-100] Command 'ap_source' returned 0; elapsed 0.002Total elapsed time: 1.91 sec.
@I [HLS-100] Command "source E:/Tools/Xilinx/Vivado_HLS/2016.1/common/technology/xilinx/interface/fsl.gen "
@I [HLS-100] Command 'ap_source' returned 0; elapsed 0.001Total elapsed time: 1.93 sec.
@I [HLS-100] Command "source E:/Tools/Xilinx/Vivado_HLS/2016.1/common/technology/xilinx/interface/axi4.gen "
@I [HLS-100] Command 'ap_source' returned 0; elapsed 0.003Total elapsed time: 1.96 sec.
@I [HLS-100] Command "source E:/Tools/Xilinx/Vivado_HLS/2016.1/common/technology/xilinx/interface/nativeAXI4.gen "
@I [HLS-100] Command "source E:/Tools/Xilinx/Vivado_HLS/2016.1/common/technology/xilinx/interface/saxilite.gen "
@I [HLS-100] Command 'ap_source' returned 0; elapsed 0.005Total elapsed time: 1.102 sec.
@I [HLS-100] Command "source E:/Tools/Xilinx/Vivado_HLS/2016.1/common/technology/xilinx/interface/maxi.gen "
@I [HLS-100] Command 'ap_source' returned 0; elapsed 0.011Total elapsed time: 1.114 sec.
@I [HLS-100] Command 'ap_source' returned 0; elapsed 0.018Total elapsed time: 1.114 sec.
@I [HLS-100] Command "source E:/Tools/Xilinx/Vivado_HLS/2016.1/common/technology/xilinx/scripts/xilinxcoregen.gen "
@I [HLS-100] Command 'ap_source' returned 0; elapsed 0.012Total elapsed time: 1.127 sec.
@I [HLS-100] Command "source E:/Tools/Xilinx/Vivado_HLS/2016.1/common/technology/xilinx/interface/XilEDKCoreGen.gen "
@I [HLS-100] Command 'ap_source' returned 0; elapsed 0.01Total elapsed time: 1.138 sec.
@I [HLS-100] Command "source E:/Tools/Xilinx/Vivado_HLS/2016.1/common/technology/xilinx/ip/dds_compiler.gen "
@I [HLS-100] Command 'ap_source' returned 0; elapsed 0.004Total elapsed time: 1.144 sec.
@I [HLS-100] Command "source E:/Tools/Xilinx/Vivado_HLS/2016.1/common/technology/xilinx/ip/util.gen "
@I [HLS-100] Command 'ap_source' returned 0; elapsed 0.001Total elapsed time: 1.146 sec.
@I [HLS-100] Command "source E:/Tools/Xilinx/Vivado_HLS/2016.1/common/technology/xilinx/ip/xfft.gen "
@I [HLS-100] Command 'ap_source' returned 0; elapsed 0.133Total elapsed time: 1.280 sec.
@I [HLS-100] Command "source E:/Tools/Xilinx/Vivado_HLS/2016.1/common/technology/xilinx/ip/xfir.gen "
@I [HLS-100] Command 'ap_source' returned 0; elapsed 0.002Total elapsed time: 1.282 sec.
@I [HLS-100] Command 'ap_source' returned 0; elapsed 0.195Total elapsed time: 1.282 sec.
@I [HLS-100] Command "source E:/Tools/Xilinx/Vivado_HLS/2016.1/common/technology/xilinx/common/dsp48.gen "
@I [HLS-100] Command 'ap_source' returned 0; elapsed 0Total elapsed time: 1.284 sec.
@I [HLS-100] Command 'ap_source' returned 0; elapsed 0.2Total elapsed time: 1.285 sec.
@I [HLS-100] Command 'ap_source' returned 0; elapsed 0.201Total elapsed time: 1.285 sec.
@I [HLS-100] Command "open_platform DefaultPlatform "
@I [HLS-100] Command 'open_platform' returned 0; elapsed 0Total elapsed time: 1.286 sec.
@I [HLS-100] Command "import_lib E:/Tools/Xilinx/Vivado_HLS/2016.1/common/technology/xilinx/kintex7/kintex7_fpv6 "
@I [HLS-100] Command "source E:/Tools/Xilinx/Vivado_HLS/2016.1/common/technology/xilinx/common/xilinx_fpv7.lib "
@I [HLS-100] Command "source E:/Tools/Xilinx/Vivado_HLS/2016.1/common/technology/xilinx/common/xilinx_hp.lib "
@I [HLS-100] Command 'ap_source' returned 0; elapsed 0.001Total elapsed time: 1.289 sec.
@I [HLS-100] Command 'ap_source' returned 0; elapsed 0.004Total elapsed time: 1.291 sec.
@I [HLS-100] Command "source E:/Tools/Xilinx/Vivado_HLS/2016.1/common/technology/xilinx/common/xilinx_fpv.hlp "
@I [HLS-100] Command "source E:/Tools/Xilinx/Vivado_HLS/2016.1/common/technology/xilinx/common/xilinx.hlp "
@I [HLS-100] Command "source E:/Tools/Xilinx/Vivado_HLS/2016.1/common/technology/xilinx/common/target_info.tcl "
@I [HLS-100] Command 'ap_source' returned 0; elapsed 0.004Total elapsed time: 1.307 sec.
@I [HLS-100] Command "source E:/Tools/Xilinx/Vivado_HLS/2016.1/common/technology/xilinx/interface/xilinx_interface.hlp "
@I [HLS-100] Command "source E:/Tools/Xilinx/Vivado_HLS/2016.1/common/technology/xilinx/interface/maxi.hlp "
@I [HLS-100] Command 'ap_source' returned 0; elapsed 0.001Total elapsed time: 1.309 sec.
@I [HLS-100] Command "source E:/Tools/Xilinx/Vivado_HLS/2016.1/common/technology/xilinx/interface/saxilite.hlp "
@I [HLS-100] Command 'ap_source' returned 0; elapsed 0.001Total elapsed time: 1.310 sec.
@I [HLS-100] Command 'ap_source' returned 0; elapsed 0.003Total elapsed time: 1.310 sec.
@I [HLS-100] Command "source E:/Tools/Xilinx/Vivado_HLS/2016.1/common/technology/xilinx/common/dsp48.hlp "
@I [HLS-100] Command 'ap_source' returned 0; elapsed 0.001Total elapsed time: 1.312 sec.
@I [HLS-100] Command 'ap_source' returned 0; elapsed 0.011Total elapsed time: 1.313 sec.
@I [HLS-100] Command 'ap_source' returned 0; elapsed 0.013Total elapsed time: 1.314 sec.
@I [HLS-100] Command "source E:/Tools/Xilinx/Vivado_HLS/2016.1/common/technology/xilinx/kintex7/kintex7_hp.hlp "
@I [HLS-100] Command 'ap_source' returned 0; elapsed 0.002Total elapsed time: 1.316 sec.
@I [HLS-100] Command 'import_lib' returned 0; elapsed 0.037Total elapsed time: 1.323 sec.
@I [HLS-100] Command "source E:/Tools/Xilinx/Vivado_HLS/2016.1/common/technology/xilinx/kintex7/kintex7_fpv6.gen "
@I [HLS-100] Command "source E:/Tools/Xilinx/Vivado_HLS/2016.1/common/technology/xilinx/common/xilinx_fpv6.gen "
@I [HLS-100] Command 'ap_source' returned 0; elapsed 0.003Total elapsed time: 1.327 sec.
@I [HLS-100] Command 'ap_source' returned 0; elapsed 0.004Total elapsed time: 1.327 sec.
@I [HLS-100] Command "set_part xc7k160tfbg484-1 "
@I [HLS-100] Command "add_library xilinx/kintex7/kintex7:xc7k160t:fbg484:-1 "
@I [HLS-100] Command "get_default_platform "
@I [HLS-100] Command 'get_default_platform' returned 0; elapsed 0Total elapsed time: 1.335 sec.
@I [HLS-100] Command "license_isbetapart xc7k160t "
@I [HLS-100] Command 'license_isbetapart' returned 1; elapsed 0.028Total elapsed time: 1.364 sec.
@I [HLS-100] Command "get_default_platform "
@I [HLS-100] Command 'get_default_platform' returned 0; elapsed 0Total elapsed time: 1.372 sec.
@I [HLS-100] Command "config_chip_info -quiet -resource  {SLICE 25350} {LUT 101400}    {FF 202800} {DSP48E 600}    {BRAM 650}  "
@I [HLS-100] Command 'config_chip_info' returned 0; elapsed 0Total elapsed time: 1.374 sec.
@I [HLS-100] Command "config_chip_info -quiet -speed slow "
@I [HLS-100] Command 'config_chip_info' returned 0; elapsed 0Total elapsed time: 1.375 sec.
@I [HLS-100] Command 'add_library' returned 0; elapsed 0.048Total elapsed time: 1.382 sec.
@I [HLS-100] Command "add_library xilinx/kintex7/kintex7_fpv6 "
@I [HLS-100] Command "get_default_platform "
@I [HLS-100] Command 'get_default_platform' returned 0; elapsed 0Total elapsed time: 1.385 sec.
@I [HLS-100] Command 'add_library' returned 0; elapsed 0.008Total elapsed time: 1.391 sec.
@I [HLS-10] Setting target device to 'xc7k160tfbg484-1'
@I [HLS-100] Command 'set_part' returned 0; elapsed 0.063Total elapsed time: 1.392 sec.
@I [HLS-100] Command "get_default_platform "
@I [HLS-100] Command 'get_default_platform' returned 0; elapsed 0Total elapsed time: 1.393 sec.
@I [HLS-100] Command "config_chip_info -quiet -resource  {SLICE 25350} {LUT 101400}    {FF 202800} {DSP48E 600}    {BRAM 650}  "
@I [HLS-100] Command 'config_chip_info' returned 0; elapsed 0Total elapsed time: 1.393 sec.
@I [HLS-100] Command "config_chip_info -quiet -speed slow "
@I [HLS-100] Command 'config_chip_info' returned 0; elapsed 0Total elapsed time: 1.394 sec.
@I [HLS-100] Command 'open_solution' returned 0; elapsed 0.383Total elapsed time: 1.396 sec.
@I [HLS-100] Command "cosim_design -trace_level all "
@I [HLS-100] Command "source C:/training/Vivado_2016.1/hls/demos/axi_streaming/axi_interfaces_prj/solution1/.autopilot/db/global.setting.tcl "
@I [HLS-100] Command 'ap_source' returned 0; elapsed 0.002Total elapsed time: 1.405 sec.
@I [HLS-100] Command "source C:/training/Vivado_2016.1/hls/demos/axi_streaming/axi_interfaces_prj/solution1/.autopilot/db/global.setting.tcl "
@I [HLS-100] Command 'ap_source' returned 0; elapsed 0.002Total elapsed time: 1.425 sec.
@I [HLS-100] Command "source C:/training/Vivado_2016.1/hls/demos/axi_streaming/axi_interfaces_prj/solution1/.autopilot/db/global.setting.tcl "
@I [HLS-100] Command 'ap_source' returned 0; elapsed 0.001Total elapsed time: 1.481 sec.
@I [HLS-100] Command "source E:/Tools/Xilinx/Vivado_HLS/2016.1/common/technology/generic/autopilot/common.gen "
@I [HLS-100] Command "source E:/Tools/Xilinx/Vivado_HLS/2016.1/common/technology/generic/autopilot/APCoreGen.gen "
@I [HLS-100] Command 'ap_source' returned 0; elapsed 0.001Total elapsed time: 1.489 sec.
@I [HLS-100] Command 'ap_source' returned 0; elapsed 0.004Total elapsed time: 1.490 sec.
@I [HLS-100] Command "source E:/Tools/Xilinx/Vivado_HLS/2016.1/common/technology/generic/autopilot/op.gen "
@I [HLS-100] Command 'ap_source' returned 0; elapsed 0.001Total elapsed time: 1.492 sec.
@I [HLS-100] Command "source E:/Tools/Xilinx/Vivado_HLS/2016.1/common/technology/generic/autopilot/op_simcore.gen "
@I [HLS-100] Command 'ap_source' returned 0; elapsed 0.002Total elapsed time: 1.495 sec.
@I [HLS-100] Command "source E:/Tools/Xilinx/Vivado_HLS/2016.1/common/technology/generic/autopilot/interface.gen "
@I [HLS-100] Command 'ap_source' returned 0; elapsed 0.001Total elapsed time: 1.497 sec.
@I [HLS-100] Command "source C:/training/Vivado_2016.1/hls/demos/axi_streaming/axi_interfaces_prj/solution1/.autopilot/db/global.setting.tcl "
@I [HLS-100] Command 'ap_source' returned 0; elapsed 0.002Total elapsed time: 1.499 sec.
@I [HLS-100] Command "source E:/Tools/Xilinx/Vivado_HLS/2016.1/common/technology/xilinx/kintex7/kintex7.gen "
@I [HLS-100] Command "source E:/Tools/Xilinx/Vivado_HLS/2016.1/common/technology/xilinx/common/virtex.gen "
@I [HLS-100] Command "source E:/Tools/Xilinx/Vivado_HLS/2016.1/common/technology/xilinx/common/xilinx.gen "
@I [HLS-100] Command "source E:/Tools/Xilinx/Vivado_HLS/2016.1/common/technology/xilinx/interface/plb46.gen "
@I [HLS-100] Command 'ap_source' returned 0; elapsed 0.002Total elapsed time: 1.504 sec.
@I [HLS-100] Command "source E:/Tools/Xilinx/Vivado_HLS/2016.1/common/technology/xilinx/interface/fsl.gen "
@I [HLS-100] Command 'ap_source' returned 0; elapsed 0.001Total elapsed time: 1.505 sec.
@I [HLS-100] Command "source E:/Tools/Xilinx/Vivado_HLS/2016.1/common/technology/xilinx/interface/axi4.gen "
@I [HLS-100] Command 'ap_source' returned 0; elapsed 0.003Total elapsed time: 1.509 sec.
@I [HLS-100] Command "source E:/Tools/Xilinx/Vivado_HLS/2016.1/common/technology/xilinx/interface/nativeAXI4.gen "
@I [HLS-100] Command "source E:/Tools/Xilinx/Vivado_HLS/2016.1/common/technology/xilinx/interface/saxilite.gen "
@I [HLS-100] Command 'ap_source' returned 0; elapsed 0.005Total elapsed time: 1.515 sec.
@I [HLS-100] Command "source E:/Tools/Xilinx/Vivado_HLS/2016.1/common/technology/xilinx/interface/maxi.gen "
@I [HLS-100] Command 'ap_source' returned 0; elapsed 0.011Total elapsed time: 1.527 sec.
@I [HLS-100] Command 'ap_source' returned 0; elapsed 0.017Total elapsed time: 1.527 sec.
@I [HLS-100] Command "source E:/Tools/Xilinx/Vivado_HLS/2016.1/common/technology/xilinx/scripts/xilinxcoregen.gen "
@I [HLS-100] Command 'ap_source' returned 0; elapsed 0.016Total elapsed time: 1.544 sec.
@I [HLS-100] Command "source E:/Tools/Xilinx/Vivado_HLS/2016.1/common/technology/xilinx/interface/XilEDKCoreGen.gen "
@I [HLS-100] Command 'ap_source' returned 0; elapsed 0.014Total elapsed time: 1.558 sec.
@I [HLS-100] Command "source E:/Tools/Xilinx/Vivado_HLS/2016.1/common/technology/xilinx/ip/dds_compiler.gen "
@I [HLS-100] Command 'ap_source' returned 0; elapsed 0.006Total elapsed time: 1.566 sec.
@I [HLS-100] Command "source E:/Tools/Xilinx/Vivado_HLS/2016.1/common/technology/xilinx/ip/util.gen "
@I [HLS-100] Command 'ap_source' returned 0; elapsed 0.001Total elapsed time: 1.567 sec.
@I [HLS-100] Command "source E:/Tools/Xilinx/Vivado_HLS/2016.1/common/technology/xilinx/ip/xfft.gen "
@I [HLS-100] Command 'ap_source' returned 0; elapsed 0.135Total elapsed time: 1.703 sec.
@I [HLS-100] Command "source E:/Tools/Xilinx/Vivado_HLS/2016.1/common/technology/xilinx/ip/xfir.gen "
@I [HLS-100] Command 'ap_source' returned 0; elapsed 0.002Total elapsed time: 1.705 sec.
@I [HLS-100] Command 'ap_source' returned 0; elapsed 0.203Total elapsed time: 1.705 sec.
@I [HLS-100] Command "source E:/Tools/Xilinx/Vivado_HLS/2016.1/common/technology/xilinx/common/dsp48.gen "
@I [HLS-100] Command 'ap_source' returned 0; elapsed 0.001Total elapsed time: 1.708 sec.
@I [HLS-100] Command 'ap_source' returned 0; elapsed 0.209Total elapsed time: 1.709 sec.
@I [HLS-100] Command 'ap_source' returned 0; elapsed 0.209Total elapsed time: 1.709 sec.
@I [HLS-100] Command "source E:/Tools/Xilinx/Vivado_HLS/2016.1/common/technology/xilinx/kintex7/kintex7_fpv6.gen "
@I [HLS-100] Command "source E:/Tools/Xilinx/Vivado_HLS/2016.1/common/technology/xilinx/common/xilinx_fpv6.gen "
@I [HLS-100] Command 'ap_source' returned 0; elapsed 0.003Total elapsed time: 1.713 sec.
@I [HLS-100] Command 'ap_source' returned 0; elapsed 0.004Total elapsed time: 1.713 sec.
@I [HLS-100] Command "source C:/training/Vivado_2016.1/hls/demos/axi_streaming/axi_interfaces_prj/solution1/.autopilot/db/global.setting.tcl "
@I [HLS-100] Command 'ap_source' returned 0; elapsed 0.003Total elapsed time: 1.718 sec.
@I [HLS-100] Command "source C:/training/Vivado_2016.1/hls/demos/axi_streaming/axi_interfaces_prj/solution1/.autopilot/db/axi_interfaces.rtl_wrap.cfg.tcl "
@I [HLS-100] Command 'ap_source' returned 0; elapsed 0.002Total elapsed time: 1.724 sec.
@I [HLS-100] Command "source C:/training/Vivado_2016.1/hls/demos/axi_streaming/axi_interfaces_prj/solution1/.autopilot/db/axi_interfaces.tbgen.tcl "
@I [HLS-100] Command 'ap_source' returned 0; elapsed 0.001Total elapsed time: 1.727 sec.
@I [HLS-100] Command "is_encrypted C:/training/Vivado_2016.1/hls/demos/axi_streaming/axi_interfaces_test.c "
@I [HLS-100] Command 'is_encrypted' returned 0; elapsed 0.001Total elapsed time: 1.777 sec.
@I [HLS-100] Command "is_encrypted C:/training/Vivado_2016.1/hls/demos/axi_streaming/result.golden.dat "
@I [HLS-100] Command 'is_encrypted' returned 0; elapsed 0.001Total elapsed time: 1.778 sec.
@I [HLS-100] Command "is_encrypted C:/training/Vivado_2016.1/hls/demos/axi_streaming/axi_interfaces.c "
@I [HLS-100] Command 'is_encrypted' returned 0; elapsed 0Total elapsed time: 1.778 sec.
@I [HLS-100] Command "source C:/training/Vivado_2016.1/hls/demos/axi_streaming/axi_interfaces_prj/solution1/.autopilot/db/axi_interfaces.tbgen.tcl "
@I [HLS-100] Command 'ap_source' returned 0; elapsed 0.002Total elapsed time: 1.782 sec.
@I [HLS-100] Command "source C:/training/Vivado_2016.1/hls/demos/axi_streaming/axi_interfaces_prj/solution1/.autopilot/db/axi_interfaces.tbgen.tcl "
@I [HLS-100] Command 'ap_source' returned 0; elapsed 0.005Total elapsed time: 1.788 sec.
@I [COSIM-47] Using XSIM for RTL simulation.
@I [COSIM-14] Instrumenting C test bench ...
@I [HLS-100] Command "source C:/training/Vivado_2016.1/hls/demos/axi_streaming/axi_interfaces_prj/solution1/.autopilot/db/axi_interfaces.rtl_wrap.cfg.tcl "
@I [HLS-100] Command 'ap_source' returned 0; elapsed 0.003Total elapsed time: 2.532 sec.
@I [HLS-100] Command "source C:/training/Vivado_2016.1/hls/demos/axi_streaming/axi_interfaces_prj/solution1/.autopilot/db/axi_interfaces.rtl_wrap.cfg.tcl "
@I [HLS-100] Command 'ap_source' returned 0; elapsed 0.002Total elapsed time: 2.536 sec.
@I [HLS-100] Command "source C:/training/Vivado_2016.1/hls/demos/axi_streaming/axi_interfaces_prj/solution1/.autopilot/db/axi_interfaces.rtl_wrap.cfg.tcl "
@I [HLS-100] Command 'ap_source' returned 0; elapsed 0.002Total elapsed time: 2.539 sec.
@I [HLS-100] Command "source C:/training/Vivado_2016.1/hls/demos/axi_streaming/axi_interfaces_prj/solution1/.autopilot/db/axi_interfaces.tbgen.tcl "
@I [HLS-100] Command 'ap_source' returned 0; elapsed 0.002Total elapsed time: 2.541 sec.
@I [HLS-100] Command "source C:/training/Vivado_2016.1/hls/demos/axi_streaming/axi_interfaces_prj/solution1/.autopilot/db/axi_interfaces.tbgen.tcl "
@I [HLS-100] Command 'ap_source' returned 0; elapsed 0.003Total elapsed time: 2.545 sec.
@I [HLS-0] Marker-Pragma convertor: C:/training/Vivado_2016.1/hls/demos/axi_streaming/axi_interfaces_prj/solution1/./sim/autowrap/testbench/axi_interfaces_test.c_pre.c C:/training/Vivado_2016.1/hls/demos/axi_streaming/axi_interfaces_prj/solution1/./sim/autowrap/testbench/axi_interfaces_test.c_pre.c.line.c ./sim/autowrap/testbench/line.tmp 1
@I [HLS-0] Marker-Pragma convertor: ./sim/autowrap/testbench/axi_interfaces_test.c_pre.c.tb.c.line ./sim/autowrap/testbench/axi_interfaces_test.c_pre.c.tb.c ./sim/autowrap/testbench/line.tmp 0
@I [HLS-0] Marker-Pragma convertor: C:/training/Vivado_2016.1/hls/demos/axi_streaming/axi_interfaces_prj/solution1/./sim/autowrap/testbench/axi_interfaces.c_pre.c C:/training/Vivado_2016.1/hls/demos/axi_streaming/axi_interfaces_prj/solution1/./sim/autowrap/testbench/axi_interfaces.c_pre.c.line.c ./sim/autowrap/testbench/line.tmp 1
@I [HLS-0] Marker-Pragma convertor: ./sim/autowrap/testbench/axi_interfaces.c_pre.c.tb.c.line ./sim/autowrap/testbench/axi_interfaces.c_pre.c.tb.c ./sim/autowrap/testbench/line.tmp 0
@I [HLS-100] Command "source C:/training/Vivado_2016.1/hls/demos/axi_streaming/axi_interfaces_prj/solution1/.autopilot/db/axi_interfaces.rtl_wrap.cfg.tcl "
@I [HLS-100] Command 'ap_source' returned 0; elapsed 0.002Total elapsed time: 5.415 sec.
@I [HLS-100] Command "source .run_sim.tcl "
@I [COSIM-302] Starting C TB testing ... 
@I [HLS-100] Command 'ap_source' returned 0; elapsed 0.66Total elapsed time: 33.375 sec.
@I [COSIM-333] Generating C post check test bench ...
@I [HLS-100] Command "source C:/training/Vivado_2016.1/hls/demos/axi_streaming/axi_interfaces_prj/solution1/.autopilot/db/axi_interfaces.rtl_wrap.cfg.tcl "
@I [HLS-100] Command 'ap_source' returned 0; elapsed 0.002Total elapsed time: 33.436 sec.
@I [COSIM-12] Generating RTL test bench ...
@I [HLS-100] Command "source C:/training/Vivado_2016.1/hls/demos/axi_streaming/axi_interfaces_prj/solution1/.autopilot/db/axi_interfaces.tbgen.tcl "
@I [HLS-100] Command 'ap_source' returned 0; elapsed 0.001Total elapsed time: 33.481 sec.
@I [HLS-100] Command "source C:/training/Vivado_2016.1/hls/demos/axi_streaming/axi_interfaces_prj/solution1/.autopilot/db/axi_interfaces.tbgen.tcl "
@I [HLS-100] Command 'ap_source' returned 0; elapsed 0.002Total elapsed time: 33.488 sec.
@I [HLS-100] Command "source C:/training/Vivado_2016.1/hls/demos/axi_streaming/axi_interfaces_prj/solution1/.autopilot/db/axi_interfaces.tbgen.tcl "
@I [HLS-100] Command 'ap_source' returned 0; elapsed 0.002Total elapsed time: 33.492 sec.
@I [HLS-100] Command "source C:/training/Vivado_2016.1/hls/demos/axi_streaming/axi_interfaces_prj/solution1/.autopilot/db/axi_interfaces.tbgen.tcl "
@I [HLS-100] Command 'ap_source' returned 0; elapsed 0.002Total elapsed time: 33.494 sec.
@I [HLS-100] Command "source ../tv/cdatafile/ref.tcl "
@I [HLS-100] Command 'ap_source' returned 0; elapsed 0.002Total elapsed time: 33.498 sec.
@I [HLS-100] Command "source C:/training/Vivado_2016.1/hls/demos/axi_streaming/axi_interfaces_prj/solution1/.autopilot/db/axi_interfaces.tbgen.tcl "
@I [HLS-100] Command 'ap_source' returned 0; elapsed 0.002Total elapsed time: 33.500 sec.
@I [HLS-100] Command "source C:/training/Vivado_2016.1/hls/demos/axi_streaming/axi_interfaces_prj/solution1/.autopilot/db/axi_interfaces.tbgen.tcl "
@I [HLS-100] Command 'ap_source' returned 0; elapsed 0.002Total elapsed time: 33.503 sec.
@I [HLS-100] Command "source C:/training/Vivado_2016.1/hls/demos/axi_streaming/axi_interfaces_prj/solution1/.autopilot/db/axi_interfaces.tbgen.tcl "
@I [HLS-100] Command 'ap_source' returned 0; elapsed 0.001Total elapsed time: 33.505 sec.
@I [HLS-100] Command "source C:/training/Vivado_2016.1/hls/demos/axi_streaming/axi_interfaces_prj/solution1/.autopilot/db/axi_interfaces.tbgen.tcl "
@I [HLS-100] Command 'ap_source' returned 0; elapsed 0.002Total elapsed time: 33.514 sec.
@I [HLS-100] Command "source C:/training/Vivado_2016.1/hls/demos/axi_streaming/axi_interfaces_prj/solution1/.autopilot/db/axi_interfaces.tbgen.tcl "
@I [HLS-100] Command 'ap_source' returned 0; elapsed 0.002Total elapsed time: 33.539 sec.
@I [HLS-100] Command "source C:/training/Vivado_2016.1/hls/demos/axi_streaming/axi_interfaces_prj/solution1/.autopilot/db/axi_interfaces.tbgen.tcl "
@I [HLS-100] Command 'ap_source' returned 0; elapsed 0.001Total elapsed time: 33.567 sec.
@I [HLS-100] Command "source C:/training/Vivado_2016.1/hls/demos/axi_streaming/axi_interfaces_prj/solution1/.autopilot/db/axi_interfaces.tbgen.tcl "
@I [HLS-100] Command 'ap_source' returned 0; elapsed 0.002Total elapsed time: 33.874 sec.
@I [HLS-100] Command "source C:/training/Vivado_2016.1/hls/demos/axi_streaming/axi_interfaces_prj/solution1/.autopilot/db/axi_interfaces.tbgen.tcl "
@I [HLS-100] Command 'ap_source' returned 0; elapsed 0.001Total elapsed time: 33.876 sec.
@I [HLS-100] Command "source C:/training/Vivado_2016.1/hls/demos/axi_streaming/axi_interfaces_prj/solution1/.autopilot/db/axi_interfaces.tbgen.tcl "
@I [HLS-100] Command 'ap_source' returned 0; elapsed 0.002Total elapsed time: 33.891 sec.
@I [HLS-100] Command "source C:/training/Vivado_2016.1/hls/demos/axi_streaming/axi_interfaces_prj/solution1/.autopilot/db/axi_interfaces.tbgen.tcl "
@I [HLS-100] Command 'ap_source' returned 0; elapsed 0.002Total elapsed time: 34.65 sec.
@I [HLS-100] Command "source C:/training/Vivado_2016.1/hls/demos/axi_streaming/axi_interfaces_prj/solution1/.autopilot/db/axi_interfaces.tbgen.tcl "
@I [HLS-100] Command 'ap_source' returned 0; elapsed 0.002Total elapsed time: 34.77 sec.
@I [HLS-100] Command "source C:/training/Vivado_2016.1/hls/demos/axi_streaming/axi_interfaces_prj/solution1/.autopilot/db/axi_interfaces.tbgen.tcl "
@I [HLS-100] Command 'ap_source' returned 0; elapsed 0.003Total elapsed time: 34.85 sec.
@I [HLS-100] Command "source C:/training/Vivado_2016.1/hls/demos/axi_streaming/axi_interfaces_prj/solution1/.autopilot/db/axi_interfaces.tbgen.tcl "
@I [HLS-100] Command 'ap_source' returned 0; elapsed 0.004Total elapsed time: 34.90 sec.
@I [HLS-100] Command "source C:/training/Vivado_2016.1/hls/demos/axi_streaming/axi_interfaces_prj/solution1/.autopilot/db/axi_interfaces.tbgen.tcl "
@I [HLS-100] Command 'ap_source' returned 0; elapsed 0.002Total elapsed time: 34.93 sec.
@I [HLS-100] Command "source ../tv/cdatafile/ref.tcl "
@I [HLS-100] Command 'ap_source' returned 0; elapsed 0.002Total elapsed time: 34.97 sec.
@I [HLS-100] Command "source C:/training/Vivado_2016.1/hls/demos/axi_streaming/axi_interfaces_prj/solution1/.autopilot/db/axi_interfaces.tbgen.tcl "
@I [HLS-100] Command 'ap_source' returned 0; elapsed 0.001Total elapsed time: 34.99 sec.
@I [HLS-100] Command "source C:/training/Vivado_2016.1/hls/demos/axi_streaming/axi_interfaces_prj/solution1/.autopilot/db/axi_interfaces.tbgen.tcl "
@I [HLS-100] Command 'ap_source' returned 0; elapsed 0.002Total elapsed time: 34.102 sec.
@I [HLS-100] Command "source C:/training/Vivado_2016.1/hls/demos/axi_streaming/axi_interfaces_prj/solution1/.autopilot/db/axi_interfaces.tbgen.tcl "
@I [HLS-100] Command 'ap_source' returned 0; elapsed 0.002Total elapsed time: 34.105 sec.
@I [HLS-100] Command "source C:/training/Vivado_2016.1/hls/demos/axi_streaming/axi_interfaces_prj/solution1/.autopilot/db/axi_interfaces.tbgen.tcl "
@I [HLS-100] Command 'ap_source' returned 0; elapsed 0.002Total elapsed time: 34.113 sec.
@I [HLS-100] Command "source C:/training/Vivado_2016.1/hls/demos/axi_streaming/axi_interfaces_prj/solution1/.autopilot/db/axi_interfaces.tbgen.tcl "
@I [HLS-100] Command 'ap_source' returned 0; elapsed 0.002Total elapsed time: 34.137 sec.
@I [HLS-100] Command "source C:/training/Vivado_2016.1/hls/demos/axi_streaming/axi_interfaces_prj/solution1/.autopilot/db/axi_interfaces.tbgen.tcl "
@I [HLS-100] Command 'ap_source' returned 0; elapsed 0.002Total elapsed time: 34.166 sec.
@I [HLS-100] Command "source C:/training/Vivado_2016.1/hls/demos/axi_streaming/axi_interfaces_prj/solution1/.autopilot/db/axi_interfaces.tbgen.tcl "
@I [HLS-100] Command 'ap_source' returned 0; elapsed 0.002Total elapsed time: 34.470 sec.
@I [HLS-100] Command "source C:/training/Vivado_2016.1/hls/demos/axi_streaming/axi_interfaces_prj/solution1/.autopilot/db/axi_interfaces.tbgen.tcl "
@I [HLS-100] Command 'ap_source' returned 0; elapsed 0.002Total elapsed time: 34.472 sec.
@I [HLS-100] Command "source C:/training/Vivado_2016.1/hls/demos/axi_streaming/axi_interfaces_prj/solution1/.autopilot/db/axi_interfaces.tbgen.tcl "
@I [HLS-100] Command 'ap_source' returned 0; elapsed 0.002Total elapsed time: 34.485 sec.
@I [HLS-100] Command "source C:/training/Vivado_2016.1/hls/demos/axi_streaming/axi_interfaces_prj/solution1/.autopilot/db/axi_interfaces.tbgen.tcl "
@I [HLS-100] Command 'ap_source' returned 0; elapsed 0.002Total elapsed time: 34.727 sec.
@I [HLS-100] Command "source .run_sim.tcl "
@I [HLS-100] Command "source check_sim.tcl "
@I [HLS-100] Command 'ap_source' returned 0; elapsed 0.002Total elapsed time: 34.905 sec.
@I [HLS-100] Command "source .sim.status.tcl "
@I [HLS-100] Command 'ap_source' returned 0; elapsed 0.002Total elapsed time: 34.908 sec.
@I [COSIM-323] Starting verilog simulation. 
@I [COSIM-15] Starting XSIM ...
@I [COSIM-316] Starting C post checking ...
@I [HLS-100] Command 'ap_source' returned 0; elapsed 34.423Total elapsed time: 69.324 sec.
@I [COSIM-1000] *** C/RTL co-simulation finished: PASS ***
@I [HLS-100] Command 'cosim_design' returned 0; elapsed 68.124Total elapsed time: 69.522 sec.
@I [HLS-100] Command 'ap_source' returned 0; elapsed 68.518Total elapsed time: 69.523 sec.
@I [HLS-100] Command "cleanup_all "
@I [HLS-100] Command 'cleanup_all' returned 0; elapsed 0Total elapsed time: 69.524 sec.
