

================================================================
== Vivado HLS Report for 'axi_interfaces'
================================================================
* Date:           Tue Aug 09 12:00:03 2016

* Version:        2016.1 (Build 1538259 on Fri Apr 08 16:12:49 MDT 2016)
* Project:        axi_interfaces_prj
* Solution:       solution1
* Product family: kintex7
* Target device:  xc7k160tfbg484-1


================================================================
== Performance Estimates
================================================================
+ Timing (ns): 
    * Summary: 
    +--------+-------+----------+------------+
    |  Clock | Target| Estimated| Uncertainty|
    +--------+-------+----------+------------+
    |ap_clk  |   4.00|      2.65|        0.50|
    +--------+-------+----------+------------+

+ Latency (clock cycles): 
    * Summary: 
    +-----+-----+-----+-----+---------+
    |  Latency  |  Interval | Pipeline|
    | min | max | min | max |   Type  |
    +-----+-----+-----+-----+---------+
    |    3|    4|    4|    5|   none  |
    +-----+-----+-----+-----+---------+

    + Detail: 
        * Instance: 
        N/A

        * Loop: 
        +------------+-----+-----+----------+-----------+-----------+------+----------+
        |            |  Latency  | Iteration|  Initiation Interval  | Trip |          |
        |  Loop Name | min | max |  Latency |  achieved |   target  | Count| Pipelined|
        +------------+-----+-----+----------+-----------+-----------+------+----------+
        |- For_Loop  |    3|    3|         1|          1|          1|     4|    yes   |
        +------------+-----+-----+----------+-----------+-----------+------+----------+



================================================================
== Utilization Estimates
================================================================
* Summary: 
+-----------------+---------+-------+--------+--------+
|       Name      | BRAM_18K| DSP48E|   FF   |   LUT  |
+-----------------+---------+-------+--------+--------+
|DSP              |        -|      -|       -|       -|
|Expression       |        -|      -|       0|     274|
|FIFO             |        -|      -|       -|       -|
|Instance         |        0|      -|      36|      40|
|Memory           |        -|      -|       -|       -|
|Multiplexer      |        -|      -|       -|      30|
|Register         |        -|      -|     271|       -|
+-----------------+---------+-------+--------+--------+
|Total            |        0|      0|     307|     344|
+-----------------+---------+-------+--------+--------+
|Available        |      650|    600|  202800|  101400|
+-----------------+---------+-------+--------+--------+
|Utilization (%)  |        0|      0|   ~0   |   ~0   |
+-----------------+---------+-------+--------+--------+

+ Detail: 
    * Instance: 
    +---------------------------------+-------------------------------+---------+-------+----+----+
    |             Instance            |             Module            | BRAM_18K| DSP48E| FF | LUT|
    +---------------------------------+-------------------------------+---------+-------+----+----+
    |axi_interfaces_AXILiteS_s_axi_U  |axi_interfaces_AXILiteS_s_axi  |        0|      0|  36|  40|
    +---------------------------------+-------------------------------+---------+-------+----+----+
    |Total                            |                               |        0|      0|  36|  40|
    +---------------------------------+-------------------------------+---------+-------+----+----+

    * DSP48: 
    N/A

    * Memory: 
    N/A

    * FIFO: 
    N/A

    * Expression: 
    +--------------------+----------+-------+---+----+------------+------------+
    |    Variable Name   | Operation| DSP48E| FF| LUT| Bitwidth P0| Bitwidth P1|
    +--------------------+----------+-------+---+----+------------+------------+
    |i_1_7_fu_433_p2     |     +    |      0|  0|   6|           4|           6|
    |tmp_3_1_fu_266_p2   |     +    |      0|  0|  32|          32|          32|
    |tmp_3_2_fu_291_p2   |     +    |      0|  0|  32|          32|          32|
    |tmp_3_3_fu_316_p2   |     +    |      0|  0|  32|          32|          32|
    |tmp_3_4_fu_341_p2   |     +    |      0|  0|  32|          32|          32|
    |tmp_3_5_fu_366_p2   |     +    |      0|  0|  32|          32|          32|
    |tmp_3_6_fu_391_p2   |     +    |      0|  0|  32|          32|          32|
    |tmp_3_7_fu_416_p2   |     +    |      0|  0|  32|          32|          32|
    |tmp_3_fu_241_p2     |     +    |      0|  0|  32|          32|          32|
    |ap_sig_379          |    and   |      0|  0|   1|           1|           1|
    |ap_sig_381          |    and   |      0|  0|   1|           1|           1|
    |ap_sig_383          |    and   |      0|  0|   1|           1|           1|
    |ap_sig_385          |    and   |      0|  0|   1|           1|           1|
    |ap_sig_387          |    and   |      0|  0|   1|           1|           1|
    |ap_sig_389          |    and   |      0|  0|   1|           1|           1|
    |ap_sig_391          |    and   |      0|  0|   1|           1|           1|
    |ap_sig_393          |    and   |      0|  0|   1|           1|           1|
    |exitcond_fu_443_p2  |   icmp   |      0|  0|   3|           6|           7|
    |ap_sig_162          |    or    |      0|  0|   1|           1|           1|
    +--------------------+----------+-------+---+----+------------+------------+
    |Total               |          |      0|  0| 274|         275|         278|
    +--------------------+----------+-------+---+----+------------+------------+

    * Multiplexer: 
    +-----------------------------+----+-----------+-----+-----------+
    |             Name            | LUT| Input Size| Bits| Total Bits|
    +-----------------------------+----+-----------+-----+-----------+
    |ap_NS_fsm                    |   1|          3|    1|          3|
    |ap_sig_ioackin_d_o_0_TREADY  |   1|          2|    1|          2|
    |ap_sig_ioackin_d_o_1_TREADY  |   1|          2|    1|          2|
    |ap_sig_ioackin_d_o_2_TREADY  |   1|          2|    1|          2|
    |ap_sig_ioackin_d_o_3_TREADY  |   1|          2|    1|          2|
    |ap_sig_ioackin_d_o_4_TREADY  |   1|          2|    1|          2|
    |ap_sig_ioackin_d_o_5_TREADY  |   1|          2|    1|          2|
    |ap_sig_ioackin_d_o_6_TREADY  |   1|          2|    1|          2|
    |ap_sig_ioackin_d_o_7_TREADY  |   1|          2|    1|          2|
    |d_i_0_TDATA_blk_n            |   1|          2|    1|          2|
    |d_i_1_TDATA_blk_n            |   1|          2|    1|          2|
    |d_i_2_TDATA_blk_n            |   1|          2|    1|          2|
    |d_i_3_TDATA_blk_n            |   1|          2|    1|          2|
    |d_i_4_TDATA_blk_n            |   1|          2|    1|          2|
    |d_i_5_TDATA_blk_n            |   1|          2|    1|          2|
    |d_i_6_TDATA_blk_n            |   1|          2|    1|          2|
    |d_i_7_TDATA_blk_n            |   1|          2|    1|          2|
    |d_o_0_TDATA_blk_n            |   1|          2|    1|          2|
    |d_o_1_TDATA_blk_n            |   1|          2|    1|          2|
    |d_o_2_TDATA_blk_n            |   1|          2|    1|          2|
    |d_o_3_TDATA_blk_n            |   1|          2|    1|          2|
    |d_o_4_TDATA_blk_n            |   1|          2|    1|          2|
    |d_o_5_TDATA_blk_n            |   1|          2|    1|          2|
    |d_o_6_TDATA_blk_n            |   1|          2|    1|          2|
    |d_o_7_TDATA_blk_n            |   1|          2|    1|          2|
    |i1_reg_215                   |   5|          2|    5|         10|
    +-----------------------------+----+-----------+-----+-----------+
    |Total                        |  30|         53|   30|         61|
    +-----------------------------+----+-----------+-----+-----------+

    * Register: 
    +-----------------------------+----+----+-----+-----------+
    |             Name            | FF | LUT| Bits| Const Bits|
    +-----------------------------+----+----+-----+-----------+
    |acc_0                        |  32|   0|   32|          0|
    |acc_1                        |  32|   0|   32|          0|
    |acc_2                        |  32|   0|   32|          0|
    |acc_3                        |  32|   0|   32|          0|
    |acc_4                        |  32|   0|   32|          0|
    |acc_5                        |  32|   0|   32|          0|
    |acc_6                        |  32|   0|   32|          0|
    |acc_7                        |  32|   0|   32|          0|
    |ap_CS_fsm                    |   2|   0|    2|          0|
    |ap_reg_ioackin_d_o_0_TREADY  |   1|   0|    1|          0|
    |ap_reg_ioackin_d_o_1_TREADY  |   1|   0|    1|          0|
    |ap_reg_ioackin_d_o_2_TREADY  |   1|   0|    1|          0|
    |ap_reg_ioackin_d_o_3_TREADY  |   1|   0|    1|          0|
    |ap_reg_ioackin_d_o_4_TREADY  |   1|   0|    1|          0|
    |ap_reg_ioackin_d_o_5_TREADY  |   1|   0|    1|          0|
    |ap_reg_ioackin_d_o_6_TREADY  |   1|   0|    1|          0|
    |ap_reg_ioackin_d_o_7_TREADY  |   1|   0|    1|          0|
    |i1_reg_215                   |   5|   0|    5|          0|
    +-----------------------------+----+----+-----+-----------+
    |Total                        | 271|   0|  271|          0|
    +-----------------------------+----+----+-----+-----------+



================================================================
== Interface
================================================================
* Summary: 
+------------------------+-----+-----+------------+----------------+--------------+
|        RTL Ports       | Dir | Bits|  Protocol  |  Source Object |    C Type    |
+------------------------+-----+-----+------------+----------------+--------------+
|s_axi_AXILiteS_AWVALID  |  in |    1|    s_axi   |    AXILiteS    |  return void |
|s_axi_AXILiteS_AWREADY  | out |    1|    s_axi   |    AXILiteS    |  return void |
|s_axi_AXILiteS_AWADDR   |  in |    4|    s_axi   |    AXILiteS    |  return void |
|s_axi_AXILiteS_WVALID   |  in |    1|    s_axi   |    AXILiteS    |  return void |
|s_axi_AXILiteS_WREADY   | out |    1|    s_axi   |    AXILiteS    |  return void |
|s_axi_AXILiteS_WDATA    |  in |   32|    s_axi   |    AXILiteS    |  return void |
|s_axi_AXILiteS_WSTRB    |  in |    4|    s_axi   |    AXILiteS    |  return void |
|s_axi_AXILiteS_ARVALID  |  in |    1|    s_axi   |    AXILiteS    |  return void |
|s_axi_AXILiteS_ARREADY  | out |    1|    s_axi   |    AXILiteS    |  return void |
|s_axi_AXILiteS_ARADDR   |  in |    4|    s_axi   |    AXILiteS    |  return void |
|s_axi_AXILiteS_RVALID   | out |    1|    s_axi   |    AXILiteS    |  return void |
|s_axi_AXILiteS_RREADY   |  in |    1|    s_axi   |    AXILiteS    |  return void |
|s_axi_AXILiteS_RDATA    | out |   32|    s_axi   |    AXILiteS    |  return void |
|s_axi_AXILiteS_RRESP    | out |    2|    s_axi   |    AXILiteS    |  return void |
|s_axi_AXILiteS_BVALID   | out |    1|    s_axi   |    AXILiteS    |  return void |
|s_axi_AXILiteS_BREADY   |  in |    1|    s_axi   |    AXILiteS    |  return void |
|s_axi_AXILiteS_BRESP    | out |    2|    s_axi   |    AXILiteS    |  return void |
|ap_clk                  |  in |    1| ap_ctrl_hs | axi_interfaces | return value |
|ap_rst_n                |  in |    1| ap_ctrl_hs | axi_interfaces | return value |
|interrupt               | out |    1| ap_ctrl_hs | axi_interfaces | return value |
|d_o_0_TDATA             | out |   16|    axis    |      d_o_0     |    pointer   |
|d_o_0_TVALID            | out |    1|    axis    |      d_o_0     |    pointer   |
|d_o_0_TREADY            |  in |    1|    axis    |      d_o_0     |    pointer   |
|d_o_1_TDATA             | out |   16|    axis    |      d_o_1     |    pointer   |
|d_o_1_TVALID            | out |    1|    axis    |      d_o_1     |    pointer   |
|d_o_1_TREADY            |  in |    1|    axis    |      d_o_1     |    pointer   |
|d_o_2_TDATA             | out |   16|    axis    |      d_o_2     |    pointer   |
|d_o_2_TVALID            | out |    1|    axis    |      d_o_2     |    pointer   |
|d_o_2_TREADY            |  in |    1|    axis    |      d_o_2     |    pointer   |
|d_o_3_TDATA             | out |   16|    axis    |      d_o_3     |    pointer   |
|d_o_3_TVALID            | out |    1|    axis    |      d_o_3     |    pointer   |
|d_o_3_TREADY            |  in |    1|    axis    |      d_o_3     |    pointer   |
|d_o_4_TDATA             | out |   16|    axis    |      d_o_4     |    pointer   |
|d_o_4_TVALID            | out |    1|    axis    |      d_o_4     |    pointer   |
|d_o_4_TREADY            |  in |    1|    axis    |      d_o_4     |    pointer   |
|d_o_5_TDATA             | out |   16|    axis    |      d_o_5     |    pointer   |
|d_o_5_TVALID            | out |    1|    axis    |      d_o_5     |    pointer   |
|d_o_5_TREADY            |  in |    1|    axis    |      d_o_5     |    pointer   |
|d_o_6_TDATA             | out |   16|    axis    |      d_o_6     |    pointer   |
|d_o_6_TVALID            | out |    1|    axis    |      d_o_6     |    pointer   |
|d_o_6_TREADY            |  in |    1|    axis    |      d_o_6     |    pointer   |
|d_o_7_TDATA             | out |   16|    axis    |      d_o_7     |    pointer   |
|d_o_7_TVALID            | out |    1|    axis    |      d_o_7     |    pointer   |
|d_o_7_TREADY            |  in |    1|    axis    |      d_o_7     |    pointer   |
|d_i_0_TDATA             |  in |   16|    axis    |      d_i_0     |    pointer   |
|d_i_0_TVALID            |  in |    1|    axis    |      d_i_0     |    pointer   |
|d_i_0_TREADY            | out |    1|    axis    |      d_i_0     |    pointer   |
|d_i_1_TDATA             |  in |   16|    axis    |      d_i_1     |    pointer   |
|d_i_1_TVALID            |  in |    1|    axis    |      d_i_1     |    pointer   |
|d_i_1_TREADY            | out |    1|    axis    |      d_i_1     |    pointer   |
|d_i_2_TDATA             |  in |   16|    axis    |      d_i_2     |    pointer   |
|d_i_2_TVALID            |  in |    1|    axis    |      d_i_2     |    pointer   |
|d_i_2_TREADY            | out |    1|    axis    |      d_i_2     |    pointer   |
|d_i_3_TDATA             |  in |   16|    axis    |      d_i_3     |    pointer   |
|d_i_3_TVALID            |  in |    1|    axis    |      d_i_3     |    pointer   |
|d_i_3_TREADY            | out |    1|    axis    |      d_i_3     |    pointer   |
|d_i_4_TDATA             |  in |   16|    axis    |      d_i_4     |    pointer   |
|d_i_4_TVALID            |  in |    1|    axis    |      d_i_4     |    pointer   |
|d_i_4_TREADY            | out |    1|    axis    |      d_i_4     |    pointer   |
|d_i_5_TDATA             |  in |   16|    axis    |      d_i_5     |    pointer   |
|d_i_5_TVALID            |  in |    1|    axis    |      d_i_5     |    pointer   |
|d_i_5_TREADY            | out |    1|    axis    |      d_i_5     |    pointer   |
|d_i_6_TDATA             |  in |   16|    axis    |      d_i_6     |    pointer   |
|d_i_6_TVALID            |  in |    1|    axis    |      d_i_6     |    pointer   |
|d_i_6_TREADY            | out |    1|    axis    |      d_i_6     |    pointer   |
|d_i_7_TDATA             |  in |   16|    axis    |      d_i_7     |    pointer   |
|d_i_7_TVALID            |  in |    1|    axis    |      d_i_7     |    pointer   |
|d_i_7_TREADY            | out |    1|    axis    |      d_i_7     |    pointer   |
+------------------------+-----+-----+------------+----------------+--------------+

============================================================
+ Verbose Summary: Synthesis Manager
============================================================
InlineROM: 1
ExposeGlobal: 0
============================================================
+ Verbose Summary: CDFG Model
============================================================
IsTopModel: 1
ResetActiveHigh: 1
IsCombinational: 2
IsDatapathOnly: 2
HasWiredReturn: 1
HasMFsm: 0
HasVarLatency: 1
IsPipeline: 0
IsRtlPipelined: 0
IsInstanceOverlapped: 0
IsDontTouch: 0
HasImplIP: 0
IsGatedGlobalClock: 0

+ Individual pipeline summary: 
  * Pipeline-0: initiation interval (II) = 1, depth = 1


============================================================
+ Verbose Summary: Schedule
============================================================
* Number of FSM states: 2
* Pipeline: 1
  Pipeline-0: II = 1, D = 1, States = { 2 }
* Dataflow Pipeline: 0

* FSM state transitions: 
1 --> 
	2  / true
2 --> 
	2  / true
* FSM state operations: 

 <State 1>: 1.09ns
ST_1: stg_3 [1/1] 0.00ns
:0  call void (...)* @_ssdm_op_SpecInterface(i32 0, [10 x i8]* @p_str, i32 0, i32 0, i32 0, i32 0, [1 x i8]* @p_str1, [1 x i8]* @p_str1, [1 x i8]* @p_str1, i32 0, i32 0, i32 0, i32 0, [1 x i8]* @p_str1) nounwind

ST_1: stg_4 [1/1] 0.00ns
:1  call void (...)* @_ssdm_op_SpecInterface(i16* %d_i_0, [5 x i8]* @p_str2, i32 0, i32 0, i32 0, i32 0, [1 x i8]* @p_str1, [1 x i8]* @p_str1, [1 x i8]* @p_str1, i32 0, i32 0, i32 0, i32 0, [1 x i8]* @p_str1)

ST_1: stg_5 [1/1] 0.00ns
:2  call void (...)* @_ssdm_op_SpecInterface(i16* %d_i_1, [5 x i8]* @p_str2, i32 0, i32 0, i32 0, i32 0, [1 x i8]* @p_str1, [1 x i8]* @p_str1, [1 x i8]* @p_str1, i32 0, i32 0, i32 0, i32 0, [1 x i8]* @p_str1)

ST_1: stg_6 [1/1] 0.00ns
:3  call void (...)* @_ssdm_op_SpecInterface(i16* %d_i_2, [5 x i8]* @p_str2, i32 0, i32 0, i32 0, i32 0, [1 x i8]* @p_str1, [1 x i8]* @p_str1, [1 x i8]* @p_str1, i32 0, i32 0, i32 0, i32 0, [1 x i8]* @p_str1)

ST_1: stg_7 [1/1] 0.00ns
:4  call void (...)* @_ssdm_op_SpecInterface(i16* %d_i_3, [5 x i8]* @p_str2, i32 0, i32 0, i32 0, i32 0, [1 x i8]* @p_str1, [1 x i8]* @p_str1, [1 x i8]* @p_str1, i32 0, i32 0, i32 0, i32 0, [1 x i8]* @p_str1)

ST_1: stg_8 [1/1] 0.00ns
:5  call void (...)* @_ssdm_op_SpecInterface(i16* %d_i_4, [5 x i8]* @p_str2, i32 0, i32 0, i32 0, i32 0, [1 x i8]* @p_str1, [1 x i8]* @p_str1, [1 x i8]* @p_str1, i32 0, i32 0, i32 0, i32 0, [1 x i8]* @p_str1)

ST_1: stg_9 [1/1] 0.00ns
:6  call void (...)* @_ssdm_op_SpecInterface(i16* %d_i_5, [5 x i8]* @p_str2, i32 0, i32 0, i32 0, i32 0, [1 x i8]* @p_str1, [1 x i8]* @p_str1, [1 x i8]* @p_str1, i32 0, i32 0, i32 0, i32 0, [1 x i8]* @p_str1)

ST_1: stg_10 [1/1] 0.00ns
:7  call void (...)* @_ssdm_op_SpecInterface(i16* %d_i_6, [5 x i8]* @p_str2, i32 0, i32 0, i32 0, i32 0, [1 x i8]* @p_str1, [1 x i8]* @p_str1, [1 x i8]* @p_str1, i32 0, i32 0, i32 0, i32 0, [1 x i8]* @p_str1)

ST_1: stg_11 [1/1] 0.00ns
:8  call void (...)* @_ssdm_op_SpecInterface(i16* %d_i_7, [5 x i8]* @p_str2, i32 0, i32 0, i32 0, i32 0, [1 x i8]* @p_str1, [1 x i8]* @p_str1, [1 x i8]* @p_str1, i32 0, i32 0, i32 0, i32 0, [1 x i8]* @p_str1)

ST_1: stg_12 [1/1] 0.00ns
:9  call void (...)* @_ssdm_op_SpecInterface(i16* %d_o_0, [5 x i8]* @p_str2, i32 0, i32 0, i32 0, i32 0, [1 x i8]* @p_str1, [1 x i8]* @p_str1, [1 x i8]* @p_str1, i32 0, i32 0, i32 0, i32 0, [1 x i8]* @p_str1)

ST_1: stg_13 [1/1] 0.00ns
:10  call void (...)* @_ssdm_op_SpecInterface(i16* %d_o_1, [5 x i8]* @p_str2, i32 0, i32 0, i32 0, i32 0, [1 x i8]* @p_str1, [1 x i8]* @p_str1, [1 x i8]* @p_str1, i32 0, i32 0, i32 0, i32 0, [1 x i8]* @p_str1)

ST_1: stg_14 [1/1] 0.00ns
:11  call void (...)* @_ssdm_op_SpecInterface(i16* %d_o_2, [5 x i8]* @p_str2, i32 0, i32 0, i32 0, i32 0, [1 x i8]* @p_str1, [1 x i8]* @p_str1, [1 x i8]* @p_str1, i32 0, i32 0, i32 0, i32 0, [1 x i8]* @p_str1)

ST_1: stg_15 [1/1] 0.00ns
:12  call void (...)* @_ssdm_op_SpecInterface(i16* %d_o_3, [5 x i8]* @p_str2, i32 0, i32 0, i32 0, i32 0, [1 x i8]* @p_str1, [1 x i8]* @p_str1, [1 x i8]* @p_str1, i32 0, i32 0, i32 0, i32 0, [1 x i8]* @p_str1)

ST_1: stg_16 [1/1] 0.00ns
:13  call void (...)* @_ssdm_op_SpecInterface(i16* %d_o_4, [5 x i8]* @p_str2, i32 0, i32 0, i32 0, i32 0, [1 x i8]* @p_str1, [1 x i8]* @p_str1, [1 x i8]* @p_str1, i32 0, i32 0, i32 0, i32 0, [1 x i8]* @p_str1)

ST_1: stg_17 [1/1] 0.00ns
:14  call void (...)* @_ssdm_op_SpecInterface(i16* %d_o_5, [5 x i8]* @p_str2, i32 0, i32 0, i32 0, i32 0, [1 x i8]* @p_str1, [1 x i8]* @p_str1, [1 x i8]* @p_str1, i32 0, i32 0, i32 0, i32 0, [1 x i8]* @p_str1)

ST_1: stg_18 [1/1] 0.00ns
:15  call void (...)* @_ssdm_op_SpecInterface(i16* %d_o_6, [5 x i8]* @p_str2, i32 0, i32 0, i32 0, i32 0, [1 x i8]* @p_str1, [1 x i8]* @p_str1, [1 x i8]* @p_str1, i32 0, i32 0, i32 0, i32 0, [1 x i8]* @p_str1)

ST_1: stg_19 [1/1] 0.00ns
:16  call void (...)* @_ssdm_op_SpecInterface(i16* %d_o_7, [5 x i8]* @p_str2, i32 0, i32 0, i32 0, i32 0, [1 x i8]* @p_str1, [1 x i8]* @p_str1, [1 x i8]* @p_str1, i32 0, i32 0, i32 0, i32 0, [1 x i8]* @p_str1)

ST_1: stg_20 [1/1] 1.09ns
:17  br label %rewind_header


 <State 2>: 2.65ns
ST_2: do_init [1/1] 0.00ns
rewind_header:0  %do_init = phi i1 [ true, %0 ], [ false, %1 ], [ true, %2 ]

ST_2: i1 [1/1] 0.00ns
rewind_header:1  %i1 = phi i5 [ 0, %0 ], [ %tmp_11, %1 ], [ 0, %2 ]

ST_2: stg_23 [1/1] 0.00ns
rewind_header:2  br i1 %do_init, label %rewind_init, label %1

ST_2: stg_24 [1/1] 0.00ns
rewind_init:0  call void (...)* @_ssdm_op_SpecBitsMap(i16* %d_i_7), !map !0

ST_2: stg_25 [1/1] 0.00ns
rewind_init:1  call void (...)* @_ssdm_op_SpecBitsMap(i16* %d_i_6), !map !6

ST_2: stg_26 [1/1] 0.00ns
rewind_init:2  call void (...)* @_ssdm_op_SpecBitsMap(i16* %d_i_5), !map !12

ST_2: stg_27 [1/1] 0.00ns
rewind_init:3  call void (...)* @_ssdm_op_SpecBitsMap(i16* %d_i_4), !map !18

ST_2: stg_28 [1/1] 0.00ns
rewind_init:4  call void (...)* @_ssdm_op_SpecBitsMap(i16* %d_i_3), !map !24

ST_2: stg_29 [1/1] 0.00ns
rewind_init:5  call void (...)* @_ssdm_op_SpecBitsMap(i16* %d_i_2), !map !30

ST_2: stg_30 [1/1] 0.00ns
rewind_init:6  call void (...)* @_ssdm_op_SpecBitsMap(i16* %d_i_1), !map !36

ST_2: stg_31 [1/1] 0.00ns
rewind_init:7  call void (...)* @_ssdm_op_SpecBitsMap(i16* %d_i_0), !map !42

ST_2: stg_32 [1/1] 0.00ns
rewind_init:8  call void (...)* @_ssdm_op_SpecBitsMap(i16* %d_o_7), !map !48

ST_2: stg_33 [1/1] 0.00ns
rewind_init:9  call void (...)* @_ssdm_op_SpecBitsMap(i16* %d_o_6), !map !52

ST_2: stg_34 [1/1] 0.00ns
rewind_init:10  call void (...)* @_ssdm_op_SpecBitsMap(i16* %d_o_5), !map !56

ST_2: stg_35 [1/1] 0.00ns
rewind_init:11  call void (...)* @_ssdm_op_SpecBitsMap(i16* %d_o_4), !map !60

ST_2: stg_36 [1/1] 0.00ns
rewind_init:12  call void (...)* @_ssdm_op_SpecBitsMap(i16* %d_o_3), !map !64

ST_2: stg_37 [1/1] 0.00ns
rewind_init:13  call void (...)* @_ssdm_op_SpecBitsMap(i16* %d_o_2), !map !68

ST_2: stg_38 [1/1] 0.00ns
rewind_init:14  call void (...)* @_ssdm_op_SpecBitsMap(i16* %d_o_1), !map !72

ST_2: stg_39 [1/1] 0.00ns
rewind_init:15  call void (...)* @_ssdm_op_SpecBitsMap(i16* %d_o_0), !map !76

ST_2: stg_40 [1/1] 0.00ns
rewind_init:16  call void (...)* @_ssdm_op_SpecTopModule([15 x i8]* @axi_interfaces_str) nounwind

ST_2: stg_41 [1/1] 0.00ns
rewind_init:17  br label %1

ST_2: i1_cast [1/1] 0.00ns
:0  %i1_cast = zext i5 %i1 to i6

ST_2: empty [1/1] 0.00ns
:1  %empty = call i32 (...)* @_ssdm_op_SpecLoopTripCount(i64 4, i64 4, i64 4) nounwind

ST_2: stg_44 [1/1] 0.00ns
:2  call void (...)* @_ssdm_op_SpecLoopName([9 x i8]* @p_str4) nounwind

ST_2: tmp [1/1] 0.00ns
:3  %tmp = call i32 (...)* @_ssdm_op_SpecRegionBegin([9 x i8]* @p_str4) nounwind

ST_2: stg_46 [1/1] 0.00ns
:4  call void (...)* @_ssdm_op_SpecPipeline(i32 -1, i32 1, i32 1, i32 0, [1 x i8]* @p_str1) nounwind

ST_2: acc_0_load [1/1] 0.00ns
:5  %acc_0_load = load i32* @acc_0, align 16

ST_2: d_i_0_read [1/1] 0.00ns
:6  %d_i_0_read = call i16 @_ssdm_op_Read.axis.volatile.i16P(i16* %d_i_0)

ST_2: tmp_2 [1/1] 0.00ns
:7  %tmp_2 = sext i16 %d_i_0_read to i32

ST_2: tmp_3 [1/1] 1.70ns
:8  %tmp_3 = add nsw i32 %tmp_2, %acc_0_load

ST_2: stg_51 [1/1] 0.00ns
:9  store i32 %tmp_3, i32* @acc_0, align 16

ST_2: tmp_1 [1/1] 0.00ns
:10  %tmp_1 = trunc i32 %tmp_3 to i16

ST_2: stg_53 [1/1] 0.00ns
:11  call void @_ssdm_op_Write.axis.volatile.i16P(i16* %d_o_0, i16 %tmp_1)

ST_2: empty_2 [1/1] 0.00ns
:12  %empty_2 = call i32 (...)* @_ssdm_op_SpecRegionEnd([9 x i8]* @p_str4, i32 %tmp) nounwind

ST_2: acc_1_load [1/1] 0.00ns
:13  %acc_1_load = load i32* @acc_1, align 4

ST_2: d_i_1_read [1/1] 0.00ns
:14  %d_i_1_read = call i16 @_ssdm_op_Read.axis.volatile.i16P(i16* %d_i_1)

ST_2: tmp_2_1 [1/1] 0.00ns
:15  %tmp_2_1 = sext i16 %d_i_1_read to i32

ST_2: tmp_3_1 [1/1] 1.70ns
:16  %tmp_3_1 = add nsw i32 %tmp_2_1, %acc_1_load

ST_2: stg_59 [1/1] 0.00ns
:17  store i32 %tmp_3_1, i32* @acc_1, align 4

ST_2: tmp_4 [1/1] 0.00ns
:18  %tmp_4 = trunc i32 %tmp_3_1 to i16

ST_2: stg_61 [1/1] 0.00ns
:19  call void @_ssdm_op_Write.axis.volatile.i16P(i16* %d_o_1, i16 %tmp_4)

ST_2: acc_2_load [1/1] 0.00ns
:20  %acc_2_load = load i32* @acc_2, align 8

ST_2: d_i_2_read [1/1] 0.00ns
:21  %d_i_2_read = call i16 @_ssdm_op_Read.axis.volatile.i16P(i16* %d_i_2)

ST_2: tmp_2_2 [1/1] 0.00ns
:22  %tmp_2_2 = sext i16 %d_i_2_read to i32

ST_2: tmp_3_2 [1/1] 1.70ns
:23  %tmp_3_2 = add nsw i32 %tmp_2_2, %acc_2_load

ST_2: stg_66 [1/1] 0.00ns
:24  store i32 %tmp_3_2, i32* @acc_2, align 8

ST_2: tmp_5 [1/1] 0.00ns
:25  %tmp_5 = trunc i32 %tmp_3_2 to i16

ST_2: stg_68 [1/1] 0.00ns
:26  call void @_ssdm_op_Write.axis.volatile.i16P(i16* %d_o_2, i16 %tmp_5)

ST_2: acc_3_load [1/1] 0.00ns
:27  %acc_3_load = load i32* @acc_3, align 4

ST_2: d_i_3_read [1/1] 0.00ns
:28  %d_i_3_read = call i16 @_ssdm_op_Read.axis.volatile.i16P(i16* %d_i_3)

ST_2: tmp_2_3 [1/1] 0.00ns
:29  %tmp_2_3 = sext i16 %d_i_3_read to i32

ST_2: tmp_3_3 [1/1] 1.70ns
:30  %tmp_3_3 = add nsw i32 %tmp_2_3, %acc_3_load

ST_2: stg_73 [1/1] 0.00ns
:31  store i32 %tmp_3_3, i32* @acc_3, align 4

ST_2: tmp_6 [1/1] 0.00ns
:32  %tmp_6 = trunc i32 %tmp_3_3 to i16

ST_2: stg_75 [1/1] 0.00ns
:33  call void @_ssdm_op_Write.axis.volatile.i16P(i16* %d_o_3, i16 %tmp_6)

ST_2: acc_4_load [1/1] 0.00ns
:34  %acc_4_load = load i32* @acc_4, align 16

ST_2: d_i_4_read [1/1] 0.00ns
:35  %d_i_4_read = call i16 @_ssdm_op_Read.axis.volatile.i16P(i16* %d_i_4)

ST_2: tmp_2_4 [1/1] 0.00ns
:36  %tmp_2_4 = sext i16 %d_i_4_read to i32

ST_2: tmp_3_4 [1/1] 1.70ns
:37  %tmp_3_4 = add nsw i32 %tmp_2_4, %acc_4_load

ST_2: stg_80 [1/1] 0.00ns
:38  store i32 %tmp_3_4, i32* @acc_4, align 16

ST_2: tmp_7 [1/1] 0.00ns
:39  %tmp_7 = trunc i32 %tmp_3_4 to i16

ST_2: stg_82 [1/1] 0.00ns
:40  call void @_ssdm_op_Write.axis.volatile.i16P(i16* %d_o_4, i16 %tmp_7)

ST_2: acc_5_load [1/1] 0.00ns
:41  %acc_5_load = load i32* @acc_5, align 4

ST_2: d_i_5_read [1/1] 0.00ns
:42  %d_i_5_read = call i16 @_ssdm_op_Read.axis.volatile.i16P(i16* %d_i_5)

ST_2: tmp_2_5 [1/1] 0.00ns
:43  %tmp_2_5 = sext i16 %d_i_5_read to i32

ST_2: tmp_3_5 [1/1] 1.70ns
:44  %tmp_3_5 = add nsw i32 %tmp_2_5, %acc_5_load

ST_2: stg_87 [1/1] 0.00ns
:45  store i32 %tmp_3_5, i32* @acc_5, align 4

ST_2: tmp_8 [1/1] 0.00ns
:46  %tmp_8 = trunc i32 %tmp_3_5 to i16

ST_2: stg_89 [1/1] 0.00ns
:47  call void @_ssdm_op_Write.axis.volatile.i16P(i16* %d_o_5, i16 %tmp_8)

ST_2: acc_6_load [1/1] 0.00ns
:48  %acc_6_load = load i32* @acc_6, align 8

ST_2: d_i_6_read [1/1] 0.00ns
:49  %d_i_6_read = call i16 @_ssdm_op_Read.axis.volatile.i16P(i16* %d_i_6)

ST_2: tmp_2_6 [1/1] 0.00ns
:50  %tmp_2_6 = sext i16 %d_i_6_read to i32

ST_2: tmp_3_6 [1/1] 1.70ns
:51  %tmp_3_6 = add nsw i32 %tmp_2_6, %acc_6_load

ST_2: stg_94 [1/1] 0.00ns
:52  store i32 %tmp_3_6, i32* @acc_6, align 8

ST_2: tmp_9 [1/1] 0.00ns
:53  %tmp_9 = trunc i32 %tmp_3_6 to i16

ST_2: stg_96 [1/1] 0.00ns
:54  call void @_ssdm_op_Write.axis.volatile.i16P(i16* %d_o_6, i16 %tmp_9)

ST_2: acc_7_load [1/1] 0.00ns
:55  %acc_7_load = load i32* @acc_7, align 4

ST_2: d_i_7_read [1/1] 0.00ns
:56  %d_i_7_read = call i16 @_ssdm_op_Read.axis.volatile.i16P(i16* %d_i_7)

ST_2: tmp_2_7 [1/1] 0.00ns
:57  %tmp_2_7 = sext i16 %d_i_7_read to i32

ST_2: tmp_3_7 [1/1] 1.70ns
:58  %tmp_3_7 = add nsw i32 %tmp_2_7, %acc_7_load

ST_2: stg_101 [1/1] 0.00ns
:59  store i32 %tmp_3_7, i32* @acc_7, align 4

ST_2: tmp_10 [1/1] 0.00ns
:60  %tmp_10 = trunc i32 %tmp_3_7 to i16

ST_2: stg_103 [1/1] 0.00ns
:61  call void @_ssdm_op_Write.axis.volatile.i16P(i16* %d_o_7, i16 %tmp_10)

ST_2: i_1_7 [1/1] 1.34ns
:62  %i_1_7 = add i6 8, %i1_cast

ST_2: tmp_11 [1/1] 0.00ns
:63  %tmp_11 = trunc i6 %i_1_7 to i5

ST_2: exitcond [1/1] 1.31ns
:64  %exitcond = icmp eq i6 %i_1_7, -32

ST_2: stg_107 [1/1] 0.00ns
:65  br i1 %exitcond, label %2, label %rewind_header

ST_2: stg_108 [1/1] 0.00ns
:0  call void (...)* @_ssdm_op_Return()

ST_2: stg_109 [1/1] 0.00ns
:1  br label %rewind_header



============================================================
+ Verbose Summary: Binding
============================================================
STG Binding: 
---------------- STG Properties BEGIN ----------------
- Is combinational: 0
- Is one-state seq: 0
- Is datapath-only: 0
- Is clock enabled: 0
- Is pipelined: 0
- Is top level: 1
Port [ Return ] is wired: 1; IO mode=ap_ctrl_hs:ce=0
Port [ d_o_0]:  wired=1; compound=1; hidden=0; nouse=0; global=0; static=0; extern=0; dir=1; type=0; pingpong=0; private_global=0; IO mode=axis:ce=0
Port [ d_o_1]:  wired=1; compound=1; hidden=0; nouse=0; global=0; static=0; extern=0; dir=1; type=0; pingpong=0; private_global=0; IO mode=axis:ce=0
Port [ d_o_2]:  wired=1; compound=1; hidden=0; nouse=0; global=0; static=0; extern=0; dir=1; type=0; pingpong=0; private_global=0; IO mode=axis:ce=0
Port [ d_o_3]:  wired=1; compound=1; hidden=0; nouse=0; global=0; static=0; extern=0; dir=1; type=0; pingpong=0; private_global=0; IO mode=axis:ce=0
Port [ d_o_4]:  wired=1; compound=1; hidden=0; nouse=0; global=0; static=0; extern=0; dir=1; type=0; pingpong=0; private_global=0; IO mode=axis:ce=0
Port [ d_o_5]:  wired=1; compound=1; hidden=0; nouse=0; global=0; static=0; extern=0; dir=1; type=0; pingpong=0; private_global=0; IO mode=axis:ce=0
Port [ d_o_6]:  wired=1; compound=1; hidden=0; nouse=0; global=0; static=0; extern=0; dir=1; type=0; pingpong=0; private_global=0; IO mode=axis:ce=0
Port [ d_o_7]:  wired=1; compound=1; hidden=0; nouse=0; global=0; static=0; extern=0; dir=1; type=0; pingpong=0; private_global=0; IO mode=axis:ce=0
Port [ d_i_0]:  wired=1; compound=1; hidden=0; nouse=0; global=0; static=0; extern=0; dir=0; type=0; pingpong=0; private_global=0; IO mode=axis:ce=0
Port [ d_i_1]:  wired=1; compound=1; hidden=0; nouse=0; global=0; static=0; extern=0; dir=0; type=0; pingpong=0; private_global=0; IO mode=axis:ce=0
Port [ d_i_2]:  wired=1; compound=1; hidden=0; nouse=0; global=0; static=0; extern=0; dir=0; type=0; pingpong=0; private_global=0; IO mode=axis:ce=0
Port [ d_i_3]:  wired=1; compound=1; hidden=0; nouse=0; global=0; static=0; extern=0; dir=0; type=0; pingpong=0; private_global=0; IO mode=axis:ce=0
Port [ d_i_4]:  wired=1; compound=1; hidden=0; nouse=0; global=0; static=0; extern=0; dir=0; type=0; pingpong=0; private_global=0; IO mode=axis:ce=0
Port [ d_i_5]:  wired=1; compound=1; hidden=0; nouse=0; global=0; static=0; extern=0; dir=0; type=0; pingpong=0; private_global=0; IO mode=axis:ce=0
Port [ d_i_6]:  wired=1; compound=1; hidden=0; nouse=0; global=0; static=0; extern=0; dir=0; type=0; pingpong=0; private_global=0; IO mode=axis:ce=0
Port [ d_i_7]:  wired=1; compound=1; hidden=0; nouse=0; global=0; static=0; extern=0; dir=0; type=0; pingpong=0; private_global=0; IO mode=axis:ce=0
Port [ acc_0]:  wired=0; compound=0; hidden=1; nouse=0; global=1; static=1; extern=0; dir=2; type=0; pingpong=0; private_global=1; linkage=7; visibility=0; IO mode=ap_ovld:ce=0
Port [ acc_1]:  wired=0; compound=0; hidden=1; nouse=0; global=1; static=1; extern=0; dir=2; type=0; pingpong=0; private_global=1; linkage=7; visibility=0; IO mode=ap_ovld:ce=0
Port [ acc_2]:  wired=0; compound=0; hidden=1; nouse=0; global=1; static=1; extern=0; dir=2; type=0; pingpong=0; private_global=1; linkage=7; visibility=0; IO mode=ap_ovld:ce=0
Port [ acc_3]:  wired=0; compound=0; hidden=1; nouse=0; global=1; static=1; extern=0; dir=2; type=0; pingpong=0; private_global=1; linkage=7; visibility=0; IO mode=ap_ovld:ce=0
Port [ acc_4]:  wired=0; compound=0; hidden=1; nouse=0; global=1; static=1; extern=0; dir=2; type=0; pingpong=0; private_global=1; linkage=7; visibility=0; IO mode=ap_ovld:ce=0
Port [ acc_5]:  wired=0; compound=0; hidden=1; nouse=0; global=1; static=1; extern=0; dir=2; type=0; pingpong=0; private_global=1; linkage=7; visibility=0; IO mode=ap_ovld:ce=0
Port [ acc_6]:  wired=0; compound=0; hidden=1; nouse=0; global=1; static=1; extern=0; dir=2; type=0; pingpong=0; private_global=1; linkage=7; visibility=0; IO mode=ap_ovld:ce=0
Port [ acc_7]:  wired=0; compound=0; hidden=1; nouse=0; global=1; static=1; extern=0; dir=2; type=0; pingpong=0; private_global=1; linkage=7; visibility=0; IO mode=ap_ovld:ce=0
---------------- STG Properties END ------------------

---------------- Datapath Model BEGIN ----------------

<LifeTime>
<method=bitvector/>
stg_3      (specinterface    ) [ 000]
stg_4      (specinterface    ) [ 000]
stg_5      (specinterface    ) [ 000]
stg_6      (specinterface    ) [ 000]
stg_7      (specinterface    ) [ 000]
stg_8      (specinterface    ) [ 000]
stg_9      (specinterface    ) [ 000]
stg_10     (specinterface    ) [ 000]
stg_11     (specinterface    ) [ 000]
stg_12     (specinterface    ) [ 000]
stg_13     (specinterface    ) [ 000]
stg_14     (specinterface    ) [ 000]
stg_15     (specinterface    ) [ 000]
stg_16     (specinterface    ) [ 000]
stg_17     (specinterface    ) [ 000]
stg_18     (specinterface    ) [ 000]
stg_19     (specinterface    ) [ 000]
stg_20     (br               ) [ 011]
do_init    (phi              ) [ 001]
i1         (phi              ) [ 001]
stg_23     (br               ) [ 000]
stg_24     (specbitsmap      ) [ 000]
stg_25     (specbitsmap      ) [ 000]
stg_26     (specbitsmap      ) [ 000]
stg_27     (specbitsmap      ) [ 000]
stg_28     (specbitsmap      ) [ 000]
stg_29     (specbitsmap      ) [ 000]
stg_30     (specbitsmap      ) [ 000]
stg_31     (specbitsmap      ) [ 000]
stg_32     (specbitsmap      ) [ 000]
stg_33     (specbitsmap      ) [ 000]
stg_34     (specbitsmap      ) [ 000]
stg_35     (specbitsmap      ) [ 000]
stg_36     (specbitsmap      ) [ 000]
stg_37     (specbitsmap      ) [ 000]
stg_38     (specbitsmap      ) [ 000]
stg_39     (specbitsmap      ) [ 000]
stg_40     (spectopmodule    ) [ 000]
stg_41     (br               ) [ 000]
i1_cast    (zext             ) [ 000]
empty      (speclooptripcount) [ 000]
stg_44     (specloopname     ) [ 000]
tmp        (specregionbegin  ) [ 000]
stg_46     (specpipeline     ) [ 000]
acc_0_load (load             ) [ 000]
d_i_0_read (read             ) [ 000]
tmp_2      (sext             ) [ 000]
tmp_3      (add              ) [ 000]
stg_51     (store            ) [ 000]
tmp_1      (trunc            ) [ 000]
stg_53     (write            ) [ 000]
empty_2    (specregionend    ) [ 000]
acc_1_load (load             ) [ 000]
d_i_1_read (read             ) [ 000]
tmp_2_1    (sext             ) [ 000]
tmp_3_1    (add              ) [ 000]
stg_59     (store            ) [ 000]
tmp_4      (trunc            ) [ 000]
stg_61     (write            ) [ 000]
acc_2_load (load             ) [ 000]
d_i_2_read (read             ) [ 000]
tmp_2_2    (sext             ) [ 000]
tmp_3_2    (add              ) [ 000]
stg_66     (store            ) [ 000]
tmp_5      (trunc            ) [ 000]
stg_68     (write            ) [ 000]
acc_3_load (load             ) [ 000]
d_i_3_read (read             ) [ 000]
tmp_2_3    (sext             ) [ 000]
tmp_3_3    (add              ) [ 000]
stg_73     (store            ) [ 000]
tmp_6      (trunc            ) [ 000]
stg_75     (write            ) [ 000]
acc_4_load (load             ) [ 000]
d_i_4_read (read             ) [ 000]
tmp_2_4    (sext             ) [ 000]
tmp_3_4    (add              ) [ 000]
stg_80     (store            ) [ 000]
tmp_7      (trunc            ) [ 000]
stg_82     (write            ) [ 000]
acc_5_load (load             ) [ 000]
d_i_5_read (read             ) [ 000]
tmp_2_5    (sext             ) [ 000]
tmp_3_5    (add              ) [ 000]
stg_87     (store            ) [ 000]
tmp_8      (trunc            ) [ 000]
stg_89     (write            ) [ 000]
acc_6_load (load             ) [ 000]
d_i_6_read (read             ) [ 000]
tmp_2_6    (sext             ) [ 000]
tmp_3_6    (add              ) [ 000]
stg_94     (store            ) [ 000]
tmp_9      (trunc            ) [ 000]
stg_96     (write            ) [ 000]
acc_7_load (load             ) [ 000]
d_i_7_read (read             ) [ 000]
tmp_2_7    (sext             ) [ 000]
tmp_3_7    (add              ) [ 000]
stg_101    (store            ) [ 000]
tmp_10     (trunc            ) [ 000]
stg_103    (write            ) [ 000]
i_1_7      (add              ) [ 000]
tmp_11     (trunc            ) [ 011]
exitcond   (icmp             ) [ 001]
stg_107    (br               ) [ 011]
stg_108    (return           ) [ 000]
stg_109    (br               ) [ 011]
</LifeTime>

<model>

<comp_list>
<comp id="0" class="1000" name="d_o_0">
<pin_list>
<pin id="1" dir="1" index="0" bw="1" slack="0"/>
</pin_list>
<bind>
<StgValue><ssdm name="d_o_0"/></StgValue>
</bind>
</comp>

<comp id="2" class="1000" name="d_o_1">
<pin_list>
<pin id="3" dir="1" index="0" bw="1" slack="0"/>
</pin_list>
<bind>
<StgValue><ssdm name="d_o_1"/></StgValue>
</bind>
</comp>

<comp id="4" class="1000" name="d_o_2">
<pin_list>
<pin id="5" dir="1" index="0" bw="1" slack="0"/>
</pin_list>
<bind>
<StgValue><ssdm name="d_o_2"/></StgValue>
</bind>
</comp>

<comp id="6" class="1000" name="d_o_3">
<pin_list>
<pin id="7" dir="1" index="0" bw="1" slack="0"/>
</pin_list>
<bind>
<StgValue><ssdm name="d_o_3"/></StgValue>
</bind>
</comp>

<comp id="8" class="1000" name="d_o_4">
<pin_list>
<pin id="9" dir="1" index="0" bw="1" slack="0"/>
</pin_list>
<bind>
<StgValue><ssdm name="d_o_4"/></StgValue>
</bind>
</comp>

<comp id="10" class="1000" name="d_o_5">
<pin_list>
<pin id="11" dir="1" index="0" bw="1" slack="0"/>
</pin_list>
<bind>
<StgValue><ssdm name="d_o_5"/></StgValue>
</bind>
</comp>

<comp id="12" class="1000" name="d_o_6">
<pin_list>
<pin id="13" dir="1" index="0" bw="1" slack="0"/>
</pin_list>
<bind>
<StgValue><ssdm name="d_o_6"/></StgValue>
</bind>
</comp>

<comp id="14" class="1000" name="d_o_7">
<pin_list>
<pin id="15" dir="1" index="0" bw="1" slack="0"/>
</pin_list>
<bind>
<StgValue><ssdm name="d_o_7"/></StgValue>
</bind>
</comp>

<comp id="16" class="1000" name="d_i_0">
<pin_list>
<pin id="17" dir="1" index="0" bw="1" slack="0"/>
</pin_list>
<bind>
<StgValue><ssdm name="d_i_0"/></StgValue>
</bind>
</comp>

<comp id="18" class="1000" name="d_i_1">
<pin_list>
<pin id="19" dir="1" index="0" bw="1" slack="0"/>
</pin_list>
<bind>
<StgValue><ssdm name="d_i_1"/></StgValue>
</bind>
</comp>

<comp id="20" class="1000" name="d_i_2">
<pin_list>
<pin id="21" dir="1" index="0" bw="1" slack="0"/>
</pin_list>
<bind>
<StgValue><ssdm name="d_i_2"/></StgValue>
</bind>
</comp>

<comp id="22" class="1000" name="d_i_3">
<pin_list>
<pin id="23" dir="1" index="0" bw="1" slack="0"/>
</pin_list>
<bind>
<StgValue><ssdm name="d_i_3"/></StgValue>
</bind>
</comp>

<comp id="24" class="1000" name="d_i_4">
<pin_list>
<pin id="25" dir="1" index="0" bw="1" slack="0"/>
</pin_list>
<bind>
<StgValue><ssdm name="d_i_4"/></StgValue>
</bind>
</comp>

<comp id="26" class="1000" name="d_i_5">
<pin_list>
<pin id="27" dir="1" index="0" bw="1" slack="0"/>
</pin_list>
<bind>
<StgValue><ssdm name="d_i_5"/></StgValue>
</bind>
</comp>

<comp id="28" class="1000" name="d_i_6">
<pin_list>
<pin id="29" dir="1" index="0" bw="1" slack="0"/>
</pin_list>
<bind>
<StgValue><ssdm name="d_i_6"/></StgValue>
</bind>
</comp>

<comp id="30" class="1000" name="d_i_7">
<pin_list>
<pin id="31" dir="1" index="0" bw="1" slack="0"/>
</pin_list>
<bind>
<StgValue><ssdm name="d_i_7"/></StgValue>
</bind>
</comp>

<comp id="32" class="1000" name="acc_0">
<pin_list>
<pin id="33" dir="1" index="0" bw="1" slack="0"/>
</pin_list>
<bind>
<StgValue><ssdm name="acc_0"/></StgValue>
</bind>
</comp>

<comp id="34" class="1000" name="acc_1">
<pin_list>
<pin id="35" dir="1" index="0" bw="1" slack="0"/>
</pin_list>
<bind>
<StgValue><ssdm name="acc_1"/></StgValue>
</bind>
</comp>

<comp id="36" class="1000" name="acc_2">
<pin_list>
<pin id="37" dir="1" index="0" bw="1" slack="0"/>
</pin_list>
<bind>
<StgValue><ssdm name="acc_2"/></StgValue>
</bind>
</comp>

<comp id="38" class="1000" name="acc_3">
<pin_list>
<pin id="39" dir="1" index="0" bw="1" slack="0"/>
</pin_list>
<bind>
<StgValue><ssdm name="acc_3"/></StgValue>
</bind>
</comp>

<comp id="40" class="1000" name="acc_4">
<pin_list>
<pin id="41" dir="1" index="0" bw="1" slack="0"/>
</pin_list>
<bind>
<StgValue><ssdm name="acc_4"/></StgValue>
</bind>
</comp>

<comp id="42" class="1000" name="acc_5">
<pin_list>
<pin id="43" dir="1" index="0" bw="1" slack="0"/>
</pin_list>
<bind>
<StgValue><ssdm name="acc_5"/></StgValue>
</bind>
</comp>

<comp id="44" class="1000" name="acc_6">
<pin_list>
<pin id="45" dir="1" index="0" bw="1" slack="0"/>
</pin_list>
<bind>
<StgValue><ssdm name="acc_6"/></StgValue>
</bind>
</comp>

<comp id="46" class="1000" name="acc_7">
<pin_list>
<pin id="47" dir="1" index="0" bw="1" slack="0"/>
</pin_list>
<bind>
<StgValue><ssdm name="acc_7"/></StgValue>
</bind>
</comp>

<comp id="48" class="1001" name="const_48">
<pin_list>
<pin id="49" dir="1" index="0" bw="1" slack="2147483647"/>
</pin_list>
<bind>
<StgValue><ssdm name="_ssdm_op_SpecInterface"/></StgValue>
</bind>
</comp>

<comp id="50" class="1001" name="const_50">
<pin_list>
<pin id="51" dir="1" index="0" bw="1" slack="2147483647"/>
</pin_list>
<bind>
<StgValue><ssdm name=""/></StgValue>
</bind>
</comp>

<comp id="52" class="1001" name="const_52">
<pin_list>
<pin id="53" dir="1" index="0" bw="1" slack="2147483647"/>
</pin_list>
<bind>
<StgValue><ssdm name="p_str"/></StgValue>
</bind>
</comp>

<comp id="54" class="1001" name="const_54">
<pin_list>
<pin id="55" dir="1" index="0" bw="1" slack="2147483647"/>
</pin_list>
<bind>
<StgValue><ssdm name="p_str1"/></StgValue>
</bind>
</comp>

<comp id="56" class="1001" name="const_56">
<pin_list>
<pin id="57" dir="1" index="0" bw="1" slack="2147483647"/>
</pin_list>
<bind>
<StgValue><ssdm name="p_str2"/></StgValue>
</bind>
</comp>

<comp id="58" class="1001" name="const_58">
<pin_list>
<pin id="59" dir="1" index="0" bw="1" slack="0"/>
</pin_list>
<bind>
<StgValue><ssdm name=""/></StgValue>
</bind>
</comp>

<comp id="60" class="1001" name="const_60">
<pin_list>
<pin id="61" dir="1" index="0" bw="1" slack="0"/>
</pin_list>
<bind>
<StgValue><ssdm name=""/></StgValue>
</bind>
</comp>

<comp id="62" class="1001" name="const_62">
<pin_list>
<pin id="63" dir="1" index="0" bw="1" slack="0"/>
</pin_list>
<bind>
<StgValue><ssdm name=""/></StgValue>
</bind>
</comp>

<comp id="64" class="1001" name="const_64">
<pin_list>
<pin id="65" dir="1" index="0" bw="1" slack="2147483647"/>
</pin_list>
<bind>
<StgValue><ssdm name="_ssdm_op_SpecBitsMap"/></StgValue>
</bind>
</comp>

<comp id="66" class="1001" name="const_66">
<pin_list>
<pin id="67" dir="1" index="0" bw="1" slack="2147483647"/>
</pin_list>
<bind>
<StgValue><ssdm name="_ssdm_op_SpecTopModule"/></StgValue>
</bind>
</comp>

<comp id="68" class="1001" name="const_68">
<pin_list>
<pin id="69" dir="1" index="0" bw="1" slack="2147483647"/>
</pin_list>
<bind>
<StgValue><ssdm name="axi_interfaces_str"/></StgValue>
</bind>
</comp>

<comp id="70" class="1001" name="const_70">
<pin_list>
<pin id="71" dir="1" index="0" bw="1" slack="2147483647"/>
</pin_list>
<bind>
<StgValue><ssdm name="_ssdm_op_SpecLoopTripCount"/></StgValue>
</bind>
</comp>

<comp id="72" class="1001" name="const_72">
<pin_list>
<pin id="73" dir="1" index="0" bw="1" slack="2147483647"/>
</pin_list>
<bind>
<StgValue><ssdm name=""/></StgValue>
</bind>
</comp>

<comp id="74" class="1001" name="const_74">
<pin_list>
<pin id="75" dir="1" index="0" bw="1" slack="2147483647"/>
</pin_list>
<bind>
<StgValue><ssdm name="_ssdm_op_SpecLoopName"/></StgValue>
</bind>
</comp>

<comp id="76" class="1001" name="const_76">
<pin_list>
<pin id="77" dir="1" index="0" bw="1" slack="2147483647"/>
</pin_list>
<bind>
<StgValue><ssdm name="p_str4"/></StgValue>
</bind>
</comp>

<comp id="78" class="1001" name="const_78">
<pin_list>
<pin id="79" dir="1" index="0" bw="1" slack="2147483647"/>
</pin_list>
<bind>
<StgValue><ssdm name="_ssdm_op_SpecRegionBegin"/></StgValue>
</bind>
</comp>

<comp id="80" class="1001" name="const_80">
<pin_list>
<pin id="81" dir="1" index="0" bw="1" slack="2147483647"/>
</pin_list>
<bind>
<StgValue><ssdm name="_ssdm_op_SpecPipeline"/></StgValue>
</bind>
</comp>

<comp id="82" class="1001" name="const_82">
<pin_list>
<pin id="83" dir="1" index="0" bw="1" slack="2147483647"/>
</pin_list>
<bind>
<StgValue><ssdm name=""/></StgValue>
</bind>
</comp>

<comp id="84" class="1001" name="const_84">
<pin_list>
<pin id="85" dir="1" index="0" bw="1" slack="2147483647"/>
</pin_list>
<bind>
<StgValue><ssdm name=""/></StgValue>
</bind>
</comp>

<comp id="86" class="1001" name="const_86">
<pin_list>
<pin id="87" dir="1" index="0" bw="1" slack="0"/>
</pin_list>
<bind>
<StgValue><ssdm name="_ssdm_op_Read.axis.volatile.i16P"/></StgValue>
</bind>
</comp>

<comp id="88" class="1001" name="const_88">
<pin_list>
<pin id="89" dir="1" index="0" bw="1" slack="0"/>
</pin_list>
<bind>
<StgValue><ssdm name="_ssdm_op_Write.axis.volatile.i16P"/></StgValue>
</bind>
</comp>

<comp id="90" class="1001" name="const_90">
<pin_list>
<pin id="91" dir="1" index="0" bw="1" slack="2147483647"/>
</pin_list>
<bind>
<StgValue><ssdm name="_ssdm_op_SpecRegionEnd"/></StgValue>
</bind>
</comp>

<comp id="92" class="1001" name="const_92">
<pin_list>
<pin id="93" dir="1" index="0" bw="1" slack="0"/>
</pin_list>
<bind>
<StgValue><ssdm name=""/></StgValue>
</bind>
</comp>

<comp id="94" class="1001" name="const_94">
<pin_list>
<pin id="95" dir="1" index="0" bw="1" slack="0"/>
</pin_list>
<bind>
<StgValue><ssdm name=""/></StgValue>
</bind>
</comp>

<comp id="96" class="1004" name="d_i_0_read_read_fu_96">
<pin_list>
<pin id="97" dir="0" index="0" bw="16" slack="0"/>
<pin id="98" dir="0" index="1" bw="16" slack="0"/>
<pin id="99" dir="1" index="2" bw="16" slack="0"/>
</pin_list>
<bind>
<opcode="read(1150) " fcode="read"/>
<opset="d_i_0_read/2 "/>
</bind>
</comp>

<comp id="102" class="1004" name="stg_53_write_fu_102">
<pin_list>
<pin id="103" dir="0" index="0" bw="0" slack="0"/>
<pin id="104" dir="0" index="1" bw="16" slack="0"/>
<pin id="105" dir="0" index="2" bw="16" slack="0"/>
<pin id="106" dir="1" index="3" bw="0" slack="2147483647"/>
</pin_list>
<bind>
<opcode="write(1151) " fcode="write"/>
<opset="stg_53/2 "/>
</bind>
</comp>

<comp id="109" class="1004" name="d_i_1_read_read_fu_109">
<pin_list>
<pin id="110" dir="0" index="0" bw="16" slack="0"/>
<pin id="111" dir="0" index="1" bw="16" slack="0"/>
<pin id="112" dir="1" index="2" bw="16" slack="0"/>
</pin_list>
<bind>
<opcode="read(1150) " fcode="read"/>
<opset="d_i_1_read/2 "/>
</bind>
</comp>

<comp id="115" class="1004" name="stg_61_write_fu_115">
<pin_list>
<pin id="116" dir="0" index="0" bw="0" slack="0"/>
<pin id="117" dir="0" index="1" bw="16" slack="0"/>
<pin id="118" dir="0" index="2" bw="16" slack="0"/>
<pin id="119" dir="1" index="3" bw="0" slack="2147483647"/>
</pin_list>
<bind>
<opcode="write(1151) " fcode="write"/>
<opset="stg_61/2 "/>
</bind>
</comp>

<comp id="122" class="1004" name="d_i_2_read_read_fu_122">
<pin_list>
<pin id="123" dir="0" index="0" bw="16" slack="0"/>
<pin id="124" dir="0" index="1" bw="16" slack="0"/>
<pin id="125" dir="1" index="2" bw="16" slack="0"/>
</pin_list>
<bind>
<opcode="read(1150) " fcode="read"/>
<opset="d_i_2_read/2 "/>
</bind>
</comp>

<comp id="128" class="1004" name="stg_68_write_fu_128">
<pin_list>
<pin id="129" dir="0" index="0" bw="0" slack="0"/>
<pin id="130" dir="0" index="1" bw="16" slack="0"/>
<pin id="131" dir="0" index="2" bw="16" slack="0"/>
<pin id="132" dir="1" index="3" bw="0" slack="2147483647"/>
</pin_list>
<bind>
<opcode="write(1151) " fcode="write"/>
<opset="stg_68/2 "/>
</bind>
</comp>

<comp id="135" class="1004" name="d_i_3_read_read_fu_135">
<pin_list>
<pin id="136" dir="0" index="0" bw="16" slack="0"/>
<pin id="137" dir="0" index="1" bw="16" slack="0"/>
<pin id="138" dir="1" index="2" bw="16" slack="0"/>
</pin_list>
<bind>
<opcode="read(1150) " fcode="read"/>
<opset="d_i_3_read/2 "/>
</bind>
</comp>

<comp id="141" class="1004" name="stg_75_write_fu_141">
<pin_list>
<pin id="142" dir="0" index="0" bw="0" slack="0"/>
<pin id="143" dir="0" index="1" bw="16" slack="0"/>
<pin id="144" dir="0" index="2" bw="16" slack="0"/>
<pin id="145" dir="1" index="3" bw="0" slack="2147483647"/>
</pin_list>
<bind>
<opcode="write(1151) " fcode="write"/>
<opset="stg_75/2 "/>
</bind>
</comp>

<comp id="148" class="1004" name="d_i_4_read_read_fu_148">
<pin_list>
<pin id="149" dir="0" index="0" bw="16" slack="0"/>
<pin id="150" dir="0" index="1" bw="16" slack="0"/>
<pin id="151" dir="1" index="2" bw="16" slack="0"/>
</pin_list>
<bind>
<opcode="read(1150) " fcode="read"/>
<opset="d_i_4_read/2 "/>
</bind>
</comp>

<comp id="154" class="1004" name="stg_82_write_fu_154">
<pin_list>
<pin id="155" dir="0" index="0" bw="0" slack="0"/>
<pin id="156" dir="0" index="1" bw="16" slack="0"/>
<pin id="157" dir="0" index="2" bw="16" slack="0"/>
<pin id="158" dir="1" index="3" bw="0" slack="2147483647"/>
</pin_list>
<bind>
<opcode="write(1151) " fcode="write"/>
<opset="stg_82/2 "/>
</bind>
</comp>

<comp id="161" class="1004" name="d_i_5_read_read_fu_161">
<pin_list>
<pin id="162" dir="0" index="0" bw="16" slack="0"/>
<pin id="163" dir="0" index="1" bw="16" slack="0"/>
<pin id="164" dir="1" index="2" bw="16" slack="0"/>
</pin_list>
<bind>
<opcode="read(1150) " fcode="read"/>
<opset="d_i_5_read/2 "/>
</bind>
</comp>

<comp id="167" class="1004" name="stg_89_write_fu_167">
<pin_list>
<pin id="168" dir="0" index="0" bw="0" slack="0"/>
<pin id="169" dir="0" index="1" bw="16" slack="0"/>
<pin id="170" dir="0" index="2" bw="16" slack="0"/>
<pin id="171" dir="1" index="3" bw="0" slack="2147483647"/>
</pin_list>
<bind>
<opcode="write(1151) " fcode="write"/>
<opset="stg_89/2 "/>
</bind>
</comp>

<comp id="174" class="1004" name="d_i_6_read_read_fu_174">
<pin_list>
<pin id="175" dir="0" index="0" bw="16" slack="0"/>
<pin id="176" dir="0" index="1" bw="16" slack="0"/>
<pin id="177" dir="1" index="2" bw="16" slack="0"/>
</pin_list>
<bind>
<opcode="read(1150) " fcode="read"/>
<opset="d_i_6_read/2 "/>
</bind>
</comp>

<comp id="180" class="1004" name="stg_96_write_fu_180">
<pin_list>
<pin id="181" dir="0" index="0" bw="0" slack="0"/>
<pin id="182" dir="0" index="1" bw="16" slack="0"/>
<pin id="183" dir="0" index="2" bw="16" slack="0"/>
<pin id="184" dir="1" index="3" bw="0" slack="2147483647"/>
</pin_list>
<bind>
<opcode="write(1151) " fcode="write"/>
<opset="stg_96/2 "/>
</bind>
</comp>

<comp id="187" class="1004" name="d_i_7_read_read_fu_187">
<pin_list>
<pin id="188" dir="0" index="0" bw="16" slack="0"/>
<pin id="189" dir="0" index="1" bw="16" slack="0"/>
<pin id="190" dir="1" index="2" bw="16" slack="0"/>
</pin_list>
<bind>
<opcode="read(1150) " fcode="read"/>
<opset="d_i_7_read/2 "/>
</bind>
</comp>

<comp id="193" class="1004" name="stg_103_write_fu_193">
<pin_list>
<pin id="194" dir="0" index="0" bw="0" slack="0"/>
<pin id="195" dir="0" index="1" bw="16" slack="0"/>
<pin id="196" dir="0" index="2" bw="16" slack="0"/>
<pin id="197" dir="1" index="3" bw="0" slack="2147483647"/>
</pin_list>
<bind>
<opcode="write(1151) " fcode="write"/>
<opset="stg_103/2 "/>
</bind>
</comp>

<comp id="200" class="1005" name="do_init_reg_200">
<pin_list>
<pin id="201" dir="0" index="0" bw="1" slack="1"/>
<pin id="202" dir="1" index="1" bw="1" slack="1"/>
</pin_list>
<bind>
<opset="do_init (phireg) "/>
</bind>
</comp>

<comp id="204" class="1004" name="do_init_phi_fu_204">
<pin_list>
<pin id="205" dir="0" index="0" bw="1" slack="1"/>
<pin id="206" dir="0" index="1" bw="0" slack="2147483647"/>
<pin id="207" dir="0" index="2" bw="1" slack="0"/>
<pin id="208" dir="0" index="3" bw="0" slack="2147483647"/>
<pin id="209" dir="0" index="4" bw="1" slack="0"/>
<pin id="210" dir="0" index="5" bw="0" slack="2147483647"/>
<pin id="211" dir="1" index="6" bw="1" slack="2147483647"/>
</pin_list>
<bind>
<opcode="phi(47) " fcode="phi"/>
<opset="do_init/2 "/>
</bind>
</comp>

<comp id="215" class="1005" name="i1_reg_215">
<pin_list>
<pin id="216" dir="0" index="0" bw="5" slack="1"/>
<pin id="217" dir="1" index="1" bw="5" slack="1"/>
</pin_list>
<bind>
<opset="i1 (phireg) "/>
</bind>
</comp>

<comp id="219" class="1004" name="i1_phi_fu_219">
<pin_list>
<pin id="220" dir="0" index="0" bw="1" slack="1"/>
<pin id="221" dir="0" index="1" bw="0" slack="2147483647"/>
<pin id="222" dir="0" index="2" bw="5" slack="0"/>
<pin id="223" dir="0" index="3" bw="0" slack="2147483647"/>
<pin id="224" dir="0" index="4" bw="1" slack="0"/>
<pin id="225" dir="0" index="5" bw="0" slack="2147483647"/>
<pin id="226" dir="1" index="6" bw="5" slack="0"/>
</pin_list>
<bind>
<opcode="phi(47) " fcode="phi"/>
<opset="i1/2 "/>
</bind>
</comp>

<comp id="229" class="1004" name="i1_cast_fu_229">
<pin_list>
<pin id="230" dir="0" index="0" bw="5" slack="0"/>
<pin id="231" dir="1" index="1" bw="6" slack="0"/>
</pin_list>
<bind>
<opcode="zext(34) " fcode="zext"/>
<opset="i1_cast/2 "/>
</bind>
</comp>

<comp id="233" class="1004" name="acc_0_load_load_fu_233">
<pin_list>
<pin id="234" dir="0" index="0" bw="32" slack="0"/>
<pin id="235" dir="1" index="1" bw="32" slack="0"/>
</pin_list>
<bind>
<opcode="load(27) " fcode="load"/>
<opset="acc_0_load/2 "/>
</bind>
</comp>

<comp id="237" class="1004" name="tmp_2_fu_237">
<pin_list>
<pin id="238" dir="0" index="0" bw="16" slack="0"/>
<pin id="239" dir="1" index="1" bw="32" slack="0"/>
</pin_list>
<bind>
<opcode="sext(35) " fcode="sext"/>
<opset="tmp_2/2 "/>
</bind>
</comp>

<comp id="241" class="1004" name="tmp_3_fu_241">
<pin_list>
<pin id="242" dir="0" index="0" bw="16" slack="0"/>
<pin id="243" dir="0" index="1" bw="32" slack="0"/>
<pin id="244" dir="1" index="2" bw="32" slack="0"/>
</pin_list>
<bind>
<opcode="add(8) " fcode="add"/>
<opset="tmp_3/2 "/>
</bind>
</comp>

<comp id="247" class="1004" name="stg_51_store_fu_247">
<pin_list>
<pin id="248" dir="0" index="0" bw="32" slack="0"/>
<pin id="249" dir="0" index="1" bw="32" slack="0"/>
<pin id="250" dir="1" index="2" bw="0" slack="2147483647"/>
</pin_list>
<bind>
<opcode="store(28) " fcode="store"/>
<opset="stg_51/2 "/>
</bind>
</comp>

<comp id="253" class="1004" name="tmp_1_fu_253">
<pin_list>
<pin id="254" dir="0" index="0" bw="32" slack="0"/>
<pin id="255" dir="1" index="1" bw="16" slack="0"/>
</pin_list>
<bind>
<opcode="trunc(33) " fcode="trunc"/>
<opset="tmp_1/2 "/>
</bind>
</comp>

<comp id="258" class="1004" name="acc_1_load_load_fu_258">
<pin_list>
<pin id="259" dir="0" index="0" bw="32" slack="0"/>
<pin id="260" dir="1" index="1" bw="32" slack="0"/>
</pin_list>
<bind>
<opcode="load(27) " fcode="load"/>
<opset="acc_1_load/2 "/>
</bind>
</comp>

<comp id="262" class="1004" name="tmp_2_1_fu_262">
<pin_list>
<pin id="263" dir="0" index="0" bw="16" slack="0"/>
<pin id="264" dir="1" index="1" bw="32" slack="0"/>
</pin_list>
<bind>
<opcode="sext(35) " fcode="sext"/>
<opset="tmp_2_1/2 "/>
</bind>
</comp>

<comp id="266" class="1004" name="tmp_3_1_fu_266">
<pin_list>
<pin id="267" dir="0" index="0" bw="16" slack="0"/>
<pin id="268" dir="0" index="1" bw="32" slack="0"/>
<pin id="269" dir="1" index="2" bw="32" slack="0"/>
</pin_list>
<bind>
<opcode="add(8) " fcode="add"/>
<opset="tmp_3_1/2 "/>
</bind>
</comp>

<comp id="272" class="1004" name="stg_59_store_fu_272">
<pin_list>
<pin id="273" dir="0" index="0" bw="32" slack="0"/>
<pin id="274" dir="0" index="1" bw="32" slack="0"/>
<pin id="275" dir="1" index="2" bw="0" slack="2147483647"/>
</pin_list>
<bind>
<opcode="store(28) " fcode="store"/>
<opset="stg_59/2 "/>
</bind>
</comp>

<comp id="278" class="1004" name="tmp_4_fu_278">
<pin_list>
<pin id="279" dir="0" index="0" bw="32" slack="0"/>
<pin id="280" dir="1" index="1" bw="16" slack="0"/>
</pin_list>
<bind>
<opcode="trunc(33) " fcode="trunc"/>
<opset="tmp_4/2 "/>
</bind>
</comp>

<comp id="283" class="1004" name="acc_2_load_load_fu_283">
<pin_list>
<pin id="284" dir="0" index="0" bw="32" slack="0"/>
<pin id="285" dir="1" index="1" bw="32" slack="0"/>
</pin_list>
<bind>
<opcode="load(27) " fcode="load"/>
<opset="acc_2_load/2 "/>
</bind>
</comp>

<comp id="287" class="1004" name="tmp_2_2_fu_287">
<pin_list>
<pin id="288" dir="0" index="0" bw="16" slack="0"/>
<pin id="289" dir="1" index="1" bw="32" slack="0"/>
</pin_list>
<bind>
<opcode="sext(35) " fcode="sext"/>
<opset="tmp_2_2/2 "/>
</bind>
</comp>

<comp id="291" class="1004" name="tmp_3_2_fu_291">
<pin_list>
<pin id="292" dir="0" index="0" bw="16" slack="0"/>
<pin id="293" dir="0" index="1" bw="32" slack="0"/>
<pin id="294" dir="1" index="2" bw="32" slack="0"/>
</pin_list>
<bind>
<opcode="add(8) " fcode="add"/>
<opset="tmp_3_2/2 "/>
</bind>
</comp>

<comp id="297" class="1004" name="stg_66_store_fu_297">
<pin_list>
<pin id="298" dir="0" index="0" bw="32" slack="0"/>
<pin id="299" dir="0" index="1" bw="32" slack="0"/>
<pin id="300" dir="1" index="2" bw="0" slack="2147483647"/>
</pin_list>
<bind>
<opcode="store(28) " fcode="store"/>
<opset="stg_66/2 "/>
</bind>
</comp>

<comp id="303" class="1004" name="tmp_5_fu_303">
<pin_list>
<pin id="304" dir="0" index="0" bw="32" slack="0"/>
<pin id="305" dir="1" index="1" bw="16" slack="0"/>
</pin_list>
<bind>
<opcode="trunc(33) " fcode="trunc"/>
<opset="tmp_5/2 "/>
</bind>
</comp>

<comp id="308" class="1004" name="acc_3_load_load_fu_308">
<pin_list>
<pin id="309" dir="0" index="0" bw="32" slack="0"/>
<pin id="310" dir="1" index="1" bw="32" slack="0"/>
</pin_list>
<bind>
<opcode="load(27) " fcode="load"/>
<opset="acc_3_load/2 "/>
</bind>
</comp>

<comp id="312" class="1004" name="tmp_2_3_fu_312">
<pin_list>
<pin id="313" dir="0" index="0" bw="16" slack="0"/>
<pin id="314" dir="1" index="1" bw="32" slack="0"/>
</pin_list>
<bind>
<opcode="sext(35) " fcode="sext"/>
<opset="tmp_2_3/2 "/>
</bind>
</comp>

<comp id="316" class="1004" name="tmp_3_3_fu_316">
<pin_list>
<pin id="317" dir="0" index="0" bw="16" slack="0"/>
<pin id="318" dir="0" index="1" bw="32" slack="0"/>
<pin id="319" dir="1" index="2" bw="32" slack="0"/>
</pin_list>
<bind>
<opcode="add(8) " fcode="add"/>
<opset="tmp_3_3/2 "/>
</bind>
</comp>

<comp id="322" class="1004" name="stg_73_store_fu_322">
<pin_list>
<pin id="323" dir="0" index="0" bw="32" slack="0"/>
<pin id="324" dir="0" index="1" bw="32" slack="0"/>
<pin id="325" dir="1" index="2" bw="0" slack="2147483647"/>
</pin_list>
<bind>
<opcode="store(28) " fcode="store"/>
<opset="stg_73/2 "/>
</bind>
</comp>

<comp id="328" class="1004" name="tmp_6_fu_328">
<pin_list>
<pin id="329" dir="0" index="0" bw="32" slack="0"/>
<pin id="330" dir="1" index="1" bw="16" slack="0"/>
</pin_list>
<bind>
<opcode="trunc(33) " fcode="trunc"/>
<opset="tmp_6/2 "/>
</bind>
</comp>

<comp id="333" class="1004" name="acc_4_load_load_fu_333">
<pin_list>
<pin id="334" dir="0" index="0" bw="32" slack="0"/>
<pin id="335" dir="1" index="1" bw="32" slack="0"/>
</pin_list>
<bind>
<opcode="load(27) " fcode="load"/>
<opset="acc_4_load/2 "/>
</bind>
</comp>

<comp id="337" class="1004" name="tmp_2_4_fu_337">
<pin_list>
<pin id="338" dir="0" index="0" bw="16" slack="0"/>
<pin id="339" dir="1" index="1" bw="32" slack="0"/>
</pin_list>
<bind>
<opcode="sext(35) " fcode="sext"/>
<opset="tmp_2_4/2 "/>
</bind>
</comp>

<comp id="341" class="1004" name="tmp_3_4_fu_341">
<pin_list>
<pin id="342" dir="0" index="0" bw="16" slack="0"/>
<pin id="343" dir="0" index="1" bw="32" slack="0"/>
<pin id="344" dir="1" index="2" bw="32" slack="0"/>
</pin_list>
<bind>
<opcode="add(8) " fcode="add"/>
<opset="tmp_3_4/2 "/>
</bind>
</comp>

<comp id="347" class="1004" name="stg_80_store_fu_347">
<pin_list>
<pin id="348" dir="0" index="0" bw="32" slack="0"/>
<pin id="349" dir="0" index="1" bw="32" slack="0"/>
<pin id="350" dir="1" index="2" bw="0" slack="2147483647"/>
</pin_list>
<bind>
<opcode="store(28) " fcode="store"/>
<opset="stg_80/2 "/>
</bind>
</comp>

<comp id="353" class="1004" name="tmp_7_fu_353">
<pin_list>
<pin id="354" dir="0" index="0" bw="32" slack="0"/>
<pin id="355" dir="1" index="1" bw="16" slack="0"/>
</pin_list>
<bind>
<opcode="trunc(33) " fcode="trunc"/>
<opset="tmp_7/2 "/>
</bind>
</comp>

<comp id="358" class="1004" name="acc_5_load_load_fu_358">
<pin_list>
<pin id="359" dir="0" index="0" bw="32" slack="0"/>
<pin id="360" dir="1" index="1" bw="32" slack="0"/>
</pin_list>
<bind>
<opcode="load(27) " fcode="load"/>
<opset="acc_5_load/2 "/>
</bind>
</comp>

<comp id="362" class="1004" name="tmp_2_5_fu_362">
<pin_list>
<pin id="363" dir="0" index="0" bw="16" slack="0"/>
<pin id="364" dir="1" index="1" bw="32" slack="0"/>
</pin_list>
<bind>
<opcode="sext(35) " fcode="sext"/>
<opset="tmp_2_5/2 "/>
</bind>
</comp>

<comp id="366" class="1004" name="tmp_3_5_fu_366">
<pin_list>
<pin id="367" dir="0" index="0" bw="16" slack="0"/>
<pin id="368" dir="0" index="1" bw="32" slack="0"/>
<pin id="369" dir="1" index="2" bw="32" slack="0"/>
</pin_list>
<bind>
<opcode="add(8) " fcode="add"/>
<opset="tmp_3_5/2 "/>
</bind>
</comp>

<comp id="372" class="1004" name="stg_87_store_fu_372">
<pin_list>
<pin id="373" dir="0" index="0" bw="32" slack="0"/>
<pin id="374" dir="0" index="1" bw="32" slack="0"/>
<pin id="375" dir="1" index="2" bw="0" slack="2147483647"/>
</pin_list>
<bind>
<opcode="store(28) " fcode="store"/>
<opset="stg_87/2 "/>
</bind>
</comp>

<comp id="378" class="1004" name="tmp_8_fu_378">
<pin_list>
<pin id="379" dir="0" index="0" bw="32" slack="0"/>
<pin id="380" dir="1" index="1" bw="16" slack="0"/>
</pin_list>
<bind>
<opcode="trunc(33) " fcode="trunc"/>
<opset="tmp_8/2 "/>
</bind>
</comp>

<comp id="383" class="1004" name="acc_6_load_load_fu_383">
<pin_list>
<pin id="384" dir="0" index="0" bw="32" slack="0"/>
<pin id="385" dir="1" index="1" bw="32" slack="0"/>
</pin_list>
<bind>
<opcode="load(27) " fcode="load"/>
<opset="acc_6_load/2 "/>
</bind>
</comp>

<comp id="387" class="1004" name="tmp_2_6_fu_387">
<pin_list>
<pin id="388" dir="0" index="0" bw="16" slack="0"/>
<pin id="389" dir="1" index="1" bw="32" slack="0"/>
</pin_list>
<bind>
<opcode="sext(35) " fcode="sext"/>
<opset="tmp_2_6/2 "/>
</bind>
</comp>

<comp id="391" class="1004" name="tmp_3_6_fu_391">
<pin_list>
<pin id="392" dir="0" index="0" bw="16" slack="0"/>
<pin id="393" dir="0" index="1" bw="32" slack="0"/>
<pin id="394" dir="1" index="2" bw="32" slack="0"/>
</pin_list>
<bind>
<opcode="add(8) " fcode="add"/>
<opset="tmp_3_6/2 "/>
</bind>
</comp>

<comp id="397" class="1004" name="stg_94_store_fu_397">
<pin_list>
<pin id="398" dir="0" index="0" bw="32" slack="0"/>
<pin id="399" dir="0" index="1" bw="32" slack="0"/>
<pin id="400" dir="1" index="2" bw="0" slack="2147483647"/>
</pin_list>
<bind>
<opcode="store(28) " fcode="store"/>
<opset="stg_94/2 "/>
</bind>
</comp>

<comp id="403" class="1004" name="tmp_9_fu_403">
<pin_list>
<pin id="404" dir="0" index="0" bw="32" slack="0"/>
<pin id="405" dir="1" index="1" bw="16" slack="0"/>
</pin_list>
<bind>
<opcode="trunc(33) " fcode="trunc"/>
<opset="tmp_9/2 "/>
</bind>
</comp>

<comp id="408" class="1004" name="acc_7_load_load_fu_408">
<pin_list>
<pin id="409" dir="0" index="0" bw="32" slack="0"/>
<pin id="410" dir="1" index="1" bw="32" slack="0"/>
</pin_list>
<bind>
<opcode="load(27) " fcode="load"/>
<opset="acc_7_load/2 "/>
</bind>
</comp>

<comp id="412" class="1004" name="tmp_2_7_fu_412">
<pin_list>
<pin id="413" dir="0" index="0" bw="16" slack="0"/>
<pin id="414" dir="1" index="1" bw="32" slack="0"/>
</pin_list>
<bind>
<opcode="sext(35) " fcode="sext"/>
<opset="tmp_2_7/2 "/>
</bind>
</comp>

<comp id="416" class="1004" name="tmp_3_7_fu_416">
<pin_list>
<pin id="417" dir="0" index="0" bw="16" slack="0"/>
<pin id="418" dir="0" index="1" bw="32" slack="0"/>
<pin id="419" dir="1" index="2" bw="32" slack="0"/>
</pin_list>
<bind>
<opcode="add(8) " fcode="add"/>
<opset="tmp_3_7/2 "/>
</bind>
</comp>

<comp id="422" class="1004" name="stg_101_store_fu_422">
<pin_list>
<pin id="423" dir="0" index="0" bw="32" slack="0"/>
<pin id="424" dir="0" index="1" bw="32" slack="0"/>
<pin id="425" dir="1" index="2" bw="0" slack="2147483647"/>
</pin_list>
<bind>
<opcode="store(28) " fcode="store"/>
<opset="stg_101/2 "/>
</bind>
</comp>

<comp id="428" class="1004" name="tmp_10_fu_428">
<pin_list>
<pin id="429" dir="0" index="0" bw="32" slack="0"/>
<pin id="430" dir="1" index="1" bw="16" slack="0"/>
</pin_list>
<bind>
<opcode="trunc(33) " fcode="trunc"/>
<opset="tmp_10/2 "/>
</bind>
</comp>

<comp id="433" class="1004" name="i_1_7_fu_433">
<pin_list>
<pin id="434" dir="0" index="0" bw="5" slack="0"/>
<pin id="435" dir="0" index="1" bw="5" slack="0"/>
<pin id="436" dir="1" index="2" bw="6" slack="0"/>
</pin_list>
<bind>
<opcode="add(8) " fcode="add"/>
<opset="i_1_7/2 "/>
</bind>
</comp>

<comp id="439" class="1004" name="tmp_11_fu_439">
<pin_list>
<pin id="440" dir="0" index="0" bw="6" slack="0"/>
<pin id="441" dir="1" index="1" bw="5" slack="0"/>
</pin_list>
<bind>
<opcode="trunc(33) " fcode="trunc"/>
<opset="tmp_11/2 "/>
</bind>
</comp>

<comp id="443" class="1004" name="exitcond_fu_443">
<pin_list>
<pin id="444" dir="0" index="0" bw="6" slack="0"/>
<pin id="445" dir="0" index="1" bw="6" slack="0"/>
<pin id="446" dir="1" index="2" bw="1" slack="2147483647"/>
</pin_list>
<bind>
<opcode="icmp(45) " fcode="icmp"/>
<opset="exitcond/2 "/>
</bind>
</comp>

<comp id="449" class="1004" name="stg_108_fu_449">
<pin_list>
<pin id="450" dir="1" index="0" bw="0" slack="2147483647"/>
</pin_list>
<bind>
<opcode="return(1203) " fcode="return"/>
<opset="stg_108/2 "/>
</bind>
</comp>

<comp id="451" class="1005" name="tmp_11_reg_451">
<pin_list>
<pin id="452" dir="0" index="0" bw="5" slack="0"/>
<pin id="453" dir="1" index="1" bw="5" slack="0"/>
</pin_list>
<bind>
<opset="tmp_11 "/>
</bind>
</comp>

</comp_list>

<net_list>
<net id="100"><net_src comp="86" pin="0"/><net_sink comp="96" pin=0"/></net>

<net id="101"><net_src comp="16" pin="0"/><net_sink comp="96" pin=1"/></net>

<net id="107"><net_src comp="88" pin="0"/><net_sink comp="102" pin=0"/></net>

<net id="108"><net_src comp="0" pin="0"/><net_sink comp="102" pin=1"/></net>

<net id="113"><net_src comp="86" pin="0"/><net_sink comp="109" pin=0"/></net>

<net id="114"><net_src comp="18" pin="0"/><net_sink comp="109" pin=1"/></net>

<net id="120"><net_src comp="88" pin="0"/><net_sink comp="115" pin=0"/></net>

<net id="121"><net_src comp="2" pin="0"/><net_sink comp="115" pin=1"/></net>

<net id="126"><net_src comp="86" pin="0"/><net_sink comp="122" pin=0"/></net>

<net id="127"><net_src comp="20" pin="0"/><net_sink comp="122" pin=1"/></net>

<net id="133"><net_src comp="88" pin="0"/><net_sink comp="128" pin=0"/></net>

<net id="134"><net_src comp="4" pin="0"/><net_sink comp="128" pin=1"/></net>

<net id="139"><net_src comp="86" pin="0"/><net_sink comp="135" pin=0"/></net>

<net id="140"><net_src comp="22" pin="0"/><net_sink comp="135" pin=1"/></net>

<net id="146"><net_src comp="88" pin="0"/><net_sink comp="141" pin=0"/></net>

<net id="147"><net_src comp="6" pin="0"/><net_sink comp="141" pin=1"/></net>

<net id="152"><net_src comp="86" pin="0"/><net_sink comp="148" pin=0"/></net>

<net id="153"><net_src comp="24" pin="0"/><net_sink comp="148" pin=1"/></net>

<net id="159"><net_src comp="88" pin="0"/><net_sink comp="154" pin=0"/></net>

<net id="160"><net_src comp="8" pin="0"/><net_sink comp="154" pin=1"/></net>

<net id="165"><net_src comp="86" pin="0"/><net_sink comp="161" pin=0"/></net>

<net id="166"><net_src comp="26" pin="0"/><net_sink comp="161" pin=1"/></net>

<net id="172"><net_src comp="88" pin="0"/><net_sink comp="167" pin=0"/></net>

<net id="173"><net_src comp="10" pin="0"/><net_sink comp="167" pin=1"/></net>

<net id="178"><net_src comp="86" pin="0"/><net_sink comp="174" pin=0"/></net>

<net id="179"><net_src comp="28" pin="0"/><net_sink comp="174" pin=1"/></net>

<net id="185"><net_src comp="88" pin="0"/><net_sink comp="180" pin=0"/></net>

<net id="186"><net_src comp="12" pin="0"/><net_sink comp="180" pin=1"/></net>

<net id="191"><net_src comp="86" pin="0"/><net_sink comp="187" pin=0"/></net>

<net id="192"><net_src comp="30" pin="0"/><net_sink comp="187" pin=1"/></net>

<net id="198"><net_src comp="88" pin="0"/><net_sink comp="193" pin=0"/></net>

<net id="199"><net_src comp="14" pin="0"/><net_sink comp="193" pin=1"/></net>

<net id="203"><net_src comp="58" pin="0"/><net_sink comp="200" pin=0"/></net>

<net id="212"><net_src comp="200" pin="1"/><net_sink comp="204" pin=0"/></net>

<net id="213"><net_src comp="60" pin="0"/><net_sink comp="204" pin=2"/></net>

<net id="214"><net_src comp="58" pin="0"/><net_sink comp="204" pin=4"/></net>

<net id="218"><net_src comp="62" pin="0"/><net_sink comp="215" pin=0"/></net>

<net id="227"><net_src comp="215" pin="1"/><net_sink comp="219" pin=0"/></net>

<net id="228"><net_src comp="62" pin="0"/><net_sink comp="219" pin=4"/></net>

<net id="232"><net_src comp="219" pin="6"/><net_sink comp="229" pin=0"/></net>

<net id="236"><net_src comp="32" pin="0"/><net_sink comp="233" pin=0"/></net>

<net id="240"><net_src comp="96" pin="2"/><net_sink comp="237" pin=0"/></net>

<net id="245"><net_src comp="237" pin="1"/><net_sink comp="241" pin=0"/></net>

<net id="246"><net_src comp="233" pin="1"/><net_sink comp="241" pin=1"/></net>

<net id="251"><net_src comp="241" pin="2"/><net_sink comp="247" pin=0"/></net>

<net id="252"><net_src comp="32" pin="0"/><net_sink comp="247" pin=1"/></net>

<net id="256"><net_src comp="241" pin="2"/><net_sink comp="253" pin=0"/></net>

<net id="257"><net_src comp="253" pin="1"/><net_sink comp="102" pin=2"/></net>

<net id="261"><net_src comp="34" pin="0"/><net_sink comp="258" pin=0"/></net>

<net id="265"><net_src comp="109" pin="2"/><net_sink comp="262" pin=0"/></net>

<net id="270"><net_src comp="262" pin="1"/><net_sink comp="266" pin=0"/></net>

<net id="271"><net_src comp="258" pin="1"/><net_sink comp="266" pin=1"/></net>

<net id="276"><net_src comp="266" pin="2"/><net_sink comp="272" pin=0"/></net>

<net id="277"><net_src comp="34" pin="0"/><net_sink comp="272" pin=1"/></net>

<net id="281"><net_src comp="266" pin="2"/><net_sink comp="278" pin=0"/></net>

<net id="282"><net_src comp="278" pin="1"/><net_sink comp="115" pin=2"/></net>

<net id="286"><net_src comp="36" pin="0"/><net_sink comp="283" pin=0"/></net>

<net id="290"><net_src comp="122" pin="2"/><net_sink comp="287" pin=0"/></net>

<net id="295"><net_src comp="287" pin="1"/><net_sink comp="291" pin=0"/></net>

<net id="296"><net_src comp="283" pin="1"/><net_sink comp="291" pin=1"/></net>

<net id="301"><net_src comp="291" pin="2"/><net_sink comp="297" pin=0"/></net>

<net id="302"><net_src comp="36" pin="0"/><net_sink comp="297" pin=1"/></net>

<net id="306"><net_src comp="291" pin="2"/><net_sink comp="303" pin=0"/></net>

<net id="307"><net_src comp="303" pin="1"/><net_sink comp="128" pin=2"/></net>

<net id="311"><net_src comp="38" pin="0"/><net_sink comp="308" pin=0"/></net>

<net id="315"><net_src comp="135" pin="2"/><net_sink comp="312" pin=0"/></net>

<net id="320"><net_src comp="312" pin="1"/><net_sink comp="316" pin=0"/></net>

<net id="321"><net_src comp="308" pin="1"/><net_sink comp="316" pin=1"/></net>

<net id="326"><net_src comp="316" pin="2"/><net_sink comp="322" pin=0"/></net>

<net id="327"><net_src comp="38" pin="0"/><net_sink comp="322" pin=1"/></net>

<net id="331"><net_src comp="316" pin="2"/><net_sink comp="328" pin=0"/></net>

<net id="332"><net_src comp="328" pin="1"/><net_sink comp="141" pin=2"/></net>

<net id="336"><net_src comp="40" pin="0"/><net_sink comp="333" pin=0"/></net>

<net id="340"><net_src comp="148" pin="2"/><net_sink comp="337" pin=0"/></net>

<net id="345"><net_src comp="337" pin="1"/><net_sink comp="341" pin=0"/></net>

<net id="346"><net_src comp="333" pin="1"/><net_sink comp="341" pin=1"/></net>

<net id="351"><net_src comp="341" pin="2"/><net_sink comp="347" pin=0"/></net>

<net id="352"><net_src comp="40" pin="0"/><net_sink comp="347" pin=1"/></net>

<net id="356"><net_src comp="341" pin="2"/><net_sink comp="353" pin=0"/></net>

<net id="357"><net_src comp="353" pin="1"/><net_sink comp="154" pin=2"/></net>

<net id="361"><net_src comp="42" pin="0"/><net_sink comp="358" pin=0"/></net>

<net id="365"><net_src comp="161" pin="2"/><net_sink comp="362" pin=0"/></net>

<net id="370"><net_src comp="362" pin="1"/><net_sink comp="366" pin=0"/></net>

<net id="371"><net_src comp="358" pin="1"/><net_sink comp="366" pin=1"/></net>

<net id="376"><net_src comp="366" pin="2"/><net_sink comp="372" pin=0"/></net>

<net id="377"><net_src comp="42" pin="0"/><net_sink comp="372" pin=1"/></net>

<net id="381"><net_src comp="366" pin="2"/><net_sink comp="378" pin=0"/></net>

<net id="382"><net_src comp="378" pin="1"/><net_sink comp="167" pin=2"/></net>

<net id="386"><net_src comp="44" pin="0"/><net_sink comp="383" pin=0"/></net>

<net id="390"><net_src comp="174" pin="2"/><net_sink comp="387" pin=0"/></net>

<net id="395"><net_src comp="387" pin="1"/><net_sink comp="391" pin=0"/></net>

<net id="396"><net_src comp="383" pin="1"/><net_sink comp="391" pin=1"/></net>

<net id="401"><net_src comp="391" pin="2"/><net_sink comp="397" pin=0"/></net>

<net id="402"><net_src comp="44" pin="0"/><net_sink comp="397" pin=1"/></net>

<net id="406"><net_src comp="391" pin="2"/><net_sink comp="403" pin=0"/></net>

<net id="407"><net_src comp="403" pin="1"/><net_sink comp="180" pin=2"/></net>

<net id="411"><net_src comp="46" pin="0"/><net_sink comp="408" pin=0"/></net>

<net id="415"><net_src comp="187" pin="2"/><net_sink comp="412" pin=0"/></net>

<net id="420"><net_src comp="412" pin="1"/><net_sink comp="416" pin=0"/></net>

<net id="421"><net_src comp="408" pin="1"/><net_sink comp="416" pin=1"/></net>

<net id="426"><net_src comp="416" pin="2"/><net_sink comp="422" pin=0"/></net>

<net id="427"><net_src comp="46" pin="0"/><net_sink comp="422" pin=1"/></net>

<net id="431"><net_src comp="416" pin="2"/><net_sink comp="428" pin=0"/></net>

<net id="432"><net_src comp="428" pin="1"/><net_sink comp="193" pin=2"/></net>

<net id="437"><net_src comp="92" pin="0"/><net_sink comp="433" pin=0"/></net>

<net id="438"><net_src comp="229" pin="1"/><net_sink comp="433" pin=1"/></net>

<net id="442"><net_src comp="433" pin="2"/><net_sink comp="439" pin=0"/></net>

<net id="447"><net_src comp="433" pin="2"/><net_sink comp="443" pin=0"/></net>

<net id="448"><net_src comp="94" pin="0"/><net_sink comp="443" pin=1"/></net>

<net id="454"><net_src comp="439" pin="1"/><net_sink comp="451" pin=0"/></net>

<net id="455"><net_src comp="451" pin="1"/><net_sink comp="219" pin=2"/></net>

</net_list>

</model> 
---------------- Datapath Model END ------------------

* FSMD analyzer results:
  - Output states:
	Port: d_o_0 | {2 }
	Port: d_o_1 | {2 }
	Port: d_o_2 | {2 }
	Port: d_o_3 | {2 }
	Port: d_o_4 | {2 }
	Port: d_o_5 | {2 }
	Port: d_o_6 | {2 }
	Port: d_o_7 | {2 }
	Port: acc_0 | {2 }
	Port: acc_1 | {2 }
	Port: acc_2 | {2 }
	Port: acc_3 | {2 }
	Port: acc_4 | {2 }
	Port: acc_5 | {2 }
	Port: acc_6 | {2 }
	Port: acc_7 | {2 }
 - Input state : 
	Port: axi_interfaces : d_i_0 | {2 }
	Port: axi_interfaces : d_i_1 | {2 }
	Port: axi_interfaces : d_i_2 | {2 }
	Port: axi_interfaces : d_i_3 | {2 }
	Port: axi_interfaces : d_i_4 | {2 }
	Port: axi_interfaces : d_i_5 | {2 }
	Port: axi_interfaces : d_i_6 | {2 }
	Port: axi_interfaces : d_i_7 | {2 }
	Port: axi_interfaces : acc_0 | {2 }
	Port: axi_interfaces : acc_1 | {2 }
	Port: axi_interfaces : acc_2 | {2 }
	Port: axi_interfaces : acc_3 | {2 }
	Port: axi_interfaces : acc_4 | {2 }
	Port: axi_interfaces : acc_5 | {2 }
	Port: axi_interfaces : acc_6 | {2 }
	Port: axi_interfaces : acc_7 | {2 }
  - Chain level:
	State 1
	State 2
		stg_23 : 1
		i1_cast : 1
		tmp_3 : 1
		stg_51 : 2
		tmp_1 : 2
		stg_53 : 3
		empty_2 : 1
		tmp_3_1 : 1
		stg_59 : 2
		tmp_4 : 2
		stg_61 : 3
		tmp_3_2 : 1
		stg_66 : 2
		tmp_5 : 2
		stg_68 : 3
		tmp_3_3 : 1
		stg_73 : 2
		tmp_6 : 2
		stg_75 : 3
		tmp_3_4 : 1
		stg_80 : 2
		tmp_7 : 2
		stg_82 : 3
		tmp_3_5 : 1
		stg_87 : 2
		tmp_8 : 2
		stg_89 : 3
		tmp_3_6 : 1
		stg_94 : 2
		tmp_9 : 2
		stg_96 : 3
		tmp_3_7 : 1
		stg_101 : 2
		tmp_10 : 2
		stg_103 : 3
		i_1_7 : 2
		tmp_11 : 3
		exitcond : 3
		stg_107 : 4


============================================================
+ Verbose Summary: Datapath Resource usage 
============================================================

* Functional unit list:
|----------|------------------------|---------|---------|
| Operation|     Functional Unit    |    FF   |   LUT   |
|----------|------------------------|---------|---------|
|          |      tmp_3_fu_241      |    0    |    32   |
|          |     tmp_3_1_fu_266     |    0    |    32   |
|          |     tmp_3_2_fu_291     |    0    |    32   |
|          |     tmp_3_3_fu_316     |    0    |    32   |
|    add   |     tmp_3_4_fu_341     |    0    |    32   |
|          |     tmp_3_5_fu_366     |    0    |    32   |
|          |     tmp_3_6_fu_391     |    0    |    32   |
|          |     tmp_3_7_fu_416     |    0    |    32   |
|          |      i_1_7_fu_433      |    0    |    5    |
|----------|------------------------|---------|---------|
|   icmp   |     exitcond_fu_443    |    0    |    3    |
|----------|------------------------|---------|---------|
|          |  d_i_0_read_read_fu_96 |    0    |    0    |
|          | d_i_1_read_read_fu_109 |    0    |    0    |
|          | d_i_2_read_read_fu_122 |    0    |    0    |
|   read   | d_i_3_read_read_fu_135 |    0    |    0    |
|          | d_i_4_read_read_fu_148 |    0    |    0    |
|          | d_i_5_read_read_fu_161 |    0    |    0    |
|          | d_i_6_read_read_fu_174 |    0    |    0    |
|          | d_i_7_read_read_fu_187 |    0    |    0    |
|----------|------------------------|---------|---------|
|          |   stg_53_write_fu_102  |    0    |    0    |
|          |   stg_61_write_fu_115  |    0    |    0    |
|          |   stg_68_write_fu_128  |    0    |    0    |
|   write  |   stg_75_write_fu_141  |    0    |    0    |
|          |   stg_82_write_fu_154  |    0    |    0    |
|          |   stg_89_write_fu_167  |    0    |    0    |
|          |   stg_96_write_fu_180  |    0    |    0    |
|          |  stg_103_write_fu_193  |    0    |    0    |
|----------|------------------------|---------|---------|
|   zext   |     i1_cast_fu_229     |    0    |    0    |
|----------|------------------------|---------|---------|
|          |      tmp_2_fu_237      |    0    |    0    |
|          |     tmp_2_1_fu_262     |    0    |    0    |
|          |     tmp_2_2_fu_287     |    0    |    0    |
|   sext   |     tmp_2_3_fu_312     |    0    |    0    |
|          |     tmp_2_4_fu_337     |    0    |    0    |
|          |     tmp_2_5_fu_362     |    0    |    0    |
|          |     tmp_2_6_fu_387     |    0    |    0    |
|          |     tmp_2_7_fu_412     |    0    |    0    |
|----------|------------------------|---------|---------|
|          |      tmp_1_fu_253      |    0    |    0    |
|          |      tmp_4_fu_278      |    0    |    0    |
|          |      tmp_5_fu_303      |    0    |    0    |
|          |      tmp_6_fu_328      |    0    |    0    |
|   trunc  |      tmp_7_fu_353      |    0    |    0    |
|          |      tmp_8_fu_378      |    0    |    0    |
|          |      tmp_9_fu_403      |    0    |    0    |
|          |      tmp_10_fu_428     |    0    |    0    |
|          |      tmp_11_fu_439     |    0    |    0    |
|----------|------------------------|---------|---------|
|  return  |     stg_108_fu_449     |    0    |    0    |
|----------|------------------------|---------|---------|
|   Total  |                        |    0    |   264   |
|----------|------------------------|---------|---------|

Memories:
N/A

* Register list:
+---------------+--------+
|               |   FF   |
+---------------+--------+
|do_init_reg_200|    1   |
|   i1_reg_215  |    5   |
| tmp_11_reg_451|    5   |
+---------------+--------+
|     Total     |   11   |
+---------------+--------+

* Multiplexer (MUX) list: 
|--------|------|------|------|--------|
|  Comp  |  Pin | Size |  BW  | S x BW |
|--------|------|------|------|--------|
|  Total |      |      |      |    0   |
|--------|------|------|------|--------|



* Summary:
+-----------+--------+--------+
|           |   FF   |   LUT  |
+-----------+--------+--------+
|  Function |    0   |   264  |
|   Memory  |    -   |    -   |
|Multiplexer|    -   |    -   |
|  Register |   11   |    -   |
+-----------+--------+--------+
|   Total   |   11   |   264  |
+-----------+--------+--------+
