@I [HLS-0] Workspace C:/training/hls/labs/improve_performance/yuv_filter_prj/solution2 opened at Fri Jun 10 18:37:18 +0530 2016
@I [HLS-100] Command "config_clock -quiet -name default -period 10 -default=false "
@I [SYN-201] Setting up clock 'default' with a period of 10ns.
@I [HLS-100] Command 'config_clock' returned 0; elapsed 0Total elapsed time: 1.898 sec.
@I [HLS-100] Command "open_platform DefaultPlatform "
@I [HLS-100] Command 'open_platform' returned 0; elapsed 0Total elapsed time: 1.901 sec.
@I [HLS-100] Command "import_lib C:/Xilinx/Vivado_HLS/2016.1/common/technology/xilinx/zynq/zynq "
@I [HLS-100] Command "source C:/Xilinx/Vivado_HLS/2016.1/common/technology/xilinx/common/xilinx.lib "
@I [HLS-100] Command "source C:/Xilinx/Vivado_HLS/2016.1/common/technology/xilinx/interface/xilinx_interface.lib "
@I [HLS-100] Command "source C:/Xilinx/Vivado_HLS/2016.1/common/technology/xilinx/interface/plb46.lib "
@I [HLS-100] Command 'ap_source' returned 0; elapsed 0.003Total elapsed time: 1.906 sec.
@I [HLS-100] Command "source C:/Xilinx/Vivado_HLS/2016.1/common/technology/xilinx/interface/fsl.lib "
@I [HLS-100] Command 'ap_source' returned 0; elapsed 0Total elapsed time: 1.906 sec.
@I [HLS-100] Command "source C:/Xilinx/Vivado_HLS/2016.1/common/technology/xilinx/interface/axi4.lib "
@I [HLS-100] Command 'ap_source' returned 0; elapsed 0Total elapsed time: 1.908 sec.
@I [HLS-100] Command "source C:/Xilinx/Vivado_HLS/2016.1/common/technology/xilinx/interface/maxi.lib "
@I [HLS-100] Command 'ap_source' returned 0; elapsed 0Total elapsed time: 1.911 sec.
@I [HLS-100] Command "source C:/Xilinx/Vivado_HLS/2016.1/common/technology/xilinx/interface/saxilite.lib "
@I [HLS-100] Command 'ap_source' returned 0; elapsed 0.002Total elapsed time: 1.913 sec.
@I [HLS-100] Command 'ap_source' returned 0; elapsed 0.01Total elapsed time: 1.913 sec.
@I [HLS-100] Command "source C:/Xilinx/Vivado_HLS/2016.1/common/technology/xilinx/common/dsp48.lib "
@I [HLS-100] Command 'ap_source' returned 0; elapsed 0.003Total elapsed time: 1.916 sec.
@I [HLS-100] Command "source C:/Xilinx/Vivado_HLS/2016.1/common/technology/xilinx/ip/dds_compiler.lib "
@I [HLS-100] Command 'ap_source' returned 0; elapsed 0.002Total elapsed time: 1.918 sec.
@I [HLS-100] Command "source C:/Xilinx/Vivado_HLS/2016.1/common/technology/xilinx/ip/xfft.lib "
@I [HLS-100] Command 'ap_source' returned 0; elapsed 0Total elapsed time: 1.918 sec.
@I [HLS-100] Command "source C:/Xilinx/Vivado_HLS/2016.1/common/technology/xilinx/ip/xfir.lib "
@I [HLS-100] Command 'ap_source' returned 0; elapsed 0.003Total elapsed time: 1.921 sec.
@I [HLS-100] Command 'ap_source' returned 0; elapsed 0.018Total elapsed time: 1.921 sec.
@I [HLS-100] Command "source C:/Xilinx/Vivado_HLS/2016.1/common/technology/xilinx/common/xilinx_old.lib "
@I [HLS-100] Command 'ap_source' returned 0; elapsed 0.003Total elapsed time: 1.926 sec.
@I [HLS-100] Command "source C:/Xilinx/Vivado_HLS/2016.1/common/technology/xilinx/common/xilinx_vivado.lib "
@I [HLS-100] Command 'ap_source' returned 0; elapsed 0Total elapsed time: 1.926 sec.
@I [HLS-100] Command "source C:/Xilinx/Vivado_HLS/2016.1/common/technology/xilinx/common/xilinx.hlp "
@I [HLS-100] Command "source C:/Xilinx/Vivado_HLS/2016.1/common/technology/xilinx/common/target_info.tcl "
@I [HLS-100] Command 'ap_source' returned 0; elapsed 0.002Total elapsed time: 1.948 sec.
@I [HLS-100] Command "source C:/Xilinx/Vivado_HLS/2016.1/common/technology/xilinx/interface/xilinx_interface.hlp "
@I [HLS-100] Command "source C:/Xilinx/Vivado_HLS/2016.1/common/technology/xilinx/interface/maxi.hlp "
@I [HLS-100] Command 'ap_source' returned 0; elapsed 0.003Total elapsed time: 1.951 sec.
@I [HLS-100] Command "source C:/Xilinx/Vivado_HLS/2016.1/common/technology/xilinx/interface/saxilite.hlp "
@I [HLS-100] Command 'ap_source' returned 0; elapsed 0Total elapsed time: 1.951 sec.
@I [HLS-100] Command 'ap_source' returned 0; elapsed 0.003Total elapsed time: 1.951 sec.
@I [HLS-100] Command "source C:/Xilinx/Vivado_HLS/2016.1/common/technology/xilinx/common/dsp48.hlp "
@I [HLS-100] Command 'ap_source' returned 0; elapsed 0.002Total elapsed time: 1.953 sec.
@I [HLS-100] Command 'ap_source' returned 0; elapsed 0.017Total elapsed time: 1.953 sec.
@I [HLS-100] Command "source C:/Xilinx/Vivado_HLS/2016.1/common/technology/xilinx/zynq/dsp48e1.hlp "
@I [HLS-100] Command 'ap_source' returned 0; elapsed 0Total elapsed time: 1.956 sec.
@I [HLS-100] Command "get_default_platform "
@I [HLS-100] Command 'get_default_platform' returned 0; elapsed 0Total elapsed time: 1.956 sec.
@I [HLS-100] Command "config_chip_info -quiet -resource  {SLICE 13300}  {LUT 53200}     {FF 106400} {DSP48E 220}   {BRAM 280}  "
@I [HLS-100] Command 'config_chip_info' returned 0; elapsed 0Total elapsed time: 1.956 sec.
@I [HLS-100] Command "config_chip_info -quiet -speed medium "
@I [HLS-100] Command 'config_chip_info' returned 0; elapsed 0Total elapsed time: 1.958 sec.
@I [HLS-100] Command 'import_lib' returned 0; elapsed 0.06Total elapsed time: 1.961 sec.
@I [HLS-100] Command "source C:/Xilinx/Vivado_HLS/2016.1/common/technology/xilinx/zynq/zynq.gen "
@I [HLS-100] Command "source C:/Xilinx/Vivado_HLS/2016.1/common/technology/xilinx/common/virtex.gen "
@I [HLS-100] Command "source C:/Xilinx/Vivado_HLS/2016.1/common/technology/xilinx/common/xilinx.gen "
@I [HLS-100] Command "source C:/Xilinx/Vivado_HLS/2016.1/common/technology/xilinx/interface/plb46.gen "
@I [HLS-100] Command 'ap_source' returned 0; elapsed 0.002Total elapsed time: 1.968 sec.
@I [HLS-100] Command "source C:/Xilinx/Vivado_HLS/2016.1/common/technology/xilinx/interface/fsl.gen "
@I [HLS-100] Command 'ap_source' returned 0; elapsed 0Total elapsed time: 1.968 sec.
@I [HLS-100] Command "source C:/Xilinx/Vivado_HLS/2016.1/common/technology/xilinx/interface/axi4.gen "
@I [HLS-100] Command 'ap_source' returned 0; elapsed 0.002Total elapsed time: 1.973 sec.
@I [HLS-100] Command "source C:/Xilinx/Vivado_HLS/2016.1/common/technology/xilinx/interface/nativeAXI4.gen "
@I [HLS-100] Command "source C:/Xilinx/Vivado_HLS/2016.1/common/technology/xilinx/interface/saxilite.gen "
@I [HLS-100] Command 'ap_source' returned 0; elapsed 0.005Total elapsed time: 1.981 sec.
@I [HLS-100] Command "source C:/Xilinx/Vivado_HLS/2016.1/common/technology/xilinx/interface/maxi.gen "
@I [HLS-100] Command 'ap_source' returned 0; elapsed 0.012Total elapsed time: 1.993 sec.
@I [HLS-100] Command 'ap_source' returned 0; elapsed 0.02Total elapsed time: 1.993 sec.
@I [HLS-100] Command "source C:/Xilinx/Vivado_HLS/2016.1/common/technology/xilinx/scripts/xilinxcoregen.gen "
@I [HLS-100] Command 'ap_source' returned 0; elapsed 0.015Total elapsed time: 2.11 sec.
@I [HLS-100] Command "source C:/Xilinx/Vivado_HLS/2016.1/common/technology/xilinx/interface/XilEDKCoreGen.gen "
@I [HLS-100] Command 'ap_source' returned 0; elapsed 0.01Total elapsed time: 2.21 sec.
@I [HLS-100] Command "source C:/Xilinx/Vivado_HLS/2016.1/common/technology/xilinx/ip/dds_compiler.gen "
@I [HLS-100] Command 'ap_source' returned 0; elapsed 0.005Total elapsed time: 2.31 sec.
@I [HLS-100] Command "source C:/Xilinx/Vivado_HLS/2016.1/common/technology/xilinx/ip/util.gen "
@I [HLS-100] Command 'ap_source' returned 0; elapsed 0Total elapsed time: 2.31 sec.
@I [HLS-100] Command "source C:/Xilinx/Vivado_HLS/2016.1/common/technology/xilinx/ip/xfft.gen "
@I [HLS-100] Command 'ap_source' returned 0; elapsed 0.178Total elapsed time: 2.211 sec.
@I [HLS-100] Command "source C:/Xilinx/Vivado_HLS/2016.1/common/technology/xilinx/ip/xfir.gen "
@I [HLS-100] Command 'ap_source' returned 0; elapsed 0Total elapsed time: 2.211 sec.
@I [HLS-100] Command 'ap_source' returned 0; elapsed 0.247Total elapsed time: 2.213 sec.
@I [HLS-100] Command "source C:/Xilinx/Vivado_HLS/2016.1/common/technology/xilinx/common/dsp48.gen "
@I [HLS-100] Command 'ap_source' returned 0; elapsed 0Total elapsed time: 2.216 sec.
@I [HLS-100] Command 'ap_source' returned 0; elapsed 0.253Total elapsed time: 2.216 sec.
@I [HLS-100] Command 'ap_source' returned 0; elapsed 0.255Total elapsed time: 2.216 sec.
@I [HLS-100] Command "open_platform DefaultPlatform "
@I [HLS-100] Command 'open_platform' returned 0; elapsed 0Total elapsed time: 2.216 sec.
@I [HLS-100] Command "import_lib C:/Xilinx/Vivado_HLS/2016.1/common/technology/xilinx/zynq/zynq_fpv6 "
@I [HLS-100] Command "source C:/Xilinx/Vivado_HLS/2016.1/common/technology/xilinx/common/xilinx_fpv7.lib "
@I [HLS-100] Command "source C:/Xilinx/Vivado_HLS/2016.1/common/technology/xilinx/common/xilinx_hp.lib "
@I [HLS-100] Command 'ap_source' returned 0; elapsed 0Total elapsed time: 2.218 sec.
@I [HLS-100] Command 'ap_source' returned 0; elapsed 0.003Total elapsed time: 2.221 sec.
@I [HLS-100] Command "source C:/Xilinx/Vivado_HLS/2016.1/common/technology/xilinx/common/xilinx_fpv.hlp "
@I [HLS-100] Command "source C:/Xilinx/Vivado_HLS/2016.1/common/technology/xilinx/common/xilinx.hlp "
@I [HLS-100] Command "source C:/Xilinx/Vivado_HLS/2016.1/common/technology/xilinx/common/target_info.tcl "
@I [HLS-100] Command 'ap_source' returned 0; elapsed 0.005Total elapsed time: 2.241 sec.
@I [HLS-100] Command "source C:/Xilinx/Vivado_HLS/2016.1/common/technology/xilinx/interface/xilinx_interface.hlp "
@I [HLS-100] Command "source C:/Xilinx/Vivado_HLS/2016.1/common/technology/xilinx/interface/maxi.hlp "
@I [HLS-100] Command 'ap_source' returned 0; elapsed 0Total elapsed time: 2.241 sec.
@I [HLS-100] Command "source C:/Xilinx/Vivado_HLS/2016.1/common/technology/xilinx/interface/saxilite.hlp "
@I [HLS-100] Command 'ap_source' returned 0; elapsed 0.002Total elapsed time: 2.243 sec.
@I [HLS-100] Command 'ap_source' returned 0; elapsed 0.002Total elapsed time: 2.243 sec.
@I [HLS-100] Command "source C:/Xilinx/Vivado_HLS/2016.1/common/technology/xilinx/common/dsp48.hlp "
@I [HLS-100] Command 'ap_source' returned 0; elapsed 0Total elapsed time: 2.243 sec.
@I [HLS-100] Command 'ap_source' returned 0; elapsed 0.01Total elapsed time: 2.246 sec.
@I [HLS-100] Command 'ap_source' returned 0; elapsed 0.018Total elapsed time: 2.246 sec.
@I [HLS-100] Command "source C:/Xilinx/Vivado_HLS/2016.1/common/technology/xilinx/zynq/zynq_hp.hlp "
@I [HLS-100] Command 'ap_source' returned 0; elapsed 0.002Total elapsed time: 2.248 sec.
@I [HLS-100] Command 'import_lib' returned 0; elapsed 0.035Total elapsed time: 2.253 sec.
@I [HLS-100] Command "source C:/Xilinx/Vivado_HLS/2016.1/common/technology/xilinx/zynq/zynq_fpv6.gen "
@I [HLS-100] Command "source C:/Xilinx/Vivado_HLS/2016.1/common/technology/xilinx/common/xilinx_fpv6.gen "
@I [HLS-100] Command 'ap_source' returned 0; elapsed 0.003Total elapsed time: 2.256 sec.
@I [HLS-100] Command 'ap_source' returned 0; elapsed 0.005Total elapsed time: 2.258 sec.
@I [HLS-100] Command "set_part xc7z020clg484-1 "
@I [HLS-100] Command "add_library xilinx/zynq/zynq:xc7z020:clg484:-1 "
@I [HLS-100] Command "get_default_platform "
@I [HLS-100] Command 'get_default_platform' returned 0; elapsed 0Total elapsed time: 2.266 sec.
@I [HLS-100] Command "license_isbetapart xc7z020 "
@I [HLS-100] Command 'license_isbetapart' returned 1; elapsed 0.063Total elapsed time: 2.331 sec.
@I [HLS-100] Command "get_default_platform "
@I [HLS-100] Command 'get_default_platform' returned 0; elapsed 0Total elapsed time: 2.333 sec.
@I [HLS-100] Command "config_chip_info -quiet -resource  {SLICE 13300}  {LUT 53200}     {FF 106400} {DSP48E 220}   {BRAM 280}  "
@I [HLS-100] Command 'config_chip_info' returned 0; elapsed 0Total elapsed time: 2.333 sec.
@I [HLS-100] Command "config_chip_info -quiet -speed slow "
@I [HLS-100] Command 'config_chip_info' returned 0; elapsed 0Total elapsed time: 2.333 sec.
@I [HLS-100] Command 'add_library' returned 0; elapsed 0.08Total elapsed time: 2.346 sec.
@I [HLS-100] Command "add_library xilinx/zynq/zynq_fpv6 "
@I [HLS-100] Command "get_default_platform "
@I [HLS-100] Command 'get_default_platform' returned 0; elapsed 0Total elapsed time: 2.351 sec.
@I [HLS-100] Command 'add_library' returned 0; elapsed 0.007Total elapsed time: 2.353 sec.
@I [HLS-10] Setting target device to 'xc7z020clg484-1'
@I [HLS-100] Command 'set_part' returned 0; elapsed 0.098Total elapsed time: 2.356 sec.
@I [HLS-100] Command "get_default_platform "
@I [HLS-100] Command 'get_default_platform' returned 0; elapsed 0Total elapsed time: 2.356 sec.
@I [HLS-100] Command "config_chip_info -quiet -resource  {SLICE 13300}  {LUT 53200}     {FF 106400} {DSP48E 220}   {BRAM 280}  "
@I [HLS-100] Command 'config_chip_info' returned 0; elapsed 0Total elapsed time: 2.356 sec.
@I [HLS-100] Command "config_chip_info -quiet -speed slow "
@I [HLS-100] Command 'config_chip_info' returned 0; elapsed 0Total elapsed time: 2.358 sec.
@I [HLS-100] Command 'open_solution' returned 0; elapsed 0.513Total elapsed time: 2.361 sec.
@I [HLS-100] Command "set_part xc7z020clg484-1 "
@I [HLS-100] Command "add_library xilinx/zynq/zynq:xc7z020:clg484:-1 "
@I [HLS-100] Command "get_default_platform "
@I [HLS-100] Command 'get_default_platform' returned 0; elapsed 0Total elapsed time: 2.366 sec.
@I [HLS-100] Command "license_isbetapart xc7z020 "
@I [HLS-100] Command 'license_isbetapart' returned 1; elapsed 0Total elapsed time: 2.368 sec.
@I [HLS-100] Command "get_default_platform "
@I [HLS-100] Command 'get_default_platform' returned 0; elapsed 0Total elapsed time: 2.368 sec.
@I [HLS-100] Command "config_chip_info -quiet -resource  {SLICE 13300}  {LUT 53200}     {FF 106400} {DSP48E 220}   {BRAM 280}  "
@I [HLS-100] Command 'config_chip_info' returned 0; elapsed 0Total elapsed time: 2.371 sec.
@I [HLS-100] Command "config_chip_info -quiet -speed slow "
@I [HLS-100] Command 'config_chip_info' returned 0; elapsed 0Total elapsed time: 2.371 sec.
@I [HLS-100] Command 'add_library' returned 0; elapsed 0.015Total elapsed time: 2.381 sec.
@I [HLS-100] Command "add_library xilinx/zynq/zynq_fpv6 "
@I [HLS-100] Command "get_default_platform "
@I [HLS-100] Command 'get_default_platform' returned 0; elapsed 0Total elapsed time: 2.388 sec.
@I [HLS-100] Command 'add_library' returned 0; elapsed 0.01Total elapsed time: 2.393 sec.
@I [HLS-100] Command 'set_part' returned 0; elapsed 0.032Total elapsed time: 2.393 sec.
@I [HLS-100] Command "create_clock -period 10 -name default "
@I [HLS-100] Command 'create_clock' returned 0; elapsed 0.005Total elapsed time: 2.398 sec.
@I [HLS-100] Command "source ./yuv_filter_prj/solution2/directives.tcl "
@I [HLS-100] Command "set_directive_inline -off yuv_filter "
@I [HLS-0] Setting directive 'INLINE' off=positionBoolean1 
@I [HLS-100] Command 'set_directive_inline' returned 0; elapsed 0.005Total elapsed time: 2.406 sec.
@I [HLS-100] Command "set_directive_pipeline yuv_scale/YUV_SCALE_LOOP_Y "
@I [HLS-0] Setting directive 'INLINE' off=positionBoolean1 
@I [HLS-0] Setting directive 'PIPELINE' 
@I [HLS-100] Command 'set_directive_pipeline' returned 0; elapsed 0.007Total elapsed time: 2.413 sec.
@I [HLS-100] Command "set_directive_pipeline yuv2rgb/YUV2RGB_LOOP_Y "
@I [HLS-0] Setting directive 'INLINE' off=positionBoolean1 
@I [HLS-0] Setting directive 'PIPELINE' 
@I [HLS-0] Setting directive 'PIPELINE' 
@I [HLS-100] Command 'set_directive_pipeline' returned 0; elapsed 0.01Total elapsed time: 2.426 sec.
@I [HLS-100] Command "set_directive_pipeline rgb2yuv/RGB2YUV_LOOP_Y "
@I [HLS-0] Setting directive 'INLINE' off=positionBoolean1 
@I [HLS-0] Setting directive 'PIPELINE' 
@I [HLS-0] Setting directive 'PIPELINE' 
@I [HLS-0] Setting directive 'PIPELINE' 
@I [HLS-100] Command 'set_directive_pipeline' returned 0; elapsed 0.005Total elapsed time: 2.433 sec.
@I [HLS-100] Command 'ap_source' returned 0; elapsed 0.035Total elapsed time: 2.433 sec.
@I [HLS-100] Command "csynth_design "
@I [HLS-100] Command "elaborate -effort=medium -skip_syncheck=0 -keep_printf=0 -lm=0 -skip_cdt=0 -skip_transform=0 -ng=0 -g=0 -opt_fp=0 "
@I [HLS-10] Analyzing design file 'yuv_filter.c' ... 
@0 [HLS-0] Analyzing design file 'yuv_filter.c' ... 
@I [HLS-0] Compiling one TU...
@I [HLS-0] 
Checking before pre-process: exec clang -fno-limit-debug-info -gcc-toolchain "C:/Xilinx/Vivado_HLS/2016.1/msys" -hls    -fno-math-errno -c -emit-llvm -O0  -mllvm -disable-llvm-optzns -std=gnu89   -DAESL_SYN -D__SYNTHESIS__ -D__HLS_SYN__ -I "C:/Xilinx/Vivado_HLS/2016.1/common/technology/autopilot" -I "C:/Xilinx/Vivado_HLS/2016.1/common/technology/autopilot/ap_sysc" -include etc/autopilot_ssdm_op.h -D__cdecl=  "yuv_filter.c"  -o "C:/training/hls/labs/improve_performance/yuv_filter_prj/solution2/.autopilot/db/yuv_filter.pp.00.o"

@I [HLS-100] Command "is_encrypted C:/training/hls/labs/improve_performance/yuv_filter_prj/solution2/.autopilot/db/yuv_filter.pp.00.o "
@I [HLS-100] Command 'is_encrypted' returned 0; elapsed 0Total elapsed time: 2.891 sec.
@I [HLS-0] Syntax Checker time: 0 seconds per iteration
@I [HLS-0] 
Source preprocessing: exec clang -fno-limit-debug-info -gcc-toolchain "C:/Xilinx/Vivado_HLS/2016.1/msys" -hls -fno-exceptions  -D__llvm__  -CC -E "yuv_filter.c"     -fno-math-errno -c -emit-llvm -O0  -mllvm -disable-llvm-optzns -std=gnu89   -DAESL_SYN -D__SYNTHESIS__ -D__HLS_SYN__ -I "C:/Xilinx/Vivado_HLS/2016.1/common/technology/autopilot" -I "C:/Xilinx/Vivado_HLS/2016.1/common/technology/autopilot/ap_sysc" -include etc/autopilot_ssdm_op.h -D__cdecl=  -o "C:/training/hls/labs/improve_performance/yuv_filter_prj/solution2/.autopilot/db/yuv_filter.pp.0.c"

@I [HLS-0] GCC PP time: 0 seconds per iteration
@I [HLS-0] Setting directive 'INLINE' off=positionBoolean1 
@I [HLS-0] Setting directive 'PIPELINE' 
@I [HLS-0] Setting directive 'PIPELINE' 
@I [HLS-0] Setting directive 'PIPELINE' 
@I [HLS-100] Command "list_core -type functional_unit "
@I [HLS-100] Command 'list_core' returned 0; elapsed 0Total elapsed time: 3.243 sec.
@I [HLS-0] Marker-Pragma convertor: C:/training/hls/labs/improve_performance/yuv_filter_prj/solution2/.autopilot/db/yuv_filter.pp.0.c C:/training/hls/labs/improve_performance/yuv_filter_prj/solution2/.autopilot/db/yuv_filter.pp.0.c.ap-line.c C:/training/hls/labs/improve_performance/yuv_filter_prj/solution2/.autopilot/db/yuv_filter.pp.0.c.ap-line.c.CXX 1
@I [HLS-0] 
Source processor: exec C:/Xilinx/Vivado_HLS/2016.1/tps/win64/jre/bin/java -Xmx512m -classpath   "C:/Xilinx/Vivado_HLS/2016.1/lib/classes/autopilot.sourceprocessor.jar;C:/Xilinx/Vivado_HLS/2016.1/lib/classes/org.eclipse.cdt.core_5.3.0.xilinx_patch.jar;C:/Xilinx/Vivado_HLS/2016.1/lib/classes/org.eclipse.core.runtime_3.7.0.v20110110.jar;C:/Xilinx/Vivado_HLS/2016.1/lib/classes/org.eclipse.equinox.common_3.6.0.v20110523.jar;C:/Xilinx/Vivado_HLS/2016.1/lib/classes/com.ibm.icu_4.4.2.v20110208.jar;C:/Xilinx/Vivado_HLS/2016.1/lib/classes/jargs.jar;C:/Xilinx/Vivado_HLS/2016.1/win64/tools/eclipse/plugins/org.eclipse.emf.common_2.10.1.v20150123-0348.jar;C:/Xilinx/Vivado_HLS/2016.1/win64/tools/eclipse/plugins/org.eclipse.emf.ecore_2.10.2.v20150123-0348.jar;C:/Xilinx/Vivado_HLS/2016.1/win64/tools/eclipse/plugins/org.eclipse.emf.ecore.xmi_2.10.2.v20150123-0348.jar;C:/Xilinx/Vivado_HLS/2016.1/win64/tools/eclipse/plugins/com.autoesl.autopilot.ui.directiveFileModel_1.0.0.jar;C:/Xilinx/Vivado_HLS/2016.1/win64/tools/eclipse/plugins/com.autoesl.autopilot.ui.common_1.0.0.jar"  autopilot.sourceprocessor.CParser  "C:/training/hls/labs/improve_performance/yuv_filter_prj/solution2/.autopilot/db/yuv_filter.pp.0.c.ap-line.c"  -m "yuv_filter" -o "C:/training/hls/labs/improve_performance/yuv_filter_prj/solution2/.autopilot/db/yuv_filter.pp.0.c.ap-cdt.c" -c --pp --directive C:/training/hls/labs/improve_performance/yuv_filter_prj/solution2/solution2.directive --source C:/training/hls/labs/improve_performance/yuv_filter.c --error C:/training/hls/labs/improve_performance/yuv_filter_prj/solution2/.autopilot/db --funcunit "AddSub AddSub_DSP AddSubnS DAddSub_fulldsp DAddSub_nodsp DDiv DExp_fulldsp DExp_meddsp DExp_nodsp DLog_fulldsp DLog_meddsp DLog_nodsp DMul_fulldsp DMul_maxdsp DMul_meddsp DMul_nodsp DRSqrt DRecip DSqrt DivnS FAddSub_fulldsp FAddSub_nodsp FDiv FExp_fulldsp FExp_meddsp FExp_nodsp FLog_fulldsp FLog_meddsp FLog_nodsp FMul_fulldsp FMul_maxdsp FMul_meddsp FMul_nodsp FRSqrt_fulldsp FRSqrt_nodsp FRecip_fulldsp FRecip_nodsp FSqrt HAddSub_nodsp HDiv HMul_fulldsp HMul_maxdsp HMul_nodsp HSqrt Mul Mul2S Mul3S Mul4S Mul5S Mul6S Mul_LUT MulnS MuxnS" --ca --gf --pd --p2d C:/training/hls/labs/improve_performance/yuv_filter_prj/solution2/.autopilot/db --sd --scff C:/training/hls/labs/improve_performance/yuv_filter_prj/solution2/.autopilot/db/.systemc_flag --ad

@I [HLS-0] Marker-Pragma convertor: C:/training/hls/labs/improve_performance/yuv_filter_prj/solution2/.autopilot/db/yuv_filter.pp.0.c.ap-cdt.c C:/training/hls/labs/improve_performance/yuv_filter_prj/solution2/.autopilot/db/yuv_filter.pragma.0.c C:/training/hls/labs/improve_performance/yuv_filter_prj/solution2/.autopilot/db/yuv_filter.pragma.0.c.ap-line.CXX 0
@I [HLS-100] Command "source C:/training/hls/labs/improve_performance/yuv_filter_prj/solution2/.autopilot/db/pragma.status.tcl "
@I [HLS-100] Command 'ap_source' returned 0; elapsed 0.005Total elapsed time: 4.464 sec.
@I [HLS-0] CDT processor time: 1 seconds per iteration
@I [HLS-0] Pragma handling time: 0 seconds per iteration
@I [HLS-0] 
Source preprocessing: exec clang -fno-limit-debug-info -gcc-toolchain "C:/Xilinx/Vivado_HLS/2016.1/msys" -hls -fno-exceptions  -D__llvm__  -CC -E "C:/training/hls/labs/improve_performance/yuv_filter_prj/solution2/.autopilot/db/yuv_filter.pragma.1.c"     -fno-math-errno -c -emit-llvm -O0  -mllvm -disable-llvm-optzns -std=gnu89   -DAESL_SYN -D__SYNTHESIS__ -D__HLS_SYN__ -I "C:/Xilinx/Vivado_HLS/2016.1/common/technology/autopilot" -I "C:/Xilinx/Vivado_HLS/2016.1/common/technology/autopilot/ap_sysc" -include etc/autopilot_ssdm_op.h -D__cdecl=  -o "C:/training/hls/labs/improve_performance/yuv_filter_prj/solution2/.autopilot/db/yuv_filter.pragma.2.c"

@I [HLS-0] exec clang -fno-limit-debug-info -gcc-toolchain C:/Xilinx/Vivado_HLS/2016.1/msys -hls -hls-analyze-label -hls-analyze-pragma -fno-exceptions  -D__llvm__  -w  "C:/training/hls/labs/improve_performance/yuv_filter_prj/solution2/.autopilot/db/yuv_filter.pragma.2.c"    -fno-math-errno -c -emit-llvm -O0  -mllvm -disable-llvm-optzns -std=gnu89  -DAESL_SYN -D__SYNTHESIS__ -D__HLS_SYN__ -I "C:/Xilinx/Vivado_HLS/2016.1/common/technology/autopilot" -I "C:/Xilinx/Vivado_HLS/2016.1/common/technology/autopilot/ap_sysc" -include etc/autopilot_ssdm_op.h -g -o "C:/training/hls/labs/improve_performance/yuv_filter_prj/solution2/.autopilot/db/yuv_filter.g.bc"
@I [HLS-10] Validating synthesis directives ...
@0 [HLS-0] Validating synthesis directives ...
@I [HLS-100] Command "source C:/training/hls/labs/improve_performance/yuv_filter_prj/solution2/.autopilot/db/pragma.status.tcl "
@I [HLS-100] Command 'ap_source' returned 0; elapsed 0.005Total elapsed time: 5.952 sec.
@I [HLS-0] Linking all ...
@I [HLS-0] exec llvm-ld  "C:/training/hls/labs/improve_performance/yuv_filter_prj/solution2/.autopilot/db/yuv_filter.bc"  -disable-opt  -LC:/Xilinx/Vivado_HLS/2016.1/win64/lib -lm_basic -o "C:/training/hls/labs/improve_performance/yuv_filter_prj/solution2/.autopilot/db/a.o.pre"
@I [HLS-0] Link time: 0 seconds per iteration
@I [HLS-0] Linking all ...
@I [HLS-0] exec llvm-ld  "C:/training/hls/labs/improve_performance/yuv_filter_prj/solution2/.autopilot/db/yuv_filter.g.bc"  -disable-opt  -LC:/Xilinx/Vivado_HLS/2016.1/win64/lib -lm_basic -o "C:/training/hls/labs/improve_performance/yuv_filter_prj/solution2/.autopilot/db/a.g.pre"
@I [HLS-0] Link time: 0 seconds per iteration
@I [HLS-100] Command "opt_and_import_c a -opt_level=2 -skip_syncheck=0 -ng=0 -keep_printf=0 "
@I [HLS-100] Command "cleanup_all_models "
@I [HLS-100] Command 'cleanup_all_models' returned 0; elapsed 0Total elapsed time: 6.745 sec.
@I [HLS-10] Starting code transformations ...
@0 [HLS-0] Starting code transformations ...
@I [HLS-0] std xform: transform -hls -share-std-xform -always-inline -promote-dbg-pointer  -interface-preproc  -scalarrepl -mem2reg -keep-read-access -instcombine -dce  -promote-dbg-pointer  -bitop-raise  -indvars -loop-simplify -xunroll  -constprop -instcombine -simplifycfg -indvars  -simplifycfg -dce -globaldce  -basicaa  -simplifycfg -mem2reg -globalopt  -global-constprop -deadargelim -instcombine -simplifycfg  -prune-eh -simplifycfg  -scalarrepl -instcombine -reassociate -licm  -simplifycfg -loop-simplify -indvars -instcombine  -simplifycfg -mem2reg -loop-simplify -indvars -instcombine  -gvn -gvn -instcombine -adce  -break-crit-edges  -simplifycfg -loop-delete  -global-array-opt -dce -dse -adce  -find-syn-modules -top yuv_filter  -deadargelim  -mem2reg -instcombine -dce  -presyn-prepare -auto-rom-infer  -interface-preproc  -syn-check -check-rec-only  -find-region -simplifycfg -func-extr -function-inline  -globaldce -mem2reg -instcombine -dce   -gvn -globaldce -adce -adse  -constprop -instcombine -bit-constprop  -instcombine -dce -simplifycfg -bitop-raise  -simplifycfg -dce -loop-delete -reassociate  -globalopt -global-privatize -mem2reg -dce  -global-constprop -pointer-simplify -constprop -dce  -func-inst -deadargelim  -promote-dbg-pointer  -norm-name   C:/training/hls/labs/improve_performance/yuv_filter_prj/solution2/.autopilot/db/a.g.0.bc -o C:/training/hls/labs/improve_performance/yuv_filter_prj/solution2/.autopilot/db/a.g.1.bc -f  -phase std-opt
@I [HLS-0] Std xform time: 0 seconds per iteration
@I [HLS-100] Command "is_encrypted C:/training/hls/labs/improve_performance/yuv_filter_prj/solution2/.autopilot/db/a.g.1.bc "
@I [HLS-100] Command 'is_encrypted' returned 0; elapsed 0.005Total elapsed time: 7.7 sec.
@I [HLS-10] Checking synthesizability ...
@0 [HLS-0] Checking synthesizability ...
@I [HLS-0] syn check 1/2: transform -hls -syn-check -check-rec-only -disaggr -scalarrepl -norm-name -dce  -mem2reg -instcombine  -function-uniquify -directive-preproc -mem2reg -dse -dce -auto-rom-infer -dce  -array-normalize -instcombine -dce  -array-seg-normalize -instcombine -dce  -array-flatten -instcombine -dce  -array-burst -dce  -deadargelim -promote-global-argument  -simplifycfg -mem2reg -globaldce -resolve-double-ptr  -dce -deadargelim -dce -instcombine  -function-inline -globaldce -dce  -doublePtrSimplify -doublePtrElim -dce  -doublePtrSimplify -promote-dbg-pointer  -dce -scalarrepl -dse -adse -instcombine  -ptrLegalization  -simplifycfg -dce -instcombine  -pointer-simplify -ptrArgReplace -dce -instcombine   -disaggr -scalarrepl -norm-name -dce  -mem2reg -instcombine -ptrLegalization   -simplifycfg -deadargelim  -instcombine -dce -inst-simplify  -function-uniquify -directive-preproc -mem2reg -dse -dce  -globaldce    C:/training/hls/labs/improve_performance/yuv_filter_prj/solution2/.autopilot/db/a.g.1.bc -o C:/training/hls/labs/improve_performance/yuv_filter_prj/solution2/.autopilot/db/a.g.2.prechk.bc -f
@I [HLS-0] Syn check 1/2 time: 0 seconds per iteration
@I [HLS-0] syn check 2/2: transform -syn-check   C:/training/hls/labs/improve_performance/yuv_filter_prj/solution2/.autopilot/db/a.g.2.prechk.bc -o C:/training/hls/labs/improve_performance/yuv_filter_prj/solution2/.autopilot/db/a.g.2.bc -f  -phase syn-check
@I [HLS-0] Syn check 2/2 time: 0 seconds per iteration
@I [HLS-0] Compiler optimizing ...
@I [HLS-0] Share syncheck's 1.bc for syn flow: copy C:/training/hls/labs/improve_performance/yuv_filter_prj/solution2/.autopilot/db/a.g.1.bc to C:/training/hls/labs/improve_performance/yuv_filter_prj/solution2/.autopilot/db/a.o.1.bc
@I [HLS-0] presyn 1: transform -hls -tmp C:/training/hls/labs/improve_performance/yuv_filter_prj/solution2/.autopilot/db -type-info  -function-uniquify -directive-preproc -mem2reg -dse -dce  -disaggr -scalarrepl -norm-name -deadargelim  -mem2reg -instcombine -dce -auto-rom-infer -dce -function-uniquify  -resource-proc  -simplifycfg -mem2reg -globaldce -resolve-double-ptr -dce -deadargelim -dce -instcombine  -clib-intrinsic-prepare -dce  -func-buffer -dce -array-normalize  -func-legal -instcombine -gvn -constprop -dce   -ptrArgReplace -mem2reg -instcombine -dce  -array-seg-normalize -deadargelim  -instcombine -dce  -pointer-simplify -dce  -port-alignment -dce  -interface-preproc  -data-pack -instcombine -dce   -basicaa -aggr-aa -aggrmodref-aa -aggr-aa -gvn -gvn  -basicaa -aggr-aa -aggrmodref-aa -aggr-aa -dse -adse -adce  -loop-simplify -indvars -instcombine  -gvn -loop-simplify -mem2reg -dce -simplifycfg  -find-region -instcombine  -auto-loop-pipeline  -inst-simplify  -interface-preproc  -indvars -auto-loop-unroll -loop-simplify -loop-bound -xunroll  -constprop -instcombine -simplifycfg -indvars  -simplifycfg -dce -globaldce  -attach-range  -gvn -inst-simplify  -constprop -simplifycfg -dce  -pointer-simplify -dce  -globalopt -constprop -dce  -array-promote -constprop -instcombine -dce  -ptrArgReplace -mem2reg  -instcombine -simplifycfg -dce  -auto-par -instcombine -dce  -array-transform-check  -array-reshape -instcombine -simplifycfg -dce  -ptrArgReplace -deadargelim -mem2reg  -instcombine -simplifycfg -dce   -indvars -loop-simplify -loop-bound -xunroll  -constprop -instcombine -simplifycfg -indvars  -simplifycfg -dce -globaldce  -duplicate-dataflow-processes -globaldce  -array-partition -instcombine -simplifycfg -dce  -ptrArgReplace -global-constprop -deadargelim -mem2reg  -func-legal -instcombine -dce -global-constprop -deadargelim -mem2reg  -instcombine -simplifycfg -dce   -globalopt -constprop -dce  -array-promote -constprop -instcombine -dce  -ptrArgReplace -mem2reg  -instcombine -simplifycfg -dce   -mem-intrinsic-preproc -dce  -global-privatize  -mem2reg -globaldce  -promote-global-argument  -ptrArgReplace -mem2reg -instcombine -dce  -globalopt -mergereturn -simplify-global-access -mem2reg -dce  -pointer-simplify -dce  -functionattrs  -basicaa -aggr-aa -aggrmodref-aa -aggr-aa -gvn -gvn  -basicaa -aggr-aa -aggrmodref-aa -aggr-aa -dse -adse -adce  -inst-simplify -dce -norm-name  -function-inline -globaldce  -func-inst -constprop -instcombine -simplifycfg -dce  -func-legal -dce   -loop-bound  -arraycheck -bitwidthmin -on-by-dataflow  -loop-delete -instcombine -simplifycfg  -globaldce -dce -gvn -deadargelim -dce -loop-simplify -clean-region -simplifycfg -propagate-stable-arguments  -loop-stream -instcombine -simplifycfg -dce -globaldce  -stream-intrinsic-preproc -dce  -check-ap-stream -loop-simplify -eliminate-keepreads  -extract-dataflow-in-loop -loop-simplify -dce -gvn -deadargelim -dse  -check-dataflow-syntax  -legalize-stream-variable -legalize-global -legalize-global-1  -extract-subproc -dce -dead-channel-elimination  -canonicalize-gep -globaldce -dce -gvn -deadargelim  -scalar-propagation -deadargelim -globaldce -mem2reg  -check-dataflow-channels -function-stream -dce -globaldce  -prop-fifo-spec -internal-stream-gen  -canonicalize-gep -globaldce -dce -gvn -deadargelim   -mergereturn -indvars -loop-simplify -instcombine  -array-stream -instcombine -simplifycfg -dce  -bundle-memfifo-ops -deadargelim    -function-uniquify -directive-preproc -mem2reg -dse -dce  -group-axi-access    -licm -simplifycfg -dce -loop-delete  -norm-name  C:/training/hls/labs/improve_performance/yuv_filter_prj/solution2/.autopilot/db/a.o.1.bc -o C:/training/hls/labs/improve_performance/yuv_filter_prj/solution2/.autopilot/db/a.o.1.tmp.bc -f
@I [XFORM-602] Inlining function 'yuv_scale' into 'yuv_filter' (yuv_filter.c:24) automatically.
@I [HLS-0] Presyn 1 time: 0 seconds per iteration
@I [HLS-0] presyn 2: transform -hls -keep-callgraph -scalarrepl -mem2reg  -port-alignment -attach-range -dce  -pipe-mux-gen  -indvars -loop-bound  -inst-simplify -instcombine -dce  -merge-array-access -mem2reg -dce  -clean-region -mergereturn -if-conv  -instcombine -dce -constprop  -basicaa -aggr-aa -aggrmodref-aa -aggr-aa -gvn -gvn  -basicaa -aggr-aa -aggrmodref-aa -aggr-aa -dse -adse -adce  -scalarrepl -mem2reg  -global-constprop -deadargelim -deadargelim  -instcombine -dce -simplifycfg    -ptrArgReplace -mem2reg -function-inline  -globaldce -mem2reg -instcombine -dce -expr-balance  -instcombine -dce  -bitwidthmin  -interface-preproc -directive-preproc  -inst-rectify -instcombine -dce  -functionattrs  -constprop -instcombine -bit-constprop  -simplify-global-access  -globalopt -globaldce  -inst-simplify -instcombine -elimdeaddata -dce  -loop-delete -simplifycfg -loop-simplify -auto-burst   -norm-name C:/training/hls/labs/improve_performance/yuv_filter_prj/solution2/.autopilot/db/a.o.1.tmp.bc -o C:/training/hls/labs/improve_performance/yuv_filter_prj/solution2/.autopilot/db/a.o.2.bc -f  -phase presyn
@I [XFORM-401] Performing if-conversion on hyperblock from (yuv_filter.c:92:33) to (yuv_filter.c:92:27) in function 'yuv2rgb'... converting 7 basic blocks.
@I [XFORM-11] Balancing expressions in function 'rgb2yuv' (yuv_filter.c:30)...11 expression(s) balanced.
@I [HLS-0] Presyn 2 time: 0 seconds per iteration
@I [HLS-100] Command "is_encrypted C:/training/hls/labs/improve_performance/yuv_filter_prj/solution2/.autopilot/db/a.o.2.bc "
@I [HLS-100] Command 'is_encrypted' returned 0; elapsed 0.003Total elapsed time: 7.379 sec.
@I [HLS-0] build ssdm: transform -hls  -function-uniquify -auto-function-inline -globaldce  -ptrArgReplace -mem2reg -instcombine -dce  -reset-lda  -loop-simplify -indvars -licm -loop-dep  -loop-bound -licm -loop-simplify -flattenloopnest  -array-flatten -gvn -instcombine -dce  -array-map -dce -func-legal  -gvn -adce -instcombine -cfgopt -simplifycfg -loop-simplify   -array-burst -promote-global-argument -dce  -axi4-lower -array-seg-normalize  -basicaa -aggrmodref-aa -globalsmodref-aa -aggr-aa -gvn -gvn  -basicaa -aggrmodref-aa -globalsmodref-aa -aggr-aa -dse -adse -adce -licm  -inst-simplify -dce  -globaldce -instcombine -array-stream -eliminate-keepreads -instcombine  -dce   -deadargelim -doublePtrSimplify  -doublePtrElim -dce -doublePtrSimplify -promote-dbg-pointer  -dce -scalarrepl -mem2reg -disaggr -norm-name -mem2reg  -instcombine  -dse -adse -adce -ptrLegalization -dce -auto-rom-infer -array-flatten -dce -instcombine  -loop-rot -constprop -cfgopt -simplifycfg -loop-simplify -indvars -pointer-simplify -dce -loop-bound  -loop-simplify -loop-preproc  -constprop -global-constprop -gvn -mem2reg -instcombine -dce  -loop-merge -dce  -bitwidthmin  -deadargelim -dce  -scalar-propagation -deadargelim -globaldce -mem2reg  -interface-preproc -interface-gen  -deadargelim -directive-preproc -inst-simplify -dce  -gvn -mem2reg -instcombine -dce -adse  -loop-bound  -instcombine -cfgopt -simplifycfg -loop-simplify  -clean-region -io-protocol  -find-region -mem2reg  -bitop-raise  -inst-simplify -inst-rectify -instcombine -adce -deadargelim  -loop-simplify -phi-opt -bitop-raise  -cfgopt -simplifycfg -strip-dead-prototypes  -interface-lower -bitop-lower -intrinsic-lower -auto-function-inline  -basicaa -aggrmodref-aa -globalsmodref-aa -aggr-aa  -inst-simplify -simplifycfg   -mergereturn -inst-simplify -inst-rectify  -dce -bitop-lower  -loop-rewind -pointer-simplify -dce -cfgopt  -read-loop-dep -dce -bitwidth -norm-name -legalize    -cdfg-build  C:/training/hls/labs/improve_performance/yuv_filter_prj/solution2/.autopilot/db/a.o.2.bc -o C:/training/hls/labs/improve_performance/yuv_filter_prj/solution2/.autopilot/db/a.o.3.bc -f  -phase build-ssdm
@I [XFORM-541] Flattening a loop nest 'YUV_SCALE_LOOP_X' (yuv_filter.c:129:29) in function 'yuv_filter'.
@I [XFORM-541] Flattening a loop nest 'YUV2RGB_LOOP_X' (yuv_filter.c:89:29) in function 'yuv2rgb'.
@I [XFORM-541] Flattening a loop nest 'RGB2YUV_LOOP_X' (yuv_filter.c:49:29) in function 'rgb2yuv'.
@I [HLS-0] Build ssdm time: 0 seconds per iteration
@I [HLS-100] Command "is_encrypted C:/training/hls/labs/improve_performance/yuv_filter_prj/solution2/.autopilot/db/a.o.3.bc "
@I [HLS-100] Command 'is_encrypted' returned 0; elapsed 0.003Total elapsed time: 7.644 sec.
@I [HLS-0] Finish building internal data model.
@I [HLS-100] Command 'opt_and_import_c' returned 0; elapsed 0.919Total elapsed time: 7.661 sec.
@I [HLS-111] Elapsed time: 7.674 seconds; current memory usage: 91.8 MB.
@I [HLS-100] Command 'elaborate' returned 0; elapsed 5.233Total elapsed time: 7.669 sec.
@I [HLS-100] Command "autosyn "
@I [HLS-10] Starting hardware synthesis ...
@0 [HLS-0] Starting hardware synthesis ...
@I [HLS-0] Synthesizing C/C++ design ...
@I [HLS-10] Synthesizing 'yuv_filter' ...
@0 [HLS-0] Synthesizing 'yuv_filter' ...
@I [HLS-100] Command "ap_set_top_model yuv_filter "
@I [HLS-100] Command 'ap_set_top_model' returned 0; elapsed 0Total elapsed time: 7.674 sec.
@I [HLS-100] Command "get_model_list yuv_filter -filter all-wo-channel -topdown "
@I [HLS-100] Command 'get_model_list' returned 0; elapsed 0Total elapsed time: 7.674 sec.
@I [HLS-100] Command "preproc_iomode -model yuv_filter "
@I [HLS-100] Command 'preproc_iomode' returned 0; elapsed 0Total elapsed time: 7.676 sec.
@I [HLS-100] Command "preproc_iomode -model yuv_filter_yuv2rgb "
@I [HLS-100] Command 'preproc_iomode' returned 0; elapsed 0.003Total elapsed time: 7.679 sec.
@I [HLS-100] Command "preproc_iomode -model yuv_filter_rgb2yuv "
@I [HLS-100] Command 'preproc_iomode' returned 0; elapsed 0Total elapsed time: 7.679 sec.
@I [HLS-100] Command "get_model_list yuv_filter -filter all-wo-channel "
@I [HLS-100] Command 'get_model_list' returned 0; elapsed 0Total elapsed time: 7.679 sec.
@I [HLS-0] Model list for configure: yuv_filter_rgb2yuv yuv_filter_yuv2rgb yuv_filter
@I [HLS-0] Configuring Module : yuv_filter_rgb2yuv ...
@I [HLS-100] Command "set_default_model yuv_filter_rgb2yuv "
@I [HLS-100] Command 'set_default_model' returned 0; elapsed 0Total elapsed time: 7.681 sec.
@I [HLS-100] Command "apply_spec_resource_limit yuv_filter_rgb2yuv "
@I [HLS-100] Command 'apply_spec_resource_limit' returned 0; elapsed 0Total elapsed time: 7.681 sec.
@I [HLS-0] Configuring Module : yuv_filter_yuv2rgb ...
@I [HLS-100] Command "set_default_model yuv_filter_yuv2rgb "
@I [HLS-100] Command 'set_default_model' returned 0; elapsed 0Total elapsed time: 7.681 sec.
@I [HLS-100] Command "apply_spec_resource_limit yuv_filter_yuv2rgb "
@I [HLS-100] Command 'apply_spec_resource_limit' returned 0; elapsed 0Total elapsed time: 7.681 sec.
@I [HLS-0] Configuring Module : yuv_filter ...
@I [HLS-100] Command "set_default_model yuv_filter "
@I [HLS-100] Command 'set_default_model' returned 0; elapsed 0Total elapsed time: 7.681 sec.
@I [HLS-100] Command "apply_spec_resource_limit yuv_filter "
@I [HLS-100] Command 'apply_spec_resource_limit' returned 0; elapsed 0Total elapsed time: 7.681 sec.
@I [HLS-0] Model list for preprocess: yuv_filter_rgb2yuv yuv_filter_yuv2rgb yuv_filter
@I [HLS-0] Preprocessing Module: yuv_filter_rgb2yuv ...
@I [HLS-100] Command "set_default_model yuv_filter_rgb2yuv "
@I [HLS-100] Command 'set_default_model' returned 0; elapsed 0Total elapsed time: 7.681 sec.
@I [HLS-100] Command "cdfg_preprocess -model yuv_filter_rgb2yuv "
@I [HLS-100] Command 'cdfg_preprocess' returned 0; elapsed 0.005Total elapsed time: 7.686 sec.
@I [HLS-100] Command "rtl_gen_preprocess yuv_filter_rgb2yuv "
@I [HLS-100] Command 'rtl_gen_preprocess' returned 0; elapsed 0Total elapsed time: 7.686 sec.
@I [HLS-0] Preprocessing Module: yuv_filter_yuv2rgb ...
@I [HLS-100] Command "set_default_model yuv_filter_yuv2rgb "
@I [HLS-100] Command 'set_default_model' returned 0; elapsed 0Total elapsed time: 7.686 sec.
@I [HLS-100] Command "cdfg_preprocess -model yuv_filter_yuv2rgb "
@I [HLS-100] Command 'cdfg_preprocess' returned 0; elapsed 0.002Total elapsed time: 7.691 sec.
@I [HLS-100] Command "rtl_gen_preprocess yuv_filter_yuv2rgb "
@I [HLS-100] Command 'rtl_gen_preprocess' returned 0; elapsed 0.003Total elapsed time: 7.694 sec.
@I [HLS-0] Preprocessing Module: yuv_filter ...
@I [HLS-100] Command "set_default_model yuv_filter "
@I [HLS-100] Command 'set_default_model' returned 0; elapsed 0Total elapsed time: 7.694 sec.
@I [HLS-100] Command "cdfg_preprocess -model yuv_filter "
@I [HLS-100] Command 'cdfg_preprocess' returned 0; elapsed 0Total elapsed time: 7.694 sec.
@I [HLS-100] Command "rtl_gen_preprocess yuv_filter "
@I [HLS-100] Command 'rtl_gen_preprocess' returned 0; elapsed 0.002Total elapsed time: 7.696 sec.
@I [HLS-0] Model list for synthesis: yuv_filter_rgb2yuv yuv_filter_yuv2rgb yuv_filter
@I [HLS-10] ----------------------------------------------------------------
@0 [HLS-0] ----------------------------------------------------------------
@I [HLS-10] -- Scheduling module 'yuv_filter_rgb2yuv' 
@0 [HLS-0] -- Scheduling module 'yuv_filter_rgb2yuv' 
@I [HLS-10] ----------------------------------------------------------------
@0 [HLS-0] ----------------------------------------------------------------
@I [HLS-100] Command "set_default_model yuv_filter_rgb2yuv "
@I [HLS-100] Command 'set_default_model' returned 0; elapsed 0Total elapsed time: 7.699 sec.
@I [HLS-100] Command "schedule -model yuv_filter_rgb2yuv "
@I [SCHED-11] Starting scheduling ...
@I [SCHED-61] Pipelining loop 'RGB2YUV_LOOP_X_RGB2YUV_LOOP_Y'.
@I [SCHED-61] Pipelining result: Target II: 1, Final II: 1, Depth: 9.
@I [SCHED-11] Finished scheduling.
@I [HLS-100] Command 'schedule' returned 0; elapsed 0.065Total elapsed time: 7.764 sec.
@I [HLS-111] Elapsed time: 0.102 seconds; current memory usage: 93.7 MB.
@I [HLS-100] Command "report -o C:/training/hls/labs/improve_performance/yuv_filter_prj/solution2/.autopilot/db/yuv_filter_rgb2yuv.verbose.sched.rpt -verbose -f "
@I [HLS-100] Command 'report' returned 0; elapsed 0.008Total elapsed time: 7.784 sec.
@I [HLS-100] Command "db_write -o C:/training/hls/labs/improve_performance/yuv_filter_prj/solution2/.autopilot/db/yuv_filter_rgb2yuv.sched.adb -f "
@I [HLS-100] Command 'db_write' returned 0; elapsed 0.022Total elapsed time: 7.806 sec.
@I [HLS-0] Finish scheduling yuv_filter_rgb2yuv.
@I [HLS-10] ----------------------------------------------------------------
@0 [HLS-0] ----------------------------------------------------------------
@I [HLS-10] -- Exploring micro-architecture for module 'yuv_filter_rgb2yuv' 
@0 [HLS-0] -- Exploring micro-architecture for module 'yuv_filter_rgb2yuv' 
@I [HLS-10] ----------------------------------------------------------------
@0 [HLS-0] ----------------------------------------------------------------
@I [HLS-100] Command "set_default_model yuv_filter_rgb2yuv "
@I [HLS-100] Command 'set_default_model' returned 0; elapsed 0Total elapsed time: 7.816 sec.
@I [HLS-100] Command "bind -model yuv_filter_rgb2yuv "
@I [BIND-110] clear=
@I [BIND-110] debug=
@I [BIND-110] drf=
@I [BIND-110] effort=
@I [BIND-110] fast_refine=
@I [BIND-110] fu_weight=[ 0.0 -- 1.0 ]
@I [BIND-110] global_opt=
@I [BIND-110] gsearch=
@I [BIND-110] help=
@I [BIND-110] help-hidden=
@I [BIND-110] min_mem_port=
@I [BIND-110] min_op=
@I [BIND-110] minreg=
@I [BIND-110] ml=
@I [BIND-110] model=yuv_filter_rgb2yuv
@I [BIND-110] no_false_path=
@I [BIND-110] no_min_op=
@I [BIND-110] normalize=
@I [BIND-110] quiet=
@I [BIND-110] refine=
@I [BIND-110] reg_weight=[ 0.0 -- 1.0 ]
@I [BIND-110] search=
@I [BIND-110] tight_delay=
@I [BIND-110] verbose=
@I [BIND-110] wFF=
@I [BIND-110] wFU=
@I [BIND-110] wMUX=
@I [BIND-110] wNET=
@I [BIND-100] Starting micro-architecture generation ...
@I [BIND-101] Performing variable lifetime analysis.
@I [BIND-101] Exploring resource sharing.
@I [BIND-101] Binding ...
@I [BIND-100] Finished micro-architecture generation.
@I [HLS-100] Command 'bind' returned 0; elapsed 0.015Total elapsed time: 7.834 sec.
@I [HLS-111] Elapsed time: 0.068 seconds; current memory usage: 93.8 MB.
@I [HLS-100] Command "report -o C:/training/hls/labs/improve_performance/yuv_filter_prj/solution2/.autopilot/db/yuv_filter_rgb2yuv.verbose.bind.rpt -verbose -f "
@I [HLS-100] Command 'report' returned 0; elapsed 0.027Total elapsed time: 7.866 sec.
@I [HLS-100] Command "db_write -o C:/training/hls/labs/improve_performance/yuv_filter_prj/solution2/.autopilot/db/yuv_filter_rgb2yuv.bind.adb -f "
@I [HLS-100] Command 'db_write' returned 0; elapsed 0.022Total elapsed time: 7.891 sec.
@I [HLS-0] Finish binding yuv_filter_rgb2yuv.
@I [HLS-10] ----------------------------------------------------------------
@0 [HLS-0] ----------------------------------------------------------------
@I [HLS-10] -- Scheduling module 'yuv_filter_yuv2rgb' 
@0 [HLS-0] -- Scheduling module 'yuv_filter_yuv2rgb' 
@I [HLS-10] ----------------------------------------------------------------
@0 [HLS-0] ----------------------------------------------------------------
@I [HLS-100] Command "set_default_model yuv_filter_yuv2rgb "
@I [HLS-100] Command 'set_default_model' returned 0; elapsed 0Total elapsed time: 7.894 sec.
@I [HLS-100] Command "schedule -model yuv_filter_yuv2rgb "
@I [SCHED-11] Starting scheduling ...
@I [SCHED-61] Pipelining loop 'YUV2RGB_LOOP_X_YUV2RGB_LOOP_Y'.
@I [SCHED-61] Pipelining result: Target II: 1, Final II: 1, Depth: 9.
@W [SCHED-21] Estimated clock period (11.2ns) exceeds the target (target clock period: 10ns, clock uncertainty: 1.25ns, effective delay budget: 8.75ns).
@W [SCHED-21] The critical path consists of the following:
	'mul' operation ('tmp_11', yuv_filter.c:101) (3.36 ns)
	'add' operation ('tmp1', yuv_filter.c:101) (3.02 ns)
	'add' operation ('tmp_13', yuv_filter.c:101) (2.08 ns)
	'partselect' operation ('tmp_14', yuv_filter.c:101) (0 ns)
	'icmp' operation ('icmp1', yuv_filter.c:101) (1.36 ns)
	'select' operation ('p_phitmp2', yuv_filter.c:101) (0 ns)
	'select' operation ('G', yuv_filter.c:101) (1.37 ns)
@I [SCHED-11] Finished scheduling.
@I [HLS-100] Command 'schedule' returned 0; elapsed 0.065Total elapsed time: 7.959 sec.
@I [HLS-111] Elapsed time: 0.13 seconds; current memory usage: 94.5 MB.
@I [HLS-100] Command "report -o C:/training/hls/labs/improve_performance/yuv_filter_prj/solution2/.autopilot/db/yuv_filter_yuv2rgb.verbose.sched.rpt -verbose -f "
@I [HLS-100] Command 'report' returned 0; elapsed 0.007Total elapsed time: 7.981 sec.
@I [HLS-100] Command "db_write -o C:/training/hls/labs/improve_performance/yuv_filter_prj/solution2/.autopilot/db/yuv_filter_yuv2rgb.sched.adb -f "
@I [HLS-100] Command 'db_write' returned 0; elapsed 0.018Total elapsed time: 7.999 sec.
@I [HLS-0] Finish scheduling yuv_filter_yuv2rgb.
@I [HLS-10] ----------------------------------------------------------------
@0 [HLS-0] ----------------------------------------------------------------
@I [HLS-10] -- Exploring micro-architecture for module 'yuv_filter_yuv2rgb' 
@0 [HLS-0] -- Exploring micro-architecture for module 'yuv_filter_yuv2rgb' 
@I [HLS-10] ----------------------------------------------------------------
@0 [HLS-0] ----------------------------------------------------------------
@I [HLS-100] Command "set_default_model yuv_filter_yuv2rgb "
@I [HLS-100] Command 'set_default_model' returned 0; elapsed 0Total elapsed time: 8.4 sec.
@I [HLS-100] Command "bind -model yuv_filter_yuv2rgb "
@I [BIND-110] clear=
@I [BIND-110] debug=
@I [BIND-110] drf=
@I [BIND-110] effort=
@I [BIND-110] fast_refine=
@I [BIND-110] fu_weight=[ 0.0 -- 1.0 ]
@I [BIND-110] global_opt=
@I [BIND-110] gsearch=
@I [BIND-110] help=
@I [BIND-110] help-hidden=
@I [BIND-110] min_mem_port=
@I [BIND-110] min_op=
@I [BIND-110] minreg=
@I [BIND-110] ml=
@I [BIND-110] model=yuv_filter_yuv2rgb
@I [BIND-110] no_false_path=
@I [BIND-110] no_min_op=
@I [BIND-110] normalize=
@I [BIND-110] quiet=
@I [BIND-110] refine=
@I [BIND-110] reg_weight=[ 0.0 -- 1.0 ]
@I [BIND-110] search=
@I [BIND-110] tight_delay=
@I [BIND-110] verbose=
@I [BIND-110] wFF=
@I [BIND-110] wFU=
@I [BIND-110] wMUX=
@I [BIND-110] wNET=
@I [BIND-100] Starting micro-architecture generation ...
@I [BIND-101] Performing variable lifetime analysis.
@I [BIND-101] Exploring resource sharing.
@I [BIND-101] Binding ...
@I [BIND-100] Finished micro-architecture generation.
@I [HLS-100] Command 'bind' returned 0; elapsed 0.012Total elapsed time: 8.16 sec.
@I [HLS-111] Elapsed time: 0.057 seconds; current memory usage: 94.6 MB.
@I [HLS-100] Command "report -o C:/training/hls/labs/improve_performance/yuv_filter_prj/solution2/.autopilot/db/yuv_filter_yuv2rgb.verbose.bind.rpt -verbose -f "
@I [HLS-100] Command 'report' returned 0; elapsed 0.027Total elapsed time: 8.61 sec.
@I [HLS-100] Command "db_write -o C:/training/hls/labs/improve_performance/yuv_filter_prj/solution2/.autopilot/db/yuv_filter_yuv2rgb.bind.adb -f "
@I [HLS-100] Command 'db_write' returned 0; elapsed 0.023Total elapsed time: 8.84 sec.
@I [HLS-0] Finish binding yuv_filter_yuv2rgb.
@I [HLS-10] ----------------------------------------------------------------
@0 [HLS-0] ----------------------------------------------------------------
@I [HLS-10] -- Scheduling module 'yuv_filter' 
@0 [HLS-0] -- Scheduling module 'yuv_filter' 
@I [HLS-10] ----------------------------------------------------------------
@0 [HLS-0] ----------------------------------------------------------------
@I [HLS-100] Command "set_default_model yuv_filter "
@I [HLS-100] Command 'set_default_model' returned 0; elapsed 0Total elapsed time: 8.86 sec.
@I [HLS-100] Command "schedule -model yuv_filter "
@I [SCHED-11] Starting scheduling ...
@I [SCHED-61] Pipelining loop 'YUV_SCALE_LOOP_X_YUV_SCALE_LOOP_Y'.
@I [SCHED-61] Pipelining result: Target II: 1, Final II: 1, Depth: 8.
@I [SCHED-11] Finished scheduling.
@I [HLS-100] Command 'schedule' returned 0; elapsed 0.043Total elapsed time: 8.129 sec.
@I [HLS-111] Elapsed time: 0.108 seconds; current memory usage: 95.1 MB.
@I [HLS-100] Command "report -o C:/training/hls/labs/improve_performance/yuv_filter_prj/solution2/.autopilot/db/yuv_filter.verbose.sched.rpt -verbose -f "
@I [HLS-100] Command 'report' returned 0; elapsed 0.008Total elapsed time: 8.149 sec.
@I [HLS-100] Command "db_write -o C:/training/hls/labs/improve_performance/yuv_filter_prj/solution2/.autopilot/db/yuv_filter.sched.adb -f "
@I [HLS-100] Command 'db_write' returned 0; elapsed 0.017Total elapsed time: 8.166 sec.
@I [HLS-0] Finish scheduling yuv_filter.
@I [HLS-10] ----------------------------------------------------------------
@0 [HLS-0] ----------------------------------------------------------------
@I [HLS-10] -- Exploring micro-architecture for module 'yuv_filter' 
@0 [HLS-0] -- Exploring micro-architecture for module 'yuv_filter' 
@I [HLS-10] ----------------------------------------------------------------
@0 [HLS-0] ----------------------------------------------------------------
@I [HLS-100] Command "set_default_model yuv_filter "
@I [HLS-100] Command 'set_default_model' returned 0; elapsed 0Total elapsed time: 8.169 sec.
@I [HLS-100] Command "bind -model yuv_filter "
@I [BIND-110] clear=
@I [BIND-110] debug=
@I [BIND-110] drf=
@I [BIND-110] effort=
@I [BIND-110] fast_refine=
@I [BIND-110] fu_weight=[ 0.0 -- 1.0 ]
@I [BIND-110] global_opt=
@I [BIND-110] gsearch=
@I [BIND-110] help=
@I [BIND-110] help-hidden=
@I [BIND-110] min_mem_port=
@I [BIND-110] min_op=
@I [BIND-110] minreg=
@I [BIND-110] ml=
@I [BIND-110] model=yuv_filter
@I [BIND-110] no_false_path=
@I [BIND-110] no_min_op=
@I [BIND-110] normalize=
@I [BIND-110] quiet=
@I [BIND-110] refine=
@I [BIND-110] reg_weight=[ 0.0 -- 1.0 ]
@I [BIND-110] search=
@I [BIND-110] tight_delay=
@I [BIND-110] verbose=
@I [BIND-110] wFF=
@I [BIND-110] wFU=
@I [BIND-110] wMUX=
@I [BIND-110] wNET=
@I [BIND-100] Starting micro-architecture generation ...
@I [BIND-101] Performing variable lifetime analysis.
@I [BIND-101] Exploring resource sharing.
@I [BIND-101] Binding ...
@I [BIND-100] Finished micro-architecture generation.
@I [HLS-100] Command 'bind' returned 0; elapsed 0.037Total elapsed time: 8.206 sec.
@I [HLS-111] Elapsed time: 0.08 seconds; current memory usage: 95 MB.
@I [HLS-100] Command "report -o C:/training/hls/labs/improve_performance/yuv_filter_prj/solution2/.autopilot/db/yuv_filter.verbose.bind.rpt -verbose -f "
@I [HLS-100] Command 'report' returned 0; elapsed 0.05Total elapsed time: 8.266 sec.
@I [HLS-100] Command "db_write -o C:/training/hls/labs/improve_performance/yuv_filter_prj/solution2/.autopilot/db/yuv_filter.bind.adb -f "
@I [HLS-100] Command 'db_write' returned 0; elapsed 0.028Total elapsed time: 8.294 sec.
@I [HLS-0] Finish binding yuv_filter.
@I [HLS-100] Command "get_model_list yuv_filter -filter all-wo-channel "
@I [HLS-100] Command 'get_model_list' returned 0; elapsed 0Total elapsed time: 8.296 sec.
@I [HLS-0] Preprocessing for RTLGen ...
@I [HLS-100] Command "rtl_gen_preprocess yuv_filter_rgb2yuv "
@I [HLS-100] Command 'rtl_gen_preprocess' returned 0; elapsed 0Total elapsed time: 8.296 sec.
@I [HLS-100] Command "rtl_gen_preprocess yuv_filter_yuv2rgb "
@I [HLS-100] Command 'rtl_gen_preprocess' returned 0; elapsed 0.003Total elapsed time: 8.299 sec.
@I [HLS-100] Command "rtl_gen_preprocess yuv_filter "
@I [HLS-100] Command 'rtl_gen_preprocess' returned 0; elapsed 0.002Total elapsed time: 8.301 sec.
@I [HLS-0] Model list for RTL generation: yuv_filter_rgb2yuv yuv_filter_yuv2rgb yuv_filter
@I [HLS-10] ----------------------------------------------------------------
@0 [HLS-0] ----------------------------------------------------------------
@I [HLS-10] -- Generating RTL for module 'yuv_filter_rgb2yuv' 
@0 [HLS-0] -- Generating RTL for module 'yuv_filter_rgb2yuv' 
@I [HLS-10] ----------------------------------------------------------------
@0 [HLS-0] ----------------------------------------------------------------
@I [HLS-100] Command "create_rtl_model yuv_filter_rgb2yuv -vendor xilinx -mg_file C:/training/hls/labs/improve_performance/yuv_filter_prj/solution2/.autopilot/db/yuv_filter_rgb2yuv.compgen.tcl "
@I [RTGEN-100] Generating core module 'yuv_filter_mac_muladd_6ns_8ns_9ns_13_1': 1 instance(s).
@I [RTGEN-100] Generating core module 'yuv_filter_mac_muladd_7s_8ns_16ns_16_1': 1 instance(s).
@I [RTGEN-100] Generating core module 'yuv_filter_mac_muladd_8s_8ns_16ns_16_1': 1 instance(s).
@I [RTGEN-100] Generating core module 'yuv_filter_mul_mul_16ns_16ns_32_1': 1 instance(s).
@I [RTGEN-100] Finished creating RTL model for 'yuv_filter_rgb2yuv'.
@I [HLS-100] Command 'create_rtl_model' returned 0; elapsed 0.058Total elapsed time: 8.369 sec.
@I [HLS-111] Elapsed time: 0.165 seconds; current memory usage: 95 MB.
@I [HLS-100] Command "source C:/training/hls/labs/improve_performance/yuv_filter_prj/solution2/.autopilot/db/yuv_filter.rtl_wrap.cfg.tcl "
@I [HLS-100] Command 'ap_source' returned 0; elapsed 0.003Total elapsed time: 8.394 sec.
@I [HLS-100] Command "gen_rtl yuv_filter_rgb2yuv -style xilinx -tracefl mytrace -tracefmt vcd -traceopt all -f -lang sc -o C:/training/hls/labs/improve_performance/yuv_filter_prj/solution2/syn/systemc/yuv_filter_rgb2yuv -synmodules yuv_filter_rgb2yuv yuv_filter_yuv2rgb yuv_filter "
@I [HLS-100] Command 'gen_rtl' returned 0; elapsed 0.005Total elapsed time: 8.399 sec.
@I [HLS-100] Command "gen_rtl yuv_filter_rgb2yuv -style xilinx -f -lang vhdl -o C:/training/hls/labs/improve_performance/yuv_filter_prj/solution2/syn/vhdl/yuv_filter_rgb2yuv "
@I [HLS-100] Command 'gen_rtl' returned 0; elapsed 0.005Total elapsed time: 8.404 sec.
@I [HLS-100] Command "gen_rtl yuv_filter_rgb2yuv -style xilinx -f -lang vlog -o C:/training/hls/labs/improve_performance/yuv_filter_prj/solution2/syn/verilog/yuv_filter_rgb2yuv "
@I [HLS-100] Command 'gen_rtl' returned 0; elapsed 0.002Total elapsed time: 8.406 sec.
@I [HLS-100] Command "gen_tb_info yuv_filter_rgb2yuv -o C:/training/hls/labs/improve_performance/yuv_filter_prj/solution2/.autopilot/db/yuv_filter_rgb2yuv -p C:/training/hls/labs/improve_performance/yuv_filter_prj/solution2/.autopilot/db "
@I [HLS-100] Command 'gen_tb_info' returned 0; elapsed 0.022Total elapsed time: 8.431 sec.
@I [HLS-100] Command "report -model yuv_filter_rgb2yuv -o C:/training/hls/labs/improve_performance/yuv_filter_prj/solution2/syn/report/yuv_filter_rgb2yuv_csynth.rpt -f "
@I [HLS-100] Command 'report' returned 0; elapsed 0.01Total elapsed time: 8.444 sec.
@I [HLS-100] Command "report -model yuv_filter_rgb2yuv -o C:/training/hls/labs/improve_performance/yuv_filter_prj/solution2/syn/report/yuv_filter_rgb2yuv_csynth.xml -f -x "
@I [HLS-100] Command 'report' returned 0; elapsed 0.008Total elapsed time: 8.454 sec.
@I [HLS-100] Command "report -model yuv_filter_rgb2yuv -o C:/training/hls/labs/improve_performance/yuv_filter_prj/solution2/.autopilot/db/yuv_filter_rgb2yuv.verbose.rpt -verbose -f "
@I [HLS-100] Command 'report' returned 0; elapsed 0.04Total elapsed time: 8.496 sec.
@I [HLS-100] Command "db_write -model yuv_filter_rgb2yuv -o C:/training/hls/labs/improve_performance/yuv_filter_prj/solution2/.autopilot/db/yuv_filter_rgb2yuv.adb -f "
@I [HLS-100] Command 'db_write' returned 0; elapsed 0.04Total elapsed time: 8.539 sec.
@I [HLS-10] ----------------------------------------------------------------
@0 [HLS-0] ----------------------------------------------------------------
@I [HLS-10] -- Generating RTL for module 'yuv_filter_yuv2rgb' 
@0 [HLS-0] -- Generating RTL for module 'yuv_filter_yuv2rgb' 
@I [HLS-10] ----------------------------------------------------------------
@0 [HLS-0] ----------------------------------------------------------------
@I [HLS-100] Command "create_rtl_model yuv_filter_yuv2rgb -vendor xilinx -mg_file C:/training/hls/labs/improve_performance/yuv_filter_prj/solution2/.autopilot/db/yuv_filter_yuv2rgb.compgen.tcl "
@I [RTGEN-100] Generating core module 'yuv_filter_ama_addmuladd_5s_8ns_10ns_9ns_18_1': 1 instance(s).
@I [RTGEN-100] Generating core module 'yuv_filter_mac_muladd_10ns_8s_18s_18_1': 1 instance(s).
@I [RTGEN-100] Generating core module 'yuv_filter_mac_muladd_8s_8s_17ns_17_1': 1 instance(s).
@I [RTGEN-100] Generating core module 'yuv_filter_mul_mul_16ns_16ns_32_1': 1 instance(s).
@I [RTGEN-100] Finished creating RTL model for 'yuv_filter_yuv2rgb'.
@I [HLS-100] Command 'create_rtl_model' returned 0; elapsed 0.028Total elapsed time: 8.719 sec.
@I [HLS-111] Elapsed time: 0.345 seconds; current memory usage: 96.1 MB.
@I [HLS-100] Command "source C:/training/hls/labs/improve_performance/yuv_filter_prj/solution2/.autopilot/db/yuv_filter.rtl_wrap.cfg.tcl "
@I [HLS-100] Command 'ap_source' returned 0; elapsed 0.003Total elapsed time: 8.729 sec.
@I [HLS-100] Command "gen_rtl yuv_filter_yuv2rgb -style xilinx -tracefl mytrace -tracefmt vcd -traceopt all -f -lang sc -o C:/training/hls/labs/improve_performance/yuv_filter_prj/solution2/syn/systemc/yuv_filter_yuv2rgb -synmodules yuv_filter_rgb2yuv yuv_filter_yuv2rgb yuv_filter "
@I [HLS-100] Command 'gen_rtl' returned 0; elapsed 0.002Total elapsed time: 8.731 sec.
@I [HLS-100] Command "gen_rtl yuv_filter_yuv2rgb -style xilinx -f -lang vhdl -o C:/training/hls/labs/improve_performance/yuv_filter_prj/solution2/syn/vhdl/yuv_filter_yuv2rgb "
@I [HLS-100] Command 'gen_rtl' returned 0; elapsed 0.002Total elapsed time: 8.736 sec.
@I [HLS-100] Command "gen_rtl yuv_filter_yuv2rgb -style xilinx -f -lang vlog -o C:/training/hls/labs/improve_performance/yuv_filter_prj/solution2/syn/verilog/yuv_filter_yuv2rgb "
@I [HLS-100] Command 'gen_rtl' returned 0; elapsed 0.005Total elapsed time: 8.741 sec.
@I [HLS-100] Command "gen_tb_info yuv_filter_yuv2rgb -o C:/training/hls/labs/improve_performance/yuv_filter_prj/solution2/.autopilot/db/yuv_filter_yuv2rgb -p C:/training/hls/labs/improve_performance/yuv_filter_prj/solution2/.autopilot/db "
@I [HLS-100] Command 'gen_tb_info' returned 0; elapsed 0.018Total elapsed time: 8.759 sec.
@I [HLS-100] Command "report -model yuv_filter_yuv2rgb -o C:/training/hls/labs/improve_performance/yuv_filter_prj/solution2/syn/report/yuv_filter_yuv2rgb_csynth.rpt -f "
@I [HLS-100] Command 'report' returned 0; elapsed 0.01Total elapsed time: 8.771 sec.
@I [HLS-100] Command "report -model yuv_filter_yuv2rgb -o C:/training/hls/labs/improve_performance/yuv_filter_prj/solution2/syn/report/yuv_filter_yuv2rgb_csynth.xml -f -x "
@I [HLS-100] Command 'report' returned 0; elapsed 0.01Total elapsed time: 8.781 sec.
@I [HLS-100] Command "report -model yuv_filter_yuv2rgb -o C:/training/hls/labs/improve_performance/yuv_filter_prj/solution2/.autopilot/db/yuv_filter_yuv2rgb.verbose.rpt -verbose -f "
@I [HLS-100] Command 'report' returned 0; elapsed 0.037Total elapsed time: 8.821 sec.
@I [HLS-100] Command "db_write -model yuv_filter_yuv2rgb -o C:/training/hls/labs/improve_performance/yuv_filter_prj/solution2/.autopilot/db/yuv_filter_yuv2rgb.adb -f "
@I [HLS-100] Command 'db_write' returned 0; elapsed 0.038Total elapsed time: 8.859 sec.
@I [HLS-10] ----------------------------------------------------------------
@0 [HLS-0] ----------------------------------------------------------------
@I [HLS-10] -- Generating RTL for module 'yuv_filter' 
@0 [HLS-0] -- Generating RTL for module 'yuv_filter' 
@I [HLS-10] ----------------------------------------------------------------
@0 [HLS-0] ----------------------------------------------------------------
@I [HLS-100] Command "create_rtl_model yuv_filter -vendor xilinx -mg_file C:/training/hls/labs/improve_performance/yuv_filter_prj/solution2/.autopilot/db/yuv_filter.compgen.tcl "
@I [RTGEN-500] Setting interface mode on port 'yuv_filter/in_channels_ch1' to 'ap_memory'.
@I [RTGEN-500] Setting interface mode on port 'yuv_filter/in_channels_ch2' to 'ap_memory'.
@I [RTGEN-500] Setting interface mode on port 'yuv_filter/in_channels_ch3' to 'ap_memory'.
@I [RTGEN-500] Setting interface mode on port 'yuv_filter/in_width' to 'ap_none'.
@I [RTGEN-500] Setting interface mode on port 'yuv_filter/in_height' to 'ap_none'.
@I [RTGEN-500] Setting interface mode on port 'yuv_filter/out_channels_ch1' to 'ap_memory'.
@I [RTGEN-500] Setting interface mode on port 'yuv_filter/out_channels_ch2' to 'ap_memory'.
@I [RTGEN-500] Setting interface mode on port 'yuv_filter/out_channels_ch3' to 'ap_memory'.
@I [RTGEN-500] Setting interface mode on port 'yuv_filter/out_width' to 'ap_vld'.
@I [RTGEN-500] Setting interface mode on port 'yuv_filter/out_height' to 'ap_vld'.
@I [RTGEN-500] Setting interface mode on port 'yuv_filter/Y_scale' to 'ap_none'.
@I [RTGEN-500] Setting interface mode on port 'yuv_filter/U_scale' to 'ap_none'.
@I [RTGEN-500] Setting interface mode on port 'yuv_filter/V_scale' to 'ap_none'.
@I [RTGEN-500] Setting interface mode on function 'yuv_filter' to 'ap_ctrl_hs'.
@I [RTGEN-100] Generating core module 'yuv_filter_mul_mul_16ns_16ns_32_1': 1 instance(s).
@I [RTGEN-100] Finished creating RTL model for 'yuv_filter'.
@I [HLS-100] Command 'create_rtl_model' returned 0; elapsed 0.043Total elapsed time: 9.24 sec.
@I [HLS-111] Elapsed time: 0.308 seconds; current memory usage: 96.7 MB.
@I [HLS-100] Command "source C:/training/hls/labs/improve_performance/yuv_filter_prj/solution2/.autopilot/db/yuv_filter.rtl_wrap.cfg.tcl "
@I [HLS-100] Command 'ap_source' returned 0; elapsed 0.003Total elapsed time: 9.39 sec.
@I [HLS-100] Command "gen_rtl yuv_filter -istop -style xilinx -tracefl mytrace -tracefmt vcd -traceopt all -f -lang sc -o C:/training/hls/labs/improve_performance/yuv_filter_prj/solution2/syn/systemc/yuv_filter -synmodules yuv_filter_rgb2yuv yuv_filter_yuv2rgb yuv_filter "
@I [HLS-100] Command 'gen_rtl' returned 0; elapsed 0.005Total elapsed time: 9.44 sec.
@I [HLS-100] Command "gen_rtl yuv_filter -istop -style xilinx -f -lang vhdl -o C:/training/hls/labs/improve_performance/yuv_filter_prj/solution2/syn/vhdl/yuv_filter "
@I [HLS-100] Command 'gen_rtl' returned 0; elapsed 0.025Total elapsed time: 9.71 sec.
@I [HLS-100] Command "gen_rtl yuv_filter -istop -style xilinx -f -lang vlog -o C:/training/hls/labs/improve_performance/yuv_filter_prj/solution2/syn/verilog/yuv_filter "
@I [HLS-100] Command 'gen_rtl' returned 0; elapsed 0.013Total elapsed time: 9.84 sec.
@I [HLS-100] Command "export_constraint_db -o C:/training/hls/labs/improve_performance/yuv_filter_prj/solution2/.autopilot/db/yuv_filter.constraint.tcl -f -tool general "
@I [HLS-100] Command 'export_constraint_db' returned 0; elapsed 0Total elapsed time: 9.84 sec.
@I [HLS-100] Command "report -model yuv_filter -o C:/training/hls/labs/improve_performance/yuv_filter_prj/solution2/.autopilot/db/yuv_filter.design.xml -verbose -f -dv "
@I [HLS-100] Command 'report' returned 0; elapsed 0.05Total elapsed time: 9.136 sec.
@I [HLS-100] Command "report -model yuv_filter -o C:/training/hls/labs/improve_performance/yuv_filter_prj/solution2/.autopilot/db/yuv_filter.sdaccel.xml -verbose -f -sdaccel "
@I [HLS-100] Command 'report' returned 0; elapsed 0.03Total elapsed time: 9.166 sec.
@I [HLS-100] Command "gen_tb_info yuv_filter -o C:/training/hls/labs/improve_performance/yuv_filter_prj/solution2/.autopilot/db/yuv_filter -p C:/training/hls/labs/improve_performance/yuv_filter_prj/solution2/.autopilot/db "
@I [HLS-100] Command 'gen_tb_info' returned 0; elapsed 0.02Total elapsed time: 9.186 sec.
@I [HLS-100] Command "report -model yuv_filter -o C:/training/hls/labs/improve_performance/yuv_filter_prj/solution2/syn/report/yuv_filter_csynth.rpt -f "
@I [HLS-100] Command 'report' returned 0; elapsed 0.013Total elapsed time: 9.199 sec.
@I [HLS-100] Command "report -model yuv_filter -o C:/training/hls/labs/improve_performance/yuv_filter_prj/solution2/syn/report/yuv_filter_csynth.xml -f -x "
@I [HLS-100] Command 'report' returned 0; elapsed 0.01Total elapsed time: 9.209 sec.
@I [HLS-100] Command "report -model yuv_filter -o C:/training/hls/labs/improve_performance/yuv_filter_prj/solution2/.autopilot/db/yuv_filter.verbose.rpt -verbose -f "
@I [HLS-100] Command 'report' returned 0; elapsed 0.068Total elapsed time: 9.284 sec.
@I [HLS-100] Command "db_write -model yuv_filter -o C:/training/hls/labs/improve_performance/yuv_filter_prj/solution2/.autopilot/db/yuv_filter.adb -f "
@I [HLS-100] Command 'db_write' returned 0; elapsed 0.047Total elapsed time: 9.331 sec.
@I [HLS-100] Command "sc_get_clocks yuv_filter "
@I [HLS-100] Command 'sc_get_clocks' returned 0; elapsed 0Total elapsed time: 9.429 sec.
@I [HLS-100] Command "sc_get_portdomain yuv_filter "
@I [HLS-100] Command 'sc_get_portdomain' returned 0; elapsed 0Total elapsed time: 9.429 sec.
@I [HLS-0] Model list for RTL component generation: yuv_filter_rgb2yuv yuv_filter_yuv2rgb yuv_filter
@I [HLS-0] Handling components in module [yuv_filter_rgb2yuv] ... 
@I [HLS-100] Command "source C:/training/hls/labs/improve_performance/yuv_filter_prj/solution2/.autopilot/db/yuv_filter_rgb2yuv.compgen.tcl "
@I [HLS-0] Found component yuv_filter_mul_mul_16ns_16ns_32_1.
@I [HLS-0] Append model yuv_filter_mul_mul_16ns_16ns_32_1
@I [HLS-0] Found component yuv_filter_mac_muladd_8s_8ns_16ns_16_1.
@I [HLS-0] Append model yuv_filter_mac_muladd_8s_8ns_16ns_16_1
@I [HLS-0] Found component yuv_filter_mac_muladd_7s_8ns_16ns_16_1.
@I [HLS-0] Append model yuv_filter_mac_muladd_7s_8ns_16ns_16_1
@I [HLS-0] Found component yuv_filter_mac_muladd_6ns_8ns_9ns_13_1.
@I [HLS-0] Append model yuv_filter_mac_muladd_6ns_8ns_9ns_13_1
@I [HLS-100] Command 'ap_source' returned 0; elapsed 0.008Total elapsed time: 9.454 sec.
@I [HLS-0] Handling components in module [yuv_filter_yuv2rgb] ... 
@I [HLS-100] Command "source C:/training/hls/labs/improve_performance/yuv_filter_prj/solution2/.autopilot/db/yuv_filter_yuv2rgb.compgen.tcl "
@I [HLS-0] Found component yuv_filter_mac_muladd_8s_8s_17ns_17_1.
@I [HLS-0] Append model yuv_filter_mac_muladd_8s_8s_17ns_17_1
@I [HLS-0] Found component yuv_filter_ama_addmuladd_5s_8ns_10ns_9ns_18_1.
@I [HLS-0] Append model yuv_filter_ama_addmuladd_5s_8ns_10ns_9ns_18_1
@I [HLS-0] Found component yuv_filter_mac_muladd_10ns_8s_18s_18_1.
@I [HLS-0] Append model yuv_filter_mac_muladd_10ns_8s_18s_18_1
@I [HLS-100] Command 'ap_source' returned 0; elapsed 0.01Total elapsed time: 9.466 sec.
@I [HLS-0] Handling components in module [yuv_filter] ... 
@I [HLS-100] Command "source C:/training/hls/labs/improve_performance/yuv_filter_prj/solution2/.autopilot/db/yuv_filter.compgen.tcl "
@I [HLS-0] Found component yuv_filter_p_yuv_channels_ch1.
@I [HLS-0] Append model yuv_filter_p_yuv_channels_ch1
@I [HLS-100] Command 'ap_source' returned 0; elapsed 0.007Total elapsed time: 9.476 sec.
@I [HLS-0] Append model yuv_filter_rgb2yuv
@I [HLS-0] Append model yuv_filter_yuv2rgb
@I [HLS-0] Append model yuv_filter
@I [HLS-0] Generating RTL model list ...
@I [HLS-0] All models in this session: yuv_filter_mul_mul_16ns_16ns_32_1 yuv_filter_mac_muladd_8s_8ns_16ns_16_1 yuv_filter_mac_muladd_7s_8ns_16ns_16_1 yuv_filter_mac_muladd_6ns_8ns_9ns_13_1 yuv_filter_mac_muladd_8s_8s_17ns_17_1 yuv_filter_ama_addmuladd_5s_8ns_10ns_9ns_18_1 yuv_filter_mac_muladd_10ns_8s_18s_18_1 yuv_filter_p_yuv_channels_ch1 yuv_filter_rgb2yuv yuv_filter_yuv2rgb yuv_filter
@I [HLS-0] To file: write model yuv_filter_mul_mul_16ns_16ns_32_1
@I [HLS-0] To file: write model yuv_filter_mac_muladd_8s_8ns_16ns_16_1
@I [HLS-0] To file: write model yuv_filter_mac_muladd_7s_8ns_16ns_16_1
@I [HLS-0] To file: write model yuv_filter_mac_muladd_6ns_8ns_9ns_13_1
@I [HLS-0] To file: write model yuv_filter_mac_muladd_8s_8s_17ns_17_1
@I [HLS-0] To file: write model yuv_filter_ama_addmuladd_5s_8ns_10ns_9ns_18_1
@I [HLS-0] To file: write model yuv_filter_mac_muladd_10ns_8s_18s_18_1
@I [HLS-0] To file: write model yuv_filter_p_yuv_channels_ch1
@I [HLS-0] To file: write model yuv_filter_rgb2yuv
@I [HLS-0] To file: write model yuv_filter_yuv2rgb
@I [HLS-0] To file: write model yuv_filter
@I [HLS-0] Finished generating RTL model list.


@I [HLS-0] RTL Generation done.
@I [HLS-0] CAS Generation done.
@I [HLS-0] CBC Generation done.
@I [HLS-100] Command "export_ssdm C:/training/hls/labs/improve_performance/yuv_filter_prj/solution2/.autopilot/db/a.export.ll "
@I [HLS-100] Command 'export_ssdm' returned 0; elapsed 0.002Total elapsed time: 9.486 sec.
@I [HLS-100] Command "source C:/training/hls/labs/improve_performance/yuv_filter_prj/solution2/.autopilot/db/global.setting.tcl "
@I [HLS-100] Command 'ap_source' returned 0; elapsed 0Total elapsed time: 9.496 sec.
@I [HLS-100] Command "source C:/Xilinx/Vivado_HLS/2016.1/common/technology/generic/autopilot/common.gen "
@I [HLS-100] Command "source C:/Xilinx/Vivado_HLS/2016.1/common/technology/generic/autopilot/APCoreGen.gen "
@I [HLS-100] Command 'ap_source' returned 0; elapsed 0.002Total elapsed time: 9.501 sec.
@I [HLS-100] Command 'ap_source' returned 0; elapsed 0.005Total elapsed time: 9.501 sec.
@I [HLS-100] Command "source C:/Xilinx/Vivado_HLS/2016.1/common/technology/generic/autopilot/op.gen "
@I [HLS-100] Command 'ap_source' returned 0; elapsed 0.003Total elapsed time: 9.504 sec.
@I [HLS-100] Command "source C:/Xilinx/Vivado_HLS/2016.1/common/technology/generic/autopilot/op_simcore.gen "
@I [HLS-100] Command 'ap_source' returned 0; elapsed 0.007Total elapsed time: 9.511 sec.
@I [HLS-100] Command "source C:/Xilinx/Vivado_HLS/2016.1/common/technology/generic/autopilot/interface.gen "
@I [HLS-100] Command 'ap_source' returned 0; elapsed 0Total elapsed time: 9.511 sec.
@I [HLS-100] Command "source C:/training/hls/labs/improve_performance/yuv_filter_prj/solution2/.autopilot/db/global.setting.tcl "
@I [HLS-100] Command 'ap_source' returned 0; elapsed 0.003Total elapsed time: 9.514 sec.
@I [HLS-100] Command "source C:/Xilinx/Vivado_HLS/2016.1/common/technology/xilinx/zynq/zynq.gen "
@I [HLS-100] Command "source C:/Xilinx/Vivado_HLS/2016.1/common/technology/xilinx/common/virtex.gen "
@I [HLS-100] Command "source C:/Xilinx/Vivado_HLS/2016.1/common/technology/xilinx/common/xilinx.gen "
@I [HLS-100] Command "source C:/Xilinx/Vivado_HLS/2016.1/common/technology/xilinx/interface/plb46.gen "
@I [HLS-100] Command 'ap_source' returned 0; elapsed 0.002Total elapsed time: 9.516 sec.
@I [HLS-100] Command "source C:/Xilinx/Vivado_HLS/2016.1/common/technology/xilinx/interface/fsl.gen "
@I [HLS-100] Command 'ap_source' returned 0; elapsed 0Total elapsed time: 9.516 sec.
@I [HLS-100] Command "source C:/Xilinx/Vivado_HLS/2016.1/common/technology/xilinx/interface/axi4.gen "
@I [HLS-100] Command 'ap_source' returned 0; elapsed 0.003Total elapsed time: 9.519 sec.
@I [HLS-100] Command "source C:/Xilinx/Vivado_HLS/2016.1/common/technology/xilinx/interface/nativeAXI4.gen "
@I [HLS-100] Command "source C:/Xilinx/Vivado_HLS/2016.1/common/technology/xilinx/interface/saxilite.gen "
@I [HLS-100] Command 'ap_source' returned 0; elapsed 0.005Total elapsed time: 9.524 sec.
@I [HLS-100] Command "source C:/Xilinx/Vivado_HLS/2016.1/common/technology/xilinx/interface/maxi.gen "
@I [HLS-100] Command 'ap_source' returned 0; elapsed 0.007Total elapsed time: 9.531 sec.
@I [HLS-100] Command 'ap_source' returned 0; elapsed 0.012Total elapsed time: 9.531 sec.
@I [HLS-100] Command "source C:/Xilinx/Vivado_HLS/2016.1/common/technology/xilinx/scripts/xilinxcoregen.gen "
@I [HLS-100] Command 'ap_source' returned 0; elapsed 0.01Total elapsed time: 9.541 sec.
@I [HLS-100] Command "source C:/Xilinx/Vivado_HLS/2016.1/common/technology/xilinx/interface/XilEDKCoreGen.gen "
@I [HLS-100] Command 'ap_source' returned 0; elapsed 0.007Total elapsed time: 9.551 sec.
@I [HLS-100] Command "source C:/Xilinx/Vivado_HLS/2016.1/common/technology/xilinx/ip/dds_compiler.gen "
@I [HLS-100] Command 'ap_source' returned 0; elapsed 0.003Total elapsed time: 9.554 sec.
@I [HLS-100] Command "source C:/Xilinx/Vivado_HLS/2016.1/common/technology/xilinx/ip/util.gen "
@I [HLS-100] Command 'ap_source' returned 0; elapsed 0Total elapsed time: 9.556 sec.
@I [HLS-100] Command "source C:/Xilinx/Vivado_HLS/2016.1/common/technology/xilinx/ip/xfft.gen "
@I [HLS-100] Command 'ap_source' returned 0; elapsed 0.085Total elapsed time: 9.641 sec.
@I [HLS-100] Command "source C:/Xilinx/Vivado_HLS/2016.1/common/technology/xilinx/ip/xfir.gen "
@I [HLS-100] Command 'ap_source' returned 0; elapsed 0Total elapsed time: 9.644 sec.
@I [HLS-100] Command 'ap_source' returned 0; elapsed 0.13Total elapsed time: 9.644 sec.
@I [HLS-100] Command "source C:/Xilinx/Vivado_HLS/2016.1/common/technology/xilinx/common/dsp48.gen "
@I [HLS-100] Command 'ap_source' returned 0; elapsed 0Total elapsed time: 9.646 sec.
@I [HLS-100] Command 'ap_source' returned 0; elapsed 0.132Total elapsed time: 9.646 sec.
@I [HLS-100] Command 'ap_source' returned 0; elapsed 0.132Total elapsed time: 9.646 sec.
@I [HLS-100] Command "source C:/Xilinx/Vivado_HLS/2016.1/common/technology/xilinx/zynq/zynq_fpv6.gen "
@I [HLS-100] Command "source C:/Xilinx/Vivado_HLS/2016.1/common/technology/xilinx/common/xilinx_fpv6.gen "
@I [HLS-100] Command 'ap_source' returned 0; elapsed 0.003Total elapsed time: 9.649 sec.
@I [HLS-100] Command 'ap_source' returned 0; elapsed 0.003Total elapsed time: 9.649 sec.
@I [HLS-100] Command "source C:/training/hls/labs/improve_performance/yuv_filter_prj/solution2/.autopilot/db/global.setting.tcl "
@I [HLS-100] Command 'ap_source' returned 0; elapsed 0Total elapsed time: 9.661 sec.
@I [HLS-100] Command "source C:/training/hls/labs/improve_performance/yuv_filter_prj/solution2/.autopilot/db/global.setting.tcl "
@I [HLS-100] Command 'ap_source' returned 0; elapsed 0Total elapsed time: 9.664 sec.
@I [HLS-100] Command "source C:/training/hls/labs/improve_performance/yuv_filter_prj/solution2/.autopilot/db/global.setting.tcl "
@I [HLS-100] Command 'ap_source' returned 0; elapsed 0.002Total elapsed time: 9.666 sec.
@I [HLS-100] Command "source C:/training/hls/labs/improve_performance/yuv_filter_prj/solution2/.autopilot/db/global.setting.tcl "
@I [HLS-100] Command 'ap_source' returned 0; elapsed 0Total elapsed time: 9.666 sec.
@I [HLS-100] Command "source C:/training/hls/labs/improve_performance/yuv_filter_prj/solution2/.autopilot/db/yuv_filter_rgb2yuv.compgen.tcl "
@I [HLS-100] Command 'ap_source' returned 0; elapsed 0.11Total elapsed time: 9.781 sec.
@I [HLS-100] Command "source C:/training/hls/labs/improve_performance/yuv_filter_prj/solution2/.autopilot/db/yuv_filter_yuv2rgb.compgen.tcl "
@I [HLS-100] Command 'ap_source' returned 0; elapsed 0.083Total elapsed time: 9.864 sec.
@I [HLS-100] Command "source C:/training/hls/labs/improve_performance/yuv_filter_prj/solution2/.autopilot/db/yuv_filter.compgen.tcl "
@I [RTMG-278] Implementing memory 'yuv_filter_p_yuv_channels_ch1_ram' using block RAMs.
@I [HLS-100] Command 'ap_source' returned 0; elapsed 0.027Total elapsed time: 9.891 sec.
@I [HLS-10] Finished generating all RTL models.
@0 [HLS-0] Finished generating all RTL models.
@I [SYSC-301] Generating SystemC RTL for yuv_filter.
@I [VHDL-304] Generating VHDL RTL for yuv_filter.
@I [VLOG-307] Generating Verilog RTL for yuv_filter.
@I [HLS-100] Command 'autosyn' returned 0; elapsed 2.683Total elapsed time: 10.354 sec.
@I [HLS-100] Command 'csynth_design' returned 0; elapsed 7.921Total elapsed time: 10.354 sec.
@I [HLS-100] Command 'ap_source' returned 0; elapsed 8.593Total elapsed time: 10.354 sec.
@I [HLS-100] Command "cleanup_all "
@I [HLS-100] Command 'cleanup_all' returned 0; elapsed 0.007Total elapsed time: 10.362 sec.
