

================================================================
== Vivado HLS Report for 'yuv_filter_rgb2yuv'
================================================================
* Date:           Fri Jun 10 18:37:24 2016

* Version:        2016.1 (Build 1538259 on Fri Apr 08 16:12:49 MDT 2016)
* Project:        yuv_filter_prj
* Solution:       solution2
* Product family: zynq
* Target device:  xc7z020clg484-1


================================================================
== Performance Estimates
================================================================
+ Timing (ns): 
    * Summary: 
    +--------+-------+----------+------------+
    |  Clock | Target| Estimated| Uncertainty|
    +--------+-------+----------+------------+
    |ap_clk  |  10.00|      8.34|        1.25|
    +--------+-------+----------+------------+

+ Latency (clock cycles): 
    * Summary: 
    +-------+---------+-------+---------+---------+
    |     Latency     |     Interval    | Pipeline|
    |  min  |   max   |  min  |   max   |   Type  |
    +-------+---------+-------+---------+---------+
    |  40009|  2457609|  40009|  2457609|   none  |
    +-------+---------+-------+---------+---------+

    + Detail: 
        * Instance: 
        N/A

        * Loop: 
        +---------------------------------+-------+---------+----------+-----------+-----------+-----------------+----------+
        |                                 |     Latency     | Iteration|  Initiation Interval  |       Trip      |          |
        |            Loop Name            |  min  |   max   |  Latency |  achieved |   target  |      Count      | Pipelined|
        +---------------------------------+-------+---------+----------+-----------+-----------+-----------------+----------+
        |- RGB2YUV_LOOP_X_RGB2YUV_LOOP_Y  |  40007|  2457607|         9|          1|          1| 40000 ~ 2457600 |    yes   |
        +---------------------------------+-------+---------+----------+-----------+-----------+-----------------+----------+

============================================================
+ Verbose Summary: Synthesis Manager
============================================================
InlineROM: 1
ExposeGlobal: 0
============================================================
+ Verbose Summary: CDFG Model
============================================================
IsTopModel: 0
ResetActiveHigh: 1
IsCombinational: 0
IsDatapathOnly: 0
HasWiredReturn: 1
HasMFsm: 0
HasVarLatency: 1
IsPipeline: 0
IsRtlPipelined: 0
IsInstanceOverlapped: 0
IsDontTouch: 0
HasImplIP: 0
IsGatedGlobalClock: 0

+ Individual pipeline summary: 
  * Pipeline-0: initiation interval (II) = 1, depth = 9


============================================================
+ Verbose Summary: Schedule
============================================================
* Number of FSM states: 11
* Pipeline: 1
  Pipeline-0: II = 1, D = 9, States = { 2 3 4 5 6 7 8 9 10 }
* Dataflow Pipeline: 0

* FSM state transitions: 
1 --> 
	2  / true
2 --> 
	11  / (exitcond_flatten)
	3  / (!exitcond_flatten)
3 --> 
	4  / true
4 --> 
	5  / true
5 --> 
	6  / true
6 --> 
	7  / true
7 --> 
	8  / true
8 --> 
	9  / true
9 --> 
	10  / true
10 --> 
	2  / true
11 --> 
* FSM state operations: 

 <State 1>: 6.38ns
ST_1: in_height_read11 [1/1] 0.00ns
:0  %in_height_read11 = call i16 @_ssdm_op_Read.ap_auto.i16(i16 %in_height_read)

ST_1: in_width_read_2 [1/1] 0.00ns
:1  %in_width_read_2 = call i16 @_ssdm_op_Read.ap_auto.i16(i16 %in_width_read)

ST_1: cast [1/1] 0.00ns
:2  %cast = zext i16 %in_width_read_2 to i32

ST_1: cast1 [1/1] 0.00ns
:3  %cast1 = zext i16 %in_height_read11 to i32

ST_1: bound [1/1] 6.38ns
:4  %bound = mul i32 %cast1, %cast

ST_1: stg_17 [1/1] 1.57ns
:5  br label %1


 <State 2>: 7.35ns
ST_2: indvar_flatten [1/1] 0.00ns
:0  %indvar_flatten = phi i32 [ 0, %0 ], [ %indvar_flatten_next, %.reset ]

ST_2: x [1/1] 0.00ns
:1  %x = phi i16 [ 0, %0 ], [ %tmp_mid2_v, %.reset ]

ST_2: y [1/1] 0.00ns
:2  %y = phi i16 [ 0, %0 ], [ %y_2, %.reset ]

ST_2: exitcond_flatten [1/1] 2.52ns
:3  %exitcond_flatten = icmp eq i32 %indvar_flatten, %bound

ST_2: indvar_flatten_next [1/1] 2.44ns
:4  %indvar_flatten_next = add i32 %indvar_flatten, 1

ST_2: stg_23 [1/1] 0.00ns
:5  br i1 %exitcond_flatten, label %2, label %.reset

ST_2: x_2 [1/1] 1.96ns
.reset:0  %x_2 = add i16 1, %x

ST_2: exitcond9 [1/1] 2.28ns
.reset:3  %exitcond9 = icmp eq i16 %y, %in_height_read11

ST_2: y_mid2 [1/1] 1.37ns
.reset:4  %y_mid2 = select i1 %exitcond9, i16 0, i16 %y

ST_2: tmp_mid2_v [1/1] 1.37ns
.reset:5  %tmp_mid2_v = select i1 %exitcond9, i16 %x_2, i16 %x

ST_2: tmp [1/1] 0.00ns
.reset:6  %tmp = trunc i16 %tmp_mid2_v to i13

ST_2: p_shl_cast [1/1] 0.00ns
.reset:7  %p_shl_cast = call i23 @_ssdm_op_BitConcatenate.i23.i13.i10(i13 %tmp, i10 0)

ST_2: tmp_20 [1/1] 0.00ns
.reset:8  %tmp_20 = trunc i16 %tmp_mid2_v to i15

ST_2: p_shl7_cast [1/1] 0.00ns
.reset:9  %p_shl7_cast = call i23 @_ssdm_op_BitConcatenate.i23.i15.i8(i15 %tmp_20, i8 0)

ST_2: tmp_s [1/1] 1.85ns
.reset:10  %tmp_s = add i23 %p_shl_cast, %p_shl7_cast

ST_2: tmp_cast [1/1] 0.00ns
.reset:14  %tmp_cast = zext i16 %y_mid2 to i23

ST_2: tmp_22 [1/1] 1.85ns
.reset:15  %tmp_22 = add i23 %tmp_cast, %tmp_s

ST_2: y_2 [1/1] 1.96ns
.reset:79  %y_2 = add i16 1, %y_mid2


 <State 3>: 2.61ns
ST_3: tmp_24_cast [1/1] 0.00ns
.reset:16  %tmp_24_cast = zext i23 %tmp_22 to i64

ST_3: in_channels_ch1_addr [1/1] 0.00ns
.reset:17  %in_channels_ch1_addr = getelementptr [2457600 x i8]* %in_channels_ch1, i64 0, i64 %tmp_24_cast

ST_3: in_channels_ch2_addr [1/1] 0.00ns
.reset:18  %in_channels_ch2_addr = getelementptr [2457600 x i8]* %in_channels_ch2, i64 0, i64 %tmp_24_cast

ST_3: R [4/4] 2.61ns
.reset:23  %R = load i8* %in_channels_ch1_addr, align 1

ST_3: G [4/4] 2.61ns
.reset:24  %G = load i8* %in_channels_ch2_addr, align 1


 <State 4>: 2.61ns
ST_4: in_channels_ch3_addr [1/1] 0.00ns
.reset:19  %in_channels_ch3_addr = getelementptr [2457600 x i8]* %in_channels_ch3, i64 0, i64 %tmp_24_cast

ST_4: R [3/4] 2.61ns
.reset:23  %R = load i8* %in_channels_ch1_addr, align 1

ST_4: G [3/4] 2.61ns
.reset:24  %G = load i8* %in_channels_ch2_addr, align 1

ST_4: B [4/4] 2.61ns
.reset:25  %B = load i8* %in_channels_ch3_addr, align 1


 <State 5>: 2.61ns
ST_5: R [2/4] 2.61ns
.reset:23  %R = load i8* %in_channels_ch1_addr, align 1

ST_5: G [2/4] 2.61ns
.reset:24  %G = load i8* %in_channels_ch2_addr, align 1

ST_5: B [3/4] 2.61ns
.reset:25  %B = load i8* %in_channels_ch3_addr, align 1


 <State 6>: 2.61ns
ST_6: R [1/4] 2.61ns
.reset:23  %R = load i8* %in_channels_ch1_addr, align 1

ST_6: G [1/4] 2.61ns
.reset:24  %G = load i8* %in_channels_ch2_addr, align 1

ST_6: B [2/4] 2.61ns
.reset:25  %B = load i8* %in_channels_ch3_addr, align 1


 <State 7>: 6.38ns
ST_7: B [1/4] 2.61ns
.reset:25  %B = load i8* %in_channels_ch3_addr, align 1

ST_7: tmp_33_cast1 [1/1] 0.00ns
.reset:26  %tmp_33_cast1 = zext i8 %R to i16

ST_7: tmp_35_cast1 [1/1] 0.00ns
.reset:32  %tmp_35_cast1 = zext i8 %G to i16

ST_7: tmp_27 [1/1] 6.38ns
.reset:50  %tmp_27 = mul i16 -74, %tmp_35_cast1

ST_7: tmp_31 [1/1] 6.38ns
.reset:62  %tmp_31 = mul i16 122, %tmp_33_cast1


 <State 8>: 8.34ns
ST_8: tmp_33_cast2 [1/1] 0.00ns
.reset:27  %tmp_33_cast2 = zext i8 %R to i15

ST_8: p_shl5 [1/1] 0.00ns
.reset:28  %p_shl5 = call i14 @_ssdm_op_BitConcatenate.i14.i8.i6(i8 %R, i6 0)

ST_8: p_shl5_cast [1/1] 0.00ns
.reset:29  %p_shl5_cast = zext i14 %p_shl5 to i15

ST_8: p_shl6 [1/1] 0.00ns
.reset:30  %p_shl6 = call i9 @_ssdm_op_BitConcatenate.i9.i8.i1(i8 %R, i1 false)

ST_8: p_shl6_cast [1/1] 0.00ns
.reset:31  %p_shl6_cast = zext i9 %p_shl6 to i15

ST_8: tmp_35_cast2 [1/1] 0.00ns
.reset:33  %tmp_35_cast2 = zext i8 %G to i9

ST_8: p_shl4 [1/1] 0.00ns
.reset:34  %p_shl4 = call i15 @_ssdm_op_BitConcatenate.i15.i8.i7(i8 %G, i7 0)

ST_8: p_shl4_cast [1/1] 0.00ns
.reset:35  %p_shl4_cast = zext i15 %p_shl4 to i16

ST_8: tmp_37_cast1 [1/1] 0.00ns
.reset:36  %tmp_37_cast1 = zext i8 %B to i13

ST_8: tmp_23 [1/1] 3.36ns
.reset:37  %tmp_23 = mul i13 25, %tmp_37_cast1

ST_8: tmp2 [1/1] 1.96ns
.reset:38  %tmp2 = add i15 %p_shl6_cast, %p_shl5_cast

ST_8: tmp2_cast [1/1] 0.00ns
.reset:39  %tmp2_cast = zext i15 %tmp2 to i16

ST_8: tmp1 [1/1] 1.73ns
.reset:40  %tmp1 = add i16 %tmp2_cast, %p_shl4_cast

ST_8: tmp4 [1/1] 1.84ns
.reset:41  %tmp4 = add i9 128, %tmp_35_cast2

ST_8: tmp4_cast [1/1] 0.00ns
.reset:42  %tmp4_cast = zext i9 %tmp4 to i13

ST_8: tmp3 [1/1] 3.02ns
.reset:43  %tmp3 = add i13 %tmp4_cast, %tmp_23

ST_8: tmp3_cast [1/1] 0.00ns
.reset:44  %tmp3_cast = zext i13 %tmp3 to i16

ST_8: tmp_24 [1/1] 1.73ns
.reset:45  %tmp_24 = add i16 %tmp3_cast, %tmp1

ST_8: tmp_25 [1/1] 0.00ns
.reset:46  %tmp_25 = call i8 @_ssdm_op_PartSelect.i8.i16.i32.i32(i16 %tmp_24, i32 8, i32 15)

ST_8: tmp_26 [1/1] 3.36ns
.reset:48  %tmp_26 = mul i15 -38, %tmp_33_cast2

ST_8: tmp_44_cast [1/1] 0.00ns
.reset:49  %tmp_44_cast = sext i15 %tmp_26 to i16

ST_8: p_shl2 [1/1] 0.00ns
.reset:51  %p_shl2 = call i15 @_ssdm_op_BitConcatenate.i15.i8.i7(i8 %B, i7 0)

ST_8: p_shl2_cast [1/1] 0.00ns
.reset:52  %p_shl2_cast = zext i15 %p_shl2 to i16

ST_8: p_shl3 [1/1] 0.00ns
.reset:53  %p_shl3 = call i12 @_ssdm_op_BitConcatenate.i12.i8.i4(i8 %B, i4 0)

ST_8: p_shl3_cast9 [1/1] 0.00ns
.reset:54  %p_shl3_cast9 = zext i12 %p_shl3 to i13

ST_8: p_shl3_cast [1/1] 0.00ns
.reset:55  %p_shl3_cast = zext i12 %p_shl3 to i16

ST_8: tmp_28 [1/1] 1.96ns
.reset:56  %tmp_28 = sub i16 %p_shl2_cast, %p_shl3_cast

ST_8: tmp5 [1/1] 3.02ns
.reset:57  %tmp5 = add i16 %tmp_44_cast, %tmp_27

ST_8: tmp6 [1/1] 1.73ns
.reset:58  %tmp6 = add i16 128, %tmp_28

ST_8: tmp_29 [1/1] 1.73ns
.reset:59  %tmp_29 = add i16 %tmp6, %tmp5

ST_8: tmp_30 [1/1] 0.00ns
.reset:60  %tmp_30 = call i8 @_ssdm_op_PartSelect.i8.i16.i32.i32(i16 %tmp_29, i32 8, i32 15)

ST_8: tmp_32 [1/1] 3.36ns
.reset:63  %tmp_32 = mul i16 -94, %tmp_35_cast1

ST_8: p_neg [1/1] 1.84ns
.reset:64  %p_neg = sub i13 0, %p_shl3_cast9

ST_8: p_neg_cast [1/1] 0.00ns
.reset:65  %p_neg_cast = sext i13 %p_neg to i14

ST_8: p_shl1 [1/1] 0.00ns
.reset:66  %p_shl1 = call i9 @_ssdm_op_BitConcatenate.i9.i8.i1(i8 %B, i1 false)

ST_8: p_shl1_cast [1/1] 0.00ns
.reset:67  %p_shl1_cast = zext i9 %p_shl1 to i14

ST_8: tmp_33 [1/1] 1.73ns
.reset:68  %tmp_33 = sub i14 %p_neg_cast, %p_shl1_cast

ST_8: tmp7 [1/1] 3.02ns
.reset:69  %tmp7 = add i16 %tmp_31, %tmp_32

ST_8: tmp8 [1/1] 1.73ns
.reset:70  %tmp8 = add i14 128, %tmp_33

ST_8: tmp8_cast [1/1] 0.00ns
.reset:71  %tmp8_cast = sext i14 %tmp8 to i16

ST_8: tmp_34 [1/1] 1.96ns
.reset:72  %tmp_34 = add i16 %tmp8_cast, %tmp7

ST_8: tmp_35 [1/1] 0.00ns
.reset:73  %tmp_35 = call i8 @_ssdm_op_PartSelect.i8.i16.i32.i32(i16 %tmp_34, i32 8, i32 15)


 <State 9>: 4.33ns
ST_9: out_channels_ch1_addr [1/1] 0.00ns
.reset:20  %out_channels_ch1_addr = getelementptr [2457600 x i8]* %out_channels_ch1, i64 0, i64 %tmp_24_cast

ST_9: out_channels_ch2_addr [1/1] 0.00ns
.reset:21  %out_channels_ch2_addr = getelementptr [2457600 x i8]* %out_channels_ch2, i64 0, i64 %tmp_24_cast

ST_9: out_channels_ch3_addr [1/1] 0.00ns
.reset:22  %out_channels_ch3_addr = getelementptr [2457600 x i8]* %out_channels_ch3, i64 0, i64 %tmp_24_cast

ST_9: Y [1/1] 1.72ns
.reset:47  %Y = add i8 16, %tmp_25

ST_9: U [1/1] 1.37ns
.reset:61  %U = xor i8 %tmp_30, -128

ST_9: V [1/1] 1.37ns
.reset:74  %V = xor i8 %tmp_35, -128

ST_9: stg_104 [2/2] 2.61ns
.reset:75  store i8 %Y, i8* %out_channels_ch1_addr, align 1

ST_9: stg_105 [2/2] 2.61ns
.reset:76  store i8 %U, i8* %out_channels_ch2_addr, align 1

ST_9: stg_106 [2/2] 2.61ns
.reset:77  store i8 %V, i8* %out_channels_ch3_addr, align 1


 <State 10>: 2.61ns
ST_10: stg_107 [1/1] 0.00ns
.reset:1  call void (...)* @_ssdm_op_SpecLoopName([30 x i8]* @RGB2YUV_LOOP_X_RGB2YUV_LOOP_Y_s)

ST_10: stg_108 [1/1] 0.00ns
.reset:2  call void (...)* @_ssdm_op_SpecLoopTripCount(i64 40000, i64 2457600, i64 784400)

ST_10: stg_109 [1/1] 0.00ns
.reset:11  call void (...)* @_ssdm_op_SpecLoopName([15 x i8]* @p_str2) nounwind

ST_10: tmp_21 [1/1] 0.00ns
.reset:12  %tmp_21 = call i32 (...)* @_ssdm_op_SpecRegionBegin([15 x i8]* @p_str2)

ST_10: stg_111 [1/1] 0.00ns
.reset:13  call void (...)* @_ssdm_op_SpecPipeline(i32 -1, i32 1, i32 1, i32 0, [1 x i8]* @p_str) nounwind

ST_10: stg_112 [1/2] 2.61ns
.reset:75  store i8 %Y, i8* %out_channels_ch1_addr, align 1

ST_10: stg_113 [1/2] 2.61ns
.reset:76  store i8 %U, i8* %out_channels_ch2_addr, align 1

ST_10: stg_114 [1/2] 2.61ns
.reset:77  store i8 %V, i8* %out_channels_ch3_addr, align 1

ST_10: empty [1/1] 0.00ns
.reset:78  %empty = call i32 (...)* @_ssdm_op_SpecRegionEnd([15 x i8]* @p_str2, i32 %tmp_21)

ST_10: stg_116 [1/1] 0.00ns
.reset:80  br label %1


 <State 11>: 0.00ns
ST_11: mrv [1/1] 0.00ns
:0  %mrv = insertvalue { i16, i16 } undef, i16 %in_width_read_2, 0

ST_11: mrv_1 [1/1] 0.00ns
:1  %mrv_1 = insertvalue { i16, i16 } %mrv, i16 %in_height_read11, 1

ST_11: stg_119 [1/1] 0.00ns
:2  ret { i16, i16 } %mrv_1



============================================================
+ Verbose Summary: Binding
============================================================
STG Binding: 
---------------- STG Properties BEGIN ----------------
- Is combinational: 0
- Is one-state seq: 0
- Is datapath-only: 0
- Is clock enabled: 0
- Is pipelined: 0
- Is top level: 0
Port [ Return ] is wired: 1; IO mode=ap_ctrl_hs:ce=0
Port [ in_channels_ch1]:  wired=1; compound=1; hidden=0; nouse=0; global=0; static=0; extern=0; dir=0; type=1; pingpong=0; private_global=0; MemPort=[13]; IO mode=ap_memory:ce=0
Port [ in_channels_ch2]:  wired=1; compound=1; hidden=0; nouse=0; global=0; static=0; extern=0; dir=0; type=1; pingpong=0; private_global=0; MemPort=[13]; IO mode=ap_memory:ce=0
Port [ in_channels_ch3]:  wired=1; compound=1; hidden=0; nouse=0; global=0; static=0; extern=0; dir=0; type=1; pingpong=0; private_global=0; MemPort=[13]; IO mode=ap_memory:ce=0
Port [ out_width]:  wired=1; compound=0; hidden=0; nouse=0; global=0; static=0; extern=0; dir=0; type=0; pingpong=0; private_global=0; IO mode=ap_none:ce=0
Port [ out_height]:  wired=1; compound=0; hidden=0; nouse=0; global=0; static=0; extern=0; dir=0; type=0; pingpong=0; private_global=0; IO mode=ap_none:ce=0
Port [ out_channels_ch1]:  wired=1; compound=1; hidden=0; nouse=0; global=0; static=0; extern=0; dir=1; type=1; pingpong=0; private_global=0; MemPort=[03]; IO mode=ap_memory:ce=0
Port [ out_channels_ch2]:  wired=1; compound=1; hidden=0; nouse=0; global=0; static=0; extern=0; dir=1; type=1; pingpong=0; private_global=0; MemPort=[03]; IO mode=ap_memory:ce=0
Port [ out_channels_ch3]:  wired=1; compound=1; hidden=0; nouse=0; global=0; static=0; extern=0; dir=1; type=1; pingpong=0; private_global=0; MemPort=[03]; IO mode=ap_memory:ce=0
---------------- STG Properties END ------------------

---------------- Datapath Model BEGIN ----------------

<LifeTime>
<method=bitvector/>
in_height_read11      (read             ) [ 001111111111]
in_width_read_2       (read             ) [ 001111111111]
cast                  (zext             ) [ 000000000000]
cast1                 (zext             ) [ 000000000000]
bound                 (mul              ) [ 001111111110]
stg_17                (br               ) [ 011111111110]
indvar_flatten        (phi              ) [ 001000000000]
x                     (phi              ) [ 001000000000]
y                     (phi              ) [ 001000000000]
exitcond_flatten      (icmp             ) [ 001111111110]
indvar_flatten_next   (add              ) [ 011111111110]
stg_23                (br               ) [ 000000000000]
x_2                   (add              ) [ 000000000000]
exitcond9             (icmp             ) [ 000000000000]
y_mid2                (select           ) [ 000000000000]
tmp_mid2_v            (select           ) [ 011111111110]
tmp                   (trunc            ) [ 000000000000]
p_shl_cast            (bitconcatenate   ) [ 000000000000]
tmp_20                (trunc            ) [ 000000000000]
p_shl7_cast           (bitconcatenate   ) [ 000000000000]
tmp_s                 (add              ) [ 000000000000]
tmp_cast              (zext             ) [ 000000000000]
tmp_22                (add              ) [ 001100000000]
y_2                   (add              ) [ 011111111110]
tmp_24_cast           (zext             ) [ 001011111100]
in_channels_ch1_addr  (getelementptr    ) [ 001011100000]
in_channels_ch2_addr  (getelementptr    ) [ 001011100000]
in_channels_ch3_addr  (getelementptr    ) [ 001001110000]
R                     (load             ) [ 001000011000]
G                     (load             ) [ 001000011000]
B                     (load             ) [ 001000001000]
tmp_33_cast1          (zext             ) [ 000000000000]
tmp_35_cast1          (zext             ) [ 001000001000]
tmp_27                (mul              ) [ 001000001000]
tmp_31                (mul              ) [ 001000001000]
tmp_33_cast2          (zext             ) [ 000000000000]
p_shl5                (bitconcatenate   ) [ 000000000000]
p_shl5_cast           (zext             ) [ 000000000000]
p_shl6                (bitconcatenate   ) [ 000000000000]
p_shl6_cast           (zext             ) [ 000000000000]
tmp_35_cast2          (zext             ) [ 000000000000]
p_shl4                (bitconcatenate   ) [ 000000000000]
p_shl4_cast           (zext             ) [ 000000000000]
tmp_37_cast1          (zext             ) [ 000000000000]
tmp_23                (mul              ) [ 000000000000]
tmp2                  (add              ) [ 000000000000]
tmp2_cast             (zext             ) [ 000000000000]
tmp1                  (add              ) [ 000000000000]
tmp4                  (add              ) [ 000000000000]
tmp4_cast             (zext             ) [ 000000000000]
tmp3                  (add              ) [ 000000000000]
tmp3_cast             (zext             ) [ 000000000000]
tmp_24                (add              ) [ 000000000000]
tmp_25                (partselect       ) [ 001000000100]
tmp_26                (mul              ) [ 000000000000]
tmp_44_cast           (sext             ) [ 000000000000]
p_shl2                (bitconcatenate   ) [ 000000000000]
p_shl2_cast           (zext             ) [ 000000000000]
p_shl3                (bitconcatenate   ) [ 000000000000]
p_shl3_cast9          (zext             ) [ 000000000000]
p_shl3_cast           (zext             ) [ 000000000000]
tmp_28                (sub              ) [ 000000000000]
tmp5                  (add              ) [ 000000000000]
tmp6                  (add              ) [ 000000000000]
tmp_29                (add              ) [ 000000000000]
tmp_30                (partselect       ) [ 001000000100]
tmp_32                (mul              ) [ 000000000000]
p_neg                 (sub              ) [ 000000000000]
p_neg_cast            (sext             ) [ 000000000000]
p_shl1                (bitconcatenate   ) [ 000000000000]
p_shl1_cast           (zext             ) [ 000000000000]
tmp_33                (sub              ) [ 000000000000]
tmp7                  (add              ) [ 000000000000]
tmp8                  (add              ) [ 000000000000]
tmp8_cast             (sext             ) [ 000000000000]
tmp_34                (add              ) [ 000000000000]
tmp_35                (partselect       ) [ 001000000100]
out_channels_ch1_addr (getelementptr    ) [ 001000000010]
out_channels_ch2_addr (getelementptr    ) [ 001000000010]
out_channels_ch3_addr (getelementptr    ) [ 001000000010]
Y                     (add              ) [ 001000000010]
U                     (xor              ) [ 001000000010]
V                     (xor              ) [ 001000000010]
stg_107               (specloopname     ) [ 000000000000]
stg_108               (speclooptripcount) [ 000000000000]
stg_109               (specloopname     ) [ 000000000000]
tmp_21                (specregionbegin  ) [ 000000000000]
stg_111               (specpipeline     ) [ 000000000000]
stg_112               (store            ) [ 000000000000]
stg_113               (store            ) [ 000000000000]
stg_114               (store            ) [ 000000000000]
empty                 (specregionend    ) [ 000000000000]
stg_116               (br               ) [ 011111111110]
mrv                   (insertvalue      ) [ 000000000000]
mrv_1                 (insertvalue      ) [ 000000000000]
stg_119               (ret              ) [ 000000000000]
</LifeTime>

<model>

<comp_list>
<comp id="0" class="1000" name="in_channels_ch1">
<pin_list>
<pin id="1" dir="1" index="0" bw="1" slack="0"/>
</pin_list>
<bind>
<StgValue><ssdm name="in_channels_ch1"/><MemPortTyVec>1 3 </MemPortTyVec>
</StgValue>
</bind>
</comp>

<comp id="2" class="1000" name="in_channels_ch2">
<pin_list>
<pin id="3" dir="1" index="0" bw="1" slack="0"/>
</pin_list>
<bind>
<StgValue><ssdm name="in_channels_ch2"/><MemPortTyVec>1 3 </MemPortTyVec>
</StgValue>
</bind>
</comp>

<comp id="4" class="1000" name="in_channels_ch3">
<pin_list>
<pin id="5" dir="1" index="0" bw="1" slack="0"/>
</pin_list>
<bind>
<StgValue><ssdm name="in_channels_ch3"/><MemPortTyVec>1 3 </MemPortTyVec>
</StgValue>
</bind>
</comp>

<comp id="6" class="1000" name="out_width">
<pin_list>
<pin id="7" dir="1" index="0" bw="1" slack="0"/>
</pin_list>
<bind>
<StgValue><ssdm name="out_width"/></StgValue>
</bind>
</comp>

<comp id="8" class="1000" name="out_height">
<pin_list>
<pin id="9" dir="1" index="0" bw="1" slack="0"/>
</pin_list>
<bind>
<StgValue><ssdm name="out_height"/></StgValue>
</bind>
</comp>

<comp id="10" class="1000" name="out_channels_ch1">
<pin_list>
<pin id="11" dir="1" index="0" bw="1" slack="0"/>
</pin_list>
<bind>
<StgValue><ssdm name="out_channels_ch1"/><MemPortTyVec>0 3 </MemPortTyVec>
</StgValue>
</bind>
</comp>

<comp id="12" class="1000" name="out_channels_ch2">
<pin_list>
<pin id="13" dir="1" index="0" bw="1" slack="0"/>
</pin_list>
<bind>
<StgValue><ssdm name="out_channels_ch2"/><MemPortTyVec>0 3 </MemPortTyVec>
</StgValue>
</bind>
</comp>

<comp id="14" class="1000" name="out_channels_ch3">
<pin_list>
<pin id="15" dir="1" index="0" bw="1" slack="0"/>
</pin_list>
<bind>
<StgValue><ssdm name="out_channels_ch3"/><MemPortTyVec>0 3 </MemPortTyVec>
</StgValue>
</bind>
</comp>

<comp id="16" class="1001" name="const_16">
<pin_list>
<pin id="17" dir="1" index="0" bw="1" slack="0"/>
</pin_list>
<bind>
<StgValue><ssdm name="_ssdm_op_Read.ap_auto.i16"/></StgValue>
</bind>
</comp>

<comp id="18" class="1001" name="const_18">
<pin_list>
<pin id="19" dir="1" index="0" bw="1" slack="1"/>
</pin_list>
<bind>
<StgValue><ssdm name=""/></StgValue>
</bind>
</comp>

<comp id="20" class="1001" name="const_20">
<pin_list>
<pin id="21" dir="1" index="0" bw="1" slack="0"/>
</pin_list>
<bind>
<StgValue><ssdm name=""/></StgValue>
</bind>
</comp>

<comp id="22" class="1001" name="const_22">
<pin_list>
<pin id="23" dir="1" index="0" bw="1" slack="0"/>
</pin_list>
<bind>
<StgValue><ssdm name=""/></StgValue>
</bind>
</comp>

<comp id="24" class="1001" name="const_24">
<pin_list>
<pin id="25" dir="1" index="0" bw="1" slack="0"/>
</pin_list>
<bind>
<StgValue><ssdm name=""/></StgValue>
</bind>
</comp>

<comp id="26" class="1001" name="const_26">
<pin_list>
<pin id="27" dir="1" index="0" bw="1" slack="0"/>
</pin_list>
<bind>
<StgValue><ssdm name="_ssdm_op_BitConcatenate.i23.i13.i10"/></StgValue>
</bind>
</comp>

<comp id="28" class="1001" name="const_28">
<pin_list>
<pin id="29" dir="1" index="0" bw="1" slack="0"/>
</pin_list>
<bind>
<StgValue><ssdm name=""/></StgValue>
</bind>
</comp>

<comp id="30" class="1001" name="const_30">
<pin_list>
<pin id="31" dir="1" index="0" bw="1" slack="0"/>
</pin_list>
<bind>
<StgValue><ssdm name="_ssdm_op_BitConcatenate.i23.i15.i8"/></StgValue>
</bind>
</comp>

<comp id="32" class="1001" name="const_32">
<pin_list>
<pin id="33" dir="1" index="0" bw="1" slack="0"/>
</pin_list>
<bind>
<StgValue><ssdm name=""/></StgValue>
</bind>
</comp>

<comp id="34" class="1001" name="const_34">
<pin_list>
<pin id="35" dir="1" index="0" bw="1" slack="0"/>
</pin_list>
<bind>
<StgValue><ssdm name=""/></StgValue>
</bind>
</comp>

<comp id="36" class="1001" name="const_36">
<pin_list>
<pin id="37" dir="1" index="0" bw="1" slack="0"/>
</pin_list>
<bind>
<StgValue><ssdm name=""/></StgValue>
</bind>
</comp>

<comp id="38" class="1001" name="const_38">
<pin_list>
<pin id="39" dir="1" index="0" bw="1" slack="0"/>
</pin_list>
<bind>
<StgValue><ssdm name=""/></StgValue>
</bind>
</comp>

<comp id="40" class="1001" name="const_40">
<pin_list>
<pin id="41" dir="1" index="0" bw="1" slack="0"/>
</pin_list>
<bind>
<StgValue><ssdm name="_ssdm_op_BitConcatenate.i14.i8.i6"/></StgValue>
</bind>
</comp>

<comp id="42" class="1001" name="const_42">
<pin_list>
<pin id="43" dir="1" index="0" bw="1" slack="0"/>
</pin_list>
<bind>
<StgValue><ssdm name=""/></StgValue>
</bind>
</comp>

<comp id="44" class="1001" name="const_44">
<pin_list>
<pin id="45" dir="1" index="0" bw="1" slack="0"/>
</pin_list>
<bind>
<StgValue><ssdm name="_ssdm_op_BitConcatenate.i9.i8.i1"/></StgValue>
</bind>
</comp>

<comp id="46" class="1001" name="const_46">
<pin_list>
<pin id="47" dir="1" index="0" bw="1" slack="0"/>
</pin_list>
<bind>
<StgValue><ssdm name=""/></StgValue>
</bind>
</comp>

<comp id="48" class="1001" name="const_48">
<pin_list>
<pin id="49" dir="1" index="0" bw="1" slack="0"/>
</pin_list>
<bind>
<StgValue><ssdm name="_ssdm_op_BitConcatenate.i15.i8.i7"/></StgValue>
</bind>
</comp>

<comp id="50" class="1001" name="const_50">
<pin_list>
<pin id="51" dir="1" index="0" bw="1" slack="0"/>
</pin_list>
<bind>
<StgValue><ssdm name=""/></StgValue>
</bind>
</comp>

<comp id="52" class="1001" name="const_52">
<pin_list>
<pin id="53" dir="1" index="0" bw="1" slack="0"/>
</pin_list>
<bind>
<StgValue><ssdm name=""/></StgValue>
</bind>
</comp>

<comp id="54" class="1001" name="const_54">
<pin_list>
<pin id="55" dir="1" index="0" bw="1" slack="0"/>
</pin_list>
<bind>
<StgValue><ssdm name=""/></StgValue>
</bind>
</comp>

<comp id="56" class="1001" name="const_56">
<pin_list>
<pin id="57" dir="1" index="0" bw="1" slack="0"/>
</pin_list>
<bind>
<StgValue><ssdm name="_ssdm_op_PartSelect.i8.i16.i32.i32"/></StgValue>
</bind>
</comp>

<comp id="58" class="1001" name="const_58">
<pin_list>
<pin id="59" dir="1" index="0" bw="1" slack="0"/>
</pin_list>
<bind>
<StgValue><ssdm name=""/></StgValue>
</bind>
</comp>

<comp id="60" class="1001" name="const_60">
<pin_list>
<pin id="61" dir="1" index="0" bw="1" slack="0"/>
</pin_list>
<bind>
<StgValue><ssdm name=""/></StgValue>
</bind>
</comp>

<comp id="62" class="1001" name="const_62">
<pin_list>
<pin id="63" dir="1" index="0" bw="1" slack="0"/>
</pin_list>
<bind>
<StgValue><ssdm name=""/></StgValue>
</bind>
</comp>

<comp id="64" class="1001" name="const_64">
<pin_list>
<pin id="65" dir="1" index="0" bw="1" slack="0"/>
</pin_list>
<bind>
<StgValue><ssdm name="_ssdm_op_BitConcatenate.i12.i8.i4"/></StgValue>
</bind>
</comp>

<comp id="66" class="1001" name="const_66">
<pin_list>
<pin id="67" dir="1" index="0" bw="1" slack="0"/>
</pin_list>
<bind>
<StgValue><ssdm name=""/></StgValue>
</bind>
</comp>

<comp id="68" class="1001" name="const_68">
<pin_list>
<pin id="69" dir="1" index="0" bw="1" slack="0"/>
</pin_list>
<bind>
<StgValue><ssdm name=""/></StgValue>
</bind>
</comp>

<comp id="70" class="1001" name="const_70">
<pin_list>
<pin id="71" dir="1" index="0" bw="1" slack="0"/>
</pin_list>
<bind>
<StgValue><ssdm name=""/></StgValue>
</bind>
</comp>

<comp id="72" class="1001" name="const_72">
<pin_list>
<pin id="73" dir="1" index="0" bw="1" slack="0"/>
</pin_list>
<bind>
<StgValue><ssdm name=""/></StgValue>
</bind>
</comp>

<comp id="74" class="1001" name="const_74">
<pin_list>
<pin id="75" dir="1" index="0" bw="1" slack="0"/>
</pin_list>
<bind>
<StgValue><ssdm name=""/></StgValue>
</bind>
</comp>

<comp id="76" class="1001" name="const_76">
<pin_list>
<pin id="77" dir="1" index="0" bw="1" slack="0"/>
</pin_list>
<bind>
<StgValue><ssdm name=""/></StgValue>
</bind>
</comp>

<comp id="78" class="1001" name="const_78">
<pin_list>
<pin id="79" dir="1" index="0" bw="1" slack="0"/>
</pin_list>
<bind>
<StgValue><ssdm name=""/></StgValue>
</bind>
</comp>

<comp id="80" class="1001" name="const_80">
<pin_list>
<pin id="81" dir="1" index="0" bw="1" slack="2147483647"/>
</pin_list>
<bind>
<StgValue><ssdm name="_ssdm_op_SpecLoopName"/></StgValue>
</bind>
</comp>

<comp id="82" class="1001" name="const_82">
<pin_list>
<pin id="83" dir="1" index="0" bw="1" slack="2147483647"/>
</pin_list>
<bind>
<StgValue><ssdm name="RGB2YUV_LOOP_X_RGB2YUV_LOOP_Y_s"/></StgValue>
</bind>
</comp>

<comp id="84" class="1001" name="const_84">
<pin_list>
<pin id="85" dir="1" index="0" bw="1" slack="2147483647"/>
</pin_list>
<bind>
<StgValue><ssdm name="_ssdm_op_SpecLoopTripCount"/></StgValue>
</bind>
</comp>

<comp id="86" class="1001" name="const_86">
<pin_list>
<pin id="87" dir="1" index="0" bw="1" slack="2147483647"/>
</pin_list>
<bind>
<StgValue><ssdm name=""/></StgValue>
</bind>
</comp>

<comp id="88" class="1001" name="const_88">
<pin_list>
<pin id="89" dir="1" index="0" bw="1" slack="2147483647"/>
</pin_list>
<bind>
<StgValue><ssdm name=""/></StgValue>
</bind>
</comp>

<comp id="90" class="1001" name="const_90">
<pin_list>
<pin id="91" dir="1" index="0" bw="1" slack="2147483647"/>
</pin_list>
<bind>
<StgValue><ssdm name=""/></StgValue>
</bind>
</comp>

<comp id="92" class="1001" name="const_92">
<pin_list>
<pin id="93" dir="1" index="0" bw="1" slack="2147483647"/>
</pin_list>
<bind>
<StgValue><ssdm name="p_str2"/></StgValue>
</bind>
</comp>

<comp id="94" class="1001" name="const_94">
<pin_list>
<pin id="95" dir="1" index="0" bw="1" slack="2147483647"/>
</pin_list>
<bind>
<StgValue><ssdm name="_ssdm_op_SpecRegionBegin"/></StgValue>
</bind>
</comp>

<comp id="96" class="1001" name="const_96">
<pin_list>
<pin id="97" dir="1" index="0" bw="1" slack="2147483647"/>
</pin_list>
<bind>
<StgValue><ssdm name="_ssdm_op_SpecPipeline"/></StgValue>
</bind>
</comp>

<comp id="98" class="1001" name="const_98">
<pin_list>
<pin id="99" dir="1" index="0" bw="1" slack="2147483647"/>
</pin_list>
<bind>
<StgValue><ssdm name=""/></StgValue>
</bind>
</comp>

<comp id="100" class="1001" name="const_100">
<pin_list>
<pin id="101" dir="1" index="0" bw="1" slack="2147483647"/>
</pin_list>
<bind>
<StgValue><ssdm name="p_str"/></StgValue>
</bind>
</comp>

<comp id="102" class="1001" name="const_102">
<pin_list>
<pin id="103" dir="1" index="0" bw="1" slack="2147483647"/>
</pin_list>
<bind>
<StgValue><ssdm name="_ssdm_op_SpecRegionEnd"/></StgValue>
</bind>
</comp>

<comp id="104" class="1001" name="const_104">
<pin_list>
<pin id="105" dir="1" index="0" bw="1" slack="0"/>
</pin_list>
<bind>
<StgValue><ssdm name=""/></StgValue>
</bind>
</comp>

<comp id="106" class="1004" name="in_height_read11_read_fu_106">
<pin_list>
<pin id="107" dir="0" index="0" bw="16" slack="0"/>
<pin id="108" dir="0" index="1" bw="16" slack="0"/>
<pin id="109" dir="1" index="2" bw="16" slack="0"/>
</pin_list>
<bind>
<opcode="read(1150) " fcode="read"/>
<opset="in_height_read11/1 "/>
</bind>
</comp>

<comp id="112" class="1004" name="in_width_read_2_read_fu_112">
<pin_list>
<pin id="113" dir="0" index="0" bw="16" slack="0"/>
<pin id="114" dir="0" index="1" bw="16" slack="0"/>
<pin id="115" dir="1" index="2" bw="16" slack="0"/>
</pin_list>
<bind>
<opcode="read(1150) " fcode="read"/>
<opset="in_width_read_2/1 "/>
</bind>
</comp>

<comp id="118" class="1004" name="in_channels_ch1_addr_gep_fu_118">
<pin_list>
<pin id="119" dir="0" index="0" bw="8" slack="0"/>
<pin id="120" dir="0" index="1" bw="1" slack="0"/>
<pin id="121" dir="0" index="2" bw="23" slack="0"/>
<pin id="122" dir="1" index="3" bw="22" slack="0"/>
</pin_list>
<bind>
<opcode="getelementptr(29) " fcode="getelementptr"/>
<opset="in_channels_ch1_addr/3 "/>
</bind>
</comp>

<comp id="125" class="1004" name="in_channels_ch2_addr_gep_fu_125">
<pin_list>
<pin id="126" dir="0" index="0" bw="8" slack="0"/>
<pin id="127" dir="0" index="1" bw="1" slack="0"/>
<pin id="128" dir="0" index="2" bw="23" slack="0"/>
<pin id="129" dir="1" index="3" bw="22" slack="0"/>
</pin_list>
<bind>
<opcode="getelementptr(29) " fcode="getelementptr"/>
<opset="in_channels_ch2_addr/3 "/>
</bind>
</comp>

<comp id="132" class="1004" name="grp_access_fu_132">
<pin_list>
<pin id="133" dir="0" index="0" bw="22" slack="0"/>
<pin id="134" dir="0" index="1" bw="8" slack="2147483647"/>
<pin id="135" dir="1" index="2" bw="8" slack="1"/>
</pin_list>
<bind>
<opcode="load(27) " fcode="load"/>
<opset="R/3 "/>
</bind>
</comp>

<comp id="137" class="1004" name="grp_access_fu_137">
<pin_list>
<pin id="138" dir="0" index="0" bw="22" slack="0"/>
<pin id="139" dir="0" index="1" bw="8" slack="2147483647"/>
<pin id="140" dir="1" index="2" bw="8" slack="1"/>
</pin_list>
<bind>
<opcode="load(27) " fcode="load"/>
<opset="G/3 "/>
</bind>
</comp>

<comp id="142" class="1004" name="in_channels_ch3_addr_gep_fu_142">
<pin_list>
<pin id="143" dir="0" index="0" bw="8" slack="0"/>
<pin id="144" dir="0" index="1" bw="1" slack="0"/>
<pin id="145" dir="0" index="2" bw="23" slack="1"/>
<pin id="146" dir="1" index="3" bw="22" slack="0"/>
</pin_list>
<bind>
<opcode="getelementptr(29) " fcode="getelementptr"/>
<opset="in_channels_ch3_addr/4 "/>
</bind>
</comp>

<comp id="149" class="1004" name="grp_access_fu_149">
<pin_list>
<pin id="150" dir="0" index="0" bw="22" slack="0"/>
<pin id="151" dir="0" index="1" bw="8" slack="2147483647"/>
<pin id="152" dir="1" index="2" bw="8" slack="1"/>
</pin_list>
<bind>
<opcode="load(27) " fcode="load"/>
<opset="B/4 "/>
</bind>
</comp>

<comp id="154" class="1004" name="out_channels_ch1_addr_gep_fu_154">
<pin_list>
<pin id="155" dir="0" index="0" bw="8" slack="0"/>
<pin id="156" dir="0" index="1" bw="1" slack="0"/>
<pin id="157" dir="0" index="2" bw="23" slack="6"/>
<pin id="158" dir="1" index="3" bw="22" slack="0"/>
</pin_list>
<bind>
<opcode="getelementptr(29) " fcode="getelementptr"/>
<opset="out_channels_ch1_addr/9 "/>
</bind>
</comp>

<comp id="161" class="1004" name="out_channels_ch2_addr_gep_fu_161">
<pin_list>
<pin id="162" dir="0" index="0" bw="8" slack="0"/>
<pin id="163" dir="0" index="1" bw="1" slack="0"/>
<pin id="164" dir="0" index="2" bw="23" slack="6"/>
<pin id="165" dir="1" index="3" bw="22" slack="0"/>
</pin_list>
<bind>
<opcode="getelementptr(29) " fcode="getelementptr"/>
<opset="out_channels_ch2_addr/9 "/>
</bind>
</comp>

<comp id="168" class="1004" name="out_channels_ch3_addr_gep_fu_168">
<pin_list>
<pin id="169" dir="0" index="0" bw="8" slack="0"/>
<pin id="170" dir="0" index="1" bw="1" slack="0"/>
<pin id="171" dir="0" index="2" bw="23" slack="6"/>
<pin id="172" dir="1" index="3" bw="22" slack="0"/>
</pin_list>
<bind>
<opcode="getelementptr(29) " fcode="getelementptr"/>
<opset="out_channels_ch3_addr/9 "/>
</bind>
</comp>

<comp id="175" class="1004" name="grp_access_fu_175">
<pin_list>
<pin id="176" dir="0" index="0" bw="22" slack="0"/>
<pin id="177" dir="0" index="1" bw="8" slack="0"/>
<pin id="178" dir="1" index="2" bw="8" slack="2147483647"/>
</pin_list>
<bind>
<opcode="store(28) " fcode="store"/>
<opset="stg_104/9 "/>
</bind>
</comp>

<comp id="180" class="1004" name="grp_access_fu_180">
<pin_list>
<pin id="181" dir="0" index="0" bw="22" slack="0"/>
<pin id="182" dir="0" index="1" bw="8" slack="0"/>
<pin id="183" dir="1" index="2" bw="8" slack="2147483647"/>
</pin_list>
<bind>
<opcode="store(28) " fcode="store"/>
<opset="stg_105/9 "/>
</bind>
</comp>

<comp id="185" class="1004" name="grp_access_fu_185">
<pin_list>
<pin id="186" dir="0" index="0" bw="22" slack="0"/>
<pin id="187" dir="0" index="1" bw="8" slack="0"/>
<pin id="188" dir="1" index="2" bw="8" slack="2147483647"/>
</pin_list>
<bind>
<opcode="store(28) " fcode="store"/>
<opset="stg_106/9 "/>
</bind>
</comp>

<comp id="190" class="1005" name="indvar_flatten_reg_190">
<pin_list>
<pin id="191" dir="0" index="0" bw="32" slack="1"/>
<pin id="192" dir="1" index="1" bw="32" slack="1"/>
</pin_list>
<bind>
<opset="indvar_flatten (phireg) "/>
</bind>
</comp>

<comp id="194" class="1004" name="indvar_flatten_phi_fu_194">
<pin_list>
<pin id="195" dir="0" index="0" bw="1" slack="1"/>
<pin id="196" dir="0" index="1" bw="0" slack="2147483647"/>
<pin id="197" dir="0" index="2" bw="32" slack="0"/>
<pin id="198" dir="0" index="3" bw="0" slack="2147483647"/>
<pin id="199" dir="1" index="4" bw="32" slack="0"/>
</pin_list>
<bind>
<opcode="phi(47) " fcode="phi"/>
<opset="indvar_flatten/2 "/>
</bind>
</comp>

<comp id="201" class="1005" name="x_reg_201">
<pin_list>
<pin id="202" dir="0" index="0" bw="16" slack="1"/>
<pin id="203" dir="1" index="1" bw="16" slack="1"/>
</pin_list>
<bind>
<opset="x (phireg) "/>
</bind>
</comp>

<comp id="205" class="1004" name="x_phi_fu_205">
<pin_list>
<pin id="206" dir="0" index="0" bw="1" slack="1"/>
<pin id="207" dir="0" index="1" bw="0" slack="2147483647"/>
<pin id="208" dir="0" index="2" bw="16" slack="0"/>
<pin id="209" dir="0" index="3" bw="0" slack="2147483647"/>
<pin id="210" dir="1" index="4" bw="16" slack="0"/>
</pin_list>
<bind>
<opcode="phi(47) " fcode="phi"/>
<opset="x/2 "/>
</bind>
</comp>

<comp id="212" class="1005" name="y_reg_212">
<pin_list>
<pin id="213" dir="0" index="0" bw="16" slack="1"/>
<pin id="214" dir="1" index="1" bw="16" slack="1"/>
</pin_list>
<bind>
<opset="y (phireg) "/>
</bind>
</comp>

<comp id="216" class="1004" name="y_phi_fu_216">
<pin_list>
<pin id="217" dir="0" index="0" bw="1" slack="1"/>
<pin id="218" dir="0" index="1" bw="0" slack="2147483647"/>
<pin id="219" dir="0" index="2" bw="16" slack="0"/>
<pin id="220" dir="0" index="3" bw="0" slack="2147483647"/>
<pin id="221" dir="1" index="4" bw="16" slack="0"/>
</pin_list>
<bind>
<opcode="phi(47) " fcode="phi"/>
<opset="y/2 "/>
</bind>
</comp>

<comp id="223" class="1004" name="cast_fu_223">
<pin_list>
<pin id="224" dir="0" index="0" bw="16" slack="0"/>
<pin id="225" dir="1" index="1" bw="32" slack="0"/>
</pin_list>
<bind>
<opcode="zext(34) " fcode="zext"/>
<opset="cast/1 "/>
</bind>
</comp>

<comp id="227" class="1004" name="cast1_fu_227">
<pin_list>
<pin id="228" dir="0" index="0" bw="16" slack="0"/>
<pin id="229" dir="1" index="1" bw="32" slack="0"/>
</pin_list>
<bind>
<opcode="zext(34) " fcode="zext"/>
<opset="cast1/1 "/>
</bind>
</comp>

<comp id="231" class="1004" name="exitcond_flatten_fu_231">
<pin_list>
<pin id="232" dir="0" index="0" bw="32" slack="0"/>
<pin id="233" dir="0" index="1" bw="32" slack="1"/>
<pin id="234" dir="1" index="2" bw="1" slack="1"/>
</pin_list>
<bind>
<opcode="icmp(45) " fcode="icmp"/>
<opset="exitcond_flatten/2 "/>
</bind>
</comp>

<comp id="236" class="1004" name="indvar_flatten_next_fu_236">
<pin_list>
<pin id="237" dir="0" index="0" bw="32" slack="0"/>
<pin id="238" dir="0" index="1" bw="1" slack="0"/>
<pin id="239" dir="1" index="2" bw="32" slack="0"/>
</pin_list>
<bind>
<opcode="add(8) " fcode="add"/>
<opset="indvar_flatten_next/2 "/>
</bind>
</comp>

<comp id="242" class="1004" name="x_2_fu_242">
<pin_list>
<pin id="243" dir="0" index="0" bw="1" slack="0"/>
<pin id="244" dir="0" index="1" bw="16" slack="0"/>
<pin id="245" dir="1" index="2" bw="16" slack="0"/>
</pin_list>
<bind>
<opcode="add(8) " fcode="add"/>
<opset="x_2/2 "/>
</bind>
</comp>

<comp id="248" class="1004" name="exitcond9_fu_248">
<pin_list>
<pin id="249" dir="0" index="0" bw="16" slack="0"/>
<pin id="250" dir="0" index="1" bw="16" slack="1"/>
<pin id="251" dir="1" index="2" bw="1" slack="0"/>
</pin_list>
<bind>
<opcode="icmp(45) " fcode="icmp"/>
<opset="exitcond9/2 "/>
</bind>
</comp>

<comp id="253" class="1004" name="y_mid2_fu_253">
<pin_list>
<pin id="254" dir="0" index="0" bw="1" slack="0"/>
<pin id="255" dir="0" index="1" bw="1" slack="0"/>
<pin id="256" dir="0" index="2" bw="16" slack="0"/>
<pin id="257" dir="1" index="3" bw="16" slack="0"/>
</pin_list>
<bind>
<opcode="select(49) " fcode="select"/>
<opset="y_mid2/2 "/>
</bind>
</comp>

<comp id="261" class="1004" name="tmp_mid2_v_fu_261">
<pin_list>
<pin id="262" dir="0" index="0" bw="1" slack="0"/>
<pin id="263" dir="0" index="1" bw="16" slack="0"/>
<pin id="264" dir="0" index="2" bw="16" slack="0"/>
<pin id="265" dir="1" index="3" bw="16" slack="0"/>
</pin_list>
<bind>
<opcode="select(49) " fcode="select"/>
<opset="tmp_mid2_v/2 "/>
</bind>
</comp>

<comp id="269" class="1004" name="tmp_fu_269">
<pin_list>
<pin id="270" dir="0" index="0" bw="16" slack="0"/>
<pin id="271" dir="1" index="1" bw="13" slack="0"/>
</pin_list>
<bind>
<opcode="trunc(33) " fcode="trunc"/>
<opset="tmp/2 "/>
</bind>
</comp>

<comp id="273" class="1004" name="p_shl_cast_fu_273">
<pin_list>
<pin id="274" dir="0" index="0" bw="23" slack="0"/>
<pin id="275" dir="0" index="1" bw="13" slack="0"/>
<pin id="276" dir="0" index="2" bw="1" slack="0"/>
<pin id="277" dir="1" index="3" bw="23" slack="0"/>
</pin_list>
<bind>
<opcode="bitconcatenate(1004) " fcode="bitconcatenate"/>
<opset="p_shl_cast/2 "/>
</bind>
</comp>

<comp id="281" class="1004" name="tmp_20_fu_281">
<pin_list>
<pin id="282" dir="0" index="0" bw="16" slack="0"/>
<pin id="283" dir="1" index="1" bw="15" slack="0"/>
</pin_list>
<bind>
<opcode="trunc(33) " fcode="trunc"/>
<opset="tmp_20/2 "/>
</bind>
</comp>

<comp id="285" class="1004" name="p_shl7_cast_fu_285">
<pin_list>
<pin id="286" dir="0" index="0" bw="23" slack="0"/>
<pin id="287" dir="0" index="1" bw="15" slack="0"/>
<pin id="288" dir="0" index="2" bw="1" slack="0"/>
<pin id="289" dir="1" index="3" bw="23" slack="0"/>
</pin_list>
<bind>
<opcode="bitconcatenate(1004) " fcode="bitconcatenate"/>
<opset="p_shl7_cast/2 "/>
</bind>
</comp>

<comp id="293" class="1004" name="tmp_s_fu_293">
<pin_list>
<pin id="294" dir="0" index="0" bw="23" slack="0"/>
<pin id="295" dir="0" index="1" bw="23" slack="0"/>
<pin id="296" dir="1" index="2" bw="23" slack="0"/>
</pin_list>
<bind>
<opcode="add(8) " fcode="add"/>
<opset="tmp_s/2 "/>
</bind>
</comp>

<comp id="299" class="1004" name="tmp_cast_fu_299">
<pin_list>
<pin id="300" dir="0" index="0" bw="16" slack="0"/>
<pin id="301" dir="1" index="1" bw="23" slack="0"/>
</pin_list>
<bind>
<opcode="zext(34) " fcode="zext"/>
<opset="tmp_cast/2 "/>
</bind>
</comp>

<comp id="303" class="1004" name="tmp_22_fu_303">
<pin_list>
<pin id="304" dir="0" index="0" bw="16" slack="0"/>
<pin id="305" dir="0" index="1" bw="23" slack="0"/>
<pin id="306" dir="1" index="2" bw="23" slack="1"/>
</pin_list>
<bind>
<opcode="add(8) " fcode="add"/>
<opset="tmp_22/2 "/>
</bind>
</comp>

<comp id="309" class="1004" name="y_2_fu_309">
<pin_list>
<pin id="310" dir="0" index="0" bw="1" slack="0"/>
<pin id="311" dir="0" index="1" bw="16" slack="0"/>
<pin id="312" dir="1" index="2" bw="16" slack="0"/>
</pin_list>
<bind>
<opcode="add(8) " fcode="add"/>
<opset="y_2/2 "/>
</bind>
</comp>

<comp id="315" class="1004" name="tmp_24_cast_fu_315">
<pin_list>
<pin id="316" dir="0" index="0" bw="23" slack="1"/>
<pin id="317" dir="1" index="1" bw="64" slack="0"/>
</pin_list>
<bind>
<opcode="zext(34) " fcode="zext"/>
<opset="tmp_24_cast/3 "/>
</bind>
</comp>

<comp id="320" class="1004" name="tmp_33_cast1_fu_320">
<pin_list>
<pin id="321" dir="0" index="0" bw="8" slack="1"/>
<pin id="322" dir="1" index="1" bw="16" slack="0"/>
</pin_list>
<bind>
<opcode="zext(34) " fcode="zext"/>
<opset="tmp_33_cast1/7 "/>
</bind>
</comp>

<comp id="323" class="1004" name="tmp_35_cast1_fu_323">
<pin_list>
<pin id="324" dir="0" index="0" bw="8" slack="1"/>
<pin id="325" dir="1" index="1" bw="16" slack="0"/>
</pin_list>
<bind>
<opcode="zext(34) " fcode="zext"/>
<opset="tmp_35_cast1/7 "/>
</bind>
</comp>

<comp id="326" class="1004" name="tmp_27_fu_326">
<pin_list>
<pin id="327" dir="0" index="0" bw="8" slack="0"/>
<pin id="328" dir="0" index="1" bw="8" slack="0"/>
<pin id="329" dir="1" index="2" bw="16" slack="1"/>
</pin_list>
<bind>
<opcode="mul(12) " fcode="mul"/>
<opset="tmp_27/7 "/>
</bind>
</comp>

<comp id="332" class="1004" name="tmp_31_fu_332">
<pin_list>
<pin id="333" dir="0" index="0" bw="8" slack="0"/>
<pin id="334" dir="0" index="1" bw="8" slack="0"/>
<pin id="335" dir="1" index="2" bw="16" slack="1"/>
</pin_list>
<bind>
<opcode="mul(12) " fcode="mul"/>
<opset="tmp_31/7 "/>
</bind>
</comp>

<comp id="338" class="1004" name="tmp_33_cast2_fu_338">
<pin_list>
<pin id="339" dir="0" index="0" bw="8" slack="2"/>
<pin id="340" dir="1" index="1" bw="15" slack="0"/>
</pin_list>
<bind>
<opcode="zext(34) " fcode="zext"/>
<opset="tmp_33_cast2/8 "/>
</bind>
</comp>

<comp id="341" class="1004" name="p_shl5_fu_341">
<pin_list>
<pin id="342" dir="0" index="0" bw="14" slack="0"/>
<pin id="343" dir="0" index="1" bw="8" slack="2"/>
<pin id="344" dir="0" index="2" bw="1" slack="0"/>
<pin id="345" dir="1" index="3" bw="14" slack="0"/>
</pin_list>
<bind>
<opcode="bitconcatenate(1004) " fcode="bitconcatenate"/>
<opset="p_shl5/8 "/>
</bind>
</comp>

<comp id="348" class="1004" name="p_shl5_cast_fu_348">
<pin_list>
<pin id="349" dir="0" index="0" bw="14" slack="0"/>
<pin id="350" dir="1" index="1" bw="15" slack="0"/>
</pin_list>
<bind>
<opcode="zext(34) " fcode="zext"/>
<opset="p_shl5_cast/8 "/>
</bind>
</comp>

<comp id="352" class="1004" name="p_shl6_fu_352">
<pin_list>
<pin id="353" dir="0" index="0" bw="9" slack="0"/>
<pin id="354" dir="0" index="1" bw="8" slack="2"/>
<pin id="355" dir="0" index="2" bw="1" slack="0"/>
<pin id="356" dir="1" index="3" bw="9" slack="0"/>
</pin_list>
<bind>
<opcode="bitconcatenate(1004) " fcode="bitconcatenate"/>
<opset="p_shl6/8 "/>
</bind>
</comp>

<comp id="359" class="1004" name="p_shl6_cast_fu_359">
<pin_list>
<pin id="360" dir="0" index="0" bw="9" slack="0"/>
<pin id="361" dir="1" index="1" bw="15" slack="0"/>
</pin_list>
<bind>
<opcode="zext(34) " fcode="zext"/>
<opset="p_shl6_cast/8 "/>
</bind>
</comp>

<comp id="363" class="1004" name="tmp_35_cast2_fu_363">
<pin_list>
<pin id="364" dir="0" index="0" bw="8" slack="2"/>
<pin id="365" dir="1" index="1" bw="9" slack="0"/>
</pin_list>
<bind>
<opcode="zext(34) " fcode="zext"/>
<opset="tmp_35_cast2/8 "/>
</bind>
</comp>

<comp id="366" class="1004" name="p_shl4_fu_366">
<pin_list>
<pin id="367" dir="0" index="0" bw="15" slack="0"/>
<pin id="368" dir="0" index="1" bw="8" slack="2"/>
<pin id="369" dir="0" index="2" bw="1" slack="0"/>
<pin id="370" dir="1" index="3" bw="15" slack="0"/>
</pin_list>
<bind>
<opcode="bitconcatenate(1004) " fcode="bitconcatenate"/>
<opset="p_shl4/8 "/>
</bind>
</comp>

<comp id="373" class="1004" name="p_shl4_cast_fu_373">
<pin_list>
<pin id="374" dir="0" index="0" bw="15" slack="0"/>
<pin id="375" dir="1" index="1" bw="16" slack="0"/>
</pin_list>
<bind>
<opcode="zext(34) " fcode="zext"/>
<opset="p_shl4_cast/8 "/>
</bind>
</comp>

<comp id="377" class="1004" name="tmp_37_cast1_fu_377">
<pin_list>
<pin id="378" dir="0" index="0" bw="8" slack="1"/>
<pin id="379" dir="1" index="1" bw="13" slack="0"/>
</pin_list>
<bind>
<opcode="zext(34) " fcode="zext"/>
<opset="tmp_37_cast1/8 "/>
</bind>
</comp>

<comp id="380" class="1004" name="tmp2_fu_380">
<pin_list>
<pin id="381" dir="0" index="0" bw="9" slack="0"/>
<pin id="382" dir="0" index="1" bw="14" slack="0"/>
<pin id="383" dir="1" index="2" bw="15" slack="0"/>
</pin_list>
<bind>
<opcode="add(8) " fcode="add"/>
<opset="tmp2/8 "/>
</bind>
</comp>

<comp id="386" class="1004" name="tmp2_cast_fu_386">
<pin_list>
<pin id="387" dir="0" index="0" bw="15" slack="0"/>
<pin id="388" dir="1" index="1" bw="16" slack="0"/>
</pin_list>
<bind>
<opcode="zext(34) " fcode="zext"/>
<opset="tmp2_cast/8 "/>
</bind>
</comp>

<comp id="390" class="1004" name="tmp1_fu_390">
<pin_list>
<pin id="391" dir="0" index="0" bw="15" slack="0"/>
<pin id="392" dir="0" index="1" bw="15" slack="0"/>
<pin id="393" dir="1" index="2" bw="16" slack="0"/>
</pin_list>
<bind>
<opcode="add(8) " fcode="add"/>
<opset="tmp1/8 "/>
</bind>
</comp>

<comp id="396" class="1004" name="tmp4_fu_396">
<pin_list>
<pin id="397" dir="0" index="0" bw="9" slack="0"/>
<pin id="398" dir="0" index="1" bw="8" slack="0"/>
<pin id="399" dir="1" index="2" bw="9" slack="0"/>
</pin_list>
<bind>
<opcode="add(8) " fcode="add"/>
<opset="tmp4/8 "/>
</bind>
</comp>

<comp id="402" class="1004" name="tmp4_cast_fu_402">
<pin_list>
<pin id="403" dir="0" index="0" bw="9" slack="0"/>
<pin id="404" dir="1" index="1" bw="13" slack="0"/>
</pin_list>
<bind>
<opcode="zext(34) " fcode="zext"/>
<opset="tmp4_cast/8 "/>
</bind>
</comp>

<comp id="406" class="1004" name="tmp3_cast_fu_406">
<pin_list>
<pin id="407" dir="0" index="0" bw="13" slack="0"/>
<pin id="408" dir="1" index="1" bw="16" slack="0"/>
</pin_list>
<bind>
<opcode="zext(34) " fcode="zext"/>
<opset="tmp3_cast/8 "/>
</bind>
</comp>

<comp id="409" class="1004" name="tmp_24_fu_409">
<pin_list>
<pin id="410" dir="0" index="0" bw="13" slack="0"/>
<pin id="411" dir="0" index="1" bw="16" slack="0"/>
<pin id="412" dir="1" index="2" bw="16" slack="0"/>
</pin_list>
<bind>
<opcode="add(8) " fcode="add"/>
<opset="tmp_24/8 "/>
</bind>
</comp>

<comp id="415" class="1004" name="tmp_25_fu_415">
<pin_list>
<pin id="416" dir="0" index="0" bw="8" slack="0"/>
<pin id="417" dir="0" index="1" bw="16" slack="0"/>
<pin id="418" dir="0" index="2" bw="5" slack="0"/>
<pin id="419" dir="0" index="3" bw="5" slack="0"/>
<pin id="420" dir="1" index="4" bw="8" slack="1"/>
</pin_list>
<bind>
<opcode="partselect(1002) " fcode="partselect"/>
<opset="tmp_25/8 "/>
</bind>
</comp>

<comp id="425" class="1004" name="p_shl2_fu_425">
<pin_list>
<pin id="426" dir="0" index="0" bw="15" slack="0"/>
<pin id="427" dir="0" index="1" bw="8" slack="1"/>
<pin id="428" dir="0" index="2" bw="1" slack="0"/>
<pin id="429" dir="1" index="3" bw="15" slack="0"/>
</pin_list>
<bind>
<opcode="bitconcatenate(1004) " fcode="bitconcatenate"/>
<opset="p_shl2/8 "/>
</bind>
</comp>

<comp id="432" class="1004" name="p_shl2_cast_fu_432">
<pin_list>
<pin id="433" dir="0" index="0" bw="15" slack="0"/>
<pin id="434" dir="1" index="1" bw="16" slack="0"/>
</pin_list>
<bind>
<opcode="zext(34) " fcode="zext"/>
<opset="p_shl2_cast/8 "/>
</bind>
</comp>

<comp id="436" class="1004" name="p_shl3_fu_436">
<pin_list>
<pin id="437" dir="0" index="0" bw="12" slack="0"/>
<pin id="438" dir="0" index="1" bw="8" slack="1"/>
<pin id="439" dir="0" index="2" bw="1" slack="0"/>
<pin id="440" dir="1" index="3" bw="12" slack="0"/>
</pin_list>
<bind>
<opcode="bitconcatenate(1004) " fcode="bitconcatenate"/>
<opset="p_shl3/8 "/>
</bind>
</comp>

<comp id="443" class="1004" name="p_shl3_cast9_fu_443">
<pin_list>
<pin id="444" dir="0" index="0" bw="12" slack="0"/>
<pin id="445" dir="1" index="1" bw="13" slack="0"/>
</pin_list>
<bind>
<opcode="zext(34) " fcode="zext"/>
<opset="p_shl3_cast9/8 "/>
</bind>
</comp>

<comp id="447" class="1004" name="p_shl3_cast_fu_447">
<pin_list>
<pin id="448" dir="0" index="0" bw="12" slack="0"/>
<pin id="449" dir="1" index="1" bw="16" slack="0"/>
</pin_list>
<bind>
<opcode="zext(34) " fcode="zext"/>
<opset="p_shl3_cast/8 "/>
</bind>
</comp>

<comp id="451" class="1004" name="tmp_28_fu_451">
<pin_list>
<pin id="452" dir="0" index="0" bw="15" slack="0"/>
<pin id="453" dir="0" index="1" bw="12" slack="0"/>
<pin id="454" dir="1" index="2" bw="16" slack="0"/>
</pin_list>
<bind>
<opcode="sub(10) " fcode="sub"/>
<opset="tmp_28/8 "/>
</bind>
</comp>

<comp id="457" class="1004" name="tmp6_fu_457">
<pin_list>
<pin id="458" dir="0" index="0" bw="9" slack="0"/>
<pin id="459" dir="0" index="1" bw="16" slack="0"/>
<pin id="460" dir="1" index="2" bw="16" slack="0"/>
</pin_list>
<bind>
<opcode="add(8) " fcode="add"/>
<opset="tmp6/8 "/>
</bind>
</comp>

<comp id="463" class="1004" name="tmp_29_fu_463">
<pin_list>
<pin id="464" dir="0" index="0" bw="16" slack="0"/>
<pin id="465" dir="0" index="1" bw="16" slack="0"/>
<pin id="466" dir="1" index="2" bw="16" slack="0"/>
</pin_list>
<bind>
<opcode="add(8) " fcode="add"/>
<opset="tmp_29/8 "/>
</bind>
</comp>

<comp id="468" class="1004" name="tmp_30_fu_468">
<pin_list>
<pin id="469" dir="0" index="0" bw="8" slack="0"/>
<pin id="470" dir="0" index="1" bw="16" slack="0"/>
<pin id="471" dir="0" index="2" bw="5" slack="0"/>
<pin id="472" dir="0" index="3" bw="5" slack="0"/>
<pin id="473" dir="1" index="4" bw="8" slack="1"/>
</pin_list>
<bind>
<opcode="partselect(1002) " fcode="partselect"/>
<opset="tmp_30/8 "/>
</bind>
</comp>

<comp id="478" class="1004" name="p_neg_fu_478">
<pin_list>
<pin id="479" dir="0" index="0" bw="1" slack="0"/>
<pin id="480" dir="0" index="1" bw="12" slack="0"/>
<pin id="481" dir="1" index="2" bw="13" slack="0"/>
</pin_list>
<bind>
<opcode="sub(10) " fcode="sub"/>
<opset="p_neg/8 "/>
</bind>
</comp>

<comp id="484" class="1004" name="p_neg_cast_fu_484">
<pin_list>
<pin id="485" dir="0" index="0" bw="13" slack="0"/>
<pin id="486" dir="1" index="1" bw="14" slack="0"/>
</pin_list>
<bind>
<opcode="sext(35) " fcode="sext"/>
<opset="p_neg_cast/8 "/>
</bind>
</comp>

<comp id="488" class="1004" name="p_shl1_fu_488">
<pin_list>
<pin id="489" dir="0" index="0" bw="9" slack="0"/>
<pin id="490" dir="0" index="1" bw="8" slack="1"/>
<pin id="491" dir="0" index="2" bw="1" slack="0"/>
<pin id="492" dir="1" index="3" bw="9" slack="0"/>
</pin_list>
<bind>
<opcode="bitconcatenate(1004) " fcode="bitconcatenate"/>
<opset="p_shl1/8 "/>
</bind>
</comp>

<comp id="495" class="1004" name="p_shl1_cast_fu_495">
<pin_list>
<pin id="496" dir="0" index="0" bw="9" slack="0"/>
<pin id="497" dir="1" index="1" bw="14" slack="0"/>
</pin_list>
<bind>
<opcode="zext(34) " fcode="zext"/>
<opset="p_shl1_cast/8 "/>
</bind>
</comp>

<comp id="499" class="1004" name="tmp_33_fu_499">
<pin_list>
<pin id="500" dir="0" index="0" bw="13" slack="0"/>
<pin id="501" dir="0" index="1" bw="9" slack="0"/>
<pin id="502" dir="1" index="2" bw="14" slack="0"/>
</pin_list>
<bind>
<opcode="sub(10) " fcode="sub"/>
<opset="tmp_33/8 "/>
</bind>
</comp>

<comp id="505" class="1004" name="tmp8_fu_505">
<pin_list>
<pin id="506" dir="0" index="0" bw="9" slack="0"/>
<pin id="507" dir="0" index="1" bw="14" slack="0"/>
<pin id="508" dir="1" index="2" bw="14" slack="0"/>
</pin_list>
<bind>
<opcode="add(8) " fcode="add"/>
<opset="tmp8/8 "/>
</bind>
</comp>

<comp id="511" class="1004" name="tmp8_cast_fu_511">
<pin_list>
<pin id="512" dir="0" index="0" bw="14" slack="0"/>
<pin id="513" dir="1" index="1" bw="16" slack="0"/>
</pin_list>
<bind>
<opcode="sext(35) " fcode="sext"/>
<opset="tmp8_cast/8 "/>
</bind>
</comp>

<comp id="515" class="1004" name="tmp_34_fu_515">
<pin_list>
<pin id="516" dir="0" index="0" bw="14" slack="0"/>
<pin id="517" dir="0" index="1" bw="16" slack="0"/>
<pin id="518" dir="1" index="2" bw="16" slack="0"/>
</pin_list>
<bind>
<opcode="add(8) " fcode="add"/>
<opset="tmp_34/8 "/>
</bind>
</comp>

<comp id="520" class="1004" name="tmp_35_fu_520">
<pin_list>
<pin id="521" dir="0" index="0" bw="8" slack="0"/>
<pin id="522" dir="0" index="1" bw="16" slack="0"/>
<pin id="523" dir="0" index="2" bw="5" slack="0"/>
<pin id="524" dir="0" index="3" bw="5" slack="0"/>
<pin id="525" dir="1" index="4" bw="8" slack="1"/>
</pin_list>
<bind>
<opcode="partselect(1002) " fcode="partselect"/>
<opset="tmp_35/8 "/>
</bind>
</comp>

<comp id="530" class="1004" name="Y_fu_530">
<pin_list>
<pin id="531" dir="0" index="0" bw="6" slack="0"/>
<pin id="532" dir="0" index="1" bw="8" slack="1"/>
<pin id="533" dir="1" index="2" bw="8" slack="0"/>
</pin_list>
<bind>
<opcode="add(8) " fcode="add"/>
<opset="Y/9 "/>
</bind>
</comp>

<comp id="536" class="1004" name="U_fu_536">
<pin_list>
<pin id="537" dir="0" index="0" bw="8" slack="1"/>
<pin id="538" dir="0" index="1" bw="8" slack="0"/>
<pin id="539" dir="1" index="2" bw="8" slack="0"/>
</pin_list>
<bind>
<opcode="xor(25) " fcode="xor"/>
<opset="U/9 "/>
</bind>
</comp>

<comp id="542" class="1004" name="V_fu_542">
<pin_list>
<pin id="543" dir="0" index="0" bw="8" slack="1"/>
<pin id="544" dir="0" index="1" bw="8" slack="0"/>
<pin id="545" dir="1" index="2" bw="8" slack="0"/>
</pin_list>
<bind>
<opcode="xor(25) " fcode="xor"/>
<opset="V/9 "/>
</bind>
</comp>

<comp id="548" class="1004" name="mrv_fu_548">
<pin_list>
<pin id="549" dir="0" index="0" bw="32" slack="0"/>
<pin id="550" dir="0" index="1" bw="16" slack="2"/>
<pin id="551" dir="1" index="2" bw="32" slack="0"/>
</pin_list>
<bind>
<opcode="insertvalue(57) " fcode="insertvalue"/>
<opset="mrv/11 "/>
</bind>
</comp>

<comp id="553" class="1004" name="mrv_1_fu_553">
<pin_list>
<pin id="554" dir="0" index="0" bw="32" slack="0"/>
<pin id="555" dir="0" index="1" bw="16" slack="2"/>
<pin id="556" dir="1" index="2" bw="32" slack="2147483647"/>
</pin_list>
<bind>
<opcode="insertvalue(57) " fcode="insertvalue"/>
<opset="mrv_1/11 "/>
</bind>
</comp>

<comp id="558" class="1007" name="bound_fu_558">
<pin_list>
<pin id="559" dir="0" index="0" bw="16" slack="0"/>
<pin id="560" dir="0" index="1" bw="16" slack="0"/>
<pin id="561" dir="1" index="2" bw="32" slack="1"/>
</pin_list>
<bind>
<opcode="mul(12) " fcode="mul"/>
<opset="bound/1 "/>
</bind>
</comp>

<comp id="564" class="1007" name="grp_fu_564">
<pin_list>
<pin id="565" dir="0" index="0" bw="8" slack="0"/>
<pin id="566" dir="0" index="1" bw="8" slack="1"/>
<pin id="567" dir="0" index="2" bw="16" slack="2147483647"/>
<pin id="568" dir="1" index="3" bw="16" slack="0"/>
</pin_list>
<bind>
<opcode="muladd(1172) " fcode="muladd"/>
<opset="tmp_32/8 tmp7/8 "/>
</bind>
</comp>

<comp id="571" class="1007" name="grp_fu_571">
<pin_list>
<pin id="572" dir="0" index="0" bw="7" slack="0"/>
<pin id="573" dir="0" index="1" bw="8" slack="0"/>
<pin id="574" dir="0" index="2" bw="16" slack="2147483647"/>
<pin id="575" dir="1" index="3" bw="16" slack="0"/>
</pin_list>
<bind>
<opcode="muladd(1172) " fcode="muladd"/>
<opset="tmp_26/8 tmp_44_cast/8 tmp5/8 "/>
</bind>
</comp>

<comp id="579" class="1007" name="grp_fu_579">
<pin_list>
<pin id="580" dir="0" index="0" bw="6" slack="0"/>
<pin id="581" dir="0" index="1" bw="8" slack="0"/>
<pin id="582" dir="0" index="2" bw="9" slack="0"/>
<pin id="583" dir="1" index="3" bw="13" slack="0"/>
</pin_list>
<bind>
<opcode="muladd(1172) " fcode="muladd"/>
<opset="tmp_23/8 tmp3/8 "/>
</bind>
</comp>

<comp id="588" class="1005" name="in_height_read11_reg_588">
<pin_list>
<pin id="589" dir="0" index="0" bw="16" slack="1"/>
<pin id="590" dir="1" index="1" bw="16" slack="1"/>
</pin_list>
<bind>
<opset="in_height_read11 "/>
</bind>
</comp>

<comp id="594" class="1005" name="in_width_read_2_reg_594">
<pin_list>
<pin id="595" dir="0" index="0" bw="16" slack="2"/>
<pin id="596" dir="1" index="1" bw="16" slack="2"/>
</pin_list>
<bind>
<opset="in_width_read_2 "/>
</bind>
</comp>

<comp id="599" class="1005" name="bound_reg_599">
<pin_list>
<pin id="600" dir="0" index="0" bw="32" slack="1"/>
<pin id="601" dir="1" index="1" bw="32" slack="1"/>
</pin_list>
<bind>
<opset="bound "/>
</bind>
</comp>

<comp id="604" class="1005" name="exitcond_flatten_reg_604">
<pin_list>
<pin id="605" dir="0" index="0" bw="1" slack="1"/>
<pin id="606" dir="1" index="1" bw="1" slack="2147483647"/>
</pin_list>
<bind>
<opset="exitcond_flatten "/>
</bind>
</comp>

<comp id="608" class="1005" name="indvar_flatten_next_reg_608">
<pin_list>
<pin id="609" dir="0" index="0" bw="32" slack="0"/>
<pin id="610" dir="1" index="1" bw="32" slack="0"/>
</pin_list>
<bind>
<opset="indvar_flatten_next "/>
</bind>
</comp>

<comp id="613" class="1005" name="tmp_mid2_v_reg_613">
<pin_list>
<pin id="614" dir="0" index="0" bw="16" slack="0"/>
<pin id="615" dir="1" index="1" bw="16" slack="0"/>
</pin_list>
<bind>
<opset="tmp_mid2_v "/>
</bind>
</comp>

<comp id="618" class="1005" name="tmp_22_reg_618">
<pin_list>
<pin id="619" dir="0" index="0" bw="23" slack="1"/>
<pin id="620" dir="1" index="1" bw="23" slack="1"/>
</pin_list>
<bind>
<opset="tmp_22 "/>
</bind>
</comp>

<comp id="623" class="1005" name="y_2_reg_623">
<pin_list>
<pin id="624" dir="0" index="0" bw="16" slack="0"/>
<pin id="625" dir="1" index="1" bw="16" slack="0"/>
</pin_list>
<bind>
<opset="y_2 "/>
</bind>
</comp>

<comp id="628" class="1005" name="tmp_24_cast_reg_628">
<pin_list>
<pin id="629" dir="0" index="0" bw="64" slack="1"/>
<pin id="630" dir="1" index="1" bw="64" slack="1"/>
</pin_list>
<bind>
<opset="tmp_24_cast "/>
</bind>
</comp>

<comp id="636" class="1005" name="in_channels_ch1_addr_reg_636">
<pin_list>
<pin id="637" dir="0" index="0" bw="22" slack="1"/>
<pin id="638" dir="1" index="1" bw="22" slack="1"/>
</pin_list>
<bind>
<opset="in_channels_ch1_addr "/>
</bind>
</comp>

<comp id="641" class="1005" name="in_channels_ch2_addr_reg_641">
<pin_list>
<pin id="642" dir="0" index="0" bw="22" slack="1"/>
<pin id="643" dir="1" index="1" bw="22" slack="1"/>
</pin_list>
<bind>
<opset="in_channels_ch2_addr "/>
</bind>
</comp>

<comp id="646" class="1005" name="in_channels_ch3_addr_reg_646">
<pin_list>
<pin id="647" dir="0" index="0" bw="22" slack="1"/>
<pin id="648" dir="1" index="1" bw="22" slack="1"/>
</pin_list>
<bind>
<opset="in_channels_ch3_addr "/>
</bind>
</comp>

<comp id="651" class="1005" name="R_reg_651">
<pin_list>
<pin id="652" dir="0" index="0" bw="8" slack="1"/>
<pin id="653" dir="1" index="1" bw="8" slack="1"/>
</pin_list>
<bind>
<opset="R "/>
</bind>
</comp>

<comp id="659" class="1005" name="G_reg_659">
<pin_list>
<pin id="660" dir="0" index="0" bw="8" slack="1"/>
<pin id="661" dir="1" index="1" bw="8" slack="1"/>
</pin_list>
<bind>
<opset="G "/>
</bind>
</comp>

<comp id="666" class="1005" name="B_reg_666">
<pin_list>
<pin id="667" dir="0" index="0" bw="8" slack="1"/>
<pin id="668" dir="1" index="1" bw="8" slack="1"/>
</pin_list>
<bind>
<opset="B "/>
</bind>
</comp>

<comp id="674" class="1005" name="tmp_35_cast1_reg_674">
<pin_list>
<pin id="675" dir="0" index="0" bw="16" slack="1"/>
<pin id="676" dir="1" index="1" bw="16" slack="1"/>
</pin_list>
<bind>
<opset="tmp_35_cast1 "/>
</bind>
</comp>

<comp id="679" class="1005" name="tmp_27_reg_679">
<pin_list>
<pin id="680" dir="0" index="0" bw="16" slack="1"/>
<pin id="681" dir="1" index="1" bw="16" slack="1"/>
</pin_list>
<bind>
<opset="tmp_27 "/>
</bind>
</comp>

<comp id="684" class="1005" name="tmp_31_reg_684">
<pin_list>
<pin id="685" dir="0" index="0" bw="16" slack="1"/>
<pin id="686" dir="1" index="1" bw="16" slack="1"/>
</pin_list>
<bind>
<opset="tmp_31 "/>
</bind>
</comp>

<comp id="689" class="1005" name="tmp_25_reg_689">
<pin_list>
<pin id="690" dir="0" index="0" bw="8" slack="1"/>
<pin id="691" dir="1" index="1" bw="8" slack="1"/>
</pin_list>
<bind>
<opset="tmp_25 "/>
</bind>
</comp>

<comp id="694" class="1005" name="tmp_30_reg_694">
<pin_list>
<pin id="695" dir="0" index="0" bw="8" slack="1"/>
<pin id="696" dir="1" index="1" bw="8" slack="1"/>
</pin_list>
<bind>
<opset="tmp_30 "/>
</bind>
</comp>

<comp id="699" class="1005" name="tmp_35_reg_699">
<pin_list>
<pin id="700" dir="0" index="0" bw="8" slack="1"/>
<pin id="701" dir="1" index="1" bw="8" slack="1"/>
</pin_list>
<bind>
<opset="tmp_35 "/>
</bind>
</comp>

<comp id="704" class="1005" name="out_channels_ch1_addr_reg_704">
<pin_list>
<pin id="705" dir="0" index="0" bw="22" slack="1"/>
<pin id="706" dir="1" index="1" bw="22" slack="1"/>
</pin_list>
<bind>
<opset="out_channels_ch1_addr "/>
</bind>
</comp>

<comp id="709" class="1005" name="out_channels_ch2_addr_reg_709">
<pin_list>
<pin id="710" dir="0" index="0" bw="22" slack="1"/>
<pin id="711" dir="1" index="1" bw="22" slack="1"/>
</pin_list>
<bind>
<opset="out_channels_ch2_addr "/>
</bind>
</comp>

<comp id="714" class="1005" name="out_channels_ch3_addr_reg_714">
<pin_list>
<pin id="715" dir="0" index="0" bw="22" slack="1"/>
<pin id="716" dir="1" index="1" bw="22" slack="1"/>
</pin_list>
<bind>
<opset="out_channels_ch3_addr "/>
</bind>
</comp>

<comp id="719" class="1005" name="Y_reg_719">
<pin_list>
<pin id="720" dir="0" index="0" bw="8" slack="1"/>
<pin id="721" dir="1" index="1" bw="8" slack="1"/>
</pin_list>
<bind>
<opset="Y "/>
</bind>
</comp>

<comp id="724" class="1005" name="U_reg_724">
<pin_list>
<pin id="725" dir="0" index="0" bw="8" slack="1"/>
<pin id="726" dir="1" index="1" bw="8" slack="1"/>
</pin_list>
<bind>
<opset="U "/>
</bind>
</comp>

<comp id="729" class="1005" name="V_reg_729">
<pin_list>
<pin id="730" dir="0" index="0" bw="8" slack="1"/>
<pin id="731" dir="1" index="1" bw="8" slack="1"/>
</pin_list>
<bind>
<opset="V "/>
</bind>
</comp>

</comp_list>

<net_list>
<net id="110"><net_src comp="16" pin="0"/><net_sink comp="106" pin=0"/></net>

<net id="111"><net_src comp="8" pin="0"/><net_sink comp="106" pin=1"/></net>

<net id="116"><net_src comp="16" pin="0"/><net_sink comp="112" pin=0"/></net>

<net id="117"><net_src comp="6" pin="0"/><net_sink comp="112" pin=1"/></net>

<net id="123"><net_src comp="0" pin="0"/><net_sink comp="118" pin=0"/></net>

<net id="124"><net_src comp="34" pin="0"/><net_sink comp="118" pin=1"/></net>

<net id="130"><net_src comp="2" pin="0"/><net_sink comp="125" pin=0"/></net>

<net id="131"><net_src comp="34" pin="0"/><net_sink comp="125" pin=1"/></net>

<net id="136"><net_src comp="118" pin="3"/><net_sink comp="132" pin=0"/></net>

<net id="141"><net_src comp="125" pin="3"/><net_sink comp="137" pin=0"/></net>

<net id="147"><net_src comp="4" pin="0"/><net_sink comp="142" pin=0"/></net>

<net id="148"><net_src comp="34" pin="0"/><net_sink comp="142" pin=1"/></net>

<net id="153"><net_src comp="142" pin="3"/><net_sink comp="149" pin=0"/></net>

<net id="159"><net_src comp="10" pin="0"/><net_sink comp="154" pin=0"/></net>

<net id="160"><net_src comp="34" pin="0"/><net_sink comp="154" pin=1"/></net>

<net id="166"><net_src comp="12" pin="0"/><net_sink comp="161" pin=0"/></net>

<net id="167"><net_src comp="34" pin="0"/><net_sink comp="161" pin=1"/></net>

<net id="173"><net_src comp="14" pin="0"/><net_sink comp="168" pin=0"/></net>

<net id="174"><net_src comp="34" pin="0"/><net_sink comp="168" pin=1"/></net>

<net id="179"><net_src comp="154" pin="3"/><net_sink comp="175" pin=0"/></net>

<net id="184"><net_src comp="161" pin="3"/><net_sink comp="180" pin=0"/></net>

<net id="189"><net_src comp="168" pin="3"/><net_sink comp="185" pin=0"/></net>

<net id="193"><net_src comp="18" pin="0"/><net_sink comp="190" pin=0"/></net>

<net id="200"><net_src comp="190" pin="1"/><net_sink comp="194" pin=0"/></net>

<net id="204"><net_src comp="20" pin="0"/><net_sink comp="201" pin=0"/></net>

<net id="211"><net_src comp="201" pin="1"/><net_sink comp="205" pin=0"/></net>

<net id="215"><net_src comp="20" pin="0"/><net_sink comp="212" pin=0"/></net>

<net id="222"><net_src comp="212" pin="1"/><net_sink comp="216" pin=0"/></net>

<net id="226"><net_src comp="112" pin="2"/><net_sink comp="223" pin=0"/></net>

<net id="230"><net_src comp="106" pin="2"/><net_sink comp="227" pin=0"/></net>

<net id="235"><net_src comp="194" pin="4"/><net_sink comp="231" pin=0"/></net>

<net id="240"><net_src comp="194" pin="4"/><net_sink comp="236" pin=0"/></net>

<net id="241"><net_src comp="22" pin="0"/><net_sink comp="236" pin=1"/></net>

<net id="246"><net_src comp="24" pin="0"/><net_sink comp="242" pin=0"/></net>

<net id="247"><net_src comp="205" pin="4"/><net_sink comp="242" pin=1"/></net>

<net id="252"><net_src comp="216" pin="4"/><net_sink comp="248" pin=0"/></net>

<net id="258"><net_src comp="248" pin="2"/><net_sink comp="253" pin=0"/></net>

<net id="259"><net_src comp="20" pin="0"/><net_sink comp="253" pin=1"/></net>

<net id="260"><net_src comp="216" pin="4"/><net_sink comp="253" pin=2"/></net>

<net id="266"><net_src comp="248" pin="2"/><net_sink comp="261" pin=0"/></net>

<net id="267"><net_src comp="242" pin="2"/><net_sink comp="261" pin=1"/></net>

<net id="268"><net_src comp="205" pin="4"/><net_sink comp="261" pin=2"/></net>

<net id="272"><net_src comp="261" pin="3"/><net_sink comp="269" pin=0"/></net>

<net id="278"><net_src comp="26" pin="0"/><net_sink comp="273" pin=0"/></net>

<net id="279"><net_src comp="269" pin="1"/><net_sink comp="273" pin=1"/></net>

<net id="280"><net_src comp="28" pin="0"/><net_sink comp="273" pin=2"/></net>

<net id="284"><net_src comp="261" pin="3"/><net_sink comp="281" pin=0"/></net>

<net id="290"><net_src comp="30" pin="0"/><net_sink comp="285" pin=0"/></net>

<net id="291"><net_src comp="281" pin="1"/><net_sink comp="285" pin=1"/></net>

<net id="292"><net_src comp="32" pin="0"/><net_sink comp="285" pin=2"/></net>

<net id="297"><net_src comp="273" pin="3"/><net_sink comp="293" pin=0"/></net>

<net id="298"><net_src comp="285" pin="3"/><net_sink comp="293" pin=1"/></net>

<net id="302"><net_src comp="253" pin="3"/><net_sink comp="299" pin=0"/></net>

<net id="307"><net_src comp="299" pin="1"/><net_sink comp="303" pin=0"/></net>

<net id="308"><net_src comp="293" pin="2"/><net_sink comp="303" pin=1"/></net>

<net id="313"><net_src comp="24" pin="0"/><net_sink comp="309" pin=0"/></net>

<net id="314"><net_src comp="253" pin="3"/><net_sink comp="309" pin=1"/></net>

<net id="318"><net_src comp="315" pin="1"/><net_sink comp="118" pin=2"/></net>

<net id="319"><net_src comp="315" pin="1"/><net_sink comp="125" pin=2"/></net>

<net id="330"><net_src comp="36" pin="0"/><net_sink comp="326" pin=0"/></net>

<net id="331"><net_src comp="323" pin="1"/><net_sink comp="326" pin=1"/></net>

<net id="336"><net_src comp="38" pin="0"/><net_sink comp="332" pin=0"/></net>

<net id="337"><net_src comp="320" pin="1"/><net_sink comp="332" pin=1"/></net>

<net id="346"><net_src comp="40" pin="0"/><net_sink comp="341" pin=0"/></net>

<net id="347"><net_src comp="42" pin="0"/><net_sink comp="341" pin=2"/></net>

<net id="351"><net_src comp="341" pin="3"/><net_sink comp="348" pin=0"/></net>

<net id="357"><net_src comp="44" pin="0"/><net_sink comp="352" pin=0"/></net>

<net id="358"><net_src comp="46" pin="0"/><net_sink comp="352" pin=2"/></net>

<net id="362"><net_src comp="352" pin="3"/><net_sink comp="359" pin=0"/></net>

<net id="371"><net_src comp="48" pin="0"/><net_sink comp="366" pin=0"/></net>

<net id="372"><net_src comp="50" pin="0"/><net_sink comp="366" pin=2"/></net>

<net id="376"><net_src comp="366" pin="3"/><net_sink comp="373" pin=0"/></net>

<net id="384"><net_src comp="359" pin="1"/><net_sink comp="380" pin=0"/></net>

<net id="385"><net_src comp="348" pin="1"/><net_sink comp="380" pin=1"/></net>

<net id="389"><net_src comp="380" pin="2"/><net_sink comp="386" pin=0"/></net>

<net id="394"><net_src comp="386" pin="1"/><net_sink comp="390" pin=0"/></net>

<net id="395"><net_src comp="373" pin="1"/><net_sink comp="390" pin=1"/></net>

<net id="400"><net_src comp="54" pin="0"/><net_sink comp="396" pin=0"/></net>

<net id="401"><net_src comp="363" pin="1"/><net_sink comp="396" pin=1"/></net>

<net id="405"><net_src comp="396" pin="2"/><net_sink comp="402" pin=0"/></net>

<net id="413"><net_src comp="406" pin="1"/><net_sink comp="409" pin=0"/></net>

<net id="414"><net_src comp="390" pin="2"/><net_sink comp="409" pin=1"/></net>

<net id="421"><net_src comp="56" pin="0"/><net_sink comp="415" pin=0"/></net>

<net id="422"><net_src comp="409" pin="2"/><net_sink comp="415" pin=1"/></net>

<net id="423"><net_src comp="58" pin="0"/><net_sink comp="415" pin=2"/></net>

<net id="424"><net_src comp="60" pin="0"/><net_sink comp="415" pin=3"/></net>

<net id="430"><net_src comp="48" pin="0"/><net_sink comp="425" pin=0"/></net>

<net id="431"><net_src comp="50" pin="0"/><net_sink comp="425" pin=2"/></net>

<net id="435"><net_src comp="425" pin="3"/><net_sink comp="432" pin=0"/></net>

<net id="441"><net_src comp="64" pin="0"/><net_sink comp="436" pin=0"/></net>

<net id="442"><net_src comp="66" pin="0"/><net_sink comp="436" pin=2"/></net>

<net id="446"><net_src comp="436" pin="3"/><net_sink comp="443" pin=0"/></net>

<net id="450"><net_src comp="436" pin="3"/><net_sink comp="447" pin=0"/></net>

<net id="455"><net_src comp="432" pin="1"/><net_sink comp="451" pin=0"/></net>

<net id="456"><net_src comp="447" pin="1"/><net_sink comp="451" pin=1"/></net>

<net id="461"><net_src comp="68" pin="0"/><net_sink comp="457" pin=0"/></net>

<net id="462"><net_src comp="451" pin="2"/><net_sink comp="457" pin=1"/></net>

<net id="467"><net_src comp="457" pin="2"/><net_sink comp="463" pin=0"/></net>

<net id="474"><net_src comp="56" pin="0"/><net_sink comp="468" pin=0"/></net>

<net id="475"><net_src comp="463" pin="2"/><net_sink comp="468" pin=1"/></net>

<net id="476"><net_src comp="58" pin="0"/><net_sink comp="468" pin=2"/></net>

<net id="477"><net_src comp="60" pin="0"/><net_sink comp="468" pin=3"/></net>

<net id="482"><net_src comp="72" pin="0"/><net_sink comp="478" pin=0"/></net>

<net id="483"><net_src comp="443" pin="1"/><net_sink comp="478" pin=1"/></net>

<net id="487"><net_src comp="478" pin="2"/><net_sink comp="484" pin=0"/></net>

<net id="493"><net_src comp="44" pin="0"/><net_sink comp="488" pin=0"/></net>

<net id="494"><net_src comp="46" pin="0"/><net_sink comp="488" pin=2"/></net>

<net id="498"><net_src comp="488" pin="3"/><net_sink comp="495" pin=0"/></net>

<net id="503"><net_src comp="484" pin="1"/><net_sink comp="499" pin=0"/></net>

<net id="504"><net_src comp="495" pin="1"/><net_sink comp="499" pin=1"/></net>

<net id="509"><net_src comp="74" pin="0"/><net_sink comp="505" pin=0"/></net>

<net id="510"><net_src comp="499" pin="2"/><net_sink comp="505" pin=1"/></net>

<net id="514"><net_src comp="505" pin="2"/><net_sink comp="511" pin=0"/></net>

<net id="519"><net_src comp="511" pin="1"/><net_sink comp="515" pin=0"/></net>

<net id="526"><net_src comp="56" pin="0"/><net_sink comp="520" pin=0"/></net>

<net id="527"><net_src comp="515" pin="2"/><net_sink comp="520" pin=1"/></net>

<net id="528"><net_src comp="58" pin="0"/><net_sink comp="520" pin=2"/></net>

<net id="529"><net_src comp="60" pin="0"/><net_sink comp="520" pin=3"/></net>

<net id="534"><net_src comp="76" pin="0"/><net_sink comp="530" pin=0"/></net>

<net id="535"><net_src comp="530" pin="2"/><net_sink comp="175" pin=1"/></net>

<net id="540"><net_src comp="78" pin="0"/><net_sink comp="536" pin=1"/></net>

<net id="541"><net_src comp="536" pin="2"/><net_sink comp="180" pin=1"/></net>

<net id="546"><net_src comp="78" pin="0"/><net_sink comp="542" pin=1"/></net>

<net id="547"><net_src comp="542" pin="2"/><net_sink comp="185" pin=1"/></net>

<net id="552"><net_src comp="104" pin="0"/><net_sink comp="548" pin=0"/></net>

<net id="557"><net_src comp="548" pin="2"/><net_sink comp="553" pin=0"/></net>

<net id="562"><net_src comp="227" pin="1"/><net_sink comp="558" pin=0"/></net>

<net id="563"><net_src comp="223" pin="1"/><net_sink comp="558" pin=1"/></net>

<net id="569"><net_src comp="70" pin="0"/><net_sink comp="564" pin=0"/></net>

<net id="570"><net_src comp="564" pin="3"/><net_sink comp="515" pin=1"/></net>

<net id="576"><net_src comp="62" pin="0"/><net_sink comp="571" pin=0"/></net>

<net id="577"><net_src comp="338" pin="1"/><net_sink comp="571" pin=1"/></net>

<net id="578"><net_src comp="571" pin="3"/><net_sink comp="463" pin=1"/></net>

<net id="584"><net_src comp="52" pin="0"/><net_sink comp="579" pin=0"/></net>

<net id="585"><net_src comp="377" pin="1"/><net_sink comp="579" pin=1"/></net>

<net id="586"><net_src comp="402" pin="1"/><net_sink comp="579" pin=2"/></net>

<net id="587"><net_src comp="579" pin="3"/><net_sink comp="406" pin=0"/></net>

<net id="591"><net_src comp="106" pin="2"/><net_sink comp="588" pin=0"/></net>

<net id="592"><net_src comp="588" pin="1"/><net_sink comp="248" pin=1"/></net>

<net id="593"><net_src comp="588" pin="1"/><net_sink comp="553" pin=1"/></net>

<net id="597"><net_src comp="112" pin="2"/><net_sink comp="594" pin=0"/></net>

<net id="598"><net_src comp="594" pin="1"/><net_sink comp="548" pin=1"/></net>

<net id="602"><net_src comp="558" pin="2"/><net_sink comp="599" pin=0"/></net>

<net id="603"><net_src comp="599" pin="1"/><net_sink comp="231" pin=1"/></net>

<net id="607"><net_src comp="231" pin="2"/><net_sink comp="604" pin=0"/></net>

<net id="611"><net_src comp="236" pin="2"/><net_sink comp="608" pin=0"/></net>

<net id="612"><net_src comp="608" pin="1"/><net_sink comp="194" pin=2"/></net>

<net id="616"><net_src comp="261" pin="3"/><net_sink comp="613" pin=0"/></net>

<net id="617"><net_src comp="613" pin="1"/><net_sink comp="205" pin=2"/></net>

<net id="621"><net_src comp="303" pin="2"/><net_sink comp="618" pin=0"/></net>

<net id="622"><net_src comp="618" pin="1"/><net_sink comp="315" pin=0"/></net>

<net id="626"><net_src comp="309" pin="2"/><net_sink comp="623" pin=0"/></net>

<net id="627"><net_src comp="623" pin="1"/><net_sink comp="216" pin=2"/></net>

<net id="631"><net_src comp="315" pin="1"/><net_sink comp="628" pin=0"/></net>

<net id="632"><net_src comp="628" pin="1"/><net_sink comp="142" pin=2"/></net>

<net id="633"><net_src comp="628" pin="1"/><net_sink comp="154" pin=2"/></net>

<net id="634"><net_src comp="628" pin="1"/><net_sink comp="161" pin=2"/></net>

<net id="635"><net_src comp="628" pin="1"/><net_sink comp="168" pin=2"/></net>

<net id="639"><net_src comp="118" pin="3"/><net_sink comp="636" pin=0"/></net>

<net id="640"><net_src comp="636" pin="1"/><net_sink comp="132" pin=0"/></net>

<net id="644"><net_src comp="125" pin="3"/><net_sink comp="641" pin=0"/></net>

<net id="645"><net_src comp="641" pin="1"/><net_sink comp="137" pin=0"/></net>

<net id="649"><net_src comp="142" pin="3"/><net_sink comp="646" pin=0"/></net>

<net id="650"><net_src comp="646" pin="1"/><net_sink comp="149" pin=0"/></net>

<net id="654"><net_src comp="132" pin="2"/><net_sink comp="651" pin=0"/></net>

<net id="655"><net_src comp="651" pin="1"/><net_sink comp="320" pin=0"/></net>

<net id="656"><net_src comp="651" pin="1"/><net_sink comp="338" pin=0"/></net>

<net id="657"><net_src comp="651" pin="1"/><net_sink comp="341" pin=1"/></net>

<net id="658"><net_src comp="651" pin="1"/><net_sink comp="352" pin=1"/></net>

<net id="662"><net_src comp="137" pin="2"/><net_sink comp="659" pin=0"/></net>

<net id="663"><net_src comp="659" pin="1"/><net_sink comp="323" pin=0"/></net>

<net id="664"><net_src comp="659" pin="1"/><net_sink comp="363" pin=0"/></net>

<net id="665"><net_src comp="659" pin="1"/><net_sink comp="366" pin=1"/></net>

<net id="669"><net_src comp="149" pin="2"/><net_sink comp="666" pin=0"/></net>

<net id="670"><net_src comp="666" pin="1"/><net_sink comp="377" pin=0"/></net>

<net id="671"><net_src comp="666" pin="1"/><net_sink comp="425" pin=1"/></net>

<net id="672"><net_src comp="666" pin="1"/><net_sink comp="436" pin=1"/></net>

<net id="673"><net_src comp="666" pin="1"/><net_sink comp="488" pin=1"/></net>

<net id="677"><net_src comp="323" pin="1"/><net_sink comp="674" pin=0"/></net>

<net id="678"><net_src comp="674" pin="1"/><net_sink comp="564" pin=1"/></net>

<net id="682"><net_src comp="326" pin="2"/><net_sink comp="679" pin=0"/></net>

<net id="683"><net_src comp="679" pin="1"/><net_sink comp="571" pin=1"/></net>

<net id="687"><net_src comp="332" pin="2"/><net_sink comp="684" pin=0"/></net>

<net id="688"><net_src comp="684" pin="1"/><net_sink comp="564" pin=0"/></net>

<net id="692"><net_src comp="415" pin="4"/><net_sink comp="689" pin=0"/></net>

<net id="693"><net_src comp="689" pin="1"/><net_sink comp="530" pin=1"/></net>

<net id="697"><net_src comp="468" pin="4"/><net_sink comp="694" pin=0"/></net>

<net id="698"><net_src comp="694" pin="1"/><net_sink comp="536" pin=0"/></net>

<net id="702"><net_src comp="520" pin="4"/><net_sink comp="699" pin=0"/></net>

<net id="703"><net_src comp="699" pin="1"/><net_sink comp="542" pin=0"/></net>

<net id="707"><net_src comp="154" pin="3"/><net_sink comp="704" pin=0"/></net>

<net id="708"><net_src comp="704" pin="1"/><net_sink comp="175" pin=0"/></net>

<net id="712"><net_src comp="161" pin="3"/><net_sink comp="709" pin=0"/></net>

<net id="713"><net_src comp="709" pin="1"/><net_sink comp="180" pin=0"/></net>

<net id="717"><net_src comp="168" pin="3"/><net_sink comp="714" pin=0"/></net>

<net id="718"><net_src comp="714" pin="1"/><net_sink comp="185" pin=0"/></net>

<net id="722"><net_src comp="530" pin="2"/><net_sink comp="719" pin=0"/></net>

<net id="723"><net_src comp="719" pin="1"/><net_sink comp="175" pin=1"/></net>

<net id="727"><net_src comp="536" pin="2"/><net_sink comp="724" pin=0"/></net>

<net id="728"><net_src comp="724" pin="1"/><net_sink comp="180" pin=1"/></net>

<net id="732"><net_src comp="542" pin="2"/><net_sink comp="729" pin=0"/></net>

<net id="733"><net_src comp="729" pin="1"/><net_sink comp="185" pin=1"/></net>

</net_list>

</model> 
---------------- Datapath Model END ------------------

* FSMD analyzer results:
  - Output states:
	Port: out_channels_ch1 | {9 10 }
	Port: out_channels_ch2 | {9 10 }
	Port: out_channels_ch3 | {9 10 }
 - Input state : 
	Port: yuv_filter_rgb2yuv : in_channels_ch1 | {3 4 5 6 }
	Port: yuv_filter_rgb2yuv : in_channels_ch2 | {3 4 5 6 }
	Port: yuv_filter_rgb2yuv : in_channels_ch3 | {4 5 6 7 }
	Port: yuv_filter_rgb2yuv : out_width | {1 }
	Port: yuv_filter_rgb2yuv : out_height | {1 }
  - Chain level:
	State 1
		bound : 1
	State 2
		exitcond_flatten : 1
		indvar_flatten_next : 1
		stg_23 : 2
		x_2 : 1
		exitcond9 : 1
		y_mid2 : 2
		tmp_mid2_v : 2
		tmp : 3
		p_shl_cast : 4
		tmp_20 : 3
		p_shl7_cast : 4
		tmp_s : 5
		tmp_cast : 3
		tmp_22 : 6
		y_2 : 3
	State 3
		in_channels_ch1_addr : 1
		in_channels_ch2_addr : 1
		R : 2
		G : 2
	State 4
		B : 1
	State 5
	State 6
	State 7
		tmp_27 : 1
		tmp_31 : 1
	State 8
		p_shl5_cast : 1
		p_shl6_cast : 1
		p_shl4_cast : 1
		tmp_23 : 1
		tmp2 : 2
		tmp2_cast : 3
		tmp1 : 4
		tmp4 : 1
		tmp4_cast : 2
		tmp3 : 3
		tmp3_cast : 4
		tmp_24 : 5
		tmp_25 : 6
		tmp_26 : 1
		tmp_44_cast : 2
		p_shl2_cast : 1
		p_shl3_cast9 : 1
		p_shl3_cast : 1
		tmp_28 : 2
		tmp5 : 3
		tmp6 : 3
		tmp_29 : 4
		tmp_30 : 5
		p_neg : 2
		p_neg_cast : 3
		p_shl1_cast : 1
		tmp_33 : 4
		tmp7 : 1
		tmp8 : 5
		tmp8_cast : 6
		tmp_34 : 7
		tmp_35 : 8
	State 9
		stg_104 : 1
	State 10
		empty : 1
	State 11
		mrv_1 : 1
		stg_119 : 2


============================================================
+ Verbose Summary: Datapath Resource usage 
============================================================

* Functional unit list:
|----------|------------------------------|---------|---------|---------|
| Operation|        Functional Unit       |  DSP48E |    FF   |   LUT   |
|----------|------------------------------|---------|---------|---------|
|          |  indvar_flatten_next_fu_236  |    0    |    0    |    32   |
|          |          x_2_fu_242          |    0    |    0    |    16   |
|          |         tmp_s_fu_293         |    0    |    0    |    5    |
|          |         tmp_22_fu_303        |    0    |    0    |    5    |
|          |          y_2_fu_309          |    0    |    0    |    16   |
|          |          tmp2_fu_380         |    0    |    0    |    14   |
|    add   |          tmp1_fu_390         |    0    |    0    |    5    |
|          |          tmp4_fu_396         |    0    |    0    |    9    |
|          |         tmp_24_fu_409        |    0    |    0    |    5    |
|          |          tmp6_fu_457         |    0    |    0    |    5    |
|          |         tmp_29_fu_463        |    0    |    0    |    5    |
|          |          tmp8_fu_505         |    0    |    0    |    5    |
|          |         tmp_34_fu_515        |    0    |    0    |    16   |
|          |           Y_fu_530           |    0    |    0    |    8    |
|----------|------------------------------|---------|---------|---------|
|  select  |         y_mid2_fu_253        |    0    |    0    |    16   |
|          |       tmp_mid2_v_fu_261      |    0    |    0    |    16   |
|----------|------------------------------|---------|---------|---------|
|          |         tmp_28_fu_451        |    0    |    0    |    15   |
|    sub   |         p_neg_fu_478         |    0    |    0    |    12   |
|          |         tmp_33_fu_499        |    0    |    0    |    5    |
|----------|------------------------------|---------|---------|---------|
|   icmp   |    exitcond_flatten_fu_231   |    0    |    0    |    11   |
|          |       exitcond9_fu_248       |    0    |    0    |    6    |
|----------|------------------------------|---------|---------|---------|
|    xor   |           U_fu_536           |    0    |    0    |    8    |
|          |           V_fu_542           |    0    |    0    |    8    |
|----------|------------------------------|---------|---------|---------|
|          |         tmp_27_fu_326        |    1    |    0    |    0    |
|    mul   |         tmp_31_fu_332        |    1    |    0    |    0    |
|          |         bound_fu_558         |    1    |    0    |    0    |
|----------|------------------------------|---------|---------|---------|
|          |          grp_fu_564          |    1    |    0    |    0    |
|  muladd  |          grp_fu_571          |    1    |    0    |    0    |
|          |          grp_fu_579          |    1    |    0    |    0    |
|----------|------------------------------|---------|---------|---------|
|   read   | in_height_read11_read_fu_106 |    0    |    0    |    0    |
|          |  in_width_read_2_read_fu_112 |    0    |    0    |    0    |
|----------|------------------------------|---------|---------|---------|
|          |          cast_fu_223         |    0    |    0    |    0    |
|          |         cast1_fu_227         |    0    |    0    |    0    |
|          |        tmp_cast_fu_299       |    0    |    0    |    0    |
|          |      tmp_24_cast_fu_315      |    0    |    0    |    0    |
|          |      tmp_33_cast1_fu_320     |    0    |    0    |    0    |
|          |      tmp_35_cast1_fu_323     |    0    |    0    |    0    |
|          |      tmp_33_cast2_fu_338     |    0    |    0    |    0    |
|          |      p_shl5_cast_fu_348      |    0    |    0    |    0    |
|          |      p_shl6_cast_fu_359      |    0    |    0    |    0    |
|   zext   |      tmp_35_cast2_fu_363     |    0    |    0    |    0    |
|          |      p_shl4_cast_fu_373      |    0    |    0    |    0    |
|          |      tmp_37_cast1_fu_377     |    0    |    0    |    0    |
|          |       tmp2_cast_fu_386       |    0    |    0    |    0    |
|          |       tmp4_cast_fu_402       |    0    |    0    |    0    |
|          |       tmp3_cast_fu_406       |    0    |    0    |    0    |
|          |      p_shl2_cast_fu_432      |    0    |    0    |    0    |
|          |      p_shl3_cast9_fu_443     |    0    |    0    |    0    |
|          |      p_shl3_cast_fu_447      |    0    |    0    |    0    |
|          |      p_shl1_cast_fu_495      |    0    |    0    |    0    |
|----------|------------------------------|---------|---------|---------|
|   trunc  |          tmp_fu_269          |    0    |    0    |    0    |
|          |         tmp_20_fu_281        |    0    |    0    |    0    |
|----------|------------------------------|---------|---------|---------|
|          |       p_shl_cast_fu_273      |    0    |    0    |    0    |
|          |      p_shl7_cast_fu_285      |    0    |    0    |    0    |
|          |         p_shl5_fu_341        |    0    |    0    |    0    |
|bitconcatenate|         p_shl6_fu_352        |    0    |    0    |    0    |
|          |         p_shl4_fu_366        |    0    |    0    |    0    |
|          |         p_shl2_fu_425        |    0    |    0    |    0    |
|          |         p_shl3_fu_436        |    0    |    0    |    0    |
|          |         p_shl1_fu_488        |    0    |    0    |    0    |
|----------|------------------------------|---------|---------|---------|
|          |         tmp_25_fu_415        |    0    |    0    |    0    |
|partselect|         tmp_30_fu_468        |    0    |    0    |    0    |
|          |         tmp_35_fu_520        |    0    |    0    |    0    |
|----------|------------------------------|---------|---------|---------|
|   sext   |       p_neg_cast_fu_484      |    0    |    0    |    0    |
|          |       tmp8_cast_fu_511       |    0    |    0    |    0    |
|----------|------------------------------|---------|---------|---------|
|insertvalue|          mrv_fu_548          |    0    |    0    |    0    |
|          |         mrv_1_fu_553         |    0    |    0    |    0    |
|----------|------------------------------|---------|---------|---------|
|   Total  |                              |    6    |    0    |   243   |
|----------|------------------------------|---------|---------|---------|

Memories:
N/A

* Register list:
+-----------------------------+--------+
|                             |   FF   |
+-----------------------------+--------+
|          B_reg_666          |    8   |
|          G_reg_659          |    8   |
|          R_reg_651          |    8   |
|          U_reg_724          |    8   |
|          V_reg_729          |    8   |
|          Y_reg_719          |    8   |
|        bound_reg_599        |   32   |
|   exitcond_flatten_reg_604  |    1   |
| in_channels_ch1_addr_reg_636|   22   |
| in_channels_ch2_addr_reg_641|   22   |
| in_channels_ch3_addr_reg_646|   22   |
|   in_height_read11_reg_588  |   16   |
|   in_width_read_2_reg_594   |   16   |
| indvar_flatten_next_reg_608 |   32   |
|    indvar_flatten_reg_190   |   32   |
|out_channels_ch1_addr_reg_704|   22   |
|out_channels_ch2_addr_reg_709|   22   |
|out_channels_ch3_addr_reg_714|   22   |
|        tmp_22_reg_618       |   23   |
|     tmp_24_cast_reg_628     |   64   |
|        tmp_25_reg_689       |    8   |
|        tmp_27_reg_679       |   16   |
|        tmp_30_reg_694       |    8   |
|        tmp_31_reg_684       |   16   |
|     tmp_35_cast1_reg_674    |   16   |
|        tmp_35_reg_699       |    8   |
|      tmp_mid2_v_reg_613     |   16   |
|          x_reg_201          |   16   |
|         y_2_reg_623         |   16   |
|          y_reg_212          |   16   |
+-----------------------------+--------+
|            Total            |   532  |
+-----------------------------+--------+

* Multiplexer (MUX) list: 
|-------------------|------|------|------|--------||---------||---------|
|        Comp       |  Pin | Size |  BW  | S x BW ||  Delay  ||   LUT   |
|-------------------|------|------|------|--------||---------||---------|
| grp_access_fu_132 |  p0  |   2  |  22  |   44   ||    22   |
| grp_access_fu_137 |  p0  |   2  |  22  |   44   ||    22   |
| grp_access_fu_149 |  p0  |   2  |  22  |   44   ||    22   |
| grp_access_fu_175 |  p0  |   2  |  22  |   44   ||    22   |
| grp_access_fu_175 |  p1  |   2  |   8  |   16   ||    8    |
| grp_access_fu_180 |  p0  |   2  |  22  |   44   ||    22   |
| grp_access_fu_180 |  p1  |   2  |   8  |   16   ||    8    |
| grp_access_fu_185 |  p0  |   2  |  22  |   44   ||    22   |
| grp_access_fu_185 |  p1  |   2  |   8  |   16   ||    8    |
|     grp_fu_564    |  p0  |   2  |   8  |   16   ||    8    |
|     grp_fu_571    |  p1  |   2  |   8  |   16   ||    8    |
|-------------------|------|------|------|--------||---------||---------|
|       Total       |      |      |      |   344  ||  17.281 ||   172   |
|-------------------|------|------|------|--------||---------||---------|



* Summary:
+-----------+--------+--------+--------+--------+
|           | DSP48E |  Delay |   FF   |   LUT  |
+-----------+--------+--------+--------+--------+
|  Function |    6   |    -   |    0   |   243  |
|   Memory  |    -   |    -   |    -   |    -   |
|Multiplexer|    -   |   17   |    -   |   172  |
|  Register |    -   |    -   |   532  |    -   |
+-----------+--------+--------+--------+--------+
|   Total   |    6   |   17   |   532  |   415  |
+-----------+--------+--------+--------+--------+
