@I [HLS-0] Workspace C:/training/Vivado_2016.1/hls/demos/axi_streaming/axi_interfaces_prj/solution2 opened at Tue Aug 09 12:12:57 +0200 2016
@I [HLS-100] Command 'open_solution' returned 0; elapsed 0.031Total elapsed time: 1.589 sec.
@I [HLS-100] Command "set_part xc7k160tfbg484-1 "
@I [HLS-100] Command "add_library xilinx/kintex7/kintex7:xc7k160t:fbg484:-1 "
@I [HLS-100] Command "get_default_platform "
@I [HLS-100] Command 'get_default_platform' returned 0; elapsed 0Total elapsed time: 1.602 sec.
@I [HLS-100] Command "license_isbetapart xc7k160t "
@I [HLS-100] Command 'license_isbetapart' returned 1; elapsed 0.127Total elapsed time: 1.730 sec.
@I [HLS-100] Command "open_platform DefaultPlatform "
@I [HLS-100] Command 'open_platform' returned 0; elapsed 0Total elapsed time: 1.732 sec.
@I [HLS-100] Command "import_lib E:/Tools/Xilinx/Vivado_HLS/2016.1/common/technology/xilinx/kintex7/kintex7 "
@I [HLS-100] Command "source E:/Tools/Xilinx/Vivado_HLS/2016.1/common/technology/xilinx/common/xilinx.lib "
@I [HLS-100] Command "source E:/Tools/Xilinx/Vivado_HLS/2016.1/common/technology/xilinx/interface/xilinx_interface.lib "
@I [HLS-100] Command "source E:/Tools/Xilinx/Vivado_HLS/2016.1/common/technology/xilinx/interface/plb46.lib "
@I [HLS-100] Command 'ap_source' returned 0; elapsed 0.002Total elapsed time: 1.746 sec.
@I [HLS-100] Command "source E:/Tools/Xilinx/Vivado_HLS/2016.1/common/technology/xilinx/interface/fsl.lib "
@I [HLS-100] Command 'ap_source' returned 0; elapsed 0.002Total elapsed time: 1.748 sec.
@I [HLS-100] Command "source E:/Tools/Xilinx/Vivado_HLS/2016.1/common/technology/xilinx/interface/axi4.lib "
@I [HLS-100] Command 'ap_source' returned 0; elapsed 0.002Total elapsed time: 1.750 sec.
@I [HLS-100] Command "source E:/Tools/Xilinx/Vivado_HLS/2016.1/common/technology/xilinx/interface/maxi.lib "
@I [HLS-100] Command 'ap_source' returned 0; elapsed 0.002Total elapsed time: 1.753 sec.
@I [HLS-100] Command "source E:/Tools/Xilinx/Vivado_HLS/2016.1/common/technology/xilinx/interface/saxilite.lib "
@I [HLS-100] Command 'ap_source' returned 0; elapsed 0.002Total elapsed time: 1.755 sec.
@I [HLS-100] Command 'ap_source' returned 0; elapsed 0.013Total elapsed time: 1.755 sec.
@I [HLS-100] Command "source E:/Tools/Xilinx/Vivado_HLS/2016.1/common/technology/xilinx/common/dsp48.lib "
@I [HLS-100] Command 'ap_source' returned 0; elapsed 0.003Total elapsed time: 1.759 sec.
@I [HLS-100] Command "source E:/Tools/Xilinx/Vivado_HLS/2016.1/common/technology/xilinx/ip/dds_compiler.lib "
@I [HLS-100] Command 'ap_source' returned 0; elapsed 0.002Total elapsed time: 1.762 sec.
@I [HLS-100] Command "source E:/Tools/Xilinx/Vivado_HLS/2016.1/common/technology/xilinx/ip/xfft.lib "
@I [HLS-100] Command 'ap_source' returned 0; elapsed 0.002Total elapsed time: 1.765 sec.
@I [HLS-100] Command "source E:/Tools/Xilinx/Vivado_HLS/2016.1/common/technology/xilinx/ip/xfir.lib "
@I [HLS-100] Command 'ap_source' returned 0; elapsed 0.002Total elapsed time: 1.767 sec.
@I [HLS-100] Command 'ap_source' returned 0; elapsed 0.033Total elapsed time: 1.769 sec.
@I [HLS-100] Command "source E:/Tools/Xilinx/Vivado_HLS/2016.1/common/technology/xilinx/common/xilinx_old.lib "
@I [HLS-100] Command 'ap_source' returned 0; elapsed 0.004Total elapsed time: 1.775 sec.
@I [HLS-100] Command "source E:/Tools/Xilinx/Vivado_HLS/2016.1/common/technology/xilinx/common/xilinx_vivado.lib "
@I [HLS-100] Command 'ap_source' returned 0; elapsed 0.008Total elapsed time: 1.783 sec.
@I [HLS-100] Command "source E:/Tools/Xilinx/Vivado_HLS/2016.1/common/technology/xilinx/common/xilinx.hlp "
@I [HLS-100] Command "source E:/Tools/Xilinx/Vivado_HLS/2016.1/common/technology/xilinx/common/target_info.tcl "
@I [HLS-100] Command 'ap_source' returned 0; elapsed 0.004Total elapsed time: 1.800 sec.
@I [HLS-100] Command "source E:/Tools/Xilinx/Vivado_HLS/2016.1/common/technology/xilinx/interface/xilinx_interface.hlp "
@I [HLS-100] Command "source E:/Tools/Xilinx/Vivado_HLS/2016.1/common/technology/xilinx/interface/maxi.hlp "
@I [HLS-100] Command 'ap_source' returned 0; elapsed 0.002Total elapsed time: 1.805 sec.
@I [HLS-100] Command "source E:/Tools/Xilinx/Vivado_HLS/2016.1/common/technology/xilinx/interface/saxilite.hlp "
@I [HLS-100] Command 'ap_source' returned 0; elapsed 0.003Total elapsed time: 1.809 sec.
@I [HLS-100] Command 'ap_source' returned 0; elapsed 0.008Total elapsed time: 1.809 sec.
@I [HLS-100] Command "source E:/Tools/Xilinx/Vivado_HLS/2016.1/common/technology/xilinx/common/dsp48.hlp "
@I [HLS-100] Command 'ap_source' returned 0; elapsed 0.006Total elapsed time: 1.816 sec.
@I [HLS-100] Command 'ap_source' returned 0; elapsed 0.026Total elapsed time: 1.817 sec.
@I [HLS-100] Command "source E:/Tools/Xilinx/Vivado_HLS/2016.1/common/technology/xilinx/kintex7/dsp48e1.hlp "
@I [HLS-100] Command 'ap_source' returned 0; elapsed 0.003Total elapsed time: 1.821 sec.
@I [HLS-100] Command "get_default_platform "
@I [HLS-100] Command 'get_default_platform' returned 0; elapsed 0Total elapsed time: 1.822 sec.
@I [HLS-100] Command "config_chip_info -quiet -resource  {SLICE 50950} {LUT 203800}    {FF 407600} {DSP48E 840}    {BRAM 890}  "
@I [HLS-100] Command 'config_chip_info' returned 0; elapsed 0Total elapsed time: 1.823 sec.
@I [HLS-100] Command "config_chip_info -quiet -speed medium "
@I [HLS-100] Command 'config_chip_info' returned 0; elapsed 0Total elapsed time: 1.823 sec.
@I [HLS-100] Command 'import_lib' returned 0; elapsed 0.093Total elapsed time: 1.825 sec.
@I [HLS-100] Command "source E:/Tools/Xilinx/Vivado_HLS/2016.1/common/technology/xilinx/kintex7/kintex7.gen "
@I [HLS-100] Command "source E:/Tools/Xilinx/Vivado_HLS/2016.1/common/technology/xilinx/common/virtex.gen "
@I [HLS-100] Command "source E:/Tools/Xilinx/Vivado_HLS/2016.1/common/technology/xilinx/common/xilinx.gen "
@I [HLS-100] Command "source E:/Tools/Xilinx/Vivado_HLS/2016.1/common/technology/xilinx/interface/plb46.gen "
@I [HLS-100] Command 'ap_source' returned 0; elapsed 0.005Total elapsed time: 1.843 sec.
@I [HLS-100] Command "source E:/Tools/Xilinx/Vivado_HLS/2016.1/common/technology/xilinx/interface/fsl.gen "
@I [HLS-100] Command 'ap_source' returned 0; elapsed 0.007Total elapsed time: 1.851 sec.
@I [HLS-100] Command "source E:/Tools/Xilinx/Vivado_HLS/2016.1/common/technology/xilinx/interface/axi4.gen "
@I [HLS-100] Command 'ap_source' returned 0; elapsed 0.008Total elapsed time: 1.860 sec.
@I [HLS-100] Command "source E:/Tools/Xilinx/Vivado_HLS/2016.1/common/technology/xilinx/interface/nativeAXI4.gen "
@I [HLS-100] Command "source E:/Tools/Xilinx/Vivado_HLS/2016.1/common/technology/xilinx/interface/saxilite.gen "
@I [HLS-100] Command 'ap_source' returned 0; elapsed 0.01Total elapsed time: 1.874 sec.
@I [HLS-100] Command "source E:/Tools/Xilinx/Vivado_HLS/2016.1/common/technology/xilinx/interface/maxi.gen "
@I [HLS-100] Command 'ap_source' returned 0; elapsed 0.017Total elapsed time: 1.892 sec.
@I [HLS-100] Command 'ap_source' returned 0; elapsed 0.031Total elapsed time: 1.892 sec.
@I [HLS-100] Command "source E:/Tools/Xilinx/Vivado_HLS/2016.1/common/technology/xilinx/scripts/xilinxcoregen.gen "
@I [HLS-100] Command 'ap_source' returned 0; elapsed 0.017Total elapsed time: 1.910 sec.
@I [HLS-100] Command "source E:/Tools/Xilinx/Vivado_HLS/2016.1/common/technology/xilinx/interface/XilEDKCoreGen.gen "
@I [HLS-100] Command 'ap_source' returned 0; elapsed 0.016Total elapsed time: 1.927 sec.
@I [HLS-100] Command "source E:/Tools/Xilinx/Vivado_HLS/2016.1/common/technology/xilinx/ip/dds_compiler.gen "
@I [HLS-100] Command 'ap_source' returned 0; elapsed 0.012Total elapsed time: 1.941 sec.
@I [HLS-100] Command "source E:/Tools/Xilinx/Vivado_HLS/2016.1/common/technology/xilinx/ip/util.gen "
@I [HLS-100] Command 'ap_source' returned 0; elapsed 0.004Total elapsed time: 1.946 sec.
@I [HLS-100] Command "source E:/Tools/Xilinx/Vivado_HLS/2016.1/common/technology/xilinx/ip/xfft.gen "
@I [HLS-100] Command 'ap_source' returned 0; elapsed 0.158Total elapsed time: 2.105 sec.
@I [HLS-100] Command "source E:/Tools/Xilinx/Vivado_HLS/2016.1/common/technology/xilinx/ip/xfir.gen "
@I [HLS-100] Command 'ap_source' returned 0; elapsed 0.005Total elapsed time: 2.111 sec.
@I [HLS-100] Command 'ap_source' returned 0; elapsed 0.276Total elapsed time: 2.111 sec.
@I [HLS-100] Command "source E:/Tools/Xilinx/Vivado_HLS/2016.1/common/technology/xilinx/common/dsp48.gen "
@I [HLS-100] Command 'ap_source' returned 0; elapsed 0.004Total elapsed time: 2.117 sec.
@I [HLS-100] Command 'ap_source' returned 0; elapsed 0.288Total elapsed time: 2.117 sec.
@I [HLS-100] Command 'ap_source' returned 0; elapsed 0.291Total elapsed time: 2.117 sec.
@I [HLS-100] Command "get_default_platform "
@I [HLS-100] Command 'get_default_platform' returned 0; elapsed 0Total elapsed time: 2.120 sec.
@I [HLS-100] Command "config_chip_info -quiet -resource  {SLICE 25350} {LUT 101400}    {FF 202800} {DSP48E 600}    {BRAM 650}  "
@I [HLS-100] Command 'config_chip_info' returned 0; elapsed 0Total elapsed time: 2.120 sec.
@I [HLS-100] Command "config_chip_info -quiet -speed slow "
@I [HLS-100] Command 'config_chip_info' returned 0; elapsed 0Total elapsed time: 2.121 sec.
@I [HLS-100] Command 'add_library' returned 0; elapsed 0.523Total elapsed time: 2.124 sec.
@I [HLS-100] Command "add_library xilinx/kintex7/kintex7_fpv6 "
@I [HLS-100] Command "get_default_platform "
@I [HLS-100] Command 'get_default_platform' returned 0; elapsed 0Total elapsed time: 2.125 sec.
@I [HLS-100] Command "open_platform DefaultPlatform "
@I [HLS-100] Command 'open_platform' returned 0; elapsed 0Total elapsed time: 2.125 sec.
@I [HLS-100] Command "import_lib E:/Tools/Xilinx/Vivado_HLS/2016.1/common/technology/xilinx/kintex7/kintex7_fpv6 "
@I [HLS-100] Command "source E:/Tools/Xilinx/Vivado_HLS/2016.1/common/technology/xilinx/common/xilinx_fpv7.lib "
@I [HLS-100] Command "source E:/Tools/Xilinx/Vivado_HLS/2016.1/common/technology/xilinx/common/xilinx_hp.lib "
@I [HLS-100] Command 'ap_source' returned 0; elapsed 0.004Total elapsed time: 2.137 sec.
@I [HLS-100] Command 'ap_source' returned 0; elapsed 0.012Total elapsed time: 2.140 sec.
@I [HLS-100] Command "source E:/Tools/Xilinx/Vivado_HLS/2016.1/common/technology/xilinx/common/xilinx_fpv.hlp "
@I [HLS-100] Command "source E:/Tools/Xilinx/Vivado_HLS/2016.1/common/technology/xilinx/common/xilinx.hlp "
@I [HLS-100] Command "source E:/Tools/Xilinx/Vivado_HLS/2016.1/common/technology/xilinx/common/target_info.tcl "
@I [HLS-100] Command 'ap_source' returned 0; elapsed 0.005Total elapsed time: 2.166 sec.
@I [HLS-100] Command "source E:/Tools/Xilinx/Vivado_HLS/2016.1/common/technology/xilinx/interface/xilinx_interface.hlp "
@I [HLS-100] Command "source E:/Tools/Xilinx/Vivado_HLS/2016.1/common/technology/xilinx/interface/maxi.hlp "
@I [HLS-100] Command 'ap_source' returned 0; elapsed 0.001Total elapsed time: 2.169 sec.
@I [HLS-100] Command "source E:/Tools/Xilinx/Vivado_HLS/2016.1/common/technology/xilinx/interface/saxilite.hlp "
@I [HLS-100] Command 'ap_source' returned 0; elapsed 0.001Total elapsed time: 2.170 sec.
@I [HLS-100] Command 'ap_source' returned 0; elapsed 0.003Total elapsed time: 2.170 sec.
@I [HLS-100] Command "source E:/Tools/Xilinx/Vivado_HLS/2016.1/common/technology/xilinx/common/dsp48.hlp "
@I [HLS-100] Command 'ap_source' returned 0; elapsed 0.002Total elapsed time: 2.172 sec.
@I [HLS-100] Command 'ap_source' returned 0; elapsed 0.014Total elapsed time: 2.173 sec.
@I [HLS-100] Command 'ap_source' returned 0; elapsed 0.019Total elapsed time: 2.173 sec.
@I [HLS-100] Command "source E:/Tools/Xilinx/Vivado_HLS/2016.1/common/technology/xilinx/kintex7/kintex7_hp.hlp "
@I [HLS-100] Command 'ap_source' returned 0; elapsed 0.006Total elapsed time: 2.180 sec.
@I [HLS-100] Command 'import_lib' returned 0; elapsed 0.059Total elapsed time: 2.185 sec.
@I [HLS-100] Command "source E:/Tools/Xilinx/Vivado_HLS/2016.1/common/technology/xilinx/kintex7/kintex7_fpv6.gen "
@I [HLS-100] Command "source E:/Tools/Xilinx/Vivado_HLS/2016.1/common/technology/xilinx/common/xilinx_fpv6.gen "
@I [HLS-100] Command 'ap_source' returned 0; elapsed 0.005Total elapsed time: 2.194 sec.
@I [HLS-100] Command 'ap_source' returned 0; elapsed 0.009Total elapsed time: 2.195 sec.
@I [HLS-100] Command 'add_library' returned 0; elapsed 0.075Total elapsed time: 2.199 sec.
@I [HLS-10] Setting target device to 'xc7k160tfbg484-1'
@I [HLS-100] Command 'set_part' returned 0; elapsed 0.61Total elapsed time: 2.200 sec.
@I [HLS-100] Command "create_clock -period 4 -name default "
@I [HLS-100] Command "config_clock -quiet -name default -period 4 -default=false "
@I [SYN-201] Setting up clock 'default' with a period of 4ns.
@I [HLS-100] Command 'config_clock' returned 0; elapsed 0Total elapsed time: 2.205 sec.
@I [HLS-100] Command 'create_clock' returned 0; elapsed 0.005Total elapsed time: 2.206 sec.
@I [HLS-100] Command "source ./axi_interfaces_prj/solution2/directives.tcl "
@I [HLS-100] Command 'ap_source' returned 0; elapsed 0.003Total elapsed time: 2.209 sec.
@I [HLS-100] Command "csynth_design "
@I [HLS-100] Command "elaborate -effort=medium -skip_syncheck=0 -keep_printf=0 -lm=0 -skip_cdt=0 -skip_transform=0 -ng=0 -g=0 -opt_fp=0 "
@I [HLS-10] Analyzing design file 'axi_interfaces.c' ... 
@0 [HLS-0] Analyzing design file 'axi_interfaces.c' ... 
@I [HLS-0] Compiling one TU...
@I [HLS-0] 
Checking before pre-process: exec clang -fno-limit-debug-info -gcc-toolchain "E:/Tools/Xilinx/Vivado_HLS/2016.1/msys" -hls    -fno-math-errno -c -emit-llvm -O0  -mllvm -disable-llvm-optzns -std=gnu89   -DAESL_SYN -D__SYNTHESIS__ -D__HLS_SYN__ -I "E:/Tools/Xilinx/Vivado_HLS/2016.1/common/technology/autopilot" -I "E:/Tools/Xilinx/Vivado_HLS/2016.1/common/technology/autopilot/ap_sysc" -include etc/autopilot_ssdm_op.h -D__cdecl=  "axi_interfaces.c"  -o "C:/training/Vivado_2016.1/hls/demos/axi_streaming/axi_interfaces_prj/solution2/.autopilot/db/axi_interfaces.pp.00.o"

@I [HLS-100] Command "is_encrypted C:/training/Vivado_2016.1/hls/demos/axi_streaming/axi_interfaces_prj/solution2/.autopilot/db/axi_interfaces.pp.00.o "
@I [HLS-100] Command 'is_encrypted' returned 0; elapsed 0.001Total elapsed time: 5.988 sec.
@I [HLS-0] Syntax Checker time: 3 seconds per iteration
@I [HLS-0] 
Source preprocessing: exec clang -fno-limit-debug-info -gcc-toolchain "E:/Tools/Xilinx/Vivado_HLS/2016.1/msys" -hls -fno-exceptions  -D__llvm__  -CC -E "axi_interfaces.c"     -fno-math-errno -c -emit-llvm -O0  -mllvm -disable-llvm-optzns -std=gnu89   -DAESL_SYN -D__SYNTHESIS__ -D__HLS_SYN__ -I "E:/Tools/Xilinx/Vivado_HLS/2016.1/common/technology/autopilot" -I "E:/Tools/Xilinx/Vivado_HLS/2016.1/common/technology/autopilot/ap_sysc" -include etc/autopilot_ssdm_op.h -D__cdecl=  -o "C:/training/Vivado_2016.1/hls/demos/axi_streaming/axi_interfaces_prj/solution2/.autopilot/db/axi_interfaces.pp.0.c"

@I [HLS-0] GCC PP time: 1 seconds per iteration
@I [HLS-100] Command "list_core -type functional_unit "
@I [HLS-100] Command 'list_core' returned 0; elapsed 0Total elapsed time: 7.380 sec.
@I [HLS-0] Marker-Pragma convertor: C:/training/Vivado_2016.1/hls/demos/axi_streaming/axi_interfaces_prj/solution2/.autopilot/db/axi_interfaces.pp.0.c C:/training/Vivado_2016.1/hls/demos/axi_streaming/axi_interfaces_prj/solution2/.autopilot/db/axi_interfaces.pp.0.c.ap-line.c C:/training/Vivado_2016.1/hls/demos/axi_streaming/axi_interfaces_prj/solution2/.autopilot/db/axi_interfaces.pp.0.c.ap-line.c.CXX 1
@I [HLS-0] 
Source processor: exec E:/Tools/Xilinx/Vivado_HLS/2016.1/tps/win64/jre/bin/java -Xmx512m -classpath   "E:/Tools/Xilinx/Vivado_HLS/2016.1/lib/classes/autopilot.sourceprocessor.jar;E:/Tools/Xilinx/Vivado_HLS/2016.1/lib/classes/org.eclipse.cdt.core_5.3.0.xilinx_patch.jar;E:/Tools/Xilinx/Vivado_HLS/2016.1/lib/classes/org.eclipse.core.runtime_3.7.0.v20110110.jar;E:/Tools/Xilinx/Vivado_HLS/2016.1/lib/classes/org.eclipse.equinox.common_3.6.0.v20110523.jar;E:/Tools/Xilinx/Vivado_HLS/2016.1/lib/classes/com.ibm.icu_4.4.2.v20110208.jar;E:/Tools/Xilinx/Vivado_HLS/2016.1/lib/classes/jargs.jar;E:/Tools/Xilinx/Vivado_HLS/2016.1/win64/tools/eclipse/plugins/org.eclipse.emf.common_2.10.1.v20150123-0348.jar;E:/Tools/Xilinx/Vivado_HLS/2016.1/win64/tools/eclipse/plugins/org.eclipse.emf.ecore_2.10.2.v20150123-0348.jar;E:/Tools/Xilinx/Vivado_HLS/2016.1/win64/tools/eclipse/plugins/org.eclipse.emf.ecore.xmi_2.10.2.v20150123-0348.jar;E:/Tools/Xilinx/Vivado_HLS/2016.1/win64/tools/eclipse/plugins/com.autoesl.autopilot.ui.directiveFileModel_1.0.0.jar;E:/Tools/Xilinx/Vivado_HLS/2016.1/win64/tools/eclipse/plugins/com.autoesl.autopilot.ui.common_1.0.0.jar"  autopilot.sourceprocessor.CParser  "C:/training/Vivado_2016.1/hls/demos/axi_streaming/axi_interfaces_prj/solution2/.autopilot/db/axi_interfaces.pp.0.c.ap-line.c"  -m "axi_interfaces" -o "C:/training/Vivado_2016.1/hls/demos/axi_streaming/axi_interfaces_prj/solution2/.autopilot/db/axi_interfaces.pp.0.c.ap-cdt.c" -c --pp --directive C:/training/Vivado_2016.1/hls/demos/axi_streaming/axi_interfaces_prj/solution2/solution2.directive --source C:/training/Vivado_2016.1/hls/demos/axi_streaming/axi_interfaces.c --error C:/training/Vivado_2016.1/hls/demos/axi_streaming/axi_interfaces_prj/solution2/.autopilot/db --funcunit "AddSub AddSub_DSP AddSubnS DAddSub_fulldsp DAddSub_nodsp DDiv DExp_fulldsp DExp_meddsp DExp_nodsp DLog_fulldsp DLog_meddsp DLog_nodsp DMul_fulldsp DMul_maxdsp DMul_meddsp DMul_nodsp DRSqrt DRecip DSqrt DivnS FAddSub_fulldsp FAddSub_nodsp FDiv FExp_fulldsp FExp_meddsp FExp_nodsp FLog_fulldsp FLog_meddsp FLog_nodsp FMul_fulldsp FMul_maxdsp FMul_meddsp FMul_nodsp FRSqrt_fulldsp FRSqrt_nodsp FRecip_fulldsp FRecip_nodsp FSqrt HAddSub_nodsp HDiv HMul_fulldsp HMul_maxdsp HMul_nodsp HSqrt Mul Mul2S Mul3S Mul4S Mul5S Mul6S Mul_LUT MulnS MuxnS" --ca --gf --pd --p2d C:/training/Vivado_2016.1/hls/demos/axi_streaming/axi_interfaces_prj/solution2/.autopilot/db --sd --scff C:/training/Vivado_2016.1/hls/demos/axi_streaming/axi_interfaces_prj/solution2/.autopilot/db/.systemc_flag --ad

@I [HLS-0] Marker-Pragma convertor: C:/training/Vivado_2016.1/hls/demos/axi_streaming/axi_interfaces_prj/solution2/.autopilot/db/axi_interfaces.pp.0.c.ap-cdt.c C:/training/Vivado_2016.1/hls/demos/axi_streaming/axi_interfaces_prj/solution2/.autopilot/db/axi_interfaces.pragma.0.c C:/training/Vivado_2016.1/hls/demos/axi_streaming/axi_interfaces_prj/solution2/.autopilot/db/axi_interfaces.pragma.0.c.ap-line.CXX 0
@I [HLS-100] Command "source C:/training/Vivado_2016.1/hls/demos/axi_streaming/axi_interfaces_prj/solution2/.autopilot/db/pragma.status.tcl "
@I [HLS-100] Command 'ap_source' returned 0; elapsed 0.002Total elapsed time: 9.950 sec.
@I [HLS-0] CDT processor time: 2 seconds per iteration
@I [HLS-0] Pragma handling time: 0 seconds per iteration
@I [HLS-0] 
Source preprocessing: exec clang -fno-limit-debug-info -gcc-toolchain "E:/Tools/Xilinx/Vivado_HLS/2016.1/msys" -hls -fno-exceptions  -D__llvm__  -CC -E "C:/training/Vivado_2016.1/hls/demos/axi_streaming/axi_interfaces_prj/solution2/.autopilot/db/axi_interfaces.pragma.1.c"     -fno-math-errno -c -emit-llvm -O0  -mllvm -disable-llvm-optzns -std=gnu89   -DAESL_SYN -D__SYNTHESIS__ -D__HLS_SYN__ -I "E:/Tools/Xilinx/Vivado_HLS/2016.1/common/technology/autopilot" -I "E:/Tools/Xilinx/Vivado_HLS/2016.1/common/technology/autopilot/ap_sysc" -include etc/autopilot_ssdm_op.h -D__cdecl=  -o "C:/training/Vivado_2016.1/hls/demos/axi_streaming/axi_interfaces_prj/solution2/.autopilot/db/axi_interfaces.pragma.2.c"

@I [HLS-0] exec clang -fno-limit-debug-info -gcc-toolchain E:/Tools/Xilinx/Vivado_HLS/2016.1/msys -hls -hls-analyze-label -hls-analyze-pragma -fno-exceptions  -D__llvm__  -w  "C:/training/Vivado_2016.1/hls/demos/axi_streaming/axi_interfaces_prj/solution2/.autopilot/db/axi_interfaces.pragma.2.c"    -fno-math-errno -c -emit-llvm -O0  -mllvm -disable-llvm-optzns -std=gnu89  -DAESL_SYN -D__SYNTHESIS__ -D__HLS_SYN__ -I "E:/Tools/Xilinx/Vivado_HLS/2016.1/common/technology/autopilot" -I "E:/Tools/Xilinx/Vivado_HLS/2016.1/common/technology/autopilot/ap_sysc" -include etc/autopilot_ssdm_op.h -g -o "C:/training/Vivado_2016.1/hls/demos/axi_streaming/axi_interfaces_prj/solution2/.autopilot/db/axi_interfaces.g.bc"
@I [HLS-10] Validating synthesis directives ...
@0 [HLS-0] Validating synthesis directives ...
@I [HLS-100] Command "source C:/training/Vivado_2016.1/hls/demos/axi_streaming/axi_interfaces_prj/solution2/.autopilot/db/pragma.status.tcl "
@I [HLS-100] Command 'ap_source' returned 0; elapsed 0.004Total elapsed time: 12.896 sec.
@I [HLS-0] Linking all ...
@I [HLS-0] exec llvm-ld  "C:/training/Vivado_2016.1/hls/demos/axi_streaming/axi_interfaces_prj/solution2/.autopilot/db/axi_interfaces.bc"  -disable-opt  -LE:/Tools/Xilinx/Vivado_HLS/2016.1/win64/lib -lm_basic -o "C:/training/Vivado_2016.1/hls/demos/axi_streaming/axi_interfaces_prj/solution2/.autopilot/db/a.o.pre"
@I [HLS-0] Link time: 1 seconds per iteration
@I [HLS-0] Linking all ...
@I [HLS-0] exec llvm-ld  "C:/training/Vivado_2016.1/hls/demos/axi_streaming/axi_interfaces_prj/solution2/.autopilot/db/axi_interfaces.g.bc"  -disable-opt  -LE:/Tools/Xilinx/Vivado_HLS/2016.1/win64/lib -lm_basic -o "C:/training/Vivado_2016.1/hls/demos/axi_streaming/axi_interfaces_prj/solution2/.autopilot/db/a.g.pre"
@I [HLS-0] Link time: 0 seconds per iteration
@I [HLS-100] Command "opt_and_import_c a -opt_level=2 -skip_syncheck=0 -ng=0 -keep_printf=0 "
@I [HLS-100] Command "cleanup_all_models "
@I [HLS-100] Command 'cleanup_all_models' returned 0; elapsed 0Total elapsed time: 15.424 sec.
@I [HLS-10] Starting code transformations ...
@0 [HLS-0] Starting code transformations ...
@I [HLS-0] std xform: transform -hls -share-std-xform -always-inline -promote-dbg-pointer  -interface-preproc  -scalarrepl -mem2reg -keep-read-access -instcombine -dce  -promote-dbg-pointer  -bitop-raise  -indvars -loop-simplify -xunroll  -constprop -instcombine -simplifycfg -indvars  -simplifycfg -dce -globaldce  -basicaa  -simplifycfg -mem2reg -globalopt  -global-constprop -deadargelim -instcombine -simplifycfg  -prune-eh -simplifycfg  -scalarrepl -instcombine -reassociate -licm  -simplifycfg -loop-simplify -indvars -instcombine  -simplifycfg -mem2reg -loop-simplify -indvars -instcombine  -gvn -gvn -instcombine -adce  -break-crit-edges  -simplifycfg -loop-delete  -global-array-opt -dce -dse -adce  -find-syn-modules -top axi_interfaces  -deadargelim  -mem2reg -instcombine -dce  -presyn-prepare -auto-rom-infer  -interface-preproc  -syn-check -check-rec-only  -find-region -simplifycfg -func-extr -function-inline  -globaldce -mem2reg -instcombine -dce   -gvn -globaldce -adce -adse  -constprop -instcombine -bit-constprop  -instcombine -dce -simplifycfg -bitop-raise  -simplifycfg -dce -loop-delete -reassociate  -globalopt -global-privatize -mem2reg -dce  -global-constprop -pointer-simplify -constprop -dce  -func-inst -deadargelim  -promote-dbg-pointer  -norm-name   C:/training/Vivado_2016.1/hls/demos/axi_streaming/axi_interfaces_prj/solution2/.autopilot/db/a.g.0.bc -o C:/training/Vivado_2016.1/hls/demos/axi_streaming/axi_interfaces_prj/solution2/.autopilot/db/a.g.1.bc -f  -phase std-opt
@I [HLS-0] Std xform time: 0 seconds per iteration
@I [HLS-100] Command "is_encrypted C:/training/Vivado_2016.1/hls/demos/axi_streaming/axi_interfaces_prj/solution2/.autopilot/db/a.g.1.bc "
@I [HLS-100] Command 'is_encrypted' returned 0; elapsed 0.001Total elapsed time: 15.869 sec.
@I [HLS-10] Checking synthesizability ...
@0 [HLS-0] Checking synthesizability ...
@I [HLS-0] syn check 1/2: transform -hls -syn-check -check-rec-only -disaggr -scalarrepl -norm-name -dce  -mem2reg -instcombine  -function-uniquify -directive-preproc -mem2reg -dse -dce -auto-rom-infer -dce  -array-normalize -instcombine -dce  -array-seg-normalize -instcombine -dce  -array-flatten -instcombine -dce  -array-burst -dce  -deadargelim -promote-global-argument  -simplifycfg -mem2reg -globaldce -resolve-double-ptr  -dce -deadargelim -dce -instcombine  -function-inline -globaldce -dce  -doublePtrSimplify -doublePtrElim -dce  -doublePtrSimplify -promote-dbg-pointer  -dce -scalarrepl -dse -adse -instcombine  -ptrLegalization  -simplifycfg -dce -instcombine  -pointer-simplify -ptrArgReplace -dce -instcombine   -disaggr -scalarrepl -norm-name -dce  -mem2reg -instcombine -ptrLegalization   -simplifycfg -deadargelim  -instcombine -dce -inst-simplify  -function-uniquify -directive-preproc -mem2reg -dse -dce  -globaldce    C:/training/Vivado_2016.1/hls/demos/axi_streaming/axi_interfaces_prj/solution2/.autopilot/db/a.g.1.bc -o C:/training/Vivado_2016.1/hls/demos/axi_streaming/axi_interfaces_prj/solution2/.autopilot/db/a.g.2.prechk.bc -f
@I [HLS-0] Syn check 1/2 time: 0 seconds per iteration
@I [HLS-0] syn check 2/2: transform -syn-check   C:/training/Vivado_2016.1/hls/demos/axi_streaming/axi_interfaces_prj/solution2/.autopilot/db/a.g.2.prechk.bc -o C:/training/Vivado_2016.1/hls/demos/axi_streaming/axi_interfaces_prj/solution2/.autopilot/db/a.g.2.bc -f  -phase syn-check
@I [HLS-0] Syn check 2/2 time: 0 seconds per iteration
@I [HLS-0] Compiler optimizing ...
@I [HLS-0] Share syncheck's 1.bc for syn flow: copy C:/training/Vivado_2016.1/hls/demos/axi_streaming/axi_interfaces_prj/solution2/.autopilot/db/a.g.1.bc to C:/training/Vivado_2016.1/hls/demos/axi_streaming/axi_interfaces_prj/solution2/.autopilot/db/a.o.1.bc
@I [HLS-0] presyn 1: transform -hls -tmp C:/training/Vivado_2016.1/hls/demos/axi_streaming/axi_interfaces_prj/solution2/.autopilot/db -type-info  -function-uniquify -directive-preproc -mem2reg -dse -dce  -disaggr -scalarrepl -norm-name -deadargelim  -mem2reg -instcombine -dce -auto-rom-infer -dce -function-uniquify  -resource-proc  -simplifycfg -mem2reg -globaldce -resolve-double-ptr -dce -deadargelim -dce -instcombine  -clib-intrinsic-prepare -dce  -func-buffer -dce -array-normalize  -func-legal -instcombine -gvn -constprop -dce   -ptrArgReplace -mem2reg -instcombine -dce  -array-seg-normalize -deadargelim  -instcombine -dce  -pointer-simplify -dce  -port-alignment -dce  -interface-preproc  -data-pack -instcombine -dce   -basicaa -aggr-aa -aggrmodref-aa -aggr-aa -gvn -gvn  -basicaa -aggr-aa -aggrmodref-aa -aggr-aa -dse -adse -adce  -loop-simplify -indvars -instcombine  -gvn -loop-simplify -mem2reg -dce -simplifycfg  -find-region -instcombine  -auto-loop-pipeline  -inst-simplify  -interface-preproc  -indvars -auto-loop-unroll -loop-simplify -loop-bound -xunroll  -constprop -instcombine -simplifycfg -indvars  -simplifycfg -dce -globaldce  -attach-range  -gvn -inst-simplify  -constprop -simplifycfg -dce  -pointer-simplify -dce  -globalopt -constprop -dce  -array-promote -constprop -instcombine -dce  -ptrArgReplace -mem2reg  -instcombine -simplifycfg -dce  -auto-par -instcombine -dce  -array-transform-check  -array-reshape -instcombine -simplifycfg -dce  -ptrArgReplace -deadargelim -mem2reg  -instcombine -simplifycfg -dce   -indvars -loop-simplify -loop-bound -xunroll  -constprop -instcombine -simplifycfg -indvars  -simplifycfg -dce -globaldce  -duplicate-dataflow-processes -globaldce  -array-partition -instcombine -simplifycfg -dce  -ptrArgReplace -global-constprop -deadargelim -mem2reg  -func-legal -instcombine -dce -global-constprop -deadargelim -mem2reg  -instcombine -simplifycfg -dce   -globalopt -constprop -dce  -array-promote -constprop -instcombine -dce  -ptrArgReplace -mem2reg  -instcombine -simplifycfg -dce   -mem-intrinsic-preproc -dce  -global-privatize  -mem2reg -globaldce  -promote-global-argument  -ptrArgReplace -mem2reg -instcombine -dce  -globalopt -mergereturn -simplify-global-access -mem2reg -dce  -pointer-simplify -dce  -functionattrs  -basicaa -aggr-aa -aggrmodref-aa -aggr-aa -gvn -gvn  -basicaa -aggr-aa -aggrmodref-aa -aggr-aa -dse -adse -adce  -inst-simplify -dce -norm-name  -function-inline -globaldce  -func-inst -constprop -instcombine -simplifycfg -dce  -func-legal -dce   -loop-bound  -arraycheck -bitwidthmin -on-by-dataflow  -loop-delete -instcombine -simplifycfg  -globaldce -dce -gvn -deadargelim -dce -loop-simplify -clean-region -simplifycfg -propagate-stable-arguments  -loop-stream -instcombine -simplifycfg -dce -globaldce  -stream-intrinsic-preproc -dce  -check-ap-stream -loop-simplify -eliminate-keepreads  -extract-dataflow-in-loop -loop-simplify -dce -gvn -deadargelim -dse  -check-dataflow-syntax  -legalize-stream-variable -legalize-global -legalize-global-1  -extract-subproc -dce -dead-channel-elimination  -canonicalize-gep -globaldce -dce -gvn -deadargelim  -scalar-propagation -deadargelim -globaldce -mem2reg  -check-dataflow-channels -function-stream -dce -globaldce  -prop-fifo-spec -internal-stream-gen  -canonicalize-gep -globaldce -dce -gvn -deadargelim   -mergereturn -indvars -loop-simplify -instcombine  -array-stream -instcombine -simplifycfg -dce  -bundle-memfifo-ops -deadargelim    -function-uniquify -directive-preproc -mem2reg -dse -dce  -group-axi-access    -licm -simplifycfg -dce -loop-delete  -norm-name  C:/training/Vivado_2016.1/hls/demos/axi_streaming/axi_interfaces_prj/solution2/.autopilot/db/a.o.1.bc -o C:/training/Vivado_2016.1/hls/demos/axi_streaming/axi_interfaces_prj/solution2/.autopilot/db/a.o.1.tmp.bc -f
@I [HLS-0] Presyn 1 time: 0 seconds per iteration
@I [HLS-0] presyn 2: transform -hls -keep-callgraph -scalarrepl -mem2reg  -port-alignment -attach-range -dce  -pipe-mux-gen  -indvars -loop-bound  -inst-simplify -instcombine -dce  -merge-array-access -mem2reg -dce  -clean-region -mergereturn -if-conv  -instcombine -dce -constprop  -basicaa -aggr-aa -aggrmodref-aa -aggr-aa -gvn -gvn  -basicaa -aggr-aa -aggrmodref-aa -aggr-aa -dse -adse -adce  -scalarrepl -mem2reg  -global-constprop -deadargelim -deadargelim  -instcombine -dce -simplifycfg    -ptrArgReplace -mem2reg -function-inline  -globaldce -mem2reg -instcombine -dce -expr-balance  -instcombine -dce  -bitwidthmin  -interface-preproc -directive-preproc  -inst-rectify -instcombine -dce  -functionattrs  -constprop -instcombine -bit-constprop  -simplify-global-access  -globalopt -globaldce  -inst-simplify -instcombine -elimdeaddata -dce  -loop-delete -simplifycfg -loop-simplify -auto-burst   -norm-name C:/training/Vivado_2016.1/hls/demos/axi_streaming/axi_interfaces_prj/solution2/.autopilot/db/a.o.1.tmp.bc -o C:/training/Vivado_2016.1/hls/demos/axi_streaming/axi_interfaces_prj/solution2/.autopilot/db/a.o.2.bc -f  -phase presyn
@I [HLS-0] Presyn 2 time: 0 seconds per iteration
@I [HLS-100] Command "is_encrypted C:/training/Vivado_2016.1/hls/demos/axi_streaming/axi_interfaces_prj/solution2/.autopilot/db/a.o.2.bc "
@I [HLS-100] Command 'is_encrypted' returned 0; elapsed 0Total elapsed time: 16.398 sec.
@I [HLS-0] build ssdm: transform -hls  -function-uniquify -auto-function-inline -globaldce  -ptrArgReplace -mem2reg -instcombine -dce  -reset-lda  -loop-simplify -indvars -licm -loop-dep  -loop-bound -licm -loop-simplify -flattenloopnest  -array-flatten -gvn -instcombine -dce  -array-map -dce -func-legal  -gvn -adce -instcombine -cfgopt -simplifycfg -loop-simplify   -array-burst -promote-global-argument -dce  -axi4-lower -array-seg-normalize  -basicaa -aggrmodref-aa -globalsmodref-aa -aggr-aa -gvn -gvn  -basicaa -aggrmodref-aa -globalsmodref-aa -aggr-aa -dse -adse -adce -licm  -inst-simplify -dce  -globaldce -instcombine -array-stream -eliminate-keepreads -instcombine  -dce   -deadargelim -doublePtrSimplify  -doublePtrElim -dce -doublePtrSimplify -promote-dbg-pointer  -dce -scalarrepl -mem2reg -disaggr -norm-name -mem2reg  -instcombine  -dse -adse -adce -ptrLegalization -dce -auto-rom-infer -array-flatten -dce -instcombine  -loop-rot -constprop -cfgopt -simplifycfg -loop-simplify -indvars -pointer-simplify -dce -loop-bound  -loop-simplify -loop-preproc  -constprop -global-constprop -gvn -mem2reg -instcombine -dce  -loop-merge -dce  -bitwidthmin  -deadargelim -dce  -scalar-propagation -deadargelim -globaldce -mem2reg  -interface-preproc -interface-gen  -deadargelim -directive-preproc -inst-simplify -dce  -gvn -mem2reg -instcombine -dce -adse  -loop-bound  -instcombine -cfgopt -simplifycfg -loop-simplify  -clean-region -io-protocol  -find-region -mem2reg  -bitop-raise  -inst-simplify -inst-rectify -instcombine -adce -deadargelim  -loop-simplify -phi-opt -bitop-raise  -cfgopt -simplifycfg -strip-dead-prototypes  -interface-lower -bitop-lower -intrinsic-lower -auto-function-inline  -basicaa -aggrmodref-aa -globalsmodref-aa -aggr-aa  -inst-simplify -simplifycfg   -mergereturn -inst-simplify -inst-rectify  -dce -bitop-lower  -loop-rewind -pointer-simplify -dce -cfgopt  -read-loop-dep -dce -bitwidth -norm-name -legalize    -cdfg-build  C:/training/Vivado_2016.1/hls/demos/axi_streaming/axi_interfaces_prj/solution2/.autopilot/db/a.o.2.bc -o C:/training/Vivado_2016.1/hls/demos/axi_streaming/axi_interfaces_prj/solution2/.autopilot/db/a.o.3.bc -f  -phase build-ssdm
@I [HLS-0] Build ssdm time: 0 seconds per iteration
@I [HLS-100] Command "is_encrypted C:/training/Vivado_2016.1/hls/demos/axi_streaming/axi_interfaces_prj/solution2/.autopilot/db/a.o.3.bc "
@I [HLS-100] Command 'is_encrypted' returned 0; elapsed 0Total elapsed time: 16.517 sec.
@I [HLS-0] Finish building internal data model.
@I [HLS-100] Command 'opt_and_import_c' returned 0; elapsed 1.165Total elapsed time: 16.589 sec.
@I [HLS-111] Elapsed time: 16.603 seconds; current memory usage: 72.1 MB.
@I [HLS-100] Command 'elaborate' returned 0; elapsed 14.388Total elapsed time: 16.599 sec.
@I [HLS-100] Command "autosyn "
@I [HLS-10] Starting hardware synthesis ...
@0 [HLS-0] Starting hardware synthesis ...
@I [HLS-0] Synthesizing C/C++ design ...
@I [HLS-10] Synthesizing 'axi_interfaces' ...
@0 [HLS-0] Synthesizing 'axi_interfaces' ...
@I [HLS-100] Command "ap_set_top_model axi_interfaces "
@I [HLS-100] Command 'ap_set_top_model' returned 0; elapsed 0Total elapsed time: 16.605 sec.
@I [HLS-100] Command "get_model_list axi_interfaces -filter all-wo-channel -topdown "
@I [HLS-100] Command 'get_model_list' returned 0; elapsed 0Total elapsed time: 16.606 sec.
@I [HLS-100] Command "preproc_iomode -model axi_interfaces "
@I [HLS-100] Command 'preproc_iomode' returned 0; elapsed 0.001Total elapsed time: 16.607 sec.
@I [HLS-100] Command "get_model_list axi_interfaces -filter all-wo-channel "
@I [HLS-100] Command 'get_model_list' returned 0; elapsed 0Total elapsed time: 16.608 sec.
@I [HLS-0] Model list for configure: axi_interfaces
@I [HLS-0] Configuring Module : axi_interfaces ...
@I [HLS-100] Command "set_default_model axi_interfaces "
@I [HLS-100] Command 'set_default_model' returned 0; elapsed 0Total elapsed time: 16.609 sec.
@I [HLS-100] Command "apply_spec_resource_limit axi_interfaces "
@I [HLS-100] Command 'apply_spec_resource_limit' returned 0; elapsed 0Total elapsed time: 16.610 sec.
@I [HLS-0] Model list for preprocess: axi_interfaces
@I [HLS-0] Preprocessing Module: axi_interfaces ...
@I [HLS-100] Command "set_default_model axi_interfaces "
@I [HLS-100] Command 'set_default_model' returned 0; elapsed 0Total elapsed time: 16.610 sec.
@I [HLS-100] Command "cdfg_preprocess -model axi_interfaces "
@I [HLS-100] Command 'cdfg_preprocess' returned 0; elapsed 0.001Total elapsed time: 16.612 sec.
@I [HLS-100] Command "rtl_gen_preprocess axi_interfaces "
@I [HLS-100] Command 'rtl_gen_preprocess' returned 0; elapsed 0Total elapsed time: 16.613 sec.
@I [HLS-0] Model list for synthesis: axi_interfaces
@I [HLS-10] ----------------------------------------------------------------
@0 [HLS-0] ----------------------------------------------------------------
@I [HLS-10] -- Scheduling module 'axi_interfaces' 
@0 [HLS-0] -- Scheduling module 'axi_interfaces' 
@I [HLS-10] ----------------------------------------------------------------
@0 [HLS-0] ----------------------------------------------------------------
@I [HLS-100] Command "set_default_model axi_interfaces "
@I [HLS-100] Command 'set_default_model' returned 0; elapsed 0Total elapsed time: 16.615 sec.
@I [HLS-100] Command "schedule -model axi_interfaces "
@I [SCHED-11] Starting scheduling ...
@I [SCHED-11] Finished scheduling.
@I [HLS-100] Command 'schedule' returned 0; elapsed 0.035Total elapsed time: 16.650 sec.
@I [HLS-111] Elapsed time: 0.057 seconds; current memory usage: 72.2 MB.
@I [HLS-100] Command "report -o C:/training/Vivado_2016.1/hls/demos/axi_streaming/axi_interfaces_prj/solution2/.autopilot/db/axi_interfaces.verbose.sched.rpt -verbose -f "
@I [HLS-100] Command 'report' returned 0; elapsed 0.006Total elapsed time: 16.665 sec.
@I [HLS-100] Command "db_write -o C:/training/Vivado_2016.1/hls/demos/axi_streaming/axi_interfaces_prj/solution2/.autopilot/db/axi_interfaces.sched.adb -f "
@I [HLS-100] Command 'db_write' returned 0; elapsed 0.015Total elapsed time: 16.681 sec.
@I [HLS-0] Finish scheduling axi_interfaces.
@I [HLS-10] ----------------------------------------------------------------
@0 [HLS-0] ----------------------------------------------------------------
@I [HLS-10] -- Exploring micro-architecture for module 'axi_interfaces' 
@0 [HLS-0] -- Exploring micro-architecture for module 'axi_interfaces' 
@I [HLS-10] ----------------------------------------------------------------
@0 [HLS-0] ----------------------------------------------------------------
@I [HLS-100] Command "set_default_model axi_interfaces "
@I [HLS-100] Command 'set_default_model' returned 0; elapsed 0Total elapsed time: 16.688 sec.
@I [HLS-100] Command "bind -model axi_interfaces "
@I [BIND-110] clear=
@I [BIND-110] debug=
@I [BIND-110] drf=
@I [BIND-110] effort=
@I [BIND-110] fast_refine=
@I [BIND-110] fu_weight=[ 0.0 -- 1.0 ]
@I [BIND-110] global_opt=
@I [BIND-110] gsearch=
@I [BIND-110] help=
@I [BIND-110] help-hidden=
@I [BIND-110] min_mem_port=
@I [BIND-110] min_op=
@I [BIND-110] minreg=
@I [BIND-110] ml=
@I [BIND-110] model=axi_interfaces
@I [BIND-110] no_false_path=
@I [BIND-110] no_min_op=
@I [BIND-110] normalize=
@I [BIND-110] quiet=
@I [BIND-110] refine=
@I [BIND-110] reg_weight=[ 0.0 -- 1.0 ]
@I [BIND-110] search=
@I [BIND-110] tight_delay=
@I [BIND-110] verbose=
@I [BIND-110] wFF=
@I [BIND-110] wFU=
@I [BIND-110] wMUX=
@I [BIND-110] wNET=
@I [BIND-100] Starting micro-architecture generation ...
@I [BIND-101] Performing variable lifetime analysis.
@I [BIND-101] Exploring resource sharing.
@I [BIND-101] Binding ...
@I [BIND-100] Finished micro-architecture generation.
@I [HLS-100] Command 'bind' returned 0; elapsed 0.004Total elapsed time: 16.693 sec.
@I [HLS-111] Elapsed time: 0.043 seconds; current memory usage: 72.2 MB.
@I [HLS-100] Command "report -o C:/training/Vivado_2016.1/hls/demos/axi_streaming/axi_interfaces_prj/solution2/.autopilot/db/axi_interfaces.verbose.bind.rpt -verbose -f "
@I [HLS-100] Command 'report' returned 0; elapsed 0.014Total elapsed time: 16.716 sec.
@I [HLS-100] Command "db_write -o C:/training/Vivado_2016.1/hls/demos/axi_streaming/axi_interfaces_prj/solution2/.autopilot/db/axi_interfaces.bind.adb -f "
@I [HLS-100] Command 'db_write' returned 0; elapsed 0.054Total elapsed time: 16.772 sec.
@I [HLS-0] Finish binding axi_interfaces.
@I [HLS-100] Command "get_model_list axi_interfaces -filter all-wo-channel "
@I [HLS-100] Command 'get_model_list' returned 0; elapsed 0Total elapsed time: 16.774 sec.
@I [HLS-0] Preprocessing for RTLGen ...
@I [HLS-100] Command "rtl_gen_preprocess axi_interfaces "
@I [HLS-100] Command 'rtl_gen_preprocess' returned 0; elapsed 0Total elapsed time: 16.775 sec.
@I [HLS-0] Model list for RTL generation: axi_interfaces
@I [HLS-10] ----------------------------------------------------------------
@0 [HLS-0] ----------------------------------------------------------------
@I [HLS-10] -- Generating RTL for module 'axi_interfaces' 
@0 [HLS-0] -- Generating RTL for module 'axi_interfaces' 
@I [HLS-10] ----------------------------------------------------------------
@0 [HLS-0] ----------------------------------------------------------------
@I [HLS-100] Command "create_rtl_model axi_interfaces -vendor xilinx -mg_file C:/training/Vivado_2016.1/hls/demos/axi_streaming/axi_interfaces_prj/solution2/.autopilot/db/axi_interfaces.compgen.tcl "
@I [RTGEN-500] Setting interface mode on port 'axi_interfaces/d_o' to 'ap_memory'.
@I [RTGEN-500] Setting interface mode on port 'axi_interfaces/d_i' to 'ap_memory'.
@I [RTGEN-500] Setting interface mode on function 'axi_interfaces' to 'ap_ctrl_hs'.
@I [RTGEN-100] Finished creating RTL model for 'axi_interfaces'.
@I [HLS-100] Command 'create_rtl_model' returned 0; elapsed 0.015Total elapsed time: 16.805 sec.
@I [HLS-111] Elapsed time: 0.11 seconds; current memory usage: 72.2 MB.
@I [HLS-100] Command "source C:/training/Vivado_2016.1/hls/demos/axi_streaming/axi_interfaces_prj/solution2/.autopilot/db/axi_interfaces.rtl_wrap.cfg.tcl "
@I [HLS-100] Command 'ap_source' returned 0; elapsed 0.002Total elapsed time: 16.814 sec.
@I [HLS-100] Command "gen_rtl axi_interfaces -istop -style xilinx -tracefl mytrace -tracefmt vcd -traceopt all -f -lang sc -o C:/training/Vivado_2016.1/hls/demos/axi_streaming/axi_interfaces_prj/solution2/syn/systemc/axi_interfaces -synmodules axi_interfaces "
@I [HLS-100] Command 'gen_rtl' returned 0; elapsed 0.418Total elapsed time: 17.232 sec.
@I [HLS-100] Command "gen_rtl axi_interfaces -istop -style xilinx -f -lang vhdl -o C:/training/Vivado_2016.1/hls/demos/axi_streaming/axi_interfaces_prj/solution2/syn/vhdl/axi_interfaces "
@I [HLS-100] Command 'gen_rtl' returned 0; elapsed 0.01Total elapsed time: 17.244 sec.
@I [HLS-100] Command "gen_rtl axi_interfaces -istop -style xilinx -f -lang vlog -o C:/training/Vivado_2016.1/hls/demos/axi_streaming/axi_interfaces_prj/solution2/syn/verilog/axi_interfaces "
@I [HLS-100] Command 'gen_rtl' returned 0; elapsed 0.006Total elapsed time: 17.251 sec.
@I [HLS-100] Command "export_constraint_db -o C:/training/Vivado_2016.1/hls/demos/axi_streaming/axi_interfaces_prj/solution2/.autopilot/db/axi_interfaces.constraint.tcl -f -tool general "
@I [HLS-100] Command 'export_constraint_db' returned 0; elapsed 0.002Total elapsed time: 17.254 sec.
@I [HLS-100] Command "report -model axi_interfaces -o C:/training/Vivado_2016.1/hls/demos/axi_streaming/axi_interfaces_prj/solution2/.autopilot/db/axi_interfaces.design.xml -verbose -f -dv "
@I [HLS-100] Command 'report' returned 0; elapsed 0.008Total elapsed time: 17.263 sec.
@I [HLS-100] Command "report -model axi_interfaces -o C:/training/Vivado_2016.1/hls/demos/axi_streaming/axi_interfaces_prj/solution2/.autopilot/db/axi_interfaces.sdaccel.xml -verbose -f -sdaccel "
@I [HLS-100] Command 'report' returned 0; elapsed 0.013Total elapsed time: 17.278 sec.
@I [HLS-100] Command "gen_tb_info axi_interfaces -o C:/training/Vivado_2016.1/hls/demos/axi_streaming/axi_interfaces_prj/solution2/.autopilot/db/axi_interfaces -p C:/training/Vivado_2016.1/hls/demos/axi_streaming/axi_interfaces_prj/solution2/.autopilot/db "
@I [HLS-100] Command 'gen_tb_info' returned 0; elapsed 0.016Total elapsed time: 17.295 sec.
@I [HLS-100] Command "report -model axi_interfaces -o C:/training/Vivado_2016.1/hls/demos/axi_streaming/axi_interfaces_prj/solution2/syn/report/axi_interfaces_csynth.rpt -f "
@I [HLS-100] Command 'report' returned 0; elapsed 0.008Total elapsed time: 17.305 sec.
@I [HLS-100] Command "report -model axi_interfaces -o C:/training/Vivado_2016.1/hls/demos/axi_streaming/axi_interfaces_prj/solution2/syn/report/axi_interfaces_csynth.xml -f -x "
@I [HLS-100] Command 'report' returned 0; elapsed 0.013Total elapsed time: 17.319 sec.
@I [HLS-100] Command "report -model axi_interfaces -o C:/training/Vivado_2016.1/hls/demos/axi_streaming/axi_interfaces_prj/solution2/.autopilot/db/axi_interfaces.verbose.rpt -verbose -f "
@I [HLS-100] Command 'report' returned 0; elapsed 0.018Total elapsed time: 17.339 sec.
@I [HLS-100] Command "db_write -model axi_interfaces -o C:/training/Vivado_2016.1/hls/demos/axi_streaming/axi_interfaces_prj/solution2/.autopilot/db/axi_interfaces.adb -f "
@I [HLS-100] Command 'db_write' returned 0; elapsed 0.043Total elapsed time: 17.383 sec.
@I [HLS-100] Command "sc_get_clocks axi_interfaces "
@I [HLS-100] Command 'sc_get_clocks' returned 0; elapsed 0Total elapsed time: 17.437 sec.
@I [HLS-100] Command "sc_get_portdomain axi_interfaces "
@I [HLS-100] Command 'sc_get_portdomain' returned 0; elapsed 0Total elapsed time: 17.437 sec.
@I [HLS-0] Model list for RTL component generation: axi_interfaces
@I [HLS-0] Handling components in module [axi_interfaces] ... 
@I [HLS-100] Command "source C:/training/Vivado_2016.1/hls/demos/axi_streaming/axi_interfaces_prj/solution2/.autopilot/db/axi_interfaces.compgen.tcl "
@I [HLS-0] Found component axi_interfaces_acc.
@I [HLS-0] Append model axi_interfaces_acc
@I [HLS-100] Command 'ap_source' returned 0; elapsed 0.003Total elapsed time: 17.452 sec.
@I [HLS-0] Append model axi_interfaces
@I [HLS-0] Generating RTL model list ...
@I [HLS-0] All models in this session: axi_interfaces_acc axi_interfaces
@I [HLS-0] To file: write model axi_interfaces_acc
@I [HLS-0] To file: write model axi_interfaces
@I [HLS-0] Finished generating RTL model list.


@I [HLS-0] RTL Generation done.
@I [HLS-0] CAS Generation done.
@I [HLS-0] CBC Generation done.
@I [HLS-100] Command "export_ssdm C:/training/Vivado_2016.1/hls/demos/axi_streaming/axi_interfaces_prj/solution2/.autopilot/db/a.export.ll "
@I [HLS-100] Command 'export_ssdm' returned 0; elapsed 0.003Total elapsed time: 17.462 sec.
@I [HLS-100] Command "source C:/training/Vivado_2016.1/hls/demos/axi_streaming/axi_interfaces_prj/solution2/.autopilot/db/global.setting.tcl "
@I [HLS-100] Command 'ap_source' returned 0; elapsed 0.002Total elapsed time: 17.472 sec.
@I [HLS-100] Command "source E:/Tools/Xilinx/Vivado_HLS/2016.1/common/technology/generic/autopilot/common.gen "
@I [HLS-100] Command "source E:/Tools/Xilinx/Vivado_HLS/2016.1/common/technology/generic/autopilot/APCoreGen.gen "
@I [HLS-100] Command 'ap_source' returned 0; elapsed 0.004Total elapsed time: 17.481 sec.
@I [HLS-100] Command 'ap_source' returned 0; elapsed 0.009Total elapsed time: 17.482 sec.
@I [HLS-100] Command "source E:/Tools/Xilinx/Vivado_HLS/2016.1/common/technology/generic/autopilot/op.gen "
@I [HLS-100] Command 'ap_source' returned 0; elapsed 0.004Total elapsed time: 17.487 sec.
@I [HLS-100] Command "source E:/Tools/Xilinx/Vivado_HLS/2016.1/common/technology/generic/autopilot/op_simcore.gen "
@I [HLS-100] Command 'ap_source' returned 0; elapsed 0.006Total elapsed time: 17.494 sec.
@I [HLS-100] Command "source E:/Tools/Xilinx/Vivado_HLS/2016.1/common/technology/generic/autopilot/interface.gen "
@I [HLS-100] Command 'ap_source' returned 0; elapsed 0.003Total elapsed time: 17.498 sec.
@I [HLS-100] Command "source C:/training/Vivado_2016.1/hls/demos/axi_streaming/axi_interfaces_prj/solution2/.autopilot/db/global.setting.tcl "
@I [HLS-100] Command 'ap_source' returned 0; elapsed 0.003Total elapsed time: 17.501 sec.
@I [HLS-100] Command "source E:/Tools/Xilinx/Vivado_HLS/2016.1/common/technology/xilinx/kintex7/kintex7.gen "
@I [HLS-100] Command "source E:/Tools/Xilinx/Vivado_HLS/2016.1/common/technology/xilinx/common/virtex.gen "
@I [HLS-100] Command "source E:/Tools/Xilinx/Vivado_HLS/2016.1/common/technology/xilinx/common/xilinx.gen "
@I [HLS-100] Command "source E:/Tools/Xilinx/Vivado_HLS/2016.1/common/technology/xilinx/interface/plb46.gen "
@I [HLS-100] Command 'ap_source' returned 0; elapsed 0.002Total elapsed time: 17.508 sec.
@I [HLS-100] Command "source E:/Tools/Xilinx/Vivado_HLS/2016.1/common/technology/xilinx/interface/fsl.gen "
@I [HLS-100] Command 'ap_source' returned 0; elapsed 0.002Total elapsed time: 17.510 sec.
@I [HLS-100] Command "source E:/Tools/Xilinx/Vivado_HLS/2016.1/common/technology/xilinx/interface/axi4.gen "
@I [HLS-100] Command 'ap_source' returned 0; elapsed 0.003Total elapsed time: 17.514 sec.
@I [HLS-100] Command "source E:/Tools/Xilinx/Vivado_HLS/2016.1/common/technology/xilinx/interface/nativeAXI4.gen "
@I [HLS-100] Command "source E:/Tools/Xilinx/Vivado_HLS/2016.1/common/technology/xilinx/interface/saxilite.gen "
@I [HLS-100] Command 'ap_source' returned 0; elapsed 0.005Total elapsed time: 17.521 sec.
@I [HLS-100] Command "source E:/Tools/Xilinx/Vivado_HLS/2016.1/common/technology/xilinx/interface/maxi.gen "
@I [HLS-100] Command 'ap_source' returned 0; elapsed 0.011Total elapsed time: 17.532 sec.
@I [HLS-100] Command 'ap_source' returned 0; elapsed 0.018Total elapsed time: 17.533 sec.
@I [HLS-100] Command "source E:/Tools/Xilinx/Vivado_HLS/2016.1/common/technology/xilinx/scripts/xilinxcoregen.gen "
@I [HLS-100] Command 'ap_source' returned 0; elapsed 0.012Total elapsed time: 17.545 sec.
@I [HLS-100] Command "source E:/Tools/Xilinx/Vivado_HLS/2016.1/common/technology/xilinx/interface/XilEDKCoreGen.gen "
@I [HLS-100] Command 'ap_source' returned 0; elapsed 0.011Total elapsed time: 17.557 sec.
@I [HLS-100] Command "source E:/Tools/Xilinx/Vivado_HLS/2016.1/common/technology/xilinx/ip/dds_compiler.gen "
@I [HLS-100] Command 'ap_source' returned 0; elapsed 0.004Total elapsed time: 17.562 sec.
@I [HLS-100] Command "source E:/Tools/Xilinx/Vivado_HLS/2016.1/common/technology/xilinx/ip/util.gen "
@I [HLS-100] Command 'ap_source' returned 0; elapsed 0.001Total elapsed time: 17.563 sec.
@I [HLS-100] Command "source E:/Tools/Xilinx/Vivado_HLS/2016.1/common/technology/xilinx/ip/xfft.gen "
@I [HLS-100] Command 'ap_source' returned 0; elapsed 0.134Total elapsed time: 17.697 sec.
@I [HLS-100] Command "source E:/Tools/Xilinx/Vivado_HLS/2016.1/common/technology/xilinx/ip/xfir.gen "
@I [HLS-100] Command 'ap_source' returned 0; elapsed 0.002Total elapsed time: 17.699 sec.
@I [HLS-100] Command 'ap_source' returned 0; elapsed 0.195Total elapsed time: 17.700 sec.
@I [HLS-100] Command "source E:/Tools/Xilinx/Vivado_HLS/2016.1/common/technology/xilinx/common/dsp48.gen "
@I [HLS-100] Command 'ap_source' returned 0; elapsed 0.002Total elapsed time: 17.703 sec.
@I [HLS-100] Command 'ap_source' returned 0; elapsed 0.201Total elapsed time: 17.703 sec.
@I [HLS-100] Command 'ap_source' returned 0; elapsed 0.203Total elapsed time: 17.704 sec.
@I [HLS-100] Command "source E:/Tools/Xilinx/Vivado_HLS/2016.1/common/technology/xilinx/kintex7/kintex7_fpv6.gen "
@I [HLS-100] Command "source E:/Tools/Xilinx/Vivado_HLS/2016.1/common/technology/xilinx/common/xilinx_fpv6.gen "
@I [HLS-100] Command 'ap_source' returned 0; elapsed 0.003Total elapsed time: 17.708 sec.
@I [HLS-100] Command 'ap_source' returned 0; elapsed 0.004Total elapsed time: 17.708 sec.
@I [HLS-100] Command "source C:/training/Vivado_2016.1/hls/demos/axi_streaming/axi_interfaces_prj/solution2/.autopilot/db/global.setting.tcl "
@I [HLS-100] Command 'ap_source' returned 0; elapsed 0.002Total elapsed time: 17.714 sec.
@I [HLS-100] Command "source C:/training/Vivado_2016.1/hls/demos/axi_streaming/axi_interfaces_prj/solution2/.autopilot/db/global.setting.tcl "
@I [HLS-100] Command 'ap_source' returned 0; elapsed 0.002Total elapsed time: 17.717 sec.
@I [HLS-100] Command "source C:/training/Vivado_2016.1/hls/demos/axi_streaming/axi_interfaces_prj/solution2/.autopilot/db/global.setting.tcl "
@I [HLS-100] Command 'ap_source' returned 0; elapsed 0.002Total elapsed time: 17.720 sec.
@I [HLS-100] Command "source C:/training/Vivado_2016.1/hls/demos/axi_streaming/axi_interfaces_prj/solution2/.autopilot/db/global.setting.tcl "
@I [HLS-100] Command 'ap_source' returned 0; elapsed 0.002Total elapsed time: 17.722 sec.
@I [HLS-100] Command "source C:/training/Vivado_2016.1/hls/demos/axi_streaming/axi_interfaces_prj/solution2/.autopilot/db/axi_interfaces.compgen.tcl "
@I [RTMG-278] Implementing memory 'axi_interfaces_acc_ram' using distributed RAMs with power-on initialization.
@I [HLS-100] Command 'ap_source' returned 0; elapsed 0.037Total elapsed time: 17.761 sec.
@I [HLS-10] Finished generating all RTL models.
@0 [HLS-0] Finished generating all RTL models.
@I [SYSC-301] Generating SystemC RTL for axi_interfaces.
@I [VHDL-304] Generating VHDL RTL for axi_interfaces.
@I [VLOG-307] Generating Verilog RTL for axi_interfaces.
@I [HLS-100] Command 'autosyn' returned 0; elapsed 1.293Total elapsed time: 17.892 sec.
@I [HLS-100] Command 'csynth_design' returned 0; elapsed 15.683Total elapsed time: 17.893 sec.
@I [HLS-100] Command 'ap_source' returned 0; elapsed 16.384Total elapsed time: 17.893 sec.
@I [HLS-100] Command "cleanup_all "
@I [HLS-100] Command 'cleanup_all' returned 0; elapsed 0.002Total elapsed time: 17.896 sec.
