   Compiling(apcc) ../../../../adders_io_test.c in debug mode
INFO: [HLS 200-10] Running 'c:/Xilinx/Vivado_HLS/2016.1/bin/unwrapped/win64.o/apcc.exe'
INFO: [HLS 200-10] For user 'cbalakr' on host 'xhdcbalakr30' (Windows NT_amd64 version 6.1) on Tue Jun 14 13:59:26 +0530 2016
INFO: [HLS 200-10] In directory 'C:/training/hls/labs/interface_synthesis/adders_io_prj/solution1/csim/build'
INFO: [APCC 202-3] Tmp directory is C:/tmp/apcc_db_cbalakr/139203448706017
INFO: [APCC 202-1] APCC is done.
   Compiling(apcc) ../../../../adders_io.c in debug mode
INFO: [HLS 200-10] Running 'c:/Xilinx/Vivado_HLS/2016.1/bin/unwrapped/win64.o/apcc.exe'
INFO: [HLS 200-10] For user 'cbalakr' on host 'xhdcbalakr30' (Windows NT_amd64 version 6.1) on Tue Jun 14 13:59:29 +0530 2016
INFO: [HLS 200-10] In directory 'C:/training/hls/labs/interface_synthesis/adders_io_prj/solution1/csim/build'
INFO: [APCC 202-3] Tmp directory is C:/tmp/apcc_db_cbalakr/173763451355849
INFO: [APCC 202-1] APCC is done.
   Generating csim.exe
  10+20+30=60 
  20+30+40=90 
  30+40+50=120 
  40+50+60=150 
  50+60+70=180 
----------Pass!------------
INFO: [SIM 1] CSim done with 0 errors.
