Copyright 1986-2016 Xilinx, Inc. All Rights Reserved.
-----------------------------------------------------------------------------------------------------------------------------------------------
| Tool Version : Vivado v.2016.1 (win64) Build 1538259 Fri Apr  8 15:45:27 MDT 2016
| Date         : Tue May 31 15:50:24 2016
| Host         : XHDCBALAKR30 running 64-bit Service Pack 1  (build 7601)
| Command      : report_timing_summary -warn_on_violation -max_paths 10 -file dct_timing_summary_routed.rpt -rpx dct_timing_summary_routed.rpx
| Design       : dct
| Device       : 7z020-clg484
| Speed File   : -1  PRODUCTION 1.11 2014-09-11
-----------------------------------------------------------------------------------------------------------------------------------------------

Timing Summary Report

------------------------------------------------------------------------------------------------
| Timer Settings
| --------------
------------------------------------------------------------------------------------------------

  Enable Multi Corner Analysis               :  Yes
  Enable Pessimism Removal                   :  Yes
  Pessimism Removal Resolution               :  Nearest Common Node
  Enable Input Delay Default Clock           :  No
  Enable Preset / Clear Arcs                 :  No
  Disable Flight Delays                      :  No
  Ignore I/O Paths                           :  No
  Timing Early Launch at Borrowing Latches   :  false

  Corner  Analyze    Analyze    
  Name    Max Paths  Min Paths  
  ------  ---------  ---------  
  Slow    Yes        Yes        
  Fast    Yes        Yes        



check_timing report

Table of Contents
-----------------
1. checking no_clock
2. checking constant_clock
3. checking pulse_width_clock
4. checking unconstrained_internal_endpoints
5. checking no_input_delay
6. checking no_output_delay
7. checking multiple_clock
8. checking generated_clocks
9. checking loops
10. checking partial_input_delay
11. checking partial_output_delay
12. checking latch_loops

1. checking no_clock
--------------------
 There are 0 register/latch pins with no clock.


2. checking constant_clock
--------------------------
 There are 0 register/latch pins with constant_clock.


3. checking pulse_width_clock
-----------------------------
 There are 0 register/latch pins which need pulse_width check


4. checking unconstrained_internal_endpoints
--------------------------------------------
 There are 0 pins that are not constrained for maximum delay.

 There are 0 pins that are not constrained for maximum delay due to constant clock.


5. checking no_input_delay
--------------------------
 There are 18 input ports with no input delay specified. (HIGH)

 There are 0 input ports with no input delay but user has a false path constraint.


6. checking no_output_delay
---------------------------
 There are 34 ports with no output delay specified. (HIGH)

 There are 0 ports with no output delay but user has a false path constraint

 There are 0 ports with no output delay but with a timing clock defined on it or propagating through it


7. checking multiple_clock
--------------------------
 There are 0 register/latch pins with multiple clocks.


8. checking generated_clocks
----------------------------
 There are 0 generated clocks that are not connected to a clock source.


9. checking loops
-----------------
 There are 0 combinational loops in the design.


10. checking partial_input_delay
--------------------------------
 There are 0 input ports with partial input delay specified.


11. checking partial_output_delay
---------------------------------
 There are 0 ports with partial output delay specified.


12. checking latch_loops
------------------------
 There are 0 combinational latch loops in the design through latch input



------------------------------------------------------------------------------------------------
| Design Timing Summary
| ---------------------
------------------------------------------------------------------------------------------------

    WNS(ns)      TNS(ns)  TNS Failing Endpoints  TNS Total Endpoints      WHS(ns)      THS(ns)  THS Failing Endpoints  THS Total Endpoints     WPWS(ns)     TPWS(ns)  TPWS Failing Endpoints  TPWS Total Endpoints  
    -------      -------  ---------------------  -------------------      -------      -------  ---------------------  -------------------     --------     --------  ----------------------  --------------------  
      4.978        0.000                      0                  515        0.117        0.000                      0                  515        4.500        0.000                       0                   175  


All user specified timing constraints are met.


------------------------------------------------------------------------------------------------
| Clock Summary
| -------------
------------------------------------------------------------------------------------------------

Clock   Waveform(ns)       Period(ns)      Frequency(MHz)
-----   ------------       ----------      --------------
ap_clk  {0.000 5.000}      10.000          100.000         


------------------------------------------------------------------------------------------------
| Intra Clock Table
| -----------------
------------------------------------------------------------------------------------------------

Clock             WNS(ns)      TNS(ns)  TNS Failing Endpoints  TNS Total Endpoints      WHS(ns)      THS(ns)  THS Failing Endpoints  THS Total Endpoints     WPWS(ns)     TPWS(ns)  TPWS Failing Endpoints  TPWS Total Endpoints  
-----             -------      -------  ---------------------  -------------------      -------      -------  ---------------------  -------------------     --------     --------  ----------------------  --------------------  
ap_clk              4.978        0.000                      0                  515        0.117        0.000                      0                  515        4.500        0.000                       0                   175  


------------------------------------------------------------------------------------------------
| Inter Clock Table
| -----------------
------------------------------------------------------------------------------------------------

From Clock    To Clock          WNS(ns)      TNS(ns)  TNS Failing Endpoints  TNS Total Endpoints      WHS(ns)      THS(ns)  THS Failing Endpoints  THS Total Endpoints  
----------    --------          -------      -------  ---------------------  -------------------      -------      -------  ---------------------  -------------------  


------------------------------------------------------------------------------------------------
| Other Path Groups Table
| -----------------------
------------------------------------------------------------------------------------------------

Path Group    From Clock    To Clock          WNS(ns)      TNS(ns)  TNS Failing Endpoints  TNS Total Endpoints      WHS(ns)      THS(ns)  THS Failing Endpoints  THS Total Endpoints  
----------    ----------    --------          -------      -------  ---------------------  -------------------      -------      -------  ---------------------  -------------------  


------------------------------------------------------------------------------------------------
| Timing Details
| --------------
------------------------------------------------------------------------------------------------


---------------------------------------------------------------------------------------------------
From Clock:  ap_clk
  To Clock:  ap_clk

Setup :            0  Failing Endpoints,  Worst Slack        4.978ns,  Total Violation        0.000ns
Hold  :            0  Failing Endpoints,  Worst Slack        0.117ns,  Total Violation        0.000ns
PW    :            0  Failing Endpoints,  Worst Slack        4.500ns,  Total Violation        0.000ns
---------------------------------------------------------------------------------------------------


Max Delay Paths
--------------------------------------------------------------------------------------
Slack (MET) :             4.978ns  (required time - arrival time)
  Source:                 grp_dct_dct_2d_fu_148/col_inbuf_U/dct_dct_2d_row_outbuf_ram_U/ram_reg/CLKARDCLK
                            (rising edge-triggered cell RAMB18E1 clocked by ap_clk  {rise@0.000ns fall@5.000ns period=10.000ns})
  Destination:            grp_dct_dct_2d_fu_148/grp_dct_dct_1d2_fu_171/tmp1_reg_117_reg/A[16]
                            (rising edge-triggered cell DSP48E1 clocked by ap_clk  {rise@0.000ns fall@5.000ns period=10.000ns})
  Path Group:             ap_clk
  Path Type:              Setup (Max at Slow Process Corner)
  Requirement:            10.000ns  (ap_clk rise@10.000ns - ap_clk rise@0.000ns)
  Data Path Delay:        4.615ns  (logic 2.578ns (55.858%)  route 2.037ns (44.142%))
  Logic Levels:           1  (LUT3=1)
  Clock Path Skew:        -0.009ns (DCD - SCD + CPR)
    Destination Clock Delay (DCD):    1.566ns = ( 11.566 - 10.000 ) 
    Source Clock Delay      (SCD):    1.689ns
    Clock Pessimism Removal (CPR):    0.115ns
  Clock Uncertainty:      0.035ns  ((TSJ^2 + TIJ^2)^1/2 + DJ) / 2 + PE
    Total System Jitter     (TSJ):    0.071ns
    Total Input Jitter      (TIJ):    0.000ns
    Discrete Jitter          (DJ):    0.000ns
    Phase Error              (PE):    0.000ns

    Location             Delay type                Incr(ns)  Path(ns)    Netlist Resource(s)
  -------------------------------------------------------------------    -------------------
                         (clock ap_clk rise edge)     0.000     0.000 r  
                                                      0.000     0.000 r  ap_clk (IN)
                         net (fo=174, unset)          1.689     1.689    grp_dct_dct_2d_fu_148/col_inbuf_U/dct_dct_2d_row_outbuf_ram_U/ap_clk
    RAMB18_X2Y25         RAMB18E1                                     r  grp_dct_dct_2d_fu_148/col_inbuf_U/dct_dct_2d_row_outbuf_ram_U/ram_reg/CLKARDCLK
  -------------------------------------------------------------------    -------------------
    RAMB18_X2Y25         RAMB18E1 (Prop_ramb18e1_CLKARDCLK_DOADO[15])
                                                      2.454     4.143 r  grp_dct_dct_2d_fu_148/col_inbuf_U/dct_dct_2d_row_outbuf_ram_U/ram_reg/DOADO[15]
                         net (fo=1, routed)           1.040     5.184    grp_dct_dct_2d_fu_148/col_inbuf_U/dct_dct_2d_row_outbuf_ram_U/col_inbuf_q0[15]
    SLICE_X32Y63         LUT3 (Prop_lut3_I0_O)        0.124     5.308 r  grp_dct_dct_2d_fu_148/col_inbuf_U/dct_dct_2d_row_outbuf_ram_U/tmp1_reg_117_reg_i_1/O
                         net (fo=15, routed)          0.997     6.305    grp_dct_dct_2d_fu_148/grp_dct_dct_1d2_fu_171/A[15]
    DSP48_X2Y24          DSP48E1                                      r  grp_dct_dct_2d_fu_148/grp_dct_dct_1d2_fu_171/tmp1_reg_117_reg/A[16]
  -------------------------------------------------------------------    -------------------

                         (clock ap_clk rise edge)    10.000    10.000 r  
                                                      0.000    10.000 r  ap_clk (IN)
                         net (fo=174, unset)          1.566    11.566    grp_dct_dct_2d_fu_148/grp_dct_dct_1d2_fu_171/ap_clk
    DSP48_X2Y24          DSP48E1                                      r  grp_dct_dct_2d_fu_148/grp_dct_dct_1d2_fu_171/tmp1_reg_117_reg/CLK
                         clock pessimism              0.115    11.681    
                         clock uncertainty           -0.035    11.645    
    DSP48_X2Y24          DSP48E1 (Setup_dsp48e1_CLK_A[16])
                                                     -0.362    11.283    grp_dct_dct_2d_fu_148/grp_dct_dct_1d2_fu_171/tmp1_reg_117_reg
  -------------------------------------------------------------------
                         required time                         11.283    
                         arrival time                          -6.305    
  -------------------------------------------------------------------
                         slack                                  4.978    

Slack (MET) :             4.978ns  (required time - arrival time)
  Source:                 grp_dct_dct_2d_fu_148/col_inbuf_U/dct_dct_2d_row_outbuf_ram_U/ram_reg/CLKARDCLK
                            (rising edge-triggered cell RAMB18E1 clocked by ap_clk  {rise@0.000ns fall@5.000ns period=10.000ns})
  Destination:            grp_dct_dct_2d_fu_148/grp_dct_dct_1d2_fu_171/tmp1_reg_117_reg/A[17]
                            (rising edge-triggered cell DSP48E1 clocked by ap_clk  {rise@0.000ns fall@5.000ns period=10.000ns})
  Path Group:             ap_clk
  Path Type:              Setup (Max at Slow Process Corner)
  Requirement:            10.000ns  (ap_clk rise@10.000ns - ap_clk rise@0.000ns)
  Data Path Delay:        4.615ns  (logic 2.578ns (55.858%)  route 2.037ns (44.142%))
  Logic Levels:           1  (LUT3=1)
  Clock Path Skew:        -0.009ns (DCD - SCD + CPR)
    Destination Clock Delay (DCD):    1.566ns = ( 11.566 - 10.000 ) 
    Source Clock Delay      (SCD):    1.689ns
    Clock Pessimism Removal (CPR):    0.115ns
  Clock Uncertainty:      0.035ns  ((TSJ^2 + TIJ^2)^1/2 + DJ) / 2 + PE
    Total System Jitter     (TSJ):    0.071ns
    Total Input Jitter      (TIJ):    0.000ns
    Discrete Jitter          (DJ):    0.000ns
    Phase Error              (PE):    0.000ns

    Location             Delay type                Incr(ns)  Path(ns)    Netlist Resource(s)
  -------------------------------------------------------------------    -------------------
                         (clock ap_clk rise edge)     0.000     0.000 r  
                                                      0.000     0.000 r  ap_clk (IN)
                         net (fo=174, unset)          1.689     1.689    grp_dct_dct_2d_fu_148/col_inbuf_U/dct_dct_2d_row_outbuf_ram_U/ap_clk
    RAMB18_X2Y25         RAMB18E1                                     r  grp_dct_dct_2d_fu_148/col_inbuf_U/dct_dct_2d_row_outbuf_ram_U/ram_reg/CLKARDCLK
  -------------------------------------------------------------------    -------------------
    RAMB18_X2Y25         RAMB18E1 (Prop_ramb18e1_CLKARDCLK_DOADO[15])
                                                      2.454     4.143 r  grp_dct_dct_2d_fu_148/col_inbuf_U/dct_dct_2d_row_outbuf_ram_U/ram_reg/DOADO[15]
                         net (fo=1, routed)           1.040     5.184    grp_dct_dct_2d_fu_148/col_inbuf_U/dct_dct_2d_row_outbuf_ram_U/col_inbuf_q0[15]
    SLICE_X32Y63         LUT3 (Prop_lut3_I0_O)        0.124     5.308 r  grp_dct_dct_2d_fu_148/col_inbuf_U/dct_dct_2d_row_outbuf_ram_U/tmp1_reg_117_reg_i_1/O
                         net (fo=15, routed)          0.997     6.305    grp_dct_dct_2d_fu_148/grp_dct_dct_1d2_fu_171/A[15]
    DSP48_X2Y24          DSP48E1                                      r  grp_dct_dct_2d_fu_148/grp_dct_dct_1d2_fu_171/tmp1_reg_117_reg/A[17]
  -------------------------------------------------------------------    -------------------

                         (clock ap_clk rise edge)    10.000    10.000 r  
                                                      0.000    10.000 r  ap_clk (IN)
                         net (fo=174, unset)          1.566    11.566    grp_dct_dct_2d_fu_148/grp_dct_dct_1d2_fu_171/ap_clk
    DSP48_X2Y24          DSP48E1                                      r  grp_dct_dct_2d_fu_148/grp_dct_dct_1d2_fu_171/tmp1_reg_117_reg/CLK
                         clock pessimism              0.115    11.681    
                         clock uncertainty           -0.035    11.645    
    DSP48_X2Y24          DSP48E1 (Setup_dsp48e1_CLK_A[17])
                                                     -0.362    11.283    grp_dct_dct_2d_fu_148/grp_dct_dct_1d2_fu_171/tmp1_reg_117_reg
  -------------------------------------------------------------------
                         required time                         11.283    
                         arrival time                          -6.305    
  -------------------------------------------------------------------
                         slack                                  4.978    

Slack (MET) :             5.101ns  (required time - arrival time)
  Source:                 grp_dct_dct_2d_fu_148/col_inbuf_U/dct_dct_2d_row_outbuf_ram_U/ram_reg/CLKARDCLK
                            (rising edge-triggered cell RAMB18E1 clocked by ap_clk  {rise@0.000ns fall@5.000ns period=10.000ns})
  Destination:            grp_dct_dct_2d_fu_148/grp_dct_dct_1d2_fu_171/tmp1_reg_117_reg/A[24]
                            (rising edge-triggered cell DSP48E1 clocked by ap_clk  {rise@0.000ns fall@5.000ns period=10.000ns})
  Path Group:             ap_clk
  Path Type:              Setup (Max at Slow Process Corner)
  Requirement:            10.000ns  (ap_clk rise@10.000ns - ap_clk rise@0.000ns)
  Data Path Delay:        4.492ns  (logic 2.578ns (57.385%)  route 1.914ns (42.615%))
  Logic Levels:           1  (LUT3=1)
  Clock Path Skew:        -0.009ns (DCD - SCD + CPR)
    Destination Clock Delay (DCD):    1.566ns = ( 11.566 - 10.000 ) 
    Source Clock Delay      (SCD):    1.689ns
    Clock Pessimism Removal (CPR):    0.115ns
  Clock Uncertainty:      0.035ns  ((TSJ^2 + TIJ^2)^1/2 + DJ) / 2 + PE
    Total System Jitter     (TSJ):    0.071ns
    Total Input Jitter      (TIJ):    0.000ns
    Discrete Jitter          (DJ):    0.000ns
    Phase Error              (PE):    0.000ns

    Location             Delay type                Incr(ns)  Path(ns)    Netlist Resource(s)
  -------------------------------------------------------------------    -------------------
                         (clock ap_clk rise edge)     0.000     0.000 r  
                                                      0.000     0.000 r  ap_clk (IN)
                         net (fo=174, unset)          1.689     1.689    grp_dct_dct_2d_fu_148/col_inbuf_U/dct_dct_2d_row_outbuf_ram_U/ap_clk
    RAMB18_X2Y25         RAMB18E1                                     r  grp_dct_dct_2d_fu_148/col_inbuf_U/dct_dct_2d_row_outbuf_ram_U/ram_reg/CLKARDCLK
  -------------------------------------------------------------------    -------------------
    RAMB18_X2Y25         RAMB18E1 (Prop_ramb18e1_CLKARDCLK_DOADO[15])
                                                      2.454     4.143 r  grp_dct_dct_2d_fu_148/col_inbuf_U/dct_dct_2d_row_outbuf_ram_U/ram_reg/DOADO[15]
                         net (fo=1, routed)           1.040     5.184    grp_dct_dct_2d_fu_148/col_inbuf_U/dct_dct_2d_row_outbuf_ram_U/col_inbuf_q0[15]
    SLICE_X32Y63         LUT3 (Prop_lut3_I0_O)        0.124     5.308 r  grp_dct_dct_2d_fu_148/col_inbuf_U/dct_dct_2d_row_outbuf_ram_U/tmp1_reg_117_reg_i_1/O
                         net (fo=15, routed)          0.874     6.182    grp_dct_dct_2d_fu_148/grp_dct_dct_1d2_fu_171/A[15]
    DSP48_X2Y24          DSP48E1                                      r  grp_dct_dct_2d_fu_148/grp_dct_dct_1d2_fu_171/tmp1_reg_117_reg/A[24]
  -------------------------------------------------------------------    -------------------

                         (clock ap_clk rise edge)    10.000    10.000 r  
                                                      0.000    10.000 r  ap_clk (IN)
                         net (fo=174, unset)          1.566    11.566    grp_dct_dct_2d_fu_148/grp_dct_dct_1d2_fu_171/ap_clk
    DSP48_X2Y24          DSP48E1                                      r  grp_dct_dct_2d_fu_148/grp_dct_dct_1d2_fu_171/tmp1_reg_117_reg/CLK
                         clock pessimism              0.115    11.681    
                         clock uncertainty           -0.035    11.645    
    DSP48_X2Y24          DSP48E1 (Setup_dsp48e1_CLK_A[24])
                                                     -0.362    11.283    grp_dct_dct_2d_fu_148/grp_dct_dct_1d2_fu_171/tmp1_reg_117_reg
  -------------------------------------------------------------------
                         required time                         11.283    
                         arrival time                          -6.182    
  -------------------------------------------------------------------
                         slack                                  5.101    

Slack (MET) :             5.101ns  (required time - arrival time)
  Source:                 grp_dct_dct_2d_fu_148/col_inbuf_U/dct_dct_2d_row_outbuf_ram_U/ram_reg/CLKARDCLK
                            (rising edge-triggered cell RAMB18E1 clocked by ap_clk  {rise@0.000ns fall@5.000ns period=10.000ns})
  Destination:            grp_dct_dct_2d_fu_148/grp_dct_dct_1d2_fu_171/tmp1_reg_117_reg/A[25]
                            (rising edge-triggered cell DSP48E1 clocked by ap_clk  {rise@0.000ns fall@5.000ns period=10.000ns})
  Path Group:             ap_clk
  Path Type:              Setup (Max at Slow Process Corner)
  Requirement:            10.000ns  (ap_clk rise@10.000ns - ap_clk rise@0.000ns)
  Data Path Delay:        4.492ns  (logic 2.578ns (57.385%)  route 1.914ns (42.615%))
  Logic Levels:           1  (LUT3=1)
  Clock Path Skew:        -0.009ns (DCD - SCD + CPR)
    Destination Clock Delay (DCD):    1.566ns = ( 11.566 - 10.000 ) 
    Source Clock Delay      (SCD):    1.689ns
    Clock Pessimism Removal (CPR):    0.115ns
  Clock Uncertainty:      0.035ns  ((TSJ^2 + TIJ^2)^1/2 + DJ) / 2 + PE
    Total System Jitter     (TSJ):    0.071ns
    Total Input Jitter      (TIJ):    0.000ns
    Discrete Jitter          (DJ):    0.000ns
    Phase Error              (PE):    0.000ns

    Location             Delay type                Incr(ns)  Path(ns)    Netlist Resource(s)
  -------------------------------------------------------------------    -------------------
                         (clock ap_clk rise edge)     0.000     0.000 r  
                                                      0.000     0.000 r  ap_clk (IN)
                         net (fo=174, unset)          1.689     1.689    grp_dct_dct_2d_fu_148/col_inbuf_U/dct_dct_2d_row_outbuf_ram_U/ap_clk
    RAMB18_X2Y25         RAMB18E1                                     r  grp_dct_dct_2d_fu_148/col_inbuf_U/dct_dct_2d_row_outbuf_ram_U/ram_reg/CLKARDCLK
  -------------------------------------------------------------------    -------------------
    RAMB18_X2Y25         RAMB18E1 (Prop_ramb18e1_CLKARDCLK_DOADO[15])
                                                      2.454     4.143 r  grp_dct_dct_2d_fu_148/col_inbuf_U/dct_dct_2d_row_outbuf_ram_U/ram_reg/DOADO[15]
                         net (fo=1, routed)           1.040     5.184    grp_dct_dct_2d_fu_148/col_inbuf_U/dct_dct_2d_row_outbuf_ram_U/col_inbuf_q0[15]
    SLICE_X32Y63         LUT3 (Prop_lut3_I0_O)        0.124     5.308 r  grp_dct_dct_2d_fu_148/col_inbuf_U/dct_dct_2d_row_outbuf_ram_U/tmp1_reg_117_reg_i_1/O
                         net (fo=15, routed)          0.874     6.182    grp_dct_dct_2d_fu_148/grp_dct_dct_1d2_fu_171/A[15]
    DSP48_X2Y24          DSP48E1                                      r  grp_dct_dct_2d_fu_148/grp_dct_dct_1d2_fu_171/tmp1_reg_117_reg/A[25]
  -------------------------------------------------------------------    -------------------

                         (clock ap_clk rise edge)    10.000    10.000 r  
                                                      0.000    10.000 r  ap_clk (IN)
                         net (fo=174, unset)          1.566    11.566    grp_dct_dct_2d_fu_148/grp_dct_dct_1d2_fu_171/ap_clk
    DSP48_X2Y24          DSP48E1                                      r  grp_dct_dct_2d_fu_148/grp_dct_dct_1d2_fu_171/tmp1_reg_117_reg/CLK
                         clock pessimism              0.115    11.681    
                         clock uncertainty           -0.035    11.645    
    DSP48_X2Y24          DSP48E1 (Setup_dsp48e1_CLK_A[25])
                                                     -0.362    11.283    grp_dct_dct_2d_fu_148/grp_dct_dct_1d2_fu_171/tmp1_reg_117_reg
  -------------------------------------------------------------------
                         required time                         11.283    
                         arrival time                          -6.182    
  -------------------------------------------------------------------
                         slack                                  5.101    

Slack (MET) :             5.101ns  (required time - arrival time)
  Source:                 grp_dct_dct_2d_fu_148/col_inbuf_U/dct_dct_2d_row_outbuf_ram_U/ram_reg/CLKARDCLK
                            (rising edge-triggered cell RAMB18E1 clocked by ap_clk  {rise@0.000ns fall@5.000ns period=10.000ns})
  Destination:            grp_dct_dct_2d_fu_148/grp_dct_dct_1d2_fu_171/tmp1_reg_117_reg/A[26]
                            (rising edge-triggered cell DSP48E1 clocked by ap_clk  {rise@0.000ns fall@5.000ns period=10.000ns})
  Path Group:             ap_clk
  Path Type:              Setup (Max at Slow Process Corner)
  Requirement:            10.000ns  (ap_clk rise@10.000ns - ap_clk rise@0.000ns)
  Data Path Delay:        4.492ns  (logic 2.578ns (57.385%)  route 1.914ns (42.615%))
  Logic Levels:           1  (LUT3=1)
  Clock Path Skew:        -0.009ns (DCD - SCD + CPR)
    Destination Clock Delay (DCD):    1.566ns = ( 11.566 - 10.000 ) 
    Source Clock Delay      (SCD):    1.689ns
    Clock Pessimism Removal (CPR):    0.115ns
  Clock Uncertainty:      0.035ns  ((TSJ^2 + TIJ^2)^1/2 + DJ) / 2 + PE
    Total System Jitter     (TSJ):    0.071ns
    Total Input Jitter      (TIJ):    0.000ns
    Discrete Jitter          (DJ):    0.000ns
    Phase Error              (PE):    0.000ns

    Location             Delay type                Incr(ns)  Path(ns)    Netlist Resource(s)
  -------------------------------------------------------------------    -------------------
                         (clock ap_clk rise edge)     0.000     0.000 r  
                                                      0.000     0.000 r  ap_clk (IN)
                         net (fo=174, unset)          1.689     1.689    grp_dct_dct_2d_fu_148/col_inbuf_U/dct_dct_2d_row_outbuf_ram_U/ap_clk
    RAMB18_X2Y25         RAMB18E1                                     r  grp_dct_dct_2d_fu_148/col_inbuf_U/dct_dct_2d_row_outbuf_ram_U/ram_reg/CLKARDCLK
  -------------------------------------------------------------------    -------------------
    RAMB18_X2Y25         RAMB18E1 (Prop_ramb18e1_CLKARDCLK_DOADO[15])
                                                      2.454     4.143 r  grp_dct_dct_2d_fu_148/col_inbuf_U/dct_dct_2d_row_outbuf_ram_U/ram_reg/DOADO[15]
                         net (fo=1, routed)           1.040     5.184    grp_dct_dct_2d_fu_148/col_inbuf_U/dct_dct_2d_row_outbuf_ram_U/col_inbuf_q0[15]
    SLICE_X32Y63         LUT3 (Prop_lut3_I0_O)        0.124     5.308 r  grp_dct_dct_2d_fu_148/col_inbuf_U/dct_dct_2d_row_outbuf_ram_U/tmp1_reg_117_reg_i_1/O
                         net (fo=15, routed)          0.874     6.182    grp_dct_dct_2d_fu_148/grp_dct_dct_1d2_fu_171/A[15]
    DSP48_X2Y24          DSP48E1                                      r  grp_dct_dct_2d_fu_148/grp_dct_dct_1d2_fu_171/tmp1_reg_117_reg/A[26]
  -------------------------------------------------------------------    -------------------

                         (clock ap_clk rise edge)    10.000    10.000 r  
                                                      0.000    10.000 r  ap_clk (IN)
                         net (fo=174, unset)          1.566    11.566    grp_dct_dct_2d_fu_148/grp_dct_dct_1d2_fu_171/ap_clk
    DSP48_X2Y24          DSP48E1                                      r  grp_dct_dct_2d_fu_148/grp_dct_dct_1d2_fu_171/tmp1_reg_117_reg/CLK
                         clock pessimism              0.115    11.681    
                         clock uncertainty           -0.035    11.645    
    DSP48_X2Y24          DSP48E1 (Setup_dsp48e1_CLK_A[26])
                                                     -0.362    11.283    grp_dct_dct_2d_fu_148/grp_dct_dct_1d2_fu_171/tmp1_reg_117_reg
  -------------------------------------------------------------------
                         required time                         11.283    
                         arrival time                          -6.182    
  -------------------------------------------------------------------
                         slack                                  5.101    

Slack (MET) :             5.101ns  (required time - arrival time)
  Source:                 grp_dct_dct_2d_fu_148/col_inbuf_U/dct_dct_2d_row_outbuf_ram_U/ram_reg/CLKARDCLK
                            (rising edge-triggered cell RAMB18E1 clocked by ap_clk  {rise@0.000ns fall@5.000ns period=10.000ns})
  Destination:            grp_dct_dct_2d_fu_148/grp_dct_dct_1d2_fu_171/tmp1_reg_117_reg/A[27]
                            (rising edge-triggered cell DSP48E1 clocked by ap_clk  {rise@0.000ns fall@5.000ns period=10.000ns})
  Path Group:             ap_clk
  Path Type:              Setup (Max at Slow Process Corner)
  Requirement:            10.000ns  (ap_clk rise@10.000ns - ap_clk rise@0.000ns)
  Data Path Delay:        4.492ns  (logic 2.578ns (57.385%)  route 1.914ns (42.615%))
  Logic Levels:           1  (LUT3=1)
  Clock Path Skew:        -0.009ns (DCD - SCD + CPR)
    Destination Clock Delay (DCD):    1.566ns = ( 11.566 - 10.000 ) 
    Source Clock Delay      (SCD):    1.689ns
    Clock Pessimism Removal (CPR):    0.115ns
  Clock Uncertainty:      0.035ns  ((TSJ^2 + TIJ^2)^1/2 + DJ) / 2 + PE
    Total System Jitter     (TSJ):    0.071ns
    Total Input Jitter      (TIJ):    0.000ns
    Discrete Jitter          (DJ):    0.000ns
    Phase Error              (PE):    0.000ns

    Location             Delay type                Incr(ns)  Path(ns)    Netlist Resource(s)
  -------------------------------------------------------------------    -------------------
                         (clock ap_clk rise edge)     0.000     0.000 r  
                                                      0.000     0.000 r  ap_clk (IN)
                         net (fo=174, unset)          1.689     1.689    grp_dct_dct_2d_fu_148/col_inbuf_U/dct_dct_2d_row_outbuf_ram_U/ap_clk
    RAMB18_X2Y25         RAMB18E1                                     r  grp_dct_dct_2d_fu_148/col_inbuf_U/dct_dct_2d_row_outbuf_ram_U/ram_reg/CLKARDCLK
  -------------------------------------------------------------------    -------------------
    RAMB18_X2Y25         RAMB18E1 (Prop_ramb18e1_CLKARDCLK_DOADO[15])
                                                      2.454     4.143 r  grp_dct_dct_2d_fu_148/col_inbuf_U/dct_dct_2d_row_outbuf_ram_U/ram_reg/DOADO[15]
                         net (fo=1, routed)           1.040     5.184    grp_dct_dct_2d_fu_148/col_inbuf_U/dct_dct_2d_row_outbuf_ram_U/col_inbuf_q0[15]
    SLICE_X32Y63         LUT3 (Prop_lut3_I0_O)        0.124     5.308 r  grp_dct_dct_2d_fu_148/col_inbuf_U/dct_dct_2d_row_outbuf_ram_U/tmp1_reg_117_reg_i_1/O
                         net (fo=15, routed)          0.874     6.182    grp_dct_dct_2d_fu_148/grp_dct_dct_1d2_fu_171/A[15]
    DSP48_X2Y24          DSP48E1                                      r  grp_dct_dct_2d_fu_148/grp_dct_dct_1d2_fu_171/tmp1_reg_117_reg/A[27]
  -------------------------------------------------------------------    -------------------

                         (clock ap_clk rise edge)    10.000    10.000 r  
                                                      0.000    10.000 r  ap_clk (IN)
                         net (fo=174, unset)          1.566    11.566    grp_dct_dct_2d_fu_148/grp_dct_dct_1d2_fu_171/ap_clk
    DSP48_X2Y24          DSP48E1                                      r  grp_dct_dct_2d_fu_148/grp_dct_dct_1d2_fu_171/tmp1_reg_117_reg/CLK
                         clock pessimism              0.115    11.681    
                         clock uncertainty           -0.035    11.645    
    DSP48_X2Y24          DSP48E1 (Setup_dsp48e1_CLK_A[27])
                                                     -0.362    11.283    grp_dct_dct_2d_fu_148/grp_dct_dct_1d2_fu_171/tmp1_reg_117_reg
  -------------------------------------------------------------------
                         required time                         11.283    
                         arrival time                          -6.182    
  -------------------------------------------------------------------
                         slack                                  5.101    

Slack (MET) :             5.110ns  (required time - arrival time)
  Source:                 grp_dct_dct_2d_fu_148/col_inbuf_U/dct_dct_2d_row_outbuf_ram_U/ram_reg/CLKARDCLK
                            (rising edge-triggered cell RAMB18E1 clocked by ap_clk  {rise@0.000ns fall@5.000ns period=10.000ns})
  Destination:            grp_dct_dct_2d_fu_148/grp_dct_dct_1d2_fu_171/tmp1_reg_117_reg/A[20]
                            (rising edge-triggered cell DSP48E1 clocked by ap_clk  {rise@0.000ns fall@5.000ns period=10.000ns})
  Path Group:             ap_clk
  Path Type:              Setup (Max at Slow Process Corner)
  Requirement:            10.000ns  (ap_clk rise@10.000ns - ap_clk rise@0.000ns)
  Data Path Delay:        4.484ns  (logic 2.578ns (57.494%)  route 1.906ns (42.506%))
  Logic Levels:           1  (LUT3=1)
  Clock Path Skew:        -0.009ns (DCD - SCD + CPR)
    Destination Clock Delay (DCD):    1.566ns = ( 11.566 - 10.000 ) 
    Source Clock Delay      (SCD):    1.689ns
    Clock Pessimism Removal (CPR):    0.115ns
  Clock Uncertainty:      0.035ns  ((TSJ^2 + TIJ^2)^1/2 + DJ) / 2 + PE
    Total System Jitter     (TSJ):    0.071ns
    Total Input Jitter      (TIJ):    0.000ns
    Discrete Jitter          (DJ):    0.000ns
    Phase Error              (PE):    0.000ns

    Location             Delay type                Incr(ns)  Path(ns)    Netlist Resource(s)
  -------------------------------------------------------------------    -------------------
                         (clock ap_clk rise edge)     0.000     0.000 r  
                                                      0.000     0.000 r  ap_clk (IN)
                         net (fo=174, unset)          1.689     1.689    grp_dct_dct_2d_fu_148/col_inbuf_U/dct_dct_2d_row_outbuf_ram_U/ap_clk
    RAMB18_X2Y25         RAMB18E1                                     r  grp_dct_dct_2d_fu_148/col_inbuf_U/dct_dct_2d_row_outbuf_ram_U/ram_reg/CLKARDCLK
  -------------------------------------------------------------------    -------------------
    RAMB18_X2Y25         RAMB18E1 (Prop_ramb18e1_CLKARDCLK_DOADO[15])
                                                      2.454     4.143 r  grp_dct_dct_2d_fu_148/col_inbuf_U/dct_dct_2d_row_outbuf_ram_U/ram_reg/DOADO[15]
                         net (fo=1, routed)           1.040     5.184    grp_dct_dct_2d_fu_148/col_inbuf_U/dct_dct_2d_row_outbuf_ram_U/col_inbuf_q0[15]
    SLICE_X32Y63         LUT3 (Prop_lut3_I0_O)        0.124     5.308 r  grp_dct_dct_2d_fu_148/col_inbuf_U/dct_dct_2d_row_outbuf_ram_U/tmp1_reg_117_reg_i_1/O
                         net (fo=15, routed)          0.865     6.173    grp_dct_dct_2d_fu_148/grp_dct_dct_1d2_fu_171/A[15]
    DSP48_X2Y24          DSP48E1                                      r  grp_dct_dct_2d_fu_148/grp_dct_dct_1d2_fu_171/tmp1_reg_117_reg/A[20]
  -------------------------------------------------------------------    -------------------

                         (clock ap_clk rise edge)    10.000    10.000 r  
                                                      0.000    10.000 r  ap_clk (IN)
                         net (fo=174, unset)          1.566    11.566    grp_dct_dct_2d_fu_148/grp_dct_dct_1d2_fu_171/ap_clk
    DSP48_X2Y24          DSP48E1                                      r  grp_dct_dct_2d_fu_148/grp_dct_dct_1d2_fu_171/tmp1_reg_117_reg/CLK
                         clock pessimism              0.115    11.681    
                         clock uncertainty           -0.035    11.645    
    DSP48_X2Y24          DSP48E1 (Setup_dsp48e1_CLK_A[20])
                                                     -0.362    11.283    grp_dct_dct_2d_fu_148/grp_dct_dct_1d2_fu_171/tmp1_reg_117_reg
  -------------------------------------------------------------------
                         required time                         11.283    
                         arrival time                          -6.173    
  -------------------------------------------------------------------
                         slack                                  5.110    

Slack (MET) :             5.110ns  (required time - arrival time)
  Source:                 grp_dct_dct_2d_fu_148/col_inbuf_U/dct_dct_2d_row_outbuf_ram_U/ram_reg/CLKARDCLK
                            (rising edge-triggered cell RAMB18E1 clocked by ap_clk  {rise@0.000ns fall@5.000ns period=10.000ns})
  Destination:            grp_dct_dct_2d_fu_148/grp_dct_dct_1d2_fu_171/tmp1_reg_117_reg/A[21]
                            (rising edge-triggered cell DSP48E1 clocked by ap_clk  {rise@0.000ns fall@5.000ns period=10.000ns})
  Path Group:             ap_clk
  Path Type:              Setup (Max at Slow Process Corner)
  Requirement:            10.000ns  (ap_clk rise@10.000ns - ap_clk rise@0.000ns)
  Data Path Delay:        4.484ns  (logic 2.578ns (57.494%)  route 1.906ns (42.506%))
  Logic Levels:           1  (LUT3=1)
  Clock Path Skew:        -0.009ns (DCD - SCD + CPR)
    Destination Clock Delay (DCD):    1.566ns = ( 11.566 - 10.000 ) 
    Source Clock Delay      (SCD):    1.689ns
    Clock Pessimism Removal (CPR):    0.115ns
  Clock Uncertainty:      0.035ns  ((TSJ^2 + TIJ^2)^1/2 + DJ) / 2 + PE
    Total System Jitter     (TSJ):    0.071ns
    Total Input Jitter      (TIJ):    0.000ns
    Discrete Jitter          (DJ):    0.000ns
    Phase Error              (PE):    0.000ns

    Location             Delay type                Incr(ns)  Path(ns)    Netlist Resource(s)
  -------------------------------------------------------------------    -------------------
                         (clock ap_clk rise edge)     0.000     0.000 r  
                                                      0.000     0.000 r  ap_clk (IN)
                         net (fo=174, unset)          1.689     1.689    grp_dct_dct_2d_fu_148/col_inbuf_U/dct_dct_2d_row_outbuf_ram_U/ap_clk
    RAMB18_X2Y25         RAMB18E1                                     r  grp_dct_dct_2d_fu_148/col_inbuf_U/dct_dct_2d_row_outbuf_ram_U/ram_reg/CLKARDCLK
  -------------------------------------------------------------------    -------------------
    RAMB18_X2Y25         RAMB18E1 (Prop_ramb18e1_CLKARDCLK_DOADO[15])
                                                      2.454     4.143 r  grp_dct_dct_2d_fu_148/col_inbuf_U/dct_dct_2d_row_outbuf_ram_U/ram_reg/DOADO[15]
                         net (fo=1, routed)           1.040     5.184    grp_dct_dct_2d_fu_148/col_inbuf_U/dct_dct_2d_row_outbuf_ram_U/col_inbuf_q0[15]
    SLICE_X32Y63         LUT3 (Prop_lut3_I0_O)        0.124     5.308 r  grp_dct_dct_2d_fu_148/col_inbuf_U/dct_dct_2d_row_outbuf_ram_U/tmp1_reg_117_reg_i_1/O
                         net (fo=15, routed)          0.865     6.173    grp_dct_dct_2d_fu_148/grp_dct_dct_1d2_fu_171/A[15]
    DSP48_X2Y24          DSP48E1                                      r  grp_dct_dct_2d_fu_148/grp_dct_dct_1d2_fu_171/tmp1_reg_117_reg/A[21]
  -------------------------------------------------------------------    -------------------

                         (clock ap_clk rise edge)    10.000    10.000 r  
                                                      0.000    10.000 r  ap_clk (IN)
                         net (fo=174, unset)          1.566    11.566    grp_dct_dct_2d_fu_148/grp_dct_dct_1d2_fu_171/ap_clk
    DSP48_X2Y24          DSP48E1                                      r  grp_dct_dct_2d_fu_148/grp_dct_dct_1d2_fu_171/tmp1_reg_117_reg/CLK
                         clock pessimism              0.115    11.681    
                         clock uncertainty           -0.035    11.645    
    DSP48_X2Y24          DSP48E1 (Setup_dsp48e1_CLK_A[21])
                                                     -0.362    11.283    grp_dct_dct_2d_fu_148/grp_dct_dct_1d2_fu_171/tmp1_reg_117_reg
  -------------------------------------------------------------------
                         required time                         11.283    
                         arrival time                          -6.173    
  -------------------------------------------------------------------
                         slack                                  5.110    

Slack (MET) :             5.110ns  (required time - arrival time)
  Source:                 grp_dct_dct_2d_fu_148/col_inbuf_U/dct_dct_2d_row_outbuf_ram_U/ram_reg/CLKARDCLK
                            (rising edge-triggered cell RAMB18E1 clocked by ap_clk  {rise@0.000ns fall@5.000ns period=10.000ns})
  Destination:            grp_dct_dct_2d_fu_148/grp_dct_dct_1d2_fu_171/tmp1_reg_117_reg/A[22]
                            (rising edge-triggered cell DSP48E1 clocked by ap_clk  {rise@0.000ns fall@5.000ns period=10.000ns})
  Path Group:             ap_clk
  Path Type:              Setup (Max at Slow Process Corner)
  Requirement:            10.000ns  (ap_clk rise@10.000ns - ap_clk rise@0.000ns)
  Data Path Delay:        4.484ns  (logic 2.578ns (57.494%)  route 1.906ns (42.506%))
  Logic Levels:           1  (LUT3=1)
  Clock Path Skew:        -0.009ns (DCD - SCD + CPR)
    Destination Clock Delay (DCD):    1.566ns = ( 11.566 - 10.000 ) 
    Source Clock Delay      (SCD):    1.689ns
    Clock Pessimism Removal (CPR):    0.115ns
  Clock Uncertainty:      0.035ns  ((TSJ^2 + TIJ^2)^1/2 + DJ) / 2 + PE
    Total System Jitter     (TSJ):    0.071ns
    Total Input Jitter      (TIJ):    0.000ns
    Discrete Jitter          (DJ):    0.000ns
    Phase Error              (PE):    0.000ns

    Location             Delay type                Incr(ns)  Path(ns)    Netlist Resource(s)
  -------------------------------------------------------------------    -------------------
                         (clock ap_clk rise edge)     0.000     0.000 r  
                                                      0.000     0.000 r  ap_clk (IN)
                         net (fo=174, unset)          1.689     1.689    grp_dct_dct_2d_fu_148/col_inbuf_U/dct_dct_2d_row_outbuf_ram_U/ap_clk
    RAMB18_X2Y25         RAMB18E1                                     r  grp_dct_dct_2d_fu_148/col_inbuf_U/dct_dct_2d_row_outbuf_ram_U/ram_reg/CLKARDCLK
  -------------------------------------------------------------------    -------------------
    RAMB18_X2Y25         RAMB18E1 (Prop_ramb18e1_CLKARDCLK_DOADO[15])
                                                      2.454     4.143 r  grp_dct_dct_2d_fu_148/col_inbuf_U/dct_dct_2d_row_outbuf_ram_U/ram_reg/DOADO[15]
                         net (fo=1, routed)           1.040     5.184    grp_dct_dct_2d_fu_148/col_inbuf_U/dct_dct_2d_row_outbuf_ram_U/col_inbuf_q0[15]
    SLICE_X32Y63         LUT3 (Prop_lut3_I0_O)        0.124     5.308 r  grp_dct_dct_2d_fu_148/col_inbuf_U/dct_dct_2d_row_outbuf_ram_U/tmp1_reg_117_reg_i_1/O
                         net (fo=15, routed)          0.865     6.173    grp_dct_dct_2d_fu_148/grp_dct_dct_1d2_fu_171/A[15]
    DSP48_X2Y24          DSP48E1                                      r  grp_dct_dct_2d_fu_148/grp_dct_dct_1d2_fu_171/tmp1_reg_117_reg/A[22]
  -------------------------------------------------------------------    -------------------

                         (clock ap_clk rise edge)    10.000    10.000 r  
                                                      0.000    10.000 r  ap_clk (IN)
                         net (fo=174, unset)          1.566    11.566    grp_dct_dct_2d_fu_148/grp_dct_dct_1d2_fu_171/ap_clk
    DSP48_X2Y24          DSP48E1                                      r  grp_dct_dct_2d_fu_148/grp_dct_dct_1d2_fu_171/tmp1_reg_117_reg/CLK
                         clock pessimism              0.115    11.681    
                         clock uncertainty           -0.035    11.645    
    DSP48_X2Y24          DSP48E1 (Setup_dsp48e1_CLK_A[22])
                                                     -0.362    11.283    grp_dct_dct_2d_fu_148/grp_dct_dct_1d2_fu_171/tmp1_reg_117_reg
  -------------------------------------------------------------------
                         required time                         11.283    
                         arrival time                          -6.173    
  -------------------------------------------------------------------
                         slack                                  5.110    

Slack (MET) :             5.124ns  (required time - arrival time)
  Source:                 grp_dct_dct_2d_fu_148/col_inbuf_U/dct_dct_2d_row_outbuf_ram_U/ram_reg/CLKARDCLK
                            (rising edge-triggered cell RAMB18E1 clocked by ap_clk  {rise@0.000ns fall@5.000ns period=10.000ns})
  Destination:            grp_dct_dct_2d_fu_148/grp_dct_dct_1d2_fu_171/tmp1_reg_117_reg/A[18]
                            (rising edge-triggered cell DSP48E1 clocked by ap_clk  {rise@0.000ns fall@5.000ns period=10.000ns})
  Path Group:             ap_clk
  Path Type:              Setup (Max at Slow Process Corner)
  Requirement:            10.000ns  (ap_clk rise@10.000ns - ap_clk rise@0.000ns)
  Data Path Delay:        4.470ns  (logic 2.578ns (57.680%)  route 1.892ns (42.320%))
  Logic Levels:           1  (LUT3=1)
  Clock Path Skew:        -0.009ns (DCD - SCD + CPR)
    Destination Clock Delay (DCD):    1.566ns = ( 11.566 - 10.000 ) 
    Source Clock Delay      (SCD):    1.689ns
    Clock Pessimism Removal (CPR):    0.115ns
  Clock Uncertainty:      0.035ns  ((TSJ^2 + TIJ^2)^1/2 + DJ) / 2 + PE
    Total System Jitter     (TSJ):    0.071ns
    Total Input Jitter      (TIJ):    0.000ns
    Discrete Jitter          (DJ):    0.000ns
    Phase Error              (PE):    0.000ns

    Location             Delay type                Incr(ns)  Path(ns)    Netlist Resource(s)
  -------------------------------------------------------------------    -------------------
                         (clock ap_clk rise edge)     0.000     0.000 r  
                                                      0.000     0.000 r  ap_clk (IN)
                         net (fo=174, unset)          1.689     1.689    grp_dct_dct_2d_fu_148/col_inbuf_U/dct_dct_2d_row_outbuf_ram_U/ap_clk
    RAMB18_X2Y25         RAMB18E1                                     r  grp_dct_dct_2d_fu_148/col_inbuf_U/dct_dct_2d_row_outbuf_ram_U/ram_reg/CLKARDCLK
  -------------------------------------------------------------------    -------------------
    RAMB18_X2Y25         RAMB18E1 (Prop_ramb18e1_CLKARDCLK_DOADO[15])
                                                      2.454     4.143 r  grp_dct_dct_2d_fu_148/col_inbuf_U/dct_dct_2d_row_outbuf_ram_U/ram_reg/DOADO[15]
                         net (fo=1, routed)           1.040     5.184    grp_dct_dct_2d_fu_148/col_inbuf_U/dct_dct_2d_row_outbuf_ram_U/col_inbuf_q0[15]
    SLICE_X32Y63         LUT3 (Prop_lut3_I0_O)        0.124     5.308 r  grp_dct_dct_2d_fu_148/col_inbuf_U/dct_dct_2d_row_outbuf_ram_U/tmp1_reg_117_reg_i_1/O
                         net (fo=15, routed)          0.851     6.159    grp_dct_dct_2d_fu_148/grp_dct_dct_1d2_fu_171/A[15]
    DSP48_X2Y24          DSP48E1                                      r  grp_dct_dct_2d_fu_148/grp_dct_dct_1d2_fu_171/tmp1_reg_117_reg/A[18]
  -------------------------------------------------------------------    -------------------

                         (clock ap_clk rise edge)    10.000    10.000 r  
                                                      0.000    10.000 r  ap_clk (IN)
                         net (fo=174, unset)          1.566    11.566    grp_dct_dct_2d_fu_148/grp_dct_dct_1d2_fu_171/ap_clk
    DSP48_X2Y24          DSP48E1                                      r  grp_dct_dct_2d_fu_148/grp_dct_dct_1d2_fu_171/tmp1_reg_117_reg/CLK
                         clock pessimism              0.115    11.681    
                         clock uncertainty           -0.035    11.645    
    DSP48_X2Y24          DSP48E1 (Setup_dsp48e1_CLK_A[18])
                                                     -0.362    11.283    grp_dct_dct_2d_fu_148/grp_dct_dct_1d2_fu_171/tmp1_reg_117_reg
  -------------------------------------------------------------------
                         required time                         11.283    
                         arrival time                          -6.159    
  -------------------------------------------------------------------
                         slack                                  5.124    





Min Delay Paths
--------------------------------------------------------------------------------------
Slack (MET) :             0.117ns  (arrival time - required time)
  Source:                 grp_dct_dct_2d_fu_148/grp_dct_dct_1d2_fu_171/ap_CS_fsm_reg[3]/C
                            (rising edge-triggered cell FDRE clocked by ap_clk  {rise@0.000ns fall@5.000ns period=10.000ns})
  Destination:            grp_dct_dct_2d_fu_148/grp_dct_dct_1d2_fu_171/ap_CS_fsm_reg[4]/D
                            (rising edge-triggered cell FDRE clocked by ap_clk  {rise@0.000ns fall@5.000ns period=10.000ns})
  Path Group:             ap_clk
  Path Type:              Hold (Min at Fast Process Corner)
  Requirement:            0.000ns  (ap_clk rise@0.000ns - ap_clk rise@0.000ns)
  Data Path Delay:        0.209ns  (logic 0.141ns (67.433%)  route 0.068ns (32.567%))
  Logic Levels:           0  
  Clock Path Skew:        0.017ns (DCD - SCD - CPR)
    Destination Clock Delay (DCD):    0.823ns
    Source Clock Delay      (SCD):    0.555ns
    Clock Pessimism Removal (CPR):    0.251ns

    Location             Delay type                Incr(ns)  Path(ns)    Netlist Resource(s)
  -------------------------------------------------------------------    -------------------
                         (clock ap_clk rise edge)     0.000     0.000 r  
                                                      0.000     0.000 r  ap_clk (IN)
                         net (fo=174, unset)          0.555     0.555    grp_dct_dct_2d_fu_148/grp_dct_dct_1d2_fu_171/ap_clk
    SLICE_X33Y61         FDRE                                         r  grp_dct_dct_2d_fu_148/grp_dct_dct_1d2_fu_171/ap_CS_fsm_reg[3]/C
  -------------------------------------------------------------------    -------------------
    SLICE_X33Y61         FDRE (Prop_fdre_C_Q)         0.141     0.696 r  grp_dct_dct_2d_fu_148/grp_dct_dct_1d2_fu_171/ap_CS_fsm_reg[3]/Q
                         net (fo=6, routed)           0.068     0.764    grp_dct_dct_2d_fu_148/grp_dct_dct_1d2_fu_171/ap_sig_95
    SLICE_X33Y61         FDRE                                         r  grp_dct_dct_2d_fu_148/grp_dct_dct_1d2_fu_171/ap_CS_fsm_reg[4]/D
  -------------------------------------------------------------------    -------------------

                         (clock ap_clk rise edge)     0.000     0.000 r  
                                                      0.000     0.000 r  ap_clk (IN)
                         net (fo=174, unset)          0.823     0.823    grp_dct_dct_2d_fu_148/grp_dct_dct_1d2_fu_171/ap_clk
    SLICE_X33Y61         FDRE                                         r  grp_dct_dct_2d_fu_148/grp_dct_dct_1d2_fu_171/ap_CS_fsm_reg[4]/C
                         clock pessimism             -0.251     0.572    
    SLICE_X33Y61         FDRE (Hold_fdre_C_D)         0.075     0.647    grp_dct_dct_2d_fu_148/grp_dct_dct_1d2_fu_171/ap_CS_fsm_reg[4]
  -------------------------------------------------------------------
                         required time                         -0.647    
                         arrival time                           0.764    
  -------------------------------------------------------------------
                         slack                                  0.117    

Slack (MET) :             0.137ns  (arrival time - required time)
  Source:                 grp_dct_dct_2d_fu_148/grp_dct_dct_1d2_fu_171/ap_CS_fsm_reg[3]/C
                            (rising edge-triggered cell FDRE clocked by ap_clk  {rise@0.000ns fall@5.000ns period=10.000ns})
  Destination:            grp_dct_dct_2d_fu_148/grp_dct_dct_1d2_fu_171/tmp1_reg_117_reg/CEB2
                            (rising edge-triggered cell DSP48E1 clocked by ap_clk  {rise@0.000ns fall@5.000ns period=10.000ns})
  Path Group:             ap_clk
  Path Type:              Hold (Min at Fast Process Corner)
  Requirement:            0.000ns  (ap_clk rise@0.000ns - ap_clk rise@0.000ns)
  Data Path Delay:        0.282ns  (logic 0.141ns (50.071%)  route 0.141ns (49.929%))
  Logic Levels:           0  
  Clock Path Skew:        0.123ns (DCD - SCD - CPR)
    Destination Clock Delay (DCD):    0.913ns
    Source Clock Delay      (SCD):    0.555ns
    Clock Pessimism Removal (CPR):    0.235ns

    Location             Delay type                Incr(ns)  Path(ns)    Netlist Resource(s)
  -------------------------------------------------------------------    -------------------
                         (clock ap_clk rise edge)     0.000     0.000 r  
                                                      0.000     0.000 r  ap_clk (IN)
                         net (fo=174, unset)          0.555     0.555    grp_dct_dct_2d_fu_148/grp_dct_dct_1d2_fu_171/ap_clk
    SLICE_X33Y61         FDRE                                         r  grp_dct_dct_2d_fu_148/grp_dct_dct_1d2_fu_171/ap_CS_fsm_reg[3]/C
  -------------------------------------------------------------------    -------------------
    SLICE_X33Y61         FDRE (Prop_fdre_C_Q)         0.141     0.696 r  grp_dct_dct_2d_fu_148/grp_dct_dct_1d2_fu_171/ap_CS_fsm_reg[3]/Q
                         net (fo=6, routed)           0.141     0.837    grp_dct_dct_2d_fu_148/grp_dct_dct_1d2_fu_171/ap_sig_95
    DSP48_X2Y24          DSP48E1                                      r  grp_dct_dct_2d_fu_148/grp_dct_dct_1d2_fu_171/tmp1_reg_117_reg/CEB2
  -------------------------------------------------------------------    -------------------

                         (clock ap_clk rise edge)     0.000     0.000 r  
                                                      0.000     0.000 r  ap_clk (IN)
                         net (fo=174, unset)          0.913     0.913    grp_dct_dct_2d_fu_148/grp_dct_dct_1d2_fu_171/ap_clk
    DSP48_X2Y24          DSP48E1                                      r  grp_dct_dct_2d_fu_148/grp_dct_dct_1d2_fu_171/tmp1_reg_117_reg/CLK
                         clock pessimism             -0.235     0.678    
    DSP48_X2Y24          DSP48E1 (Hold_dsp48e1_CLK_CEB2)
                                                      0.022     0.700    grp_dct_dct_2d_fu_148/grp_dct_dct_1d2_fu_171/tmp1_reg_117_reg
  -------------------------------------------------------------------
                         required time                         -0.700    
                         arrival time                           0.837    
  -------------------------------------------------------------------
                         slack                                  0.137    

Slack (MET) :             0.141ns  (arrival time - required time)
  Source:                 grp_dct_dct_2d_fu_148/grp_dct_dct_1d2_fu_171/ap_CS_fsm_reg[3]/C
                            (rising edge-triggered cell FDRE clocked by ap_clk  {rise@0.000ns fall@5.000ns period=10.000ns})
  Destination:            grp_dct_dct_2d_fu_148/grp_dct_dct_1d2_fu_171/tmp1_reg_117_reg/CEA2
                            (rising edge-triggered cell DSP48E1 clocked by ap_clk  {rise@0.000ns fall@5.000ns period=10.000ns})
  Path Group:             ap_clk
  Path Type:              Hold (Min at Fast Process Corner)
  Requirement:            0.000ns  (ap_clk rise@0.000ns - ap_clk rise@0.000ns)
  Data Path Delay:        0.282ns  (logic 0.141ns (50.071%)  route 0.141ns (49.929%))
  Logic Levels:           0  
  Clock Path Skew:        0.123ns (DCD - SCD - CPR)
    Destination Clock Delay (DCD):    0.913ns
    Source Clock Delay      (SCD):    0.555ns
    Clock Pessimism Removal (CPR):    0.235ns

    Location             Delay type                Incr(ns)  Path(ns)    Netlist Resource(s)
  -------------------------------------------------------------------    -------------------
                         (clock ap_clk rise edge)     0.000     0.000 r  
                                                      0.000     0.000 r  ap_clk (IN)
                         net (fo=174, unset)          0.555     0.555    grp_dct_dct_2d_fu_148/grp_dct_dct_1d2_fu_171/ap_clk
    SLICE_X33Y61         FDRE                                         r  grp_dct_dct_2d_fu_148/grp_dct_dct_1d2_fu_171/ap_CS_fsm_reg[3]/C
  -------------------------------------------------------------------    -------------------
    SLICE_X33Y61         FDRE (Prop_fdre_C_Q)         0.141     0.696 r  grp_dct_dct_2d_fu_148/grp_dct_dct_1d2_fu_171/ap_CS_fsm_reg[3]/Q
                         net (fo=6, routed)           0.141     0.837    grp_dct_dct_2d_fu_148/grp_dct_dct_1d2_fu_171/ap_sig_95
    DSP48_X2Y24          DSP48E1                                      r  grp_dct_dct_2d_fu_148/grp_dct_dct_1d2_fu_171/tmp1_reg_117_reg/CEA2
  -------------------------------------------------------------------    -------------------

                         (clock ap_clk rise edge)     0.000     0.000 r  
                                                      0.000     0.000 r  ap_clk (IN)
                         net (fo=174, unset)          0.913     0.913    grp_dct_dct_2d_fu_148/grp_dct_dct_1d2_fu_171/ap_clk
    DSP48_X2Y24          DSP48E1                                      r  grp_dct_dct_2d_fu_148/grp_dct_dct_1d2_fu_171/tmp1_reg_117_reg/CLK
                         clock pessimism             -0.235     0.678    
    DSP48_X2Y24          DSP48E1 (Hold_dsp48e1_CLK_CEA2)
                                                      0.018     0.696    grp_dct_dct_2d_fu_148/grp_dct_dct_1d2_fu_171/tmp1_reg_117_reg
  -------------------------------------------------------------------
                         required time                         -0.696    
                         arrival time                           0.837    
  -------------------------------------------------------------------
                         slack                                  0.141    

Slack (MET) :             0.151ns  (arrival time - required time)
  Source:                 tmp_i_reg_314_reg[4]/C
                            (rising edge-triggered cell FDRE clocked by ap_clk  {rise@0.000ns fall@5.000ns period=10.000ns})
  Destination:            tmp_14_reg_337_reg[5]/D
                            (rising edge-triggered cell FDRE clocked by ap_clk  {rise@0.000ns fall@5.000ns period=10.000ns})
  Path Group:             ap_clk
  Path Type:              Hold (Min at Fast Process Corner)
  Requirement:            0.000ns  (ap_clk rise@0.000ns - ap_clk rise@0.000ns)
  Data Path Delay:        0.259ns  (logic 0.186ns (71.777%)  route 0.073ns (28.223%))
  Logic Levels:           1  (LUT4=1)
  Clock Path Skew:        0.016ns (DCD - SCD - CPR)
    Destination Clock Delay (DCD):    0.843ns
    Source Clock Delay      (SCD):    0.574ns
    Clock Pessimism Removal (CPR):    0.253ns

    Location             Delay type                Incr(ns)  Path(ns)    Netlist Resource(s)
  -------------------------------------------------------------------    -------------------
                         (clock ap_clk rise edge)     0.000     0.000 r  
                                                      0.000     0.000 r  ap_clk (IN)
                         net (fo=174, unset)          0.574     0.574    ap_clk
    SLICE_X28Y59         FDRE                                         r  tmp_i_reg_314_reg[4]/C
  -------------------------------------------------------------------    -------------------
    SLICE_X28Y59         FDRE (Prop_fdre_C_Q)         0.141     0.715 r  tmp_i_reg_314_reg[4]/Q
                         net (fo=3, routed)           0.073     0.788    tmp_i_reg_314[4]
    SLICE_X29Y59         LUT4 (Prop_lut4_I3_O)        0.045     0.833 r  input_r_address0[5]_INST_0/O
                         net (fo=1, routed)           0.000     0.833    input_r_address0[5]
    SLICE_X29Y59         FDRE                                         r  tmp_14_reg_337_reg[5]/D
  -------------------------------------------------------------------    -------------------

                         (clock ap_clk rise edge)     0.000     0.000 r  
                                                      0.000     0.000 r  ap_clk (IN)
                         net (fo=174, unset)          0.843     0.843    ap_clk
    SLICE_X29Y59         FDRE                                         r  tmp_14_reg_337_reg[5]/C
                         clock pessimism             -0.253     0.590    
    SLICE_X29Y59         FDRE (Hold_fdre_C_D)         0.092     0.682    tmp_14_reg_337_reg[5]
  -------------------------------------------------------------------
                         required time                         -0.682    
                         arrival time                           0.833    
  -------------------------------------------------------------------
                         slack                                  0.151    

Slack (MET) :             0.154ns  (arrival time - required time)
  Source:                 grp_dct_dct_2d_fu_148/i_4_reg_363_reg[0]/C
                            (rising edge-triggered cell FDRE clocked by ap_clk  {rise@0.000ns fall@5.000ns period=10.000ns})
  Destination:            grp_dct_dct_2d_fu_148/i_reg_103_reg[0]/D
                            (rising edge-triggered cell FDRE clocked by ap_clk  {rise@0.000ns fall@5.000ns period=10.000ns})
  Path Group:             ap_clk
  Path Type:              Hold (Min at Fast Process Corner)
  Requirement:            0.000ns  (ap_clk rise@0.000ns - ap_clk rise@0.000ns)
  Data Path Delay:        0.260ns  (logic 0.141ns (54.281%)  route 0.119ns (45.719%))
  Logic Levels:           0  
  Clock Path Skew:        0.036ns (DCD - SCD - CPR)
    Destination Clock Delay (DCD):    0.840ns
    Source Clock Delay      (SCD):    0.569ns
    Clock Pessimism Removal (CPR):    0.235ns

    Location             Delay type                Incr(ns)  Path(ns)    Netlist Resource(s)
  -------------------------------------------------------------------    -------------------
                         (clock ap_clk rise edge)     0.000     0.000 r  
                                                      0.000     0.000 r  ap_clk (IN)
                         net (fo=174, unset)          0.569     0.569    grp_dct_dct_2d_fu_148/ap_clk
    SLICE_X27Y62         FDRE                                         r  grp_dct_dct_2d_fu_148/i_4_reg_363_reg[0]/C
  -------------------------------------------------------------------    -------------------
    SLICE_X27Y62         FDRE (Prop_fdre_C_Q)         0.141     0.710 r  grp_dct_dct_2d_fu_148/i_4_reg_363_reg[0]/Q
                         net (fo=1, routed)           0.119     0.829    grp_dct_dct_2d_fu_148/i_4_reg_363[0]
    SLICE_X28Y62         FDRE                                         r  grp_dct_dct_2d_fu_148/i_reg_103_reg[0]/D
  -------------------------------------------------------------------    -------------------

                         (clock ap_clk rise edge)     0.000     0.000 r  
                                                      0.000     0.000 r  ap_clk (IN)
                         net (fo=174, unset)          0.840     0.840    grp_dct_dct_2d_fu_148/ap_clk
    SLICE_X28Y62         FDRE                                         r  grp_dct_dct_2d_fu_148/i_reg_103_reg[0]/C
                         clock pessimism             -0.235     0.605    
    SLICE_X28Y62         FDRE (Hold_fdre_C_D)         0.070     0.675    grp_dct_dct_2d_fu_148/i_reg_103_reg[0]
  -------------------------------------------------------------------
                         required time                         -0.675    
                         arrival time                           0.829    
  -------------------------------------------------------------------
                         slack                                  0.154    

Slack (MET) :             0.157ns  (arrival time - required time)
  Source:                 c_reg_327_reg[3]/C
                            (rising edge-triggered cell FDRE clocked by ap_clk  {rise@0.000ns fall@5.000ns period=10.000ns})
  Destination:            c_i_reg_115_reg[3]/D
                            (rising edge-triggered cell FDRE clocked by ap_clk  {rise@0.000ns fall@5.000ns period=10.000ns})
  Path Group:             ap_clk
  Path Type:              Hold (Min at Fast Process Corner)
  Requirement:            0.000ns  (ap_clk rise@0.000ns - ap_clk rise@0.000ns)
  Data Path Delay:        0.192ns  (logic 0.128ns (66.728%)  route 0.064ns (33.272%))
  Logic Levels:           0  
  Clock Path Skew:        0.016ns (DCD - SCD - CPR)
    Destination Clock Delay (DCD):    0.843ns
    Source Clock Delay      (SCD):    0.574ns
    Clock Pessimism Removal (CPR):    0.253ns

    Location             Delay type                Incr(ns)  Path(ns)    Netlist Resource(s)
  -------------------------------------------------------------------    -------------------
                         (clock ap_clk rise edge)     0.000     0.000 r  
                                                      0.000     0.000 r  ap_clk (IN)
                         net (fo=174, unset)          0.574     0.574    ap_clk
    SLICE_X28Y58         FDRE                                         r  c_reg_327_reg[3]/C
  -------------------------------------------------------------------    -------------------
    SLICE_X28Y58         FDRE (Prop_fdre_C_Q)         0.128     0.702 r  c_reg_327_reg[3]/Q
                         net (fo=1, routed)           0.064     0.766    c_reg_327[3]
    SLICE_X29Y58         FDRE                                         r  c_i_reg_115_reg[3]/D
  -------------------------------------------------------------------    -------------------

                         (clock ap_clk rise edge)     0.000     0.000 r  
                                                      0.000     0.000 r  ap_clk (IN)
                         net (fo=174, unset)          0.843     0.843    ap_clk
    SLICE_X29Y58         FDRE                                         r  c_i_reg_115_reg[3]/C
                         clock pessimism             -0.253     0.590    
    SLICE_X29Y58         FDRE (Hold_fdre_C_D)         0.019     0.609    c_i_reg_115_reg[3]
  -------------------------------------------------------------------
                         required time                         -0.609    
                         arrival time                           0.766    
  -------------------------------------------------------------------
                         slack                                  0.157    

Slack (MET) :             0.164ns  (arrival time - required time)
  Source:                 grp_dct_dct_2d_fu_148/i_6_reg_389_reg[2]/C
                            (rising edge-triggered cell FDRE clocked by ap_clk  {rise@0.000ns fall@5.000ns period=10.000ns})
  Destination:            grp_dct_dct_2d_fu_148/i_1_reg_126_reg[2]/D
                            (rising edge-triggered cell FDRE clocked by ap_clk  {rise@0.000ns fall@5.000ns period=10.000ns})
  Path Group:             ap_clk
  Path Type:              Hold (Min at Fast Process Corner)
  Requirement:            0.000ns  (ap_clk rise@0.000ns - ap_clk rise@0.000ns)
  Data Path Delay:        0.243ns  (logic 0.141ns (58.024%)  route 0.102ns (41.976%))
  Logic Levels:           0  
  Clock Path Skew:        0.016ns (DCD - SCD - CPR)
    Destination Clock Delay (DCD):    0.842ns
    Source Clock Delay      (SCD):    0.573ns
    Clock Pessimism Removal (CPR):    0.253ns

    Location             Delay type                Incr(ns)  Path(ns)    Netlist Resource(s)
  -------------------------------------------------------------------    -------------------
                         (clock ap_clk rise edge)     0.000     0.000 r  
                                                      0.000     0.000 r  ap_clk (IN)
                         net (fo=174, unset)          0.573     0.573    grp_dct_dct_2d_fu_148/ap_clk
    SLICE_X29Y60         FDRE                                         r  grp_dct_dct_2d_fu_148/i_6_reg_389_reg[2]/C
  -------------------------------------------------------------------    -------------------
    SLICE_X29Y60         FDRE (Prop_fdre_C_Q)         0.141     0.714 r  grp_dct_dct_2d_fu_148/i_6_reg_389_reg[2]/Q
                         net (fo=1, routed)           0.102     0.816    grp_dct_dct_2d_fu_148/i_6_reg_389[2]
    SLICE_X30Y60         FDRE                                         r  grp_dct_dct_2d_fu_148/i_1_reg_126_reg[2]/D
  -------------------------------------------------------------------    -------------------

                         (clock ap_clk rise edge)     0.000     0.000 r  
                                                      0.000     0.000 r  ap_clk (IN)
                         net (fo=174, unset)          0.842     0.842    grp_dct_dct_2d_fu_148/ap_clk
    SLICE_X30Y60         FDRE                                         r  grp_dct_dct_2d_fu_148/i_1_reg_126_reg[2]/C
                         clock pessimism             -0.253     0.589    
    SLICE_X30Y60         FDRE (Hold_fdre_C_D)         0.063     0.652    grp_dct_dct_2d_fu_148/i_1_reg_126_reg[2]
  -------------------------------------------------------------------
                         required time                         -0.652    
                         arrival time                           0.816    
  -------------------------------------------------------------------
                         slack                                  0.164    

Slack (MET) :             0.164ns  (arrival time - required time)
  Source:                 grp_dct_dct_2d_fu_148/j_2_reg_371_reg[2]/C
                            (rising edge-triggered cell FDRE clocked by ap_clk  {rise@0.000ns fall@5.000ns period=10.000ns})
  Destination:            grp_dct_dct_2d_fu_148/j_reg_115_reg[2]/D
                            (rising edge-triggered cell FDRE clocked by ap_clk  {rise@0.000ns fall@5.000ns period=10.000ns})
  Path Group:             ap_clk
  Path Type:              Hold (Min at Fast Process Corner)
  Requirement:            0.000ns  (ap_clk rise@0.000ns - ap_clk rise@0.000ns)
  Data Path Delay:        0.243ns  (logic 0.141ns (58.024%)  route 0.102ns (41.976%))
  Logic Levels:           0  
  Clock Path Skew:        0.016ns (DCD - SCD - CPR)
    Destination Clock Delay (DCD):    0.842ns
    Source Clock Delay      (SCD):    0.573ns
    Clock Pessimism Removal (CPR):    0.253ns

    Location             Delay type                Incr(ns)  Path(ns)    Netlist Resource(s)
  -------------------------------------------------------------------    -------------------
                         (clock ap_clk rise edge)     0.000     0.000 r  
                                                      0.000     0.000 r  ap_clk (IN)
                         net (fo=174, unset)          0.573     0.573    grp_dct_dct_2d_fu_148/ap_clk
    SLICE_X29Y61         FDRE                                         r  grp_dct_dct_2d_fu_148/j_2_reg_371_reg[2]/C
  -------------------------------------------------------------------    -------------------
    SLICE_X29Y61         FDRE (Prop_fdre_C_Q)         0.141     0.714 r  grp_dct_dct_2d_fu_148/j_2_reg_371_reg[2]/Q
                         net (fo=1, routed)           0.102     0.816    grp_dct_dct_2d_fu_148/j_2_reg_371[2]
    SLICE_X30Y61         FDRE                                         r  grp_dct_dct_2d_fu_148/j_reg_115_reg[2]/D
  -------------------------------------------------------------------    -------------------

                         (clock ap_clk rise edge)     0.000     0.000 r  
                                                      0.000     0.000 r  ap_clk (IN)
                         net (fo=174, unset)          0.842     0.842    grp_dct_dct_2d_fu_148/ap_clk
    SLICE_X30Y61         FDRE                                         r  grp_dct_dct_2d_fu_148/j_reg_115_reg[2]/C
                         clock pessimism             -0.253     0.589    
    SLICE_X30Y61         FDRE (Hold_fdre_C_D)         0.063     0.652    grp_dct_dct_2d_fu_148/j_reg_115_reg[2]
  -------------------------------------------------------------------
                         required time                         -0.652    
                         arrival time                           0.816    
  -------------------------------------------------------------------
                         slack                                  0.164    

Slack (MET) :             0.169ns  (arrival time - required time)
  Source:                 grp_dct_dct_2d_fu_148/j_3_reg_415_reg[0]/C
                            (rising edge-triggered cell FDRE clocked by ap_clk  {rise@0.000ns fall@5.000ns period=10.000ns})
  Destination:            grp_dct_dct_2d_fu_148/j_1_reg_149_reg[0]/D
                            (rising edge-triggered cell FDRE clocked by ap_clk  {rise@0.000ns fall@5.000ns period=10.000ns})
  Path Group:             ap_clk
  Path Type:              Hold (Min at Fast Process Corner)
  Requirement:            0.000ns  (ap_clk rise@0.000ns - ap_clk rise@0.000ns)
  Data Path Delay:        0.253ns  (logic 0.141ns (55.730%)  route 0.112ns (44.270%))
  Logic Levels:           0  
  Clock Path Skew:        0.014ns (DCD - SCD - CPR)
    Destination Clock Delay (DCD):    0.837ns
    Source Clock Delay      (SCD):    0.568ns
    Clock Pessimism Removal (CPR):    0.255ns

    Location             Delay type                Incr(ns)  Path(ns)    Netlist Resource(s)
  -------------------------------------------------------------------    -------------------
                         (clock ap_clk rise edge)     0.000     0.000 r  
                                                      0.000     0.000 r  ap_clk (IN)
                         net (fo=174, unset)          0.568     0.568    grp_dct_dct_2d_fu_148/ap_clk
    SLICE_X27Y64         FDRE                                         r  grp_dct_dct_2d_fu_148/j_3_reg_415_reg[0]/C
  -------------------------------------------------------------------    -------------------
    SLICE_X27Y64         FDRE (Prop_fdre_C_Q)         0.141     0.709 r  grp_dct_dct_2d_fu_148/j_3_reg_415_reg[0]/Q
                         net (fo=1, routed)           0.112     0.821    grp_dct_dct_2d_fu_148/j_3_reg_415[0]
    SLICE_X27Y65         FDRE                                         r  grp_dct_dct_2d_fu_148/j_1_reg_149_reg[0]/D
  -------------------------------------------------------------------    -------------------

                         (clock ap_clk rise edge)     0.000     0.000 r  
                                                      0.000     0.000 r  ap_clk (IN)
                         net (fo=174, unset)          0.837     0.837    grp_dct_dct_2d_fu_148/ap_clk
    SLICE_X27Y65         FDRE                                         r  grp_dct_dct_2d_fu_148/j_1_reg_149_reg[0]/C
                         clock pessimism             -0.255     0.582    
    SLICE_X27Y65         FDRE (Hold_fdre_C_D)         0.070     0.652    grp_dct_dct_2d_fu_148/j_1_reg_149_reg[0]
  -------------------------------------------------------------------
                         required time                         -0.652    
                         arrival time                           0.821    
  -------------------------------------------------------------------
                         slack                                  0.169    

Slack (MET) :             0.171ns  (arrival time - required time)
  Source:                 grp_dct_dct_2d_fu_148/i_7_reg_433_reg[2]/C
                            (rising edge-triggered cell FDRE clocked by ap_clk  {rise@0.000ns fall@5.000ns period=10.000ns})
  Destination:            grp_dct_dct_2d_fu_148/i_3_reg_160_reg[2]/D
                            (rising edge-triggered cell FDRE clocked by ap_clk  {rise@0.000ns fall@5.000ns period=10.000ns})
  Path Group:             ap_clk
  Path Type:              Hold (Min at Fast Process Corner)
  Requirement:            0.000ns  (ap_clk rise@0.000ns - ap_clk rise@0.000ns)
  Data Path Delay:        0.256ns  (logic 0.141ns (55.115%)  route 0.115ns (44.885%))
  Logic Levels:           0  
  Clock Path Skew:        0.015ns (DCD - SCD - CPR)
    Destination Clock Delay (DCD):    0.837ns
    Source Clock Delay      (SCD):    0.569ns
    Clock Pessimism Removal (CPR):    0.253ns

    Location             Delay type                Incr(ns)  Path(ns)    Netlist Resource(s)
  -------------------------------------------------------------------    -------------------
                         (clock ap_clk rise edge)     0.000     0.000 r  
                                                      0.000     0.000 r  ap_clk (IN)
                         net (fo=174, unset)          0.569     0.569    grp_dct_dct_2d_fu_148/ap_clk
    SLICE_X28Y67         FDRE                                         r  grp_dct_dct_2d_fu_148/i_7_reg_433_reg[2]/C
  -------------------------------------------------------------------    -------------------
    SLICE_X28Y67         FDRE (Prop_fdre_C_Q)         0.141     0.710 r  grp_dct_dct_2d_fu_148/i_7_reg_433_reg[2]/Q
                         net (fo=1, routed)           0.115     0.825    grp_dct_dct_2d_fu_148/i_7_reg_433[2]
    SLICE_X28Y66         FDRE                                         r  grp_dct_dct_2d_fu_148/i_3_reg_160_reg[2]/D
  -------------------------------------------------------------------    -------------------

                         (clock ap_clk rise edge)     0.000     0.000 r  
                                                      0.000     0.000 r  ap_clk (IN)
                         net (fo=174, unset)          0.837     0.837    grp_dct_dct_2d_fu_148/ap_clk
    SLICE_X28Y66         FDRE                                         r  grp_dct_dct_2d_fu_148/i_3_reg_160_reg[2]/C
                         clock pessimism             -0.253     0.584    
    SLICE_X28Y66         FDRE (Hold_fdre_C_D)         0.070     0.654    grp_dct_dct_2d_fu_148/i_3_reg_160_reg[2]
  -------------------------------------------------------------------
                         required time                         -0.654    
                         arrival time                           0.825    
  -------------------------------------------------------------------
                         slack                                  0.171    





Pulse Width Checks
--------------------------------------------------------------------------------------
Clock Name:         ap_clk
Waveform(ns):       { 0.000 5.000 }
Period(ns):         10.000
Sources:            { ap_clk }

Check Type        Corner  Lib Pin             Reference Pin  Required(ns)  Actual(ns)  Slack(ns)  Location      Pin
Min Period        n/a     DSP48E1/CLK         n/a            3.884         10.000      6.116      DSP48_X2Y24   grp_dct_dct_2d_fu_148/grp_dct_dct_1d2_fu_171/tmp1_reg_117_reg/CLK
Min Period        n/a     RAMB18E1/CLKARDCLK  n/a            2.576         10.000      7.424      RAMB18_X2Y24  buf_2d_in_U/dct_dct_2d_row_outbuf_ram_U/ram_reg/CLKARDCLK
Min Period        n/a     RAMB18E1/CLKARDCLK  n/a            2.576         10.000      7.424      RAMB18_X2Y28  buf_2d_out_U/dct_dct_2d_row_outbuf_ram_U/ram_reg/CLKARDCLK
Min Period        n/a     RAMB18E1/CLKARDCLK  n/a            2.576         10.000      7.424      RAMB18_X2Y26  grp_dct_dct_2d_fu_148/row_outbuf_U/dct_dct_2d_row_outbuf_ram_U/ram_reg/CLKARDCLK
Min Period        n/a     RAMB18E1/CLKARDCLK  n/a            2.576         10.000      7.424      RAMB18_X2Y25  grp_dct_dct_2d_fu_148/col_inbuf_U/dct_dct_2d_row_outbuf_ram_U/ram_reg/CLKARDCLK
Min Period        n/a     RAMB18E1/CLKARDCLK  n/a            2.576         10.000      7.424      RAMB18_X2Y27  grp_dct_dct_2d_fu_148/col_outbuf_U/dct_dct_2d_row_outbuf_ram_U/ram_reg/CLKARDCLK
Min Period        n/a     FDSE/C              n/a            1.000         10.000      9.000      SLICE_X27Y59  ap_CS_fsm_reg[0]/C
Min Period        n/a     FDRE/C              n/a            1.000         10.000      9.000      SLICE_X27Y59  ap_CS_fsm_reg[1]/C
Min Period        n/a     FDRE/C              n/a            1.000         10.000      9.000      SLICE_X27Y59  ap_CS_fsm_reg[2]/C
Min Period        n/a     FDRE/C              n/a            1.000         10.000      9.000      SLICE_X27Y59  ap_CS_fsm_reg[3]/C
Low Pulse Width   Slow    FDRE/C              n/a            0.500         5.000       4.500      SLICE_X28Y67  grp_dct_dct_2d_fu_148/i_7_reg_433_reg[0]/C
Low Pulse Width   Fast    FDRE/C              n/a            0.500         5.000       4.500      SLICE_X28Y67  grp_dct_dct_2d_fu_148/i_7_reg_433_reg[0]/C
Low Pulse Width   Slow    FDRE/C              n/a            0.500         5.000       4.500      SLICE_X28Y67  grp_dct_dct_2d_fu_148/i_7_reg_433_reg[1]/C
Low Pulse Width   Fast    FDRE/C              n/a            0.500         5.000       4.500      SLICE_X28Y67  grp_dct_dct_2d_fu_148/i_7_reg_433_reg[1]/C
Low Pulse Width   Slow    FDRE/C              n/a            0.500         5.000       4.500      SLICE_X28Y67  grp_dct_dct_2d_fu_148/i_7_reg_433_reg[2]/C
Low Pulse Width   Fast    FDRE/C              n/a            0.500         5.000       4.500      SLICE_X28Y67  grp_dct_dct_2d_fu_148/i_7_reg_433_reg[2]/C
Low Pulse Width   Slow    FDRE/C              n/a            0.500         5.000       4.500      SLICE_X28Y67  grp_dct_dct_2d_fu_148/i_7_reg_433_reg[3]/C
Low Pulse Width   Fast    FDRE/C              n/a            0.500         5.000       4.500      SLICE_X28Y67  grp_dct_dct_2d_fu_148/i_7_reg_433_reg[3]/C
Low Pulse Width   Slow    FDRE/C              n/a            0.500         5.000       4.500      SLICE_X31Y67  c_1_reg_363_reg[2]/C
Low Pulse Width   Fast    FDRE/C              n/a            0.500         5.000       4.500      SLICE_X31Y67  c_1_reg_363_reg[2]/C
High Pulse Width  Slow    FDRE/C              n/a            0.500         5.000       4.500      SLICE_X27Y62  grp_dct_dct_2d_fu_148/i_4_reg_363_reg[0]/C
High Pulse Width  Slow    FDRE/C              n/a            0.500         5.000       4.500      SLICE_X27Y62  grp_dct_dct_2d_fu_148/i_4_reg_363_reg[1]/C
High Pulse Width  Slow    FDRE/C              n/a            0.500         5.000       4.500      SLICE_X27Y62  grp_dct_dct_2d_fu_148/i_4_reg_363_reg[2]/C
High Pulse Width  Slow    FDRE/C              n/a            0.500         5.000       4.500      SLICE_X27Y62  grp_dct_dct_2d_fu_148/i_4_reg_363_reg[3]/C
High Pulse Width  Slow    FDRE/C              n/a            0.500         5.000       4.500      SLICE_X26Y62  grp_dct_dct_2d_fu_148/grp_dct_dct_1d2_fu_171/k_1_reg_275_reg[0]/C
High Pulse Width  Slow    FDSE/C              n/a            0.500         5.000       4.500      SLICE_X27Y59  ap_CS_fsm_reg[0]/C
High Pulse Width  Fast    FDSE/C              n/a            0.500         5.000       4.500      SLICE_X27Y59  ap_CS_fsm_reg[0]/C
High Pulse Width  Slow    FDRE/C              n/a            0.500         5.000       4.500      SLICE_X27Y59  ap_CS_fsm_reg[1]/C
High Pulse Width  Fast    FDRE/C              n/a            0.500         5.000       4.500      SLICE_X27Y59  ap_CS_fsm_reg[1]/C
High Pulse Width  Slow    FDRE/C              n/a            0.500         5.000       4.500      SLICE_X27Y59  ap_CS_fsm_reg[2]/C



