Copyright 1986-2016 Xilinx, Inc. All Rights Reserved.
------------------------------------------------------------------------------------------------------------
| Tool Version      : Vivado v.2016.1 (win64) Build 1538259 Fri Apr  8 15:45:27 MDT 2016
| Date              : Fri Apr 29 12:54:23 2016
| Host              : XHDVENKATE30 running 64-bit Service Pack 1  (build 7601)
| Command           : report_clock_utilization -file microblaze_design_wrapper_clock_utilization_routed.rpt
| Design            : microblaze_design_wrapper
| Device            : 7k325t-ffg900
| Speed File        : -2  PRODUCTION 1.12 2014-09-11
| Temperature Grade : C
------------------------------------------------------------------------------------------------------------

Clock Utilization Report

Table of Contents
-----------------
1. Clock Primitive Utilization
2. Global Clock Resources
3. Global Clock Source Details
4. Local Clock Details
5. Clock Regions: Key Resource Utilization
6. Clock Regions : Global Clock Summary
7. Cell Type Counts per Global Clock: Region X0Y1
8. Cell Type Counts per Global Clock: Region X1Y1
9. Cell Type Counts per Global Clock: Region X0Y2
10. Load Cell Placement Summary for Global Clock g0
11. Load Cell Placement Summary for Global Clock g1
12. Load Cell Placement Summary for Global Clock g2
13. Load Cell Placement Summary for Global Clock g3

1. Clock Primitive Utilization
------------------------------

+----------+------+-----------+-----+--------------+--------+
| Type     | Used | Available | LOC | Clock Region | Pblock |
+----------+------+-----------+-----+--------------+--------+
| BUFGCTRL |    4 |        32 |   0 |            0 |      0 |
| BUFH     |    0 |       168 |   0 |            0 |      0 |
| BUFIO    |    0 |        40 |   0 |            0 |      0 |
| BUFMR    |    0 |        20 |   0 |            0 |      0 |
| BUFR     |    0 |        40 |   0 |            0 |      0 |
| MMCM     |    1 |        10 |   0 |            0 |      0 |
| PLL      |    0 |        10 |   0 |            0 |      0 |
+----------+------+-----------+-----+--------------+--------+


2. Global Clock Resources
-------------------------

+-------+-------+-----------------+------------+---------------+--------------+------+-------------------+---------------+-------------+-----------------+--------------+------------------------------------------------------+------------------------------------------------------------+-------------------------------------------------------------------------------+
| GlbID | SrcId | Driver Type/Pin | Constraint | Site          | Clock Region | Root | Clock Delay Group | Clock Regions | Clock Loads | Non-Clock Loads | Clock Period | Clock                                                | Driver Pin                                                 | Net                                                                           |
+-------+-------+-----------------+------------+---------------+--------------+------+-------------------+---------------+-------------+-----------------+--------------+------------------------------------------------------+------------------------------------------------------------+-------------------------------------------------------------------------------+
| g0    | src0  | BUFG/O          | None       | BUFGCTRL_X0Y3 | n/a          |      |                   |             1 |           1 |               0 |        5.000 | clkfbout_microblaze_design_clk_wiz_1_0               | microblaze_design_i/clk_wiz_1/inst/clkf_buf/O              | microblaze_design_i/clk_wiz_1/inst/clkfbout_buf_microblaze_design_clk_wiz_1_0 |
| g1    | src0  | BUFG/O          | None       | BUFGCTRL_X0Y0 | n/a          | n/a  | n/a               |             2 |           0 |            1950 |       10.000 | clk_out1_microblaze_design_clk_wiz_1_0               | microblaze_design_i/clk_wiz_1/inst/clkout1_buf/O           | microblaze_design_i/clk_wiz_1/inst/clk_out1                                   |
| g2    | src1  | BUFG/O          | None       | BUFGCTRL_X0Y1 | n/a          | n/a  | n/a               |             2 |           0 |             238 |       33.333 | microblaze_design_i/mdm_1/U0/Use_E2.BSCANE2_I/DRCK   | microblaze_design_i/mdm_1/U0/No_Dbg_Reg_Access.BUFG_DRCK/O | microblaze_design_i/mdm_1/U0/Ext_JTAG_DRCK                                    |
| g3    | src1  | BUFG/O          | None       | BUFGCTRL_X0Y2 | n/a          | n/a  | n/a               |             1 |           0 |              39 |       33.333 | microblaze_design_i/mdm_1/U0/Use_E2.BSCANE2_I/UPDATE | microblaze_design_i/mdm_1/U0/Ext_JTAG_UPDATE_BUFG_inst/O   | microblaze_design_i/mdm_1/U0/Ext_JTAG_UPDATE                                  |
+-------+-------+-----------------+------------+---------------+--------------+------+-------------------+---------------+-------------+-----------------+--------------+------------------------------------------------------+------------------------------------------------------------+-------------------------------------------------------------------------------+
* Note: Multiple constraint types applied to the driver. Please check for potential conflicts.


3. Global Clock Source Details
------------------------------

+-------+--------+---------------------+------------+-----------------+--------------+-------------+-----------------+---------------------+------------------------------------------------------+-----------------------------------------------------------+---------------------------------------------------------------------------+
| SrcID | GlbIDs | Driver Type/Pin     | Constraint | Site            | Clock Region | Clock Loads | Non-Clock Loads | Source Clock Period | Source Clock                                         | Driver Pin                                                | Net                                                                       |
+-------+--------+---------------------+------------+-----------------+--------------+-------------+-----------------+---------------------+------------------------------------------------------+-----------------------------------------------------------+---------------------------------------------------------------------------+
| src0  | g1     | MMCME2_ADV/CLKOUT0  | None       | MMCME2_ADV_X1Y1 | X1Y1         |           1 |               0 |              10.000 | clk_out1_microblaze_design_clk_wiz_1_0               | microblaze_design_i/clk_wiz_1/inst/mmcm_adv_inst/CLKOUT0  | microblaze_design_i/clk_wiz_1/inst/clk_out1_microblaze_design_clk_wiz_1_0 |
| src0  | g0     | MMCME2_ADV/CLKFBOUT | None       | MMCME2_ADV_X1Y1 | X1Y1         |           1 |               0 |               5.000 | clkfbout_microblaze_design_clk_wiz_1_0               | microblaze_design_i/clk_wiz_1/inst/mmcm_adv_inst/CLKFBOUT | microblaze_design_i/clk_wiz_1/inst/clkfbout_microblaze_design_clk_wiz_1_0 |
| src1  | g3     | BSCANE2/UPDATE      | None       | BSCAN_X0Y1      | X0Y2         |           1 |               0 |              33.333 | microblaze_design_i/mdm_1/U0/Use_E2.BSCANE2_I/UPDATE | microblaze_design_i/mdm_1/U0/Use_E2.BSCANE2_I/UPDATE      | microblaze_design_i/mdm_1/U0/Ext_JTAG_UPDATE__0                           |
| src1  | g2     | BSCANE2/DRCK        | None       | BSCAN_X0Y1      | X0Y2         |           1 |               0 |              33.333 | microblaze_design_i/mdm_1/U0/Use_E2.BSCANE2_I/DRCK   | microblaze_design_i/mdm_1/U0/Use_E2.BSCANE2_I/DRCK        | microblaze_design_i/mdm_1/U0/I                                            |
+-------+--------+---------------------+------------+-----------------+--------------+-------------+-----------------+---------------------+------------------------------------------------------+-----------------------------------------------------------+---------------------------------------------------------------------------+


4. Local Clock Details
----------------------

+-------+-----------------+------------+----------+--------------+-------------+-----------------+--------------+-------+------------+-----+
| LocId | Driver Type/Pin | Constraint | Site/BEL | Clock Region | Clock Loads | Non-Clock Loads | Clock Period | Clock | Driver Pin | Net |
+-------+-----------------+------------+----------+--------------+-------------+-----------------+--------------+-------+------------+-----+


5. Clock Regions: Key Resource Utilization
------------------------------------------

+-------------------+--------------+--------------+--------------+--------------+--------------+--------------+--------------+--------------+--------------+--------------+--------------+--------------+--------------+--------------+--------------+
|                   | Global Clock |     BUFRs    |    BUFMRs    |    BUFIOs    |     MMCM     |      PLL     |      GT      |      PCI     |    ILOGIC    |    OLOGIC    |      FF      |     LUTM     |    RAMB18    |    RAMB36    |    DSP48E2   |
+-------------------+------+-------+------+-------+------+-------+------+-------+------+-------+------+-------+------+-------+------+-------+------+-------+------+-------+------+-------+------+-------+------+-------+------+-------+------+-------+
| Clock Region Name | Used | Avail | Used | Avail | Used | Avail | Used | Avail | Used | Avail | Used | Avail | Used | Avail | Used | Avail | Used | Avail | Used | Avail | Used | Avail | Used | Avail | Used | Avail | Used | Avail | Used | Avail |
+-------------------+------+-------+------+-------+------+-------+------+-------+------+-------+------+-------+------+-------+------+-------+------+-------+------+-------+------+-------+------+-------+------+-------+------+-------+------+-------+
| X0Y0              |    0 |    12 |    0 |     4 |    0 |     2 |    0 |     4 |    0 |     1 |    0 |     1 |    0 |     0 |    0 |     0 |    0 |    50 |    0 |    50 |    0 | 32000 |    0 |  4600 |    0 |     0 |    0 |    30 |    0 |    60 |
| X1Y0              |    0 |    12 |    0 |     4 |    0 |     2 |    0 |     4 |    0 |     1 |    0 |     1 |    0 |     0 |    0 |     0 |    0 |    50 |    0 |    50 |    0 | 29600 |    0 |  4800 |    0 |     0 |    0 |    40 |    0 |    60 |
| X0Y1              |    2 |    12 |    0 |     4 |    0 |     2 |    0 |     4 |    0 |     1 |    0 |     1 |    0 |     0 |    0 |     0 |    0 |    50 |    0 |    50 | 1199 | 32000 |  638 |  4600 |    0 |     0 |   16 |    30 |    0 |    60 |
| X1Y1              |    1 |    12 |    0 |     4 |    0 |     2 |    0 |     4 |    1 |     1 |    0 |     1 |    0 |     0 |    0 |     0 |    0 |    50 |    0 |    50 |    0 | 29600 |    0 |  4800 |    0 |     0 |    0 |    40 |    0 |    60 |
| X0Y2              |    3 |    12 |    0 |     4 |    0 |     2 |    0 |     4 |    0 |     1 |    0 |     1 |    0 |     0 |    0 |     0 |    0 |    50 |    0 |    50 | 1000 | 27200 |  469 |  4600 |    0 |     0 |   12 |    30 |    0 |    60 |
| X1Y2              |    0 |    12 |    0 |     4 |    0 |     2 |    0 |     4 |    0 |     1 |    0 |     1 |    0 |     0 |    0 |     0 |    0 |    50 |    0 |    50 |    0 | 29600 |    0 |  4800 |    0 |     0 |    0 |    40 |    0 |    60 |
| X0Y3              |    0 |    12 |    0 |     4 |    0 |     2 |    0 |     4 |    0 |     1 |    0 |     1 |    0 |     0 |    0 |     0 |    0 |    50 |    0 |    50 |    0 | 27200 |    0 |  4600 |    0 |     0 |    0 |    30 |    0 |    60 |
| X1Y3              |    0 |    12 |    0 |     0 |    0 |     0 |    0 |     0 |    0 |     0 |    0 |     0 |    0 |     5 |    0 |     0 |    0 |     0 |    0 |     0 |    0 | 25200 |    0 |  4200 |    0 |     0 |    0 |    25 |    0 |    60 |
| X0Y4              |    0 |    12 |    0 |     4 |    0 |     2 |    0 |     4 |    0 |     1 |    0 |     1 |    0 |     0 |    0 |     0 |    0 |    50 |    0 |    50 |    0 | 32000 |    0 |  4600 |    0 |     0 |    0 |    30 |    0 |    60 |
| X1Y4              |    0 |    12 |    0 |     0 |    0 |     0 |    0 |     0 |    0 |     0 |    0 |     0 |    0 |     5 |    0 |     0 |    0 |     0 |    0 |     0 |    0 | 26400 |    0 |  4400 |    0 |     0 |    0 |    30 |    0 |    60 |
| X0Y5              |    0 |    12 |    0 |     4 |    0 |     2 |    0 |     4 |    0 |     1 |    0 |     1 |    0 |     0 |    0 |     0 |    0 |    50 |    0 |    50 |    0 | 32000 |    0 |  4600 |    0 |     0 |    0 |    30 |    0 |    60 |
| X1Y5              |    0 |    12 |    0 |     0 |    0 |     0 |    0 |     0 |    0 |     0 |    0 |     0 |    0 |     5 |    0 |     0 |    0 |     0 |    0 |     0 |    0 | 26400 |    0 |  4400 |    0 |     0 |    0 |    30 |    0 |    60 |
| X0Y6              |    0 |    12 |    0 |     4 |    0 |     2 |    0 |     4 |    0 |     1 |    0 |     1 |    0 |     0 |    0 |     0 |    0 |    50 |    0 |    50 |    0 | 32000 |    0 |  4600 |    0 |     0 |    0 |    30 |    0 |    60 |
| X1Y6              |    0 |    12 |    0 |     0 |    0 |     0 |    0 |     0 |    0 |     0 |    0 |     0 |    0 |     5 |    0 |     0 |    0 |     0 |    0 |     0 |    0 | 26400 |    0 |  4400 |    0 |     0 |    0 |    30 |    0 |    60 |
+-------------------+------+-------+------+-------+------+-------+------+-------+------+-------+------+-------+------+-------+------+-------+------+-------+------+-------+------+-------+------+-------+------+-------+------+-------+------+-------+
* Used Global Clocks includes only global clock resources based on load placement but does not consider global clock resources used to traverse a clock region. Therefore the actual total of Used Global Clocks may be higher.
** RAMB36 site can be used as two RAMB18/FIFO18 sites.


6. Clock Regions : Global Clock Summary
---------------------------------------

+----+----+----+
|    | X0 | X1 |
+----+----+----+
| Y6 |  0 |  0 |
| Y5 |  0 |  0 |
| Y4 |  0 |  0 |
| Y3 |  0 |  0 |
| Y2 |  3 |  0 |
| Y1 |  2 |  1 |
| Y0 |  0 |  0 |
+----+----+----+
* Used Global Clocks includes only global clock resources based on load placement but does not consider global clock resources used to traverse a clock region. Therefore the actual total of Used Global Clocks may be higher.


7. Cell Type Counts per Global Clock: Region X0Y1
-------------------------------------------------

+-------+-------+-----------------+------------+-------------+-----------------+------+--------+------+-----+----+------+-----+---------+---------------------------------------------+
| GlbID | Track | Driver Type/Pin | Constraint | Clock Loads | Non-Clock Loads | FF   | LUTRAM | RAMB | DSP | GT | MMCM | PLL | Hard IP | Net                                         |
+-------+-------+-----------------+------------+-------------+-----------------+------+--------+------+-----+----+------+-----+---------+---------------------------------------------+
| g1    | n/a   | BUFG/O          | None       |           0 |            1189 | 1181 |    635 |   16 |   0 |  0 |    0 |   0 |       0 | microblaze_design_i/clk_wiz_1/inst/clk_out1 |
| g2    | n/a   | BUFG/O          | None       |           0 |              18 |   18 |      3 |    0 |   0 |  0 |    0 |   0 |       0 | microblaze_design_i/mdm_1/U0/Ext_JTAG_DRCK  |
+-------+-------+-----------------+------------+-------------+-----------------+------+--------+------+-----+----+------+-----+---------+---------------------------------------------+


8. Cell Type Counts per Global Clock: Region X1Y1
-------------------------------------------------

+-------+-------+-----------------+------------+-------------+-----------------+----+--------+------+-----+----+------+-----+---------+-------------------------------------------------------------------------------+
| GlbID | Track | Driver Type/Pin | Constraint | Clock Loads | Non-Clock Loads | FF | LUTRAM | RAMB | DSP | GT | MMCM | PLL | Hard IP | Net                                                                           |
+-------+-------+-----------------+------------+-------------+-----------------+----+--------+------+-----+----+------+-----+---------+-------------------------------------------------------------------------------+
| g0    | n/a   | BUFG/O          | None       |           1 |               0 |  0 |      0 |    0 |   0 |  0 |    1 |   0 |       0 | microblaze_design_i/clk_wiz_1/inst/clkfbout_buf_microblaze_design_clk_wiz_1_0 |
+-------+-------+-----------------+------------+-------------+-----------------+----+--------+------+-----+----+------+-----+---------+-------------------------------------------------------------------------------+


9. Cell Type Counts per Global Clock: Region X0Y2
-------------------------------------------------

+-------+-------+-----------------+------------+-------------+-----------------+-----+--------+------+-----+----+------+-----+---------+----------------------------------------------+
| GlbID | Track | Driver Type/Pin | Constraint | Clock Loads | Non-Clock Loads | FF  | LUTRAM | RAMB | DSP | GT | MMCM | PLL | Hard IP | Net                                          |
+-------+-------+-----------------+------------+-------------+-----------------+-----+--------+------+-----+----+------+-----+---------+----------------------------------------------+
| g1    | n/a   | BUFG/O          | None       |           0 |             747 | 741 |    335 |   12 |   0 |  0 |    0 |   0 |       0 | microblaze_design_i/clk_wiz_1/inst/clk_out1  |
| g2    | n/a   | BUFG/O          | None       |           0 |             220 | 220 |    110 |    0 |   0 |  0 |    0 |   0 |       0 | microblaze_design_i/mdm_1/U0/Ext_JTAG_DRCK   |
| g3    | n/a   | BUFG/O          | None       |           0 |              39 |  39 |     24 |    0 |   0 |  0 |    0 |   0 |       0 | microblaze_design_i/mdm_1/U0/Ext_JTAG_UPDATE |
+-------+-------+-----------------+------------+-------------+-----------------+-----+--------+------+-----+----+------+-----+---------+----------------------------------------------+


10. Load Cell Placement Summary for Global Clock g0
---------------------------------------------------

+-------+-----------------+-------------------+----------------------------------------+-------------+---------------+----------+-------------+----------+-------------+----+-------------------------------------------------------------------------------+
| GlbID | Driver Type/Pin | Driver Region (D) | Clock                                  | Period (ns) | Waveform (ns) | Root (R) | Slice Loads | IO Loads | Clock Loads | GT | Net                                                                           |
+-------+-----------------+-------------------+----------------------------------------+-------------+---------------+----------+-------------+----------+-------------+----+-------------------------------------------------------------------------------+
| g0    | BUFG/O          | n/a               | clkfbout_microblaze_design_clk_wiz_1_0 |       5.000 | {0.000 2.500} |          |           0 |        0 |           1 |  0 | microblaze_design_i/clk_wiz_1/inst/clkfbout_buf_microblaze_design_clk_wiz_1_0 |
+-------+-----------------+-------------------+----------------------------------------+-------------+---------------+----------+-------------+----------+-------------+----+-------------------------------------------------------------------------------+


+----+----+----+
|    | X0 | X1 |
+----+----+----+
| Y6 |  0 |  0 |
| Y5 |  0 |  0 |
| Y4 |  0 |  0 |
| Y3 |  0 |  0 |
| Y2 |  0 |  0 |
| Y1 |  0 |  1 |
| Y0 |  0 |  0 |
+----+----+----+


11. Load Cell Placement Summary for Global Clock g1
---------------------------------------------------

+-------+-----------------+-------------------+----------------------------------------+-------------+---------------+----------+-------------+----------+-------------+----+---------------------------------------------+
| GlbID | Driver Type/Pin | Driver Region (D) | Clock                                  | Period (ns) | Waveform (ns) | Root (R) | Slice Loads | IO Loads | Clock Loads | GT | Net                                         |
+-------+-----------------+-------------------+----------------------------------------+-------------+---------------+----------+-------------+----------+-------------+----+---------------------------------------------+
| g1    | BUFG/O          | n/a               | clk_out1_microblaze_design_clk_wiz_1_0 |      10.000 | {0.000 5.000} |          |        1936 |        0 |           0 |  0 | microblaze_design_i/clk_wiz_1/inst/clk_out1 |
+-------+-----------------+-------------------+----------------------------------------+-------------+---------------+----------+-------------+----------+-------------+----+---------------------------------------------+


+----+-------+----+
|    | X0    | X1 |
+----+-------+----+
| Y6 |     0 |  0 |
| Y5 |     0 |  0 |
| Y4 |     0 |  0 |
| Y3 |     0 |  0 |
| Y2 |   747 |  0 |
| Y1 |  1189 |  0 |
| Y0 |     0 |  0 |
+----+-------+----+


12. Load Cell Placement Summary for Global Clock g2
---------------------------------------------------

+-------+-----------------+-------------------+----------------------------------------------------+-------------+----------------+----------+-------------+----------+-------------+----+--------------------------------------------+
| GlbID | Driver Type/Pin | Driver Region (D) | Clock                                              | Period (ns) | Waveform (ns)  | Root (R) | Slice Loads | IO Loads | Clock Loads | GT | Net                                        |
+-------+-----------------+-------------------+----------------------------------------------------+-------------+----------------+----------+-------------+----------+-------------+----+--------------------------------------------+
| g2    | BUFG/O          | n/a               | microblaze_design_i/mdm_1/U0/Use_E2.BSCANE2_I/DRCK |      33.333 | {0.000 16.667} |          |         238 |        0 |           0 |  0 | microblaze_design_i/mdm_1/U0/Ext_JTAG_DRCK |
+-------+-----------------+-------------------+----------------------------------------------------+-------------+----------------+----------+-------------+----------+-------------+----+--------------------------------------------+


+----+------+----+
|    | X0   | X1 |
+----+------+----+
| Y6 |    0 |  0 |
| Y5 |    0 |  0 |
| Y4 |    0 |  0 |
| Y3 |    0 |  0 |
| Y2 |  220 |  0 |
| Y1 |   18 |  0 |
| Y0 |    0 |  0 |
+----+------+----+


13. Load Cell Placement Summary for Global Clock g3
---------------------------------------------------

+-------+-----------------+-------------------+------------------------------------------------------+-------------+----------------+----------+-------------+----------+-------------+----+----------------------------------------------+
| GlbID | Driver Type/Pin | Driver Region (D) | Clock                                                | Period (ns) | Waveform (ns)  | Root (R) | Slice Loads | IO Loads | Clock Loads | GT | Net                                          |
+-------+-----------------+-------------------+------------------------------------------------------+-------------+----------------+----------+-------------+----------+-------------+----+----------------------------------------------+
| g3    | BUFG/O          | n/a               | microblaze_design_i/mdm_1/U0/Use_E2.BSCANE2_I/UPDATE |      33.333 | {0.000 16.667} |          |          39 |        0 |           0 |  0 | microblaze_design_i/mdm_1/U0/Ext_JTAG_UPDATE |
+-------+-----------------+-------------------+------------------------------------------------------+-------------+----------------+----------+-------------+----------+-------------+----+----------------------------------------------+


+----+-----+----+
|    | X0  | X1 |
+----+-----+----+
| Y6 |   0 |  0 |
| Y5 |   0 |  0 |
| Y4 |   0 |  0 |
| Y3 |   0 |  0 |
| Y2 |  39 |  0 |
| Y1 |   0 |  0 |
| Y0 |   0 |  0 |
+----+-----+----+



# Location of BUFG Primitives 
set_property LOC BUFGCTRL_X0Y2 [get_cells microblaze_design_i/mdm_1/U0/Ext_JTAG_UPDATE_BUFG_inst]
set_property LOC BUFGCTRL_X0Y1 [get_cells microblaze_design_i/mdm_1/U0/No_Dbg_Reg_Access.BUFG_DRCK]
set_property LOC BUFGCTRL_X0Y3 [get_cells microblaze_design_i/clk_wiz_1/inst/clkf_buf]
set_property LOC BUFGCTRL_X0Y0 [get_cells microblaze_design_i/clk_wiz_1/inst/clkout1_buf]

# Location of IO Primitives which is load of clock spine

# Location of clock ports
set_property LOC IOB_X1Y75 [get_ports sys_diff_clock_clk_n]
set_property LOC IOB_X1Y76 [get_ports sys_diff_clock_clk_p]

# Clock net "microblaze_design_i/mdm_1/U0/Ext_JTAG_UPDATE" driven by instance "microblaze_design_i/mdm_1/U0/Ext_JTAG_UPDATE_BUFG_inst" located at site "BUFGCTRL_X0Y2"
#startgroup
create_pblock {CLKAG_microblaze_design_i/mdm_1/U0/Ext_JTAG_UPDATE}
add_cells_to_pblock [get_pblocks  {CLKAG_microblaze_design_i/mdm_1/U0/Ext_JTAG_UPDATE}] [get_cells -filter { PRIMITIVE_GROUP != I/O && IS_PRIMITIVE==1 && PRIMITIVE_LEVEL !=INTERNAL } -of_object [get_pins -filter {DIRECTION==IN} -of_objects [get_nets -hierarchical -filter {PARENT=="microblaze_design_i/mdm_1/U0/Ext_JTAG_UPDATE"}]]]
resize_pblock [get_pblocks {CLKAG_microblaze_design_i/mdm_1/U0/Ext_JTAG_UPDATE}] -add {CLOCKREGION_X0Y2:CLOCKREGION_X0Y2}
#endgroup

# Clock net "microblaze_design_i/mdm_1/U0/Ext_JTAG_DRCK" driven by instance "microblaze_design_i/mdm_1/U0/No_Dbg_Reg_Access.BUFG_DRCK" located at site "BUFGCTRL_X0Y1"
#startgroup
create_pblock {CLKAG_microblaze_design_i/mdm_1/U0/Ext_JTAG_DRCK}
add_cells_to_pblock [get_pblocks  {CLKAG_microblaze_design_i/mdm_1/U0/Ext_JTAG_DRCK}] [get_cells -filter { PRIMITIVE_GROUP != I/O && IS_PRIMITIVE==1 && PRIMITIVE_LEVEL !=INTERNAL } -of_object [get_pins -filter {DIRECTION==IN} -of_objects [get_nets -hierarchical -filter {PARENT=="microblaze_design_i/mdm_1/U0/Ext_JTAG_DRCK"}]]]
resize_pblock [get_pblocks {CLKAG_microblaze_design_i/mdm_1/U0/Ext_JTAG_DRCK}] -add {CLOCKREGION_X0Y1:CLOCKREGION_X0Y1 CLOCKREGION_X0Y2:CLOCKREGION_X0Y2}
#endgroup

# Clock net "microblaze_design_i/clk_wiz_1/inst/clk_out1" driven by instance "microblaze_design_i/clk_wiz_1/inst/clkout1_buf" located at site "BUFGCTRL_X0Y0"
#startgroup
create_pblock {CLKAG_microblaze_design_i/clk_wiz_1/inst/clk_out1}
add_cells_to_pblock [get_pblocks  {CLKAG_microblaze_design_i/clk_wiz_1/inst/clk_out1}] [get_cells -filter { PRIMITIVE_GROUP != I/O && IS_PRIMITIVE==1 && PRIMITIVE_LEVEL !=INTERNAL } -of_object [get_pins -filter {DIRECTION==IN} -of_objects [get_nets -hierarchical -filter {PARENT=="microblaze_design_i/clk_wiz_1/inst/clk_out1"}]]]
resize_pblock [get_pblocks {CLKAG_microblaze_design_i/clk_wiz_1/inst/clk_out1}] -add {CLOCKREGION_X0Y1:CLOCKREGION_X0Y1 CLOCKREGION_X0Y2:CLOCKREGION_X0Y2}
#endgroup
