

================================================================
== Vivado HLS Report for 'dct_write_data'
================================================================
* Date:           Mon Jun 13 11:45:33 2016

* Version:        2016.1 (Build 1538259 on Fri Apr 08 16:12:49 MDT 2016)
* Project:        dct_prj
* Solution:       solution6
* Product family: zynq
* Target device:  xc7z020clg484-1


================================================================
== Performance Estimates
================================================================
+ Timing (ns): 
    * Summary: 
    +--------+-------+----------+------------+
    |  Clock | Target| Estimated| Uncertainty|
    +--------+-------+----------+------------+
    |ap_clk  |  10.00|      7.68|        1.25|
    +--------+-------+----------+------------+

+ Latency (clock cycles): 
    * Summary: 
    +-----+-----+-----+-----+---------+
    |  Latency  |  Interval | Pipeline|
    | min | max | min | max |   Type  |
    +-----+-----+-----+-----+---------+
    |   66|   66|   66|   66|   none  |
    +-----+-----+-----+-----+---------+

    + Detail: 
        * Instance: 
        N/A

        * Loop: 
        +---------------------------+-----+-----+----------+-----------+-----------+------+----------+
        |                           |  Latency  | Iteration|  Initiation Interval  | Trip |          |
        |         Loop Name         | min | max |  Latency |  achieved |   target  | Count| Pipelined|
        +---------------------------+-----+-----+----------+-----------+-----------+------+----------+
        |- WR_Loop_Row_WR_Loop_Col  |   64|   64|         2|          1|          1|    64|    yes   |
        +---------------------------+-----+-----+----------+-----------+-----------+------+----------+

============================================================
+ Verbose Summary: Synthesis Manager
============================================================
InlineROM: 1
ExposeGlobal: 0
============================================================
+ Verbose Summary: CDFG Model
============================================================
IsTopModel: 0
ResetActiveHigh: 1
IsCombinational: 2
IsDatapathOnly: 0
HasWiredReturn: 1
HasMFsm: 0
HasVarLatency: 1
IsPipeline: 0
IsRtlPipelined: 0
IsInstanceOverlapped: 0
IsDontTouch: 0
HasImplIP: 0
IsGatedGlobalClock: 0

+ Individual pipeline summary: 
  * Pipeline-0: initiation interval (II) = 1, depth = 2


============================================================
+ Verbose Summary: Schedule
============================================================
* Number of FSM states: 4
* Pipeline: 1
  Pipeline-0: II = 1, D = 2, States = { 2 3 }
* Dataflow Pipeline: 0

* FSM state transitions: 
1 --> 
	2  / true
2 --> 
	4  / (exitcond_flatten)
	3  / (!exitcond_flatten)
3 --> 
	2  / true
4 --> 
* FSM state operations: 

 <State 1>: 1.57ns
ST_1: stg_5 [1/1] 1.57ns
:0  br label %1


 <State 2>: 7.68ns
ST_2: indvar_flatten [1/1] 0.00ns
:0  %indvar_flatten = phi i7 [ 0, %0 ], [ %indvar_flatten_next, %.reset ]

ST_2: r [1/1] 0.00ns
:1  %r = phi i4 [ 0, %0 ], [ %tmp_mid2_v, %.reset ]

ST_2: c [1/1] 0.00ns
:2  %c = phi i4 [ 0, %0 ], [ %c_1, %.reset ]

ST_2: exitcond_flatten [1/1] 1.97ns
:3  %exitcond_flatten = icmp eq i7 %indvar_flatten, -64

ST_2: indvar_flatten_next [1/1] 1.72ns
:4  %indvar_flatten_next = add i7 %indvar_flatten, 1

ST_2: stg_11 [1/1] 0.00ns
:5  br i1 %exitcond_flatten, label %2, label %.reset

ST_2: r_1 [1/1] 0.80ns
.reset:0  %r_1 = add i4 1, %r

ST_2: exitcond2 [1/1] 1.88ns
.reset:3  %exitcond2 = icmp eq i4 %c, -8

ST_2: c_mid2 [1/1] 1.37ns
.reset:4  %c_mid2 = select i1 %exitcond2, i4 0, i4 %c

ST_2: tmp_mid2_v [1/1] 1.37ns
.reset:5  %tmp_mid2_v = select i1 %exitcond2, i4 %r_1, i4 %r

ST_2: tmp [1/1] 0.00ns
.reset:6  %tmp = call i7 @_ssdm_op_BitConcatenate.i7.i4.i3(i4 %tmp_mid2_v, i3 0)

ST_2: tmp_1_cast [1/1] 0.00ns
.reset:7  %tmp_1_cast = zext i7 %tmp to i8

ST_2: tmp_1 [1/1] 0.00ns
.reset:8  %tmp_1 = trunc i4 %tmp_mid2_v to i3

ST_2: tmp_1_mid2 [1/1] 0.00ns
.reset:9  %tmp_1_mid2 = call i6 @_ssdm_op_BitConcatenate.i6.i3.i3(i3 %tmp_1, i3 0)

ST_2: c_cast6 [1/1] 0.00ns
.reset:10  %c_cast6 = zext i4 %c_mid2 to i6

ST_2: tmp_3_cast [1/1] 0.00ns
.reset:14  %tmp_3_cast = zext i4 %c_mid2 to i8

ST_2: tmp_7 [1/1] 1.72ns
.reset:15  %tmp_7 = add i8 %tmp_1_cast, %tmp_3_cast

ST_2: tmp_7_cast [1/1] 0.00ns
.reset:16  %tmp_7_cast = zext i8 %tmp_7 to i64

ST_2: buf_addr [1/1] 0.00ns
.reset:17  %buf_addr = getelementptr [64 x i16]* %buf, i64 0, i64 %tmp_7_cast

ST_2: buf_load [2/2] 2.71ns
.reset:18  %buf_load = load i16* %buf_addr, align 2

ST_2: tmp_4 [1/1] 1.72ns
.reset:19  %tmp_4 = add i6 %c_cast6, %tmp_1_mid2

ST_2: c_1 [1/1] 0.80ns
.reset:24  %c_1 = add i4 1, %c_mid2


 <State 3>: 5.42ns
ST_3: stg_28 [1/1] 0.00ns
.reset:1  call void (...)* @_ssdm_op_SpecLoopName([24 x i8]* @WR_Loop_Row_WR_Loop_Col_str)

ST_3: empty [1/1] 0.00ns
.reset:2  %empty = call i32 (...)* @_ssdm_op_SpecLoopTripCount(i64 64, i64 64, i64 64)

ST_3: stg_30 [1/1] 0.00ns
.reset:11  call void (...)* @_ssdm_op_SpecLoopName([12 x i8]* @p_str13) nounwind

ST_3: tmp_6 [1/1] 0.00ns
.reset:12  %tmp_6 = call i32 (...)* @_ssdm_op_SpecRegionBegin([12 x i8]* @p_str13)

ST_3: stg_32 [1/1] 0.00ns
.reset:13  call void (...)* @_ssdm_op_SpecPipeline(i32 -1, i32 1, i32 1, i32 0, [1 x i8]* @p_str1) nounwind

ST_3: buf_load [1/2] 2.71ns
.reset:18  %buf_load = load i16* %buf_addr, align 2

ST_3: tmp_5 [1/1] 0.00ns
.reset:20  %tmp_5 = zext i6 %tmp_4 to i64

ST_3: output_addr [1/1] 0.00ns
.reset:21  %output_addr = getelementptr [64 x i16]* %output, i64 0, i64 %tmp_5

ST_3: stg_36 [1/1] 2.71ns
.reset:22  store i16 %buf_load, i16* %output_addr, align 2

ST_3: empty_5 [1/1] 0.00ns
.reset:23  %empty_5 = call i32 (...)* @_ssdm_op_SpecRegionEnd([12 x i8]* @p_str13, i32 %tmp_6)

ST_3: stg_38 [1/1] 0.00ns
.reset:25  br label %1


 <State 4>: 0.00ns
ST_4: stg_39 [1/1] 0.00ns
:0  ret void



============================================================
+ Verbose Summary: Binding
============================================================
STG Binding: 
---------------- STG Properties BEGIN ----------------
- Is combinational: 0
- Is one-state seq: 0
- Is datapath-only: 0
- Is clock enabled: 0
- Is pipelined: 0
- Is top level: 0
Port [ Return ] is wired: 1; IO mode=ap_ctrl_hs:ce=0
Port [ buf_r]:  wired=1; compound=1; hidden=0; nouse=0; global=0; static=0; extern=0; dir=0; type=1; pingpong=1; private_global=0; MemPort=[13]; IO mode=ap_memory:ce=0
Port [ output_r]:  wired=1; compound=1; hidden=0; nouse=0; global=0; static=0; extern=0; dir=1; type=1; pingpong=0; private_global=0; MemPort=[03]; IO mode=ap_memory:ce=0
---------------- STG Properties END ------------------

---------------- Datapath Model BEGIN ----------------

<LifeTime>
<method=bitvector/>
stg_5               (br               ) [ 01110]
indvar_flatten      (phi              ) [ 00100]
r                   (phi              ) [ 00100]
c                   (phi              ) [ 00100]
exitcond_flatten    (icmp             ) [ 00110]
indvar_flatten_next (add              ) [ 01110]
stg_11              (br               ) [ 00000]
r_1                 (add              ) [ 00000]
exitcond2           (icmp             ) [ 00000]
c_mid2              (select           ) [ 00000]
tmp_mid2_v          (select           ) [ 01110]
tmp                 (bitconcatenate   ) [ 00000]
tmp_1_cast          (zext             ) [ 00000]
tmp_1               (trunc            ) [ 00000]
tmp_1_mid2          (bitconcatenate   ) [ 00000]
c_cast6             (zext             ) [ 00000]
tmp_3_cast          (zext             ) [ 00000]
tmp_7               (add              ) [ 00000]
tmp_7_cast          (zext             ) [ 00000]
buf_addr            (getelementptr    ) [ 00110]
tmp_4               (add              ) [ 00110]
c_1                 (add              ) [ 01110]
stg_28              (specloopname     ) [ 00000]
empty               (speclooptripcount) [ 00000]
stg_30              (specloopname     ) [ 00000]
tmp_6               (specregionbegin  ) [ 00000]
stg_32              (specpipeline     ) [ 00000]
buf_load            (load             ) [ 00000]
tmp_5               (zext             ) [ 00000]
output_addr         (getelementptr    ) [ 00000]
stg_36              (store            ) [ 00000]
empty_5             (specregionend    ) [ 00000]
stg_38              (br               ) [ 01110]
stg_39              (ret              ) [ 00000]
</LifeTime>

<model>

<comp_list>
<comp id="0" class="1000" name="buf_r">
<pin_list>
<pin id="1" dir="1" index="0" bw="1" slack="0"/>
</pin_list>
<bind>
<StgValue><ssdm name="buf_r"/><MemPortTyVec>1 3 </MemPortTyVec>
</StgValue>
</bind>
</comp>

<comp id="2" class="1000" name="output_r">
<pin_list>
<pin id="3" dir="1" index="0" bw="1" slack="0"/>
</pin_list>
<bind>
<StgValue><ssdm name="output_r"/><MemPortTyVec>0 3 </MemPortTyVec>
</StgValue>
</bind>
</comp>

<comp id="4" class="1001" name="const_4">
<pin_list>
<pin id="5" dir="1" index="0" bw="1" slack="1"/>
</pin_list>
<bind>
<StgValue><ssdm name=""/></StgValue>
</bind>
</comp>

<comp id="6" class="1001" name="const_6">
<pin_list>
<pin id="7" dir="1" index="0" bw="1" slack="0"/>
</pin_list>
<bind>
<StgValue><ssdm name=""/></StgValue>
</bind>
</comp>

<comp id="8" class="1001" name="const_8">
<pin_list>
<pin id="9" dir="1" index="0" bw="1" slack="0"/>
</pin_list>
<bind>
<StgValue><ssdm name=""/></StgValue>
</bind>
</comp>

<comp id="10" class="1001" name="const_10">
<pin_list>
<pin id="11" dir="1" index="0" bw="1" slack="0"/>
</pin_list>
<bind>
<StgValue><ssdm name=""/></StgValue>
</bind>
</comp>

<comp id="12" class="1001" name="const_12">
<pin_list>
<pin id="13" dir="1" index="0" bw="1" slack="0"/>
</pin_list>
<bind>
<StgValue><ssdm name=""/></StgValue>
</bind>
</comp>

<comp id="14" class="1001" name="const_14">
<pin_list>
<pin id="15" dir="1" index="0" bw="1" slack="0"/>
</pin_list>
<bind>
<StgValue><ssdm name=""/></StgValue>
</bind>
</comp>

<comp id="16" class="1001" name="const_16">
<pin_list>
<pin id="17" dir="1" index="0" bw="1" slack="0"/>
</pin_list>
<bind>
<StgValue><ssdm name="_ssdm_op_BitConcatenate.i7.i4.i3"/></StgValue>
</bind>
</comp>

<comp id="18" class="1001" name="const_18">
<pin_list>
<pin id="19" dir="1" index="0" bw="1" slack="0"/>
</pin_list>
<bind>
<StgValue><ssdm name=""/></StgValue>
</bind>
</comp>

<comp id="20" class="1001" name="const_20">
<pin_list>
<pin id="21" dir="1" index="0" bw="1" slack="0"/>
</pin_list>
<bind>
<StgValue><ssdm name="_ssdm_op_BitConcatenate.i6.i3.i3"/></StgValue>
</bind>
</comp>

<comp id="22" class="1001" name="const_22">
<pin_list>
<pin id="23" dir="1" index="0" bw="1" slack="0"/>
</pin_list>
<bind>
<StgValue><ssdm name=""/></StgValue>
</bind>
</comp>

<comp id="24" class="1001" name="const_24">
<pin_list>
<pin id="25" dir="1" index="0" bw="1" slack="2147483647"/>
</pin_list>
<bind>
<StgValue><ssdm name="_ssdm_op_SpecLoopName"/></StgValue>
</bind>
</comp>

<comp id="26" class="1001" name="const_26">
<pin_list>
<pin id="27" dir="1" index="0" bw="1" slack="2147483647"/>
</pin_list>
<bind>
<StgValue><ssdm name="WR_Loop_Row_WR_Loop_Col_str"/></StgValue>
</bind>
</comp>

<comp id="28" class="1001" name="const_28">
<pin_list>
<pin id="29" dir="1" index="0" bw="1" slack="2147483647"/>
</pin_list>
<bind>
<StgValue><ssdm name="_ssdm_op_SpecLoopTripCount"/></StgValue>
</bind>
</comp>

<comp id="30" class="1001" name="const_30">
<pin_list>
<pin id="31" dir="1" index="0" bw="1" slack="2147483647"/>
</pin_list>
<bind>
<StgValue><ssdm name=""/></StgValue>
</bind>
</comp>

<comp id="32" class="1001" name="const_32">
<pin_list>
<pin id="33" dir="1" index="0" bw="1" slack="2147483647"/>
</pin_list>
<bind>
<StgValue><ssdm name="p_str13"/></StgValue>
</bind>
</comp>

<comp id="34" class="1001" name="const_34">
<pin_list>
<pin id="35" dir="1" index="0" bw="1" slack="2147483647"/>
</pin_list>
<bind>
<StgValue><ssdm name="_ssdm_op_SpecRegionBegin"/></StgValue>
</bind>
</comp>

<comp id="36" class="1001" name="const_36">
<pin_list>
<pin id="37" dir="1" index="0" bw="1" slack="2147483647"/>
</pin_list>
<bind>
<StgValue><ssdm name="_ssdm_op_SpecPipeline"/></StgValue>
</bind>
</comp>

<comp id="38" class="1001" name="const_38">
<pin_list>
<pin id="39" dir="1" index="0" bw="1" slack="2147483647"/>
</pin_list>
<bind>
<StgValue><ssdm name=""/></StgValue>
</bind>
</comp>

<comp id="40" class="1001" name="const_40">
<pin_list>
<pin id="41" dir="1" index="0" bw="1" slack="2147483647"/>
</pin_list>
<bind>
<StgValue><ssdm name=""/></StgValue>
</bind>
</comp>

<comp id="42" class="1001" name="const_42">
<pin_list>
<pin id="43" dir="1" index="0" bw="1" slack="2147483647"/>
</pin_list>
<bind>
<StgValue><ssdm name=""/></StgValue>
</bind>
</comp>

<comp id="44" class="1001" name="const_44">
<pin_list>
<pin id="45" dir="1" index="0" bw="1" slack="2147483647"/>
</pin_list>
<bind>
<StgValue><ssdm name="p_str1"/></StgValue>
</bind>
</comp>

<comp id="46" class="1001" name="const_46">
<pin_list>
<pin id="47" dir="1" index="0" bw="1" slack="2147483647"/>
</pin_list>
<bind>
<StgValue><ssdm name="_ssdm_op_SpecRegionEnd"/></StgValue>
</bind>
</comp>

<comp id="48" class="1004" name="buf_addr_gep_fu_48">
<pin_list>
<pin id="49" dir="0" index="0" bw="16" slack="0"/>
<pin id="50" dir="0" index="1" bw="1" slack="0"/>
<pin id="51" dir="0" index="2" bw="8" slack="0"/>
<pin id="52" dir="1" index="3" bw="6" slack="0"/>
</pin_list>
<bind>
<opcode="getelementptr(29) " fcode="getelementptr"/>
<opset="buf_addr/2 "/>
</bind>
</comp>

<comp id="55" class="1004" name="grp_access_fu_55">
<pin_list>
<pin id="56" dir="0" index="0" bw="6" slack="0"/>
<pin id="57" dir="0" index="1" bw="16" slack="2147483647"/>
<pin id="58" dir="1" index="2" bw="16" slack="0"/>
</pin_list>
<bind>
<opcode="load(27) " fcode="load"/>
<opset="buf_load/2 "/>
</bind>
</comp>

<comp id="60" class="1004" name="output_addr_gep_fu_60">
<pin_list>
<pin id="61" dir="0" index="0" bw="16" slack="0"/>
<pin id="62" dir="0" index="1" bw="1" slack="0"/>
<pin id="63" dir="0" index="2" bw="6" slack="0"/>
<pin id="64" dir="1" index="3" bw="6" slack="0"/>
</pin_list>
<bind>
<opcode="getelementptr(29) " fcode="getelementptr"/>
<opset="output_addr/3 "/>
</bind>
</comp>

<comp id="67" class="1004" name="stg_36_access_fu_67">
<pin_list>
<pin id="68" dir="0" index="0" bw="6" slack="0"/>
<pin id="69" dir="0" index="1" bw="16" slack="0"/>
<pin id="70" dir="1" index="2" bw="16" slack="2147483647"/>
</pin_list>
<bind>
<opcode="store(28) " fcode="store"/>
<opset="stg_36/3 "/>
</bind>
</comp>

<comp id="73" class="1005" name="indvar_flatten_reg_73">
<pin_list>
<pin id="74" dir="0" index="0" bw="7" slack="1"/>
<pin id="75" dir="1" index="1" bw="7" slack="1"/>
</pin_list>
<bind>
<opset="indvar_flatten (phireg) "/>
</bind>
</comp>

<comp id="77" class="1004" name="indvar_flatten_phi_fu_77">
<pin_list>
<pin id="78" dir="0" index="0" bw="1" slack="1"/>
<pin id="79" dir="0" index="1" bw="0" slack="2147483647"/>
<pin id="80" dir="0" index="2" bw="7" slack="0"/>
<pin id="81" dir="0" index="3" bw="0" slack="2147483647"/>
<pin id="82" dir="1" index="4" bw="7" slack="0"/>
</pin_list>
<bind>
<opcode="phi(47) " fcode="phi"/>
<opset="indvar_flatten/2 "/>
</bind>
</comp>

<comp id="84" class="1005" name="r_reg_84">
<pin_list>
<pin id="85" dir="0" index="0" bw="4" slack="1"/>
<pin id="86" dir="1" index="1" bw="4" slack="1"/>
</pin_list>
<bind>
<opset="r (phireg) "/>
</bind>
</comp>

<comp id="88" class="1004" name="r_phi_fu_88">
<pin_list>
<pin id="89" dir="0" index="0" bw="1" slack="1"/>
<pin id="90" dir="0" index="1" bw="0" slack="2147483647"/>
<pin id="91" dir="0" index="2" bw="4" slack="0"/>
<pin id="92" dir="0" index="3" bw="0" slack="2147483647"/>
<pin id="93" dir="1" index="4" bw="4" slack="0"/>
</pin_list>
<bind>
<opcode="phi(47) " fcode="phi"/>
<opset="r/2 "/>
</bind>
</comp>

<comp id="95" class="1005" name="c_reg_95">
<pin_list>
<pin id="96" dir="0" index="0" bw="4" slack="1"/>
<pin id="97" dir="1" index="1" bw="4" slack="1"/>
</pin_list>
<bind>
<opset="c (phireg) "/>
</bind>
</comp>

<comp id="99" class="1004" name="c_phi_fu_99">
<pin_list>
<pin id="100" dir="0" index="0" bw="1" slack="1"/>
<pin id="101" dir="0" index="1" bw="0" slack="2147483647"/>
<pin id="102" dir="0" index="2" bw="4" slack="0"/>
<pin id="103" dir="0" index="3" bw="0" slack="2147483647"/>
<pin id="104" dir="1" index="4" bw="4" slack="0"/>
</pin_list>
<bind>
<opcode="phi(47) " fcode="phi"/>
<opset="c/2 "/>
</bind>
</comp>

<comp id="106" class="1004" name="exitcond_flatten_fu_106">
<pin_list>
<pin id="107" dir="0" index="0" bw="7" slack="0"/>
<pin id="108" dir="0" index="1" bw="7" slack="0"/>
<pin id="109" dir="1" index="2" bw="1" slack="1"/>
</pin_list>
<bind>
<opcode="icmp(45) " fcode="icmp"/>
<opset="exitcond_flatten/2 "/>
</bind>
</comp>

<comp id="112" class="1004" name="indvar_flatten_next_fu_112">
<pin_list>
<pin id="113" dir="0" index="0" bw="7" slack="0"/>
<pin id="114" dir="0" index="1" bw="1" slack="0"/>
<pin id="115" dir="1" index="2" bw="7" slack="0"/>
</pin_list>
<bind>
<opcode="add(8) " fcode="add"/>
<opset="indvar_flatten_next/2 "/>
</bind>
</comp>

<comp id="118" class="1004" name="r_1_fu_118">
<pin_list>
<pin id="119" dir="0" index="0" bw="1" slack="0"/>
<pin id="120" dir="0" index="1" bw="4" slack="0"/>
<pin id="121" dir="1" index="2" bw="4" slack="0"/>
</pin_list>
<bind>
<opcode="add(8) " fcode="add"/>
<opset="r_1/2 "/>
</bind>
</comp>

<comp id="124" class="1004" name="exitcond2_fu_124">
<pin_list>
<pin id="125" dir="0" index="0" bw="4" slack="0"/>
<pin id="126" dir="0" index="1" bw="4" slack="0"/>
<pin id="127" dir="1" index="2" bw="1" slack="0"/>
</pin_list>
<bind>
<opcode="icmp(45) " fcode="icmp"/>
<opset="exitcond2/2 "/>
</bind>
</comp>

<comp id="130" class="1004" name="c_mid2_fu_130">
<pin_list>
<pin id="131" dir="0" index="0" bw="1" slack="0"/>
<pin id="132" dir="0" index="1" bw="1" slack="0"/>
<pin id="133" dir="0" index="2" bw="4" slack="0"/>
<pin id="134" dir="1" index="3" bw="4" slack="0"/>
</pin_list>
<bind>
<opcode="select(49) " fcode="select"/>
<opset="c_mid2/2 "/>
</bind>
</comp>

<comp id="138" class="1004" name="tmp_mid2_v_fu_138">
<pin_list>
<pin id="139" dir="0" index="0" bw="1" slack="0"/>
<pin id="140" dir="0" index="1" bw="4" slack="0"/>
<pin id="141" dir="0" index="2" bw="4" slack="0"/>
<pin id="142" dir="1" index="3" bw="4" slack="0"/>
</pin_list>
<bind>
<opcode="select(49) " fcode="select"/>
<opset="tmp_mid2_v/2 "/>
</bind>
</comp>

<comp id="146" class="1004" name="tmp_fu_146">
<pin_list>
<pin id="147" dir="0" index="0" bw="7" slack="0"/>
<pin id="148" dir="0" index="1" bw="4" slack="0"/>
<pin id="149" dir="0" index="2" bw="1" slack="0"/>
<pin id="150" dir="1" index="3" bw="7" slack="0"/>
</pin_list>
<bind>
<opcode="bitconcatenate(1004) " fcode="bitconcatenate"/>
<opset="tmp/2 "/>
</bind>
</comp>

<comp id="154" class="1004" name="tmp_1_cast_fu_154">
<pin_list>
<pin id="155" dir="0" index="0" bw="7" slack="0"/>
<pin id="156" dir="1" index="1" bw="8" slack="0"/>
</pin_list>
<bind>
<opcode="zext(34) " fcode="zext"/>
<opset="tmp_1_cast/2 "/>
</bind>
</comp>

<comp id="158" class="1004" name="tmp_1_fu_158">
<pin_list>
<pin id="159" dir="0" index="0" bw="4" slack="0"/>
<pin id="160" dir="1" index="1" bw="3" slack="0"/>
</pin_list>
<bind>
<opcode="trunc(33) " fcode="trunc"/>
<opset="tmp_1/2 "/>
</bind>
</comp>

<comp id="162" class="1004" name="tmp_1_mid2_fu_162">
<pin_list>
<pin id="163" dir="0" index="0" bw="6" slack="0"/>
<pin id="164" dir="0" index="1" bw="3" slack="0"/>
<pin id="165" dir="0" index="2" bw="1" slack="0"/>
<pin id="166" dir="1" index="3" bw="6" slack="0"/>
</pin_list>
<bind>
<opcode="bitconcatenate(1004) " fcode="bitconcatenate"/>
<opset="tmp_1_mid2/2 "/>
</bind>
</comp>

<comp id="170" class="1004" name="c_cast6_fu_170">
<pin_list>
<pin id="171" dir="0" index="0" bw="4" slack="0"/>
<pin id="172" dir="1" index="1" bw="6" slack="0"/>
</pin_list>
<bind>
<opcode="zext(34) " fcode="zext"/>
<opset="c_cast6/2 "/>
</bind>
</comp>

<comp id="174" class="1004" name="tmp_3_cast_fu_174">
<pin_list>
<pin id="175" dir="0" index="0" bw="4" slack="0"/>
<pin id="176" dir="1" index="1" bw="8" slack="0"/>
</pin_list>
<bind>
<opcode="zext(34) " fcode="zext"/>
<opset="tmp_3_cast/2 "/>
</bind>
</comp>

<comp id="178" class="1004" name="tmp_7_fu_178">
<pin_list>
<pin id="179" dir="0" index="0" bw="7" slack="0"/>
<pin id="180" dir="0" index="1" bw="4" slack="0"/>
<pin id="181" dir="1" index="2" bw="8" slack="0"/>
</pin_list>
<bind>
<opcode="add(8) " fcode="add"/>
<opset="tmp_7/2 "/>
</bind>
</comp>

<comp id="184" class="1004" name="tmp_7_cast_fu_184">
<pin_list>
<pin id="185" dir="0" index="0" bw="8" slack="0"/>
<pin id="186" dir="1" index="1" bw="64" slack="0"/>
</pin_list>
<bind>
<opcode="zext(34) " fcode="zext"/>
<opset="tmp_7_cast/2 "/>
</bind>
</comp>

<comp id="189" class="1004" name="tmp_4_fu_189">
<pin_list>
<pin id="190" dir="0" index="0" bw="4" slack="0"/>
<pin id="191" dir="0" index="1" bw="6" slack="0"/>
<pin id="192" dir="1" index="2" bw="6" slack="1"/>
</pin_list>
<bind>
<opcode="add(8) " fcode="add"/>
<opset="tmp_4/2 "/>
</bind>
</comp>

<comp id="195" class="1004" name="c_1_fu_195">
<pin_list>
<pin id="196" dir="0" index="0" bw="1" slack="0"/>
<pin id="197" dir="0" index="1" bw="4" slack="0"/>
<pin id="198" dir="1" index="2" bw="4" slack="0"/>
</pin_list>
<bind>
<opcode="add(8) " fcode="add"/>
<opset="c_1/2 "/>
</bind>
</comp>

<comp id="201" class="1004" name="tmp_5_fu_201">
<pin_list>
<pin id="202" dir="0" index="0" bw="6" slack="1"/>
<pin id="203" dir="1" index="1" bw="64" slack="0"/>
</pin_list>
<bind>
<opcode="zext(34) " fcode="zext"/>
<opset="tmp_5/3 "/>
</bind>
</comp>

<comp id="205" class="1005" name="exitcond_flatten_reg_205">
<pin_list>
<pin id="206" dir="0" index="0" bw="1" slack="1"/>
<pin id="207" dir="1" index="1" bw="1" slack="2147483647"/>
</pin_list>
<bind>
<opset="exitcond_flatten "/>
</bind>
</comp>

<comp id="209" class="1005" name="indvar_flatten_next_reg_209">
<pin_list>
<pin id="210" dir="0" index="0" bw="7" slack="0"/>
<pin id="211" dir="1" index="1" bw="7" slack="0"/>
</pin_list>
<bind>
<opset="indvar_flatten_next "/>
</bind>
</comp>

<comp id="214" class="1005" name="tmp_mid2_v_reg_214">
<pin_list>
<pin id="215" dir="0" index="0" bw="4" slack="0"/>
<pin id="216" dir="1" index="1" bw="4" slack="0"/>
</pin_list>
<bind>
<opset="tmp_mid2_v "/>
</bind>
</comp>

<comp id="219" class="1005" name="buf_addr_reg_219">
<pin_list>
<pin id="220" dir="0" index="0" bw="6" slack="1"/>
<pin id="221" dir="1" index="1" bw="6" slack="1"/>
</pin_list>
<bind>
<opset="buf_addr "/>
</bind>
</comp>

<comp id="224" class="1005" name="tmp_4_reg_224">
<pin_list>
<pin id="225" dir="0" index="0" bw="6" slack="1"/>
<pin id="226" dir="1" index="1" bw="6" slack="1"/>
</pin_list>
<bind>
<opset="tmp_4 "/>
</bind>
</comp>

<comp id="229" class="1005" name="c_1_reg_229">
<pin_list>
<pin id="230" dir="0" index="0" bw="4" slack="0"/>
<pin id="231" dir="1" index="1" bw="4" slack="0"/>
</pin_list>
<bind>
<opset="c_1 "/>
</bind>
</comp>

</comp_list>

<net_list>
<net id="53"><net_src comp="0" pin="0"/><net_sink comp="48" pin=0"/></net>

<net id="54"><net_src comp="22" pin="0"/><net_sink comp="48" pin=1"/></net>

<net id="59"><net_src comp="48" pin="3"/><net_sink comp="55" pin=0"/></net>

<net id="65"><net_src comp="2" pin="0"/><net_sink comp="60" pin=0"/></net>

<net id="66"><net_src comp="22" pin="0"/><net_sink comp="60" pin=1"/></net>

<net id="71"><net_src comp="55" pin="2"/><net_sink comp="67" pin=1"/></net>

<net id="72"><net_src comp="60" pin="3"/><net_sink comp="67" pin=0"/></net>

<net id="76"><net_src comp="4" pin="0"/><net_sink comp="73" pin=0"/></net>

<net id="83"><net_src comp="73" pin="1"/><net_sink comp="77" pin=0"/></net>

<net id="87"><net_src comp="6" pin="0"/><net_sink comp="84" pin=0"/></net>

<net id="94"><net_src comp="84" pin="1"/><net_sink comp="88" pin=0"/></net>

<net id="98"><net_src comp="6" pin="0"/><net_sink comp="95" pin=0"/></net>

<net id="105"><net_src comp="95" pin="1"/><net_sink comp="99" pin=0"/></net>

<net id="110"><net_src comp="77" pin="4"/><net_sink comp="106" pin=0"/></net>

<net id="111"><net_src comp="8" pin="0"/><net_sink comp="106" pin=1"/></net>

<net id="116"><net_src comp="77" pin="4"/><net_sink comp="112" pin=0"/></net>

<net id="117"><net_src comp="10" pin="0"/><net_sink comp="112" pin=1"/></net>

<net id="122"><net_src comp="12" pin="0"/><net_sink comp="118" pin=0"/></net>

<net id="123"><net_src comp="88" pin="4"/><net_sink comp="118" pin=1"/></net>

<net id="128"><net_src comp="99" pin="4"/><net_sink comp="124" pin=0"/></net>

<net id="129"><net_src comp="14" pin="0"/><net_sink comp="124" pin=1"/></net>

<net id="135"><net_src comp="124" pin="2"/><net_sink comp="130" pin=0"/></net>

<net id="136"><net_src comp="6" pin="0"/><net_sink comp="130" pin=1"/></net>

<net id="137"><net_src comp="99" pin="4"/><net_sink comp="130" pin=2"/></net>

<net id="143"><net_src comp="124" pin="2"/><net_sink comp="138" pin=0"/></net>

<net id="144"><net_src comp="118" pin="2"/><net_sink comp="138" pin=1"/></net>

<net id="145"><net_src comp="88" pin="4"/><net_sink comp="138" pin=2"/></net>

<net id="151"><net_src comp="16" pin="0"/><net_sink comp="146" pin=0"/></net>

<net id="152"><net_src comp="138" pin="3"/><net_sink comp="146" pin=1"/></net>

<net id="153"><net_src comp="18" pin="0"/><net_sink comp="146" pin=2"/></net>

<net id="157"><net_src comp="146" pin="3"/><net_sink comp="154" pin=0"/></net>

<net id="161"><net_src comp="138" pin="3"/><net_sink comp="158" pin=0"/></net>

<net id="167"><net_src comp="20" pin="0"/><net_sink comp="162" pin=0"/></net>

<net id="168"><net_src comp="158" pin="1"/><net_sink comp="162" pin=1"/></net>

<net id="169"><net_src comp="18" pin="0"/><net_sink comp="162" pin=2"/></net>

<net id="173"><net_src comp="130" pin="3"/><net_sink comp="170" pin=0"/></net>

<net id="177"><net_src comp="130" pin="3"/><net_sink comp="174" pin=0"/></net>

<net id="182"><net_src comp="154" pin="1"/><net_sink comp="178" pin=0"/></net>

<net id="183"><net_src comp="174" pin="1"/><net_sink comp="178" pin=1"/></net>

<net id="187"><net_src comp="178" pin="2"/><net_sink comp="184" pin=0"/></net>

<net id="188"><net_src comp="184" pin="1"/><net_sink comp="48" pin=2"/></net>

<net id="193"><net_src comp="170" pin="1"/><net_sink comp="189" pin=0"/></net>

<net id="194"><net_src comp="162" pin="3"/><net_sink comp="189" pin=1"/></net>

<net id="199"><net_src comp="12" pin="0"/><net_sink comp="195" pin=0"/></net>

<net id="200"><net_src comp="130" pin="3"/><net_sink comp="195" pin=1"/></net>

<net id="204"><net_src comp="201" pin="1"/><net_sink comp="60" pin=2"/></net>

<net id="208"><net_src comp="106" pin="2"/><net_sink comp="205" pin=0"/></net>

<net id="212"><net_src comp="112" pin="2"/><net_sink comp="209" pin=0"/></net>

<net id="213"><net_src comp="209" pin="1"/><net_sink comp="77" pin=2"/></net>

<net id="217"><net_src comp="138" pin="3"/><net_sink comp="214" pin=0"/></net>

<net id="218"><net_src comp="214" pin="1"/><net_sink comp="88" pin=2"/></net>

<net id="222"><net_src comp="48" pin="3"/><net_sink comp="219" pin=0"/></net>

<net id="223"><net_src comp="219" pin="1"/><net_sink comp="55" pin=0"/></net>

<net id="227"><net_src comp="189" pin="2"/><net_sink comp="224" pin=0"/></net>

<net id="228"><net_src comp="224" pin="1"/><net_sink comp="201" pin=0"/></net>

<net id="232"><net_src comp="195" pin="2"/><net_sink comp="229" pin=0"/></net>

<net id="233"><net_src comp="229" pin="1"/><net_sink comp="99" pin=2"/></net>

</net_list>

</model> 
---------------- Datapath Model END ------------------

* FSMD analyzer results:
  - Output states:
	Port: output_r | {3 }
 - Input state : 
	Port: dct_write_data : buf_r | {2 3 }
  - Chain level:
	State 1
	State 2
		exitcond_flatten : 1
		indvar_flatten_next : 1
		stg_11 : 2
		r_1 : 1
		exitcond2 : 1
		c_mid2 : 2
		tmp_mid2_v : 2
		tmp : 3
		tmp_1_cast : 4
		tmp_1 : 3
		tmp_1_mid2 : 4
		c_cast6 : 3
		tmp_3_cast : 3
		tmp_7 : 5
		tmp_7_cast : 6
		buf_addr : 7
		buf_load : 8
		tmp_4 : 5
		c_1 : 3
	State 3
		output_addr : 1
		stg_36 : 2
		empty_5 : 1
	State 4


============================================================
+ Verbose Summary: Datapath Resource usage 
============================================================

* Functional unit list:
|----------|----------------------------|---------|---------|
| Operation|       Functional Unit      |    FF   |   LUT   |
|----------|----------------------------|---------|---------|
|          | indvar_flatten_next_fu_112 |    0    |    7    |
|          |         r_1_fu_118         |    0    |    4    |
|    add   |        tmp_7_fu_178        |    0    |    7    |
|          |        tmp_4_fu_189        |    0    |    6    |
|          |         c_1_fu_195         |    0    |    4    |
|----------|----------------------------|---------|---------|
|  select  |        c_mid2_fu_130       |    0    |    4    |
|          |      tmp_mid2_v_fu_138     |    0    |    4    |
|----------|----------------------------|---------|---------|
|   icmp   |   exitcond_flatten_fu_106  |    0    |    3    |
|          |      exitcond2_fu_124      |    0    |    2    |
|----------|----------------------------|---------|---------|
|bitconcatenate|         tmp_fu_146         |    0    |    0    |
|          |      tmp_1_mid2_fu_162     |    0    |    0    |
|----------|----------------------------|---------|---------|
|          |      tmp_1_cast_fu_154     |    0    |    0    |
|          |       c_cast6_fu_170       |    0    |    0    |
|   zext   |      tmp_3_cast_fu_174     |    0    |    0    |
|          |      tmp_7_cast_fu_184     |    0    |    0    |
|          |        tmp_5_fu_201        |    0    |    0    |
|----------|----------------------------|---------|---------|
|   trunc  |        tmp_1_fu_158        |    0    |    0    |
|----------|----------------------------|---------|---------|
|   Total  |                            |    0    |    41   |
|----------|----------------------------|---------|---------|

Memories:
N/A

* Register list:
+---------------------------+--------+
|                           |   FF   |
+---------------------------+--------+
|      buf_addr_reg_219     |    6   |
|        c_1_reg_229        |    4   |
|          c_reg_95         |    4   |
|  exitcond_flatten_reg_205 |    1   |
|indvar_flatten_next_reg_209|    7   |
|   indvar_flatten_reg_73   |    7   |
|          r_reg_84         |    4   |
|       tmp_4_reg_224       |    6   |
|     tmp_mid2_v_reg_214    |    4   |
+---------------------------+--------+
|           Total           |   43   |
+---------------------------+--------+

* Multiplexer (MUX) list: 
|------------------|------|------|------|--------||---------||---------|
|       Comp       |  Pin | Size |  BW  | S x BW ||  Delay  ||   LUT   |
|------------------|------|------|------|--------||---------||---------|
| grp_access_fu_55 |  p0  |   2  |   6  |   12   ||    6    |
|------------------|------|------|------|--------||---------||---------|
|       Total      |      |      |      |   12   ||  1.571  ||    6    |
|------------------|------|------|------|--------||---------||---------|



* Summary:
+-----------+--------+--------+--------+
|           |  Delay |   FF   |   LUT  |
+-----------+--------+--------+--------+
|  Function |    -   |    0   |   41   |
|   Memory  |    -   |    -   |    -   |
|Multiplexer|    1   |    -   |    6   |
|  Register |    -   |   43   |    -   |
+-----------+--------+--------+--------+
|   Total   |    1   |   43   |   47   |
+-----------+--------+--------+--------+
