@I [HLS-0] Workspace C:/training/hls/labs/improve_area/dct_prj/solution3 opened at Mon Jun 13 09:16:41 +0530 2016
@I [HLS-100] Command "config_clock -quiet -name default -period 10 -default=false "
@I [SYN-201] Setting up clock 'default' with a period of 10ns.
@I [HLS-100] Command 'config_clock' returned 0; elapsed 0Total elapsed time: 1.685 sec.
@I [HLS-100] Command "open_platform DefaultPlatform "
@I [HLS-100] Command 'open_platform' returned 0; elapsed 0Total elapsed time: 1.686 sec.
@I [HLS-100] Command "import_lib C:/Xilinx/Vivado_HLS/2016.1/common/technology/xilinx/zynq/zynq "
@I [HLS-100] Command "source C:/Xilinx/Vivado_HLS/2016.1/common/technology/xilinx/common/xilinx.lib "
@I [HLS-100] Command "source C:/Xilinx/Vivado_HLS/2016.1/common/technology/xilinx/interface/xilinx_interface.lib "
@I [HLS-100] Command "source C:/Xilinx/Vivado_HLS/2016.1/common/technology/xilinx/interface/plb46.lib "
@I [HLS-100] Command 'ap_source' returned 0; elapsed 0.004Total elapsed time: 1.705 sec.
@I [HLS-100] Command "source C:/Xilinx/Vivado_HLS/2016.1/common/technology/xilinx/interface/fsl.lib "
@I [HLS-100] Command 'ap_source' returned 0; elapsed 0.004Total elapsed time: 1.710 sec.
@I [HLS-100] Command "source C:/Xilinx/Vivado_HLS/2016.1/common/technology/xilinx/interface/axi4.lib "
@I [HLS-100] Command 'ap_source' returned 0; elapsed 0.004Total elapsed time: 1.715 sec.
@I [HLS-100] Command "source C:/Xilinx/Vivado_HLS/2016.1/common/technology/xilinx/interface/maxi.lib "
@I [HLS-100] Command 'ap_source' returned 0; elapsed 0.003Total elapsed time: 1.719 sec.
@I [HLS-100] Command "source C:/Xilinx/Vivado_HLS/2016.1/common/technology/xilinx/interface/saxilite.lib "
@I [HLS-100] Command 'ap_source' returned 0; elapsed 0.004Total elapsed time: 1.724 sec.
@I [HLS-100] Command 'ap_source' returned 0; elapsed 0.027Total elapsed time: 1.724 sec.
@I [HLS-100] Command "source C:/Xilinx/Vivado_HLS/2016.1/common/technology/xilinx/common/dsp48.lib "
@I [HLS-100] Command 'ap_source' returned 0; elapsed 0.005Total elapsed time: 1.730 sec.
@I [HLS-100] Command "source C:/Xilinx/Vivado_HLS/2016.1/common/technology/xilinx/ip/dds_compiler.lib "
@I [HLS-100] Command 'ap_source' returned 0; elapsed 0.004Total elapsed time: 1.735 sec.
@I [HLS-100] Command "source C:/Xilinx/Vivado_HLS/2016.1/common/technology/xilinx/ip/xfft.lib "
@I [HLS-100] Command 'ap_source' returned 0; elapsed 0.004Total elapsed time: 1.740 sec.
@I [HLS-100] Command "source C:/Xilinx/Vivado_HLS/2016.1/common/technology/xilinx/ip/xfir.lib "
@I [HLS-100] Command 'ap_source' returned 0; elapsed 0.004Total elapsed time: 1.745 sec.
@I [HLS-100] Command 'ap_source' returned 0; elapsed 0.055Total elapsed time: 1.747 sec.
@I [HLS-100] Command "source C:/Xilinx/Vivado_HLS/2016.1/common/technology/xilinx/common/xilinx_old.lib "
@I [HLS-100] Command 'ap_source' returned 0; elapsed 0.006Total elapsed time: 1.754 sec.
@I [HLS-100] Command "source C:/Xilinx/Vivado_HLS/2016.1/common/technology/xilinx/common/xilinx_vivado.lib "
@I [HLS-100] Command 'ap_source' returned 0; elapsed 0.005Total elapsed time: 1.759 sec.
@I [HLS-100] Command "source C:/Xilinx/Vivado_HLS/2016.1/common/technology/xilinx/common/xilinx.hlp "
@I [HLS-100] Command "source C:/Xilinx/Vivado_HLS/2016.1/common/technology/xilinx/common/target_info.tcl "
@I [HLS-100] Command 'ap_source' returned 0; elapsed 0.006Total elapsed time: 1.781 sec.
@I [HLS-100] Command "source C:/Xilinx/Vivado_HLS/2016.1/common/technology/xilinx/interface/xilinx_interface.hlp "
@I [HLS-100] Command "source C:/Xilinx/Vivado_HLS/2016.1/common/technology/xilinx/interface/maxi.hlp "
@I [HLS-100] Command 'ap_source' returned 0; elapsed 0.004Total elapsed time: 1.790 sec.
@I [HLS-100] Command "source C:/Xilinx/Vivado_HLS/2016.1/common/technology/xilinx/interface/saxilite.hlp "
@I [HLS-100] Command 'ap_source' returned 0; elapsed 0.003Total elapsed time: 1.794 sec.
@I [HLS-100] Command 'ap_source' returned 0; elapsed 0.013Total elapsed time: 1.795 sec.
@I [HLS-100] Command "source C:/Xilinx/Vivado_HLS/2016.1/common/technology/xilinx/common/dsp48.hlp "
@I [HLS-100] Command 'ap_source' returned 0; elapsed 0.006Total elapsed time: 1.801 sec.
@I [HLS-100] Command 'ap_source' returned 0; elapsed 0.034Total elapsed time: 1.802 sec.
@I [HLS-100] Command "source C:/Xilinx/Vivado_HLS/2016.1/common/technology/xilinx/zynq/dsp48e1.hlp "
@I [HLS-100] Command 'ap_source' returned 0; elapsed 0.003Total elapsed time: 1.805 sec.
@I [HLS-100] Command "get_default_platform "
@I [HLS-100] Command 'get_default_platform' returned 0; elapsed 0Total elapsed time: 1.806 sec.
@I [HLS-100] Command "config_chip_info -quiet -resource  {SLICE 13300}  {LUT 53200}     {FF 106400} {DSP48E 220}   {BRAM 280}  "
@I [HLS-100] Command 'config_chip_info' returned 0; elapsed 0Total elapsed time: 1.807 sec.
@I [HLS-100] Command "config_chip_info -quiet -speed medium "
@I [HLS-100] Command 'config_chip_info' returned 0; elapsed 0Total elapsed time: 1.807 sec.
@I [HLS-100] Command 'import_lib' returned 0; elapsed 0.122Total elapsed time: 1.809 sec.
@I [HLS-100] Command "source C:/Xilinx/Vivado_HLS/2016.1/common/technology/xilinx/zynq/zynq.gen "
@I [HLS-100] Command "source C:/Xilinx/Vivado_HLS/2016.1/common/technology/xilinx/common/virtex.gen "
@I [HLS-100] Command "source C:/Xilinx/Vivado_HLS/2016.1/common/technology/xilinx/common/xilinx.gen "
@I [HLS-100] Command "source C:/Xilinx/Vivado_HLS/2016.1/common/technology/xilinx/interface/plb46.gen "
@I [HLS-100] Command 'ap_source' returned 0; elapsed 0.007Total elapsed time: 1.831 sec.
@I [HLS-100] Command "source C:/Xilinx/Vivado_HLS/2016.1/common/technology/xilinx/interface/fsl.gen "
@I [HLS-100] Command 'ap_source' returned 0; elapsed 0.006Total elapsed time: 1.838 sec.
@I [HLS-100] Command "source C:/Xilinx/Vivado_HLS/2016.1/common/technology/xilinx/interface/axi4.gen "
@I [HLS-100] Command 'ap_source' returned 0; elapsed 0.008Total elapsed time: 1.847 sec.
@I [HLS-100] Command "source C:/Xilinx/Vivado_HLS/2016.1/common/technology/xilinx/interface/nativeAXI4.gen "
@I [HLS-100] Command "source C:/Xilinx/Vivado_HLS/2016.1/common/technology/xilinx/interface/saxilite.gen "
@I [HLS-100] Command 'ap_source' returned 0; elapsed 0.009Total elapsed time: 1.861 sec.
@I [HLS-100] Command "source C:/Xilinx/Vivado_HLS/2016.1/common/technology/xilinx/interface/maxi.gen "
@I [HLS-100] Command 'ap_source' returned 0; elapsed 0.014Total elapsed time: 1.876 sec.
@I [HLS-100] Command 'ap_source' returned 0; elapsed 0.028Total elapsed time: 1.876 sec.
@I [HLS-100] Command "source C:/Xilinx/Vivado_HLS/2016.1/common/technology/xilinx/scripts/xilinxcoregen.gen "
@I [HLS-100] Command 'ap_source' returned 0; elapsed 0.017Total elapsed time: 1.893 sec.
@I [HLS-100] Command "source C:/Xilinx/Vivado_HLS/2016.1/common/technology/xilinx/interface/XilEDKCoreGen.gen "
@I [HLS-100] Command 'ap_source' returned 0; elapsed 0.014Total elapsed time: 1.908 sec.
@I [HLS-100] Command "source C:/Xilinx/Vivado_HLS/2016.1/common/technology/xilinx/ip/dds_compiler.gen "
@I [HLS-100] Command 'ap_source' returned 0; elapsed 0.008Total elapsed time: 1.917 sec.
@I [HLS-100] Command "source C:/Xilinx/Vivado_HLS/2016.1/common/technology/xilinx/ip/util.gen "
@I [HLS-100] Command 'ap_source' returned 0; elapsed 0.005Total elapsed time: 1.922 sec.
@I [HLS-100] Command "source C:/Xilinx/Vivado_HLS/2016.1/common/technology/xilinx/ip/xfft.gen "
@I [HLS-100] Command 'ap_source' returned 0; elapsed 0.135Total elapsed time: 2.57 sec.
@I [HLS-100] Command "source C:/Xilinx/Vivado_HLS/2016.1/common/technology/xilinx/ip/xfir.gen "
@I [HLS-100] Command 'ap_source' returned 0; elapsed 0.006Total elapsed time: 2.64 sec.
@I [HLS-100] Command 'ap_source' returned 0; elapsed 0.244Total elapsed time: 2.64 sec.
@I [HLS-100] Command "source C:/Xilinx/Vivado_HLS/2016.1/common/technology/xilinx/common/dsp48.gen "
@I [HLS-100] Command 'ap_source' returned 0; elapsed 0.006Total elapsed time: 2.71 sec.
@I [HLS-100] Command 'ap_source' returned 0; elapsed 0.259Total elapsed time: 2.72 sec.
@I [HLS-100] Command 'ap_source' returned 0; elapsed 0.262Total elapsed time: 2.72 sec.
@I [HLS-100] Command "open_platform DefaultPlatform "
@I [HLS-100] Command 'open_platform' returned 0; elapsed 0Total elapsed time: 2.72 sec.
@I [HLS-100] Command "import_lib C:/Xilinx/Vivado_HLS/2016.1/common/technology/xilinx/zynq/zynq_fpv6 "
@I [HLS-100] Command "source C:/Xilinx/Vivado_HLS/2016.1/common/technology/xilinx/common/xilinx_fpv7.lib "
@I [HLS-100] Command "source C:/Xilinx/Vivado_HLS/2016.1/common/technology/xilinx/common/xilinx_hp.lib "
@I [HLS-100] Command 'ap_source' returned 0; elapsed 0.005Total elapsed time: 2.87 sec.
@I [HLS-100] Command 'ap_source' returned 0; elapsed 0.012Total elapsed time: 2.89 sec.
@I [HLS-100] Command "source C:/Xilinx/Vivado_HLS/2016.1/common/technology/xilinx/common/xilinx_fpv.hlp "
@I [HLS-100] Command "source C:/Xilinx/Vivado_HLS/2016.1/common/technology/xilinx/common/xilinx.hlp "
@I [HLS-100] Command "source C:/Xilinx/Vivado_HLS/2016.1/common/technology/xilinx/common/target_info.tcl "
@I [HLS-100] Command 'ap_source' returned 0; elapsed 0.007Total elapsed time: 2.115 sec.
@I [HLS-100] Command "source C:/Xilinx/Vivado_HLS/2016.1/common/technology/xilinx/interface/xilinx_interface.hlp "
@I [HLS-100] Command "source C:/Xilinx/Vivado_HLS/2016.1/common/technology/xilinx/interface/maxi.hlp "
@I [HLS-100] Command 'ap_source' returned 0; elapsed 0Total elapsed time: 2.116 sec.
@I [HLS-100] Command "source C:/Xilinx/Vivado_HLS/2016.1/common/technology/xilinx/interface/saxilite.hlp "
@I [HLS-100] Command 'ap_source' returned 0; elapsed 0.001Total elapsed time: 2.117 sec.
@I [HLS-100] Command 'ap_source' returned 0; elapsed 0.001Total elapsed time: 2.117 sec.
@I [HLS-100] Command "source C:/Xilinx/Vivado_HLS/2016.1/common/technology/xilinx/common/dsp48.hlp "
@I [HLS-100] Command 'ap_source' returned 0; elapsed 0.001Total elapsed time: 2.118 sec.
@I [HLS-100] Command 'ap_source' returned 0; elapsed 0.011Total elapsed time: 2.118 sec.
@I [HLS-100] Command 'ap_source' returned 0; elapsed 0.018Total elapsed time: 2.119 sec.
@I [HLS-100] Command "source C:/Xilinx/Vivado_HLS/2016.1/common/technology/xilinx/zynq/zynq_hp.hlp "
@I [HLS-100] Command 'ap_source' returned 0; elapsed 0.007Total elapsed time: 2.126 sec.
@I [HLS-100] Command 'import_lib' returned 0; elapsed 0.059Total elapsed time: 2.132 sec.
@I [HLS-100] Command "source C:/Xilinx/Vivado_HLS/2016.1/common/technology/xilinx/zynq/zynq_fpv6.gen "
@I [HLS-100] Command "source C:/Xilinx/Vivado_HLS/2016.1/common/technology/xilinx/common/xilinx_fpv6.gen "
@I [HLS-100] Command 'ap_source' returned 0; elapsed 0.006Total elapsed time: 2.144 sec.
@I [HLS-100] Command 'ap_source' returned 0; elapsed 0.012Total elapsed time: 2.145 sec.
@I [HLS-100] Command "set_part xc7z020clg484-1 "
@I [HLS-100] Command "add_library xilinx/zynq/zynq:xc7z020:clg484:-1 "
@I [HLS-100] Command "get_default_platform "
@I [HLS-100] Command 'get_default_platform' returned 0; elapsed 0Total elapsed time: 2.158 sec.
@I [HLS-100] Command "license_isbetapart xc7z020 "
@I [HLS-100] Command 'license_isbetapart' returned 1; elapsed 0.053Total elapsed time: 2.211 sec.
@I [HLS-100] Command "get_default_platform "
@I [HLS-100] Command 'get_default_platform' returned 0; elapsed 0Total elapsed time: 2.213 sec.
@I [HLS-100] Command "config_chip_info -quiet -resource  {SLICE 13300}  {LUT 53200}     {FF 106400} {DSP48E 220}   {BRAM 280}  "
@I [HLS-100] Command 'config_chip_info' returned 0; elapsed 0Total elapsed time: 2.214 sec.
@I [HLS-100] Command "config_chip_info -quiet -speed slow "
@I [HLS-100] Command 'config_chip_info' returned 0; elapsed 0Total elapsed time: 2.214 sec.
@I [HLS-100] Command 'add_library' returned 0; elapsed 0.065Total elapsed time: 2.222 sec.
@I [HLS-100] Command "add_library xilinx/zynq/zynq_fpv6 "
@I [HLS-100] Command "get_default_platform "
@I [HLS-100] Command 'get_default_platform' returned 0; elapsed 0Total elapsed time: 2.229 sec.
@I [HLS-100] Command 'add_library' returned 0; elapsed 0.009Total elapsed time: 2.232 sec.
@I [HLS-10] Setting target device to 'xc7z020clg484-1'
@I [HLS-100] Command 'set_part' returned 0; elapsed 0.087Total elapsed time: 2.233 sec.
@I [HLS-100] Command "get_default_platform "
@I [HLS-100] Command 'get_default_platform' returned 0; elapsed 0Total elapsed time: 2.234 sec.
@I [HLS-100] Command "config_chip_info -quiet -resource  {SLICE 13300}  {LUT 53200}     {FF 106400} {DSP48E 220}   {BRAM 280}  "
@I [HLS-100] Command 'config_chip_info' returned 0; elapsed 0Total elapsed time: 2.234 sec.
@I [HLS-100] Command "config_chip_info -quiet -speed slow "
@I [HLS-100] Command 'config_chip_info' returned 0; elapsed 0Total elapsed time: 2.234 sec.
@I [HLS-100] Command 'open_solution' returned 0; elapsed 0.589Total elapsed time: 2.240 sec.
@I [HLS-100] Command "set_part xc7z020clg484-1 "
@I [HLS-100] Command "add_library xilinx/zynq/zynq:xc7z020:clg484:-1 "
@I [HLS-100] Command "get_default_platform "
@I [HLS-100] Command 'get_default_platform' returned 0; elapsed 0Total elapsed time: 2.248 sec.
@I [HLS-100] Command "license_isbetapart xc7z020 "
@I [HLS-100] Command 'license_isbetapart' returned 1; elapsed 0Total elapsed time: 2.249 sec.
@I [HLS-100] Command "get_default_platform "
@I [HLS-100] Command 'get_default_platform' returned 0; elapsed 0Total elapsed time: 2.252 sec.
@I [HLS-100] Command "config_chip_info -quiet -resource  {SLICE 13300}  {LUT 53200}     {FF 106400} {DSP48E 220}   {BRAM 280}  "
@I [HLS-100] Command 'config_chip_info' returned 0; elapsed 0Total elapsed time: 2.252 sec.
@I [HLS-100] Command "config_chip_info -quiet -speed slow "
@I [HLS-100] Command 'config_chip_info' returned 0; elapsed 0Total elapsed time: 2.253 sec.
@I [HLS-100] Command 'add_library' returned 0; elapsed 0.013Total elapsed time: 2.260 sec.
@I [HLS-100] Command "add_library xilinx/zynq/zynq_fpv6 "
@I [HLS-100] Command "get_default_platform "
@I [HLS-100] Command 'get_default_platform' returned 0; elapsed 0Total elapsed time: 2.269 sec.
@I [HLS-100] Command 'add_library' returned 0; elapsed 0.011Total elapsed time: 2.271 sec.
@I [HLS-100] Command 'set_part' returned 0; elapsed 0.031Total elapsed time: 2.272 sec.
@I [HLS-100] Command "create_clock -period 10 -name default "
@I [HLS-100] Command 'create_clock' returned 0; elapsed 0.007Total elapsed time: 2.280 sec.
@I [HLS-100] Command "source ./dct_prj/solution3/directives.tcl "
@I [HLS-100] Command "set_directive_pipeline dct_2d/Xpose_Row_Inner_Loop "
@I [HLS-0] Setting directive 'PIPELINE' 
@I [HLS-100] Command 'set_directive_pipeline' returned 0; elapsed 0.003Total elapsed time: 2.285 sec.
@I [HLS-100] Command "set_directive_pipeline dct_2d/Xpose_Col_Inner_Loop "
@I [HLS-0] Setting directive 'PIPELINE' 
@I [HLS-0] Setting directive 'PIPELINE' 
@I [HLS-100] Command 'set_directive_pipeline' returned 0; elapsed 0.011Total elapsed time: 2.296 sec.
@I [HLS-100] Command "set_directive_pipeline read_data/RD_Loop_Col "
@I [HLS-0] Setting directive 'PIPELINE' 
@I [HLS-0] Setting directive 'PIPELINE' 
@I [HLS-0] Setting directive 'PIPELINE' 
@I [HLS-100] Command 'set_directive_pipeline' returned 0; elapsed 0.005Total elapsed time: 2.302 sec.
@I [HLS-100] Command "set_directive_pipeline write_data/WR_Loop_Col "
@I [HLS-0] Setting directive 'PIPELINE' 
@I [HLS-0] Setting directive 'PIPELINE' 
@I [HLS-0] Setting directive 'PIPELINE' 
@I [HLS-0] Setting directive 'PIPELINE' 
@I [HLS-100] Command 'set_directive_pipeline' returned 0; elapsed 0.004Total elapsed time: 2.307 sec.
@I [HLS-100] Command "set_directive_pipeline dct_1d/DCT_Outer_Loop "
@I [HLS-0] Setting directive 'PIPELINE' 
@I [HLS-0] Setting directive 'PIPELINE' 
@I [HLS-0] Setting directive 'PIPELINE' 
@I [HLS-0] Setting directive 'PIPELINE' 
@I [HLS-0] Setting directive 'PIPELINE' 
@I [HLS-100] Command 'set_directive_pipeline' returned 0; elapsed 0.005Total elapsed time: 2.313 sec.
@I [HLS-100] Command 'ap_source' returned 0; elapsed 0.032Total elapsed time: 2.313 sec.
@I [HLS-100] Command "csynth_design "
@I [HLS-100] Command "elaborate -effort=medium -skip_syncheck=0 -keep_printf=0 -lm=0 -skip_cdt=0 -skip_transform=0 -ng=0 -g=0 -opt_fp=0 "
@I [HLS-10] Analyzing design file 'dct.c' ... 
@0 [HLS-0] Analyzing design file 'dct.c' ... 
@I [HLS-0] Compiling one TU...
@I [HLS-0] 
Checking before pre-process: exec clang -fno-limit-debug-info -gcc-toolchain "C:/Xilinx/Vivado_HLS/2016.1/msys" -hls    -fno-math-errno -c -emit-llvm -O0  -mllvm -disable-llvm-optzns -std=gnu89   -DAESL_SYN -D__SYNTHESIS__ -D__HLS_SYN__ -I "C:/Xilinx/Vivado_HLS/2016.1/common/technology/autopilot" -I "C:/Xilinx/Vivado_HLS/2016.1/common/technology/autopilot/ap_sysc" -include etc/autopilot_ssdm_op.h -D__cdecl=  "dct.c"  -o "C:/training/hls/labs/improve_area/dct_prj/solution3/.autopilot/db/dct.pp.00.o"

@I [HLS-100] Command "is_encrypted C:/training/hls/labs/improve_area/dct_prj/solution3/.autopilot/db/dct.pp.00.o "
@I [HLS-100] Command 'is_encrypted' returned 0; elapsed 0Total elapsed time: 2.761 sec.
@I [HLS-0] Syntax Checker time: 0 seconds per iteration
@I [HLS-0] 
Source preprocessing: exec clang -fno-limit-debug-info -gcc-toolchain "C:/Xilinx/Vivado_HLS/2016.1/msys" -hls -fno-exceptions  -D__llvm__  -CC -E "dct.c"     -fno-math-errno -c -emit-llvm -O0  -mllvm -disable-llvm-optzns -std=gnu89   -DAESL_SYN -D__SYNTHESIS__ -D__HLS_SYN__ -I "C:/Xilinx/Vivado_HLS/2016.1/common/technology/autopilot" -I "C:/Xilinx/Vivado_HLS/2016.1/common/technology/autopilot/ap_sysc" -include etc/autopilot_ssdm_op.h -D__cdecl=  -o "C:/training/hls/labs/improve_area/dct_prj/solution3/.autopilot/db/dct.pp.0.c"

@I [HLS-0] GCC PP time: 0 seconds per iteration
@I [HLS-0] Setting directive 'PIPELINE' 
@I [HLS-0] Setting directive 'PIPELINE' 
@I [HLS-0] Setting directive 'PIPELINE' 
@I [HLS-0] Setting directive 'PIPELINE' 
@I [HLS-0] Setting directive 'PIPELINE' 
@I [HLS-100] Command "list_core -type functional_unit "
@I [HLS-100] Command 'list_core' returned 0; elapsed 0Total elapsed time: 3.60 sec.
@I [HLS-0] Marker-Pragma convertor: C:/training/hls/labs/improve_area/dct_prj/solution3/.autopilot/db/dct.pp.0.c C:/training/hls/labs/improve_area/dct_prj/solution3/.autopilot/db/dct.pp.0.c.ap-line.c C:/training/hls/labs/improve_area/dct_prj/solution3/.autopilot/db/dct.pp.0.c.ap-line.c.CXX 1
@I [HLS-0] 
Source processor: exec C:/Xilinx/Vivado_HLS/2016.1/tps/win64/jre/bin/java -Xmx512m -classpath   "C:/Xilinx/Vivado_HLS/2016.1/lib/classes/autopilot.sourceprocessor.jar;C:/Xilinx/Vivado_HLS/2016.1/lib/classes/org.eclipse.cdt.core_5.3.0.xilinx_patch.jar;C:/Xilinx/Vivado_HLS/2016.1/lib/classes/org.eclipse.core.runtime_3.7.0.v20110110.jar;C:/Xilinx/Vivado_HLS/2016.1/lib/classes/org.eclipse.equinox.common_3.6.0.v20110523.jar;C:/Xilinx/Vivado_HLS/2016.1/lib/classes/com.ibm.icu_4.4.2.v20110208.jar;C:/Xilinx/Vivado_HLS/2016.1/lib/classes/jargs.jar;C:/Xilinx/Vivado_HLS/2016.1/win64/tools/eclipse/plugins/org.eclipse.emf.common_2.10.1.v20150123-0348.jar;C:/Xilinx/Vivado_HLS/2016.1/win64/tools/eclipse/plugins/org.eclipse.emf.ecore_2.10.2.v20150123-0348.jar;C:/Xilinx/Vivado_HLS/2016.1/win64/tools/eclipse/plugins/org.eclipse.emf.ecore.xmi_2.10.2.v20150123-0348.jar;C:/Xilinx/Vivado_HLS/2016.1/win64/tools/eclipse/plugins/com.autoesl.autopilot.ui.directiveFileModel_1.0.0.jar;C:/Xilinx/Vivado_HLS/2016.1/win64/tools/eclipse/plugins/com.autoesl.autopilot.ui.common_1.0.0.jar"  autopilot.sourceprocessor.CParser  "C:/training/hls/labs/improve_area/dct_prj/solution3/.autopilot/db/dct.pp.0.c.ap-line.c"  -m "dct" -o "C:/training/hls/labs/improve_area/dct_prj/solution3/.autopilot/db/dct.pp.0.c.ap-cdt.c" -c --pp --directive C:/training/hls/labs/improve_area/dct_prj/solution3/solution3.directive --source C:/training/hls/labs/improve_area/dct.c --error C:/training/hls/labs/improve_area/dct_prj/solution3/.autopilot/db --funcunit "AddSub AddSub_DSP AddSubnS DAddSub_fulldsp DAddSub_nodsp DDiv DExp_fulldsp DExp_meddsp DExp_nodsp DLog_fulldsp DLog_meddsp DLog_nodsp DMul_fulldsp DMul_maxdsp DMul_meddsp DMul_nodsp DRSqrt DRecip DSqrt DivnS FAddSub_fulldsp FAddSub_nodsp FDiv FExp_fulldsp FExp_meddsp FExp_nodsp FLog_fulldsp FLog_meddsp FLog_nodsp FMul_fulldsp FMul_maxdsp FMul_meddsp FMul_nodsp FRSqrt_fulldsp FRSqrt_nodsp FRecip_fulldsp FRecip_nodsp FSqrt HAddSub_nodsp HDiv HMul_fulldsp HMul_maxdsp HMul_nodsp HSqrt Mul Mul2S Mul3S Mul4S Mul5S Mul6S Mul_LUT MulnS MuxnS" --ca --gf --pd --p2d C:/training/hls/labs/improve_area/dct_prj/solution3/.autopilot/db --sd --scff C:/training/hls/labs/improve_area/dct_prj/solution3/.autopilot/db/.systemc_flag --ad

@I [HLS-0] Marker-Pragma convertor: C:/training/hls/labs/improve_area/dct_prj/solution3/.autopilot/db/dct.pp.0.c.ap-cdt.c C:/training/hls/labs/improve_area/dct_prj/solution3/.autopilot/db/dct.pragma.0.c C:/training/hls/labs/improve_area/dct_prj/solution3/.autopilot/db/dct.pragma.0.c.ap-line.CXX 0
@I [HLS-100] Command "source C:/training/hls/labs/improve_area/dct_prj/solution3/.autopilot/db/pragma.status.tcl "
@I [HLS-100] Command 'ap_source' returned 0; elapsed 0.004Total elapsed time: 4.424 sec.
@I [HLS-0] CDT processor time: 1 seconds per iteration
@I [HLS-0] Pragma handling time: 0 seconds per iteration
@I [HLS-0] 
Source preprocessing: exec clang -fno-limit-debug-info -gcc-toolchain "C:/Xilinx/Vivado_HLS/2016.1/msys" -hls -fno-exceptions  -D__llvm__  -CC -E "C:/training/hls/labs/improve_area/dct_prj/solution3/.autopilot/db/dct.pragma.1.c"     -fno-math-errno -c -emit-llvm -O0  -mllvm -disable-llvm-optzns -std=gnu89   -DAESL_SYN -D__SYNTHESIS__ -D__HLS_SYN__ -I "C:/Xilinx/Vivado_HLS/2016.1/common/technology/autopilot" -I "C:/Xilinx/Vivado_HLS/2016.1/common/technology/autopilot/ap_sysc" -include etc/autopilot_ssdm_op.h -D__cdecl=  -o "C:/training/hls/labs/improve_area/dct_prj/solution3/.autopilot/db/dct.pragma.2.c"

@I [HLS-0] exec clang -fno-limit-debug-info -gcc-toolchain C:/Xilinx/Vivado_HLS/2016.1/msys -hls -hls-analyze-label -hls-analyze-pragma -fno-exceptions  -D__llvm__  -w  "C:/training/hls/labs/improve_area/dct_prj/solution3/.autopilot/db/dct.pragma.2.c"    -fno-math-errno -c -emit-llvm -O0  -mllvm -disable-llvm-optzns -std=gnu89  -DAESL_SYN -D__SYNTHESIS__ -D__HLS_SYN__ -I "C:/Xilinx/Vivado_HLS/2016.1/common/technology/autopilot" -I "C:/Xilinx/Vivado_HLS/2016.1/common/technology/autopilot/ap_sysc" -include etc/autopilot_ssdm_op.h -g -o "C:/training/hls/labs/improve_area/dct_prj/solution3/.autopilot/db/dct.g.bc"
@I [HLS-10] Validating synthesis directives ...
@0 [HLS-0] Validating synthesis directives ...
@I [HLS-100] Command "source C:/training/hls/labs/improve_area/dct_prj/solution3/.autopilot/db/pragma.status.tcl "
@I [HLS-100] Command 'ap_source' returned 0; elapsed 0.003Total elapsed time: 5.114 sec.
@I [HLS-0] Linking all ...
@I [HLS-0] exec llvm-ld  "C:/training/hls/labs/improve_area/dct_prj/solution3/.autopilot/db/dct.bc"  -disable-opt  -LC:/Xilinx/Vivado_HLS/2016.1/win64/lib -lm_basic -o "C:/training/hls/labs/improve_area/dct_prj/solution3/.autopilot/db/a.o.pre"
@I [HLS-0] Link time: 0 seconds per iteration
@I [HLS-0] Linking all ...
@I [HLS-0] exec llvm-ld  "C:/training/hls/labs/improve_area/dct_prj/solution3/.autopilot/db/dct.g.bc"  -disable-opt  -LC:/Xilinx/Vivado_HLS/2016.1/win64/lib -lm_basic -o "C:/training/hls/labs/improve_area/dct_prj/solution3/.autopilot/db/a.g.pre"
@I [HLS-0] Link time: 0 seconds per iteration
@I [HLS-100] Command "opt_and_import_c a -opt_level=2 -skip_syncheck=0 -ng=0 -keep_printf=0 "
@I [HLS-100] Command "cleanup_all_models "
@I [HLS-100] Command 'cleanup_all_models' returned 0; elapsed 0Total elapsed time: 5.833 sec.
@I [HLS-10] Starting code transformations ...
@0 [HLS-0] Starting code transformations ...
@I [HLS-0] std xform: transform -hls -share-std-xform -always-inline -promote-dbg-pointer  -interface-preproc  -scalarrepl -mem2reg -keep-read-access -instcombine -dce  -promote-dbg-pointer  -bitop-raise  -indvars -loop-simplify -xunroll  -constprop -instcombine -simplifycfg -indvars  -simplifycfg -dce -globaldce  -basicaa  -simplifycfg -mem2reg -globalopt  -global-constprop -deadargelim -instcombine -simplifycfg  -prune-eh -simplifycfg  -scalarrepl -instcombine -reassociate -licm  -simplifycfg -loop-simplify -indvars -instcombine  -simplifycfg -mem2reg -loop-simplify -indvars -instcombine  -gvn -gvn -instcombine -adce  -break-crit-edges  -simplifycfg -loop-delete  -global-array-opt -dce -dse -adce  -find-syn-modules -top dct  -deadargelim  -mem2reg -instcombine -dce  -presyn-prepare -auto-rom-infer  -interface-preproc  -syn-check -check-rec-only  -find-region -simplifycfg -func-extr -function-inline  -globaldce -mem2reg -instcombine -dce   -gvn -globaldce -adce -adse  -constprop -instcombine -bit-constprop  -instcombine -dce -simplifycfg -bitop-raise  -simplifycfg -dce -loop-delete -reassociate  -globalopt -global-privatize -mem2reg -dce  -global-constprop -pointer-simplify -constprop -dce  -func-inst -deadargelim  -promote-dbg-pointer  -norm-name   C:/training/hls/labs/improve_area/dct_prj/solution3/.autopilot/db/a.g.0.bc -o C:/training/hls/labs/improve_area/dct_prj/solution3/.autopilot/db/a.g.1.bc -f  -phase std-opt
@I [HLS-0] Std xform time: 0 seconds per iteration
@I [HLS-100] Command "is_encrypted C:/training/hls/labs/improve_area/dct_prj/solution3/.autopilot/db/a.g.1.bc "
@I [HLS-100] Command 'is_encrypted' returned 0; elapsed 0.002Total elapsed time: 6.134 sec.
@I [HLS-10] Checking synthesizability ...
@0 [HLS-0] Checking synthesizability ...
@I [HLS-0] syn check 1/2: transform -hls -syn-check -check-rec-only -disaggr -scalarrepl -norm-name -dce  -mem2reg -instcombine  -function-uniquify -directive-preproc -mem2reg -dse -dce -auto-rom-infer -dce  -array-normalize -instcombine -dce  -array-seg-normalize -instcombine -dce  -array-flatten -instcombine -dce  -array-burst -dce  -deadargelim -promote-global-argument  -simplifycfg -mem2reg -globaldce -resolve-double-ptr  -dce -deadargelim -dce -instcombine  -function-inline -globaldce -dce  -doublePtrSimplify -doublePtrElim -dce  -doublePtrSimplify -promote-dbg-pointer  -dce -scalarrepl -dse -adse -instcombine  -ptrLegalization  -simplifycfg -dce -instcombine  -pointer-simplify -ptrArgReplace -dce -instcombine   -disaggr -scalarrepl -norm-name -dce  -mem2reg -instcombine -ptrLegalization   -simplifycfg -deadargelim  -instcombine -dce -inst-simplify  -function-uniquify -directive-preproc -mem2reg -dse -dce  -globaldce    C:/training/hls/labs/improve_area/dct_prj/solution3/.autopilot/db/a.g.1.bc -o C:/training/hls/labs/improve_area/dct_prj/solution3/.autopilot/db/a.g.2.prechk.bc -f
@I [XFORM-602] Inlining function 'read_data' into 'dct' (dct.c:85) automatically.
@I [XFORM-602] Inlining function 'write_data' into 'dct' (dct.c:90) automatically.
@I [HLS-0] Syn check 1/2 time: 0 seconds per iteration
@I [HLS-0] syn check 2/2: transform -syn-check   C:/training/hls/labs/improve_area/dct_prj/solution3/.autopilot/db/a.g.2.prechk.bc -o C:/training/hls/labs/improve_area/dct_prj/solution3/.autopilot/db/a.g.2.bc -f  -phase syn-check
@I [HLS-0] Syn check 2/2 time: 0 seconds per iteration
@I [HLS-0] Compiler optimizing ...
@I [HLS-0] Share syncheck's 1.bc for syn flow: copy C:/training/hls/labs/improve_area/dct_prj/solution3/.autopilot/db/a.g.1.bc to C:/training/hls/labs/improve_area/dct_prj/solution3/.autopilot/db/a.o.1.bc
@I [HLS-0] presyn 1: transform -hls -tmp C:/training/hls/labs/improve_area/dct_prj/solution3/.autopilot/db -type-info  -function-uniquify -directive-preproc -mem2reg -dse -dce  -disaggr -scalarrepl -norm-name -deadargelim  -mem2reg -instcombine -dce -auto-rom-infer -dce -function-uniquify  -resource-proc  -simplifycfg -mem2reg -globaldce -resolve-double-ptr -dce -deadargelim -dce -instcombine  -clib-intrinsic-prepare -dce  -func-buffer -dce -array-normalize  -func-legal -instcombine -gvn -constprop -dce   -ptrArgReplace -mem2reg -instcombine -dce  -array-seg-normalize -deadargelim  -instcombine -dce  -pointer-simplify -dce  -port-alignment -dce  -interface-preproc  -data-pack -instcombine -dce   -basicaa -aggr-aa -aggrmodref-aa -aggr-aa -gvn -gvn  -basicaa -aggr-aa -aggrmodref-aa -aggr-aa -dse -adse -adce  -loop-simplify -indvars -instcombine  -gvn -loop-simplify -mem2reg -dce -simplifycfg  -find-region -instcombine  -auto-loop-pipeline  -inst-simplify  -interface-preproc  -indvars -auto-loop-unroll -loop-simplify -loop-bound -xunroll  -constprop -instcombine -simplifycfg -indvars  -simplifycfg -dce -globaldce  -attach-range  -gvn -inst-simplify  -constprop -simplifycfg -dce  -pointer-simplify -dce  -globalopt -constprop -dce  -array-promote -constprop -instcombine -dce  -ptrArgReplace -mem2reg  -instcombine -simplifycfg -dce  -auto-par -instcombine -dce  -array-transform-check  -array-reshape -instcombine -simplifycfg -dce  -ptrArgReplace -deadargelim -mem2reg  -instcombine -simplifycfg -dce   -indvars -loop-simplify -loop-bound -xunroll  -constprop -instcombine -simplifycfg -indvars  -simplifycfg -dce -globaldce  -duplicate-dataflow-processes -globaldce  -array-partition -instcombine -simplifycfg -dce  -ptrArgReplace -global-constprop -deadargelim -mem2reg  -func-legal -instcombine -dce -global-constprop -deadargelim -mem2reg  -instcombine -simplifycfg -dce   -globalopt -constprop -dce  -array-promote -constprop -instcombine -dce  -ptrArgReplace -mem2reg  -instcombine -simplifycfg -dce   -mem-intrinsic-preproc -dce  -global-privatize  -mem2reg -globaldce  -promote-global-argument  -ptrArgReplace -mem2reg -instcombine -dce  -globalopt -mergereturn -simplify-global-access -mem2reg -dce  -pointer-simplify -dce  -functionattrs  -basicaa -aggr-aa -aggrmodref-aa -aggr-aa -gvn -gvn  -basicaa -aggr-aa -aggrmodref-aa -aggr-aa -dse -adse -adce  -inst-simplify -dce -norm-name  -function-inline -globaldce  -func-inst -constprop -instcombine -simplifycfg -dce  -func-legal -dce   -loop-bound  -arraycheck -bitwidthmin -on-by-dataflow  -loop-delete -instcombine -simplifycfg  -globaldce -dce -gvn -deadargelim -dce -loop-simplify -clean-region -simplifycfg -propagate-stable-arguments  -loop-stream -instcombine -simplifycfg -dce -globaldce  -stream-intrinsic-preproc -dce  -check-ap-stream -loop-simplify -eliminate-keepreads  -extract-dataflow-in-loop -loop-simplify -dce -gvn -deadargelim -dse  -check-dataflow-syntax  -legalize-stream-variable -legalize-global -legalize-global-1  -extract-subproc -dce -dead-channel-elimination  -canonicalize-gep -globaldce -dce -gvn -deadargelim  -scalar-propagation -deadargelim -globaldce -mem2reg  -check-dataflow-channels -function-stream -dce -globaldce  -prop-fifo-spec -internal-stream-gen  -canonicalize-gep -globaldce -dce -gvn -deadargelim   -mergereturn -indvars -loop-simplify -instcombine  -array-stream -instcombine -simplifycfg -dce  -bundle-memfifo-ops -deadargelim    -function-uniquify -directive-preproc -mem2reg -dse -dce  -group-axi-access    -licm -simplifycfg -dce -loop-delete  -norm-name  C:/training/hls/labs/improve_area/dct_prj/solution3/.autopilot/db/a.o.1.bc -o C:/training/hls/labs/improve_area/dct_prj/solution3/.autopilot/db/a.o.1.tmp.bc -f
@I [XFORM-502] Unrolling all sub-loops inside loop 'DCT_Outer_Loop' (dct.c:13) in function 'dct_1d' for pipelining.
@I [XFORM-501] Unrolling loop 'DCT_Inner_Loop' (dct.c:15) in function 'dct_1d' completely.
@I [XFORM-102] Partitioning array 'dct_coeff_table' in dimension 2 automatically.
@I [XFORM-602] Inlining function 'read_data' into 'dct' (dct.c:85) automatically.
@I [XFORM-602] Inlining function 'write_data' into 'dct' (dct.c:90) automatically.
@I [HLS-0] Presyn 1 time: 0 seconds per iteration
@I [HLS-0] presyn 2: transform -hls -keep-callgraph -scalarrepl -mem2reg  -port-alignment -attach-range -dce  -pipe-mux-gen  -indvars -loop-bound  -inst-simplify -instcombine -dce  -merge-array-access -mem2reg -dce  -clean-region -mergereturn -if-conv  -instcombine -dce -constprop  -basicaa -aggr-aa -aggrmodref-aa -aggr-aa -gvn -gvn  -basicaa -aggr-aa -aggrmodref-aa -aggr-aa -dse -adse -adce  -scalarrepl -mem2reg  -global-constprop -deadargelim -deadargelim  -instcombine -dce -simplifycfg    -ptrArgReplace -mem2reg -function-inline  -globaldce -mem2reg -instcombine -dce -expr-balance  -instcombine -dce  -bitwidthmin  -interface-preproc -directive-preproc  -inst-rectify -instcombine -dce  -functionattrs  -constprop -instcombine -bit-constprop  -simplify-global-access  -globalopt -globaldce  -inst-simplify -instcombine -elimdeaddata -dce  -loop-delete -simplifycfg -loop-simplify -auto-burst   -norm-name C:/training/hls/labs/improve_area/dct_prj/solution3/.autopilot/db/a.o.1.tmp.bc -o C:/training/hls/labs/improve_area/dct_prj/solution3/.autopilot/db/a.o.2.bc -f  -phase presyn
@I [XFORM-11] Balancing expressions in function 'dct_1d' (dct.c:4)...8 expression(s) balanced.
@I [HLS-0] Presyn 2 time: 0 seconds per iteration
@I [HLS-100] Command "is_encrypted C:/training/hls/labs/improve_area/dct_prj/solution3/.autopilot/db/a.o.2.bc "
@I [HLS-100] Command 'is_encrypted' returned 0; elapsed 0.002Total elapsed time: 6.759 sec.
@I [HLS-0] build ssdm: transform -hls  -function-uniquify -auto-function-inline -globaldce  -ptrArgReplace -mem2reg -instcombine -dce  -reset-lda  -loop-simplify -indvars -licm -loop-dep  -loop-bound -licm -loop-simplify -flattenloopnest  -array-flatten -gvn -instcombine -dce  -array-map -dce -func-legal  -gvn -adce -instcombine -cfgopt -simplifycfg -loop-simplify   -array-burst -promote-global-argument -dce  -axi4-lower -array-seg-normalize  -basicaa -aggrmodref-aa -globalsmodref-aa -aggr-aa -gvn -gvn  -basicaa -aggrmodref-aa -globalsmodref-aa -aggr-aa -dse -adse -adce -licm  -inst-simplify -dce  -globaldce -instcombine -array-stream -eliminate-keepreads -instcombine  -dce   -deadargelim -doublePtrSimplify  -doublePtrElim -dce -doublePtrSimplify -promote-dbg-pointer  -dce -scalarrepl -mem2reg -disaggr -norm-name -mem2reg  -instcombine  -dse -adse -adce -ptrLegalization -dce -auto-rom-infer -array-flatten -dce -instcombine  -loop-rot -constprop -cfgopt -simplifycfg -loop-simplify -indvars -pointer-simplify -dce -loop-bound  -loop-simplify -loop-preproc  -constprop -global-constprop -gvn -mem2reg -instcombine -dce  -loop-merge -dce  -bitwidthmin  -deadargelim -dce  -scalar-propagation -deadargelim -globaldce -mem2reg  -interface-preproc -interface-gen  -deadargelim -directive-preproc -inst-simplify -dce  -gvn -mem2reg -instcombine -dce -adse  -loop-bound  -instcombine -cfgopt -simplifycfg -loop-simplify  -clean-region -io-protocol  -find-region -mem2reg  -bitop-raise  -inst-simplify -inst-rectify -instcombine -adce -deadargelim  -loop-simplify -phi-opt -bitop-raise  -cfgopt -simplifycfg -strip-dead-prototypes  -interface-lower -bitop-lower -intrinsic-lower -auto-function-inline  -basicaa -aggrmodref-aa -globalsmodref-aa -aggr-aa  -inst-simplify -simplifycfg   -mergereturn -inst-simplify -inst-rectify  -dce -bitop-lower  -loop-rewind -pointer-simplify -dce -cfgopt  -read-loop-dep -dce -bitwidth -norm-name -legalize    -cdfg-build  C:/training/hls/labs/improve_area/dct_prj/solution3/.autopilot/db/a.o.2.bc -o C:/training/hls/labs/improve_area/dct_prj/solution3/.autopilot/db/a.o.3.bc -f  -phase build-ssdm
@I [XFORM-541] Flattening a loop nest 'Xpose_Row_Outer_Loop' (dct.c:38:1) in function 'dct_2d'.
@I [XFORM-541] Flattening a loop nest 'Xpose_Col_Outer_Loop' (dct.c:49:1) in function 'dct_2d'.
@I [XFORM-541] Flattening a loop nest 'RD_Loop_Row' (dct.c:59:67) in function 'dct'.
@I [XFORM-541] Flattening a loop nest 'WR_Loop_Row' (dct.c:71:67) in function 'dct'.
@I [HLS-0] Build ssdm time: 0 seconds per iteration
@I [HLS-100] Command "is_encrypted C:/training/hls/labs/improve_area/dct_prj/solution3/.autopilot/db/a.o.3.bc "
@I [HLS-100] Command 'is_encrypted' returned 0; elapsed 0.004Total elapsed time: 7.25 sec.
@I [HLS-0] Finish building internal data model.
@I [HLS-100] Command 'opt_and_import_c' returned 0; elapsed 1.212Total elapsed time: 7.44 sec.
@I [HLS-111] Elapsed time: 7.057 seconds; current memory usage: 91.8 MB.
@I [HLS-100] Command 'elaborate' returned 0; elapsed 4.735Total elapsed time: 7.50 sec.
@I [HLS-100] Command "autosyn "
@I [HLS-10] Starting hardware synthesis ...
@0 [HLS-0] Starting hardware synthesis ...
@I [HLS-0] Synthesizing C/C++ design ...
@I [HLS-10] Synthesizing 'dct' ...
@0 [HLS-0] Synthesizing 'dct' ...
@I [HLS-100] Command "ap_set_top_model dct "
@I [HLS-100] Command 'ap_set_top_model' returned 0; elapsed 0.001Total elapsed time: 7.64 sec.
@I [HLS-100] Command "get_model_list dct -filter all-wo-channel -topdown "
@I [HLS-100] Command 'get_model_list' returned 0; elapsed 0Total elapsed time: 7.64 sec.
@I [HLS-100] Command "preproc_iomode -model dct "
@I [HLS-100] Command 'preproc_iomode' returned 0; elapsed 0.001Total elapsed time: 7.65 sec.
@I [HLS-100] Command "preproc_iomode -model dct_dct_2d "
@I [HLS-100] Command 'preproc_iomode' returned 0; elapsed 0Total elapsed time: 7.65 sec.
@I [HLS-100] Command "preproc_iomode -model dct_dct_1d2 "
@I [HLS-100] Command 'preproc_iomode' returned 0; elapsed 0Total elapsed time: 7.66 sec.
@I [HLS-100] Command "get_model_list dct -filter all-wo-channel "
@I [HLS-100] Command 'get_model_list' returned 0; elapsed 0Total elapsed time: 7.66 sec.
@I [HLS-0] Model list for configure: dct_dct_1d2 dct_dct_2d dct
@I [HLS-0] Configuring Module : dct_dct_1d2 ...
@I [HLS-100] Command "set_default_model dct_dct_1d2 "
@I [HLS-100] Command 'set_default_model' returned 0; elapsed 0Total elapsed time: 7.67 sec.
@I [HLS-100] Command "apply_spec_resource_limit dct_dct_1d2 "
@I [HLS-100] Command 'apply_spec_resource_limit' returned 0; elapsed 0Total elapsed time: 7.67 sec.
@I [HLS-0] Configuring Module : dct_dct_2d ...
@I [HLS-100] Command "set_default_model dct_dct_2d "
@I [HLS-100] Command 'set_default_model' returned 0; elapsed 0Total elapsed time: 7.68 sec.
@I [HLS-100] Command "apply_spec_resource_limit dct_dct_2d "
@I [HLS-100] Command 'apply_spec_resource_limit' returned 0; elapsed 0Total elapsed time: 7.68 sec.
@I [HLS-0] Configuring Module : dct ...
@I [HLS-100] Command "set_default_model dct "
@I [HLS-100] Command 'set_default_model' returned 0; elapsed 0Total elapsed time: 7.69 sec.
@I [HLS-100] Command "apply_spec_resource_limit dct "
@I [HLS-100] Command 'apply_spec_resource_limit' returned 0; elapsed 0Total elapsed time: 7.69 sec.
@I [HLS-0] Model list for preprocess: dct_dct_1d2 dct_dct_2d dct
@I [HLS-0] Preprocessing Module: dct_dct_1d2 ...
@I [HLS-100] Command "set_default_model dct_dct_1d2 "
@I [HLS-100] Command 'set_default_model' returned 0; elapsed 0Total elapsed time: 7.69 sec.
@I [HLS-100] Command "cdfg_preprocess -model dct_dct_1d2 "
@I [HLS-100] Command 'cdfg_preprocess' returned 0; elapsed 0.001Total elapsed time: 7.70 sec.
@I [HLS-100] Command "rtl_gen_preprocess dct_dct_1d2 "
@I [HLS-100] Command 'rtl_gen_preprocess' returned 0; elapsed 0.001Total elapsed time: 7.71 sec.
@I [HLS-0] Preprocessing Module: dct_dct_2d ...
@I [HLS-100] Command "set_default_model dct_dct_2d "
@I [HLS-100] Command 'set_default_model' returned 0; elapsed 0Total elapsed time: 7.71 sec.
@I [HLS-100] Command "cdfg_preprocess -model dct_dct_2d "
@I [HLS-100] Command 'cdfg_preprocess' returned 0; elapsed 0Total elapsed time: 7.71 sec.
@I [HLS-100] Command "rtl_gen_preprocess dct_dct_2d "
@I [HLS-100] Command 'rtl_gen_preprocess' returned 0; elapsed 0Total elapsed time: 7.72 sec.
@I [HLS-0] Preprocessing Module: dct ...
@I [HLS-100] Command "set_default_model dct "
@I [HLS-100] Command 'set_default_model' returned 0; elapsed 0Total elapsed time: 7.73 sec.
@I [HLS-100] Command "cdfg_preprocess -model dct "
@I [HLS-100] Command 'cdfg_preprocess' returned 0; elapsed 0Total elapsed time: 7.73 sec.
@I [HLS-100] Command "rtl_gen_preprocess dct "
@I [HLS-100] Command 'rtl_gen_preprocess' returned 0; elapsed 0Total elapsed time: 7.74 sec.
@I [HLS-0] Model list for synthesis: dct_dct_1d2 dct_dct_2d dct
@I [HLS-10] ----------------------------------------------------------------
@0 [HLS-0] ----------------------------------------------------------------
@I [HLS-10] -- Scheduling module 'dct_dct_1d2' 
@0 [HLS-0] -- Scheduling module 'dct_dct_1d2' 
@I [HLS-10] ----------------------------------------------------------------
@0 [HLS-0] ----------------------------------------------------------------
@I [HLS-100] Command "set_default_model dct_dct_1d2 "
@I [HLS-100] Command 'set_default_model' returned 0; elapsed 0Total elapsed time: 7.75 sec.
@I [HLS-100] Command "schedule -model dct_dct_1d2 "
@I [SCHED-11] Starting scheduling ...
@I [SCHED-61] Pipelining loop 'DCT_Outer_Loop'.
@W [SCHED-69] Unable to schedule 'load' operation ('src_load_5', dct.c:17) on array 'src' due to limited memory ports.
@I [SCHED-61] Pipelining result: Target II: 1, Final II: 4, Depth: 7.
@W [SCHED-21] Estimated clock period (9.4ns) exceeds the target (target clock period: 10ns, clock uncertainty: 1.25ns, effective delay budget: 8.75ns).
@W [SCHED-21] The critical path consists of the following:
	'mul' operation ('tmp_10_7', dct.c:17) (3.36 ns)
	'add' operation ('tmp7', dct.c:19) (3.02 ns)
	'add' operation ('tmp6', dct.c:19) (3.02 ns)
@I [SCHED-11] Finished scheduling.
@I [HLS-100] Command 'schedule' returned 0; elapsed 0.038Total elapsed time: 7.114 sec.
@I [HLS-111] Elapsed time: 0.119 seconds; current memory usage: 93.7 MB.
@I [HLS-100] Command "report -o C:/training/hls/labs/improve_area/dct_prj/solution3/.autopilot/db/dct_dct_1d2.verbose.sched.rpt -verbose -f "
@I [HLS-100] Command 'report' returned 0; elapsed 0.006Total elapsed time: 7.180 sec.
@I [HLS-100] Command "db_write -o C:/training/hls/labs/improve_area/dct_prj/solution3/.autopilot/db/dct_dct_1d2.sched.adb -f "
@I [HLS-100] Command 'db_write' returned 0; elapsed 0.018Total elapsed time: 7.200 sec.
@I [HLS-0] Finish scheduling dct_dct_1d2.
@I [HLS-10] ----------------------------------------------------------------
@0 [HLS-0] ----------------------------------------------------------------
@I [HLS-10] -- Exploring micro-architecture for module 'dct_dct_1d2' 
@0 [HLS-0] -- Exploring micro-architecture for module 'dct_dct_1d2' 
@I [HLS-10] ----------------------------------------------------------------
@0 [HLS-0] ----------------------------------------------------------------
@I [HLS-100] Command "set_default_model dct_dct_1d2 "
@I [HLS-100] Command 'set_default_model' returned 0; elapsed 0Total elapsed time: 7.212 sec.
@I [HLS-100] Command "bind -model dct_dct_1d2 "
@I [BIND-110] clear=
@I [BIND-110] debug=
@I [BIND-110] drf=
@I [BIND-110] effort=
@I [BIND-110] fast_refine=
@I [BIND-110] fu_weight=[ 0.0 -- 1.0 ]
@I [BIND-110] global_opt=
@I [BIND-110] gsearch=
@I [BIND-110] help=
@I [BIND-110] help-hidden=
@I [BIND-110] min_mem_port=
@I [BIND-110] min_op=
@I [BIND-110] minreg=
@I [BIND-110] ml=
@I [BIND-110] model=dct_dct_1d2
@I [BIND-110] no_false_path=
@I [BIND-110] no_min_op=
@I [BIND-110] normalize=
@I [BIND-110] quiet=
@I [BIND-110] refine=
@I [BIND-110] reg_weight=[ 0.0 -- 1.0 ]
@I [BIND-110] search=
@I [BIND-110] tight_delay=
@I [BIND-110] verbose=
@I [BIND-110] wFF=
@I [BIND-110] wFU=
@I [BIND-110] wMUX=
@I [BIND-110] wNET=
@I [BIND-100] Starting micro-architecture generation ...
@I [BIND-101] Performing variable lifetime analysis.
@I [BIND-101] Exploring resource sharing.
@I [BIND-101] Binding ...
@I [BIND-100] Finished micro-architecture generation.
@I [HLS-100] Command 'bind' returned 0; elapsed 0.019Total elapsed time: 7.232 sec.
@I [HLS-111] Elapsed time: 0.077 seconds; current memory usage: 93.6 MB.
@I [HLS-100] Command "report -o C:/training/hls/labs/improve_area/dct_prj/solution3/.autopilot/db/dct_dct_1d2.verbose.bind.rpt -verbose -f "
@I [HLS-100] Command 'report' returned 0; elapsed 0.03Total elapsed time: 7.277 sec.
@I [HLS-100] Command "db_write -o C:/training/hls/labs/improve_area/dct_prj/solution3/.autopilot/db/dct_dct_1d2.bind.adb -f "
@I [HLS-100] Command 'db_write' returned 0; elapsed 0.041Total elapsed time: 7.320 sec.
@I [HLS-0] Finish binding dct_dct_1d2.
@I [HLS-10] ----------------------------------------------------------------
@0 [HLS-0] ----------------------------------------------------------------
@I [HLS-10] -- Scheduling module 'dct_dct_2d' 
@0 [HLS-0] -- Scheduling module 'dct_dct_2d' 
@I [HLS-10] ----------------------------------------------------------------
@0 [HLS-0] ----------------------------------------------------------------
@I [HLS-100] Command "set_default_model dct_dct_2d "
@I [HLS-100] Command 'set_default_model' returned 0; elapsed 0Total elapsed time: 7.322 sec.
@I [HLS-100] Command "schedule -model dct_dct_2d "
@I [SCHED-11] Starting scheduling ...
@I [SCHED-61] Pipelining loop 'Xpose_Row_Outer_Loop_Xpose_Row_Inner_Loop'.
@I [SCHED-61] Pipelining result: Target II: 1, Final II: 1, Depth: 2.
@I [SCHED-61] Pipelining loop 'Xpose_Col_Outer_Loop_Xpose_Col_Inner_Loop'.
@I [SCHED-61] Pipelining result: Target II: 1, Final II: 1, Depth: 2.
@I [SCHED-11] Finished scheduling.
@I [HLS-100] Command 'schedule' returned 0; elapsed 0.077Total elapsed time: 7.400 sec.
@I [HLS-111] Elapsed time: 0.163 seconds; current memory usage: 94.5 MB.
@I [HLS-100] Command "report -o C:/training/hls/labs/improve_area/dct_prj/solution3/.autopilot/db/dct_dct_2d.verbose.sched.rpt -verbose -f "
@I [HLS-100] Command 'report' returned 0; elapsed 0.012Total elapsed time: 7.438 sec.
@I [HLS-100] Command "db_write -o C:/training/hls/labs/improve_area/dct_prj/solution3/.autopilot/db/dct_dct_2d.sched.adb -f "
@I [HLS-100] Command 'db_write' returned 0; elapsed 0.02Total elapsed time: 7.459 sec.
@I [HLS-0] Finish scheduling dct_dct_2d.
@I [HLS-10] ----------------------------------------------------------------
@0 [HLS-0] ----------------------------------------------------------------
@I [HLS-10] -- Exploring micro-architecture for module 'dct_dct_2d' 
@0 [HLS-0] -- Exploring micro-architecture for module 'dct_dct_2d' 
@I [HLS-10] ----------------------------------------------------------------
@0 [HLS-0] ----------------------------------------------------------------
@I [HLS-100] Command "set_default_model dct_dct_2d "
@I [HLS-100] Command 'set_default_model' returned 0; elapsed 0Total elapsed time: 7.478 sec.
@I [HLS-100] Command "bind -model dct_dct_2d "
@I [BIND-110] clear=
@I [BIND-110] debug=
@I [BIND-110] drf=
@I [BIND-110] effort=
@I [BIND-110] fast_refine=
@I [BIND-110] fu_weight=[ 0.0 -- 1.0 ]
@I [BIND-110] global_opt=
@I [BIND-110] gsearch=
@I [BIND-110] help=
@I [BIND-110] help-hidden=
@I [BIND-110] min_mem_port=
@I [BIND-110] min_op=
@I [BIND-110] minreg=
@I [BIND-110] ml=
@I [BIND-110] model=dct_dct_2d
@I [BIND-110] no_false_path=
@I [BIND-110] no_min_op=
@I [BIND-110] normalize=
@I [BIND-110] quiet=
@I [BIND-110] refine=
@I [BIND-110] reg_weight=[ 0.0 -- 1.0 ]
@I [BIND-110] search=
@I [BIND-110] tight_delay=
@I [BIND-110] verbose=
@I [BIND-110] wFF=
@I [BIND-110] wFU=
@I [BIND-110] wMUX=
@I [BIND-110] wNET=
@I [BIND-100] Starting micro-architecture generation ...
@I [BIND-101] Performing variable lifetime analysis.
@I [BIND-101] Exploring resource sharing.
@I [BIND-101] Binding ...
@I [BIND-100] Finished micro-architecture generation.
@I [HLS-100] Command 'bind' returned 0; elapsed 0.024Total elapsed time: 7.503 sec.
@I [HLS-111] Elapsed time: 0.105 seconds; current memory usage: 94.6 MB.
@I [HLS-100] Command "report -o C:/training/hls/labs/improve_area/dct_prj/solution3/.autopilot/db/dct_dct_2d.verbose.bind.rpt -verbose -f "
@I [HLS-100] Command 'report' returned 0; elapsed 0.032Total elapsed time: 7.550 sec.
@I [HLS-100] Command "db_write -o C:/training/hls/labs/improve_area/dct_prj/solution3/.autopilot/db/dct_dct_2d.bind.adb -f "
@I [HLS-100] Command 'db_write' returned 0; elapsed 0.03Total elapsed time: 7.582 sec.
@I [HLS-0] Finish binding dct_dct_2d.
@I [HLS-10] ----------------------------------------------------------------
@0 [HLS-0] ----------------------------------------------------------------
@I [HLS-10] -- Scheduling module 'dct' 
@0 [HLS-0] -- Scheduling module 'dct' 
@I [HLS-10] ----------------------------------------------------------------
@0 [HLS-0] ----------------------------------------------------------------
@I [HLS-100] Command "set_default_model dct "
@I [HLS-100] Command 'set_default_model' returned 0; elapsed 0Total elapsed time: 7.586 sec.
@I [HLS-100] Command "schedule -model dct "
@I [SCHED-11] Starting scheduling ...
@I [SCHED-61] Pipelining loop 'RD_Loop_Row_RD_Loop_Col'.
@I [SCHED-61] Pipelining result: Target II: 1, Final II: 1, Depth: 2.
@I [SCHED-61] Pipelining loop 'WR_Loop_Row_WR_Loop_Col'.
@I [SCHED-61] Pipelining result: Target II: 1, Final II: 1, Depth: 2.
@I [SCHED-11] Finished scheduling.
@I [HLS-100] Command 'schedule' returned 0; elapsed 0.055Total elapsed time: 7.643 sec.
@I [HLS-111] Elapsed time: 0.139 seconds; current memory usage: 95.1 MB.
@I [HLS-100] Command "report -o C:/training/hls/labs/improve_area/dct_prj/solution3/.autopilot/db/dct.verbose.sched.rpt -verbose -f "
@I [HLS-100] Command 'report' returned 0; elapsed 0.011Total elapsed time: 7.675 sec.
@I [HLS-100] Command "db_write -o C:/training/hls/labs/improve_area/dct_prj/solution3/.autopilot/db/dct.sched.adb -f "
@I [HLS-100] Command 'db_write' returned 0; elapsed 0.023Total elapsed time: 7.700 sec.
@I [HLS-0] Finish scheduling dct.
@I [HLS-10] ----------------------------------------------------------------
@0 [HLS-0] ----------------------------------------------------------------
@I [HLS-10] -- Exploring micro-architecture for module 'dct' 
@0 [HLS-0] -- Exploring micro-architecture for module 'dct' 
@I [HLS-10] ----------------------------------------------------------------
@0 [HLS-0] ----------------------------------------------------------------
@I [HLS-100] Command "set_default_model dct "
@I [HLS-100] Command 'set_default_model' returned 0; elapsed 0Total elapsed time: 7.710 sec.
@I [HLS-100] Command "bind -model dct "
@I [BIND-110] clear=
@I [BIND-110] debug=
@I [BIND-110] drf=
@I [BIND-110] effort=
@I [BIND-110] fast_refine=
@I [BIND-110] fu_weight=[ 0.0 -- 1.0 ]
@I [BIND-110] global_opt=
@I [BIND-110] gsearch=
@I [BIND-110] help=
@I [BIND-110] help-hidden=
@I [BIND-110] min_mem_port=
@I [BIND-110] min_op=
@I [BIND-110] minreg=
@I [BIND-110] ml=
@I [BIND-110] model=dct
@I [BIND-110] no_false_path=
@I [BIND-110] no_min_op=
@I [BIND-110] normalize=
@I [BIND-110] quiet=
@I [BIND-110] refine=
@I [BIND-110] reg_weight=[ 0.0 -- 1.0 ]
@I [BIND-110] search=
@I [BIND-110] tight_delay=
@I [BIND-110] verbose=
@I [BIND-110] wFF=
@I [BIND-110] wFU=
@I [BIND-110] wMUX=
@I [BIND-110] wNET=
@I [BIND-100] Starting micro-architecture generation ...
@I [BIND-101] Performing variable lifetime analysis.
@I [BIND-101] Exploring resource sharing.
@I [BIND-101] Binding ...
@I [BIND-100] Finished micro-architecture generation.
@I [HLS-100] Command 'bind' returned 0; elapsed 0.025Total elapsed time: 7.737 sec.
@I [HLS-111] Elapsed time: 0.093 seconds; current memory usage: 95.1 MB.
@I [HLS-100] Command "report -o C:/training/hls/labs/improve_area/dct_prj/solution3/.autopilot/db/dct.verbose.bind.rpt -verbose -f "
@I [HLS-100] Command 'report' returned 0; elapsed 0.058Total elapsed time: 7.810 sec.
@I [HLS-100] Command "db_write -o C:/training/hls/labs/improve_area/dct_prj/solution3/.autopilot/db/dct.bind.adb -f "
@I [HLS-100] Command 'db_write' returned 0; elapsed 0.041Total elapsed time: 7.853 sec.
@I [HLS-0] Finish binding dct.
@I [HLS-100] Command "get_model_list dct -filter all-wo-channel "
@I [HLS-100] Command 'get_model_list' returned 0; elapsed 0Total elapsed time: 7.854 sec.
@I [HLS-0] Preprocessing for RTLGen ...
@I [HLS-100] Command "rtl_gen_preprocess dct_dct_1d2 "
@I [HLS-100] Command 'rtl_gen_preprocess' returned 0; elapsed 0Total elapsed time: 7.856 sec.
@I [HLS-100] Command "rtl_gen_preprocess dct_dct_2d "
@I [HLS-100] Command 'rtl_gen_preprocess' returned 0; elapsed 0Total elapsed time: 7.858 sec.
@I [HLS-100] Command "rtl_gen_preprocess dct "
@I [HLS-100] Command 'rtl_gen_preprocess' returned 0; elapsed 0.002Total elapsed time: 7.861 sec.
@I [HLS-0] Model list for RTL generation: dct_dct_1d2 dct_dct_2d dct
@I [HLS-10] ----------------------------------------------------------------
@0 [HLS-0] ----------------------------------------------------------------
@I [HLS-10] -- Generating RTL for module 'dct_dct_1d2' 
@0 [HLS-0] -- Generating RTL for module 'dct_dct_1d2' 
@I [HLS-10] ----------------------------------------------------------------
@0 [HLS-0] ----------------------------------------------------------------
@I [HLS-100] Command "create_rtl_model dct_dct_1d2 -vendor xilinx -mg_file C:/training/hls/labs/improve_area/dct_prj/solution3/.autopilot/db/dct_dct_1d2.compgen.tcl "
@I [RTGEN-100] Generating core module 'dct_mac_muladd_16s_14ns_29s_29_1': 1 instance(s).
@I [RTGEN-100] Generating core module 'dct_mac_muladd_16s_15s_14ns_29_1': 1 instance(s).
@I [RTGEN-100] Generating core module 'dct_mac_muladd_16s_15s_29s_29_1': 3 instance(s).
@I [RTGEN-100] Generating core module 'dct_mul_mul_16s_15s_29_1': 3 instance(s).
@I [RTGEN-100] Finished creating RTL model for 'dct_dct_1d2'.
@I [HLS-100] Command 'create_rtl_model' returned 0; elapsed 0.065Total elapsed time: 7.958 sec.
@I [HLS-111] Elapsed time: 0.222 seconds; current memory usage: 95 MB.
@I [HLS-100] Command "source C:/training/hls/labs/improve_area/dct_prj/solution3/.autopilot/db/dct.rtl_wrap.cfg.tcl "
@I [HLS-100] Command 'ap_source' returned 0; elapsed 0.003Total elapsed time: 7.983 sec.
@I [HLS-100] Command "gen_rtl dct_dct_1d2 -style xilinx -tracefl mytrace -tracefmt vcd -traceopt all -f -lang sc -o C:/training/hls/labs/improve_area/dct_prj/solution3/syn/systemc/dct_dct_1d2 -synmodules dct_dct_1d2 dct_dct_2d dct "
@I [HLS-100] Command 'gen_rtl' returned 0; elapsed 0.013Total elapsed time: 7.998 sec.
@I [HLS-100] Command "gen_rtl dct_dct_1d2 -style xilinx -f -lang vhdl -o C:/training/hls/labs/improve_area/dct_prj/solution3/syn/vhdl/dct_dct_1d2 "
@I [HLS-100] Command 'gen_rtl' returned 0; elapsed 0.007Total elapsed time: 8.10 sec.
@I [HLS-100] Command "gen_rtl dct_dct_1d2 -style xilinx -f -lang vlog -o C:/training/hls/labs/improve_area/dct_prj/solution3/syn/verilog/dct_dct_1d2 "
@I [HLS-100] Command 'gen_rtl' returned 0; elapsed 0.006Total elapsed time: 8.20 sec.
@I [HLS-100] Command "gen_tb_info dct_dct_1d2 -o C:/training/hls/labs/improve_area/dct_prj/solution3/.autopilot/db/dct_dct_1d2 -p C:/training/hls/labs/improve_area/dct_prj/solution3/.autopilot/db "
@I [HLS-100] Command 'gen_tb_info' returned 0; elapsed 0.042Total elapsed time: 8.66 sec.
@I [HLS-100] Command "report -model dct_dct_1d2 -o C:/training/hls/labs/improve_area/dct_prj/solution3/syn/report/dct_dct_1d2_csynth.rpt -f "
@I [HLS-100] Command 'report' returned 0; elapsed 0.02Total elapsed time: 8.87 sec.
@I [HLS-100] Command "report -model dct_dct_1d2 -o C:/training/hls/labs/improve_area/dct_prj/solution3/syn/report/dct_dct_1d2_csynth.xml -f -x "
@I [HLS-100] Command 'report' returned 0; elapsed 0.018Total elapsed time: 8.107 sec.
@I [HLS-100] Command "report -model dct_dct_1d2 -o C:/training/hls/labs/improve_area/dct_prj/solution3/.autopilot/db/dct_dct_1d2.verbose.rpt -verbose -f "
@I [HLS-100] Command 'report' returned 0; elapsed 0.045Total elapsed time: 8.154 sec.
@I [HLS-100] Command "db_write -model dct_dct_1d2 -o C:/training/hls/labs/improve_area/dct_prj/solution3/.autopilot/db/dct_dct_1d2.adb -f "
@I [HLS-100] Command 'db_write' returned 0; elapsed 0.051Total elapsed time: 8.210 sec.
@I [HLS-10] ----------------------------------------------------------------
@0 [HLS-0] ----------------------------------------------------------------
@I [HLS-10] -- Generating RTL for module 'dct_dct_2d' 
@0 [HLS-0] -- Generating RTL for module 'dct_dct_2d' 
@I [HLS-10] ----------------------------------------------------------------
@0 [HLS-0] ----------------------------------------------------------------
@I [HLS-100] Command "create_rtl_model dct_dct_2d -vendor xilinx -mg_file C:/training/hls/labs/improve_area/dct_prj/solution3/.autopilot/db/dct_dct_2d.compgen.tcl "
@I [RTGEN-100] Finished creating RTL model for 'dct_dct_2d'.
@I [HLS-100] Command 'create_rtl_model' returned 0; elapsed 0.041Total elapsed time: 8.460 sec.
@I [HLS-111] Elapsed time: 0.5 seconds; current memory usage: 95.8 MB.
@I [HLS-100] Command "source C:/training/hls/labs/improve_area/dct_prj/solution3/.autopilot/db/dct.rtl_wrap.cfg.tcl "
@I [HLS-100] Command 'ap_source' returned 0; elapsed 0.002Total elapsed time: 8.477 sec.
@I [HLS-100] Command "gen_rtl dct_dct_2d -style xilinx -tracefl mytrace -tracefmt vcd -traceopt all -f -lang sc -o C:/training/hls/labs/improve_area/dct_prj/solution3/syn/systemc/dct_dct_2d -synmodules dct_dct_1d2 dct_dct_2d dct "
@I [HLS-100] Command 'gen_rtl' returned 0; elapsed 0.013Total elapsed time: 8.492 sec.
@I [HLS-100] Command "gen_rtl dct_dct_2d -style xilinx -f -lang vhdl -o C:/training/hls/labs/improve_area/dct_prj/solution3/syn/vhdl/dct_dct_2d "
@I [HLS-100] Command 'gen_rtl' returned 0; elapsed 0.006Total elapsed time: 8.500 sec.
@I [HLS-100] Command "gen_rtl dct_dct_2d -style xilinx -f -lang vlog -o C:/training/hls/labs/improve_area/dct_prj/solution3/syn/verilog/dct_dct_2d "
@I [HLS-100] Command 'gen_rtl' returned 0; elapsed 0.005Total elapsed time: 8.507 sec.
@I [HLS-100] Command "gen_tb_info dct_dct_2d -o C:/training/hls/labs/improve_area/dct_prj/solution3/.autopilot/db/dct_dct_2d -p C:/training/hls/labs/improve_area/dct_prj/solution3/.autopilot/db "
@I [HLS-100] Command 'gen_tb_info' returned 0; elapsed 0.022Total elapsed time: 8.531 sec.
@I [HLS-100] Command "report -model dct_dct_2d -o C:/training/hls/labs/improve_area/dct_prj/solution3/syn/report/dct_dct_2d_csynth.rpt -f "
@I [HLS-100] Command 'report' returned 0; elapsed 0.015Total elapsed time: 8.548 sec.
@I [HLS-100] Command "report -model dct_dct_2d -o C:/training/hls/labs/improve_area/dct_prj/solution3/syn/report/dct_dct_2d_csynth.xml -f -x "
@I [HLS-100] Command 'report' returned 0; elapsed 0.012Total elapsed time: 8.561 sec.
@I [HLS-100] Command "report -model dct_dct_2d -o C:/training/hls/labs/improve_area/dct_prj/solution3/.autopilot/db/dct_dct_2d.verbose.rpt -verbose -f "
@I [HLS-100] Command 'report' returned 0; elapsed 0.05Total elapsed time: 8.613 sec.
@I [HLS-100] Command "db_write -model dct_dct_2d -o C:/training/hls/labs/improve_area/dct_prj/solution3/.autopilot/db/dct_dct_2d.adb -f "
@I [HLS-100] Command 'db_write' returned 0; elapsed 0.038Total elapsed time: 8.652 sec.
@I [HLS-10] ----------------------------------------------------------------
@0 [HLS-0] ----------------------------------------------------------------
@I [HLS-10] -- Generating RTL for module 'dct' 
@0 [HLS-0] -- Generating RTL for module 'dct' 
@I [HLS-10] ----------------------------------------------------------------
@0 [HLS-0] ----------------------------------------------------------------
@I [HLS-100] Command "create_rtl_model dct -vendor xilinx -mg_file C:/training/hls/labs/improve_area/dct_prj/solution3/.autopilot/db/dct.compgen.tcl "
@I [RTGEN-500] Setting interface mode on port 'dct/input_r' to 'ap_memory'.
@I [RTGEN-500] Setting interface mode on port 'dct/output_r' to 'ap_memory'.
@I [RTGEN-500] Setting interface mode on function 'dct' to 'ap_ctrl_hs'.
@I [RTGEN-100] Finished creating RTL model for 'dct'.
@I [HLS-100] Command 'create_rtl_model' returned 0; elapsed 0.027Total elapsed time: 8.826 sec.
@I [HLS-111] Elapsed time: 0.364 seconds; current memory usage: 96.3 MB.
@I [HLS-100] Command "source C:/training/hls/labs/improve_area/dct_prj/solution3/.autopilot/db/dct.rtl_wrap.cfg.tcl "
@I [HLS-100] Command 'ap_source' returned 0; elapsed 0.001Total elapsed time: 8.840 sec.
@I [HLS-100] Command "gen_rtl dct -istop -style xilinx -tracefl mytrace -tracefmt vcd -traceopt all -f -lang sc -o C:/training/hls/labs/improve_area/dct_prj/solution3/syn/systemc/dct -synmodules dct_dct_1d2 dct_dct_2d dct "
@I [HLS-100] Command 'gen_rtl' returned 0; elapsed 0.004Total elapsed time: 8.845 sec.
@I [HLS-100] Command "gen_rtl dct -istop -style xilinx -f -lang vhdl -o C:/training/hls/labs/improve_area/dct_prj/solution3/syn/vhdl/dct "
@I [HLS-100] Command 'gen_rtl' returned 0; elapsed 0.012Total elapsed time: 8.858 sec.
@I [HLS-100] Command "gen_rtl dct -istop -style xilinx -f -lang vlog -o C:/training/hls/labs/improve_area/dct_prj/solution3/syn/verilog/dct "
@I [HLS-100] Command 'gen_rtl' returned 0; elapsed 0.007Total elapsed time: 8.866 sec.
@I [HLS-100] Command "export_constraint_db -o C:/training/hls/labs/improve_area/dct_prj/solution3/.autopilot/db/dct.constraint.tcl -f -tool general "
@I [HLS-100] Command 'export_constraint_db' returned 0; elapsed 0.005Total elapsed time: 8.872 sec.
@I [HLS-100] Command "report -model dct -o C:/training/hls/labs/improve_area/dct_prj/solution3/.autopilot/db/dct.design.xml -verbose -f -dv "
@I [HLS-100] Command 'report' returned 0; elapsed 0.037Total elapsed time: 8.910 sec.
@I [HLS-100] Command "report -model dct -o C:/training/hls/labs/improve_area/dct_prj/solution3/.autopilot/db/dct.sdaccel.xml -verbose -f -sdaccel "
@I [HLS-100] Command 'report' returned 0; elapsed 0.017Total elapsed time: 8.928 sec.
@I [HLS-100] Command "gen_tb_info dct -o C:/training/hls/labs/improve_area/dct_prj/solution3/.autopilot/db/dct -p C:/training/hls/labs/improve_area/dct_prj/solution3/.autopilot/db "
@I [HLS-100] Command 'gen_tb_info' returned 0; elapsed 0.007Total elapsed time: 8.936 sec.
@I [HLS-100] Command "report -model dct -o C:/training/hls/labs/improve_area/dct_prj/solution3/syn/report/dct_csynth.rpt -f "
@I [HLS-100] Command 'report' returned 0; elapsed 0.009Total elapsed time: 8.947 sec.
@I [HLS-100] Command "report -model dct -o C:/training/hls/labs/improve_area/dct_prj/solution3/syn/report/dct_csynth.xml -f -x "
@I [HLS-100] Command 'report' returned 0; elapsed 0.007Total elapsed time: 8.954 sec.
@I [HLS-100] Command "report -model dct -o C:/training/hls/labs/improve_area/dct_prj/solution3/.autopilot/db/dct.verbose.rpt -verbose -f "
@I [HLS-100] Command 'report' returned 0; elapsed 0.047Total elapsed time: 9.2 sec.
@I [HLS-100] Command "db_write -model dct -o C:/training/hls/labs/improve_area/dct_prj/solution3/.autopilot/db/dct.adb -f "
@I [HLS-100] Command 'db_write' returned 0; elapsed 0.025Total elapsed time: 9.29 sec.
@I [HLS-100] Command "sc_get_clocks dct "
@I [HLS-100] Command 'sc_get_clocks' returned 0; elapsed 0Total elapsed time: 9.109 sec.
@I [HLS-100] Command "sc_get_portdomain dct "
@I [HLS-100] Command 'sc_get_portdomain' returned 0; elapsed 0Total elapsed time: 9.109 sec.
@I [HLS-0] Model list for RTL component generation: dct_dct_1d2 dct_dct_2d dct
@I [HLS-0] Handling components in module [dct_dct_1d2] ... 
@I [HLS-100] Command "source C:/training/hls/labs/improve_area/dct_prj/solution3/.autopilot/db/dct_dct_1d2.compgen.tcl "
@I [HLS-0] Found component dct_mac_muladd_16s_15s_29s_29_1.
@I [HLS-0] Append model dct_mac_muladd_16s_15s_29s_29_1
@I [HLS-0] Found component dct_mac_muladd_16s_15s_14ns_29_1.
@I [HLS-0] Append model dct_mac_muladd_16s_15s_14ns_29_1
@I [HLS-0] Found component dct_mac_muladd_16s_14ns_29s_29_1.
@I [HLS-0] Append model dct_mac_muladd_16s_14ns_29s_29_1
@I [HLS-0] Found component dct_mul_mul_16s_15s_29_1.
@I [HLS-0] Append model dct_mul_mul_16s_15s_29_1
@I [HLS-0] Found component dct_dct_1d2_dct_coeff_table_0.
@I [HLS-0] Append model dct_dct_1d2_dct_coeff_table_0
@I [HLS-0] Found component dct_dct_1d2_dct_coeff_table_1.
@I [HLS-0] Append model dct_dct_1d2_dct_coeff_table_1
@I [HLS-0] Found component dct_dct_1d2_dct_coeff_table_2.
@I [HLS-0] Append model dct_dct_1d2_dct_coeff_table_2
@I [HLS-0] Found component dct_dct_1d2_dct_coeff_table_3.
@I [HLS-0] Append model dct_dct_1d2_dct_coeff_table_3
@I [HLS-0] Found component dct_dct_1d2_dct_coeff_table_4.
@I [HLS-0] Append model dct_dct_1d2_dct_coeff_table_4
@I [HLS-0] Found component dct_dct_1d2_dct_coeff_table_5.
@I [HLS-0] Append model dct_dct_1d2_dct_coeff_table_5
@I [HLS-0] Found component dct_dct_1d2_dct_coeff_table_6.
@I [HLS-0] Append model dct_dct_1d2_dct_coeff_table_6
@I [HLS-0] Found component dct_dct_1d2_dct_coeff_table_7.
@I [HLS-0] Append model dct_dct_1d2_dct_coeff_table_7
@I [HLS-100] Command 'ap_source' returned 0; elapsed 0.009Total elapsed time: 9.134 sec.
@I [HLS-0] Handling components in module [dct_dct_2d] ... 
@I [HLS-100] Command "source C:/training/hls/labs/improve_area/dct_prj/solution3/.autopilot/db/dct_dct_2d.compgen.tcl "
@I [HLS-0] Found component dct_dct_2d_row_outbuf.
@I [HLS-0] Append model dct_dct_2d_row_outbuf
@I [HLS-0] Found component dct_dct_2d_col_inbuf.
@I [HLS-0] Append model dct_dct_2d_col_inbuf
@I [HLS-100] Command 'ap_source' returned 0; elapsed 0.01Total elapsed time: 9.147 sec.
@I [HLS-0] Handling components in module [dct] ... 
@I [HLS-100] Command "source C:/training/hls/labs/improve_area/dct_prj/solution3/.autopilot/db/dct.compgen.tcl "
@I [HLS-100] Command 'ap_source' returned 0; elapsed 0.009Total elapsed time: 9.160 sec.
@I [HLS-0] Append model dct_dct_1d2
@I [HLS-0] Append model dct_dct_2d
@I [HLS-0] Append model dct
@I [HLS-0] Generating RTL model list ...
@I [HLS-0] All models in this session: dct_mac_muladd_16s_15s_29s_29_1 dct_mac_muladd_16s_15s_14ns_29_1 dct_mac_muladd_16s_14ns_29s_29_1 dct_mul_mul_16s_15s_29_1 dct_dct_1d2_dct_coeff_table_0 dct_dct_1d2_dct_coeff_table_1 dct_dct_1d2_dct_coeff_table_2 dct_dct_1d2_dct_coeff_table_3 dct_dct_1d2_dct_coeff_table_4 dct_dct_1d2_dct_coeff_table_5 dct_dct_1d2_dct_coeff_table_6 dct_dct_1d2_dct_coeff_table_7 dct_dct_2d_row_outbuf dct_dct_2d_col_inbuf dct_dct_1d2 dct_dct_2d dct
@I [HLS-0] To file: write model dct_mac_muladd_16s_15s_29s_29_1
@I [HLS-0] To file: write model dct_mac_muladd_16s_15s_14ns_29_1
@I [HLS-0] To file: write model dct_mac_muladd_16s_14ns_29s_29_1
@I [HLS-0] To file: write model dct_mul_mul_16s_15s_29_1
@I [HLS-0] To file: write model dct_dct_1d2_dct_coeff_table_0
@I [HLS-0] To file: write model dct_dct_1d2_dct_coeff_table_1
@I [HLS-0] To file: write model dct_dct_1d2_dct_coeff_table_2
@I [HLS-0] To file: write model dct_dct_1d2_dct_coeff_table_3
@I [HLS-0] To file: write model dct_dct_1d2_dct_coeff_table_4
@I [HLS-0] To file: write model dct_dct_1d2_dct_coeff_table_5
@I [HLS-0] To file: write model dct_dct_1d2_dct_coeff_table_6
@I [HLS-0] To file: write model dct_dct_1d2_dct_coeff_table_7
@I [HLS-0] To file: write model dct_dct_2d_row_outbuf
@I [HLS-0] To file: write model dct_dct_2d_col_inbuf
@I [HLS-0] To file: write model dct_dct_1d2
@I [HLS-0] To file: write model dct_dct_2d
@I [HLS-0] To file: write model dct
@I [HLS-0] Finished generating RTL model list.


@I [HLS-0] RTL Generation done.
@I [HLS-0] CAS Generation done.
@I [HLS-0] CBC Generation done.
@I [HLS-100] Command "export_ssdm C:/training/hls/labs/improve_area/dct_prj/solution3/.autopilot/db/a.export.ll "
@I [HLS-100] Command 'export_ssdm' returned 0; elapsed 0.001Total elapsed time: 9.177 sec.
@I [HLS-100] Command "source C:/training/hls/labs/improve_area/dct_prj/solution3/.autopilot/db/global.setting.tcl "
@I [HLS-100] Command 'ap_source' returned 0; elapsed 0.001Total elapsed time: 9.188 sec.
@I [HLS-100] Command "source C:/Xilinx/Vivado_HLS/2016.1/common/technology/generic/autopilot/common.gen "
@I [HLS-100] Command "source C:/Xilinx/Vivado_HLS/2016.1/common/technology/generic/autopilot/APCoreGen.gen "
@I [HLS-100] Command 'ap_source' returned 0; elapsed 0.004Total elapsed time: 9.198 sec.
@I [HLS-100] Command 'ap_source' returned 0; elapsed 0.01Total elapsed time: 9.199 sec.
@I [HLS-100] Command "source C:/Xilinx/Vivado_HLS/2016.1/common/technology/generic/autopilot/op.gen "
@I [HLS-100] Command 'ap_source' returned 0; elapsed 0.006Total elapsed time: 9.205 sec.
@I [HLS-100] Command "source C:/Xilinx/Vivado_HLS/2016.1/common/technology/generic/autopilot/op_simcore.gen "
@I [HLS-100] Command 'ap_source' returned 0; elapsed 0.006Total elapsed time: 9.212 sec.
@I [HLS-100] Command "source C:/Xilinx/Vivado_HLS/2016.1/common/technology/generic/autopilot/interface.gen "
@I [HLS-100] Command 'ap_source' returned 0; elapsed 0.003Total elapsed time: 9.216 sec.
@I [HLS-100] Command "source C:/training/hls/labs/improve_area/dct_prj/solution3/.autopilot/db/global.setting.tcl "
@I [HLS-100] Command 'ap_source' returned 0; elapsed 0.001Total elapsed time: 9.217 sec.
@I [HLS-100] Command "source C:/Xilinx/Vivado_HLS/2016.1/common/technology/xilinx/zynq/zynq.gen "
@I [HLS-100] Command "source C:/Xilinx/Vivado_HLS/2016.1/common/technology/xilinx/common/virtex.gen "
@I [HLS-100] Command "source C:/Xilinx/Vivado_HLS/2016.1/common/technology/xilinx/common/xilinx.gen "
@I [HLS-100] Command "source C:/Xilinx/Vivado_HLS/2016.1/common/technology/xilinx/interface/plb46.gen "
@I [HLS-100] Command 'ap_source' returned 0; elapsed 0.001Total elapsed time: 9.221 sec.
@I [HLS-100] Command "source C:/Xilinx/Vivado_HLS/2016.1/common/technology/xilinx/interface/fsl.gen "
@I [HLS-100] Command 'ap_source' returned 0; elapsed 0.001Total elapsed time: 9.222 sec.
@I [HLS-100] Command "source C:/Xilinx/Vivado_HLS/2016.1/common/technology/xilinx/interface/axi4.gen "
@I [HLS-100] Command 'ap_source' returned 0; elapsed 0.003Total elapsed time: 9.225 sec.
@I [HLS-100] Command "source C:/Xilinx/Vivado_HLS/2016.1/common/technology/xilinx/interface/nativeAXI4.gen "
@I [HLS-100] Command "source C:/Xilinx/Vivado_HLS/2016.1/common/technology/xilinx/interface/saxilite.gen "
@I [HLS-100] Command 'ap_source' returned 0; elapsed 0.004Total elapsed time: 9.229 sec.
@I [HLS-100] Command "source C:/Xilinx/Vivado_HLS/2016.1/common/technology/xilinx/interface/maxi.gen "
@I [HLS-100] Command 'ap_source' returned 0; elapsed 0.009Total elapsed time: 9.238 sec.
@I [HLS-100] Command 'ap_source' returned 0; elapsed 0.013Total elapsed time: 9.238 sec.
@I [HLS-100] Command "source C:/Xilinx/Vivado_HLS/2016.1/common/technology/xilinx/scripts/xilinxcoregen.gen "
@I [HLS-100] Command 'ap_source' returned 0; elapsed 0.009Total elapsed time: 9.248 sec.
@I [HLS-100] Command "source C:/Xilinx/Vivado_HLS/2016.1/common/technology/xilinx/interface/XilEDKCoreGen.gen "
@I [HLS-100] Command 'ap_source' returned 0; elapsed 0.009Total elapsed time: 9.257 sec.
@I [HLS-100] Command "source C:/Xilinx/Vivado_HLS/2016.1/common/technology/xilinx/ip/dds_compiler.gen "
@I [HLS-100] Command 'ap_source' returned 0; elapsed 0.003Total elapsed time: 9.261 sec.
@I [HLS-100] Command "source C:/Xilinx/Vivado_HLS/2016.1/common/technology/xilinx/ip/util.gen "
@I [HLS-100] Command 'ap_source' returned 0; elapsed 0.001Total elapsed time: 9.262 sec.
@I [HLS-100] Command "source C:/Xilinx/Vivado_HLS/2016.1/common/technology/xilinx/ip/xfft.gen "
@I [HLS-100] Command 'ap_source' returned 0; elapsed 0.096Total elapsed time: 9.358 sec.
@I [HLS-100] Command "source C:/Xilinx/Vivado_HLS/2016.1/common/technology/xilinx/ip/xfir.gen "
@I [HLS-100] Command 'ap_source' returned 0; elapsed 0.001Total elapsed time: 9.360 sec.
@I [HLS-100] Command 'ap_source' returned 0; elapsed 0.142Total elapsed time: 9.361 sec.
@I [HLS-100] Command "source C:/Xilinx/Vivado_HLS/2016.1/common/technology/xilinx/common/dsp48.gen "
@I [HLS-100] Command 'ap_source' returned 0; elapsed 0Total elapsed time: 9.363 sec.
@I [HLS-100] Command 'ap_source' returned 0; elapsed 0.146Total elapsed time: 9.364 sec.
@I [HLS-100] Command 'ap_source' returned 0; elapsed 0.146Total elapsed time: 9.364 sec.
@I [HLS-100] Command "source C:/Xilinx/Vivado_HLS/2016.1/common/technology/xilinx/zynq/zynq_fpv6.gen "
@I [HLS-100] Command "source C:/Xilinx/Vivado_HLS/2016.1/common/technology/xilinx/common/xilinx_fpv6.gen "
@I [HLS-100] Command 'ap_source' returned 0; elapsed 0.002Total elapsed time: 9.367 sec.
@I [HLS-100] Command 'ap_source' returned 0; elapsed 0.003Total elapsed time: 9.367 sec.
@I [HLS-100] Command "source C:/training/hls/labs/improve_area/dct_prj/solution3/.autopilot/db/global.setting.tcl "
@I [HLS-100] Command 'ap_source' returned 0; elapsed 0.001Total elapsed time: 9.379 sec.
@I [HLS-100] Command "source C:/training/hls/labs/improve_area/dct_prj/solution3/.autopilot/db/global.setting.tcl "
@I [HLS-100] Command 'ap_source' returned 0; elapsed 0.001Total elapsed time: 9.381 sec.
@I [HLS-100] Command "source C:/training/hls/labs/improve_area/dct_prj/solution3/.autopilot/db/global.setting.tcl "
@I [HLS-100] Command 'ap_source' returned 0; elapsed 0.001Total elapsed time: 9.383 sec.
@I [HLS-100] Command "source C:/training/hls/labs/improve_area/dct_prj/solution3/.autopilot/db/global.setting.tcl "
@I [HLS-100] Command 'ap_source' returned 0; elapsed 0.001Total elapsed time: 9.384 sec.
@I [HLS-100] Command "source C:/training/hls/labs/improve_area/dct_prj/solution3/.autopilot/db/dct_dct_1d2.compgen.tcl "
@I [RTMG-279] Implementing memory 'dct_dct_1d2_dct_coeff_table_0_rom' using distributed ROMs.
@I [RTMG-279] Implementing memory 'dct_dct_1d2_dct_coeff_table_1_rom' using distributed ROMs.
@I [RTMG-279] Implementing memory 'dct_dct_1d2_dct_coeff_table_2_rom' using distributed ROMs.
@I [RTMG-279] Implementing memory 'dct_dct_1d2_dct_coeff_table_3_rom' using distributed ROMs.
@I [RTMG-279] Implementing memory 'dct_dct_1d2_dct_coeff_table_4_rom' using distributed ROMs.
@I [RTMG-279] Implementing memory 'dct_dct_1d2_dct_coeff_table_5_rom' using distributed ROMs.
@I [RTMG-279] Implementing memory 'dct_dct_1d2_dct_coeff_table_6_rom' using distributed ROMs.
@I [RTMG-279] Implementing memory 'dct_dct_1d2_dct_coeff_table_7_rom' using distributed ROMs.
@I [HLS-100] Command 'ap_source' returned 0; elapsed 0.354Total elapsed time: 9.746 sec.
@I [HLS-100] Command "source C:/training/hls/labs/improve_area/dct_prj/solution3/.autopilot/db/dct_dct_2d.compgen.tcl "
@I [RTMG-278] Implementing memory 'dct_dct_2d_row_outbuf_ram' using block RAMs.
@I [RTMG-278] Implementing memory 'dct_dct_2d_col_inbuf_ram' using block RAMs.
@I [HLS-100] Command 'ap_source' returned 0; elapsed 0.052Total elapsed time: 9.799 sec.
@I [HLS-100] Command "source C:/training/hls/labs/improve_area/dct_prj/solution3/.autopilot/db/dct.compgen.tcl "
@I [HLS-100] Command 'ap_source' returned 0; elapsed 0.001Total elapsed time: 9.801 sec.
@I [HLS-10] Finished generating all RTL models.
@0 [HLS-0] Finished generating all RTL models.
@I [SYSC-301] Generating SystemC RTL for dct.
@I [VHDL-304] Generating VHDL RTL for dct.
@I [VLOG-307] Generating Verilog RTL for dct.
@I [HLS-100] Command 'autosyn' returned 0; elapsed 3.563Total elapsed time: 10.614 sec.
@I [HLS-100] Command 'csynth_design' returned 0; elapsed 8.301Total elapsed time: 10.615 sec.
@I [HLS-100] Command 'ap_source' returned 0; elapsed 9.039Total elapsed time: 10.615 sec.
@I [HLS-100] Command "cleanup_all "
@I [HLS-100] Command 'cleanup_all' returned 0; elapsed 0.005Total elapsed time: 10.621 sec.
