

================================================================
== Vivado HLS Report for 'yuv_filter_yuv2rgb'
================================================================
* Date:           Fri Jun 10 13:58:14 2016

* Version:        2016.1 (Build 1538259 on Fri Apr 08 16:12:49 MDT 2016)
* Project:        yuv_filter_prj
* Solution:       solution1
* Product family: zynq
* Target device:  xc7z020clg484-1


================================================================
== Performance Estimates
================================================================
+ Timing (ns): 
    * Summary: 
    +--------+-------+----------+------------+
    |  Clock | Target| Estimated| Uncertainty|
    +--------+-------+----------+------------+
    |ap_clk  |  10.00|     11.19|        1.25|
    +--------+-------+----------+------------+

+ Latency (clock cycles): 
    * Summary: 
    +--------+----------+--------+----------+---------+
    |      Latency      |      Interval     | Pipeline|
    |   min  |    max   |   min  |    max   |   Type  |
    +--------+----------+--------+----------+---------+
    |  320401|  19664641|  320401|  19664641|   none  |
    +--------+----------+--------+----------+---------+

    + Detail: 
        * Instance: 
        N/A

        * Loop: 
        +-------------------+--------+----------+--------------+-----------+-----------+------------+----------+
        |                   |      Latency      |   Iteration  |  Initiation Interval  |    Trip    |          |
        |     Loop Name     |   min  |    max   |    Latency   |  achieved |   target  |    Count   | Pipelined|
        +-------------------+--------+----------+--------------+-----------+-----------+------------+----------+
        |- YUV2RGB_LOOP_X   |  320400|  19664640| 1602 ~ 10242 |          -|          -| 200 ~ 1920 |    no    |
        | + YUV2RGB_LOOP_Y  |    1600|     10240|             8|          -|          -| 200 ~ 1280 |    no    |
        +-------------------+--------+----------+--------------+-----------+-----------+------------+----------+

============================================================
+ Verbose Summary: Synthesis Manager
============================================================
InlineROM: 1
ExposeGlobal: 0
============================================================
+ Verbose Summary: CDFG Model
============================================================
IsTopModel: 0
ResetActiveHigh: 1
IsCombinational: 0
IsDatapathOnly: 0
HasWiredReturn: 1
HasMFsm: 0
HasVarLatency: 1
IsPipeline: 0
IsRtlPipelined: 0
IsInstanceOverlapped: 0
IsDontTouch: 0
HasImplIP: 0
IsGatedGlobalClock: 0


============================================================
+ Verbose Summary: Schedule
============================================================
* Number of FSM states: 10
* Pipeline: 0
* Dataflow Pipeline: 0

* FSM state transitions: 
1 --> 
	2  / true
2 --> 
	3  / (!exitcond1)
3 --> 
	4  / (!exitcond)
	2  / (exitcond)
4 --> 
	5  / true
5 --> 
	6  / true
6 --> 
	7  / true
7 --> 
	8  / true
8 --> 
	9  / true
9 --> 
	10  / true
10 --> 
	3  / true
* FSM state operations: 

 <State 1>: 1.57ns
ST_1: in_height_read_1 [1/1] 0.00ns
:0  %in_height_read_1 = call i16 @_ssdm_op_Read.ap_auto.i16(i16 %in_height_read)

ST_1: in_width_read_1 [1/1] 0.00ns
:1  %in_width_read_1 = call i16 @_ssdm_op_Read.ap_auto.i16(i16 %in_width_read)

ST_1: stg_13 [1/1] 1.57ns
:2  br label %1


 <State 2>: 2.28ns
ST_2: x [1/1] 0.00ns
:0  %x = phi i16 [ 0, %0 ], [ %x_1, %4 ]

ST_2: exitcond1 [1/1] 2.28ns
:1  %exitcond1 = icmp eq i16 %x, %in_width_read_1

ST_2: x_1 [1/1] 1.96ns
:2  %x_1 = add i16 %x, 1

ST_2: stg_17 [1/1] 0.00ns
:3  br i1 %exitcond1, label %5, label %2

ST_2: stg_18 [1/1] 0.00ns
:0  call void (...)* @_ssdm_op_SpecLoopName([15 x i8]* @p_str3) nounwind

ST_2: tmp_1 [1/1] 0.00ns
:1  %tmp_1 = call i32 (...)* @_ssdm_op_SpecRegionBegin([15 x i8]* @p_str3)

ST_2: stg_20 [1/1] 0.00ns
:2  call void (...)* @_ssdm_op_SpecLoopTripCount(i32 200, i32 1920, i32 1060, [1 x i8]* @p_str1) nounwind

ST_2: tmp [1/1] 0.00ns
:3  %tmp = trunc i16 %x to i13

ST_2: p_shl2_cast [1/1] 0.00ns
:4  %p_shl2_cast = call i23 @_ssdm_op_BitConcatenate.i23.i13.i10(i13 %tmp, i10 0)

ST_2: tmp_5 [1/1] 0.00ns
:5  %tmp_5 = trunc i16 %x to i15

ST_2: p_shl3_cast [1/1] 0.00ns
:6  %p_shl3_cast = call i23 @_ssdm_op_BitConcatenate.i23.i15.i8(i15 %tmp_5, i8 0)

ST_2: tmp_s [1/1] 2.20ns
:7  %tmp_s = add i23 %p_shl2_cast, %p_shl3_cast

ST_2: stg_26 [1/1] 1.57ns
:8  br label %3

ST_2: mrv [1/1] 0.00ns
:0  %mrv = insertvalue { i16, i16 } undef, i16 %in_width_read_1, 0

ST_2: mrv_1 [1/1] 0.00ns
:1  %mrv_1 = insertvalue { i16, i16 } %mrv, i16 %in_height_read_1, 1

ST_2: stg_29 [1/1] 0.00ns
:2  ret { i16, i16 } %mrv_1


 <State 3>: 4.81ns
ST_3: y [1/1] 0.00ns
:0  %y = phi i16 [ 0, %2 ], [ %y_1, %_ifconv ]

ST_3: exitcond [1/1] 2.28ns
:1  %exitcond = icmp eq i16 %y, %in_height_read_1

ST_3: y_1 [1/1] 1.96ns
:2  %y_1 = add i16 %y, 1

ST_3: stg_33 [1/1] 0.00ns
:3  br i1 %exitcond, label %4, label %_ifconv

ST_3: tmp_cast [1/1] 0.00ns
_ifconv:3  %tmp_cast = zext i16 %y to i23

ST_3: tmp_6 [1/1] 2.20ns
_ifconv:4  %tmp_6 = add i23 %tmp_cast, %tmp_s

ST_3: tmp_21_cast [1/1] 0.00ns
_ifconv:5  %tmp_21_cast = zext i23 %tmp_6 to i64

ST_3: in_channels_ch1_addr [1/1] 0.00ns
_ifconv:6  %in_channels_ch1_addr = getelementptr [2457600 x i8]* %in_channels_ch1, i64 0, i64 %tmp_21_cast

ST_3: in_channels_ch3_addr [1/1] 0.00ns
_ifconv:8  %in_channels_ch3_addr = getelementptr [2457600 x i8]* %in_channels_ch3, i64 0, i64 %tmp_21_cast

ST_3: Y [4/4] 2.61ns
_ifconv:12  %Y = load i8* %in_channels_ch1_addr, align 1

ST_3: V [4/4] 2.61ns
_ifconv:14  %V = load i8* %in_channels_ch3_addr, align 1

ST_3: empty_16 [1/1] 0.00ns
:0  %empty_16 = call i32 (...)* @_ssdm_op_SpecRegionEnd([15 x i8]* @p_str3, i32 %tmp_1)

ST_3: stg_42 [1/1] 0.00ns
:1  br label %1


 <State 4>: 2.61ns
ST_4: in_channels_ch2_addr [1/1] 0.00ns
_ifconv:7  %in_channels_ch2_addr = getelementptr [2457600 x i8]* %in_channels_ch2, i64 0, i64 %tmp_21_cast

ST_4: Y [3/4] 2.61ns
_ifconv:12  %Y = load i8* %in_channels_ch1_addr, align 1

ST_4: U [4/4] 2.61ns
_ifconv:13  %U = load i8* %in_channels_ch2_addr, align 1

ST_4: V [3/4] 2.61ns
_ifconv:14  %V = load i8* %in_channels_ch3_addr, align 1


 <State 5>: 2.61ns
ST_5: Y [2/4] 2.61ns
_ifconv:12  %Y = load i8* %in_channels_ch1_addr, align 1

ST_5: U [3/4] 2.61ns
_ifconv:13  %U = load i8* %in_channels_ch2_addr, align 1

ST_5: V [2/4] 2.61ns
_ifconv:14  %V = load i8* %in_channels_ch3_addr, align 1


 <State 6>: 2.61ns
ST_6: Y [1/4] 2.61ns
_ifconv:12  %Y = load i8* %in_channels_ch1_addr, align 1

ST_6: U [2/4] 2.61ns
_ifconv:13  %U = load i8* %in_channels_ch2_addr, align 1

ST_6: V [1/4] 2.61ns
_ifconv:14  %V = load i8* %in_channels_ch3_addr, align 1


 <State 7>: 7.75ns
ST_7: U [1/4] 2.61ns
_ifconv:13  %U = load i8* %in_channels_ch2_addr, align 1

ST_7: tmp_3_cast [1/1] 0.00ns
_ifconv:15  %tmp_3_cast = zext i8 %Y to i9

ST_7: C [1/1] 0.00ns
_ifconv:16  %C = add i9 -16, %tmp_3_cast

ST_7: D [1/1] 1.37ns
_ifconv:17  %D = xor i8 %U, -128

ST_7: E [1/1] 1.37ns
_ifconv:18  %E = xor i8 %V, -128

ST_7: tmp_6_cast [1/1] 0.00ns
_ifconv:19  %tmp_6_cast = sext i9 %C to i18

ST_7: tmp_7 [1/1] 3.36ns
_ifconv:20  %tmp_7 = mul i18 298, %tmp_6_cast

ST_7: tmp_8_cast5 [1/1] 0.00ns
_ifconv:21  %tmp_8_cast5 = sext i8 %E to i17

ST_7: tmp_3 [1/1] 3.02ns
_ifconv:24  %tmp_3 = add i18 128, %tmp_7

ST_7: tmp_13 [1/1] 6.38ns
_ifconv:36  %tmp_13 = mul i17 -208, %tmp_8_cast5


 <State 8>: 11.19ns
ST_8: tmp_8_cast [1/1] 0.00ns
_ifconv:22  %tmp_8_cast = sext i8 %E to i18

ST_8: tmp_9 [1/1] 3.36ns
_ifconv:23  %tmp_9 = mul i18 409, %tmp_8_cast

ST_8: tmp_4 [1/1] 3.02ns
_ifconv:25  %tmp_4 = add i18 %tmp_3, %tmp_9

ST_8: tmp_8 [1/1] 0.00ns
_ifconv:26  %tmp_8 = call i2 @_ssdm_op_PartSelect.i2.i18.i32.i32(i18 %tmp_4, i32 16, i32 17)

ST_8: icmp [1/1] 1.36ns
_ifconv:27  %icmp = icmp eq i2 %tmp_8, 1

ST_8: tmp_10 [1/1] 0.00ns (grouped into LUT with out node R)
_ifconv:28  %tmp_10 = call i1 @_ssdm_op_BitSelect.i1.i18.i32(i18 %tmp_4, i32 17)

ST_8: phitmp [1/1] 0.00ns (grouped into LUT with out node R)
_ifconv:29  %phitmp = call i8 @_ssdm_op_PartSelect.i8.i18.i32.i32(i18 %tmp_4, i32 8, i32 15)

ST_8: p_phitmp [1/1] 0.00ns (grouped into LUT with out node R)
_ifconv:30  %p_phitmp = select i1 %icmp, i8 -1, i8 0

ST_8: tmp_11 [1/1] 0.00ns (grouped into LUT with out node R)
_ifconv:31  %tmp_11 = or i1 %icmp, %tmp_10

ST_8: R [1/1] 1.37ns (out node of the LUT)
_ifconv:32  %R = select i1 %tmp_11, i8 %p_phitmp, i8 %phitmp

ST_8: tmp_16_cast4_cast [1/1] 0.00ns
_ifconv:33  %tmp_16_cast4_cast = sext i8 %D to i16

ST_8: tmp_12 [1/1] 3.36ns
_ifconv:34  %tmp_12 = mul i16 -100, %tmp_16_cast4_cast

ST_8: tmp_12_cast [1/1] 0.00ns
_ifconv:35  %tmp_12_cast = sext i16 %tmp_12 to i17

ST_8: tmp1 [1/1] 3.02ns
_ifconv:37  %tmp1 = add i17 %tmp_12_cast, %tmp_13

ST_8: tmp1_cast [1/1] 0.00ns
_ifconv:38  %tmp1_cast = sext i17 %tmp1 to i18

ST_8: tmp_14 [1/1] 2.08ns
_ifconv:39  %tmp_14 = add i18 %tmp1_cast, %tmp_3

ST_8: tmp_15 [1/1] 0.00ns
_ifconv:40  %tmp_15 = call i2 @_ssdm_op_PartSelect.i2.i18.i32.i32(i18 %tmp_14, i32 16, i32 17)

ST_8: icmp9 [1/1] 1.36ns
_ifconv:41  %icmp9 = icmp eq i2 %tmp_15, 1

ST_8: tmp_16 [1/1] 0.00ns (grouped into LUT with out node G)
_ifconv:42  %tmp_16 = call i1 @_ssdm_op_BitSelect.i1.i18.i32(i18 %tmp_14, i32 17)

ST_8: phitmp2 [1/1] 0.00ns (grouped into LUT with out node G)
_ifconv:43  %phitmp2 = call i8 @_ssdm_op_PartSelect.i8.i18.i32.i32(i18 %tmp_14, i32 8, i32 15)

ST_8: p_phitmp2 [1/1] 0.00ns (grouped into LUT with out node G)
_ifconv:44  %p_phitmp2 = select i1 %icmp9, i8 -1, i8 0

ST_8: tmp_17 [1/1] 0.00ns (grouped into LUT with out node G)
_ifconv:45  %tmp_17 = or i1 %icmp9, %tmp_16

ST_8: G [1/1] 1.37ns (out node of the LUT)
_ifconv:46  %G = select i1 %tmp_17, i8 %p_phitmp2, i8 %phitmp2

ST_8: p_shl [1/1] 0.00ns
_ifconv:47  %p_shl = call i17 @_ssdm_op_BitConcatenate.i17.i8.i9(i8 %D, i9 0)

ST_8: p_shl_cast [1/1] 0.00ns
_ifconv:48  %p_shl_cast = sext i17 %p_shl to i19

ST_8: p_shl1 [1/1] 0.00ns
_ifconv:49  %p_shl1 = call i10 @_ssdm_op_BitConcatenate.i10.i8.i2(i8 %D, i2 0)

ST_8: p_shl1_cast [1/1] 0.00ns
_ifconv:50  %p_shl1_cast = sext i10 %p_shl1 to i18

ST_8: tmp2 [1/1] 2.08ns
_ifconv:51  %tmp2 = add i18 %p_shl1_cast, %tmp_3

ST_8: tmp2_cast [1/1] 0.00ns
_ifconv:52  %tmp2_cast = sext i18 %tmp2 to i19

ST_8: tmp_18 [1/1] 2.08ns
_ifconv:53  %tmp_18 = add i19 %tmp2_cast, %p_shl_cast

ST_8: tmp_19 [1/1] 0.00ns
_ifconv:54  %tmp_19 = call i3 @_ssdm_op_PartSelect.i3.i19.i32.i32(i19 %tmp_18, i32 16, i32 18)

ST_8: icmp1 [1/1] 1.62ns
_ifconv:55  %icmp1 = icmp sgt i3 %tmp_19, 0

ST_8: tmp_20 [1/1] 0.00ns (grouped into LUT with out node B)
_ifconv:56  %tmp_20 = call i1 @_ssdm_op_BitSelect.i1.i19.i32(i19 %tmp_18, i32 18)

ST_8: phitmp3 [1/1] 0.00ns (grouped into LUT with out node B)
_ifconv:57  %phitmp3 = call i8 @_ssdm_op_PartSelect.i8.i19.i32.i32(i19 %tmp_18, i32 8, i32 15)

ST_8: p_phitmp3 [1/1] 0.00ns (grouped into LUT with out node B)
_ifconv:58  %p_phitmp3 = select i1 %icmp1, i8 -1, i8 0

ST_8: tmp_21 [1/1] 0.00ns (grouped into LUT with out node B)
_ifconv:59  %tmp_21 = or i1 %icmp1, %tmp_20

ST_8: B [1/1] 1.37ns (out node of the LUT)
_ifconv:60  %B = select i1 %tmp_21, i8 %p_phitmp3, i8 %phitmp3


 <State 9>: 2.61ns
ST_9: out_channels_ch1_addr [1/1] 0.00ns
_ifconv:9  %out_channels_ch1_addr = getelementptr [2457600 x i8]* %out_channels_ch1, i64 0, i64 %tmp_21_cast

ST_9: out_channels_ch2_addr [1/1] 0.00ns
_ifconv:10  %out_channels_ch2_addr = getelementptr [2457600 x i8]* %out_channels_ch2, i64 0, i64 %tmp_21_cast

ST_9: out_channels_ch3_addr [1/1] 0.00ns
_ifconv:11  %out_channels_ch3_addr = getelementptr [2457600 x i8]* %out_channels_ch3, i64 0, i64 %tmp_21_cast

ST_9: stg_103 [2/2] 2.61ns
_ifconv:61  store i8 %R, i8* %out_channels_ch1_addr, align 1

ST_9: stg_104 [2/2] 2.61ns
_ifconv:62  store i8 %G, i8* %out_channels_ch2_addr, align 1

ST_9: stg_105 [2/2] 2.61ns
_ifconv:63  store i8 %B, i8* %out_channels_ch3_addr, align 1


 <State 10>: 2.61ns
ST_10: stg_106 [1/1] 0.00ns
_ifconv:0  call void (...)* @_ssdm_op_SpecLoopName([15 x i8]* @p_str4) nounwind

ST_10: tmp_2 [1/1] 0.00ns
_ifconv:1  %tmp_2 = call i32 (...)* @_ssdm_op_SpecRegionBegin([15 x i8]* @p_str4)

ST_10: stg_108 [1/1] 0.00ns
_ifconv:2  call void (...)* @_ssdm_op_SpecLoopTripCount(i32 200, i32 1280, i32 740, [1 x i8]* @p_str1) nounwind

ST_10: stg_109 [1/2] 2.61ns
_ifconv:61  store i8 %R, i8* %out_channels_ch1_addr, align 1

ST_10: stg_110 [1/2] 2.61ns
_ifconv:62  store i8 %G, i8* %out_channels_ch2_addr, align 1

ST_10: stg_111 [1/2] 2.61ns
_ifconv:63  store i8 %B, i8* %out_channels_ch3_addr, align 1

ST_10: empty [1/1] 0.00ns
_ifconv:64  %empty = call i32 (...)* @_ssdm_op_SpecRegionEnd([15 x i8]* @p_str4, i32 %tmp_2)

ST_10: stg_113 [1/1] 0.00ns
_ifconv:65  br label %3



============================================================
+ Verbose Summary: Binding
============================================================
STG Binding: 
---------------- STG Properties BEGIN ----------------
- Is combinational: 0
- Is one-state seq: 0
- Is datapath-only: 0
- Is clock enabled: 0
- Is pipelined: 0
- Is top level: 0
Port [ Return ] is wired: 1; IO mode=ap_ctrl_hs:ce=0
Port [ in_channels_ch1]:  wired=1; compound=1; hidden=0; nouse=0; global=0; static=0; extern=0; dir=0; type=1; pingpong=0; private_global=0; MemPort=[13]; IO mode=ap_memory:ce=0
Port [ in_channels_ch2]:  wired=1; compound=1; hidden=0; nouse=0; global=0; static=0; extern=0; dir=0; type=1; pingpong=0; private_global=0; MemPort=[13]; IO mode=ap_memory:ce=0
Port [ in_channels_ch3]:  wired=1; compound=1; hidden=0; nouse=0; global=0; static=0; extern=0; dir=0; type=1; pingpong=0; private_global=0; MemPort=[13]; IO mode=ap_memory:ce=0
Port [ out_width]:  wired=1; compound=0; hidden=0; nouse=0; global=0; static=0; extern=0; dir=0; type=0; pingpong=0; private_global=0; IO mode=ap_none:ce=0
Port [ out_height]:  wired=1; compound=0; hidden=0; nouse=0; global=0; static=0; extern=0; dir=0; type=0; pingpong=0; private_global=0; IO mode=ap_none:ce=0
Port [ out_channels_ch1]:  wired=1; compound=1; hidden=0; nouse=0; global=0; static=0; extern=0; dir=1; type=1; pingpong=0; private_global=0; MemPort=[03]; IO mode=ap_memory:ce=0
Port [ out_channels_ch2]:  wired=1; compound=1; hidden=0; nouse=0; global=0; static=0; extern=0; dir=1; type=1; pingpong=0; private_global=0; MemPort=[03]; IO mode=ap_memory:ce=0
Port [ out_channels_ch3]:  wired=1; compound=1; hidden=0; nouse=0; global=0; static=0; extern=0; dir=1; type=1; pingpong=0; private_global=0; MemPort=[03]; IO mode=ap_memory:ce=0
---------------- STG Properties END ------------------

---------------- Datapath Model BEGIN ----------------

<LifeTime>
<method=bitvector/>
in_height_read_1      (read             ) [ 00111111111]
in_width_read_1       (read             ) [ 00111111111]
stg_13                (br               ) [ 01111111111]
x                     (phi              ) [ 00100000000]
exitcond1             (icmp             ) [ 00111111111]
x_1                   (add              ) [ 01111111111]
stg_17                (br               ) [ 00000000000]
stg_18                (specloopname     ) [ 00000000000]
tmp_1                 (specregionbegin  ) [ 00011111111]
stg_20                (speclooptripcount) [ 00000000000]
tmp                   (trunc            ) [ 00000000000]
p_shl2_cast           (bitconcatenate   ) [ 00000000000]
tmp_5                 (trunc            ) [ 00000000000]
p_shl3_cast           (bitconcatenate   ) [ 00000000000]
tmp_s                 (add              ) [ 00011111111]
stg_26                (br               ) [ 00111111111]
mrv                   (insertvalue      ) [ 00000000000]
mrv_1                 (insertvalue      ) [ 00000000000]
stg_29                (ret              ) [ 00000000000]
y                     (phi              ) [ 00010000000]
exitcond              (icmp             ) [ 00111111111]
y_1                   (add              ) [ 00111111111]
stg_33                (br               ) [ 00000000000]
tmp_cast              (zext             ) [ 00000000000]
tmp_6                 (add              ) [ 00000000000]
tmp_21_cast           (zext             ) [ 00001111110]
in_channels_ch1_addr  (getelementptr    ) [ 00001110000]
in_channels_ch3_addr  (getelementptr    ) [ 00001110000]
empty_16              (specregionend    ) [ 00000000000]
stg_42                (br               ) [ 01111111111]
in_channels_ch2_addr  (getelementptr    ) [ 00000111000]
Y                     (load             ) [ 00000001000]
V                     (load             ) [ 00000001000]
U                     (load             ) [ 00000000000]
tmp_3_cast            (zext             ) [ 00000000000]
C                     (add              ) [ 00000000000]
D                     (xor              ) [ 00000000100]
E                     (xor              ) [ 00000000100]
tmp_6_cast            (sext             ) [ 00000000000]
tmp_7                 (mul              ) [ 00000000000]
tmp_8_cast5           (sext             ) [ 00000000000]
tmp_3                 (add              ) [ 00000000100]
tmp_13                (mul              ) [ 00000000100]
tmp_8_cast            (sext             ) [ 00000000000]
tmp_9                 (mul              ) [ 00000000000]
tmp_4                 (add              ) [ 00000000000]
tmp_8                 (partselect       ) [ 00000000000]
icmp                  (icmp             ) [ 00000000000]
tmp_10                (bitselect        ) [ 00000000000]
phitmp                (partselect       ) [ 00000000000]
p_phitmp              (select           ) [ 00000000000]
tmp_11                (or               ) [ 00000000000]
R                     (select           ) [ 00000000011]
tmp_16_cast4_cast     (sext             ) [ 00000000000]
tmp_12                (mul              ) [ 00000000000]
tmp_12_cast           (sext             ) [ 00000000000]
tmp1                  (add              ) [ 00000000000]
tmp1_cast             (sext             ) [ 00000000000]
tmp_14                (add              ) [ 00000000000]
tmp_15                (partselect       ) [ 00000000000]
icmp9                 (icmp             ) [ 00000000000]
tmp_16                (bitselect        ) [ 00000000000]
phitmp2               (partselect       ) [ 00000000000]
p_phitmp2             (select           ) [ 00000000000]
tmp_17                (or               ) [ 00000000000]
G                     (select           ) [ 00000000011]
p_shl                 (bitconcatenate   ) [ 00000000000]
p_shl_cast            (sext             ) [ 00000000000]
p_shl1                (bitconcatenate   ) [ 00000000000]
p_shl1_cast           (sext             ) [ 00000000000]
tmp2                  (add              ) [ 00000000000]
tmp2_cast             (sext             ) [ 00000000000]
tmp_18                (add              ) [ 00000000000]
tmp_19                (partselect       ) [ 00000000000]
icmp1                 (icmp             ) [ 00000000000]
tmp_20                (bitselect        ) [ 00000000000]
phitmp3               (partselect       ) [ 00000000000]
p_phitmp3             (select           ) [ 00000000000]
tmp_21                (or               ) [ 00000000000]
B                     (select           ) [ 00000000011]
out_channels_ch1_addr (getelementptr    ) [ 00000000001]
out_channels_ch2_addr (getelementptr    ) [ 00000000001]
out_channels_ch3_addr (getelementptr    ) [ 00000000001]
stg_106               (specloopname     ) [ 00000000000]
tmp_2                 (specregionbegin  ) [ 00000000000]
stg_108               (speclooptripcount) [ 00000000000]
stg_109               (store            ) [ 00000000000]
stg_110               (store            ) [ 00000000000]
stg_111               (store            ) [ 00000000000]
empty                 (specregionend    ) [ 00000000000]
stg_113               (br               ) [ 00111111111]
</LifeTime>

<model>

<comp_list>
<comp id="0" class="1000" name="in_channels_ch1">
<pin_list>
<pin id="1" dir="1" index="0" bw="1" slack="0"/>
</pin_list>
<bind>
<StgValue><ssdm name="in_channels_ch1"/><MemPortTyVec>1 3 </MemPortTyVec>
</StgValue>
</bind>
</comp>

<comp id="2" class="1000" name="in_channels_ch2">
<pin_list>
<pin id="3" dir="1" index="0" bw="1" slack="0"/>
</pin_list>
<bind>
<StgValue><ssdm name="in_channels_ch2"/><MemPortTyVec>1 3 </MemPortTyVec>
</StgValue>
</bind>
</comp>

<comp id="4" class="1000" name="in_channels_ch3">
<pin_list>
<pin id="5" dir="1" index="0" bw="1" slack="0"/>
</pin_list>
<bind>
<StgValue><ssdm name="in_channels_ch3"/><MemPortTyVec>1 3 </MemPortTyVec>
</StgValue>
</bind>
</comp>

<comp id="6" class="1000" name="out_width">
<pin_list>
<pin id="7" dir="1" index="0" bw="1" slack="0"/>
</pin_list>
<bind>
<StgValue><ssdm name="out_width"/></StgValue>
</bind>
</comp>

<comp id="8" class="1000" name="out_height">
<pin_list>
<pin id="9" dir="1" index="0" bw="1" slack="0"/>
</pin_list>
<bind>
<StgValue><ssdm name="out_height"/></StgValue>
</bind>
</comp>

<comp id="10" class="1000" name="out_channels_ch1">
<pin_list>
<pin id="11" dir="1" index="0" bw="1" slack="0"/>
</pin_list>
<bind>
<StgValue><ssdm name="out_channels_ch1"/><MemPortTyVec>0 3 </MemPortTyVec>
</StgValue>
</bind>
</comp>

<comp id="12" class="1000" name="out_channels_ch2">
<pin_list>
<pin id="13" dir="1" index="0" bw="1" slack="0"/>
</pin_list>
<bind>
<StgValue><ssdm name="out_channels_ch2"/><MemPortTyVec>0 3 </MemPortTyVec>
</StgValue>
</bind>
</comp>

<comp id="14" class="1000" name="out_channels_ch3">
<pin_list>
<pin id="15" dir="1" index="0" bw="1" slack="0"/>
</pin_list>
<bind>
<StgValue><ssdm name="out_channels_ch3"/><MemPortTyVec>0 3 </MemPortTyVec>
</StgValue>
</bind>
</comp>

<comp id="16" class="1001" name="const_16">
<pin_list>
<pin id="17" dir="1" index="0" bw="1" slack="0"/>
</pin_list>
<bind>
<StgValue><ssdm name="_ssdm_op_Read.ap_auto.i16"/></StgValue>
</bind>
</comp>

<comp id="18" class="1001" name="const_18">
<pin_list>
<pin id="19" dir="1" index="0" bw="1" slack="1"/>
</pin_list>
<bind>
<StgValue><ssdm name=""/></StgValue>
</bind>
</comp>

<comp id="20" class="1001" name="const_20">
<pin_list>
<pin id="21" dir="1" index="0" bw="1" slack="0"/>
</pin_list>
<bind>
<StgValue><ssdm name=""/></StgValue>
</bind>
</comp>

<comp id="22" class="1001" name="const_22">
<pin_list>
<pin id="23" dir="1" index="0" bw="1" slack="2147483647"/>
</pin_list>
<bind>
<StgValue><ssdm name="_ssdm_op_SpecLoopName"/></StgValue>
</bind>
</comp>

<comp id="24" class="1001" name="const_24">
<pin_list>
<pin id="25" dir="1" index="0" bw="1" slack="2147483647"/>
</pin_list>
<bind>
<StgValue><ssdm name="p_str3"/></StgValue>
</bind>
</comp>

<comp id="26" class="1001" name="const_26">
<pin_list>
<pin id="27" dir="1" index="0" bw="1" slack="2147483647"/>
</pin_list>
<bind>
<StgValue><ssdm name="_ssdm_op_SpecRegionBegin"/></StgValue>
</bind>
</comp>

<comp id="28" class="1001" name="const_28">
<pin_list>
<pin id="29" dir="1" index="0" bw="1" slack="2147483647"/>
</pin_list>
<bind>
<StgValue><ssdm name="_ssdm_op_SpecLoopTripCount"/></StgValue>
</bind>
</comp>

<comp id="30" class="1001" name="const_30">
<pin_list>
<pin id="31" dir="1" index="0" bw="1" slack="2147483647"/>
</pin_list>
<bind>
<StgValue><ssdm name=""/></StgValue>
</bind>
</comp>

<comp id="32" class="1001" name="const_32">
<pin_list>
<pin id="33" dir="1" index="0" bw="1" slack="2147483647"/>
</pin_list>
<bind>
<StgValue><ssdm name=""/></StgValue>
</bind>
</comp>

<comp id="34" class="1001" name="const_34">
<pin_list>
<pin id="35" dir="1" index="0" bw="1" slack="2147483647"/>
</pin_list>
<bind>
<StgValue><ssdm name=""/></StgValue>
</bind>
</comp>

<comp id="36" class="1001" name="const_36">
<pin_list>
<pin id="37" dir="1" index="0" bw="1" slack="2147483647"/>
</pin_list>
<bind>
<StgValue><ssdm name="p_str1"/></StgValue>
</bind>
</comp>

<comp id="38" class="1001" name="const_38">
<pin_list>
<pin id="39" dir="1" index="0" bw="1" slack="0"/>
</pin_list>
<bind>
<StgValue><ssdm name="_ssdm_op_BitConcatenate.i23.i13.i10"/></StgValue>
</bind>
</comp>

<comp id="40" class="1001" name="const_40">
<pin_list>
<pin id="41" dir="1" index="0" bw="1" slack="0"/>
</pin_list>
<bind>
<StgValue><ssdm name=""/></StgValue>
</bind>
</comp>

<comp id="42" class="1001" name="const_42">
<pin_list>
<pin id="43" dir="1" index="0" bw="1" slack="0"/>
</pin_list>
<bind>
<StgValue><ssdm name="_ssdm_op_BitConcatenate.i23.i15.i8"/></StgValue>
</bind>
</comp>

<comp id="44" class="1001" name="const_44">
<pin_list>
<pin id="45" dir="1" index="0" bw="1" slack="0"/>
</pin_list>
<bind>
<StgValue><ssdm name=""/></StgValue>
</bind>
</comp>

<comp id="46" class="1001" name="const_46">
<pin_list>
<pin id="47" dir="1" index="0" bw="1" slack="0"/>
</pin_list>
<bind>
<StgValue><ssdm name=""/></StgValue>
</bind>
</comp>

<comp id="48" class="1001" name="const_48">
<pin_list>
<pin id="49" dir="1" index="0" bw="1" slack="0"/>
</pin_list>
<bind>
<StgValue><ssdm name=""/></StgValue>
</bind>
</comp>

<comp id="50" class="1001" name="const_50">
<pin_list>
<pin id="51" dir="1" index="0" bw="1" slack="2147483647"/>
</pin_list>
<bind>
<StgValue><ssdm name="_ssdm_op_SpecRegionEnd"/></StgValue>
</bind>
</comp>

<comp id="52" class="1001" name="const_52">
<pin_list>
<pin id="53" dir="1" index="0" bw="1" slack="0"/>
</pin_list>
<bind>
<StgValue><ssdm name=""/></StgValue>
</bind>
</comp>

<comp id="54" class="1001" name="const_54">
<pin_list>
<pin id="55" dir="1" index="0" bw="1" slack="0"/>
</pin_list>
<bind>
<StgValue><ssdm name=""/></StgValue>
</bind>
</comp>

<comp id="56" class="1001" name="const_56">
<pin_list>
<pin id="57" dir="1" index="0" bw="1" slack="0"/>
</pin_list>
<bind>
<StgValue><ssdm name=""/></StgValue>
</bind>
</comp>

<comp id="58" class="1001" name="const_58">
<pin_list>
<pin id="59" dir="1" index="0" bw="1" slack="0"/>
</pin_list>
<bind>
<StgValue><ssdm name=""/></StgValue>
</bind>
</comp>

<comp id="60" class="1001" name="const_60">
<pin_list>
<pin id="61" dir="1" index="0" bw="1" slack="0"/>
</pin_list>
<bind>
<StgValue><ssdm name=""/></StgValue>
</bind>
</comp>

<comp id="62" class="1001" name="const_62">
<pin_list>
<pin id="63" dir="1" index="0" bw="1" slack="0"/>
</pin_list>
<bind>
<StgValue><ssdm name=""/></StgValue>
</bind>
</comp>

<comp id="64" class="1001" name="const_64">
<pin_list>
<pin id="65" dir="1" index="0" bw="1" slack="0"/>
</pin_list>
<bind>
<StgValue><ssdm name="_ssdm_op_PartSelect.i2.i18.i32.i32"/></StgValue>
</bind>
</comp>

<comp id="66" class="1001" name="const_66">
<pin_list>
<pin id="67" dir="1" index="0" bw="1" slack="0"/>
</pin_list>
<bind>
<StgValue><ssdm name=""/></StgValue>
</bind>
</comp>

<comp id="68" class="1001" name="const_68">
<pin_list>
<pin id="69" dir="1" index="0" bw="1" slack="0"/>
</pin_list>
<bind>
<StgValue><ssdm name=""/></StgValue>
</bind>
</comp>

<comp id="70" class="1001" name="const_70">
<pin_list>
<pin id="71" dir="1" index="0" bw="1" slack="0"/>
</pin_list>
<bind>
<StgValue><ssdm name=""/></StgValue>
</bind>
</comp>

<comp id="72" class="1001" name="const_72">
<pin_list>
<pin id="73" dir="1" index="0" bw="1" slack="0"/>
</pin_list>
<bind>
<StgValue><ssdm name="_ssdm_op_BitSelect.i1.i18.i32"/></StgValue>
</bind>
</comp>

<comp id="74" class="1001" name="const_74">
<pin_list>
<pin id="75" dir="1" index="0" bw="1" slack="0"/>
</pin_list>
<bind>
<StgValue><ssdm name="_ssdm_op_PartSelect.i8.i18.i32.i32"/></StgValue>
</bind>
</comp>

<comp id="76" class="1001" name="const_76">
<pin_list>
<pin id="77" dir="1" index="0" bw="1" slack="0"/>
</pin_list>
<bind>
<StgValue><ssdm name=""/></StgValue>
</bind>
</comp>

<comp id="78" class="1001" name="const_78">
<pin_list>
<pin id="79" dir="1" index="0" bw="1" slack="0"/>
</pin_list>
<bind>
<StgValue><ssdm name=""/></StgValue>
</bind>
</comp>

<comp id="80" class="1001" name="const_80">
<pin_list>
<pin id="81" dir="1" index="0" bw="1" slack="0"/>
</pin_list>
<bind>
<StgValue><ssdm name=""/></StgValue>
</bind>
</comp>

<comp id="82" class="1001" name="const_82">
<pin_list>
<pin id="83" dir="1" index="0" bw="1" slack="0"/>
</pin_list>
<bind>
<StgValue><ssdm name=""/></StgValue>
</bind>
</comp>

<comp id="84" class="1001" name="const_84">
<pin_list>
<pin id="85" dir="1" index="0" bw="1" slack="0"/>
</pin_list>
<bind>
<StgValue><ssdm name="_ssdm_op_BitConcatenate.i17.i8.i9"/></StgValue>
</bind>
</comp>

<comp id="86" class="1001" name="const_86">
<pin_list>
<pin id="87" dir="1" index="0" bw="1" slack="0"/>
</pin_list>
<bind>
<StgValue><ssdm name=""/></StgValue>
</bind>
</comp>

<comp id="88" class="1001" name="const_88">
<pin_list>
<pin id="89" dir="1" index="0" bw="1" slack="0"/>
</pin_list>
<bind>
<StgValue><ssdm name="_ssdm_op_BitConcatenate.i10.i8.i2"/></StgValue>
</bind>
</comp>

<comp id="90" class="1001" name="const_90">
<pin_list>
<pin id="91" dir="1" index="0" bw="1" slack="0"/>
</pin_list>
<bind>
<StgValue><ssdm name=""/></StgValue>
</bind>
</comp>

<comp id="92" class="1001" name="const_92">
<pin_list>
<pin id="93" dir="1" index="0" bw="1" slack="0"/>
</pin_list>
<bind>
<StgValue><ssdm name="_ssdm_op_PartSelect.i3.i19.i32.i32"/></StgValue>
</bind>
</comp>

<comp id="94" class="1001" name="const_94">
<pin_list>
<pin id="95" dir="1" index="0" bw="1" slack="0"/>
</pin_list>
<bind>
<StgValue><ssdm name=""/></StgValue>
</bind>
</comp>

<comp id="96" class="1001" name="const_96">
<pin_list>
<pin id="97" dir="1" index="0" bw="1" slack="0"/>
</pin_list>
<bind>
<StgValue><ssdm name=""/></StgValue>
</bind>
</comp>

<comp id="98" class="1001" name="const_98">
<pin_list>
<pin id="99" dir="1" index="0" bw="1" slack="0"/>
</pin_list>
<bind>
<StgValue><ssdm name="_ssdm_op_BitSelect.i1.i19.i32"/></StgValue>
</bind>
</comp>

<comp id="100" class="1001" name="const_100">
<pin_list>
<pin id="101" dir="1" index="0" bw="1" slack="0"/>
</pin_list>
<bind>
<StgValue><ssdm name="_ssdm_op_PartSelect.i8.i19.i32.i32"/></StgValue>
</bind>
</comp>

<comp id="102" class="1001" name="const_102">
<pin_list>
<pin id="103" dir="1" index="0" bw="1" slack="2147483647"/>
</pin_list>
<bind>
<StgValue><ssdm name="p_str4"/></StgValue>
</bind>
</comp>

<comp id="104" class="1001" name="const_104">
<pin_list>
<pin id="105" dir="1" index="0" bw="1" slack="2147483647"/>
</pin_list>
<bind>
<StgValue><ssdm name=""/></StgValue>
</bind>
</comp>

<comp id="106" class="1001" name="const_106">
<pin_list>
<pin id="107" dir="1" index="0" bw="1" slack="2147483647"/>
</pin_list>
<bind>
<StgValue><ssdm name=""/></StgValue>
</bind>
</comp>

<comp id="108" class="1004" name="in_height_read_1_read_fu_108">
<pin_list>
<pin id="109" dir="0" index="0" bw="16" slack="0"/>
<pin id="110" dir="0" index="1" bw="16" slack="0"/>
<pin id="111" dir="1" index="2" bw="16" slack="1"/>
</pin_list>
<bind>
<opcode="read(1150) " fcode="read"/>
<opset="in_height_read_1/1 "/>
</bind>
</comp>

<comp id="114" class="1004" name="in_width_read_1_read_fu_114">
<pin_list>
<pin id="115" dir="0" index="0" bw="16" slack="0"/>
<pin id="116" dir="0" index="1" bw="16" slack="0"/>
<pin id="117" dir="1" index="2" bw="16" slack="1"/>
</pin_list>
<bind>
<opcode="read(1150) " fcode="read"/>
<opset="in_width_read_1/1 "/>
</bind>
</comp>

<comp id="120" class="1004" name="in_channels_ch1_addr_gep_fu_120">
<pin_list>
<pin id="121" dir="0" index="0" bw="8" slack="0"/>
<pin id="122" dir="0" index="1" bw="1" slack="0"/>
<pin id="123" dir="0" index="2" bw="23" slack="0"/>
<pin id="124" dir="1" index="3" bw="22" slack="0"/>
</pin_list>
<bind>
<opcode="getelementptr(29) " fcode="getelementptr"/>
<opset="in_channels_ch1_addr/3 "/>
</bind>
</comp>

<comp id="127" class="1004" name="in_channels_ch3_addr_gep_fu_127">
<pin_list>
<pin id="128" dir="0" index="0" bw="8" slack="0"/>
<pin id="129" dir="0" index="1" bw="1" slack="0"/>
<pin id="130" dir="0" index="2" bw="23" slack="0"/>
<pin id="131" dir="1" index="3" bw="22" slack="0"/>
</pin_list>
<bind>
<opcode="getelementptr(29) " fcode="getelementptr"/>
<opset="in_channels_ch3_addr/3 "/>
</bind>
</comp>

<comp id="134" class="1004" name="grp_access_fu_134">
<pin_list>
<pin id="135" dir="0" index="0" bw="22" slack="0"/>
<pin id="136" dir="0" index="1" bw="8" slack="2147483647"/>
<pin id="137" dir="1" index="2" bw="8" slack="1"/>
</pin_list>
<bind>
<opcode="load(27) " fcode="load"/>
<opset="Y/3 "/>
</bind>
</comp>

<comp id="139" class="1004" name="grp_access_fu_139">
<pin_list>
<pin id="140" dir="0" index="0" bw="22" slack="0"/>
<pin id="141" dir="0" index="1" bw="8" slack="2147483647"/>
<pin id="142" dir="1" index="2" bw="8" slack="1"/>
</pin_list>
<bind>
<opcode="load(27) " fcode="load"/>
<opset="V/3 "/>
</bind>
</comp>

<comp id="144" class="1004" name="in_channels_ch2_addr_gep_fu_144">
<pin_list>
<pin id="145" dir="0" index="0" bw="8" slack="0"/>
<pin id="146" dir="0" index="1" bw="1" slack="0"/>
<pin id="147" dir="0" index="2" bw="23" slack="1"/>
<pin id="148" dir="1" index="3" bw="22" slack="0"/>
</pin_list>
<bind>
<opcode="getelementptr(29) " fcode="getelementptr"/>
<opset="in_channels_ch2_addr/4 "/>
</bind>
</comp>

<comp id="151" class="1004" name="grp_access_fu_151">
<pin_list>
<pin id="152" dir="0" index="0" bw="22" slack="0"/>
<pin id="153" dir="0" index="1" bw="8" slack="2147483647"/>
<pin id="154" dir="1" index="2" bw="8" slack="0"/>
</pin_list>
<bind>
<opcode="load(27) " fcode="load"/>
<opset="U/4 "/>
</bind>
</comp>

<comp id="156" class="1004" name="out_channels_ch1_addr_gep_fu_156">
<pin_list>
<pin id="157" dir="0" index="0" bw="8" slack="0"/>
<pin id="158" dir="0" index="1" bw="1" slack="0"/>
<pin id="159" dir="0" index="2" bw="23" slack="6"/>
<pin id="160" dir="1" index="3" bw="22" slack="0"/>
</pin_list>
<bind>
<opcode="getelementptr(29) " fcode="getelementptr"/>
<opset="out_channels_ch1_addr/9 "/>
</bind>
</comp>

<comp id="163" class="1004" name="out_channels_ch2_addr_gep_fu_163">
<pin_list>
<pin id="164" dir="0" index="0" bw="8" slack="0"/>
<pin id="165" dir="0" index="1" bw="1" slack="0"/>
<pin id="166" dir="0" index="2" bw="23" slack="6"/>
<pin id="167" dir="1" index="3" bw="22" slack="0"/>
</pin_list>
<bind>
<opcode="getelementptr(29) " fcode="getelementptr"/>
<opset="out_channels_ch2_addr/9 "/>
</bind>
</comp>

<comp id="170" class="1004" name="out_channels_ch3_addr_gep_fu_170">
<pin_list>
<pin id="171" dir="0" index="0" bw="8" slack="0"/>
<pin id="172" dir="0" index="1" bw="1" slack="0"/>
<pin id="173" dir="0" index="2" bw="23" slack="6"/>
<pin id="174" dir="1" index="3" bw="22" slack="0"/>
</pin_list>
<bind>
<opcode="getelementptr(29) " fcode="getelementptr"/>
<opset="out_channels_ch3_addr/9 "/>
</bind>
</comp>

<comp id="177" class="1004" name="grp_access_fu_177">
<pin_list>
<pin id="178" dir="0" index="0" bw="22" slack="0"/>
<pin id="179" dir="0" index="1" bw="8" slack="1"/>
<pin id="180" dir="1" index="2" bw="8" slack="2147483647"/>
</pin_list>
<bind>
<opcode="store(28) " fcode="store"/>
<opset="stg_103/9 "/>
</bind>
</comp>

<comp id="182" class="1004" name="grp_access_fu_182">
<pin_list>
<pin id="183" dir="0" index="0" bw="22" slack="0"/>
<pin id="184" dir="0" index="1" bw="8" slack="1"/>
<pin id="185" dir="1" index="2" bw="8" slack="2147483647"/>
</pin_list>
<bind>
<opcode="store(28) " fcode="store"/>
<opset="stg_104/9 "/>
</bind>
</comp>

<comp id="187" class="1004" name="grp_access_fu_187">
<pin_list>
<pin id="188" dir="0" index="0" bw="22" slack="0"/>
<pin id="189" dir="0" index="1" bw="8" slack="1"/>
<pin id="190" dir="1" index="2" bw="8" slack="2147483647"/>
</pin_list>
<bind>
<opcode="store(28) " fcode="store"/>
<opset="stg_105/9 "/>
</bind>
</comp>

<comp id="192" class="1005" name="x_reg_192">
<pin_list>
<pin id="193" dir="0" index="0" bw="16" slack="1"/>
<pin id="194" dir="1" index="1" bw="16" slack="1"/>
</pin_list>
<bind>
<opset="x (phireg) "/>
</bind>
</comp>

<comp id="196" class="1004" name="x_phi_fu_196">
<pin_list>
<pin id="197" dir="0" index="0" bw="1" slack="1"/>
<pin id="198" dir="0" index="1" bw="0" slack="2147483647"/>
<pin id="199" dir="0" index="2" bw="16" slack="0"/>
<pin id="200" dir="0" index="3" bw="0" slack="2147483647"/>
<pin id="201" dir="1" index="4" bw="16" slack="0"/>
</pin_list>
<bind>
<opcode="phi(47) " fcode="phi"/>
<opset="x/2 "/>
</bind>
</comp>

<comp id="203" class="1005" name="y_reg_203">
<pin_list>
<pin id="204" dir="0" index="0" bw="16" slack="1"/>
<pin id="205" dir="1" index="1" bw="16" slack="1"/>
</pin_list>
<bind>
<opset="y (phireg) "/>
</bind>
</comp>

<comp id="207" class="1004" name="y_phi_fu_207">
<pin_list>
<pin id="208" dir="0" index="0" bw="1" slack="1"/>
<pin id="209" dir="0" index="1" bw="0" slack="2147483647"/>
<pin id="210" dir="0" index="2" bw="16" slack="0"/>
<pin id="211" dir="0" index="3" bw="0" slack="2147483647"/>
<pin id="212" dir="1" index="4" bw="16" slack="0"/>
</pin_list>
<bind>
<opcode="phi(47) " fcode="phi"/>
<opset="y/3 "/>
</bind>
</comp>

<comp id="214" class="1004" name="exitcond1_fu_214">
<pin_list>
<pin id="215" dir="0" index="0" bw="16" slack="0"/>
<pin id="216" dir="0" index="1" bw="16" slack="1"/>
<pin id="217" dir="1" index="2" bw="1" slack="2147483647"/>
</pin_list>
<bind>
<opcode="icmp(45) " fcode="icmp"/>
<opset="exitcond1/2 "/>
</bind>
</comp>

<comp id="219" class="1004" name="x_1_fu_219">
<pin_list>
<pin id="220" dir="0" index="0" bw="16" slack="0"/>
<pin id="221" dir="0" index="1" bw="1" slack="0"/>
<pin id="222" dir="1" index="2" bw="16" slack="0"/>
</pin_list>
<bind>
<opcode="add(8) " fcode="add"/>
<opset="x_1/2 "/>
</bind>
</comp>

<comp id="225" class="1004" name="tmp_fu_225">
<pin_list>
<pin id="226" dir="0" index="0" bw="16" slack="0"/>
<pin id="227" dir="1" index="1" bw="13" slack="0"/>
</pin_list>
<bind>
<opcode="trunc(33) " fcode="trunc"/>
<opset="tmp/2 "/>
</bind>
</comp>

<comp id="229" class="1004" name="p_shl2_cast_fu_229">
<pin_list>
<pin id="230" dir="0" index="0" bw="23" slack="0"/>
<pin id="231" dir="0" index="1" bw="13" slack="0"/>
<pin id="232" dir="0" index="2" bw="1" slack="0"/>
<pin id="233" dir="1" index="3" bw="23" slack="0"/>
</pin_list>
<bind>
<opcode="bitconcatenate(1004) " fcode="bitconcatenate"/>
<opset="p_shl2_cast/2 "/>
</bind>
</comp>

<comp id="237" class="1004" name="tmp_5_fu_237">
<pin_list>
<pin id="238" dir="0" index="0" bw="16" slack="0"/>
<pin id="239" dir="1" index="1" bw="15" slack="0"/>
</pin_list>
<bind>
<opcode="trunc(33) " fcode="trunc"/>
<opset="tmp_5/2 "/>
</bind>
</comp>

<comp id="241" class="1004" name="p_shl3_cast_fu_241">
<pin_list>
<pin id="242" dir="0" index="0" bw="23" slack="0"/>
<pin id="243" dir="0" index="1" bw="15" slack="0"/>
<pin id="244" dir="0" index="2" bw="1" slack="0"/>
<pin id="245" dir="1" index="3" bw="23" slack="0"/>
</pin_list>
<bind>
<opcode="bitconcatenate(1004) " fcode="bitconcatenate"/>
<opset="p_shl3_cast/2 "/>
</bind>
</comp>

<comp id="249" class="1004" name="tmp_s_fu_249">
<pin_list>
<pin id="250" dir="0" index="0" bw="23" slack="0"/>
<pin id="251" dir="0" index="1" bw="23" slack="0"/>
<pin id="252" dir="1" index="2" bw="23" slack="1"/>
</pin_list>
<bind>
<opcode="add(8) " fcode="add"/>
<opset="tmp_s/2 "/>
</bind>
</comp>

<comp id="255" class="1004" name="mrv_fu_255">
<pin_list>
<pin id="256" dir="0" index="0" bw="32" slack="0"/>
<pin id="257" dir="0" index="1" bw="16" slack="1"/>
<pin id="258" dir="1" index="2" bw="32" slack="0"/>
</pin_list>
<bind>
<opcode="insertvalue(57) " fcode="insertvalue"/>
<opset="mrv/2 "/>
</bind>
</comp>

<comp id="260" class="1004" name="mrv_1_fu_260">
<pin_list>
<pin id="261" dir="0" index="0" bw="32" slack="0"/>
<pin id="262" dir="0" index="1" bw="16" slack="1"/>
<pin id="263" dir="1" index="2" bw="32" slack="2147483647"/>
</pin_list>
<bind>
<opcode="insertvalue(57) " fcode="insertvalue"/>
<opset="mrv_1/2 "/>
</bind>
</comp>

<comp id="265" class="1004" name="exitcond_fu_265">
<pin_list>
<pin id="266" dir="0" index="0" bw="16" slack="0"/>
<pin id="267" dir="0" index="1" bw="16" slack="2"/>
<pin id="268" dir="1" index="2" bw="1" slack="2147483647"/>
</pin_list>
<bind>
<opcode="icmp(45) " fcode="icmp"/>
<opset="exitcond/3 "/>
</bind>
</comp>

<comp id="270" class="1004" name="y_1_fu_270">
<pin_list>
<pin id="271" dir="0" index="0" bw="16" slack="0"/>
<pin id="272" dir="0" index="1" bw="1" slack="0"/>
<pin id="273" dir="1" index="2" bw="16" slack="0"/>
</pin_list>
<bind>
<opcode="add(8) " fcode="add"/>
<opset="y_1/3 "/>
</bind>
</comp>

<comp id="276" class="1004" name="tmp_cast_fu_276">
<pin_list>
<pin id="277" dir="0" index="0" bw="16" slack="0"/>
<pin id="278" dir="1" index="1" bw="23" slack="0"/>
</pin_list>
<bind>
<opcode="zext(34) " fcode="zext"/>
<opset="tmp_cast/3 "/>
</bind>
</comp>

<comp id="280" class="1004" name="tmp_6_fu_280">
<pin_list>
<pin id="281" dir="0" index="0" bw="16" slack="0"/>
<pin id="282" dir="0" index="1" bw="23" slack="1"/>
<pin id="283" dir="1" index="2" bw="23" slack="0"/>
</pin_list>
<bind>
<opcode="add(8) " fcode="add"/>
<opset="tmp_6/3 "/>
</bind>
</comp>

<comp id="285" class="1004" name="tmp_21_cast_fu_285">
<pin_list>
<pin id="286" dir="0" index="0" bw="23" slack="0"/>
<pin id="287" dir="1" index="1" bw="64" slack="0"/>
</pin_list>
<bind>
<opcode="zext(34) " fcode="zext"/>
<opset="tmp_21_cast/3 "/>
</bind>
</comp>

<comp id="291" class="1004" name="tmp_3_cast_fu_291">
<pin_list>
<pin id="292" dir="0" index="0" bw="8" slack="1"/>
<pin id="293" dir="1" index="1" bw="9" slack="0"/>
</pin_list>
<bind>
<opcode="zext(34) " fcode="zext"/>
<opset="tmp_3_cast/7 "/>
</bind>
</comp>

<comp id="294" class="1004" name="D_fu_294">
<pin_list>
<pin id="295" dir="0" index="0" bw="8" slack="0"/>
<pin id="296" dir="0" index="1" bw="8" slack="0"/>
<pin id="297" dir="1" index="2" bw="8" slack="1"/>
</pin_list>
<bind>
<opcode="xor(25) " fcode="xor"/>
<opset="D/7 "/>
</bind>
</comp>

<comp id="300" class="1004" name="E_fu_300">
<pin_list>
<pin id="301" dir="0" index="0" bw="8" slack="1"/>
<pin id="302" dir="0" index="1" bw="8" slack="0"/>
<pin id="303" dir="1" index="2" bw="8" slack="0"/>
</pin_list>
<bind>
<opcode="xor(25) " fcode="xor"/>
<opset="E/7 "/>
</bind>
</comp>

<comp id="305" class="1004" name="tmp_8_cast5_fu_305">
<pin_list>
<pin id="306" dir="0" index="0" bw="8" slack="0"/>
<pin id="307" dir="1" index="1" bw="17" slack="0"/>
</pin_list>
<bind>
<opcode="sext(35) " fcode="sext"/>
<opset="tmp_8_cast5/7 "/>
</bind>
</comp>

<comp id="309" class="1004" name="tmp_13_fu_309">
<pin_list>
<pin id="310" dir="0" index="0" bw="9" slack="0"/>
<pin id="311" dir="0" index="1" bw="8" slack="0"/>
<pin id="312" dir="1" index="2" bw="17" slack="1"/>
</pin_list>
<bind>
<opcode="mul(12) " fcode="mul"/>
<opset="tmp_13/7 "/>
</bind>
</comp>

<comp id="315" class="1004" name="tmp_8_cast_fu_315">
<pin_list>
<pin id="316" dir="0" index="0" bw="8" slack="1"/>
<pin id="317" dir="1" index="1" bw="18" slack="0"/>
</pin_list>
<bind>
<opcode="sext(35) " fcode="sext"/>
<opset="tmp_8_cast/8 "/>
</bind>
</comp>

<comp id="318" class="1004" name="tmp_8_fu_318">
<pin_list>
<pin id="319" dir="0" index="0" bw="2" slack="0"/>
<pin id="320" dir="0" index="1" bw="18" slack="0"/>
<pin id="321" dir="0" index="2" bw="6" slack="0"/>
<pin id="322" dir="0" index="3" bw="6" slack="0"/>
<pin id="323" dir="1" index="4" bw="2" slack="0"/>
</pin_list>
<bind>
<opcode="partselect(1002) " fcode="partselect"/>
<opset="tmp_8/8 "/>
</bind>
</comp>

<comp id="327" class="1004" name="icmp_fu_327">
<pin_list>
<pin id="328" dir="0" index="0" bw="2" slack="0"/>
<pin id="329" dir="0" index="1" bw="1" slack="0"/>
<pin id="330" dir="1" index="2" bw="1" slack="0"/>
</pin_list>
<bind>
<opcode="icmp(45) " fcode="icmp"/>
<opset="icmp/8 "/>
</bind>
</comp>

<comp id="333" class="1004" name="tmp_10_fu_333">
<pin_list>
<pin id="334" dir="0" index="0" bw="1" slack="0"/>
<pin id="335" dir="0" index="1" bw="18" slack="0"/>
<pin id="336" dir="0" index="2" bw="6" slack="0"/>
<pin id="337" dir="1" index="3" bw="1" slack="0"/>
</pin_list>
<bind>
<opcode="bitselect(1000) " fcode="bitselect"/>
<opset="tmp_10/8 "/>
</bind>
</comp>

<comp id="340" class="1004" name="phitmp_fu_340">
<pin_list>
<pin id="341" dir="0" index="0" bw="8" slack="0"/>
<pin id="342" dir="0" index="1" bw="18" slack="0"/>
<pin id="343" dir="0" index="2" bw="5" slack="0"/>
<pin id="344" dir="0" index="3" bw="5" slack="0"/>
<pin id="345" dir="1" index="4" bw="8" slack="0"/>
</pin_list>
<bind>
<opcode="partselect(1002) " fcode="partselect"/>
<opset="phitmp/8 "/>
</bind>
</comp>

<comp id="349" class="1004" name="p_phitmp_fu_349">
<pin_list>
<pin id="350" dir="0" index="0" bw="1" slack="0"/>
<pin id="351" dir="0" index="1" bw="1" slack="0"/>
<pin id="352" dir="0" index="2" bw="1" slack="0"/>
<pin id="353" dir="1" index="3" bw="8" slack="0"/>
</pin_list>
<bind>
<opcode="select(49) " fcode="select"/>
<opset="p_phitmp/8 "/>
</bind>
</comp>

<comp id="357" class="1004" name="tmp_11_fu_357">
<pin_list>
<pin id="358" dir="0" index="0" bw="1" slack="0"/>
<pin id="359" dir="0" index="1" bw="1" slack="0"/>
<pin id="360" dir="1" index="2" bw="1" slack="0"/>
</pin_list>
<bind>
<opcode="or(24) " fcode="or"/>
<opset="tmp_11/8 "/>
</bind>
</comp>

<comp id="363" class="1004" name="R_fu_363">
<pin_list>
<pin id="364" dir="0" index="0" bw="1" slack="0"/>
<pin id="365" dir="0" index="1" bw="8" slack="0"/>
<pin id="366" dir="0" index="2" bw="8" slack="0"/>
<pin id="367" dir="1" index="3" bw="8" slack="1"/>
</pin_list>
<bind>
<opcode="select(49) " fcode="select"/>
<opset="R/8 "/>
</bind>
</comp>

<comp id="371" class="1004" name="tmp_16_cast4_cast_fu_371">
<pin_list>
<pin id="372" dir="0" index="0" bw="8" slack="1"/>
<pin id="373" dir="1" index="1" bw="16" slack="0"/>
</pin_list>
<bind>
<opcode="sext(35) " fcode="sext"/>
<opset="tmp_16_cast4_cast/8 "/>
</bind>
</comp>

<comp id="374" class="1004" name="tmp1_cast_fu_374">
<pin_list>
<pin id="375" dir="0" index="0" bw="17" slack="0"/>
<pin id="376" dir="1" index="1" bw="18" slack="0"/>
</pin_list>
<bind>
<opcode="sext(35) " fcode="sext"/>
<opset="tmp1_cast/8 "/>
</bind>
</comp>

<comp id="377" class="1004" name="tmp_14_fu_377">
<pin_list>
<pin id="378" dir="0" index="0" bw="17" slack="0"/>
<pin id="379" dir="0" index="1" bw="18" slack="1"/>
<pin id="380" dir="1" index="2" bw="18" slack="0"/>
</pin_list>
<bind>
<opcode="add(8) " fcode="add"/>
<opset="tmp_14/8 "/>
</bind>
</comp>

<comp id="382" class="1004" name="tmp_15_fu_382">
<pin_list>
<pin id="383" dir="0" index="0" bw="2" slack="0"/>
<pin id="384" dir="0" index="1" bw="18" slack="0"/>
<pin id="385" dir="0" index="2" bw="6" slack="0"/>
<pin id="386" dir="0" index="3" bw="6" slack="0"/>
<pin id="387" dir="1" index="4" bw="2" slack="0"/>
</pin_list>
<bind>
<opcode="partselect(1002) " fcode="partselect"/>
<opset="tmp_15/8 "/>
</bind>
</comp>

<comp id="392" class="1004" name="icmp9_fu_392">
<pin_list>
<pin id="393" dir="0" index="0" bw="2" slack="0"/>
<pin id="394" dir="0" index="1" bw="1" slack="0"/>
<pin id="395" dir="1" index="2" bw="1" slack="0"/>
</pin_list>
<bind>
<opcode="icmp(45) " fcode="icmp"/>
<opset="icmp9/8 "/>
</bind>
</comp>

<comp id="398" class="1004" name="tmp_16_fu_398">
<pin_list>
<pin id="399" dir="0" index="0" bw="1" slack="0"/>
<pin id="400" dir="0" index="1" bw="18" slack="0"/>
<pin id="401" dir="0" index="2" bw="6" slack="0"/>
<pin id="402" dir="1" index="3" bw="1" slack="0"/>
</pin_list>
<bind>
<opcode="bitselect(1000) " fcode="bitselect"/>
<opset="tmp_16/8 "/>
</bind>
</comp>

<comp id="406" class="1004" name="phitmp2_fu_406">
<pin_list>
<pin id="407" dir="0" index="0" bw="8" slack="0"/>
<pin id="408" dir="0" index="1" bw="18" slack="0"/>
<pin id="409" dir="0" index="2" bw="5" slack="0"/>
<pin id="410" dir="0" index="3" bw="5" slack="0"/>
<pin id="411" dir="1" index="4" bw="8" slack="0"/>
</pin_list>
<bind>
<opcode="partselect(1002) " fcode="partselect"/>
<opset="phitmp2/8 "/>
</bind>
</comp>

<comp id="416" class="1004" name="p_phitmp2_fu_416">
<pin_list>
<pin id="417" dir="0" index="0" bw="1" slack="0"/>
<pin id="418" dir="0" index="1" bw="1" slack="0"/>
<pin id="419" dir="0" index="2" bw="1" slack="0"/>
<pin id="420" dir="1" index="3" bw="8" slack="0"/>
</pin_list>
<bind>
<opcode="select(49) " fcode="select"/>
<opset="p_phitmp2/8 "/>
</bind>
</comp>

<comp id="424" class="1004" name="tmp_17_fu_424">
<pin_list>
<pin id="425" dir="0" index="0" bw="1" slack="0"/>
<pin id="426" dir="0" index="1" bw="1" slack="0"/>
<pin id="427" dir="1" index="2" bw="1" slack="0"/>
</pin_list>
<bind>
<opcode="or(24) " fcode="or"/>
<opset="tmp_17/8 "/>
</bind>
</comp>

<comp id="430" class="1004" name="G_fu_430">
<pin_list>
<pin id="431" dir="0" index="0" bw="1" slack="0"/>
<pin id="432" dir="0" index="1" bw="8" slack="0"/>
<pin id="433" dir="0" index="2" bw="8" slack="0"/>
<pin id="434" dir="1" index="3" bw="8" slack="1"/>
</pin_list>
<bind>
<opcode="select(49) " fcode="select"/>
<opset="G/8 "/>
</bind>
</comp>

<comp id="438" class="1004" name="p_shl_fu_438">
<pin_list>
<pin id="439" dir="0" index="0" bw="17" slack="0"/>
<pin id="440" dir="0" index="1" bw="8" slack="1"/>
<pin id="441" dir="0" index="2" bw="1" slack="0"/>
<pin id="442" dir="1" index="3" bw="17" slack="0"/>
</pin_list>
<bind>
<opcode="bitconcatenate(1004) " fcode="bitconcatenate"/>
<opset="p_shl/8 "/>
</bind>
</comp>

<comp id="445" class="1004" name="p_shl_cast_fu_445">
<pin_list>
<pin id="446" dir="0" index="0" bw="17" slack="0"/>
<pin id="447" dir="1" index="1" bw="19" slack="0"/>
</pin_list>
<bind>
<opcode="sext(35) " fcode="sext"/>
<opset="p_shl_cast/8 "/>
</bind>
</comp>

<comp id="449" class="1004" name="p_shl1_fu_449">
<pin_list>
<pin id="450" dir="0" index="0" bw="10" slack="0"/>
<pin id="451" dir="0" index="1" bw="8" slack="1"/>
<pin id="452" dir="0" index="2" bw="1" slack="0"/>
<pin id="453" dir="1" index="3" bw="10" slack="0"/>
</pin_list>
<bind>
<opcode="bitconcatenate(1004) " fcode="bitconcatenate"/>
<opset="p_shl1/8 "/>
</bind>
</comp>

<comp id="456" class="1004" name="p_shl1_cast_fu_456">
<pin_list>
<pin id="457" dir="0" index="0" bw="10" slack="0"/>
<pin id="458" dir="1" index="1" bw="18" slack="0"/>
</pin_list>
<bind>
<opcode="sext(35) " fcode="sext"/>
<opset="p_shl1_cast/8 "/>
</bind>
</comp>

<comp id="460" class="1004" name="tmp2_fu_460">
<pin_list>
<pin id="461" dir="0" index="0" bw="10" slack="0"/>
<pin id="462" dir="0" index="1" bw="18" slack="1"/>
<pin id="463" dir="1" index="2" bw="18" slack="0"/>
</pin_list>
<bind>
<opcode="add(8) " fcode="add"/>
<opset="tmp2/8 "/>
</bind>
</comp>

<comp id="465" class="1004" name="tmp2_cast_fu_465">
<pin_list>
<pin id="466" dir="0" index="0" bw="18" slack="0"/>
<pin id="467" dir="1" index="1" bw="19" slack="0"/>
</pin_list>
<bind>
<opcode="sext(35) " fcode="sext"/>
<opset="tmp2_cast/8 "/>
</bind>
</comp>

<comp id="469" class="1004" name="tmp_18_fu_469">
<pin_list>
<pin id="470" dir="0" index="0" bw="18" slack="0"/>
<pin id="471" dir="0" index="1" bw="17" slack="0"/>
<pin id="472" dir="1" index="2" bw="19" slack="0"/>
</pin_list>
<bind>
<opcode="add(8) " fcode="add"/>
<opset="tmp_18/8 "/>
</bind>
</comp>

<comp id="475" class="1004" name="tmp_19_fu_475">
<pin_list>
<pin id="476" dir="0" index="0" bw="3" slack="0"/>
<pin id="477" dir="0" index="1" bw="19" slack="0"/>
<pin id="478" dir="0" index="2" bw="6" slack="0"/>
<pin id="479" dir="0" index="3" bw="6" slack="0"/>
<pin id="480" dir="1" index="4" bw="3" slack="0"/>
</pin_list>
<bind>
<opcode="partselect(1002) " fcode="partselect"/>
<opset="tmp_19/8 "/>
</bind>
</comp>

<comp id="485" class="1004" name="icmp1_fu_485">
<pin_list>
<pin id="486" dir="0" index="0" bw="3" slack="0"/>
<pin id="487" dir="0" index="1" bw="1" slack="0"/>
<pin id="488" dir="1" index="2" bw="1" slack="0"/>
</pin_list>
<bind>
<opcode="icmp(45) " fcode="icmp"/>
<opset="icmp1/8 "/>
</bind>
</comp>

<comp id="491" class="1004" name="tmp_20_fu_491">
<pin_list>
<pin id="492" dir="0" index="0" bw="1" slack="0"/>
<pin id="493" dir="0" index="1" bw="19" slack="0"/>
<pin id="494" dir="0" index="2" bw="6" slack="0"/>
<pin id="495" dir="1" index="3" bw="1" slack="0"/>
</pin_list>
<bind>
<opcode="bitselect(1000) " fcode="bitselect"/>
<opset="tmp_20/8 "/>
</bind>
</comp>

<comp id="499" class="1004" name="phitmp3_fu_499">
<pin_list>
<pin id="500" dir="0" index="0" bw="8" slack="0"/>
<pin id="501" dir="0" index="1" bw="19" slack="0"/>
<pin id="502" dir="0" index="2" bw="5" slack="0"/>
<pin id="503" dir="0" index="3" bw="5" slack="0"/>
<pin id="504" dir="1" index="4" bw="8" slack="0"/>
</pin_list>
<bind>
<opcode="partselect(1002) " fcode="partselect"/>
<opset="phitmp3/8 "/>
</bind>
</comp>

<comp id="509" class="1004" name="p_phitmp3_fu_509">
<pin_list>
<pin id="510" dir="0" index="0" bw="1" slack="0"/>
<pin id="511" dir="0" index="1" bw="1" slack="0"/>
<pin id="512" dir="0" index="2" bw="1" slack="0"/>
<pin id="513" dir="1" index="3" bw="8" slack="0"/>
</pin_list>
<bind>
<opcode="select(49) " fcode="select"/>
<opset="p_phitmp3/8 "/>
</bind>
</comp>

<comp id="517" class="1004" name="tmp_21_fu_517">
<pin_list>
<pin id="518" dir="0" index="0" bw="1" slack="0"/>
<pin id="519" dir="0" index="1" bw="1" slack="0"/>
<pin id="520" dir="1" index="2" bw="1" slack="0"/>
</pin_list>
<bind>
<opcode="or(24) " fcode="or"/>
<opset="tmp_21/8 "/>
</bind>
</comp>

<comp id="523" class="1004" name="B_fu_523">
<pin_list>
<pin id="524" dir="0" index="0" bw="1" slack="0"/>
<pin id="525" dir="0" index="1" bw="8" slack="0"/>
<pin id="526" dir="0" index="2" bw="8" slack="0"/>
<pin id="527" dir="1" index="3" bw="8" slack="1"/>
</pin_list>
<bind>
<opcode="select(49) " fcode="select"/>
<opset="B/8 "/>
</bind>
</comp>

<comp id="531" class="1007" name="grp_fu_531">
<pin_list>
<pin id="532" dir="0" index="0" bw="8" slack="0"/>
<pin id="533" dir="0" index="1" bw="8" slack="0"/>
<pin id="534" dir="0" index="2" bw="17" slack="2147483647"/>
<pin id="535" dir="1" index="3" bw="17" slack="0"/>
</pin_list>
<bind>
<opcode="muladd(1172) " fcode="muladd"/>
<opset="tmp_12/8 tmp_12_cast/8 tmp1/8 "/>
</bind>
</comp>

<comp id="539" class="1007" name="grp_fu_539">
<pin_list>
<pin id="540" dir="0" index="0" bw="5" slack="0"/>
<pin id="541" dir="0" index="1" bw="8" slack="0"/>
<pin id="542" dir="0" index="2" bw="10" slack="0"/>
<pin id="543" dir="0" index="3" bw="9" slack="0"/>
<pin id="544" dir="1" index="4" bw="18" slack="1"/>
</pin_list>
<bind>
<opcode="addmuladd(1175) " fcode="addmuladd"/>
<opset="C/7 tmp_6_cast/7 tmp_7/7 tmp_3/7 "/>
</bind>
</comp>

<comp id="549" class="1007" name="grp_fu_549">
<pin_list>
<pin id="550" dir="0" index="0" bw="10" slack="0"/>
<pin id="551" dir="0" index="1" bw="8" slack="0"/>
<pin id="552" dir="0" index="2" bw="18" slack="2147483647"/>
<pin id="553" dir="1" index="3" bw="18" slack="0"/>
</pin_list>
<bind>
<opcode="muladd(1172) " fcode="muladd"/>
<opset="tmp_9/8 tmp_4/8 "/>
</bind>
</comp>

<comp id="559" class="1005" name="in_height_read_1_reg_559">
<pin_list>
<pin id="560" dir="0" index="0" bw="16" slack="1"/>
<pin id="561" dir="1" index="1" bw="16" slack="1"/>
</pin_list>
<bind>
<opset="in_height_read_1 "/>
</bind>
</comp>

<comp id="565" class="1005" name="in_width_read_1_reg_565">
<pin_list>
<pin id="566" dir="0" index="0" bw="16" slack="1"/>
<pin id="567" dir="1" index="1" bw="16" slack="1"/>
</pin_list>
<bind>
<opset="in_width_read_1 "/>
</bind>
</comp>

<comp id="574" class="1005" name="x_1_reg_574">
<pin_list>
<pin id="575" dir="0" index="0" bw="16" slack="0"/>
<pin id="576" dir="1" index="1" bw="16" slack="0"/>
</pin_list>
<bind>
<opset="x_1 "/>
</bind>
</comp>

<comp id="579" class="1005" name="tmp_s_reg_579">
<pin_list>
<pin id="580" dir="0" index="0" bw="23" slack="1"/>
<pin id="581" dir="1" index="1" bw="23" slack="1"/>
</pin_list>
<bind>
<opset="tmp_s "/>
</bind>
</comp>

<comp id="587" class="1005" name="y_1_reg_587">
<pin_list>
<pin id="588" dir="0" index="0" bw="16" slack="0"/>
<pin id="589" dir="1" index="1" bw="16" slack="0"/>
</pin_list>
<bind>
<opset="y_1 "/>
</bind>
</comp>

<comp id="592" class="1005" name="tmp_21_cast_reg_592">
<pin_list>
<pin id="593" dir="0" index="0" bw="64" slack="1"/>
<pin id="594" dir="1" index="1" bw="64" slack="1"/>
</pin_list>
<bind>
<opset="tmp_21_cast "/>
</bind>
</comp>

<comp id="600" class="1005" name="in_channels_ch1_addr_reg_600">
<pin_list>
<pin id="601" dir="0" index="0" bw="22" slack="1"/>
<pin id="602" dir="1" index="1" bw="22" slack="1"/>
</pin_list>
<bind>
<opset="in_channels_ch1_addr "/>
</bind>
</comp>

<comp id="605" class="1005" name="in_channels_ch3_addr_reg_605">
<pin_list>
<pin id="606" dir="0" index="0" bw="22" slack="1"/>
<pin id="607" dir="1" index="1" bw="22" slack="1"/>
</pin_list>
<bind>
<opset="in_channels_ch3_addr "/>
</bind>
</comp>

<comp id="610" class="1005" name="in_channels_ch2_addr_reg_610">
<pin_list>
<pin id="611" dir="0" index="0" bw="22" slack="1"/>
<pin id="612" dir="1" index="1" bw="22" slack="1"/>
</pin_list>
<bind>
<opset="in_channels_ch2_addr "/>
</bind>
</comp>

<comp id="615" class="1005" name="Y_reg_615">
<pin_list>
<pin id="616" dir="0" index="0" bw="8" slack="1"/>
<pin id="617" dir="1" index="1" bw="8" slack="1"/>
</pin_list>
<bind>
<opset="Y "/>
</bind>
</comp>

<comp id="620" class="1005" name="V_reg_620">
<pin_list>
<pin id="621" dir="0" index="0" bw="8" slack="1"/>
<pin id="622" dir="1" index="1" bw="8" slack="1"/>
</pin_list>
<bind>
<opset="V "/>
</bind>
</comp>

<comp id="625" class="1005" name="D_reg_625">
<pin_list>
<pin id="626" dir="0" index="0" bw="8" slack="1"/>
<pin id="627" dir="1" index="1" bw="8" slack="1"/>
</pin_list>
<bind>
<opset="D "/>
</bind>
</comp>

<comp id="632" class="1005" name="E_reg_632">
<pin_list>
<pin id="633" dir="0" index="0" bw="8" slack="1"/>
<pin id="634" dir="1" index="1" bw="8" slack="1"/>
</pin_list>
<bind>
<opset="E "/>
</bind>
</comp>

<comp id="637" class="1005" name="tmp_3_reg_637">
<pin_list>
<pin id="638" dir="0" index="0" bw="18" slack="1"/>
<pin id="639" dir="1" index="1" bw="18" slack="1"/>
</pin_list>
<bind>
<opset="tmp_3 "/>
</bind>
</comp>

<comp id="644" class="1005" name="tmp_13_reg_644">
<pin_list>
<pin id="645" dir="0" index="0" bw="17" slack="1"/>
<pin id="646" dir="1" index="1" bw="17" slack="1"/>
</pin_list>
<bind>
<opset="tmp_13 "/>
</bind>
</comp>

<comp id="649" class="1005" name="R_reg_649">
<pin_list>
<pin id="650" dir="0" index="0" bw="8" slack="1"/>
<pin id="651" dir="1" index="1" bw="8" slack="1"/>
</pin_list>
<bind>
<opset="R "/>
</bind>
</comp>

<comp id="654" class="1005" name="G_reg_654">
<pin_list>
<pin id="655" dir="0" index="0" bw="8" slack="1"/>
<pin id="656" dir="1" index="1" bw="8" slack="1"/>
</pin_list>
<bind>
<opset="G "/>
</bind>
</comp>

<comp id="659" class="1005" name="B_reg_659">
<pin_list>
<pin id="660" dir="0" index="0" bw="8" slack="1"/>
<pin id="661" dir="1" index="1" bw="8" slack="1"/>
</pin_list>
<bind>
<opset="B "/>
</bind>
</comp>

<comp id="664" class="1005" name="out_channels_ch1_addr_reg_664">
<pin_list>
<pin id="665" dir="0" index="0" bw="22" slack="1"/>
<pin id="666" dir="1" index="1" bw="22" slack="1"/>
</pin_list>
<bind>
<opset="out_channels_ch1_addr "/>
</bind>
</comp>

<comp id="669" class="1005" name="out_channels_ch2_addr_reg_669">
<pin_list>
<pin id="670" dir="0" index="0" bw="22" slack="1"/>
<pin id="671" dir="1" index="1" bw="22" slack="1"/>
</pin_list>
<bind>
<opset="out_channels_ch2_addr "/>
</bind>
</comp>

<comp id="674" class="1005" name="out_channels_ch3_addr_reg_674">
<pin_list>
<pin id="675" dir="0" index="0" bw="22" slack="1"/>
<pin id="676" dir="1" index="1" bw="22" slack="1"/>
</pin_list>
<bind>
<opset="out_channels_ch3_addr "/>
</bind>
</comp>

</comp_list>

<net_list>
<net id="112"><net_src comp="16" pin="0"/><net_sink comp="108" pin=0"/></net>

<net id="113"><net_src comp="8" pin="0"/><net_sink comp="108" pin=1"/></net>

<net id="118"><net_src comp="16" pin="0"/><net_sink comp="114" pin=0"/></net>

<net id="119"><net_src comp="6" pin="0"/><net_sink comp="114" pin=1"/></net>

<net id="125"><net_src comp="0" pin="0"/><net_sink comp="120" pin=0"/></net>

<net id="126"><net_src comp="48" pin="0"/><net_sink comp="120" pin=1"/></net>

<net id="132"><net_src comp="4" pin="0"/><net_sink comp="127" pin=0"/></net>

<net id="133"><net_src comp="48" pin="0"/><net_sink comp="127" pin=1"/></net>

<net id="138"><net_src comp="120" pin="3"/><net_sink comp="134" pin=0"/></net>

<net id="143"><net_src comp="127" pin="3"/><net_sink comp="139" pin=0"/></net>

<net id="149"><net_src comp="2" pin="0"/><net_sink comp="144" pin=0"/></net>

<net id="150"><net_src comp="48" pin="0"/><net_sink comp="144" pin=1"/></net>

<net id="155"><net_src comp="144" pin="3"/><net_sink comp="151" pin=0"/></net>

<net id="161"><net_src comp="10" pin="0"/><net_sink comp="156" pin=0"/></net>

<net id="162"><net_src comp="48" pin="0"/><net_sink comp="156" pin=1"/></net>

<net id="168"><net_src comp="12" pin="0"/><net_sink comp="163" pin=0"/></net>

<net id="169"><net_src comp="48" pin="0"/><net_sink comp="163" pin=1"/></net>

<net id="175"><net_src comp="14" pin="0"/><net_sink comp="170" pin=0"/></net>

<net id="176"><net_src comp="48" pin="0"/><net_sink comp="170" pin=1"/></net>

<net id="181"><net_src comp="156" pin="3"/><net_sink comp="177" pin=0"/></net>

<net id="186"><net_src comp="163" pin="3"/><net_sink comp="182" pin=0"/></net>

<net id="191"><net_src comp="170" pin="3"/><net_sink comp="187" pin=0"/></net>

<net id="195"><net_src comp="18" pin="0"/><net_sink comp="192" pin=0"/></net>

<net id="202"><net_src comp="192" pin="1"/><net_sink comp="196" pin=0"/></net>

<net id="206"><net_src comp="18" pin="0"/><net_sink comp="203" pin=0"/></net>

<net id="213"><net_src comp="203" pin="1"/><net_sink comp="207" pin=0"/></net>

<net id="218"><net_src comp="196" pin="4"/><net_sink comp="214" pin=0"/></net>

<net id="223"><net_src comp="196" pin="4"/><net_sink comp="219" pin=0"/></net>

<net id="224"><net_src comp="20" pin="0"/><net_sink comp="219" pin=1"/></net>

<net id="228"><net_src comp="196" pin="4"/><net_sink comp="225" pin=0"/></net>

<net id="234"><net_src comp="38" pin="0"/><net_sink comp="229" pin=0"/></net>

<net id="235"><net_src comp="225" pin="1"/><net_sink comp="229" pin=1"/></net>

<net id="236"><net_src comp="40" pin="0"/><net_sink comp="229" pin=2"/></net>

<net id="240"><net_src comp="196" pin="4"/><net_sink comp="237" pin=0"/></net>

<net id="246"><net_src comp="42" pin="0"/><net_sink comp="241" pin=0"/></net>

<net id="247"><net_src comp="237" pin="1"/><net_sink comp="241" pin=1"/></net>

<net id="248"><net_src comp="44" pin="0"/><net_sink comp="241" pin=2"/></net>

<net id="253"><net_src comp="229" pin="3"/><net_sink comp="249" pin=0"/></net>

<net id="254"><net_src comp="241" pin="3"/><net_sink comp="249" pin=1"/></net>

<net id="259"><net_src comp="46" pin="0"/><net_sink comp="255" pin=0"/></net>

<net id="264"><net_src comp="255" pin="2"/><net_sink comp="260" pin=0"/></net>

<net id="269"><net_src comp="207" pin="4"/><net_sink comp="265" pin=0"/></net>

<net id="274"><net_src comp="207" pin="4"/><net_sink comp="270" pin=0"/></net>

<net id="275"><net_src comp="20" pin="0"/><net_sink comp="270" pin=1"/></net>

<net id="279"><net_src comp="207" pin="4"/><net_sink comp="276" pin=0"/></net>

<net id="284"><net_src comp="276" pin="1"/><net_sink comp="280" pin=0"/></net>

<net id="288"><net_src comp="280" pin="2"/><net_sink comp="285" pin=0"/></net>

<net id="289"><net_src comp="285" pin="1"/><net_sink comp="120" pin=2"/></net>

<net id="290"><net_src comp="285" pin="1"/><net_sink comp="127" pin=2"/></net>

<net id="298"><net_src comp="151" pin="2"/><net_sink comp="294" pin=0"/></net>

<net id="299"><net_src comp="54" pin="0"/><net_sink comp="294" pin=1"/></net>

<net id="304"><net_src comp="54" pin="0"/><net_sink comp="300" pin=1"/></net>

<net id="308"><net_src comp="300" pin="2"/><net_sink comp="305" pin=0"/></net>

<net id="313"><net_src comp="60" pin="0"/><net_sink comp="309" pin=0"/></net>

<net id="314"><net_src comp="305" pin="1"/><net_sink comp="309" pin=1"/></net>

<net id="324"><net_src comp="64" pin="0"/><net_sink comp="318" pin=0"/></net>

<net id="325"><net_src comp="66" pin="0"/><net_sink comp="318" pin=2"/></net>

<net id="326"><net_src comp="68" pin="0"/><net_sink comp="318" pin=3"/></net>

<net id="331"><net_src comp="318" pin="4"/><net_sink comp="327" pin=0"/></net>

<net id="332"><net_src comp="70" pin="0"/><net_sink comp="327" pin=1"/></net>

<net id="338"><net_src comp="72" pin="0"/><net_sink comp="333" pin=0"/></net>

<net id="339"><net_src comp="68" pin="0"/><net_sink comp="333" pin=2"/></net>

<net id="346"><net_src comp="74" pin="0"/><net_sink comp="340" pin=0"/></net>

<net id="347"><net_src comp="76" pin="0"/><net_sink comp="340" pin=2"/></net>

<net id="348"><net_src comp="78" pin="0"/><net_sink comp="340" pin=3"/></net>

<net id="354"><net_src comp="327" pin="2"/><net_sink comp="349" pin=0"/></net>

<net id="355"><net_src comp="80" pin="0"/><net_sink comp="349" pin=1"/></net>

<net id="356"><net_src comp="44" pin="0"/><net_sink comp="349" pin=2"/></net>

<net id="361"><net_src comp="327" pin="2"/><net_sink comp="357" pin=0"/></net>

<net id="362"><net_src comp="333" pin="3"/><net_sink comp="357" pin=1"/></net>

<net id="368"><net_src comp="357" pin="2"/><net_sink comp="363" pin=0"/></net>

<net id="369"><net_src comp="349" pin="3"/><net_sink comp="363" pin=1"/></net>

<net id="370"><net_src comp="340" pin="4"/><net_sink comp="363" pin=2"/></net>

<net id="381"><net_src comp="374" pin="1"/><net_sink comp="377" pin=0"/></net>

<net id="388"><net_src comp="64" pin="0"/><net_sink comp="382" pin=0"/></net>

<net id="389"><net_src comp="377" pin="2"/><net_sink comp="382" pin=1"/></net>

<net id="390"><net_src comp="66" pin="0"/><net_sink comp="382" pin=2"/></net>

<net id="391"><net_src comp="68" pin="0"/><net_sink comp="382" pin=3"/></net>

<net id="396"><net_src comp="382" pin="4"/><net_sink comp="392" pin=0"/></net>

<net id="397"><net_src comp="70" pin="0"/><net_sink comp="392" pin=1"/></net>

<net id="403"><net_src comp="72" pin="0"/><net_sink comp="398" pin=0"/></net>

<net id="404"><net_src comp="377" pin="2"/><net_sink comp="398" pin=1"/></net>

<net id="405"><net_src comp="68" pin="0"/><net_sink comp="398" pin=2"/></net>

<net id="412"><net_src comp="74" pin="0"/><net_sink comp="406" pin=0"/></net>

<net id="413"><net_src comp="377" pin="2"/><net_sink comp="406" pin=1"/></net>

<net id="414"><net_src comp="76" pin="0"/><net_sink comp="406" pin=2"/></net>

<net id="415"><net_src comp="78" pin="0"/><net_sink comp="406" pin=3"/></net>

<net id="421"><net_src comp="392" pin="2"/><net_sink comp="416" pin=0"/></net>

<net id="422"><net_src comp="80" pin="0"/><net_sink comp="416" pin=1"/></net>

<net id="423"><net_src comp="44" pin="0"/><net_sink comp="416" pin=2"/></net>

<net id="428"><net_src comp="392" pin="2"/><net_sink comp="424" pin=0"/></net>

<net id="429"><net_src comp="398" pin="3"/><net_sink comp="424" pin=1"/></net>

<net id="435"><net_src comp="424" pin="2"/><net_sink comp="430" pin=0"/></net>

<net id="436"><net_src comp="416" pin="3"/><net_sink comp="430" pin=1"/></net>

<net id="437"><net_src comp="406" pin="4"/><net_sink comp="430" pin=2"/></net>

<net id="443"><net_src comp="84" pin="0"/><net_sink comp="438" pin=0"/></net>

<net id="444"><net_src comp="86" pin="0"/><net_sink comp="438" pin=2"/></net>

<net id="448"><net_src comp="438" pin="3"/><net_sink comp="445" pin=0"/></net>

<net id="454"><net_src comp="88" pin="0"/><net_sink comp="449" pin=0"/></net>

<net id="455"><net_src comp="90" pin="0"/><net_sink comp="449" pin=2"/></net>

<net id="459"><net_src comp="449" pin="3"/><net_sink comp="456" pin=0"/></net>

<net id="464"><net_src comp="456" pin="1"/><net_sink comp="460" pin=0"/></net>

<net id="468"><net_src comp="460" pin="2"/><net_sink comp="465" pin=0"/></net>

<net id="473"><net_src comp="465" pin="1"/><net_sink comp="469" pin=0"/></net>

<net id="474"><net_src comp="445" pin="1"/><net_sink comp="469" pin=1"/></net>

<net id="481"><net_src comp="92" pin="0"/><net_sink comp="475" pin=0"/></net>

<net id="482"><net_src comp="469" pin="2"/><net_sink comp="475" pin=1"/></net>

<net id="483"><net_src comp="66" pin="0"/><net_sink comp="475" pin=2"/></net>

<net id="484"><net_src comp="94" pin="0"/><net_sink comp="475" pin=3"/></net>

<net id="489"><net_src comp="475" pin="4"/><net_sink comp="485" pin=0"/></net>

<net id="490"><net_src comp="96" pin="0"/><net_sink comp="485" pin=1"/></net>

<net id="496"><net_src comp="98" pin="0"/><net_sink comp="491" pin=0"/></net>

<net id="497"><net_src comp="469" pin="2"/><net_sink comp="491" pin=1"/></net>

<net id="498"><net_src comp="94" pin="0"/><net_sink comp="491" pin=2"/></net>

<net id="505"><net_src comp="100" pin="0"/><net_sink comp="499" pin=0"/></net>

<net id="506"><net_src comp="469" pin="2"/><net_sink comp="499" pin=1"/></net>

<net id="507"><net_src comp="76" pin="0"/><net_sink comp="499" pin=2"/></net>

<net id="508"><net_src comp="78" pin="0"/><net_sink comp="499" pin=3"/></net>

<net id="514"><net_src comp="485" pin="2"/><net_sink comp="509" pin=0"/></net>

<net id="515"><net_src comp="80" pin="0"/><net_sink comp="509" pin=1"/></net>

<net id="516"><net_src comp="44" pin="0"/><net_sink comp="509" pin=2"/></net>

<net id="521"><net_src comp="485" pin="2"/><net_sink comp="517" pin=0"/></net>

<net id="522"><net_src comp="491" pin="3"/><net_sink comp="517" pin=1"/></net>

<net id="528"><net_src comp="517" pin="2"/><net_sink comp="523" pin=0"/></net>

<net id="529"><net_src comp="509" pin="3"/><net_sink comp="523" pin=1"/></net>

<net id="530"><net_src comp="499" pin="4"/><net_sink comp="523" pin=2"/></net>

<net id="536"><net_src comp="82" pin="0"/><net_sink comp="531" pin=0"/></net>

<net id="537"><net_src comp="371" pin="1"/><net_sink comp="531" pin=1"/></net>

<net id="538"><net_src comp="531" pin="3"/><net_sink comp="374" pin=0"/></net>

<net id="545"><net_src comp="52" pin="0"/><net_sink comp="539" pin=0"/></net>

<net id="546"><net_src comp="291" pin="1"/><net_sink comp="539" pin=1"/></net>

<net id="547"><net_src comp="56" pin="0"/><net_sink comp="539" pin=2"/></net>

<net id="548"><net_src comp="58" pin="0"/><net_sink comp="539" pin=3"/></net>

<net id="554"><net_src comp="62" pin="0"/><net_sink comp="549" pin=0"/></net>

<net id="555"><net_src comp="315" pin="1"/><net_sink comp="549" pin=1"/></net>

<net id="556"><net_src comp="549" pin="3"/><net_sink comp="318" pin=1"/></net>

<net id="557"><net_src comp="549" pin="3"/><net_sink comp="333" pin=1"/></net>

<net id="558"><net_src comp="549" pin="3"/><net_sink comp="340" pin=1"/></net>

<net id="562"><net_src comp="108" pin="2"/><net_sink comp="559" pin=0"/></net>

<net id="563"><net_src comp="559" pin="1"/><net_sink comp="260" pin=1"/></net>

<net id="564"><net_src comp="559" pin="1"/><net_sink comp="265" pin=1"/></net>

<net id="568"><net_src comp="114" pin="2"/><net_sink comp="565" pin=0"/></net>

<net id="569"><net_src comp="565" pin="1"/><net_sink comp="214" pin=1"/></net>

<net id="570"><net_src comp="565" pin="1"/><net_sink comp="255" pin=1"/></net>

<net id="577"><net_src comp="219" pin="2"/><net_sink comp="574" pin=0"/></net>

<net id="578"><net_src comp="574" pin="1"/><net_sink comp="196" pin=2"/></net>

<net id="582"><net_src comp="249" pin="2"/><net_sink comp="579" pin=0"/></net>

<net id="583"><net_src comp="579" pin="1"/><net_sink comp="280" pin=1"/></net>

<net id="590"><net_src comp="270" pin="2"/><net_sink comp="587" pin=0"/></net>

<net id="591"><net_src comp="587" pin="1"/><net_sink comp="207" pin=2"/></net>

<net id="595"><net_src comp="285" pin="1"/><net_sink comp="592" pin=0"/></net>

<net id="596"><net_src comp="592" pin="1"/><net_sink comp="144" pin=2"/></net>

<net id="597"><net_src comp="592" pin="1"/><net_sink comp="156" pin=2"/></net>

<net id="598"><net_src comp="592" pin="1"/><net_sink comp="163" pin=2"/></net>

<net id="599"><net_src comp="592" pin="1"/><net_sink comp="170" pin=2"/></net>

<net id="603"><net_src comp="120" pin="3"/><net_sink comp="600" pin=0"/></net>

<net id="604"><net_src comp="600" pin="1"/><net_sink comp="134" pin=0"/></net>

<net id="608"><net_src comp="127" pin="3"/><net_sink comp="605" pin=0"/></net>

<net id="609"><net_src comp="605" pin="1"/><net_sink comp="139" pin=0"/></net>

<net id="613"><net_src comp="144" pin="3"/><net_sink comp="610" pin=0"/></net>

<net id="614"><net_src comp="610" pin="1"/><net_sink comp="151" pin=0"/></net>

<net id="618"><net_src comp="134" pin="2"/><net_sink comp="615" pin=0"/></net>

<net id="619"><net_src comp="615" pin="1"/><net_sink comp="291" pin=0"/></net>

<net id="623"><net_src comp="139" pin="2"/><net_sink comp="620" pin=0"/></net>

<net id="624"><net_src comp="620" pin="1"/><net_sink comp="300" pin=0"/></net>

<net id="628"><net_src comp="294" pin="2"/><net_sink comp="625" pin=0"/></net>

<net id="629"><net_src comp="625" pin="1"/><net_sink comp="371" pin=0"/></net>

<net id="630"><net_src comp="625" pin="1"/><net_sink comp="438" pin=1"/></net>

<net id="631"><net_src comp="625" pin="1"/><net_sink comp="449" pin=1"/></net>

<net id="635"><net_src comp="300" pin="2"/><net_sink comp="632" pin=0"/></net>

<net id="636"><net_src comp="632" pin="1"/><net_sink comp="315" pin=0"/></net>

<net id="640"><net_src comp="539" pin="4"/><net_sink comp="637" pin=0"/></net>

<net id="641"><net_src comp="637" pin="1"/><net_sink comp="549" pin=0"/></net>

<net id="642"><net_src comp="637" pin="1"/><net_sink comp="377" pin=1"/></net>

<net id="643"><net_src comp="637" pin="1"/><net_sink comp="460" pin=1"/></net>

<net id="647"><net_src comp="309" pin="2"/><net_sink comp="644" pin=0"/></net>

<net id="648"><net_src comp="644" pin="1"/><net_sink comp="531" pin=1"/></net>

<net id="652"><net_src comp="363" pin="3"/><net_sink comp="649" pin=0"/></net>

<net id="653"><net_src comp="649" pin="1"/><net_sink comp="177" pin=1"/></net>

<net id="657"><net_src comp="430" pin="3"/><net_sink comp="654" pin=0"/></net>

<net id="658"><net_src comp="654" pin="1"/><net_sink comp="182" pin=1"/></net>

<net id="662"><net_src comp="523" pin="3"/><net_sink comp="659" pin=0"/></net>

<net id="663"><net_src comp="659" pin="1"/><net_sink comp="187" pin=1"/></net>

<net id="667"><net_src comp="156" pin="3"/><net_sink comp="664" pin=0"/></net>

<net id="668"><net_src comp="664" pin="1"/><net_sink comp="177" pin=0"/></net>

<net id="672"><net_src comp="163" pin="3"/><net_sink comp="669" pin=0"/></net>

<net id="673"><net_src comp="669" pin="1"/><net_sink comp="182" pin=0"/></net>

<net id="677"><net_src comp="170" pin="3"/><net_sink comp="674" pin=0"/></net>

<net id="678"><net_src comp="674" pin="1"/><net_sink comp="187" pin=0"/></net>

</net_list>

</model> 
---------------- Datapath Model END ------------------

* FSMD analyzer results:
  - Output states:
	Port: out_channels_ch1 | {9 10 }
	Port: out_channels_ch2 | {9 10 }
	Port: out_channels_ch3 | {9 10 }
 - Input state : 
	Port: yuv_filter_yuv2rgb : in_channels_ch1 | {3 4 5 6 }
	Port: yuv_filter_yuv2rgb : in_channels_ch2 | {4 5 6 7 }
	Port: yuv_filter_yuv2rgb : in_channels_ch3 | {3 4 5 6 }
	Port: yuv_filter_yuv2rgb : out_width | {1 }
	Port: yuv_filter_yuv2rgb : out_height | {1 }
  - Chain level:
	State 1
	State 2
		exitcond1 : 1
		x_1 : 1
		stg_17 : 2
		tmp : 1
		p_shl2_cast : 2
		tmp_5 : 1
		p_shl3_cast : 2
		tmp_s : 3
		mrv_1 : 1
		stg_29 : 2
	State 3
		exitcond : 1
		y_1 : 1
		stg_33 : 2
		tmp_cast : 1
		tmp_6 : 2
		tmp_21_cast : 3
		in_channels_ch1_addr : 4
		in_channels_ch3_addr : 4
		Y : 5
		V : 5
	State 4
		U : 1
	State 5
	State 6
	State 7
		C : 1
		D : 1
		tmp_6_cast : 2
		tmp_7 : 3
		tmp_3 : 4
		tmp_13 : 1
	State 8
		tmp_9 : 1
		tmp_4 : 2
		tmp_8 : 3
		icmp : 4
		tmp_10 : 3
		phitmp : 3
		p_phitmp : 5
		tmp_11 : 5
		R : 5
		tmp_12 : 1
		tmp_12_cast : 2
		tmp1 : 3
		tmp1_cast : 4
		tmp_14 : 5
		tmp_15 : 6
		icmp9 : 7
		tmp_16 : 6
		phitmp2 : 6
		p_phitmp2 : 8
		tmp_17 : 8
		G : 8
		p_shl_cast : 1
		p_shl1_cast : 1
		tmp2 : 2
		tmp2_cast : 3
		tmp_18 : 4
		tmp_19 : 5
		icmp1 : 6
		tmp_20 : 5
		phitmp3 : 5
		p_phitmp3 : 7
		tmp_21 : 7
		B : 7
	State 9
		stg_103 : 1
		stg_104 : 1
		stg_105 : 1
	State 10
		empty : 1


============================================================
+ Verbose Summary: Datapath Resource usage 
============================================================

* Functional unit list:
|----------|------------------------------|---------|---------|---------|
| Operation|        Functional Unit       |  DSP48E |    FF   |   LUT   |
|----------|------------------------------|---------|---------|---------|
|          |          x_1_fu_219          |    0    |    0    |    16   |
|          |         tmp_s_fu_249         |    0    |    0    |    23   |
|          |          y_1_fu_270          |    0    |    0    |    16   |
|    add   |         tmp_6_fu_280         |    0    |    0    |    23   |
|          |         tmp_14_fu_377        |    0    |    0    |    18   |
|          |          tmp2_fu_460         |    0    |    0    |    18   |
|          |         tmp_18_fu_469        |    0    |    0    |    18   |
|----------|------------------------------|---------|---------|---------|
|          |        p_phitmp_fu_349       |    0    |    0    |    1    |
|          |           R_fu_363           |    0    |    0    |    8    |
|  select  |       p_phitmp2_fu_416       |    0    |    0    |    1    |
|          |           G_fu_430           |    0    |    0    |    8    |
|          |       p_phitmp3_fu_509       |    0    |    0    |    1    |
|          |           B_fu_523           |    0    |    0    |    8    |
|----------|------------------------------|---------|---------|---------|
|          |       exitcond1_fu_214       |    0    |    0    |    6    |
|          |        exitcond_fu_265       |    0    |    0    |    6    |
|   icmp   |          icmp_fu_327         |    0    |    0    |    1    |
|          |         icmp9_fu_392         |    0    |    0    |    1    |
|          |         icmp1_fu_485         |    0    |    0    |    2    |
|----------|------------------------------|---------|---------|---------|
|    xor   |           D_fu_294           |    0    |    0    |    8    |
|          |           E_fu_300           |    0    |    0    |    8    |
|----------|------------------------------|---------|---------|---------|
|          |         tmp_11_fu_357        |    0    |    0    |    1    |
|    or    |         tmp_17_fu_424        |    0    |    0    |    1    |
|          |         tmp_21_fu_517        |    0    |    0    |    1    |
|----------|------------------------------|---------|---------|---------|
|  muladd  |          grp_fu_531          |    1    |    0    |    0    |
|          |          grp_fu_549          |    1    |    0    |    0    |
|----------|------------------------------|---------|---------|---------|
|    mul   |         tmp_13_fu_309        |    1    |    0    |    0    |
|----------|------------------------------|---------|---------|---------|
| addmuladd|          grp_fu_539          |    1    |    0    |    0    |
|----------|------------------------------|---------|---------|---------|
|   read   | in_height_read_1_read_fu_108 |    0    |    0    |    0    |
|          |  in_width_read_1_read_fu_114 |    0    |    0    |    0    |
|----------|------------------------------|---------|---------|---------|
|   trunc  |          tmp_fu_225          |    0    |    0    |    0    |
|          |         tmp_5_fu_237         |    0    |    0    |    0    |
|----------|------------------------------|---------|---------|---------|
|          |      p_shl2_cast_fu_229      |    0    |    0    |    0    |
|bitconcatenate|      p_shl3_cast_fu_241      |    0    |    0    |    0    |
|          |         p_shl_fu_438         |    0    |    0    |    0    |
|          |         p_shl1_fu_449        |    0    |    0    |    0    |
|----------|------------------------------|---------|---------|---------|
|insertvalue|          mrv_fu_255          |    0    |    0    |    0    |
|          |         mrv_1_fu_260         |    0    |    0    |    0    |
|----------|------------------------------|---------|---------|---------|
|          |        tmp_cast_fu_276       |    0    |    0    |    0    |
|   zext   |      tmp_21_cast_fu_285      |    0    |    0    |    0    |
|          |       tmp_3_cast_fu_291      |    0    |    0    |    0    |
|----------|------------------------------|---------|---------|---------|
|          |      tmp_8_cast5_fu_305      |    0    |    0    |    0    |
|          |       tmp_8_cast_fu_315      |    0    |    0    |    0    |
|          |   tmp_16_cast4_cast_fu_371   |    0    |    0    |    0    |
|   sext   |       tmp1_cast_fu_374       |    0    |    0    |    0    |
|          |       p_shl_cast_fu_445      |    0    |    0    |    0    |
|          |      p_shl1_cast_fu_456      |    0    |    0    |    0    |
|          |       tmp2_cast_fu_465       |    0    |    0    |    0    |
|----------|------------------------------|---------|---------|---------|
|          |         tmp_8_fu_318         |    0    |    0    |    0    |
|          |         phitmp_fu_340        |    0    |    0    |    0    |
|partselect|         tmp_15_fu_382        |    0    |    0    |    0    |
|          |        phitmp2_fu_406        |    0    |    0    |    0    |
|          |         tmp_19_fu_475        |    0    |    0    |    0    |
|          |        phitmp3_fu_499        |    0    |    0    |    0    |
|----------|------------------------------|---------|---------|---------|
|          |         tmp_10_fu_333        |    0    |    0    |    0    |
| bitselect|         tmp_16_fu_398        |    0    |    0    |    0    |
|          |         tmp_20_fu_491        |    0    |    0    |    0    |
|----------|------------------------------|---------|---------|---------|
|   Total  |                              |    4    |    0    |   194   |
|----------|------------------------------|---------|---------|---------|

Memories:
N/A

* Register list:
+-----------------------------+--------+
|                             |   FF   |
+-----------------------------+--------+
|          B_reg_659          |    8   |
|          D_reg_625          |    8   |
|          E_reg_632          |    8   |
|          G_reg_654          |    8   |
|          R_reg_649          |    8   |
|          V_reg_620          |    8   |
|          Y_reg_615          |    8   |
| in_channels_ch1_addr_reg_600|   22   |
| in_channels_ch2_addr_reg_610|   22   |
| in_channels_ch3_addr_reg_605|   22   |
|   in_height_read_1_reg_559  |   16   |
|   in_width_read_1_reg_565   |   16   |
|out_channels_ch1_addr_reg_664|   22   |
|out_channels_ch2_addr_reg_669|   22   |
|out_channels_ch3_addr_reg_674|   22   |
|        tmp_13_reg_644       |   17   |
|     tmp_21_cast_reg_592     |   64   |
|        tmp_3_reg_637        |   18   |
|        tmp_s_reg_579        |   23   |
|         x_1_reg_574         |   16   |
|          x_reg_192          |   16   |
|         y_1_reg_587         |   16   |
|          y_reg_203          |   16   |
+-----------------------------+--------+
|            Total            |   406  |
+-----------------------------+--------+

* Multiplexer (MUX) list: 
|-------------------|------|------|------|--------||---------||---------|
|        Comp       |  Pin | Size |  BW  | S x BW ||  Delay  ||   LUT   |
|-------------------|------|------|------|--------||---------||---------|
| grp_access_fu_134 |  p0  |   2  |  22  |   44   ||    22   |
| grp_access_fu_139 |  p0  |   2  |  22  |   44   ||    22   |
| grp_access_fu_151 |  p0  |   2  |  22  |   44   ||    22   |
| grp_access_fu_177 |  p0  |   2  |  22  |   44   ||    22   |
| grp_access_fu_182 |  p0  |   2  |  22  |   44   ||    22   |
| grp_access_fu_187 |  p0  |   2  |  22  |   44   ||    22   |
|     grp_fu_531    |  p1  |   2  |   8  |   16   ||    8    |
|     grp_fu_549    |  p0  |   2  |  10  |   20   ||    10   |
|-------------------|------|------|------|--------||---------||---------|
|       Total       |      |      |      |   300  ||  12.568 ||   150   |
|-------------------|------|------|------|--------||---------||---------|



* Summary:
+-----------+--------+--------+--------+--------+
|           | DSP48E |  Delay |   FF   |   LUT  |
+-----------+--------+--------+--------+--------+
|  Function |    4   |    -   |    0   |   194  |
|   Memory  |    -   |    -   |    -   |    -   |
|Multiplexer|    -   |   12   |    -   |   150  |
|  Register |    -   |    -   |   406  |    -   |
+-----------+--------+--------+--------+--------+
|   Total   |    4   |   12   |   406  |   344  |
+-----------+--------+--------+--------+--------+
