

================================================================
== Vivado HLS Report for 'yuv_filter_rgb2yuv'
================================================================
* Date:           Fri Jun 10 13:58:13 2016

* Version:        2016.1 (Build 1538259 on Fri Apr 08 16:12:49 MDT 2016)
* Project:        yuv_filter_prj
* Solution:       solution1
* Product family: zynq
* Target device:  xc7z020clg484-1


================================================================
== Performance Estimates
================================================================
+ Timing (ns): 
    * Summary: 
    +--------+-------+----------+------------+
    |  Clock | Target| Estimated| Uncertainty|
    +--------+-------+----------+------------+
    |ap_clk  |  10.00|      8.34|        1.25|
    +--------+-------+----------+------------+

+ Latency (clock cycles): 
    * Summary: 
    +--------+----------+--------+----------+---------+
    |      Latency      |      Interval     | Pipeline|
    |   min  |    max   |   min  |    max   |   Type  |
    +--------+----------+--------+----------+---------+
    |  320401|  19664641|  320401|  19664641|   none  |
    +--------+----------+--------+----------+---------+

    + Detail: 
        * Instance: 
        N/A

        * Loop: 
        +-------------------+--------+----------+--------------+-----------+-----------+------------+----------+
        |                   |      Latency      |   Iteration  |  Initiation Interval  |    Trip    |          |
        |     Loop Name     |   min  |    max   |    Latency   |  achieved |   target  |    Count   | Pipelined|
        +-------------------+--------+----------+--------------+-----------+-----------+------------+----------+
        |- RGB2YUV_LOOP_X   |  320400|  19664640| 1602 ~ 10242 |          -|          -| 200 ~ 1920 |    no    |
        | + RGB2YUV_LOOP_Y  |    1600|     10240|             8|          -|          -| 200 ~ 1280 |    no    |
        +-------------------+--------+----------+--------------+-----------+-----------+------------+----------+

============================================================
+ Verbose Summary: Synthesis Manager
============================================================
InlineROM: 1
ExposeGlobal: 0
============================================================
+ Verbose Summary: CDFG Model
============================================================
IsTopModel: 0
ResetActiveHigh: 1
IsCombinational: 0
IsDatapathOnly: 0
HasWiredReturn: 1
HasMFsm: 0
HasVarLatency: 1
IsPipeline: 0
IsRtlPipelined: 0
IsInstanceOverlapped: 0
IsDontTouch: 0
HasImplIP: 0
IsGatedGlobalClock: 0


============================================================
+ Verbose Summary: Schedule
============================================================
* Number of FSM states: 10
* Pipeline: 0
* Dataflow Pipeline: 0

* FSM state transitions: 
1 --> 
	2  / true
2 --> 
	3  / (!exitcond1)
3 --> 
	4  / (!exitcond)
	2  / (exitcond)
4 --> 
	5  / true
5 --> 
	6  / true
6 --> 
	7  / true
7 --> 
	8  / true
8 --> 
	9  / true
9 --> 
	10  / true
10 --> 
	3  / true
* FSM state operations: 

 <State 1>: 1.57ns
ST_1: in_height_read_2 [1/1] 0.00ns
:0  %in_height_read_2 = call i16 @_ssdm_op_Read.ap_auto.i16(i16 %in_height_read)

ST_1: in_width_read_2 [1/1] 0.00ns
:1  %in_width_read_2 = call i16 @_ssdm_op_Read.ap_auto.i16(i16 %in_width_read)

ST_1: stg_13 [1/1] 1.57ns
:2  br label %1


 <State 2>: 2.28ns
ST_2: x [1/1] 0.00ns
:0  %x = phi i16 [ 0, %0 ], [ %x_2, %5 ]

ST_2: exitcond1 [1/1] 2.28ns
:1  %exitcond1 = icmp eq i16 %x, %in_width_read_2

ST_2: x_2 [1/1] 1.96ns
:2  %x_2 = add i16 %x, 1

ST_2: stg_17 [1/1] 0.00ns
:3  br i1 %exitcond1, label %6, label %2

ST_2: stg_18 [1/1] 0.00ns
:0  call void (...)* @_ssdm_op_SpecLoopName([15 x i8]* @p_str) nounwind

ST_2: tmp_s [1/1] 0.00ns
:1  %tmp_s = call i32 (...)* @_ssdm_op_SpecRegionBegin([15 x i8]* @p_str)

ST_2: stg_20 [1/1] 0.00ns
:2  call void (...)* @_ssdm_op_SpecLoopTripCount(i32 200, i32 1920, i32 1060, [1 x i8]* @p_str1) nounwind

ST_2: tmp [1/1] 0.00ns
:3  %tmp = trunc i16 %x to i13

ST_2: p_shl_cast [1/1] 0.00ns
:4  %p_shl_cast = call i23 @_ssdm_op_BitConcatenate.i23.i13.i10(i13 %tmp, i10 0)

ST_2: tmp_21 [1/1] 0.00ns
:5  %tmp_21 = trunc i16 %x to i15

ST_2: p_shl7_cast [1/1] 0.00ns
:6  %p_shl7_cast = call i23 @_ssdm_op_BitConcatenate.i23.i15.i8(i15 %tmp_21, i8 0)

ST_2: tmp_22 [1/1] 2.20ns
:7  %tmp_22 = add i23 %p_shl_cast, %p_shl7_cast

ST_2: stg_26 [1/1] 1.57ns
:8  br label %3

ST_2: mrv [1/1] 0.00ns
:0  %mrv = insertvalue { i16, i16 } undef, i16 %in_width_read_2, 0

ST_2: mrv_1 [1/1] 0.00ns
:1  %mrv_1 = insertvalue { i16, i16 } %mrv, i16 %in_height_read_2, 1

ST_2: stg_29 [1/1] 0.00ns
:2  ret { i16, i16 } %mrv_1


 <State 3>: 4.81ns
ST_3: y [1/1] 0.00ns
:0  %y = phi i16 [ 0, %2 ], [ %y_2, %4 ]

ST_3: exitcond [1/1] 2.28ns
:1  %exitcond = icmp eq i16 %y, %in_height_read_2

ST_3: y_2 [1/1] 1.96ns
:2  %y_2 = add i16 %y, 1

ST_3: stg_33 [1/1] 0.00ns
:3  br i1 %exitcond, label %5, label %4

ST_3: tmp_cast [1/1] 0.00ns
:3  %tmp_cast = zext i16 %y to i23

ST_3: tmp_24 [1/1] 2.20ns
:4  %tmp_24 = add i23 %tmp_cast, %tmp_22

ST_3: tmp_24_cast [1/1] 0.00ns
:5  %tmp_24_cast = zext i23 %tmp_24 to i64

ST_3: in_channels_ch1_addr [1/1] 0.00ns
:6  %in_channels_ch1_addr = getelementptr [2457600 x i8]* %in_channels_ch1, i64 0, i64 %tmp_24_cast

ST_3: in_channels_ch2_addr [1/1] 0.00ns
:7  %in_channels_ch2_addr = getelementptr [2457600 x i8]* %in_channels_ch2, i64 0, i64 %tmp_24_cast

ST_3: R [4/4] 2.61ns
:12  %R = load i8* %in_channels_ch1_addr, align 1

ST_3: G [4/4] 2.61ns
:13  %G = load i8* %in_channels_ch2_addr, align 1

ST_3: empty_17 [1/1] 0.00ns
:0  %empty_17 = call i32 (...)* @_ssdm_op_SpecRegionEnd([15 x i8]* @p_str, i32 %tmp_s)

ST_3: stg_42 [1/1] 0.00ns
:1  br label %1


 <State 4>: 2.61ns
ST_4: in_channels_ch3_addr [1/1] 0.00ns
:8  %in_channels_ch3_addr = getelementptr [2457600 x i8]* %in_channels_ch3, i64 0, i64 %tmp_24_cast

ST_4: R [3/4] 2.61ns
:12  %R = load i8* %in_channels_ch1_addr, align 1

ST_4: G [3/4] 2.61ns
:13  %G = load i8* %in_channels_ch2_addr, align 1

ST_4: B [4/4] 2.61ns
:14  %B = load i8* %in_channels_ch3_addr, align 1


 <State 5>: 2.61ns
ST_5: R [2/4] 2.61ns
:12  %R = load i8* %in_channels_ch1_addr, align 1

ST_5: G [2/4] 2.61ns
:13  %G = load i8* %in_channels_ch2_addr, align 1

ST_5: B [3/4] 2.61ns
:14  %B = load i8* %in_channels_ch3_addr, align 1


 <State 6>: 2.61ns
ST_6: R [1/4] 2.61ns
:12  %R = load i8* %in_channels_ch1_addr, align 1

ST_6: G [1/4] 2.61ns
:13  %G = load i8* %in_channels_ch2_addr, align 1

ST_6: B [2/4] 2.61ns
:14  %B = load i8* %in_channels_ch3_addr, align 1


 <State 7>: 6.38ns
ST_7: B [1/4] 2.61ns
:14  %B = load i8* %in_channels_ch3_addr, align 1

ST_7: tmp_33_cast1 [1/1] 0.00ns
:15  %tmp_33_cast1 = zext i8 %R to i16

ST_7: tmp_35_cast1 [1/1] 0.00ns
:21  %tmp_35_cast1 = zext i8 %G to i16

ST_7: tmp_29 [1/1] 6.38ns
:39  %tmp_29 = mul i16 %tmp_35_cast1, -74

ST_7: tmp_33 [1/1] 6.38ns
:51  %tmp_33 = mul i16 %tmp_33_cast1, 122


 <State 8>: 8.34ns
ST_8: tmp_33_cast2 [1/1] 0.00ns
:16  %tmp_33_cast2 = zext i8 %R to i15

ST_8: p_shl5 [1/1] 0.00ns
:17  %p_shl5 = call i14 @_ssdm_op_BitConcatenate.i14.i8.i6(i8 %R, i6 0)

ST_8: p_shl5_cast [1/1] 0.00ns
:18  %p_shl5_cast = zext i14 %p_shl5 to i15

ST_8: p_shl6 [1/1] 0.00ns
:19  %p_shl6 = call i9 @_ssdm_op_BitConcatenate.i9.i8.i1(i8 %R, i1 false)

ST_8: p_shl6_cast [1/1] 0.00ns
:20  %p_shl6_cast = zext i9 %p_shl6 to i15

ST_8: tmp_35_cast2 [1/1] 0.00ns
:22  %tmp_35_cast2 = zext i8 %G to i9

ST_8: p_shl4 [1/1] 0.00ns
:23  %p_shl4 = call i15 @_ssdm_op_BitConcatenate.i15.i8.i7(i8 %G, i7 0)

ST_8: p_shl4_cast [1/1] 0.00ns
:24  %p_shl4_cast = zext i15 %p_shl4 to i16

ST_8: tmp_37_cast1 [1/1] 0.00ns
:25  %tmp_37_cast1 = zext i8 %B to i13

ST_8: tmp_25 [1/1] 3.36ns
:26  %tmp_25 = mul i13 %tmp_37_cast1, 25

ST_8: tmp2 [1/1] 1.96ns
:27  %tmp2 = add i15 %p_shl6_cast, %p_shl5_cast

ST_8: tmp2_cast [1/1] 0.00ns
:28  %tmp2_cast = zext i15 %tmp2 to i16

ST_8: tmp1 [1/1] 1.73ns
:29  %tmp1 = add i16 %tmp2_cast, %p_shl4_cast

ST_8: tmp4 [1/1] 1.84ns
:30  %tmp4 = add i9 %tmp_35_cast2, 128

ST_8: tmp4_cast [1/1] 0.00ns
:31  %tmp4_cast = zext i9 %tmp4 to i13

ST_8: tmp3 [1/1] 3.02ns
:32  %tmp3 = add i13 %tmp4_cast, %tmp_25

ST_8: tmp3_cast [1/1] 0.00ns
:33  %tmp3_cast = zext i13 %tmp3 to i16

ST_8: tmp_26 [1/1] 1.73ns
:34  %tmp_26 = add i16 %tmp3_cast, %tmp1

ST_8: tmp_27 [1/1] 0.00ns
:35  %tmp_27 = call i8 @_ssdm_op_PartSelect.i8.i16.i32.i32(i16 %tmp_26, i32 8, i32 15)

ST_8: tmp_28 [1/1] 3.36ns
:37  %tmp_28 = mul i15 %tmp_33_cast2, -38

ST_8: tmp_44_cast [1/1] 0.00ns
:38  %tmp_44_cast = sext i15 %tmp_28 to i16

ST_8: p_shl2 [1/1] 0.00ns
:40  %p_shl2 = call i15 @_ssdm_op_BitConcatenate.i15.i8.i7(i8 %B, i7 0)

ST_8: p_shl2_cast [1/1] 0.00ns
:41  %p_shl2_cast = zext i15 %p_shl2 to i16

ST_8: p_shl3 [1/1] 0.00ns
:42  %p_shl3 = call i12 @_ssdm_op_BitConcatenate.i12.i8.i4(i8 %B, i4 0)

ST_8: p_shl3_cast9 [1/1] 0.00ns
:43  %p_shl3_cast9 = zext i12 %p_shl3 to i13

ST_8: p_shl3_cast [1/1] 0.00ns
:44  %p_shl3_cast = zext i12 %p_shl3 to i16

ST_8: tmp_30 [1/1] 1.96ns
:45  %tmp_30 = sub i16 %p_shl2_cast, %p_shl3_cast

ST_8: tmp5 [1/1] 3.02ns
:46  %tmp5 = add i16 %tmp_44_cast, %tmp_29

ST_8: tmp6 [1/1] 1.73ns
:47  %tmp6 = add i16 %tmp_30, 128

ST_8: tmp_31 [1/1] 1.73ns
:48  %tmp_31 = add i16 %tmp6, %tmp5

ST_8: tmp_32 [1/1] 0.00ns
:49  %tmp_32 = call i8 @_ssdm_op_PartSelect.i8.i16.i32.i32(i16 %tmp_31, i32 8, i32 15)

ST_8: tmp_34 [1/1] 3.36ns
:52  %tmp_34 = mul i16 %tmp_35_cast1, -94

ST_8: p_neg [1/1] 1.84ns
:53  %p_neg = sub i13 0, %p_shl3_cast9

ST_8: p_neg_cast [1/1] 0.00ns
:54  %p_neg_cast = sext i13 %p_neg to i14

ST_8: p_shl1 [1/1] 0.00ns
:55  %p_shl1 = call i9 @_ssdm_op_BitConcatenate.i9.i8.i1(i8 %B, i1 false)

ST_8: p_shl1_cast [1/1] 0.00ns
:56  %p_shl1_cast = zext i9 %p_shl1 to i14

ST_8: tmp_35 [1/1] 1.73ns
:57  %tmp_35 = sub i14 %p_neg_cast, %p_shl1_cast

ST_8: tmp7 [1/1] 3.02ns
:58  %tmp7 = add i16 %tmp_33, %tmp_34

ST_8: tmp8 [1/1] 1.73ns
:59  %tmp8 = add i14 %tmp_35, 128

ST_8: tmp8_cast [1/1] 0.00ns
:60  %tmp8_cast = sext i14 %tmp8 to i16

ST_8: tmp_36 [1/1] 1.96ns
:61  %tmp_36 = add i16 %tmp8_cast, %tmp7

ST_8: tmp_37 [1/1] 0.00ns
:62  %tmp_37 = call i8 @_ssdm_op_PartSelect.i8.i16.i32.i32(i16 %tmp_36, i32 8, i32 15)


 <State 9>: 4.33ns
ST_9: out_channels_ch1_addr [1/1] 0.00ns
:9  %out_channels_ch1_addr = getelementptr [2457600 x i8]* %out_channels_ch1, i64 0, i64 %tmp_24_cast

ST_9: out_channels_ch2_addr [1/1] 0.00ns
:10  %out_channels_ch2_addr = getelementptr [2457600 x i8]* %out_channels_ch2, i64 0, i64 %tmp_24_cast

ST_9: out_channels_ch3_addr [1/1] 0.00ns
:11  %out_channels_ch3_addr = getelementptr [2457600 x i8]* %out_channels_ch3, i64 0, i64 %tmp_24_cast

ST_9: Y [1/1] 1.72ns
:36  %Y = add i8 %tmp_27, 16

ST_9: U [1/1] 1.37ns
:50  %U = xor i8 %tmp_32, -128

ST_9: V [1/1] 1.37ns
:63  %V = xor i8 %tmp_37, -128

ST_9: stg_106 [2/2] 2.61ns
:64  store i8 %Y, i8* %out_channels_ch1_addr, align 1

ST_9: stg_107 [2/2] 2.61ns
:65  store i8 %U, i8* %out_channels_ch2_addr, align 1

ST_9: stg_108 [2/2] 2.61ns
:66  store i8 %V, i8* %out_channels_ch3_addr, align 1


 <State 10>: 2.61ns
ST_10: stg_109 [1/1] 0.00ns
:0  call void (...)* @_ssdm_op_SpecLoopName([15 x i8]* @p_str2) nounwind

ST_10: tmp_23 [1/1] 0.00ns
:1  %tmp_23 = call i32 (...)* @_ssdm_op_SpecRegionBegin([15 x i8]* @p_str2)

ST_10: stg_111 [1/1] 0.00ns
:2  call void (...)* @_ssdm_op_SpecLoopTripCount(i32 200, i32 1280, i32 740, [1 x i8]* @p_str1) nounwind

ST_10: stg_112 [1/2] 2.61ns
:64  store i8 %Y, i8* %out_channels_ch1_addr, align 1

ST_10: stg_113 [1/2] 2.61ns
:65  store i8 %U, i8* %out_channels_ch2_addr, align 1

ST_10: stg_114 [1/2] 2.61ns
:66  store i8 %V, i8* %out_channels_ch3_addr, align 1

ST_10: empty [1/1] 0.00ns
:67  %empty = call i32 (...)* @_ssdm_op_SpecRegionEnd([15 x i8]* @p_str2, i32 %tmp_23)

ST_10: stg_116 [1/1] 0.00ns
:68  br label %3



============================================================
+ Verbose Summary: Binding
============================================================
STG Binding: 
---------------- STG Properties BEGIN ----------------
- Is combinational: 0
- Is one-state seq: 0
- Is datapath-only: 0
- Is clock enabled: 0
- Is pipelined: 0
- Is top level: 0
Port [ Return ] is wired: 1; IO mode=ap_ctrl_hs:ce=0
Port [ in_channels_ch1]:  wired=1; compound=1; hidden=0; nouse=0; global=0; static=0; extern=0; dir=0; type=1; pingpong=0; private_global=0; MemPort=[13]; IO mode=ap_memory:ce=0
Port [ in_channels_ch2]:  wired=1; compound=1; hidden=0; nouse=0; global=0; static=0; extern=0; dir=0; type=1; pingpong=0; private_global=0; MemPort=[13]; IO mode=ap_memory:ce=0
Port [ in_channels_ch3]:  wired=1; compound=1; hidden=0; nouse=0; global=0; static=0; extern=0; dir=0; type=1; pingpong=0; private_global=0; MemPort=[13]; IO mode=ap_memory:ce=0
Port [ out_width]:  wired=1; compound=0; hidden=0; nouse=0; global=0; static=0; extern=0; dir=0; type=0; pingpong=0; private_global=0; IO mode=ap_none:ce=0
Port [ out_height]:  wired=1; compound=0; hidden=0; nouse=0; global=0; static=0; extern=0; dir=0; type=0; pingpong=0; private_global=0; IO mode=ap_none:ce=0
Port [ out_channels_ch1]:  wired=1; compound=1; hidden=0; nouse=0; global=0; static=0; extern=0; dir=1; type=1; pingpong=0; private_global=0; MemPort=[03]; IO mode=ap_memory:ce=0
Port [ out_channels_ch2]:  wired=1; compound=1; hidden=0; nouse=0; global=0; static=0; extern=0; dir=1; type=1; pingpong=0; private_global=0; MemPort=[03]; IO mode=ap_memory:ce=0
Port [ out_channels_ch3]:  wired=1; compound=1; hidden=0; nouse=0; global=0; static=0; extern=0; dir=1; type=1; pingpong=0; private_global=0; MemPort=[03]; IO mode=ap_memory:ce=0
---------------- STG Properties END ------------------

---------------- Datapath Model BEGIN ----------------

<LifeTime>
<method=bitvector/>
in_height_read_2      (read             ) [ 00111111111]
in_width_read_2       (read             ) [ 00111111111]
stg_13                (br               ) [ 01111111111]
x                     (phi              ) [ 00100000000]
exitcond1             (icmp             ) [ 00111111111]
x_2                   (add              ) [ 01111111111]
stg_17                (br               ) [ 00000000000]
stg_18                (specloopname     ) [ 00000000000]
tmp_s                 (specregionbegin  ) [ 00011111111]
stg_20                (speclooptripcount) [ 00000000000]
tmp                   (trunc            ) [ 00000000000]
p_shl_cast            (bitconcatenate   ) [ 00000000000]
tmp_21                (trunc            ) [ 00000000000]
p_shl7_cast           (bitconcatenate   ) [ 00000000000]
tmp_22                (add              ) [ 00011111111]
stg_26                (br               ) [ 00111111111]
mrv                   (insertvalue      ) [ 00000000000]
mrv_1                 (insertvalue      ) [ 00000000000]
stg_29                (ret              ) [ 00000000000]
y                     (phi              ) [ 00010000000]
exitcond              (icmp             ) [ 00111111111]
y_2                   (add              ) [ 00111111111]
stg_33                (br               ) [ 00000000000]
tmp_cast              (zext             ) [ 00000000000]
tmp_24                (add              ) [ 00000000000]
tmp_24_cast           (zext             ) [ 00001111110]
in_channels_ch1_addr  (getelementptr    ) [ 00001110000]
in_channels_ch2_addr  (getelementptr    ) [ 00001110000]
empty_17              (specregionend    ) [ 00000000000]
stg_42                (br               ) [ 01111111111]
in_channels_ch3_addr  (getelementptr    ) [ 00000111000]
R                     (load             ) [ 00000001100]
G                     (load             ) [ 00000001100]
B                     (load             ) [ 00000000100]
tmp_33_cast1          (zext             ) [ 00000000000]
tmp_35_cast1          (zext             ) [ 00000000100]
tmp_29                (mul              ) [ 00000000100]
tmp_33                (mul              ) [ 00000000100]
tmp_33_cast2          (zext             ) [ 00000000000]
p_shl5                (bitconcatenate   ) [ 00000000000]
p_shl5_cast           (zext             ) [ 00000000000]
p_shl6                (bitconcatenate   ) [ 00000000000]
p_shl6_cast           (zext             ) [ 00000000000]
tmp_35_cast2          (zext             ) [ 00000000000]
p_shl4                (bitconcatenate   ) [ 00000000000]
p_shl4_cast           (zext             ) [ 00000000000]
tmp_37_cast1          (zext             ) [ 00000000000]
tmp_25                (mul              ) [ 00000000000]
tmp2                  (add              ) [ 00000000000]
tmp2_cast             (zext             ) [ 00000000000]
tmp1                  (add              ) [ 00000000000]
tmp4                  (add              ) [ 00000000000]
tmp4_cast             (zext             ) [ 00000000000]
tmp3                  (add              ) [ 00000000000]
tmp3_cast             (zext             ) [ 00000000000]
tmp_26                (add              ) [ 00000000000]
tmp_27                (partselect       ) [ 00000000010]
tmp_28                (mul              ) [ 00000000000]
tmp_44_cast           (sext             ) [ 00000000000]
p_shl2                (bitconcatenate   ) [ 00000000000]
p_shl2_cast           (zext             ) [ 00000000000]
p_shl3                (bitconcatenate   ) [ 00000000000]
p_shl3_cast9          (zext             ) [ 00000000000]
p_shl3_cast           (zext             ) [ 00000000000]
tmp_30                (sub              ) [ 00000000000]
tmp5                  (add              ) [ 00000000000]
tmp6                  (add              ) [ 00000000000]
tmp_31                (add              ) [ 00000000000]
tmp_32                (partselect       ) [ 00000000010]
tmp_34                (mul              ) [ 00000000000]
p_neg                 (sub              ) [ 00000000000]
p_neg_cast            (sext             ) [ 00000000000]
p_shl1                (bitconcatenate   ) [ 00000000000]
p_shl1_cast           (zext             ) [ 00000000000]
tmp_35                (sub              ) [ 00000000000]
tmp7                  (add              ) [ 00000000000]
tmp8                  (add              ) [ 00000000000]
tmp8_cast             (sext             ) [ 00000000000]
tmp_36                (add              ) [ 00000000000]
tmp_37                (partselect       ) [ 00000000010]
out_channels_ch1_addr (getelementptr    ) [ 00000000001]
out_channels_ch2_addr (getelementptr    ) [ 00000000001]
out_channels_ch3_addr (getelementptr    ) [ 00000000001]
Y                     (add              ) [ 00000000001]
U                     (xor              ) [ 00000000001]
V                     (xor              ) [ 00000000001]
stg_109               (specloopname     ) [ 00000000000]
tmp_23                (specregionbegin  ) [ 00000000000]
stg_111               (speclooptripcount) [ 00000000000]
stg_112               (store            ) [ 00000000000]
stg_113               (store            ) [ 00000000000]
stg_114               (store            ) [ 00000000000]
empty                 (specregionend    ) [ 00000000000]
stg_116               (br               ) [ 00111111111]
</LifeTime>

<model>

<comp_list>
<comp id="0" class="1000" name="in_channels_ch1">
<pin_list>
<pin id="1" dir="1" index="0" bw="1" slack="0"/>
</pin_list>
<bind>
<StgValue><ssdm name="in_channels_ch1"/><MemPortTyVec>1 3 </MemPortTyVec>
</StgValue>
</bind>
</comp>

<comp id="2" class="1000" name="in_channels_ch2">
<pin_list>
<pin id="3" dir="1" index="0" bw="1" slack="0"/>
</pin_list>
<bind>
<StgValue><ssdm name="in_channels_ch2"/><MemPortTyVec>1 3 </MemPortTyVec>
</StgValue>
</bind>
</comp>

<comp id="4" class="1000" name="in_channels_ch3">
<pin_list>
<pin id="5" dir="1" index="0" bw="1" slack="0"/>
</pin_list>
<bind>
<StgValue><ssdm name="in_channels_ch3"/><MemPortTyVec>1 3 </MemPortTyVec>
</StgValue>
</bind>
</comp>

<comp id="6" class="1000" name="out_width">
<pin_list>
<pin id="7" dir="1" index="0" bw="1" slack="0"/>
</pin_list>
<bind>
<StgValue><ssdm name="out_width"/></StgValue>
</bind>
</comp>

<comp id="8" class="1000" name="out_height">
<pin_list>
<pin id="9" dir="1" index="0" bw="1" slack="0"/>
</pin_list>
<bind>
<StgValue><ssdm name="out_height"/></StgValue>
</bind>
</comp>

<comp id="10" class="1000" name="out_channels_ch1">
<pin_list>
<pin id="11" dir="1" index="0" bw="1" slack="0"/>
</pin_list>
<bind>
<StgValue><ssdm name="out_channels_ch1"/><MemPortTyVec>0 3 </MemPortTyVec>
</StgValue>
</bind>
</comp>

<comp id="12" class="1000" name="out_channels_ch2">
<pin_list>
<pin id="13" dir="1" index="0" bw="1" slack="0"/>
</pin_list>
<bind>
<StgValue><ssdm name="out_channels_ch2"/><MemPortTyVec>0 3 </MemPortTyVec>
</StgValue>
</bind>
</comp>

<comp id="14" class="1000" name="out_channels_ch3">
<pin_list>
<pin id="15" dir="1" index="0" bw="1" slack="0"/>
</pin_list>
<bind>
<StgValue><ssdm name="out_channels_ch3"/><MemPortTyVec>0 3 </MemPortTyVec>
</StgValue>
</bind>
</comp>

<comp id="16" class="1001" name="const_16">
<pin_list>
<pin id="17" dir="1" index="0" bw="1" slack="0"/>
</pin_list>
<bind>
<StgValue><ssdm name="_ssdm_op_Read.ap_auto.i16"/></StgValue>
</bind>
</comp>

<comp id="18" class="1001" name="const_18">
<pin_list>
<pin id="19" dir="1" index="0" bw="1" slack="1"/>
</pin_list>
<bind>
<StgValue><ssdm name=""/></StgValue>
</bind>
</comp>

<comp id="20" class="1001" name="const_20">
<pin_list>
<pin id="21" dir="1" index="0" bw="1" slack="0"/>
</pin_list>
<bind>
<StgValue><ssdm name=""/></StgValue>
</bind>
</comp>

<comp id="22" class="1001" name="const_22">
<pin_list>
<pin id="23" dir="1" index="0" bw="1" slack="2147483647"/>
</pin_list>
<bind>
<StgValue><ssdm name="_ssdm_op_SpecLoopName"/></StgValue>
</bind>
</comp>

<comp id="24" class="1001" name="const_24">
<pin_list>
<pin id="25" dir="1" index="0" bw="1" slack="2147483647"/>
</pin_list>
<bind>
<StgValue><ssdm name="p_str"/></StgValue>
</bind>
</comp>

<comp id="26" class="1001" name="const_26">
<pin_list>
<pin id="27" dir="1" index="0" bw="1" slack="2147483647"/>
</pin_list>
<bind>
<StgValue><ssdm name="_ssdm_op_SpecRegionBegin"/></StgValue>
</bind>
</comp>

<comp id="28" class="1001" name="const_28">
<pin_list>
<pin id="29" dir="1" index="0" bw="1" slack="2147483647"/>
</pin_list>
<bind>
<StgValue><ssdm name="_ssdm_op_SpecLoopTripCount"/></StgValue>
</bind>
</comp>

<comp id="30" class="1001" name="const_30">
<pin_list>
<pin id="31" dir="1" index="0" bw="1" slack="2147483647"/>
</pin_list>
<bind>
<StgValue><ssdm name=""/></StgValue>
</bind>
</comp>

<comp id="32" class="1001" name="const_32">
<pin_list>
<pin id="33" dir="1" index="0" bw="1" slack="2147483647"/>
</pin_list>
<bind>
<StgValue><ssdm name=""/></StgValue>
</bind>
</comp>

<comp id="34" class="1001" name="const_34">
<pin_list>
<pin id="35" dir="1" index="0" bw="1" slack="2147483647"/>
</pin_list>
<bind>
<StgValue><ssdm name=""/></StgValue>
</bind>
</comp>

<comp id="36" class="1001" name="const_36">
<pin_list>
<pin id="37" dir="1" index="0" bw="1" slack="2147483647"/>
</pin_list>
<bind>
<StgValue><ssdm name="p_str1"/></StgValue>
</bind>
</comp>

<comp id="38" class="1001" name="const_38">
<pin_list>
<pin id="39" dir="1" index="0" bw="1" slack="0"/>
</pin_list>
<bind>
<StgValue><ssdm name="_ssdm_op_BitConcatenate.i23.i13.i10"/></StgValue>
</bind>
</comp>

<comp id="40" class="1001" name="const_40">
<pin_list>
<pin id="41" dir="1" index="0" bw="1" slack="0"/>
</pin_list>
<bind>
<StgValue><ssdm name=""/></StgValue>
</bind>
</comp>

<comp id="42" class="1001" name="const_42">
<pin_list>
<pin id="43" dir="1" index="0" bw="1" slack="0"/>
</pin_list>
<bind>
<StgValue><ssdm name="_ssdm_op_BitConcatenate.i23.i15.i8"/></StgValue>
</bind>
</comp>

<comp id="44" class="1001" name="const_44">
<pin_list>
<pin id="45" dir="1" index="0" bw="1" slack="0"/>
</pin_list>
<bind>
<StgValue><ssdm name=""/></StgValue>
</bind>
</comp>

<comp id="46" class="1001" name="const_46">
<pin_list>
<pin id="47" dir="1" index="0" bw="1" slack="0"/>
</pin_list>
<bind>
<StgValue><ssdm name=""/></StgValue>
</bind>
</comp>

<comp id="48" class="1001" name="const_48">
<pin_list>
<pin id="49" dir="1" index="0" bw="1" slack="0"/>
</pin_list>
<bind>
<StgValue><ssdm name=""/></StgValue>
</bind>
</comp>

<comp id="50" class="1001" name="const_50">
<pin_list>
<pin id="51" dir="1" index="0" bw="1" slack="2147483647"/>
</pin_list>
<bind>
<StgValue><ssdm name="_ssdm_op_SpecRegionEnd"/></StgValue>
</bind>
</comp>

<comp id="52" class="1001" name="const_52">
<pin_list>
<pin id="53" dir="1" index="0" bw="1" slack="0"/>
</pin_list>
<bind>
<StgValue><ssdm name=""/></StgValue>
</bind>
</comp>

<comp id="54" class="1001" name="const_54">
<pin_list>
<pin id="55" dir="1" index="0" bw="1" slack="0"/>
</pin_list>
<bind>
<StgValue><ssdm name=""/></StgValue>
</bind>
</comp>

<comp id="56" class="1001" name="const_56">
<pin_list>
<pin id="57" dir="1" index="0" bw="1" slack="0"/>
</pin_list>
<bind>
<StgValue><ssdm name="_ssdm_op_BitConcatenate.i14.i8.i6"/></StgValue>
</bind>
</comp>

<comp id="58" class="1001" name="const_58">
<pin_list>
<pin id="59" dir="1" index="0" bw="1" slack="0"/>
</pin_list>
<bind>
<StgValue><ssdm name=""/></StgValue>
</bind>
</comp>

<comp id="60" class="1001" name="const_60">
<pin_list>
<pin id="61" dir="1" index="0" bw="1" slack="0"/>
</pin_list>
<bind>
<StgValue><ssdm name="_ssdm_op_BitConcatenate.i9.i8.i1"/></StgValue>
</bind>
</comp>

<comp id="62" class="1001" name="const_62">
<pin_list>
<pin id="63" dir="1" index="0" bw="1" slack="0"/>
</pin_list>
<bind>
<StgValue><ssdm name=""/></StgValue>
</bind>
</comp>

<comp id="64" class="1001" name="const_64">
<pin_list>
<pin id="65" dir="1" index="0" bw="1" slack="0"/>
</pin_list>
<bind>
<StgValue><ssdm name="_ssdm_op_BitConcatenate.i15.i8.i7"/></StgValue>
</bind>
</comp>

<comp id="66" class="1001" name="const_66">
<pin_list>
<pin id="67" dir="1" index="0" bw="1" slack="0"/>
</pin_list>
<bind>
<StgValue><ssdm name=""/></StgValue>
</bind>
</comp>

<comp id="68" class="1001" name="const_68">
<pin_list>
<pin id="69" dir="1" index="0" bw="1" slack="0"/>
</pin_list>
<bind>
<StgValue><ssdm name=""/></StgValue>
</bind>
</comp>

<comp id="70" class="1001" name="const_70">
<pin_list>
<pin id="71" dir="1" index="0" bw="1" slack="0"/>
</pin_list>
<bind>
<StgValue><ssdm name=""/></StgValue>
</bind>
</comp>

<comp id="72" class="1001" name="const_72">
<pin_list>
<pin id="73" dir="1" index="0" bw="1" slack="0"/>
</pin_list>
<bind>
<StgValue><ssdm name="_ssdm_op_PartSelect.i8.i16.i32.i32"/></StgValue>
</bind>
</comp>

<comp id="74" class="1001" name="const_74">
<pin_list>
<pin id="75" dir="1" index="0" bw="1" slack="0"/>
</pin_list>
<bind>
<StgValue><ssdm name=""/></StgValue>
</bind>
</comp>

<comp id="76" class="1001" name="const_76">
<pin_list>
<pin id="77" dir="1" index="0" bw="1" slack="0"/>
</pin_list>
<bind>
<StgValue><ssdm name=""/></StgValue>
</bind>
</comp>

<comp id="78" class="1001" name="const_78">
<pin_list>
<pin id="79" dir="1" index="0" bw="1" slack="0"/>
</pin_list>
<bind>
<StgValue><ssdm name=""/></StgValue>
</bind>
</comp>

<comp id="80" class="1001" name="const_80">
<pin_list>
<pin id="81" dir="1" index="0" bw="1" slack="0"/>
</pin_list>
<bind>
<StgValue><ssdm name="_ssdm_op_BitConcatenate.i12.i8.i4"/></StgValue>
</bind>
</comp>

<comp id="82" class="1001" name="const_82">
<pin_list>
<pin id="83" dir="1" index="0" bw="1" slack="0"/>
</pin_list>
<bind>
<StgValue><ssdm name=""/></StgValue>
</bind>
</comp>

<comp id="84" class="1001" name="const_84">
<pin_list>
<pin id="85" dir="1" index="0" bw="1" slack="0"/>
</pin_list>
<bind>
<StgValue><ssdm name=""/></StgValue>
</bind>
</comp>

<comp id="86" class="1001" name="const_86">
<pin_list>
<pin id="87" dir="1" index="0" bw="1" slack="0"/>
</pin_list>
<bind>
<StgValue><ssdm name=""/></StgValue>
</bind>
</comp>

<comp id="88" class="1001" name="const_88">
<pin_list>
<pin id="89" dir="1" index="0" bw="1" slack="0"/>
</pin_list>
<bind>
<StgValue><ssdm name=""/></StgValue>
</bind>
</comp>

<comp id="90" class="1001" name="const_90">
<pin_list>
<pin id="91" dir="1" index="0" bw="1" slack="0"/>
</pin_list>
<bind>
<StgValue><ssdm name=""/></StgValue>
</bind>
</comp>

<comp id="92" class="1001" name="const_92">
<pin_list>
<pin id="93" dir="1" index="0" bw="1" slack="0"/>
</pin_list>
<bind>
<StgValue><ssdm name=""/></StgValue>
</bind>
</comp>

<comp id="94" class="1001" name="const_94">
<pin_list>
<pin id="95" dir="1" index="0" bw="1" slack="0"/>
</pin_list>
<bind>
<StgValue><ssdm name=""/></StgValue>
</bind>
</comp>

<comp id="96" class="1001" name="const_96">
<pin_list>
<pin id="97" dir="1" index="0" bw="1" slack="2147483647"/>
</pin_list>
<bind>
<StgValue><ssdm name="p_str2"/></StgValue>
</bind>
</comp>

<comp id="98" class="1001" name="const_98">
<pin_list>
<pin id="99" dir="1" index="0" bw="1" slack="2147483647"/>
</pin_list>
<bind>
<StgValue><ssdm name=""/></StgValue>
</bind>
</comp>

<comp id="100" class="1001" name="const_100">
<pin_list>
<pin id="101" dir="1" index="0" bw="1" slack="2147483647"/>
</pin_list>
<bind>
<StgValue><ssdm name=""/></StgValue>
</bind>
</comp>

<comp id="102" class="1004" name="in_height_read_2_read_fu_102">
<pin_list>
<pin id="103" dir="0" index="0" bw="16" slack="0"/>
<pin id="104" dir="0" index="1" bw="16" slack="0"/>
<pin id="105" dir="1" index="2" bw="16" slack="1"/>
</pin_list>
<bind>
<opcode="read(1150) " fcode="read"/>
<opset="in_height_read_2/1 "/>
</bind>
</comp>

<comp id="108" class="1004" name="in_width_read_2_read_fu_108">
<pin_list>
<pin id="109" dir="0" index="0" bw="16" slack="0"/>
<pin id="110" dir="0" index="1" bw="16" slack="0"/>
<pin id="111" dir="1" index="2" bw="16" slack="1"/>
</pin_list>
<bind>
<opcode="read(1150) " fcode="read"/>
<opset="in_width_read_2/1 "/>
</bind>
</comp>

<comp id="114" class="1004" name="in_channels_ch1_addr_gep_fu_114">
<pin_list>
<pin id="115" dir="0" index="0" bw="8" slack="0"/>
<pin id="116" dir="0" index="1" bw="1" slack="0"/>
<pin id="117" dir="0" index="2" bw="23" slack="0"/>
<pin id="118" dir="1" index="3" bw="22" slack="0"/>
</pin_list>
<bind>
<opcode="getelementptr(29) " fcode="getelementptr"/>
<opset="in_channels_ch1_addr/3 "/>
</bind>
</comp>

<comp id="121" class="1004" name="in_channels_ch2_addr_gep_fu_121">
<pin_list>
<pin id="122" dir="0" index="0" bw="8" slack="0"/>
<pin id="123" dir="0" index="1" bw="1" slack="0"/>
<pin id="124" dir="0" index="2" bw="23" slack="0"/>
<pin id="125" dir="1" index="3" bw="22" slack="0"/>
</pin_list>
<bind>
<opcode="getelementptr(29) " fcode="getelementptr"/>
<opset="in_channels_ch2_addr/3 "/>
</bind>
</comp>

<comp id="128" class="1004" name="grp_access_fu_128">
<pin_list>
<pin id="129" dir="0" index="0" bw="22" slack="0"/>
<pin id="130" dir="0" index="1" bw="8" slack="2147483647"/>
<pin id="131" dir="1" index="2" bw="8" slack="1"/>
</pin_list>
<bind>
<opcode="load(27) " fcode="load"/>
<opset="R/3 "/>
</bind>
</comp>

<comp id="133" class="1004" name="grp_access_fu_133">
<pin_list>
<pin id="134" dir="0" index="0" bw="22" slack="0"/>
<pin id="135" dir="0" index="1" bw="8" slack="2147483647"/>
<pin id="136" dir="1" index="2" bw="8" slack="1"/>
</pin_list>
<bind>
<opcode="load(27) " fcode="load"/>
<opset="G/3 "/>
</bind>
</comp>

<comp id="138" class="1004" name="in_channels_ch3_addr_gep_fu_138">
<pin_list>
<pin id="139" dir="0" index="0" bw="8" slack="0"/>
<pin id="140" dir="0" index="1" bw="1" slack="0"/>
<pin id="141" dir="0" index="2" bw="23" slack="1"/>
<pin id="142" dir="1" index="3" bw="22" slack="0"/>
</pin_list>
<bind>
<opcode="getelementptr(29) " fcode="getelementptr"/>
<opset="in_channels_ch3_addr/4 "/>
</bind>
</comp>

<comp id="145" class="1004" name="grp_access_fu_145">
<pin_list>
<pin id="146" dir="0" index="0" bw="22" slack="0"/>
<pin id="147" dir="0" index="1" bw="8" slack="2147483647"/>
<pin id="148" dir="1" index="2" bw="8" slack="1"/>
</pin_list>
<bind>
<opcode="load(27) " fcode="load"/>
<opset="B/4 "/>
</bind>
</comp>

<comp id="150" class="1004" name="out_channels_ch1_addr_gep_fu_150">
<pin_list>
<pin id="151" dir="0" index="0" bw="8" slack="0"/>
<pin id="152" dir="0" index="1" bw="1" slack="0"/>
<pin id="153" dir="0" index="2" bw="23" slack="6"/>
<pin id="154" dir="1" index="3" bw="22" slack="0"/>
</pin_list>
<bind>
<opcode="getelementptr(29) " fcode="getelementptr"/>
<opset="out_channels_ch1_addr/9 "/>
</bind>
</comp>

<comp id="157" class="1004" name="out_channels_ch2_addr_gep_fu_157">
<pin_list>
<pin id="158" dir="0" index="0" bw="8" slack="0"/>
<pin id="159" dir="0" index="1" bw="1" slack="0"/>
<pin id="160" dir="0" index="2" bw="23" slack="6"/>
<pin id="161" dir="1" index="3" bw="22" slack="0"/>
</pin_list>
<bind>
<opcode="getelementptr(29) " fcode="getelementptr"/>
<opset="out_channels_ch2_addr/9 "/>
</bind>
</comp>

<comp id="164" class="1004" name="out_channels_ch3_addr_gep_fu_164">
<pin_list>
<pin id="165" dir="0" index="0" bw="8" slack="0"/>
<pin id="166" dir="0" index="1" bw="1" slack="0"/>
<pin id="167" dir="0" index="2" bw="23" slack="6"/>
<pin id="168" dir="1" index="3" bw="22" slack="0"/>
</pin_list>
<bind>
<opcode="getelementptr(29) " fcode="getelementptr"/>
<opset="out_channels_ch3_addr/9 "/>
</bind>
</comp>

<comp id="171" class="1004" name="grp_access_fu_171">
<pin_list>
<pin id="172" dir="0" index="0" bw="22" slack="0"/>
<pin id="173" dir="0" index="1" bw="8" slack="0"/>
<pin id="174" dir="1" index="2" bw="8" slack="2147483647"/>
</pin_list>
<bind>
<opcode="store(28) " fcode="store"/>
<opset="stg_106/9 "/>
</bind>
</comp>

<comp id="176" class="1004" name="grp_access_fu_176">
<pin_list>
<pin id="177" dir="0" index="0" bw="22" slack="0"/>
<pin id="178" dir="0" index="1" bw="8" slack="0"/>
<pin id="179" dir="1" index="2" bw="8" slack="2147483647"/>
</pin_list>
<bind>
<opcode="store(28) " fcode="store"/>
<opset="stg_107/9 "/>
</bind>
</comp>

<comp id="181" class="1004" name="grp_access_fu_181">
<pin_list>
<pin id="182" dir="0" index="0" bw="22" slack="0"/>
<pin id="183" dir="0" index="1" bw="8" slack="0"/>
<pin id="184" dir="1" index="2" bw="8" slack="2147483647"/>
</pin_list>
<bind>
<opcode="store(28) " fcode="store"/>
<opset="stg_108/9 "/>
</bind>
</comp>

<comp id="186" class="1005" name="x_reg_186">
<pin_list>
<pin id="187" dir="0" index="0" bw="16" slack="1"/>
<pin id="188" dir="1" index="1" bw="16" slack="1"/>
</pin_list>
<bind>
<opset="x (phireg) "/>
</bind>
</comp>

<comp id="190" class="1004" name="x_phi_fu_190">
<pin_list>
<pin id="191" dir="0" index="0" bw="1" slack="1"/>
<pin id="192" dir="0" index="1" bw="0" slack="2147483647"/>
<pin id="193" dir="0" index="2" bw="16" slack="0"/>
<pin id="194" dir="0" index="3" bw="0" slack="2147483647"/>
<pin id="195" dir="1" index="4" bw="16" slack="0"/>
</pin_list>
<bind>
<opcode="phi(47) " fcode="phi"/>
<opset="x/2 "/>
</bind>
</comp>

<comp id="197" class="1005" name="y_reg_197">
<pin_list>
<pin id="198" dir="0" index="0" bw="16" slack="1"/>
<pin id="199" dir="1" index="1" bw="16" slack="1"/>
</pin_list>
<bind>
<opset="y (phireg) "/>
</bind>
</comp>

<comp id="201" class="1004" name="y_phi_fu_201">
<pin_list>
<pin id="202" dir="0" index="0" bw="1" slack="1"/>
<pin id="203" dir="0" index="1" bw="0" slack="2147483647"/>
<pin id="204" dir="0" index="2" bw="16" slack="0"/>
<pin id="205" dir="0" index="3" bw="0" slack="2147483647"/>
<pin id="206" dir="1" index="4" bw="16" slack="0"/>
</pin_list>
<bind>
<opcode="phi(47) " fcode="phi"/>
<opset="y/3 "/>
</bind>
</comp>

<comp id="208" class="1004" name="exitcond1_fu_208">
<pin_list>
<pin id="209" dir="0" index="0" bw="16" slack="0"/>
<pin id="210" dir="0" index="1" bw="16" slack="1"/>
<pin id="211" dir="1" index="2" bw="1" slack="2147483647"/>
</pin_list>
<bind>
<opcode="icmp(45) " fcode="icmp"/>
<opset="exitcond1/2 "/>
</bind>
</comp>

<comp id="213" class="1004" name="x_2_fu_213">
<pin_list>
<pin id="214" dir="0" index="0" bw="16" slack="0"/>
<pin id="215" dir="0" index="1" bw="1" slack="0"/>
<pin id="216" dir="1" index="2" bw="16" slack="0"/>
</pin_list>
<bind>
<opcode="add(8) " fcode="add"/>
<opset="x_2/2 "/>
</bind>
</comp>

<comp id="219" class="1004" name="tmp_fu_219">
<pin_list>
<pin id="220" dir="0" index="0" bw="16" slack="0"/>
<pin id="221" dir="1" index="1" bw="13" slack="0"/>
</pin_list>
<bind>
<opcode="trunc(33) " fcode="trunc"/>
<opset="tmp/2 "/>
</bind>
</comp>

<comp id="223" class="1004" name="p_shl_cast_fu_223">
<pin_list>
<pin id="224" dir="0" index="0" bw="23" slack="0"/>
<pin id="225" dir="0" index="1" bw="13" slack="0"/>
<pin id="226" dir="0" index="2" bw="1" slack="0"/>
<pin id="227" dir="1" index="3" bw="23" slack="0"/>
</pin_list>
<bind>
<opcode="bitconcatenate(1004) " fcode="bitconcatenate"/>
<opset="p_shl_cast/2 "/>
</bind>
</comp>

<comp id="231" class="1004" name="tmp_21_fu_231">
<pin_list>
<pin id="232" dir="0" index="0" bw="16" slack="0"/>
<pin id="233" dir="1" index="1" bw="15" slack="0"/>
</pin_list>
<bind>
<opcode="trunc(33) " fcode="trunc"/>
<opset="tmp_21/2 "/>
</bind>
</comp>

<comp id="235" class="1004" name="p_shl7_cast_fu_235">
<pin_list>
<pin id="236" dir="0" index="0" bw="23" slack="0"/>
<pin id="237" dir="0" index="1" bw="15" slack="0"/>
<pin id="238" dir="0" index="2" bw="1" slack="0"/>
<pin id="239" dir="1" index="3" bw="23" slack="0"/>
</pin_list>
<bind>
<opcode="bitconcatenate(1004) " fcode="bitconcatenate"/>
<opset="p_shl7_cast/2 "/>
</bind>
</comp>

<comp id="243" class="1004" name="tmp_22_fu_243">
<pin_list>
<pin id="244" dir="0" index="0" bw="23" slack="0"/>
<pin id="245" dir="0" index="1" bw="23" slack="0"/>
<pin id="246" dir="1" index="2" bw="23" slack="1"/>
</pin_list>
<bind>
<opcode="add(8) " fcode="add"/>
<opset="tmp_22/2 "/>
</bind>
</comp>

<comp id="249" class="1004" name="mrv_fu_249">
<pin_list>
<pin id="250" dir="0" index="0" bw="32" slack="0"/>
<pin id="251" dir="0" index="1" bw="16" slack="1"/>
<pin id="252" dir="1" index="2" bw="32" slack="0"/>
</pin_list>
<bind>
<opcode="insertvalue(57) " fcode="insertvalue"/>
<opset="mrv/2 "/>
</bind>
</comp>

<comp id="254" class="1004" name="mrv_1_fu_254">
<pin_list>
<pin id="255" dir="0" index="0" bw="32" slack="0"/>
<pin id="256" dir="0" index="1" bw="16" slack="1"/>
<pin id="257" dir="1" index="2" bw="32" slack="2147483647"/>
</pin_list>
<bind>
<opcode="insertvalue(57) " fcode="insertvalue"/>
<opset="mrv_1/2 "/>
</bind>
</comp>

<comp id="259" class="1004" name="exitcond_fu_259">
<pin_list>
<pin id="260" dir="0" index="0" bw="16" slack="0"/>
<pin id="261" dir="0" index="1" bw="16" slack="2"/>
<pin id="262" dir="1" index="2" bw="1" slack="2147483647"/>
</pin_list>
<bind>
<opcode="icmp(45) " fcode="icmp"/>
<opset="exitcond/3 "/>
</bind>
</comp>

<comp id="264" class="1004" name="y_2_fu_264">
<pin_list>
<pin id="265" dir="0" index="0" bw="16" slack="0"/>
<pin id="266" dir="0" index="1" bw="1" slack="0"/>
<pin id="267" dir="1" index="2" bw="16" slack="0"/>
</pin_list>
<bind>
<opcode="add(8) " fcode="add"/>
<opset="y_2/3 "/>
</bind>
</comp>

<comp id="270" class="1004" name="tmp_cast_fu_270">
<pin_list>
<pin id="271" dir="0" index="0" bw="16" slack="0"/>
<pin id="272" dir="1" index="1" bw="23" slack="0"/>
</pin_list>
<bind>
<opcode="zext(34) " fcode="zext"/>
<opset="tmp_cast/3 "/>
</bind>
</comp>

<comp id="274" class="1004" name="tmp_24_fu_274">
<pin_list>
<pin id="275" dir="0" index="0" bw="16" slack="0"/>
<pin id="276" dir="0" index="1" bw="23" slack="1"/>
<pin id="277" dir="1" index="2" bw="23" slack="0"/>
</pin_list>
<bind>
<opcode="add(8) " fcode="add"/>
<opset="tmp_24/3 "/>
</bind>
</comp>

<comp id="279" class="1004" name="tmp_24_cast_fu_279">
<pin_list>
<pin id="280" dir="0" index="0" bw="23" slack="0"/>
<pin id="281" dir="1" index="1" bw="64" slack="0"/>
</pin_list>
<bind>
<opcode="zext(34) " fcode="zext"/>
<opset="tmp_24_cast/3 "/>
</bind>
</comp>

<comp id="285" class="1004" name="tmp_33_cast1_fu_285">
<pin_list>
<pin id="286" dir="0" index="0" bw="8" slack="1"/>
<pin id="287" dir="1" index="1" bw="16" slack="0"/>
</pin_list>
<bind>
<opcode="zext(34) " fcode="zext"/>
<opset="tmp_33_cast1/7 "/>
</bind>
</comp>

<comp id="288" class="1004" name="tmp_35_cast1_fu_288">
<pin_list>
<pin id="289" dir="0" index="0" bw="8" slack="1"/>
<pin id="290" dir="1" index="1" bw="16" slack="0"/>
</pin_list>
<bind>
<opcode="zext(34) " fcode="zext"/>
<opset="tmp_35_cast1/7 "/>
</bind>
</comp>

<comp id="291" class="1004" name="tmp_29_fu_291">
<pin_list>
<pin id="292" dir="0" index="0" bw="8" slack="0"/>
<pin id="293" dir="0" index="1" bw="8" slack="0"/>
<pin id="294" dir="1" index="2" bw="16" slack="1"/>
</pin_list>
<bind>
<opcode="mul(12) " fcode="mul"/>
<opset="tmp_29/7 "/>
</bind>
</comp>

<comp id="297" class="1004" name="tmp_33_fu_297">
<pin_list>
<pin id="298" dir="0" index="0" bw="8" slack="0"/>
<pin id="299" dir="0" index="1" bw="8" slack="0"/>
<pin id="300" dir="1" index="2" bw="16" slack="1"/>
</pin_list>
<bind>
<opcode="mul(12) " fcode="mul"/>
<opset="tmp_33/7 "/>
</bind>
</comp>

<comp id="303" class="1004" name="tmp_33_cast2_fu_303">
<pin_list>
<pin id="304" dir="0" index="0" bw="8" slack="2"/>
<pin id="305" dir="1" index="1" bw="15" slack="0"/>
</pin_list>
<bind>
<opcode="zext(34) " fcode="zext"/>
<opset="tmp_33_cast2/8 "/>
</bind>
</comp>

<comp id="306" class="1004" name="p_shl5_fu_306">
<pin_list>
<pin id="307" dir="0" index="0" bw="14" slack="0"/>
<pin id="308" dir="0" index="1" bw="8" slack="2"/>
<pin id="309" dir="0" index="2" bw="1" slack="0"/>
<pin id="310" dir="1" index="3" bw="14" slack="0"/>
</pin_list>
<bind>
<opcode="bitconcatenate(1004) " fcode="bitconcatenate"/>
<opset="p_shl5/8 "/>
</bind>
</comp>

<comp id="313" class="1004" name="p_shl5_cast_fu_313">
<pin_list>
<pin id="314" dir="0" index="0" bw="14" slack="0"/>
<pin id="315" dir="1" index="1" bw="15" slack="0"/>
</pin_list>
<bind>
<opcode="zext(34) " fcode="zext"/>
<opset="p_shl5_cast/8 "/>
</bind>
</comp>

<comp id="317" class="1004" name="p_shl6_fu_317">
<pin_list>
<pin id="318" dir="0" index="0" bw="9" slack="0"/>
<pin id="319" dir="0" index="1" bw="8" slack="2"/>
<pin id="320" dir="0" index="2" bw="1" slack="0"/>
<pin id="321" dir="1" index="3" bw="9" slack="0"/>
</pin_list>
<bind>
<opcode="bitconcatenate(1004) " fcode="bitconcatenate"/>
<opset="p_shl6/8 "/>
</bind>
</comp>

<comp id="324" class="1004" name="p_shl6_cast_fu_324">
<pin_list>
<pin id="325" dir="0" index="0" bw="9" slack="0"/>
<pin id="326" dir="1" index="1" bw="15" slack="0"/>
</pin_list>
<bind>
<opcode="zext(34) " fcode="zext"/>
<opset="p_shl6_cast/8 "/>
</bind>
</comp>

<comp id="328" class="1004" name="tmp_35_cast2_fu_328">
<pin_list>
<pin id="329" dir="0" index="0" bw="8" slack="2"/>
<pin id="330" dir="1" index="1" bw="9" slack="0"/>
</pin_list>
<bind>
<opcode="zext(34) " fcode="zext"/>
<opset="tmp_35_cast2/8 "/>
</bind>
</comp>

<comp id="331" class="1004" name="p_shl4_fu_331">
<pin_list>
<pin id="332" dir="0" index="0" bw="15" slack="0"/>
<pin id="333" dir="0" index="1" bw="8" slack="2"/>
<pin id="334" dir="0" index="2" bw="1" slack="0"/>
<pin id="335" dir="1" index="3" bw="15" slack="0"/>
</pin_list>
<bind>
<opcode="bitconcatenate(1004) " fcode="bitconcatenate"/>
<opset="p_shl4/8 "/>
</bind>
</comp>

<comp id="338" class="1004" name="p_shl4_cast_fu_338">
<pin_list>
<pin id="339" dir="0" index="0" bw="15" slack="0"/>
<pin id="340" dir="1" index="1" bw="16" slack="0"/>
</pin_list>
<bind>
<opcode="zext(34) " fcode="zext"/>
<opset="p_shl4_cast/8 "/>
</bind>
</comp>

<comp id="342" class="1004" name="tmp_37_cast1_fu_342">
<pin_list>
<pin id="343" dir="0" index="0" bw="8" slack="1"/>
<pin id="344" dir="1" index="1" bw="13" slack="0"/>
</pin_list>
<bind>
<opcode="zext(34) " fcode="zext"/>
<opset="tmp_37_cast1/8 "/>
</bind>
</comp>

<comp id="345" class="1004" name="tmp2_fu_345">
<pin_list>
<pin id="346" dir="0" index="0" bw="9" slack="0"/>
<pin id="347" dir="0" index="1" bw="14" slack="0"/>
<pin id="348" dir="1" index="2" bw="15" slack="0"/>
</pin_list>
<bind>
<opcode="add(8) " fcode="add"/>
<opset="tmp2/8 "/>
</bind>
</comp>

<comp id="351" class="1004" name="tmp2_cast_fu_351">
<pin_list>
<pin id="352" dir="0" index="0" bw="15" slack="0"/>
<pin id="353" dir="1" index="1" bw="16" slack="0"/>
</pin_list>
<bind>
<opcode="zext(34) " fcode="zext"/>
<opset="tmp2_cast/8 "/>
</bind>
</comp>

<comp id="355" class="1004" name="tmp1_fu_355">
<pin_list>
<pin id="356" dir="0" index="0" bw="15" slack="0"/>
<pin id="357" dir="0" index="1" bw="15" slack="0"/>
<pin id="358" dir="1" index="2" bw="16" slack="0"/>
</pin_list>
<bind>
<opcode="add(8) " fcode="add"/>
<opset="tmp1/8 "/>
</bind>
</comp>

<comp id="361" class="1004" name="tmp4_fu_361">
<pin_list>
<pin id="362" dir="0" index="0" bw="8" slack="0"/>
<pin id="363" dir="0" index="1" bw="9" slack="0"/>
<pin id="364" dir="1" index="2" bw="9" slack="0"/>
</pin_list>
<bind>
<opcode="add(8) " fcode="add"/>
<opset="tmp4/8 "/>
</bind>
</comp>

<comp id="367" class="1004" name="tmp4_cast_fu_367">
<pin_list>
<pin id="368" dir="0" index="0" bw="9" slack="0"/>
<pin id="369" dir="1" index="1" bw="13" slack="0"/>
</pin_list>
<bind>
<opcode="zext(34) " fcode="zext"/>
<opset="tmp4_cast/8 "/>
</bind>
</comp>

<comp id="371" class="1004" name="tmp3_cast_fu_371">
<pin_list>
<pin id="372" dir="0" index="0" bw="13" slack="0"/>
<pin id="373" dir="1" index="1" bw="16" slack="0"/>
</pin_list>
<bind>
<opcode="zext(34) " fcode="zext"/>
<opset="tmp3_cast/8 "/>
</bind>
</comp>

<comp id="374" class="1004" name="tmp_26_fu_374">
<pin_list>
<pin id="375" dir="0" index="0" bw="13" slack="0"/>
<pin id="376" dir="0" index="1" bw="16" slack="0"/>
<pin id="377" dir="1" index="2" bw="16" slack="0"/>
</pin_list>
<bind>
<opcode="add(8) " fcode="add"/>
<opset="tmp_26/8 "/>
</bind>
</comp>

<comp id="380" class="1004" name="tmp_27_fu_380">
<pin_list>
<pin id="381" dir="0" index="0" bw="8" slack="0"/>
<pin id="382" dir="0" index="1" bw="16" slack="0"/>
<pin id="383" dir="0" index="2" bw="5" slack="0"/>
<pin id="384" dir="0" index="3" bw="5" slack="0"/>
<pin id="385" dir="1" index="4" bw="8" slack="1"/>
</pin_list>
<bind>
<opcode="partselect(1002) " fcode="partselect"/>
<opset="tmp_27/8 "/>
</bind>
</comp>

<comp id="390" class="1004" name="p_shl2_fu_390">
<pin_list>
<pin id="391" dir="0" index="0" bw="15" slack="0"/>
<pin id="392" dir="0" index="1" bw="8" slack="1"/>
<pin id="393" dir="0" index="2" bw="1" slack="0"/>
<pin id="394" dir="1" index="3" bw="15" slack="0"/>
</pin_list>
<bind>
<opcode="bitconcatenate(1004) " fcode="bitconcatenate"/>
<opset="p_shl2/8 "/>
</bind>
</comp>

<comp id="397" class="1004" name="p_shl2_cast_fu_397">
<pin_list>
<pin id="398" dir="0" index="0" bw="15" slack="0"/>
<pin id="399" dir="1" index="1" bw="16" slack="0"/>
</pin_list>
<bind>
<opcode="zext(34) " fcode="zext"/>
<opset="p_shl2_cast/8 "/>
</bind>
</comp>

<comp id="401" class="1004" name="p_shl3_fu_401">
<pin_list>
<pin id="402" dir="0" index="0" bw="12" slack="0"/>
<pin id="403" dir="0" index="1" bw="8" slack="1"/>
<pin id="404" dir="0" index="2" bw="1" slack="0"/>
<pin id="405" dir="1" index="3" bw="12" slack="0"/>
</pin_list>
<bind>
<opcode="bitconcatenate(1004) " fcode="bitconcatenate"/>
<opset="p_shl3/8 "/>
</bind>
</comp>

<comp id="408" class="1004" name="p_shl3_cast9_fu_408">
<pin_list>
<pin id="409" dir="0" index="0" bw="12" slack="0"/>
<pin id="410" dir="1" index="1" bw="13" slack="0"/>
</pin_list>
<bind>
<opcode="zext(34) " fcode="zext"/>
<opset="p_shl3_cast9/8 "/>
</bind>
</comp>

<comp id="412" class="1004" name="p_shl3_cast_fu_412">
<pin_list>
<pin id="413" dir="0" index="0" bw="12" slack="0"/>
<pin id="414" dir="1" index="1" bw="16" slack="0"/>
</pin_list>
<bind>
<opcode="zext(34) " fcode="zext"/>
<opset="p_shl3_cast/8 "/>
</bind>
</comp>

<comp id="416" class="1004" name="tmp_30_fu_416">
<pin_list>
<pin id="417" dir="0" index="0" bw="15" slack="0"/>
<pin id="418" dir="0" index="1" bw="12" slack="0"/>
<pin id="419" dir="1" index="2" bw="16" slack="0"/>
</pin_list>
<bind>
<opcode="sub(10) " fcode="sub"/>
<opset="tmp_30/8 "/>
</bind>
</comp>

<comp id="422" class="1004" name="tmp6_fu_422">
<pin_list>
<pin id="423" dir="0" index="0" bw="16" slack="0"/>
<pin id="424" dir="0" index="1" bw="9" slack="0"/>
<pin id="425" dir="1" index="2" bw="16" slack="0"/>
</pin_list>
<bind>
<opcode="add(8) " fcode="add"/>
<opset="tmp6/8 "/>
</bind>
</comp>

<comp id="428" class="1004" name="tmp_31_fu_428">
<pin_list>
<pin id="429" dir="0" index="0" bw="16" slack="0"/>
<pin id="430" dir="0" index="1" bw="16" slack="0"/>
<pin id="431" dir="1" index="2" bw="16" slack="0"/>
</pin_list>
<bind>
<opcode="add(8) " fcode="add"/>
<opset="tmp_31/8 "/>
</bind>
</comp>

<comp id="433" class="1004" name="tmp_32_fu_433">
<pin_list>
<pin id="434" dir="0" index="0" bw="8" slack="0"/>
<pin id="435" dir="0" index="1" bw="16" slack="0"/>
<pin id="436" dir="0" index="2" bw="5" slack="0"/>
<pin id="437" dir="0" index="3" bw="5" slack="0"/>
<pin id="438" dir="1" index="4" bw="8" slack="1"/>
</pin_list>
<bind>
<opcode="partselect(1002) " fcode="partselect"/>
<opset="tmp_32/8 "/>
</bind>
</comp>

<comp id="443" class="1004" name="p_neg_fu_443">
<pin_list>
<pin id="444" dir="0" index="0" bw="1" slack="0"/>
<pin id="445" dir="0" index="1" bw="12" slack="0"/>
<pin id="446" dir="1" index="2" bw="13" slack="0"/>
</pin_list>
<bind>
<opcode="sub(10) " fcode="sub"/>
<opset="p_neg/8 "/>
</bind>
</comp>

<comp id="449" class="1004" name="p_neg_cast_fu_449">
<pin_list>
<pin id="450" dir="0" index="0" bw="13" slack="0"/>
<pin id="451" dir="1" index="1" bw="14" slack="0"/>
</pin_list>
<bind>
<opcode="sext(35) " fcode="sext"/>
<opset="p_neg_cast/8 "/>
</bind>
</comp>

<comp id="453" class="1004" name="p_shl1_fu_453">
<pin_list>
<pin id="454" dir="0" index="0" bw="9" slack="0"/>
<pin id="455" dir="0" index="1" bw="8" slack="1"/>
<pin id="456" dir="0" index="2" bw="1" slack="0"/>
<pin id="457" dir="1" index="3" bw="9" slack="0"/>
</pin_list>
<bind>
<opcode="bitconcatenate(1004) " fcode="bitconcatenate"/>
<opset="p_shl1/8 "/>
</bind>
</comp>

<comp id="460" class="1004" name="p_shl1_cast_fu_460">
<pin_list>
<pin id="461" dir="0" index="0" bw="9" slack="0"/>
<pin id="462" dir="1" index="1" bw="14" slack="0"/>
</pin_list>
<bind>
<opcode="zext(34) " fcode="zext"/>
<opset="p_shl1_cast/8 "/>
</bind>
</comp>

<comp id="464" class="1004" name="tmp_35_fu_464">
<pin_list>
<pin id="465" dir="0" index="0" bw="13" slack="0"/>
<pin id="466" dir="0" index="1" bw="9" slack="0"/>
<pin id="467" dir="1" index="2" bw="14" slack="0"/>
</pin_list>
<bind>
<opcode="sub(10) " fcode="sub"/>
<opset="tmp_35/8 "/>
</bind>
</comp>

<comp id="470" class="1004" name="tmp8_fu_470">
<pin_list>
<pin id="471" dir="0" index="0" bw="14" slack="0"/>
<pin id="472" dir="0" index="1" bw="9" slack="0"/>
<pin id="473" dir="1" index="2" bw="14" slack="0"/>
</pin_list>
<bind>
<opcode="add(8) " fcode="add"/>
<opset="tmp8/8 "/>
</bind>
</comp>

<comp id="476" class="1004" name="tmp8_cast_fu_476">
<pin_list>
<pin id="477" dir="0" index="0" bw="14" slack="0"/>
<pin id="478" dir="1" index="1" bw="16" slack="0"/>
</pin_list>
<bind>
<opcode="sext(35) " fcode="sext"/>
<opset="tmp8_cast/8 "/>
</bind>
</comp>

<comp id="480" class="1004" name="tmp_36_fu_480">
<pin_list>
<pin id="481" dir="0" index="0" bw="14" slack="0"/>
<pin id="482" dir="0" index="1" bw="16" slack="0"/>
<pin id="483" dir="1" index="2" bw="16" slack="0"/>
</pin_list>
<bind>
<opcode="add(8) " fcode="add"/>
<opset="tmp_36/8 "/>
</bind>
</comp>

<comp id="485" class="1004" name="tmp_37_fu_485">
<pin_list>
<pin id="486" dir="0" index="0" bw="8" slack="0"/>
<pin id="487" dir="0" index="1" bw="16" slack="0"/>
<pin id="488" dir="0" index="2" bw="5" slack="0"/>
<pin id="489" dir="0" index="3" bw="5" slack="0"/>
<pin id="490" dir="1" index="4" bw="8" slack="1"/>
</pin_list>
<bind>
<opcode="partselect(1002) " fcode="partselect"/>
<opset="tmp_37/8 "/>
</bind>
</comp>

<comp id="495" class="1004" name="Y_fu_495">
<pin_list>
<pin id="496" dir="0" index="0" bw="8" slack="1"/>
<pin id="497" dir="0" index="1" bw="6" slack="0"/>
<pin id="498" dir="1" index="2" bw="8" slack="0"/>
</pin_list>
<bind>
<opcode="add(8) " fcode="add"/>
<opset="Y/9 "/>
</bind>
</comp>

<comp id="501" class="1004" name="U_fu_501">
<pin_list>
<pin id="502" dir="0" index="0" bw="8" slack="1"/>
<pin id="503" dir="0" index="1" bw="8" slack="0"/>
<pin id="504" dir="1" index="2" bw="8" slack="0"/>
</pin_list>
<bind>
<opcode="xor(25) " fcode="xor"/>
<opset="U/9 "/>
</bind>
</comp>

<comp id="507" class="1004" name="V_fu_507">
<pin_list>
<pin id="508" dir="0" index="0" bw="8" slack="1"/>
<pin id="509" dir="0" index="1" bw="8" slack="0"/>
<pin id="510" dir="1" index="2" bw="8" slack="0"/>
</pin_list>
<bind>
<opcode="xor(25) " fcode="xor"/>
<opset="V/9 "/>
</bind>
</comp>

<comp id="513" class="1007" name="grp_fu_513">
<pin_list>
<pin id="514" dir="0" index="0" bw="8" slack="1"/>
<pin id="515" dir="0" index="1" bw="8" slack="0"/>
<pin id="516" dir="0" index="2" bw="16" slack="2147483647"/>
<pin id="517" dir="1" index="3" bw="16" slack="0"/>
</pin_list>
<bind>
<opcode="muladd(1172) " fcode="muladd"/>
<opset="tmp_34/8 tmp7/8 "/>
</bind>
</comp>

<comp id="520" class="1007" name="grp_fu_520">
<pin_list>
<pin id="521" dir="0" index="0" bw="8" slack="0"/>
<pin id="522" dir="0" index="1" bw="7" slack="0"/>
<pin id="523" dir="0" index="2" bw="16" slack="2147483647"/>
<pin id="524" dir="1" index="3" bw="16" slack="0"/>
</pin_list>
<bind>
<opcode="muladd(1172) " fcode="muladd"/>
<opset="tmp_28/8 tmp_44_cast/8 tmp5/8 "/>
</bind>
</comp>

<comp id="528" class="1007" name="grp_fu_528">
<pin_list>
<pin id="529" dir="0" index="0" bw="8" slack="0"/>
<pin id="530" dir="0" index="1" bw="6" slack="0"/>
<pin id="531" dir="0" index="2" bw="9" slack="0"/>
<pin id="532" dir="1" index="3" bw="13" slack="0"/>
</pin_list>
<bind>
<opcode="muladd(1172) " fcode="muladd"/>
<opset="tmp_25/8 tmp3/8 "/>
</bind>
</comp>

<comp id="537" class="1005" name="in_height_read_2_reg_537">
<pin_list>
<pin id="538" dir="0" index="0" bw="16" slack="1"/>
<pin id="539" dir="1" index="1" bw="16" slack="1"/>
</pin_list>
<bind>
<opset="in_height_read_2 "/>
</bind>
</comp>

<comp id="543" class="1005" name="in_width_read_2_reg_543">
<pin_list>
<pin id="544" dir="0" index="0" bw="16" slack="1"/>
<pin id="545" dir="1" index="1" bw="16" slack="1"/>
</pin_list>
<bind>
<opset="in_width_read_2 "/>
</bind>
</comp>

<comp id="552" class="1005" name="x_2_reg_552">
<pin_list>
<pin id="553" dir="0" index="0" bw="16" slack="0"/>
<pin id="554" dir="1" index="1" bw="16" slack="0"/>
</pin_list>
<bind>
<opset="x_2 "/>
</bind>
</comp>

<comp id="557" class="1005" name="tmp_22_reg_557">
<pin_list>
<pin id="558" dir="0" index="0" bw="23" slack="1"/>
<pin id="559" dir="1" index="1" bw="23" slack="1"/>
</pin_list>
<bind>
<opset="tmp_22 "/>
</bind>
</comp>

<comp id="565" class="1005" name="y_2_reg_565">
<pin_list>
<pin id="566" dir="0" index="0" bw="16" slack="0"/>
<pin id="567" dir="1" index="1" bw="16" slack="0"/>
</pin_list>
<bind>
<opset="y_2 "/>
</bind>
</comp>

<comp id="570" class="1005" name="tmp_24_cast_reg_570">
<pin_list>
<pin id="571" dir="0" index="0" bw="64" slack="1"/>
<pin id="572" dir="1" index="1" bw="64" slack="1"/>
</pin_list>
<bind>
<opset="tmp_24_cast "/>
</bind>
</comp>

<comp id="578" class="1005" name="in_channels_ch1_addr_reg_578">
<pin_list>
<pin id="579" dir="0" index="0" bw="22" slack="1"/>
<pin id="580" dir="1" index="1" bw="22" slack="1"/>
</pin_list>
<bind>
<opset="in_channels_ch1_addr "/>
</bind>
</comp>

<comp id="583" class="1005" name="in_channels_ch2_addr_reg_583">
<pin_list>
<pin id="584" dir="0" index="0" bw="22" slack="1"/>
<pin id="585" dir="1" index="1" bw="22" slack="1"/>
</pin_list>
<bind>
<opset="in_channels_ch2_addr "/>
</bind>
</comp>

<comp id="588" class="1005" name="in_channels_ch3_addr_reg_588">
<pin_list>
<pin id="589" dir="0" index="0" bw="22" slack="1"/>
<pin id="590" dir="1" index="1" bw="22" slack="1"/>
</pin_list>
<bind>
<opset="in_channels_ch3_addr "/>
</bind>
</comp>

<comp id="593" class="1005" name="R_reg_593">
<pin_list>
<pin id="594" dir="0" index="0" bw="8" slack="1"/>
<pin id="595" dir="1" index="1" bw="8" slack="1"/>
</pin_list>
<bind>
<opset="R "/>
</bind>
</comp>

<comp id="601" class="1005" name="G_reg_601">
<pin_list>
<pin id="602" dir="0" index="0" bw="8" slack="1"/>
<pin id="603" dir="1" index="1" bw="8" slack="1"/>
</pin_list>
<bind>
<opset="G "/>
</bind>
</comp>

<comp id="608" class="1005" name="B_reg_608">
<pin_list>
<pin id="609" dir="0" index="0" bw="8" slack="1"/>
<pin id="610" dir="1" index="1" bw="8" slack="1"/>
</pin_list>
<bind>
<opset="B "/>
</bind>
</comp>

<comp id="616" class="1005" name="tmp_35_cast1_reg_616">
<pin_list>
<pin id="617" dir="0" index="0" bw="16" slack="1"/>
<pin id="618" dir="1" index="1" bw="16" slack="1"/>
</pin_list>
<bind>
<opset="tmp_35_cast1 "/>
</bind>
</comp>

<comp id="621" class="1005" name="tmp_29_reg_621">
<pin_list>
<pin id="622" dir="0" index="0" bw="16" slack="1"/>
<pin id="623" dir="1" index="1" bw="16" slack="1"/>
</pin_list>
<bind>
<opset="tmp_29 "/>
</bind>
</comp>

<comp id="626" class="1005" name="tmp_33_reg_626">
<pin_list>
<pin id="627" dir="0" index="0" bw="16" slack="1"/>
<pin id="628" dir="1" index="1" bw="16" slack="1"/>
</pin_list>
<bind>
<opset="tmp_33 "/>
</bind>
</comp>

<comp id="631" class="1005" name="tmp_27_reg_631">
<pin_list>
<pin id="632" dir="0" index="0" bw="8" slack="1"/>
<pin id="633" dir="1" index="1" bw="8" slack="1"/>
</pin_list>
<bind>
<opset="tmp_27 "/>
</bind>
</comp>

<comp id="636" class="1005" name="tmp_32_reg_636">
<pin_list>
<pin id="637" dir="0" index="0" bw="8" slack="1"/>
<pin id="638" dir="1" index="1" bw="8" slack="1"/>
</pin_list>
<bind>
<opset="tmp_32 "/>
</bind>
</comp>

<comp id="641" class="1005" name="tmp_37_reg_641">
<pin_list>
<pin id="642" dir="0" index="0" bw="8" slack="1"/>
<pin id="643" dir="1" index="1" bw="8" slack="1"/>
</pin_list>
<bind>
<opset="tmp_37 "/>
</bind>
</comp>

<comp id="646" class="1005" name="out_channels_ch1_addr_reg_646">
<pin_list>
<pin id="647" dir="0" index="0" bw="22" slack="1"/>
<pin id="648" dir="1" index="1" bw="22" slack="1"/>
</pin_list>
<bind>
<opset="out_channels_ch1_addr "/>
</bind>
</comp>

<comp id="651" class="1005" name="out_channels_ch2_addr_reg_651">
<pin_list>
<pin id="652" dir="0" index="0" bw="22" slack="1"/>
<pin id="653" dir="1" index="1" bw="22" slack="1"/>
</pin_list>
<bind>
<opset="out_channels_ch2_addr "/>
</bind>
</comp>

<comp id="656" class="1005" name="out_channels_ch3_addr_reg_656">
<pin_list>
<pin id="657" dir="0" index="0" bw="22" slack="1"/>
<pin id="658" dir="1" index="1" bw="22" slack="1"/>
</pin_list>
<bind>
<opset="out_channels_ch3_addr "/>
</bind>
</comp>

<comp id="661" class="1005" name="Y_reg_661">
<pin_list>
<pin id="662" dir="0" index="0" bw="8" slack="1"/>
<pin id="663" dir="1" index="1" bw="8" slack="1"/>
</pin_list>
<bind>
<opset="Y "/>
</bind>
</comp>

<comp id="666" class="1005" name="U_reg_666">
<pin_list>
<pin id="667" dir="0" index="0" bw="8" slack="1"/>
<pin id="668" dir="1" index="1" bw="8" slack="1"/>
</pin_list>
<bind>
<opset="U "/>
</bind>
</comp>

<comp id="671" class="1005" name="V_reg_671">
<pin_list>
<pin id="672" dir="0" index="0" bw="8" slack="1"/>
<pin id="673" dir="1" index="1" bw="8" slack="1"/>
</pin_list>
<bind>
<opset="V "/>
</bind>
</comp>

</comp_list>

<net_list>
<net id="106"><net_src comp="16" pin="0"/><net_sink comp="102" pin=0"/></net>

<net id="107"><net_src comp="8" pin="0"/><net_sink comp="102" pin=1"/></net>

<net id="112"><net_src comp="16" pin="0"/><net_sink comp="108" pin=0"/></net>

<net id="113"><net_src comp="6" pin="0"/><net_sink comp="108" pin=1"/></net>

<net id="119"><net_src comp="0" pin="0"/><net_sink comp="114" pin=0"/></net>

<net id="120"><net_src comp="48" pin="0"/><net_sink comp="114" pin=1"/></net>

<net id="126"><net_src comp="2" pin="0"/><net_sink comp="121" pin=0"/></net>

<net id="127"><net_src comp="48" pin="0"/><net_sink comp="121" pin=1"/></net>

<net id="132"><net_src comp="114" pin="3"/><net_sink comp="128" pin=0"/></net>

<net id="137"><net_src comp="121" pin="3"/><net_sink comp="133" pin=0"/></net>

<net id="143"><net_src comp="4" pin="0"/><net_sink comp="138" pin=0"/></net>

<net id="144"><net_src comp="48" pin="0"/><net_sink comp="138" pin=1"/></net>

<net id="149"><net_src comp="138" pin="3"/><net_sink comp="145" pin=0"/></net>

<net id="155"><net_src comp="10" pin="0"/><net_sink comp="150" pin=0"/></net>

<net id="156"><net_src comp="48" pin="0"/><net_sink comp="150" pin=1"/></net>

<net id="162"><net_src comp="12" pin="0"/><net_sink comp="157" pin=0"/></net>

<net id="163"><net_src comp="48" pin="0"/><net_sink comp="157" pin=1"/></net>

<net id="169"><net_src comp="14" pin="0"/><net_sink comp="164" pin=0"/></net>

<net id="170"><net_src comp="48" pin="0"/><net_sink comp="164" pin=1"/></net>

<net id="175"><net_src comp="150" pin="3"/><net_sink comp="171" pin=0"/></net>

<net id="180"><net_src comp="157" pin="3"/><net_sink comp="176" pin=0"/></net>

<net id="185"><net_src comp="164" pin="3"/><net_sink comp="181" pin=0"/></net>

<net id="189"><net_src comp="18" pin="0"/><net_sink comp="186" pin=0"/></net>

<net id="196"><net_src comp="186" pin="1"/><net_sink comp="190" pin=0"/></net>

<net id="200"><net_src comp="18" pin="0"/><net_sink comp="197" pin=0"/></net>

<net id="207"><net_src comp="197" pin="1"/><net_sink comp="201" pin=0"/></net>

<net id="212"><net_src comp="190" pin="4"/><net_sink comp="208" pin=0"/></net>

<net id="217"><net_src comp="190" pin="4"/><net_sink comp="213" pin=0"/></net>

<net id="218"><net_src comp="20" pin="0"/><net_sink comp="213" pin=1"/></net>

<net id="222"><net_src comp="190" pin="4"/><net_sink comp="219" pin=0"/></net>

<net id="228"><net_src comp="38" pin="0"/><net_sink comp="223" pin=0"/></net>

<net id="229"><net_src comp="219" pin="1"/><net_sink comp="223" pin=1"/></net>

<net id="230"><net_src comp="40" pin="0"/><net_sink comp="223" pin=2"/></net>

<net id="234"><net_src comp="190" pin="4"/><net_sink comp="231" pin=0"/></net>

<net id="240"><net_src comp="42" pin="0"/><net_sink comp="235" pin=0"/></net>

<net id="241"><net_src comp="231" pin="1"/><net_sink comp="235" pin=1"/></net>

<net id="242"><net_src comp="44" pin="0"/><net_sink comp="235" pin=2"/></net>

<net id="247"><net_src comp="223" pin="3"/><net_sink comp="243" pin=0"/></net>

<net id="248"><net_src comp="235" pin="3"/><net_sink comp="243" pin=1"/></net>

<net id="253"><net_src comp="46" pin="0"/><net_sink comp="249" pin=0"/></net>

<net id="258"><net_src comp="249" pin="2"/><net_sink comp="254" pin=0"/></net>

<net id="263"><net_src comp="201" pin="4"/><net_sink comp="259" pin=0"/></net>

<net id="268"><net_src comp="201" pin="4"/><net_sink comp="264" pin=0"/></net>

<net id="269"><net_src comp="20" pin="0"/><net_sink comp="264" pin=1"/></net>

<net id="273"><net_src comp="201" pin="4"/><net_sink comp="270" pin=0"/></net>

<net id="278"><net_src comp="270" pin="1"/><net_sink comp="274" pin=0"/></net>

<net id="282"><net_src comp="274" pin="2"/><net_sink comp="279" pin=0"/></net>

<net id="283"><net_src comp="279" pin="1"/><net_sink comp="114" pin=2"/></net>

<net id="284"><net_src comp="279" pin="1"/><net_sink comp="121" pin=2"/></net>

<net id="295"><net_src comp="288" pin="1"/><net_sink comp="291" pin=0"/></net>

<net id="296"><net_src comp="52" pin="0"/><net_sink comp="291" pin=1"/></net>

<net id="301"><net_src comp="285" pin="1"/><net_sink comp="297" pin=0"/></net>

<net id="302"><net_src comp="54" pin="0"/><net_sink comp="297" pin=1"/></net>

<net id="311"><net_src comp="56" pin="0"/><net_sink comp="306" pin=0"/></net>

<net id="312"><net_src comp="58" pin="0"/><net_sink comp="306" pin=2"/></net>

<net id="316"><net_src comp="306" pin="3"/><net_sink comp="313" pin=0"/></net>

<net id="322"><net_src comp="60" pin="0"/><net_sink comp="317" pin=0"/></net>

<net id="323"><net_src comp="62" pin="0"/><net_sink comp="317" pin=2"/></net>

<net id="327"><net_src comp="317" pin="3"/><net_sink comp="324" pin=0"/></net>

<net id="336"><net_src comp="64" pin="0"/><net_sink comp="331" pin=0"/></net>

<net id="337"><net_src comp="66" pin="0"/><net_sink comp="331" pin=2"/></net>

<net id="341"><net_src comp="331" pin="3"/><net_sink comp="338" pin=0"/></net>

<net id="349"><net_src comp="324" pin="1"/><net_sink comp="345" pin=0"/></net>

<net id="350"><net_src comp="313" pin="1"/><net_sink comp="345" pin=1"/></net>

<net id="354"><net_src comp="345" pin="2"/><net_sink comp="351" pin=0"/></net>

<net id="359"><net_src comp="351" pin="1"/><net_sink comp="355" pin=0"/></net>

<net id="360"><net_src comp="338" pin="1"/><net_sink comp="355" pin=1"/></net>

<net id="365"><net_src comp="328" pin="1"/><net_sink comp="361" pin=0"/></net>

<net id="366"><net_src comp="70" pin="0"/><net_sink comp="361" pin=1"/></net>

<net id="370"><net_src comp="361" pin="2"/><net_sink comp="367" pin=0"/></net>

<net id="378"><net_src comp="371" pin="1"/><net_sink comp="374" pin=0"/></net>

<net id="379"><net_src comp="355" pin="2"/><net_sink comp="374" pin=1"/></net>

<net id="386"><net_src comp="72" pin="0"/><net_sink comp="380" pin=0"/></net>

<net id="387"><net_src comp="374" pin="2"/><net_sink comp="380" pin=1"/></net>

<net id="388"><net_src comp="74" pin="0"/><net_sink comp="380" pin=2"/></net>

<net id="389"><net_src comp="76" pin="0"/><net_sink comp="380" pin=3"/></net>

<net id="395"><net_src comp="64" pin="0"/><net_sink comp="390" pin=0"/></net>

<net id="396"><net_src comp="66" pin="0"/><net_sink comp="390" pin=2"/></net>

<net id="400"><net_src comp="390" pin="3"/><net_sink comp="397" pin=0"/></net>

<net id="406"><net_src comp="80" pin="0"/><net_sink comp="401" pin=0"/></net>

<net id="407"><net_src comp="82" pin="0"/><net_sink comp="401" pin=2"/></net>

<net id="411"><net_src comp="401" pin="3"/><net_sink comp="408" pin=0"/></net>

<net id="415"><net_src comp="401" pin="3"/><net_sink comp="412" pin=0"/></net>

<net id="420"><net_src comp="397" pin="1"/><net_sink comp="416" pin=0"/></net>

<net id="421"><net_src comp="412" pin="1"/><net_sink comp="416" pin=1"/></net>

<net id="426"><net_src comp="416" pin="2"/><net_sink comp="422" pin=0"/></net>

<net id="427"><net_src comp="84" pin="0"/><net_sink comp="422" pin=1"/></net>

<net id="432"><net_src comp="422" pin="2"/><net_sink comp="428" pin=0"/></net>

<net id="439"><net_src comp="72" pin="0"/><net_sink comp="433" pin=0"/></net>

<net id="440"><net_src comp="428" pin="2"/><net_sink comp="433" pin=1"/></net>

<net id="441"><net_src comp="74" pin="0"/><net_sink comp="433" pin=2"/></net>

<net id="442"><net_src comp="76" pin="0"/><net_sink comp="433" pin=3"/></net>

<net id="447"><net_src comp="88" pin="0"/><net_sink comp="443" pin=0"/></net>

<net id="448"><net_src comp="408" pin="1"/><net_sink comp="443" pin=1"/></net>

<net id="452"><net_src comp="443" pin="2"/><net_sink comp="449" pin=0"/></net>

<net id="458"><net_src comp="60" pin="0"/><net_sink comp="453" pin=0"/></net>

<net id="459"><net_src comp="62" pin="0"/><net_sink comp="453" pin=2"/></net>

<net id="463"><net_src comp="453" pin="3"/><net_sink comp="460" pin=0"/></net>

<net id="468"><net_src comp="449" pin="1"/><net_sink comp="464" pin=0"/></net>

<net id="469"><net_src comp="460" pin="1"/><net_sink comp="464" pin=1"/></net>

<net id="474"><net_src comp="464" pin="2"/><net_sink comp="470" pin=0"/></net>

<net id="475"><net_src comp="90" pin="0"/><net_sink comp="470" pin=1"/></net>

<net id="479"><net_src comp="470" pin="2"/><net_sink comp="476" pin=0"/></net>

<net id="484"><net_src comp="476" pin="1"/><net_sink comp="480" pin=0"/></net>

<net id="491"><net_src comp="72" pin="0"/><net_sink comp="485" pin=0"/></net>

<net id="492"><net_src comp="480" pin="2"/><net_sink comp="485" pin=1"/></net>

<net id="493"><net_src comp="74" pin="0"/><net_sink comp="485" pin=2"/></net>

<net id="494"><net_src comp="76" pin="0"/><net_sink comp="485" pin=3"/></net>

<net id="499"><net_src comp="92" pin="0"/><net_sink comp="495" pin=1"/></net>

<net id="500"><net_src comp="495" pin="2"/><net_sink comp="171" pin=1"/></net>

<net id="505"><net_src comp="94" pin="0"/><net_sink comp="501" pin=1"/></net>

<net id="506"><net_src comp="501" pin="2"/><net_sink comp="176" pin=1"/></net>

<net id="511"><net_src comp="94" pin="0"/><net_sink comp="507" pin=1"/></net>

<net id="512"><net_src comp="507" pin="2"/><net_sink comp="181" pin=1"/></net>

<net id="518"><net_src comp="86" pin="0"/><net_sink comp="513" pin=1"/></net>

<net id="519"><net_src comp="513" pin="3"/><net_sink comp="480" pin=1"/></net>

<net id="525"><net_src comp="303" pin="1"/><net_sink comp="520" pin=0"/></net>

<net id="526"><net_src comp="78" pin="0"/><net_sink comp="520" pin=1"/></net>

<net id="527"><net_src comp="520" pin="3"/><net_sink comp="428" pin=1"/></net>

<net id="533"><net_src comp="342" pin="1"/><net_sink comp="528" pin=0"/></net>

<net id="534"><net_src comp="68" pin="0"/><net_sink comp="528" pin=1"/></net>

<net id="535"><net_src comp="367" pin="1"/><net_sink comp="528" pin=2"/></net>

<net id="536"><net_src comp="528" pin="3"/><net_sink comp="371" pin=0"/></net>

<net id="540"><net_src comp="102" pin="2"/><net_sink comp="537" pin=0"/></net>

<net id="541"><net_src comp="537" pin="1"/><net_sink comp="254" pin=1"/></net>

<net id="542"><net_src comp="537" pin="1"/><net_sink comp="259" pin=1"/></net>

<net id="546"><net_src comp="108" pin="2"/><net_sink comp="543" pin=0"/></net>

<net id="547"><net_src comp="543" pin="1"/><net_sink comp="208" pin=1"/></net>

<net id="548"><net_src comp="543" pin="1"/><net_sink comp="249" pin=1"/></net>

<net id="555"><net_src comp="213" pin="2"/><net_sink comp="552" pin=0"/></net>

<net id="556"><net_src comp="552" pin="1"/><net_sink comp="190" pin=2"/></net>

<net id="560"><net_src comp="243" pin="2"/><net_sink comp="557" pin=0"/></net>

<net id="561"><net_src comp="557" pin="1"/><net_sink comp="274" pin=1"/></net>

<net id="568"><net_src comp="264" pin="2"/><net_sink comp="565" pin=0"/></net>

<net id="569"><net_src comp="565" pin="1"/><net_sink comp="201" pin=2"/></net>

<net id="573"><net_src comp="279" pin="1"/><net_sink comp="570" pin=0"/></net>

<net id="574"><net_src comp="570" pin="1"/><net_sink comp="138" pin=2"/></net>

<net id="575"><net_src comp="570" pin="1"/><net_sink comp="150" pin=2"/></net>

<net id="576"><net_src comp="570" pin="1"/><net_sink comp="157" pin=2"/></net>

<net id="577"><net_src comp="570" pin="1"/><net_sink comp="164" pin=2"/></net>

<net id="581"><net_src comp="114" pin="3"/><net_sink comp="578" pin=0"/></net>

<net id="582"><net_src comp="578" pin="1"/><net_sink comp="128" pin=0"/></net>

<net id="586"><net_src comp="121" pin="3"/><net_sink comp="583" pin=0"/></net>

<net id="587"><net_src comp="583" pin="1"/><net_sink comp="133" pin=0"/></net>

<net id="591"><net_src comp="138" pin="3"/><net_sink comp="588" pin=0"/></net>

<net id="592"><net_src comp="588" pin="1"/><net_sink comp="145" pin=0"/></net>

<net id="596"><net_src comp="128" pin="2"/><net_sink comp="593" pin=0"/></net>

<net id="597"><net_src comp="593" pin="1"/><net_sink comp="285" pin=0"/></net>

<net id="598"><net_src comp="593" pin="1"/><net_sink comp="303" pin=0"/></net>

<net id="599"><net_src comp="593" pin="1"/><net_sink comp="306" pin=1"/></net>

<net id="600"><net_src comp="593" pin="1"/><net_sink comp="317" pin=1"/></net>

<net id="604"><net_src comp="133" pin="2"/><net_sink comp="601" pin=0"/></net>

<net id="605"><net_src comp="601" pin="1"/><net_sink comp="288" pin=0"/></net>

<net id="606"><net_src comp="601" pin="1"/><net_sink comp="328" pin=0"/></net>

<net id="607"><net_src comp="601" pin="1"/><net_sink comp="331" pin=1"/></net>

<net id="611"><net_src comp="145" pin="2"/><net_sink comp="608" pin=0"/></net>

<net id="612"><net_src comp="608" pin="1"/><net_sink comp="342" pin=0"/></net>

<net id="613"><net_src comp="608" pin="1"/><net_sink comp="390" pin=1"/></net>

<net id="614"><net_src comp="608" pin="1"/><net_sink comp="401" pin=1"/></net>

<net id="615"><net_src comp="608" pin="1"/><net_sink comp="453" pin=1"/></net>

<net id="619"><net_src comp="288" pin="1"/><net_sink comp="616" pin=0"/></net>

<net id="620"><net_src comp="616" pin="1"/><net_sink comp="513" pin=0"/></net>

<net id="624"><net_src comp="291" pin="2"/><net_sink comp="621" pin=0"/></net>

<net id="625"><net_src comp="621" pin="1"/><net_sink comp="520" pin=1"/></net>

<net id="629"><net_src comp="297" pin="2"/><net_sink comp="626" pin=0"/></net>

<net id="630"><net_src comp="626" pin="1"/><net_sink comp="513" pin=0"/></net>

<net id="634"><net_src comp="380" pin="4"/><net_sink comp="631" pin=0"/></net>

<net id="635"><net_src comp="631" pin="1"/><net_sink comp="495" pin=0"/></net>

<net id="639"><net_src comp="433" pin="4"/><net_sink comp="636" pin=0"/></net>

<net id="640"><net_src comp="636" pin="1"/><net_sink comp="501" pin=0"/></net>

<net id="644"><net_src comp="485" pin="4"/><net_sink comp="641" pin=0"/></net>

<net id="645"><net_src comp="641" pin="1"/><net_sink comp="507" pin=0"/></net>

<net id="649"><net_src comp="150" pin="3"/><net_sink comp="646" pin=0"/></net>

<net id="650"><net_src comp="646" pin="1"/><net_sink comp="171" pin=0"/></net>

<net id="654"><net_src comp="157" pin="3"/><net_sink comp="651" pin=0"/></net>

<net id="655"><net_src comp="651" pin="1"/><net_sink comp="176" pin=0"/></net>

<net id="659"><net_src comp="164" pin="3"/><net_sink comp="656" pin=0"/></net>

<net id="660"><net_src comp="656" pin="1"/><net_sink comp="181" pin=0"/></net>

<net id="664"><net_src comp="495" pin="2"/><net_sink comp="661" pin=0"/></net>

<net id="665"><net_src comp="661" pin="1"/><net_sink comp="171" pin=1"/></net>

<net id="669"><net_src comp="501" pin="2"/><net_sink comp="666" pin=0"/></net>

<net id="670"><net_src comp="666" pin="1"/><net_sink comp="176" pin=1"/></net>

<net id="674"><net_src comp="507" pin="2"/><net_sink comp="671" pin=0"/></net>

<net id="675"><net_src comp="671" pin="1"/><net_sink comp="181" pin=1"/></net>

</net_list>

</model> 
---------------- Datapath Model END ------------------

* FSMD analyzer results:
  - Output states:
	Port: out_channels_ch1 | {9 10 }
	Port: out_channels_ch2 | {9 10 }
	Port: out_channels_ch3 | {9 10 }
 - Input state : 
	Port: yuv_filter_rgb2yuv : in_channels_ch1 | {3 4 5 6 }
	Port: yuv_filter_rgb2yuv : in_channels_ch2 | {3 4 5 6 }
	Port: yuv_filter_rgb2yuv : in_channels_ch3 | {4 5 6 7 }
	Port: yuv_filter_rgb2yuv : out_width | {1 }
	Port: yuv_filter_rgb2yuv : out_height | {1 }
  - Chain level:
	State 1
	State 2
		exitcond1 : 1
		x_2 : 1
		stg_17 : 2
		tmp : 1
		p_shl_cast : 2
		tmp_21 : 1
		p_shl7_cast : 2
		tmp_22 : 3
		mrv_1 : 1
		stg_29 : 2
	State 3
		exitcond : 1
		y_2 : 1
		stg_33 : 2
		tmp_cast : 1
		tmp_24 : 2
		tmp_24_cast : 3
		in_channels_ch1_addr : 4
		in_channels_ch2_addr : 4
		R : 5
		G : 5
	State 4
		B : 1
	State 5
	State 6
	State 7
		tmp_29 : 1
		tmp_33 : 1
	State 8
		p_shl5_cast : 1
		p_shl6_cast : 1
		p_shl4_cast : 1
		tmp_25 : 1
		tmp2 : 2
		tmp2_cast : 3
		tmp1 : 4
		tmp4 : 1
		tmp4_cast : 2
		tmp3 : 3
		tmp3_cast : 4
		tmp_26 : 5
		tmp_27 : 6
		tmp_28 : 1
		tmp_44_cast : 2
		p_shl2_cast : 1
		p_shl3_cast9 : 1
		p_shl3_cast : 1
		tmp_30 : 2
		tmp5 : 3
		tmp6 : 3
		tmp_31 : 4
		tmp_32 : 5
		p_neg : 2
		p_neg_cast : 3
		p_shl1_cast : 1
		tmp_35 : 4
		tmp7 : 1
		tmp8 : 5
		tmp8_cast : 6
		tmp_36 : 7
		tmp_37 : 8
	State 9
		stg_106 : 1
	State 10
		empty : 1


============================================================
+ Verbose Summary: Datapath Resource usage 
============================================================

* Functional unit list:
|----------|------------------------------|---------|---------|---------|
| Operation|        Functional Unit       |  DSP48E |    FF   |   LUT   |
|----------|------------------------------|---------|---------|---------|
|          |          x_2_fu_213          |    0    |    0    |    16   |
|          |         tmp_22_fu_243        |    0    |    0    |    23   |
|          |          y_2_fu_264          |    0    |    0    |    16   |
|          |         tmp_24_fu_274        |    0    |    0    |    23   |
|          |          tmp2_fu_345         |    0    |    0    |    14   |
|          |          tmp1_fu_355         |    0    |    0    |    5    |
|    add   |          tmp4_fu_361         |    0    |    0    |    9    |
|          |         tmp_26_fu_374        |    0    |    0    |    5    |
|          |          tmp6_fu_422         |    0    |    0    |    5    |
|          |         tmp_31_fu_428        |    0    |    0    |    5    |
|          |          tmp8_fu_470         |    0    |    0    |    5    |
|          |         tmp_36_fu_480        |    0    |    0    |    16   |
|          |           Y_fu_495           |    0    |    0    |    8    |
|----------|------------------------------|---------|---------|---------|
|          |         tmp_30_fu_416        |    0    |    0    |    15   |
|    sub   |         p_neg_fu_443         |    0    |    0    |    12   |
|          |         tmp_35_fu_464        |    0    |    0    |    5    |
|----------|------------------------------|---------|---------|---------|
|    xor   |           U_fu_501           |    0    |    0    |    8    |
|          |           V_fu_507           |    0    |    0    |    8    |
|----------|------------------------------|---------|---------|---------|
|   icmp   |       exitcond1_fu_208       |    0    |    0    |    6    |
|          |        exitcond_fu_259       |    0    |    0    |    6    |
|----------|------------------------------|---------|---------|---------|
|          |          grp_fu_513          |    1    |    0    |    0    |
|  muladd  |          grp_fu_520          |    1    |    0    |    0    |
|          |          grp_fu_528          |    1    |    0    |    0    |
|----------|------------------------------|---------|---------|---------|
|    mul   |         tmp_29_fu_291        |    1    |    0    |    0    |
|          |         tmp_33_fu_297        |    1    |    0    |    0    |
|----------|------------------------------|---------|---------|---------|
|   read   | in_height_read_2_read_fu_102 |    0    |    0    |    0    |
|          |  in_width_read_2_read_fu_108 |    0    |    0    |    0    |
|----------|------------------------------|---------|---------|---------|
|   trunc  |          tmp_fu_219          |    0    |    0    |    0    |
|          |         tmp_21_fu_231        |    0    |    0    |    0    |
|----------|------------------------------|---------|---------|---------|
|          |       p_shl_cast_fu_223      |    0    |    0    |    0    |
|          |      p_shl7_cast_fu_235      |    0    |    0    |    0    |
|          |         p_shl5_fu_306        |    0    |    0    |    0    |
|bitconcatenate|         p_shl6_fu_317        |    0    |    0    |    0    |
|          |         p_shl4_fu_331        |    0    |    0    |    0    |
|          |         p_shl2_fu_390        |    0    |    0    |    0    |
|          |         p_shl3_fu_401        |    0    |    0    |    0    |
|          |         p_shl1_fu_453        |    0    |    0    |    0    |
|----------|------------------------------|---------|---------|---------|
|insertvalue|          mrv_fu_249          |    0    |    0    |    0    |
|          |         mrv_1_fu_254         |    0    |    0    |    0    |
|----------|------------------------------|---------|---------|---------|
|          |        tmp_cast_fu_270       |    0    |    0    |    0    |
|          |      tmp_24_cast_fu_279      |    0    |    0    |    0    |
|          |      tmp_33_cast1_fu_285     |    0    |    0    |    0    |
|          |      tmp_35_cast1_fu_288     |    0    |    0    |    0    |
|          |      tmp_33_cast2_fu_303     |    0    |    0    |    0    |
|          |      p_shl5_cast_fu_313      |    0    |    0    |    0    |
|          |      p_shl6_cast_fu_324      |    0    |    0    |    0    |
|          |      tmp_35_cast2_fu_328     |    0    |    0    |    0    |
|   zext   |      p_shl4_cast_fu_338      |    0    |    0    |    0    |
|          |      tmp_37_cast1_fu_342     |    0    |    0    |    0    |
|          |       tmp2_cast_fu_351       |    0    |    0    |    0    |
|          |       tmp4_cast_fu_367       |    0    |    0    |    0    |
|          |       tmp3_cast_fu_371       |    0    |    0    |    0    |
|          |      p_shl2_cast_fu_397      |    0    |    0    |    0    |
|          |      p_shl3_cast9_fu_408     |    0    |    0    |    0    |
|          |      p_shl3_cast_fu_412      |    0    |    0    |    0    |
|          |      p_shl1_cast_fu_460      |    0    |    0    |    0    |
|----------|------------------------------|---------|---------|---------|
|          |         tmp_27_fu_380        |    0    |    0    |    0    |
|partselect|         tmp_32_fu_433        |    0    |    0    |    0    |
|          |         tmp_37_fu_485        |    0    |    0    |    0    |
|----------|------------------------------|---------|---------|---------|
|   sext   |       p_neg_cast_fu_449      |    0    |    0    |    0    |
|          |       tmp8_cast_fu_476       |    0    |    0    |    0    |
|----------|------------------------------|---------|---------|---------|
|   Total  |                              |    5    |    0    |   210   |
|----------|------------------------------|---------|---------|---------|

Memories:
N/A

* Register list:
+-----------------------------+--------+
|                             |   FF   |
+-----------------------------+--------+
|          B_reg_608          |    8   |
|          G_reg_601          |    8   |
|          R_reg_593          |    8   |
|          U_reg_666          |    8   |
|          V_reg_671          |    8   |
|          Y_reg_661          |    8   |
| in_channels_ch1_addr_reg_578|   22   |
| in_channels_ch2_addr_reg_583|   22   |
| in_channels_ch3_addr_reg_588|   22   |
|   in_height_read_2_reg_537  |   16   |
|   in_width_read_2_reg_543   |   16   |
|out_channels_ch1_addr_reg_646|   22   |
|out_channels_ch2_addr_reg_651|   22   |
|out_channels_ch3_addr_reg_656|   22   |
|        tmp_22_reg_557       |   23   |
|     tmp_24_cast_reg_570     |   64   |
|        tmp_27_reg_631       |    8   |
|        tmp_29_reg_621       |   16   |
|        tmp_32_reg_636       |    8   |
|        tmp_33_reg_626       |   16   |
|     tmp_35_cast1_reg_616    |   16   |
|        tmp_37_reg_641       |    8   |
|         x_2_reg_552         |   16   |
|          x_reg_186          |   16   |
|         y_2_reg_565         |   16   |
|          y_reg_197          |   16   |
+-----------------------------+--------+
|            Total            |   435  |
+-----------------------------+--------+

* Multiplexer (MUX) list: 
|-------------------|------|------|------|--------||---------||---------|
|        Comp       |  Pin | Size |  BW  | S x BW ||  Delay  ||   LUT   |
|-------------------|------|------|------|--------||---------||---------|
| grp_access_fu_128 |  p0  |   2  |  22  |   44   ||    22   |
| grp_access_fu_133 |  p0  |   2  |  22  |   44   ||    22   |
| grp_access_fu_145 |  p0  |   2  |  22  |   44   ||    22   |
| grp_access_fu_171 |  p0  |   2  |  22  |   44   ||    22   |
| grp_access_fu_171 |  p1  |   2  |   8  |   16   ||    8    |
| grp_access_fu_176 |  p0  |   2  |  22  |   44   ||    22   |
| grp_access_fu_176 |  p1  |   2  |   8  |   16   ||    8    |
| grp_access_fu_181 |  p0  |   2  |  22  |   44   ||    22   |
| grp_access_fu_181 |  p1  |   2  |   8  |   16   ||    8    |
|     grp_fu_513    |  p0  |   2  |   8  |   16   ||    8    |
|     grp_fu_520    |  p1  |   2  |   7  |   14   ||    7    |
|-------------------|------|------|------|--------||---------||---------|
|       Total       |      |      |      |   342  ||  17.281 ||   171   |
|-------------------|------|------|------|--------||---------||---------|



* Summary:
+-----------+--------+--------+--------+--------+
|           | DSP48E |  Delay |   FF   |   LUT  |
+-----------+--------+--------+--------+--------+
|  Function |    5   |    -   |    0   |   210  |
|   Memory  |    -   |    -   |    -   |    -   |
|Multiplexer|    -   |   17   |    -   |   171  |
|  Register |    -   |    -   |   435  |    -   |
+-----------+--------+--------+--------+--------+
|   Total   |    5   |   17   |   435  |   381  |
+-----------+--------+--------+--------+--------+
