

================================================================
== Vivado HLS Report for 'dct'
================================================================
* Date:           Mon Jun 13 10:29:55 2016

* Version:        2016.1 (Build 1538259 on Fri Apr 08 16:12:49 MDT 2016)
* Project:        dct_prj
* Solution:       solution4
* Product family: zynq
* Target device:  xc7z020clg484-1


================================================================
== Performance Estimates
================================================================
+ Timing (ns): 
    * Summary: 
    +--------+-------+----------+------------+
    |  Clock | Target| Estimated| Uncertainty|
    +--------+-------+----------+------------+
    |ap_clk  |  10.00|     10.79|        1.25|
    +--------+-------+----------+------------+

+ Latency (clock cycles): 
    * Summary: 
    +-----+-----+-----+-----+---------+
    |  Latency  |  Interval | Pipeline|
    | min | max | min | max |   Type  |
    +-----+-----+-----+-----+---------+
    |  508|  508|  509|  509|   none  |
    +-----+-----+-----+-----+---------+

    + Detail: 
        * Instance: 
        N/A

        * Loop: 
        +---------------------------+-----+-----+----------+-----------+-----------+------+----------+
        |                           |  Latency  | Iteration|  Initiation Interval  | Trip |          |
        |         Loop Name         | min | max |  Latency |  achieved |   target  | Count| Pipelined|
        +---------------------------+-----+-----+----------+-----------+-----------+------+----------+
        |- WR_Loop_Row_WR_Loop_Col  |   64|   64|         2|          1|          1|    64|    yes   |
        +---------------------------+-----+-----+----------+-----------+-----------+------+----------+

============================================================
+ Verbose Summary: Synthesis Manager
============================================================
InlineROM: 1
ExposeGlobal: 0
============================================================
+ Verbose Summary: CDFG Model
============================================================
IsTopModel: 1
ResetActiveHigh: 1
IsCombinational: 0
IsDatapathOnly: 0
HasWiredReturn: 1
HasMFsm: 0
HasVarLatency: 1
IsPipeline: 0
IsRtlPipelined: 0
IsInstanceOverlapped: 0
IsDontTouch: 0
HasImplIP: 0
IsGatedGlobalClock: 0

+ Individual pipeline summary: 
  * Pipeline-0: initiation interval (II) = 1, depth = 2


============================================================
+ Verbose Summary: Schedule
============================================================
* Number of FSM states: 7
* Pipeline: 1
  Pipeline-0: II = 1, D = 2, States = { 5 6 }
* Dataflow Pipeline: 0

* FSM state transitions: 
1 --> 
	2  / true
2 --> 
	3  / true
3 --> 
	4  / true
4 --> 
	5  / true
5 --> 
	7  / (exitcond_flatten)
	6  / (!exitcond_flatten)
6 --> 
	5  / true
7 --> 
* FSM state operations: 

 <State 1>: 2.71ns
ST_1: buf_2d_in_0 [1/1] 2.39ns
:3  %buf_2d_in_0 = alloca [8 x i16], align 2

ST_1: buf_2d_in_1 [1/1] 2.39ns
:4  %buf_2d_in_1 = alloca [8 x i16], align 2

ST_1: buf_2d_in_2 [1/1] 2.39ns
:5  %buf_2d_in_2 = alloca [8 x i16], align 2

ST_1: buf_2d_in_3 [1/1] 2.39ns
:6  %buf_2d_in_3 = alloca [8 x i16], align 2

ST_1: buf_2d_in_4 [1/1] 2.39ns
:7  %buf_2d_in_4 = alloca [8 x i16], align 2

ST_1: buf_2d_in_5 [1/1] 2.39ns
:8  %buf_2d_in_5 = alloca [8 x i16], align 2

ST_1: buf_2d_in_6 [1/1] 2.39ns
:9  %buf_2d_in_6 = alloca [8 x i16], align 2

ST_1: buf_2d_in_7 [1/1] 2.39ns
:10  %buf_2d_in_7 = alloca [8 x i16], align 2

ST_1: buf_2d_out [1/1] 2.71ns
:11  %buf_2d_out = alloca [64 x i16], align 2

ST_1: stg_17 [2/2] 0.00ns
:12  call fastcc void @dct_read_data([64 x i16]* %input, [8 x i16]* %buf_2d_in_0, [8 x i16]* %buf_2d_in_1, [8 x i16]* %buf_2d_in_2, [8 x i16]* %buf_2d_in_3, [8 x i16]* %buf_2d_in_4, [8 x i16]* %buf_2d_in_5, [8 x i16]* %buf_2d_in_6, [8 x i16]* %buf_2d_in_7) nounwind


 <State 2>: 0.00ns
ST_2: stg_18 [1/2] 0.00ns
:12  call fastcc void @dct_read_data([64 x i16]* %input, [8 x i16]* %buf_2d_in_0, [8 x i16]* %buf_2d_in_1, [8 x i16]* %buf_2d_in_2, [8 x i16]* %buf_2d_in_3, [8 x i16]* %buf_2d_in_4, [8 x i16]* %buf_2d_in_5, [8 x i16]* %buf_2d_in_6, [8 x i16]* %buf_2d_in_7) nounwind


 <State 3>: 0.00ns
ST_3: stg_19 [2/2] 0.00ns
:13  call fastcc void @dct_dct_2d([8 x i16]* %buf_2d_in_0, [8 x i16]* %buf_2d_in_1, [8 x i16]* %buf_2d_in_2, [8 x i16]* %buf_2d_in_3, [8 x i16]* %buf_2d_in_4, [8 x i16]* %buf_2d_in_5, [8 x i16]* %buf_2d_in_6, [8 x i16]* %buf_2d_in_7, [64 x i16]* %buf_2d_out) nounwind


 <State 4>: 1.57ns
ST_4: stg_20 [1/1] 0.00ns
:0  call void (...)* @_ssdm_op_SpecBitsMap([64 x i16]* %input) nounwind, !map !0

ST_4: stg_21 [1/1] 0.00ns
:1  call void (...)* @_ssdm_op_SpecBitsMap([64 x i16]* %output) nounwind, !map !6

ST_4: stg_22 [1/1] 0.00ns
:2  call void (...)* @_ssdm_op_SpecTopModule([4 x i8]* @dct_str) nounwind

ST_4: stg_23 [1/2] 0.00ns
:13  call fastcc void @dct_dct_2d([8 x i16]* %buf_2d_in_0, [8 x i16]* %buf_2d_in_1, [8 x i16]* %buf_2d_in_2, [8 x i16]* %buf_2d_in_3, [8 x i16]* %buf_2d_in_4, [8 x i16]* %buf_2d_in_5, [8 x i16]* %buf_2d_in_6, [8 x i16]* %buf_2d_in_7, [64 x i16]* %buf_2d_out) nounwind

ST_4: stg_24 [1/1] 1.57ns
:14  br label %1


 <State 5>: 7.68ns
ST_5: indvar_flatten [1/1] 0.00ns
:0  %indvar_flatten = phi i7 [ 0, %0 ], [ %indvar_flatten_next, %.reset ]

ST_5: r_i [1/1] 0.00ns
:1  %r_i = phi i4 [ 0, %0 ], [ %tmp_i_mid2_v, %.reset ]

ST_5: c_i [1/1] 0.00ns
:2  %c_i = phi i4 [ 0, %0 ], [ %c, %.reset ]

ST_5: exitcond_flatten [1/1] 1.97ns
:3  %exitcond_flatten = icmp eq i7 %indvar_flatten, -64

ST_5: indvar_flatten_next [1/1] 1.72ns
:4  %indvar_flatten_next = add i7 %indvar_flatten, 1

ST_5: stg_30 [1/1] 0.00ns
:5  br i1 %exitcond_flatten, label %write_data.exit, label %.reset

ST_5: r [1/1] 0.80ns
.reset:0  %r = add i4 1, %r_i

ST_5: exitcond_i3 [1/1] 1.88ns
.reset:3  %exitcond_i3 = icmp eq i4 %c_i, -8

ST_5: c_i_mid2 [1/1] 1.37ns
.reset:4  %c_i_mid2 = select i1 %exitcond_i3, i4 0, i4 %c_i

ST_5: tmp_i_mid2_v [1/1] 1.37ns
.reset:5  %tmp_i_mid2_v = select i1 %exitcond_i3, i4 %r, i4 %r_i

ST_5: tmp [1/1] 0.00ns
.reset:6  %tmp = call i7 @_ssdm_op_BitConcatenate.i7.i4.i3(i4 %tmp_i_mid2_v, i3 0)

ST_5: tmp_15_cast [1/1] 0.00ns
.reset:7  %tmp_15_cast = zext i7 %tmp to i8

ST_5: tmp_5 [1/1] 0.00ns
.reset:8  %tmp_5 = trunc i4 %tmp_i_mid2_v to i3

ST_5: tmp_1_i_mid2 [1/1] 0.00ns
.reset:9  %tmp_1_i_mid2 = call i6 @_ssdm_op_BitConcatenate.i6.i3.i3(i3 %tmp_5, i3 0)

ST_5: c_i_cast2 [1/1] 0.00ns
.reset:10  %c_i_cast2 = zext i4 %c_i_mid2 to i6

ST_5: tmp_3_i_cast [1/1] 0.00ns
.reset:14  %tmp_3_i_cast = zext i4 %c_i_mid2 to i8

ST_5: tmp_s [1/1] 1.72ns
.reset:15  %tmp_s = add i8 %tmp_15_cast, %tmp_3_i_cast

ST_5: tmp_17_cast [1/1] 0.00ns
.reset:16  %tmp_17_cast = zext i8 %tmp_s to i64

ST_5: buf_2d_out_addr [1/1] 0.00ns
.reset:17  %buf_2d_out_addr = getelementptr [64 x i16]* %buf_2d_out, i64 0, i64 %tmp_17_cast

ST_5: buf_2d_out_load [2/2] 2.71ns
.reset:18  %buf_2d_out_load = load i16* %buf_2d_out_addr, align 2

ST_5: tmp_4_i [1/1] 1.72ns
.reset:19  %tmp_4_i = add i6 %c_i_cast2, %tmp_1_i_mid2

ST_5: c [1/1] 0.80ns
.reset:24  %c = add i4 1, %c_i_mid2


 <State 6>: 5.42ns
ST_6: stg_47 [1/1] 0.00ns
.reset:1  call void (...)* @_ssdm_op_SpecLoopName([24 x i8]* @WR_Loop_Row_WR_Loop_Col_str)

ST_6: empty [1/1] 0.00ns
.reset:2  %empty = call i32 (...)* @_ssdm_op_SpecLoopTripCount(i64 64, i64 64, i64 64) nounwind

ST_6: stg_49 [1/1] 0.00ns
.reset:11  call void (...)* @_ssdm_op_SpecLoopName([12 x i8]* @p_str13) nounwind

ST_6: tmp_6_i [1/1] 0.00ns
.reset:12  %tmp_6_i = call i32 (...)* @_ssdm_op_SpecRegionBegin([12 x i8]* @p_str13) nounwind

ST_6: stg_51 [1/1] 0.00ns
.reset:13  call void (...)* @_ssdm_op_SpecPipeline(i32 -1, i32 1, i32 1, i32 0, [1 x i8]* @p_str1) nounwind

ST_6: buf_2d_out_load [1/2] 2.71ns
.reset:18  %buf_2d_out_load = load i16* %buf_2d_out_addr, align 2

ST_6: tmp_5_i [1/1] 0.00ns
.reset:20  %tmp_5_i = zext i6 %tmp_4_i to i64

ST_6: output_addr [1/1] 0.00ns
.reset:21  %output_addr = getelementptr [64 x i16]* %output, i64 0, i64 %tmp_5_i

ST_6: stg_55 [1/1] 2.71ns
.reset:22  store i16 %buf_2d_out_load, i16* %output_addr, align 2

ST_6: empty_12 [1/1] 0.00ns
.reset:23  %empty_12 = call i32 (...)* @_ssdm_op_SpecRegionEnd([12 x i8]* @p_str13, i32 %tmp_6_i) nounwind

ST_6: stg_57 [1/1] 0.00ns
.reset:25  br label %1


 <State 7>: 0.00ns
ST_7: stg_58 [1/1] 0.00ns
write_data.exit:0  ret void



============================================================
+ Verbose Summary: Binding
============================================================
STG Binding: 
---------------- STG Properties BEGIN ----------------
- Is combinational: 0
- Is one-state seq: 0
- Is datapath-only: 0
- Is clock enabled: 0
- Is pipelined: 0
- Is top level: 1
Port [ Return ] is wired: 1; IO mode=ap_ctrl_hs:ce=0
Port [ input_r]:  wired=1; compound=1; hidden=0; nouse=0; global=0; static=0; extern=0; dir=0; type=1; pingpong=0; private_global=0; MemPort=[13]; IO mode=ap_memory:ce=0
Port [ output_r]:  wired=1; compound=1; hidden=0; nouse=0; global=0; static=0; extern=0; dir=1; type=1; pingpong=0; private_global=0; MemPort=[03]; IO mode=ap_memory:ce=0
Port [ dct_coeff_table_0]:  wired=0; compound=1; hidden=1; nouse=1; global=1; static=1; extern=0; dir=0; type=1; pingpong=0; private_global=0; linkage=7; visibility=0; MemPort=[1]; IO mode=ap_memory:ce=0
Port [ dct_coeff_table_1]:  wired=0; compound=1; hidden=1; nouse=1; global=1; static=1; extern=0; dir=0; type=1; pingpong=0; private_global=0; linkage=7; visibility=0; MemPort=[1]; IO mode=ap_memory:ce=0
Port [ dct_coeff_table_2]:  wired=0; compound=1; hidden=1; nouse=1; global=1; static=1; extern=0; dir=0; type=1; pingpong=0; private_global=0; linkage=7; visibility=0; MemPort=[1]; IO mode=ap_memory:ce=0
Port [ dct_coeff_table_3]:  wired=0; compound=1; hidden=1; nouse=1; global=1; static=1; extern=0; dir=0; type=1; pingpong=0; private_global=0; linkage=7; visibility=0; MemPort=[1]; IO mode=ap_memory:ce=0
Port [ dct_coeff_table_4]:  wired=0; compound=1; hidden=1; nouse=1; global=1; static=1; extern=0; dir=0; type=1; pingpong=0; private_global=0; linkage=7; visibility=0; MemPort=[1]; IO mode=ap_memory:ce=0
Port [ dct_coeff_table_5]:  wired=0; compound=1; hidden=1; nouse=1; global=1; static=1; extern=0; dir=0; type=1; pingpong=0; private_global=0; linkage=7; visibility=0; MemPort=[1]; IO mode=ap_memory:ce=0
Port [ dct_coeff_table_6]:  wired=0; compound=1; hidden=1; nouse=1; global=1; static=1; extern=0; dir=0; type=1; pingpong=0; private_global=0; linkage=7; visibility=0; MemPort=[1]; IO mode=ap_memory:ce=0
Port [ dct_coeff_table_7]:  wired=0; compound=1; hidden=1; nouse=1; global=1; static=1; extern=0; dir=0; type=1; pingpong=0; private_global=0; linkage=7; visibility=0; MemPort=[1]; IO mode=ap_memory:ce=0
---------------- STG Properties END ------------------

---------------- Datapath Model BEGIN ----------------

<LifeTime>
<method=bitvector/>
buf_2d_in_0         (alloca           ) [ 00111000]
buf_2d_in_1         (alloca           ) [ 00111000]
buf_2d_in_2         (alloca           ) [ 00111000]
buf_2d_in_3         (alloca           ) [ 00111000]
buf_2d_in_4         (alloca           ) [ 00111000]
buf_2d_in_5         (alloca           ) [ 00111000]
buf_2d_in_6         (alloca           ) [ 00111000]
buf_2d_in_7         (alloca           ) [ 00111000]
buf_2d_out          (alloca           ) [ 00111110]
stg_18              (call             ) [ 00000000]
stg_20              (specbitsmap      ) [ 00000000]
stg_21              (specbitsmap      ) [ 00000000]
stg_22              (spectopmodule    ) [ 00000000]
stg_23              (call             ) [ 00000000]
stg_24              (br               ) [ 00001110]
indvar_flatten      (phi              ) [ 00000100]
r_i                 (phi              ) [ 00000100]
c_i                 (phi              ) [ 00000100]
exitcond_flatten    (icmp             ) [ 00000110]
indvar_flatten_next (add              ) [ 00001110]
stg_30              (br               ) [ 00000000]
r                   (add              ) [ 00000000]
exitcond_i3         (icmp             ) [ 00000000]
c_i_mid2            (select           ) [ 00000000]
tmp_i_mid2_v        (select           ) [ 00001110]
tmp                 (bitconcatenate   ) [ 00000000]
tmp_15_cast         (zext             ) [ 00000000]
tmp_5               (trunc            ) [ 00000000]
tmp_1_i_mid2        (bitconcatenate   ) [ 00000000]
c_i_cast2           (zext             ) [ 00000000]
tmp_3_i_cast        (zext             ) [ 00000000]
tmp_s               (add              ) [ 00000000]
tmp_17_cast         (zext             ) [ 00000000]
buf_2d_out_addr     (getelementptr    ) [ 00000110]
tmp_4_i             (add              ) [ 00000110]
c                   (add              ) [ 00001110]
stg_47              (specloopname     ) [ 00000000]
empty               (speclooptripcount) [ 00000000]
stg_49              (specloopname     ) [ 00000000]
tmp_6_i             (specregionbegin  ) [ 00000000]
stg_51              (specpipeline     ) [ 00000000]
buf_2d_out_load     (load             ) [ 00000000]
tmp_5_i             (zext             ) [ 00000000]
output_addr         (getelementptr    ) [ 00000000]
stg_55              (store            ) [ 00000000]
empty_12            (specregionend    ) [ 00000000]
stg_57              (br               ) [ 00001110]
stg_58              (ret              ) [ 00000000]
</LifeTime>

<model>

<comp_list>
<comp id="0" class="1000" name="input_r">
<pin_list>
<pin id="1" dir="1" index="0" bw="1" slack="0"/>
</pin_list>
<bind>
<StgValue><ssdm name="input_r"/><MemPortTyVec>1 3 </MemPortTyVec>
</StgValue>
</bind>
</comp>

<comp id="2" class="1000" name="output_r">
<pin_list>
<pin id="3" dir="1" index="0" bw="1" slack="0"/>
</pin_list>
<bind>
<StgValue><ssdm name="output_r"/><MemPortTyVec>0 3 </MemPortTyVec>
</StgValue>
</bind>
</comp>

<comp id="4" class="1000" name="dct_coeff_table_0">
<pin_list>
<pin id="5" dir="1" index="0" bw="1" slack="0"/>
</pin_list>
<bind>
<StgValue><ssdm name="dct_coeff_table_0"/><MemPortTyVec>1 </MemPortTyVec>
</StgValue>
</bind>
</comp>

<comp id="6" class="1000" name="dct_coeff_table_1">
<pin_list>
<pin id="7" dir="1" index="0" bw="1" slack="0"/>
</pin_list>
<bind>
<StgValue><ssdm name="dct_coeff_table_1"/><MemPortTyVec>1 </MemPortTyVec>
</StgValue>
</bind>
</comp>

<comp id="8" class="1000" name="dct_coeff_table_2">
<pin_list>
<pin id="9" dir="1" index="0" bw="1" slack="0"/>
</pin_list>
<bind>
<StgValue><ssdm name="dct_coeff_table_2"/><MemPortTyVec>1 </MemPortTyVec>
</StgValue>
</bind>
</comp>

<comp id="10" class="1000" name="dct_coeff_table_3">
<pin_list>
<pin id="11" dir="1" index="0" bw="1" slack="0"/>
</pin_list>
<bind>
<StgValue><ssdm name="dct_coeff_table_3"/><MemPortTyVec>1 </MemPortTyVec>
</StgValue>
</bind>
</comp>

<comp id="12" class="1000" name="dct_coeff_table_4">
<pin_list>
<pin id="13" dir="1" index="0" bw="1" slack="0"/>
</pin_list>
<bind>
<StgValue><ssdm name="dct_coeff_table_4"/><MemPortTyVec>1 </MemPortTyVec>
</StgValue>
</bind>
</comp>

<comp id="14" class="1000" name="dct_coeff_table_5">
<pin_list>
<pin id="15" dir="1" index="0" bw="1" slack="0"/>
</pin_list>
<bind>
<StgValue><ssdm name="dct_coeff_table_5"/><MemPortTyVec>1 </MemPortTyVec>
</StgValue>
</bind>
</comp>

<comp id="16" class="1000" name="dct_coeff_table_6">
<pin_list>
<pin id="17" dir="1" index="0" bw="1" slack="0"/>
</pin_list>
<bind>
<StgValue><ssdm name="dct_coeff_table_6"/><MemPortTyVec>1 </MemPortTyVec>
</StgValue>
</bind>
</comp>

<comp id="18" class="1000" name="dct_coeff_table_7">
<pin_list>
<pin id="19" dir="1" index="0" bw="1" slack="0"/>
</pin_list>
<bind>
<StgValue><ssdm name="dct_coeff_table_7"/><MemPortTyVec>1 </MemPortTyVec>
</StgValue>
</bind>
</comp>

<comp id="20" class="1001" name="const_20">
<pin_list>
<pin id="21" dir="1" index="0" bw="1" slack="0"/>
</pin_list>
<bind>
<StgValue><ssdm name=""/></StgValue>
</bind>
</comp>

<comp id="22" class="1001" name="const_22">
<pin_list>
<pin id="23" dir="1" index="0" bw="1" slack="0"/>
</pin_list>
<bind>
<StgValue><ssdm name="dct_read_data"/></StgValue>
</bind>
</comp>

<comp id="24" class="1001" name="const_24">
<pin_list>
<pin id="25" dir="1" index="0" bw="1" slack="0"/>
</pin_list>
<bind>
<StgValue><ssdm name="dct_dct_2d"/></StgValue>
</bind>
</comp>

<comp id="26" class="1001" name="const_26">
<pin_list>
<pin id="27" dir="1" index="0" bw="1" slack="2147483647"/>
</pin_list>
<bind>
<StgValue><ssdm name="_ssdm_op_SpecBitsMap"/></StgValue>
</bind>
</comp>

<comp id="28" class="1001" name="const_28">
<pin_list>
<pin id="29" dir="1" index="0" bw="1" slack="2147483647"/>
</pin_list>
<bind>
<StgValue><ssdm name="_ssdm_op_SpecTopModule"/></StgValue>
</bind>
</comp>

<comp id="30" class="1001" name="const_30">
<pin_list>
<pin id="31" dir="1" index="0" bw="1" slack="2147483647"/>
</pin_list>
<bind>
<StgValue><ssdm name="dct_str"/></StgValue>
</bind>
</comp>

<comp id="32" class="1001" name="const_32">
<pin_list>
<pin id="33" dir="1" index="0" bw="1" slack="1"/>
</pin_list>
<bind>
<StgValue><ssdm name=""/></StgValue>
</bind>
</comp>

<comp id="34" class="1001" name="const_34">
<pin_list>
<pin id="35" dir="1" index="0" bw="1" slack="0"/>
</pin_list>
<bind>
<StgValue><ssdm name=""/></StgValue>
</bind>
</comp>

<comp id="36" class="1001" name="const_36">
<pin_list>
<pin id="37" dir="1" index="0" bw="1" slack="0"/>
</pin_list>
<bind>
<StgValue><ssdm name=""/></StgValue>
</bind>
</comp>

<comp id="38" class="1001" name="const_38">
<pin_list>
<pin id="39" dir="1" index="0" bw="1" slack="0"/>
</pin_list>
<bind>
<StgValue><ssdm name=""/></StgValue>
</bind>
</comp>

<comp id="40" class="1001" name="const_40">
<pin_list>
<pin id="41" dir="1" index="0" bw="1" slack="0"/>
</pin_list>
<bind>
<StgValue><ssdm name=""/></StgValue>
</bind>
</comp>

<comp id="42" class="1001" name="const_42">
<pin_list>
<pin id="43" dir="1" index="0" bw="1" slack="0"/>
</pin_list>
<bind>
<StgValue><ssdm name=""/></StgValue>
</bind>
</comp>

<comp id="44" class="1001" name="const_44">
<pin_list>
<pin id="45" dir="1" index="0" bw="1" slack="0"/>
</pin_list>
<bind>
<StgValue><ssdm name="_ssdm_op_BitConcatenate.i7.i4.i3"/></StgValue>
</bind>
</comp>

<comp id="46" class="1001" name="const_46">
<pin_list>
<pin id="47" dir="1" index="0" bw="1" slack="0"/>
</pin_list>
<bind>
<StgValue><ssdm name=""/></StgValue>
</bind>
</comp>

<comp id="48" class="1001" name="const_48">
<pin_list>
<pin id="49" dir="1" index="0" bw="1" slack="0"/>
</pin_list>
<bind>
<StgValue><ssdm name="_ssdm_op_BitConcatenate.i6.i3.i3"/></StgValue>
</bind>
</comp>

<comp id="50" class="1001" name="const_50">
<pin_list>
<pin id="51" dir="1" index="0" bw="1" slack="0"/>
</pin_list>
<bind>
<StgValue><ssdm name=""/></StgValue>
</bind>
</comp>

<comp id="52" class="1001" name="const_52">
<pin_list>
<pin id="53" dir="1" index="0" bw="1" slack="2147483647"/>
</pin_list>
<bind>
<StgValue><ssdm name="_ssdm_op_SpecLoopName"/></StgValue>
</bind>
</comp>

<comp id="54" class="1001" name="const_54">
<pin_list>
<pin id="55" dir="1" index="0" bw="1" slack="2147483647"/>
</pin_list>
<bind>
<StgValue><ssdm name="WR_Loop_Row_WR_Loop_Col_str"/></StgValue>
</bind>
</comp>

<comp id="56" class="1001" name="const_56">
<pin_list>
<pin id="57" dir="1" index="0" bw="1" slack="2147483647"/>
</pin_list>
<bind>
<StgValue><ssdm name="_ssdm_op_SpecLoopTripCount"/></StgValue>
</bind>
</comp>

<comp id="58" class="1001" name="const_58">
<pin_list>
<pin id="59" dir="1" index="0" bw="1" slack="2147483647"/>
</pin_list>
<bind>
<StgValue><ssdm name=""/></StgValue>
</bind>
</comp>

<comp id="60" class="1001" name="const_60">
<pin_list>
<pin id="61" dir="1" index="0" bw="1" slack="2147483647"/>
</pin_list>
<bind>
<StgValue><ssdm name="p_str13"/></StgValue>
</bind>
</comp>

<comp id="62" class="1001" name="const_62">
<pin_list>
<pin id="63" dir="1" index="0" bw="1" slack="2147483647"/>
</pin_list>
<bind>
<StgValue><ssdm name="_ssdm_op_SpecRegionBegin"/></StgValue>
</bind>
</comp>

<comp id="64" class="1001" name="const_64">
<pin_list>
<pin id="65" dir="1" index="0" bw="1" slack="2147483647"/>
</pin_list>
<bind>
<StgValue><ssdm name="_ssdm_op_SpecPipeline"/></StgValue>
</bind>
</comp>

<comp id="66" class="1001" name="const_66">
<pin_list>
<pin id="67" dir="1" index="0" bw="1" slack="2147483647"/>
</pin_list>
<bind>
<StgValue><ssdm name=""/></StgValue>
</bind>
</comp>

<comp id="68" class="1001" name="const_68">
<pin_list>
<pin id="69" dir="1" index="0" bw="1" slack="2147483647"/>
</pin_list>
<bind>
<StgValue><ssdm name=""/></StgValue>
</bind>
</comp>

<comp id="70" class="1001" name="const_70">
<pin_list>
<pin id="71" dir="1" index="0" bw="1" slack="2147483647"/>
</pin_list>
<bind>
<StgValue><ssdm name=""/></StgValue>
</bind>
</comp>

<comp id="72" class="1001" name="const_72">
<pin_list>
<pin id="73" dir="1" index="0" bw="1" slack="2147483647"/>
</pin_list>
<bind>
<StgValue><ssdm name="p_str1"/></StgValue>
</bind>
</comp>

<comp id="74" class="1001" name="const_74">
<pin_list>
<pin id="75" dir="1" index="0" bw="1" slack="2147483647"/>
</pin_list>
<bind>
<StgValue><ssdm name="_ssdm_op_SpecRegionEnd"/></StgValue>
</bind>
</comp>

<comp id="76" class="1004" name="buf_2d_in_0_alloca_fu_76">
<pin_list>
<pin id="77" dir="0" index="0" bw="1" slack="0"/>
<pin id="78" dir="1" index="1" bw="16" slack="0"/>
</pin_list>
<bind>
<opcode="alloca(26) " fcode="alloca"/>
<opset="buf_2d_in_0/1 "/>
</bind>
</comp>

<comp id="80" class="1004" name="buf_2d_in_1_alloca_fu_80">
<pin_list>
<pin id="81" dir="0" index="0" bw="1" slack="0"/>
<pin id="82" dir="1" index="1" bw="16" slack="0"/>
</pin_list>
<bind>
<opcode="alloca(26) " fcode="alloca"/>
<opset="buf_2d_in_1/1 "/>
</bind>
</comp>

<comp id="84" class="1004" name="buf_2d_in_2_alloca_fu_84">
<pin_list>
<pin id="85" dir="0" index="0" bw="1" slack="0"/>
<pin id="86" dir="1" index="1" bw="16" slack="0"/>
</pin_list>
<bind>
<opcode="alloca(26) " fcode="alloca"/>
<opset="buf_2d_in_2/1 "/>
</bind>
</comp>

<comp id="88" class="1004" name="buf_2d_in_3_alloca_fu_88">
<pin_list>
<pin id="89" dir="0" index="0" bw="1" slack="0"/>
<pin id="90" dir="1" index="1" bw="16" slack="0"/>
</pin_list>
<bind>
<opcode="alloca(26) " fcode="alloca"/>
<opset="buf_2d_in_3/1 "/>
</bind>
</comp>

<comp id="92" class="1004" name="buf_2d_in_4_alloca_fu_92">
<pin_list>
<pin id="93" dir="0" index="0" bw="1" slack="0"/>
<pin id="94" dir="1" index="1" bw="16" slack="0"/>
</pin_list>
<bind>
<opcode="alloca(26) " fcode="alloca"/>
<opset="buf_2d_in_4/1 "/>
</bind>
</comp>

<comp id="96" class="1004" name="buf_2d_in_5_alloca_fu_96">
<pin_list>
<pin id="97" dir="0" index="0" bw="1" slack="0"/>
<pin id="98" dir="1" index="1" bw="16" slack="0"/>
</pin_list>
<bind>
<opcode="alloca(26) " fcode="alloca"/>
<opset="buf_2d_in_5/1 "/>
</bind>
</comp>

<comp id="100" class="1004" name="buf_2d_in_6_alloca_fu_100">
<pin_list>
<pin id="101" dir="0" index="0" bw="1" slack="0"/>
<pin id="102" dir="1" index="1" bw="16" slack="0"/>
</pin_list>
<bind>
<opcode="alloca(26) " fcode="alloca"/>
<opset="buf_2d_in_6/1 "/>
</bind>
</comp>

<comp id="104" class="1004" name="buf_2d_in_7_alloca_fu_104">
<pin_list>
<pin id="105" dir="0" index="0" bw="1" slack="0"/>
<pin id="106" dir="1" index="1" bw="16" slack="0"/>
</pin_list>
<bind>
<opcode="alloca(26) " fcode="alloca"/>
<opset="buf_2d_in_7/1 "/>
</bind>
</comp>

<comp id="108" class="1004" name="buf_2d_out_alloca_fu_108">
<pin_list>
<pin id="109" dir="0" index="0" bw="1" slack="0"/>
<pin id="110" dir="1" index="1" bw="16" slack="2147483647"/>
</pin_list>
<bind>
<opcode="alloca(26) " fcode="alloca"/>
<opset="buf_2d_out/1 "/>
</bind>
</comp>

<comp id="112" class="1004" name="buf_2d_out_addr_gep_fu_112">
<pin_list>
<pin id="113" dir="0" index="0" bw="16" slack="2147483647"/>
<pin id="114" dir="0" index="1" bw="1" slack="0"/>
<pin id="115" dir="0" index="2" bw="8" slack="0"/>
<pin id="116" dir="1" index="3" bw="6" slack="0"/>
</pin_list>
<bind>
<opcode="getelementptr(29) " fcode="getelementptr"/>
<opset="buf_2d_out_addr/5 "/>
</bind>
</comp>

<comp id="118" class="1004" name="grp_access_fu_118">
<pin_list>
<pin id="119" dir="0" index="0" bw="6" slack="0"/>
<pin id="120" dir="0" index="1" bw="16" slack="2147483647"/>
<pin id="121" dir="1" index="2" bw="16" slack="0"/>
</pin_list>
<bind>
<opcode="load(27) " fcode="load"/>
<opset="buf_2d_out_load/5 "/>
</bind>
</comp>

<comp id="123" class="1004" name="output_addr_gep_fu_123">
<pin_list>
<pin id="124" dir="0" index="0" bw="16" slack="0"/>
<pin id="125" dir="0" index="1" bw="1" slack="0"/>
<pin id="126" dir="0" index="2" bw="6" slack="0"/>
<pin id="127" dir="1" index="3" bw="6" slack="0"/>
</pin_list>
<bind>
<opcode="getelementptr(29) " fcode="getelementptr"/>
<opset="output_addr/6 "/>
</bind>
</comp>

<comp id="130" class="1004" name="stg_55_access_fu_130">
<pin_list>
<pin id="131" dir="0" index="0" bw="6" slack="0"/>
<pin id="132" dir="0" index="1" bw="16" slack="0"/>
<pin id="133" dir="1" index="2" bw="16" slack="2147483647"/>
</pin_list>
<bind>
<opcode="store(28) " fcode="store"/>
<opset="stg_55/6 "/>
</bind>
</comp>

<comp id="136" class="1005" name="indvar_flatten_reg_136">
<pin_list>
<pin id="137" dir="0" index="0" bw="7" slack="1"/>
<pin id="138" dir="1" index="1" bw="7" slack="1"/>
</pin_list>
<bind>
<opset="indvar_flatten (phireg) "/>
</bind>
</comp>

<comp id="140" class="1004" name="indvar_flatten_phi_fu_140">
<pin_list>
<pin id="141" dir="0" index="0" bw="1" slack="1"/>
<pin id="142" dir="0" index="1" bw="0" slack="2147483647"/>
<pin id="143" dir="0" index="2" bw="7" slack="0"/>
<pin id="144" dir="0" index="3" bw="0" slack="2147483647"/>
<pin id="145" dir="1" index="4" bw="7" slack="0"/>
</pin_list>
<bind>
<opcode="phi(47) " fcode="phi"/>
<opset="indvar_flatten/5 "/>
</bind>
</comp>

<comp id="147" class="1005" name="r_i_reg_147">
<pin_list>
<pin id="148" dir="0" index="0" bw="4" slack="1"/>
<pin id="149" dir="1" index="1" bw="4" slack="1"/>
</pin_list>
<bind>
<opset="r_i (phireg) "/>
</bind>
</comp>

<comp id="151" class="1004" name="r_i_phi_fu_151">
<pin_list>
<pin id="152" dir="0" index="0" bw="1" slack="1"/>
<pin id="153" dir="0" index="1" bw="0" slack="2147483647"/>
<pin id="154" dir="0" index="2" bw="4" slack="0"/>
<pin id="155" dir="0" index="3" bw="0" slack="2147483647"/>
<pin id="156" dir="1" index="4" bw="4" slack="0"/>
</pin_list>
<bind>
<opcode="phi(47) " fcode="phi"/>
<opset="r_i/5 "/>
</bind>
</comp>

<comp id="158" class="1005" name="c_i_reg_158">
<pin_list>
<pin id="159" dir="0" index="0" bw="4" slack="1"/>
<pin id="160" dir="1" index="1" bw="4" slack="1"/>
</pin_list>
<bind>
<opset="c_i (phireg) "/>
</bind>
</comp>

<comp id="162" class="1004" name="c_i_phi_fu_162">
<pin_list>
<pin id="163" dir="0" index="0" bw="1" slack="1"/>
<pin id="164" dir="0" index="1" bw="0" slack="2147483647"/>
<pin id="165" dir="0" index="2" bw="4" slack="0"/>
<pin id="166" dir="0" index="3" bw="0" slack="2147483647"/>
<pin id="167" dir="1" index="4" bw="4" slack="0"/>
</pin_list>
<bind>
<opcode="phi(47) " fcode="phi"/>
<opset="c_i/5 "/>
</bind>
</comp>

<comp id="169" class="1004" name="grp_dct_dct_2d_fu_169">
<pin_list>
<pin id="170" dir="0" index="0" bw="0" slack="0"/>
<pin id="171" dir="0" index="1" bw="16" slack="2147483647"/>
<pin id="172" dir="0" index="2" bw="16" slack="2147483647"/>
<pin id="173" dir="0" index="3" bw="16" slack="2147483647"/>
<pin id="174" dir="0" index="4" bw="16" slack="2147483647"/>
<pin id="175" dir="0" index="5" bw="16" slack="2147483647"/>
<pin id="176" dir="0" index="6" bw="16" slack="2147483647"/>
<pin id="177" dir="0" index="7" bw="16" slack="2147483647"/>
<pin id="178" dir="0" index="8" bw="16" slack="2147483647"/>
<pin id="179" dir="0" index="9" bw="16" slack="2147483647"/>
<pin id="180" dir="0" index="10" bw="14" slack="0"/>
<pin id="181" dir="0" index="11" bw="15" slack="0"/>
<pin id="182" dir="0" index="12" bw="15" slack="0"/>
<pin id="183" dir="0" index="13" bw="15" slack="0"/>
<pin id="184" dir="0" index="14" bw="15" slack="0"/>
<pin id="185" dir="0" index="15" bw="15" slack="0"/>
<pin id="186" dir="0" index="16" bw="15" slack="0"/>
<pin id="187" dir="0" index="17" bw="15" slack="0"/>
<pin id="188" dir="1" index="18" bw="0" slack="2147483647"/>
</pin_list>
<bind>
<opcode="call(48) " fcode="call"/>
<opset="stg_19/3 "/>
</bind>
</comp>

<comp id="198" class="1004" name="grp_dct_read_data_fu_198">
<pin_list>
<pin id="199" dir="0" index="0" bw="0" slack="0"/>
<pin id="200" dir="0" index="1" bw="16" slack="0"/>
<pin id="201" dir="0" index="2" bw="16" slack="0"/>
<pin id="202" dir="0" index="3" bw="16" slack="0"/>
<pin id="203" dir="0" index="4" bw="16" slack="0"/>
<pin id="204" dir="0" index="5" bw="16" slack="0"/>
<pin id="205" dir="0" index="6" bw="16" slack="0"/>
<pin id="206" dir="0" index="7" bw="16" slack="0"/>
<pin id="207" dir="0" index="8" bw="16" slack="0"/>
<pin id="208" dir="0" index="9" bw="16" slack="0"/>
<pin id="209" dir="1" index="10" bw="0" slack="2147483647"/>
</pin_list>
<bind>
<opcode="call(48) " fcode="call"/>
<opset="stg_17/1 "/>
</bind>
</comp>

<comp id="220" class="1004" name="exitcond_flatten_fu_220">
<pin_list>
<pin id="221" dir="0" index="0" bw="7" slack="0"/>
<pin id="222" dir="0" index="1" bw="7" slack="0"/>
<pin id="223" dir="1" index="2" bw="1" slack="1"/>
</pin_list>
<bind>
<opcode="icmp(45) " fcode="icmp"/>
<opset="exitcond_flatten/5 "/>
</bind>
</comp>

<comp id="226" class="1004" name="indvar_flatten_next_fu_226">
<pin_list>
<pin id="227" dir="0" index="0" bw="7" slack="0"/>
<pin id="228" dir="0" index="1" bw="1" slack="0"/>
<pin id="229" dir="1" index="2" bw="7" slack="0"/>
</pin_list>
<bind>
<opcode="add(8) " fcode="add"/>
<opset="indvar_flatten_next/5 "/>
</bind>
</comp>

<comp id="232" class="1004" name="r_fu_232">
<pin_list>
<pin id="233" dir="0" index="0" bw="1" slack="0"/>
<pin id="234" dir="0" index="1" bw="4" slack="0"/>
<pin id="235" dir="1" index="2" bw="4" slack="0"/>
</pin_list>
<bind>
<opcode="add(8) " fcode="add"/>
<opset="r/5 "/>
</bind>
</comp>

<comp id="238" class="1004" name="exitcond_i3_fu_238">
<pin_list>
<pin id="239" dir="0" index="0" bw="4" slack="0"/>
<pin id="240" dir="0" index="1" bw="4" slack="0"/>
<pin id="241" dir="1" index="2" bw="1" slack="0"/>
</pin_list>
<bind>
<opcode="icmp(45) " fcode="icmp"/>
<opset="exitcond_i3/5 "/>
</bind>
</comp>

<comp id="244" class="1004" name="c_i_mid2_fu_244">
<pin_list>
<pin id="245" dir="0" index="0" bw="1" slack="0"/>
<pin id="246" dir="0" index="1" bw="1" slack="0"/>
<pin id="247" dir="0" index="2" bw="4" slack="0"/>
<pin id="248" dir="1" index="3" bw="4" slack="0"/>
</pin_list>
<bind>
<opcode="select(49) " fcode="select"/>
<opset="c_i_mid2/5 "/>
</bind>
</comp>

<comp id="252" class="1004" name="tmp_i_mid2_v_fu_252">
<pin_list>
<pin id="253" dir="0" index="0" bw="1" slack="0"/>
<pin id="254" dir="0" index="1" bw="4" slack="0"/>
<pin id="255" dir="0" index="2" bw="4" slack="0"/>
<pin id="256" dir="1" index="3" bw="4" slack="0"/>
</pin_list>
<bind>
<opcode="select(49) " fcode="select"/>
<opset="tmp_i_mid2_v/5 "/>
</bind>
</comp>

<comp id="260" class="1004" name="tmp_fu_260">
<pin_list>
<pin id="261" dir="0" index="0" bw="7" slack="0"/>
<pin id="262" dir="0" index="1" bw="4" slack="0"/>
<pin id="263" dir="0" index="2" bw="1" slack="0"/>
<pin id="264" dir="1" index="3" bw="7" slack="0"/>
</pin_list>
<bind>
<opcode="bitconcatenate(1004) " fcode="bitconcatenate"/>
<opset="tmp/5 "/>
</bind>
</comp>

<comp id="268" class="1004" name="tmp_15_cast_fu_268">
<pin_list>
<pin id="269" dir="0" index="0" bw="7" slack="0"/>
<pin id="270" dir="1" index="1" bw="8" slack="0"/>
</pin_list>
<bind>
<opcode="zext(34) " fcode="zext"/>
<opset="tmp_15_cast/5 "/>
</bind>
</comp>

<comp id="272" class="1004" name="tmp_5_fu_272">
<pin_list>
<pin id="273" dir="0" index="0" bw="4" slack="0"/>
<pin id="274" dir="1" index="1" bw="3" slack="0"/>
</pin_list>
<bind>
<opcode="trunc(33) " fcode="trunc"/>
<opset="tmp_5/5 "/>
</bind>
</comp>

<comp id="276" class="1004" name="tmp_1_i_mid2_fu_276">
<pin_list>
<pin id="277" dir="0" index="0" bw="6" slack="0"/>
<pin id="278" dir="0" index="1" bw="3" slack="0"/>
<pin id="279" dir="0" index="2" bw="1" slack="0"/>
<pin id="280" dir="1" index="3" bw="6" slack="0"/>
</pin_list>
<bind>
<opcode="bitconcatenate(1004) " fcode="bitconcatenate"/>
<opset="tmp_1_i_mid2/5 "/>
</bind>
</comp>

<comp id="284" class="1004" name="c_i_cast2_fu_284">
<pin_list>
<pin id="285" dir="0" index="0" bw="4" slack="0"/>
<pin id="286" dir="1" index="1" bw="6" slack="0"/>
</pin_list>
<bind>
<opcode="zext(34) " fcode="zext"/>
<opset="c_i_cast2/5 "/>
</bind>
</comp>

<comp id="288" class="1004" name="tmp_3_i_cast_fu_288">
<pin_list>
<pin id="289" dir="0" index="0" bw="4" slack="0"/>
<pin id="290" dir="1" index="1" bw="8" slack="0"/>
</pin_list>
<bind>
<opcode="zext(34) " fcode="zext"/>
<opset="tmp_3_i_cast/5 "/>
</bind>
</comp>

<comp id="292" class="1004" name="tmp_s_fu_292">
<pin_list>
<pin id="293" dir="0" index="0" bw="7" slack="0"/>
<pin id="294" dir="0" index="1" bw="4" slack="0"/>
<pin id="295" dir="1" index="2" bw="8" slack="0"/>
</pin_list>
<bind>
<opcode="add(8) " fcode="add"/>
<opset="tmp_s/5 "/>
</bind>
</comp>

<comp id="298" class="1004" name="tmp_17_cast_fu_298">
<pin_list>
<pin id="299" dir="0" index="0" bw="8" slack="0"/>
<pin id="300" dir="1" index="1" bw="64" slack="0"/>
</pin_list>
<bind>
<opcode="zext(34) " fcode="zext"/>
<opset="tmp_17_cast/5 "/>
</bind>
</comp>

<comp id="303" class="1004" name="tmp_4_i_fu_303">
<pin_list>
<pin id="304" dir="0" index="0" bw="4" slack="0"/>
<pin id="305" dir="0" index="1" bw="6" slack="0"/>
<pin id="306" dir="1" index="2" bw="6" slack="1"/>
</pin_list>
<bind>
<opcode="add(8) " fcode="add"/>
<opset="tmp_4_i/5 "/>
</bind>
</comp>

<comp id="309" class="1004" name="c_fu_309">
<pin_list>
<pin id="310" dir="0" index="0" bw="1" slack="0"/>
<pin id="311" dir="0" index="1" bw="4" slack="0"/>
<pin id="312" dir="1" index="2" bw="4" slack="0"/>
</pin_list>
<bind>
<opcode="add(8) " fcode="add"/>
<opset="c/5 "/>
</bind>
</comp>

<comp id="315" class="1004" name="tmp_5_i_fu_315">
<pin_list>
<pin id="316" dir="0" index="0" bw="6" slack="1"/>
<pin id="317" dir="1" index="1" bw="64" slack="0"/>
</pin_list>
<bind>
<opcode="zext(34) " fcode="zext"/>
<opset="tmp_5_i/6 "/>
</bind>
</comp>

<comp id="319" class="1005" name="exitcond_flatten_reg_319">
<pin_list>
<pin id="320" dir="0" index="0" bw="1" slack="1"/>
<pin id="321" dir="1" index="1" bw="1" slack="2147483647"/>
</pin_list>
<bind>
<opset="exitcond_flatten "/>
</bind>
</comp>

<comp id="323" class="1005" name="indvar_flatten_next_reg_323">
<pin_list>
<pin id="324" dir="0" index="0" bw="7" slack="0"/>
<pin id="325" dir="1" index="1" bw="7" slack="0"/>
</pin_list>
<bind>
<opset="indvar_flatten_next "/>
</bind>
</comp>

<comp id="328" class="1005" name="tmp_i_mid2_v_reg_328">
<pin_list>
<pin id="329" dir="0" index="0" bw="4" slack="0"/>
<pin id="330" dir="1" index="1" bw="4" slack="0"/>
</pin_list>
<bind>
<opset="tmp_i_mid2_v "/>
</bind>
</comp>

<comp id="333" class="1005" name="buf_2d_out_addr_reg_333">
<pin_list>
<pin id="334" dir="0" index="0" bw="6" slack="1"/>
<pin id="335" dir="1" index="1" bw="6" slack="1"/>
</pin_list>
<bind>
<opset="buf_2d_out_addr "/>
</bind>
</comp>

<comp id="338" class="1005" name="tmp_4_i_reg_338">
<pin_list>
<pin id="339" dir="0" index="0" bw="6" slack="1"/>
<pin id="340" dir="1" index="1" bw="6" slack="1"/>
</pin_list>
<bind>
<opset="tmp_4_i "/>
</bind>
</comp>

<comp id="343" class="1005" name="c_reg_343">
<pin_list>
<pin id="344" dir="0" index="0" bw="4" slack="0"/>
<pin id="345" dir="1" index="1" bw="4" slack="0"/>
</pin_list>
<bind>
<opset="c "/>
</bind>
</comp>

</comp_list>

<net_list>
<net id="79"><net_src comp="20" pin="0"/><net_sink comp="76" pin=0"/></net>

<net id="83"><net_src comp="20" pin="0"/><net_sink comp="80" pin=0"/></net>

<net id="87"><net_src comp="20" pin="0"/><net_sink comp="84" pin=0"/></net>

<net id="91"><net_src comp="20" pin="0"/><net_sink comp="88" pin=0"/></net>

<net id="95"><net_src comp="20" pin="0"/><net_sink comp="92" pin=0"/></net>

<net id="99"><net_src comp="20" pin="0"/><net_sink comp="96" pin=0"/></net>

<net id="103"><net_src comp="20" pin="0"/><net_sink comp="100" pin=0"/></net>

<net id="107"><net_src comp="20" pin="0"/><net_sink comp="104" pin=0"/></net>

<net id="111"><net_src comp="20" pin="0"/><net_sink comp="108" pin=0"/></net>

<net id="117"><net_src comp="50" pin="0"/><net_sink comp="112" pin=1"/></net>

<net id="122"><net_src comp="112" pin="3"/><net_sink comp="118" pin=0"/></net>

<net id="128"><net_src comp="2" pin="0"/><net_sink comp="123" pin=0"/></net>

<net id="129"><net_src comp="50" pin="0"/><net_sink comp="123" pin=1"/></net>

<net id="134"><net_src comp="118" pin="2"/><net_sink comp="130" pin=1"/></net>

<net id="135"><net_src comp="123" pin="3"/><net_sink comp="130" pin=0"/></net>

<net id="139"><net_src comp="32" pin="0"/><net_sink comp="136" pin=0"/></net>

<net id="146"><net_src comp="136" pin="1"/><net_sink comp="140" pin=0"/></net>

<net id="150"><net_src comp="34" pin="0"/><net_sink comp="147" pin=0"/></net>

<net id="157"><net_src comp="147" pin="1"/><net_sink comp="151" pin=0"/></net>

<net id="161"><net_src comp="34" pin="0"/><net_sink comp="158" pin=0"/></net>

<net id="168"><net_src comp="158" pin="1"/><net_sink comp="162" pin=0"/></net>

<net id="189"><net_src comp="24" pin="0"/><net_sink comp="169" pin=0"/></net>

<net id="190"><net_src comp="4" pin="0"/><net_sink comp="169" pin=10"/></net>

<net id="191"><net_src comp="6" pin="0"/><net_sink comp="169" pin=11"/></net>

<net id="192"><net_src comp="8" pin="0"/><net_sink comp="169" pin=12"/></net>

<net id="193"><net_src comp="10" pin="0"/><net_sink comp="169" pin=13"/></net>

<net id="194"><net_src comp="12" pin="0"/><net_sink comp="169" pin=14"/></net>

<net id="195"><net_src comp="14" pin="0"/><net_sink comp="169" pin=15"/></net>

<net id="196"><net_src comp="16" pin="0"/><net_sink comp="169" pin=16"/></net>

<net id="197"><net_src comp="18" pin="0"/><net_sink comp="169" pin=17"/></net>

<net id="210"><net_src comp="22" pin="0"/><net_sink comp="198" pin=0"/></net>

<net id="211"><net_src comp="0" pin="0"/><net_sink comp="198" pin=1"/></net>

<net id="212"><net_src comp="76" pin="1"/><net_sink comp="198" pin=2"/></net>

<net id="213"><net_src comp="80" pin="1"/><net_sink comp="198" pin=3"/></net>

<net id="214"><net_src comp="84" pin="1"/><net_sink comp="198" pin=4"/></net>

<net id="215"><net_src comp="88" pin="1"/><net_sink comp="198" pin=5"/></net>

<net id="216"><net_src comp="92" pin="1"/><net_sink comp="198" pin=6"/></net>

<net id="217"><net_src comp="96" pin="1"/><net_sink comp="198" pin=7"/></net>

<net id="218"><net_src comp="100" pin="1"/><net_sink comp="198" pin=8"/></net>

<net id="219"><net_src comp="104" pin="1"/><net_sink comp="198" pin=9"/></net>

<net id="224"><net_src comp="140" pin="4"/><net_sink comp="220" pin=0"/></net>

<net id="225"><net_src comp="36" pin="0"/><net_sink comp="220" pin=1"/></net>

<net id="230"><net_src comp="140" pin="4"/><net_sink comp="226" pin=0"/></net>

<net id="231"><net_src comp="38" pin="0"/><net_sink comp="226" pin=1"/></net>

<net id="236"><net_src comp="40" pin="0"/><net_sink comp="232" pin=0"/></net>

<net id="237"><net_src comp="151" pin="4"/><net_sink comp="232" pin=1"/></net>

<net id="242"><net_src comp="162" pin="4"/><net_sink comp="238" pin=0"/></net>

<net id="243"><net_src comp="42" pin="0"/><net_sink comp="238" pin=1"/></net>

<net id="249"><net_src comp="238" pin="2"/><net_sink comp="244" pin=0"/></net>

<net id="250"><net_src comp="34" pin="0"/><net_sink comp="244" pin=1"/></net>

<net id="251"><net_src comp="162" pin="4"/><net_sink comp="244" pin=2"/></net>

<net id="257"><net_src comp="238" pin="2"/><net_sink comp="252" pin=0"/></net>

<net id="258"><net_src comp="232" pin="2"/><net_sink comp="252" pin=1"/></net>

<net id="259"><net_src comp="151" pin="4"/><net_sink comp="252" pin=2"/></net>

<net id="265"><net_src comp="44" pin="0"/><net_sink comp="260" pin=0"/></net>

<net id="266"><net_src comp="252" pin="3"/><net_sink comp="260" pin=1"/></net>

<net id="267"><net_src comp="46" pin="0"/><net_sink comp="260" pin=2"/></net>

<net id="271"><net_src comp="260" pin="3"/><net_sink comp="268" pin=0"/></net>

<net id="275"><net_src comp="252" pin="3"/><net_sink comp="272" pin=0"/></net>

<net id="281"><net_src comp="48" pin="0"/><net_sink comp="276" pin=0"/></net>

<net id="282"><net_src comp="272" pin="1"/><net_sink comp="276" pin=1"/></net>

<net id="283"><net_src comp="46" pin="0"/><net_sink comp="276" pin=2"/></net>

<net id="287"><net_src comp="244" pin="3"/><net_sink comp="284" pin=0"/></net>

<net id="291"><net_src comp="244" pin="3"/><net_sink comp="288" pin=0"/></net>

<net id="296"><net_src comp="268" pin="1"/><net_sink comp="292" pin=0"/></net>

<net id="297"><net_src comp="288" pin="1"/><net_sink comp="292" pin=1"/></net>

<net id="301"><net_src comp="292" pin="2"/><net_sink comp="298" pin=0"/></net>

<net id="302"><net_src comp="298" pin="1"/><net_sink comp="112" pin=2"/></net>

<net id="307"><net_src comp="284" pin="1"/><net_sink comp="303" pin=0"/></net>

<net id="308"><net_src comp="276" pin="3"/><net_sink comp="303" pin=1"/></net>

<net id="313"><net_src comp="40" pin="0"/><net_sink comp="309" pin=0"/></net>

<net id="314"><net_src comp="244" pin="3"/><net_sink comp="309" pin=1"/></net>

<net id="318"><net_src comp="315" pin="1"/><net_sink comp="123" pin=2"/></net>

<net id="322"><net_src comp="220" pin="2"/><net_sink comp="319" pin=0"/></net>

<net id="326"><net_src comp="226" pin="2"/><net_sink comp="323" pin=0"/></net>

<net id="327"><net_src comp="323" pin="1"/><net_sink comp="140" pin=2"/></net>

<net id="331"><net_src comp="252" pin="3"/><net_sink comp="328" pin=0"/></net>

<net id="332"><net_src comp="328" pin="1"/><net_sink comp="151" pin=2"/></net>

<net id="336"><net_src comp="112" pin="3"/><net_sink comp="333" pin=0"/></net>

<net id="337"><net_src comp="333" pin="1"/><net_sink comp="118" pin=0"/></net>

<net id="341"><net_src comp="303" pin="2"/><net_sink comp="338" pin=0"/></net>

<net id="342"><net_src comp="338" pin="1"/><net_sink comp="315" pin=0"/></net>

<net id="346"><net_src comp="309" pin="2"/><net_sink comp="343" pin=0"/></net>

<net id="347"><net_src comp="343" pin="1"/><net_sink comp="162" pin=2"/></net>

</net_list>

</model> 
---------------- Datapath Model END ------------------

* FSMD analyzer results:
  - Output states:
	Port: output_r | {6 }
 - Input state : 
	Port: dct : input_r | {1 2 }
	Port: dct : dct_coeff_table_0 | {3 4 }
	Port: dct : dct_coeff_table_1 | {3 4 }
	Port: dct : dct_coeff_table_2 | {3 4 }
	Port: dct : dct_coeff_table_3 | {3 4 }
	Port: dct : dct_coeff_table_4 | {3 4 }
	Port: dct : dct_coeff_table_5 | {3 4 }
	Port: dct : dct_coeff_table_6 | {3 4 }
	Port: dct : dct_coeff_table_7 | {3 4 }
  - Chain level:
	State 1
		stg_17 : 1
	State 2
	State 3
	State 4
	State 5
		exitcond_flatten : 1
		indvar_flatten_next : 1
		stg_30 : 2
		r : 1
		exitcond_i3 : 1
		c_i_mid2 : 2
		tmp_i_mid2_v : 2
		tmp : 3
		tmp_15_cast : 4
		tmp_5 : 3
		tmp_1_i_mid2 : 4
		c_i_cast2 : 3
		tmp_3_i_cast : 3
		tmp_s : 5
		tmp_17_cast : 6
		buf_2d_out_addr : 7
		buf_2d_out_load : 8
		tmp_4_i : 5
		c : 3
	State 6
		output_addr : 1
		stg_55 : 2
		empty_12 : 1
	State 7


============================================================
+ Verbose Summary: Datapath Resource usage 
============================================================

* Functional unit list:
|----------|----------------------------|---------|---------|---------|---------|---------|
| Operation|       Functional Unit      |   BRAM  |  DSP48E |  Delay  |    FF   |   LUT   |
|----------|----------------------------|---------|---------|---------|---------|---------|
|   call   |    grp_dct_dct_2d_fu_169   |    2    |    8    |  28.278 |   807   |   291   |
|          |  grp_dct_read_data_fu_198  |    0    |    0    |  1.571  |    40   |    40   |
|----------|----------------------------|---------|---------|---------|---------|---------|
|          | indvar_flatten_next_fu_226 |    0    |    0    |    0    |    0    |    7    |
|          |          r_fu_232          |    0    |    0    |    0    |    0    |    4    |
|    add   |        tmp_s_fu_292        |    0    |    0    |    0    |    0    |    7    |
|          |       tmp_4_i_fu_303       |    0    |    0    |    0    |    0    |    6    |
|          |          c_fu_309          |    0    |    0    |    0    |    0    |    4    |
|----------|----------------------------|---------|---------|---------|---------|---------|
|  select  |       c_i_mid2_fu_244      |    0    |    0    |    0    |    0    |    4    |
|          |     tmp_i_mid2_v_fu_252    |    0    |    0    |    0    |    0    |    4    |
|----------|----------------------------|---------|---------|---------|---------|---------|
|   icmp   |   exitcond_flatten_fu_220  |    0    |    0    |    0    |    0    |    3    |
|          |     exitcond_i3_fu_238     |    0    |    0    |    0    |    0    |    2    |
|----------|----------------------------|---------|---------|---------|---------|---------|
|bitconcatenate|         tmp_fu_260         |    0    |    0    |    0    |    0    |    0    |
|          |     tmp_1_i_mid2_fu_276    |    0    |    0    |    0    |    0    |    0    |
|----------|----------------------------|---------|---------|---------|---------|---------|
|          |     tmp_15_cast_fu_268     |    0    |    0    |    0    |    0    |    0    |
|          |      c_i_cast2_fu_284      |    0    |    0    |    0    |    0    |    0    |
|   zext   |     tmp_3_i_cast_fu_288    |    0    |    0    |    0    |    0    |    0    |
|          |     tmp_17_cast_fu_298     |    0    |    0    |    0    |    0    |    0    |
|          |       tmp_5_i_fu_315       |    0    |    0    |    0    |    0    |    0    |
|----------|----------------------------|---------|---------|---------|---------|---------|
|   trunc  |        tmp_5_fu_272        |    0    |    0    |    0    |    0    |    0    |
|----------|----------------------------|---------|---------|---------|---------|---------|
|   Total  |                            |    2    |    8    |  29.849 |   847   |   372   |
|----------|----------------------------|---------|---------|---------|---------|---------|

Memories:
+-----------------+--------+--------+--------+
|                 |  BRAM  |   FF   |   LUT  |
+-----------------+--------+--------+--------+
|   buf_2d_in_0   |    0   |   32   |    2   |
|   buf_2d_in_1   |    0   |   32   |    2   |
|   buf_2d_in_2   |    0   |   32   |    2   |
|   buf_2d_in_3   |    0   |   32   |    2   |
|   buf_2d_in_4   |    0   |   32   |    2   |
|   buf_2d_in_5   |    0   |   32   |    2   |
|   buf_2d_in_6   |    0   |   32   |    2   |
|   buf_2d_in_7   |    0   |   32   |    2   |
|    buf_2d_out   |    1   |    0   |    0   |
|dct_coeff_table_0|    0   |   14   |    2   |
|dct_coeff_table_1|    0   |   15   |    2   |
|dct_coeff_table_2|    0   |   15   |    2   |
|dct_coeff_table_3|    0   |   15   |    2   |
|dct_coeff_table_4|    0   |   15   |    2   |
|dct_coeff_table_5|    0   |   15   |    2   |
|dct_coeff_table_6|    0   |   15   |    2   |
|dct_coeff_table_7|    0   |   15   |    2   |
+-----------------+--------+--------+--------+
|      Total      |    1   |   375  |   32   |
+-----------------+--------+--------+--------+

* Register list:
+---------------------------+--------+
|                           |   FF   |
+---------------------------+--------+
|  buf_2d_out_addr_reg_333  |    6   |
|        c_i_reg_158        |    4   |
|         c_reg_343         |    4   |
|  exitcond_flatten_reg_319 |    1   |
|indvar_flatten_next_reg_323|    7   |
|   indvar_flatten_reg_136  |    7   |
|        r_i_reg_147        |    4   |
|      tmp_4_i_reg_338      |    6   |
|    tmp_i_mid2_v_reg_328   |    4   |
+---------------------------+--------+
|           Total           |   43   |
+---------------------------+--------+

* Multiplexer (MUX) list: 
|-------------------|------|------|------|--------||---------||---------|
|        Comp       |  Pin | Size |  BW  | S x BW ||  Delay  ||   LUT   |
|-------------------|------|------|------|--------||---------||---------|
| grp_access_fu_118 |  p0  |   2  |   6  |   12   ||    6    |
|-------------------|------|------|------|--------||---------||---------|
|       Total       |      |      |      |   12   ||  1.571  ||    6    |
|-------------------|------|------|------|--------||---------||---------|



* Summary:
+-----------+--------+--------+--------+--------+--------+
|           |  BRAM  | DSP48E |  Delay |   FF   |   LUT  |
+-----------+--------+--------+--------+--------+--------+
|  Function |    2   |    8   |   29   |   847  |   372  |
|   Memory  |    1   |    -   |    -   |   375  |   32   |
|Multiplexer|    -   |    -   |    1   |    -   |    6   |
|  Register |    -   |    -   |    -   |   43   |    -   |
+-----------+--------+--------+--------+--------+--------+
|   Total   |    3   |    8   |   31   |  1265  |   410  |
+-----------+--------+--------+--------+--------+--------+
