

================================================================
== Vivado HLS Report for 'dct_dct_1d'
================================================================
* Date:           Mon Jun 13 10:29:54 2016

* Version:        2016.1 (Build 1538259 on Fri Apr 08 16:12:49 MDT 2016)
* Project:        dct_prj
* Solution:       solution4
* Product family: zynq
* Target device:  xc7z020clg484-1


================================================================
== Performance Estimates
================================================================
+ Timing (ns): 
    * Summary: 
    +--------+-------+----------+------------+
    |  Clock | Target| Estimated| Uncertainty|
    +--------+-------+----------+------------+
    |ap_clk  |  10.00|     10.79|        1.25|
    +--------+-------+----------+------------+

+ Latency (clock cycles): 
    * Summary: 
    +-----+-----+-----+-----+---------+
    |  Latency  |  Interval | Pipeline|
    | min | max | min | max |   Type  |
    +-----+-----+-----+-----+---------+
    |   13|   13|   13|   13|   none  |
    +-----+-----+-----+-----+---------+

    + Detail: 
        * Instance: 
        N/A

        * Loop: 
        +------------------+-----+-----+----------+-----------+-----------+------+----------+
        |                  |  Latency  | Iteration|  Initiation Interval  | Trip |          |
        |     Loop Name    | min | max |  Latency |  achieved |   target  | Count| Pipelined|
        +------------------+-----+-----+----------+-----------+-----------+------+----------+
        |- DCT_Outer_Loop  |   11|   11|         5|          1|          1|     8|    yes   |
        +------------------+-----+-----+----------+-----------+-----------+------+----------+

============================================================
+ Verbose Summary: Synthesis Manager
============================================================
InlineROM: 1
ExposeGlobal: 0
============================================================
+ Verbose Summary: CDFG Model
============================================================
IsTopModel: 0
ResetActiveHigh: 1
IsCombinational: 0
IsDatapathOnly: 0
HasWiredReturn: 1
HasMFsm: 0
HasVarLatency: 1
IsPipeline: 0
IsRtlPipelined: 0
IsInstanceOverlapped: 0
IsDontTouch: 0
HasImplIP: 0
IsGatedGlobalClock: 0

+ Individual pipeline summary: 
  * Pipeline-0: initiation interval (II) = 1, depth = 5


============================================================
+ Verbose Summary: Schedule
============================================================
* Number of FSM states: 7
* Pipeline: 1
  Pipeline-0: II = 1, D = 5, States = { 2 3 4 5 6 }
* Dataflow Pipeline: 0

* FSM state transitions: 
1 --> 
	2  / true
2 --> 
	7  / (exitcond1)
	3  / (!exitcond1)
3 --> 
	4  / true
4 --> 
	5  / true
5 --> 
	6  / true
6 --> 
	2  / true
7 --> 
* FSM state operations: 

 <State 1>: 1.57ns
ST_1: tmp_21_read [1/1] 1.04ns
:0  %tmp_21_read = call i4 @_ssdm_op_Read.ap_auto.i4(i4 %tmp_21)

ST_1: tmp_2_read [1/1] 1.04ns
:1  %tmp_2_read = call i4 @_ssdm_op_Read.ap_auto.i4(i4 %tmp_2)

ST_1: tmp_4 [1/1] 0.00ns
:2  %tmp_4 = call i7 @_ssdm_op_BitConcatenate.i7.i4.i3(i4 %tmp_21_read, i3 0)

ST_1: tmp_13_cast [1/1] 0.00ns
:3  %tmp_13_cast = zext i7 %tmp_4 to i8

ST_1: tmp_2_cast [1/1] 0.00ns
:4  %tmp_2_cast = zext i4 %tmp_2_read to i64

ST_1: src_addr [1/1] 0.00ns
:5  %src_addr = getelementptr [8 x i16]* %src, i64 0, i64 %tmp_2_cast

ST_1: src1_addr [1/1] 0.00ns
:6  %src1_addr = getelementptr [8 x i16]* %src1, i64 0, i64 %tmp_2_cast

ST_1: src2_addr [1/1] 0.00ns
:7  %src2_addr = getelementptr [8 x i16]* %src2, i64 0, i64 %tmp_2_cast

ST_1: src3_addr [1/1] 0.00ns
:8  %src3_addr = getelementptr [8 x i16]* %src3, i64 0, i64 %tmp_2_cast

ST_1: src4_addr [1/1] 0.00ns
:9  %src4_addr = getelementptr [8 x i16]* %src4, i64 0, i64 %tmp_2_cast

ST_1: src5_addr [1/1] 0.00ns
:10  %src5_addr = getelementptr [8 x i16]* %src5, i64 0, i64 %tmp_2_cast

ST_1: src6_addr [1/1] 0.00ns
:11  %src6_addr = getelementptr [8 x i16]* %src6, i64 0, i64 %tmp_2_cast

ST_1: src7_addr [1/1] 0.00ns
:12  %src7_addr = getelementptr [8 x i16]* %src7, i64 0, i64 %tmp_2_cast

ST_1: stg_21 [1/1] 1.57ns
:13  br label %1


 <State 2>: 2.39ns
ST_2: k [1/1] 0.00ns
:0  %k = phi i4 [ 0, %0 ], [ %k_1, %2 ]

ST_2: exitcond1 [1/1] 1.88ns
:1  %exitcond1 = icmp eq i4 %k, -8

ST_2: k_1 [1/1] 0.80ns
:2  %k_1 = add i4 %k, 1

ST_2: stg_25 [1/1] 0.00ns
:3  br i1 %exitcond1, label %3, label %2

ST_2: tmp [1/1] 0.00ns
:4  %tmp = zext i4 %k to i64

ST_2: tmp_cast [1/1] 0.00ns
:5  %tmp_cast = zext i4 %k to i8

ST_2: tmp_5 [1/1] 1.72ns
:6  %tmp_5 = add i8 %tmp_13_cast, %tmp_cast

ST_2: dct_coeff_table_0_addr [1/1] 0.00ns
:9  %dct_coeff_table_0_addr = getelementptr [8 x i14]* @dct_coeff_table_0, i64 0, i64 %tmp

ST_2: dct_coeff_table_0_load [2/2] 2.39ns
:10  %dct_coeff_table_0_load = load i14* %dct_coeff_table_0_addr, align 2

ST_2: dct_coeff_table_1_addr [1/1] 0.00ns
:15  %dct_coeff_table_1_addr = getelementptr [8 x i15]* @dct_coeff_table_1, i64 0, i64 %tmp

ST_2: dct_coeff_table_1_load [2/2] 2.39ns
:16  %dct_coeff_table_1_load = load i15* %dct_coeff_table_1_addr, align 2

ST_2: src1_load [2/2] 2.39ns
:18  %src1_load = load i16* %src1_addr, align 2

ST_2: dct_coeff_table_2_addr [1/1] 0.00ns
:21  %dct_coeff_table_2_addr = getelementptr [8 x i15]* @dct_coeff_table_2, i64 0, i64 %tmp

ST_2: dct_coeff_table_2_load [2/2] 2.39ns
:22  %dct_coeff_table_2_load = load i15* %dct_coeff_table_2_addr, align 2

ST_2: dct_coeff_table_3_addr [1/1] 0.00ns
:27  %dct_coeff_table_3_addr = getelementptr [8 x i15]* @dct_coeff_table_3, i64 0, i64 %tmp

ST_2: dct_coeff_table_3_load [2/2] 2.39ns
:28  %dct_coeff_table_3_load = load i15* %dct_coeff_table_3_addr, align 2

ST_2: src3_load [2/2] 2.39ns
:30  %src3_load = load i16* %src3_addr, align 2

ST_2: dct_coeff_table_4_addr [1/1] 0.00ns
:33  %dct_coeff_table_4_addr = getelementptr [8 x i15]* @dct_coeff_table_4, i64 0, i64 %tmp

ST_2: dct_coeff_table_4_load [2/2] 2.39ns
:34  %dct_coeff_table_4_load = load i15* %dct_coeff_table_4_addr, align 2

ST_2: dct_coeff_table_5_addr [1/1] 0.00ns
:39  %dct_coeff_table_5_addr = getelementptr [8 x i15]* @dct_coeff_table_5, i64 0, i64 %tmp

ST_2: dct_coeff_table_5_load [2/2] 2.39ns
:40  %dct_coeff_table_5_load = load i15* %dct_coeff_table_5_addr, align 2

ST_2: src5_load [2/2] 2.39ns
:42  %src5_load = load i16* %src5_addr, align 2

ST_2: dct_coeff_table_6_addr [1/1] 0.00ns
:45  %dct_coeff_table_6_addr = getelementptr [8 x i15]* @dct_coeff_table_6, i64 0, i64 %tmp

ST_2: dct_coeff_table_6_load [2/2] 2.39ns
:46  %dct_coeff_table_6_load = load i15* %dct_coeff_table_6_addr, align 2

ST_2: src6_load [2/2] 2.39ns
:48  %src6_load = load i16* %src6_addr, align 2

ST_2: dct_coeff_table_7_addr [1/1] 0.00ns
:51  %dct_coeff_table_7_addr = getelementptr [8 x i15]* @dct_coeff_table_7, i64 0, i64 %tmp

ST_2: dct_coeff_table_7_load [2/2] 2.39ns
:52  %dct_coeff_table_7_load = load i15* %dct_coeff_table_7_addr, align 2

ST_2: src7_load [2/2] 2.39ns
:54  %src7_load = load i16* %src7_addr, align 2


 <State 3>: 2.39ns
ST_3: dct_coeff_table_0_load [1/2] 2.39ns
:10  %dct_coeff_table_0_load = load i14* %dct_coeff_table_0_addr, align 2

ST_3: src_load [2/2] 2.39ns
:12  %src_load = load i16* %src_addr, align 2

ST_3: dct_coeff_table_1_load [1/2] 2.39ns
:16  %dct_coeff_table_1_load = load i15* %dct_coeff_table_1_addr, align 2

ST_3: src1_load [1/2] 2.39ns
:18  %src1_load = load i16* %src1_addr, align 2

ST_3: dct_coeff_table_2_load [1/2] 2.39ns
:22  %dct_coeff_table_2_load = load i15* %dct_coeff_table_2_addr, align 2

ST_3: src2_load [2/2] 2.39ns
:24  %src2_load = load i16* %src2_addr, align 2

ST_3: dct_coeff_table_3_load [1/2] 2.39ns
:28  %dct_coeff_table_3_load = load i15* %dct_coeff_table_3_addr, align 2

ST_3: src3_load [1/2] 2.39ns
:30  %src3_load = load i16* %src3_addr, align 2

ST_3: dct_coeff_table_4_load [1/2] 2.39ns
:34  %dct_coeff_table_4_load = load i15* %dct_coeff_table_4_addr, align 2

ST_3: src4_load [2/2] 2.39ns
:36  %src4_load = load i16* %src4_addr, align 2

ST_3: dct_coeff_table_5_load [1/2] 2.39ns
:40  %dct_coeff_table_5_load = load i15* %dct_coeff_table_5_addr, align 2

ST_3: src5_load [1/2] 2.39ns
:42  %src5_load = load i16* %src5_addr, align 2

ST_3: dct_coeff_table_6_load [1/2] 2.39ns
:46  %dct_coeff_table_6_load = load i15* %dct_coeff_table_6_addr, align 2

ST_3: src6_load [1/2] 2.39ns
:48  %src6_load = load i16* %src6_addr, align 2

ST_3: dct_coeff_table_7_load [1/2] 2.39ns
:52  %dct_coeff_table_7_load = load i15* %dct_coeff_table_7_addr, align 2

ST_3: src7_load [1/2] 2.39ns
:54  %src7_load = load i16* %src7_addr, align 2


 <State 4>: 9.40ns
ST_4: src_load [1/2] 2.39ns
:12  %src_load = load i16* %src_addr, align 2

ST_4: coeff_1_cast [1/1] 0.00ns
:17  %coeff_1_cast = sext i15 %dct_coeff_table_1_load to i29

ST_4: tmp_9_1_cast [1/1] 0.00ns
:19  %tmp_9_1_cast = sext i16 %src1_load to i29

ST_4: tmp_10_1 [1/1] 6.38ns
:20  %tmp_10_1 = mul i29 %tmp_9_1_cast, %coeff_1_cast

ST_4: src2_load [1/2] 2.39ns
:24  %src2_load = load i16* %src2_addr, align 2

ST_4: coeff_3_cast [1/1] 0.00ns
:29  %coeff_3_cast = sext i15 %dct_coeff_table_3_load to i29

ST_4: tmp_9_3_cast [1/1] 0.00ns
:31  %tmp_9_3_cast = sext i16 %src3_load to i29

ST_4: tmp_10_3 [1/1] 6.38ns
:32  %tmp_10_3 = mul i29 %tmp_9_3_cast, %coeff_3_cast

ST_4: src4_load [1/2] 2.39ns
:36  %src4_load = load i16* %src4_addr, align 2

ST_4: coeff_5_cast [1/1] 0.00ns
:41  %coeff_5_cast = sext i15 %dct_coeff_table_5_load to i29

ST_4: tmp_9_5_cast [1/1] 0.00ns
:43  %tmp_9_5_cast = sext i16 %src5_load to i29

ST_4: tmp_10_5 [1/1] 6.38ns
:44  %tmp_10_5 = mul i29 %tmp_9_5_cast, %coeff_5_cast

ST_4: coeff_6_cast [1/1] 0.00ns
:47  %coeff_6_cast = sext i15 %dct_coeff_table_6_load to i29

ST_4: tmp_9_6_cast [1/1] 0.00ns
:49  %tmp_9_6_cast = sext i16 %src6_load to i29

ST_4: tmp_10_6 [1/1] 3.36ns
:50  %tmp_10_6 = mul i29 %tmp_9_6_cast, %coeff_6_cast

ST_4: coeff_7_cast [1/1] 0.00ns
:53  %coeff_7_cast = sext i15 %dct_coeff_table_7_load to i29

ST_4: tmp_9_7_cast [1/1] 0.00ns
:55  %tmp_9_7_cast = sext i16 %src7_load to i29

ST_4: tmp_10_7 [1/1] 3.36ns
:56  %tmp_10_7 = mul i29 %tmp_9_7_cast, %coeff_7_cast

ST_4: tmp7 [1/1] 3.02ns
:61  %tmp7 = add i29 %tmp_10_7, 4096

ST_4: tmp6 [1/1] 3.02ns
:62  %tmp6 = add i29 %tmp_10_6, %tmp7


 <State 5>: 10.79ns
ST_5: coeff_cast [1/1] 0.00ns
:11  %coeff_cast = zext i14 %dct_coeff_table_0_load to i29

ST_5: tmp_9_cast [1/1] 0.00ns
:13  %tmp_9_cast = sext i16 %src_load to i29

ST_5: tmp_3 [1/1] 3.36ns
:14  %tmp_3 = mul i29 %tmp_9_cast, %coeff_cast

ST_5: coeff_2_cast [1/1] 0.00ns
:23  %coeff_2_cast = sext i15 %dct_coeff_table_2_load to i29

ST_5: tmp_9_2_cast [1/1] 0.00ns
:25  %tmp_9_2_cast = sext i16 %src2_load to i29

ST_5: tmp_10_2 [1/1] 3.36ns
:26  %tmp_10_2 = mul i29 %tmp_9_2_cast, %coeff_2_cast

ST_5: coeff_4_cast [1/1] 0.00ns
:35  %coeff_4_cast = sext i15 %dct_coeff_table_4_load to i29

ST_5: tmp_9_4_cast [1/1] 0.00ns
:37  %tmp_9_4_cast = sext i16 %src4_load to i29

ST_5: tmp_10_4 [1/1] 3.36ns
:38  %tmp_10_4 = mul i29 %tmp_9_4_cast, %coeff_4_cast

ST_5: tmp2 [1/1] 3.02ns
:57  %tmp2 = add i29 %tmp_10_1, %tmp_3

ST_5: tmp3 [1/1] 3.02ns
:58  %tmp3 = add i29 %tmp_10_3, %tmp_10_2

ST_5: tmp1 [1/1] 2.44ns
:59  %tmp1 = add i29 %tmp2, %tmp3

ST_5: tmp5 [1/1] 3.02ns
:60  %tmp5 = add i29 %tmp_10_5, %tmp_10_4

ST_5: tmp4 [1/1] 1.97ns
:63  %tmp4 = add i29 %tmp5, %tmp6

ST_5: tmp_s [1/1] 1.97ns
:64  %tmp_s = add i29 %tmp1, %tmp4

ST_5: tmp_7 [1/1] 0.00ns
:65  %tmp_7 = call i16 @_ssdm_op_PartSelect.i16.i29.i32.i32(i29 %tmp_s, i32 13, i32 28)


 <State 6>: 2.71ns
ST_6: empty [1/1] 0.00ns
:0  %empty = call i32 (...)* @_ssdm_op_SpecLoopTripCount(i64 8, i64 8, i64 8)

ST_6: stg_103 [1/1] 0.00ns
:1  call void (...)* @_ssdm_op_SpecLoopName([15 x i8]* @p_str) nounwind

ST_6: tmp_1 [1/1] 0.00ns
:2  %tmp_1 = call i32 (...)* @_ssdm_op_SpecRegionBegin([15 x i8]* @p_str) nounwind

ST_6: stg_105 [1/1] 0.00ns
:3  call void (...)* @_ssdm_op_SpecPipeline(i32 -1, i32 1, i32 1, i32 0, [1 x i8]* @p_str1) nounwind

ST_6: tmp_14_cast [1/1] 0.00ns
:7  %tmp_14_cast = zext i8 %tmp_5 to i64

ST_6: dst_addr [1/1] 0.00ns
:8  %dst_addr = getelementptr [64 x i16]* %dst, i64 0, i64 %tmp_14_cast

ST_6: stg_108 [1/1] 2.71ns
:66  store i16 %tmp_7, i16* %dst_addr, align 2

ST_6: empty_11 [1/1] 0.00ns
:67  %empty_11 = call i32 (...)* @_ssdm_op_SpecRegionEnd([15 x i8]* @p_str, i32 %tmp_1) nounwind

ST_6: stg_110 [1/1] 0.00ns
:68  br label %1


 <State 7>: 0.00ns
ST_7: stg_111 [1/1] 0.00ns
:0  ret void



============================================================
+ Verbose Summary: Binding
============================================================
STG Binding: 
---------------- STG Properties BEGIN ----------------
- Is combinational: 0
- Is one-state seq: 0
- Is datapath-only: 0
- Is clock enabled: 0
- Is pipelined: 0
- Is top level: 0
Port [ Return ] is wired: 1; IO mode=ap_ctrl_hs:ce=0
Port [ src]:  wired=1; compound=1; hidden=0; nouse=0; global=0; static=0; extern=0; dir=0; type=1; pingpong=0; private_global=0; MemPort=[13]; IO mode=ap_memory:ce=0
Port [ src1]:  wired=1; compound=1; hidden=0; nouse=0; global=0; static=0; extern=0; dir=0; type=1; pingpong=0; private_global=0; MemPort=[13]; IO mode=ap_memory:ce=0
Port [ src2]:  wired=1; compound=1; hidden=0; nouse=0; global=0; static=0; extern=0; dir=0; type=1; pingpong=0; private_global=0; MemPort=[13]; IO mode=ap_memory:ce=0
Port [ src3]:  wired=1; compound=1; hidden=0; nouse=0; global=0; static=0; extern=0; dir=0; type=1; pingpong=0; private_global=0; MemPort=[13]; IO mode=ap_memory:ce=0
Port [ src4]:  wired=1; compound=1; hidden=0; nouse=0; global=0; static=0; extern=0; dir=0; type=1; pingpong=0; private_global=0; MemPort=[13]; IO mode=ap_memory:ce=0
Port [ src5]:  wired=1; compound=1; hidden=0; nouse=0; global=0; static=0; extern=0; dir=0; type=1; pingpong=0; private_global=0; MemPort=[13]; IO mode=ap_memory:ce=0
Port [ src6]:  wired=1; compound=1; hidden=0; nouse=0; global=0; static=0; extern=0; dir=0; type=1; pingpong=0; private_global=0; MemPort=[13]; IO mode=ap_memory:ce=0
Port [ src7]:  wired=1; compound=1; hidden=0; nouse=0; global=0; static=0; extern=0; dir=0; type=1; pingpong=0; private_global=0; MemPort=[13]; IO mode=ap_memory:ce=0
Port [ tmp_2]:  wired=1; compound=0; hidden=0; nouse=0; global=0; static=0; extern=0; dir=0; type=0; pingpong=0; private_global=0; IO mode=ap_none:ce=0
Port [ dst]:  wired=1; compound=1; hidden=0; nouse=0; global=0; static=0; extern=0; dir=1; type=1; pingpong=0; private_global=0; MemPort=[03]; IO mode=ap_memory:ce=0
Port [ tmp_21]:  wired=1; compound=0; hidden=0; nouse=0; global=0; static=0; extern=0; dir=0; type=0; pingpong=0; private_global=0; IO mode=ap_none:ce=0
Port [ dct_coeff_table_0]:  wired=0; compound=1; hidden=1; nouse=0; global=1; static=1; extern=0; dir=0; type=1; pingpong=0; private_global=1; linkage=7; visibility=0; MemPort=[1]; IO mode=ap_memory:ce=0
Port [ dct_coeff_table_1]:  wired=0; compound=1; hidden=1; nouse=0; global=1; static=1; extern=0; dir=0; type=1; pingpong=0; private_global=1; linkage=7; visibility=0; MemPort=[1]; IO mode=ap_memory:ce=0
Port [ dct_coeff_table_2]:  wired=0; compound=1; hidden=1; nouse=0; global=1; static=1; extern=0; dir=0; type=1; pingpong=0; private_global=1; linkage=7; visibility=0; MemPort=[1]; IO mode=ap_memory:ce=0
Port [ dct_coeff_table_3]:  wired=0; compound=1; hidden=1; nouse=0; global=1; static=1; extern=0; dir=0; type=1; pingpong=0; private_global=1; linkage=7; visibility=0; MemPort=[1]; IO mode=ap_memory:ce=0
Port [ dct_coeff_table_4]:  wired=0; compound=1; hidden=1; nouse=0; global=1; static=1; extern=0; dir=0; type=1; pingpong=0; private_global=1; linkage=7; visibility=0; MemPort=[1]; IO mode=ap_memory:ce=0
Port [ dct_coeff_table_5]:  wired=0; compound=1; hidden=1; nouse=0; global=1; static=1; extern=0; dir=0; type=1; pingpong=0; private_global=1; linkage=7; visibility=0; MemPort=[1]; IO mode=ap_memory:ce=0
Port [ dct_coeff_table_6]:  wired=0; compound=1; hidden=1; nouse=0; global=1; static=1; extern=0; dir=0; type=1; pingpong=0; private_global=1; linkage=7; visibility=0; MemPort=[1]; IO mode=ap_memory:ce=0
Port [ dct_coeff_table_7]:  wired=0; compound=1; hidden=1; nouse=0; global=1; static=1; extern=0; dir=0; type=1; pingpong=0; private_global=1; linkage=7; visibility=0; MemPort=[1]; IO mode=ap_memory:ce=0
---------------- STG Properties END ------------------

---------------- Datapath Model BEGIN ----------------

<LifeTime>
<method=bitvector/>
tmp_21_read            (read             ) [ 00000000]
tmp_2_read             (read             ) [ 00000000]
tmp_4                  (bitconcatenate   ) [ 00000000]
tmp_13_cast            (zext             ) [ 00111110]
tmp_2_cast             (zext             ) [ 00000000]
src_addr               (getelementptr    ) [ 00111110]
src1_addr              (getelementptr    ) [ 00111110]
src2_addr              (getelementptr    ) [ 00111110]
src3_addr              (getelementptr    ) [ 00111110]
src4_addr              (getelementptr    ) [ 00111110]
src5_addr              (getelementptr    ) [ 00111110]
src6_addr              (getelementptr    ) [ 00111110]
src7_addr              (getelementptr    ) [ 00111110]
stg_21                 (br               ) [ 01111110]
k                      (phi              ) [ 00100000]
exitcond1              (icmp             ) [ 00111110]
k_1                    (add              ) [ 01111110]
stg_25                 (br               ) [ 00000000]
tmp                    (zext             ) [ 00000000]
tmp_cast               (zext             ) [ 00000000]
tmp_5                  (add              ) [ 00111110]
dct_coeff_table_0_addr (getelementptr    ) [ 00110000]
dct_coeff_table_1_addr (getelementptr    ) [ 00110000]
dct_coeff_table_2_addr (getelementptr    ) [ 00110000]
dct_coeff_table_3_addr (getelementptr    ) [ 00110000]
dct_coeff_table_4_addr (getelementptr    ) [ 00110000]
dct_coeff_table_5_addr (getelementptr    ) [ 00110000]
dct_coeff_table_6_addr (getelementptr    ) [ 00110000]
dct_coeff_table_7_addr (getelementptr    ) [ 00110000]
dct_coeff_table_0_load (load             ) [ 00101100]
dct_coeff_table_1_load (load             ) [ 00101000]
src1_load              (load             ) [ 00101000]
dct_coeff_table_2_load (load             ) [ 00101100]
dct_coeff_table_3_load (load             ) [ 00101000]
src3_load              (load             ) [ 00101000]
dct_coeff_table_4_load (load             ) [ 00101100]
dct_coeff_table_5_load (load             ) [ 00101000]
src5_load              (load             ) [ 00101000]
dct_coeff_table_6_load (load             ) [ 00101000]
src6_load              (load             ) [ 00101000]
dct_coeff_table_7_load (load             ) [ 00101000]
src7_load              (load             ) [ 00101000]
src_load               (load             ) [ 00100100]
coeff_1_cast           (sext             ) [ 00000000]
tmp_9_1_cast           (sext             ) [ 00000000]
tmp_10_1               (mul              ) [ 00100100]
src2_load              (load             ) [ 00100100]
coeff_3_cast           (sext             ) [ 00000000]
tmp_9_3_cast           (sext             ) [ 00000000]
tmp_10_3               (mul              ) [ 00100100]
src4_load              (load             ) [ 00100100]
coeff_5_cast           (sext             ) [ 00000000]
tmp_9_5_cast           (sext             ) [ 00000000]
tmp_10_5               (mul              ) [ 00100100]
coeff_6_cast           (sext             ) [ 00000000]
tmp_9_6_cast           (sext             ) [ 00000000]
tmp_10_6               (mul              ) [ 00000000]
coeff_7_cast           (sext             ) [ 00000000]
tmp_9_7_cast           (sext             ) [ 00000000]
tmp_10_7               (mul              ) [ 00000000]
tmp7                   (add              ) [ 00000000]
tmp6                   (add              ) [ 00100100]
coeff_cast             (zext             ) [ 00000000]
tmp_9_cast             (sext             ) [ 00000000]
tmp_3                  (mul              ) [ 00000000]
coeff_2_cast           (sext             ) [ 00000000]
tmp_9_2_cast           (sext             ) [ 00000000]
tmp_10_2               (mul              ) [ 00000000]
coeff_4_cast           (sext             ) [ 00000000]
tmp_9_4_cast           (sext             ) [ 00000000]
tmp_10_4               (mul              ) [ 00000000]
tmp2                   (add              ) [ 00000000]
tmp3                   (add              ) [ 00000000]
tmp1                   (add              ) [ 00000000]
tmp5                   (add              ) [ 00000000]
tmp4                   (add              ) [ 00000000]
tmp_s                  (add              ) [ 00000000]
tmp_7                  (partselect       ) [ 00100010]
empty                  (speclooptripcount) [ 00000000]
stg_103                (specloopname     ) [ 00000000]
tmp_1                  (specregionbegin  ) [ 00000000]
stg_105                (specpipeline     ) [ 00000000]
tmp_14_cast            (zext             ) [ 00000000]
dst_addr               (getelementptr    ) [ 00000000]
stg_108                (store            ) [ 00000000]
empty_11               (specregionend    ) [ 00000000]
stg_110                (br               ) [ 01111110]
stg_111                (ret              ) [ 00000000]
</LifeTime>

<model>

<comp_list>
<comp id="0" class="1000" name="src">
<pin_list>
<pin id="1" dir="1" index="0" bw="1" slack="0"/>
</pin_list>
<bind>
<StgValue><ssdm name="src"/><MemPortTyVec>1 3 </MemPortTyVec>
</StgValue>
</bind>
</comp>

<comp id="2" class="1000" name="src1">
<pin_list>
<pin id="3" dir="1" index="0" bw="1" slack="0"/>
</pin_list>
<bind>
<StgValue><ssdm name="src1"/><MemPortTyVec>1 3 </MemPortTyVec>
</StgValue>
</bind>
</comp>

<comp id="4" class="1000" name="src2">
<pin_list>
<pin id="5" dir="1" index="0" bw="1" slack="0"/>
</pin_list>
<bind>
<StgValue><ssdm name="src2"/><MemPortTyVec>1 3 </MemPortTyVec>
</StgValue>
</bind>
</comp>

<comp id="6" class="1000" name="src3">
<pin_list>
<pin id="7" dir="1" index="0" bw="1" slack="0"/>
</pin_list>
<bind>
<StgValue><ssdm name="src3"/><MemPortTyVec>1 3 </MemPortTyVec>
</StgValue>
</bind>
</comp>

<comp id="8" class="1000" name="src4">
<pin_list>
<pin id="9" dir="1" index="0" bw="1" slack="0"/>
</pin_list>
<bind>
<StgValue><ssdm name="src4"/><MemPortTyVec>1 3 </MemPortTyVec>
</StgValue>
</bind>
</comp>

<comp id="10" class="1000" name="src5">
<pin_list>
<pin id="11" dir="1" index="0" bw="1" slack="0"/>
</pin_list>
<bind>
<StgValue><ssdm name="src5"/><MemPortTyVec>1 3 </MemPortTyVec>
</StgValue>
</bind>
</comp>

<comp id="12" class="1000" name="src6">
<pin_list>
<pin id="13" dir="1" index="0" bw="1" slack="0"/>
</pin_list>
<bind>
<StgValue><ssdm name="src6"/><MemPortTyVec>1 3 </MemPortTyVec>
</StgValue>
</bind>
</comp>

<comp id="14" class="1000" name="src7">
<pin_list>
<pin id="15" dir="1" index="0" bw="1" slack="0"/>
</pin_list>
<bind>
<StgValue><ssdm name="src7"/><MemPortTyVec>1 3 </MemPortTyVec>
</StgValue>
</bind>
</comp>

<comp id="16" class="1000" name="tmp_2">
<pin_list>
<pin id="17" dir="1" index="0" bw="1" slack="0"/>
</pin_list>
<bind>
<StgValue><ssdm name="tmp_2"/></StgValue>
</bind>
</comp>

<comp id="18" class="1000" name="dst">
<pin_list>
<pin id="19" dir="1" index="0" bw="1" slack="0"/>
</pin_list>
<bind>
<StgValue><ssdm name="dst"/><MemPortTyVec>0 3 </MemPortTyVec>
</StgValue>
</bind>
</comp>

<comp id="20" class="1000" name="tmp_21">
<pin_list>
<pin id="21" dir="1" index="0" bw="1" slack="0"/>
</pin_list>
<bind>
<StgValue><ssdm name="tmp_21"/></StgValue>
</bind>
</comp>

<comp id="22" class="1000" name="dct_coeff_table_0">
<pin_list>
<pin id="23" dir="1" index="0" bw="1" slack="0"/>
</pin_list>
<bind>
<StgValue><ssdm name="dct_coeff_table_0"/><MemPortTyVec>1 </MemPortTyVec>
</StgValue>
</bind>
</comp>

<comp id="24" class="1000" name="dct_coeff_table_1">
<pin_list>
<pin id="25" dir="1" index="0" bw="1" slack="0"/>
</pin_list>
<bind>
<StgValue><ssdm name="dct_coeff_table_1"/><MemPortTyVec>1 </MemPortTyVec>
</StgValue>
</bind>
</comp>

<comp id="26" class="1000" name="dct_coeff_table_2">
<pin_list>
<pin id="27" dir="1" index="0" bw="1" slack="0"/>
</pin_list>
<bind>
<StgValue><ssdm name="dct_coeff_table_2"/><MemPortTyVec>1 </MemPortTyVec>
</StgValue>
</bind>
</comp>

<comp id="28" class="1000" name="dct_coeff_table_3">
<pin_list>
<pin id="29" dir="1" index="0" bw="1" slack="0"/>
</pin_list>
<bind>
<StgValue><ssdm name="dct_coeff_table_3"/><MemPortTyVec>1 </MemPortTyVec>
</StgValue>
</bind>
</comp>

<comp id="30" class="1000" name="dct_coeff_table_4">
<pin_list>
<pin id="31" dir="1" index="0" bw="1" slack="0"/>
</pin_list>
<bind>
<StgValue><ssdm name="dct_coeff_table_4"/><MemPortTyVec>1 </MemPortTyVec>
</StgValue>
</bind>
</comp>

<comp id="32" class="1000" name="dct_coeff_table_5">
<pin_list>
<pin id="33" dir="1" index="0" bw="1" slack="0"/>
</pin_list>
<bind>
<StgValue><ssdm name="dct_coeff_table_5"/><MemPortTyVec>1 </MemPortTyVec>
</StgValue>
</bind>
</comp>

<comp id="34" class="1000" name="dct_coeff_table_6">
<pin_list>
<pin id="35" dir="1" index="0" bw="1" slack="0"/>
</pin_list>
<bind>
<StgValue><ssdm name="dct_coeff_table_6"/><MemPortTyVec>1 </MemPortTyVec>
</StgValue>
</bind>
</comp>

<comp id="36" class="1000" name="dct_coeff_table_7">
<pin_list>
<pin id="37" dir="1" index="0" bw="1" slack="0"/>
</pin_list>
<bind>
<StgValue><ssdm name="dct_coeff_table_7"/><MemPortTyVec>1 </MemPortTyVec>
</StgValue>
</bind>
</comp>

<comp id="38" class="1001" name="const_38">
<pin_list>
<pin id="39" dir="1" index="0" bw="1" slack="0"/>
</pin_list>
<bind>
<StgValue><ssdm name="_ssdm_op_Read.ap_auto.i4"/></StgValue>
</bind>
</comp>

<comp id="40" class="1001" name="const_40">
<pin_list>
<pin id="41" dir="1" index="0" bw="1" slack="0"/>
</pin_list>
<bind>
<StgValue><ssdm name="_ssdm_op_BitConcatenate.i7.i4.i3"/></StgValue>
</bind>
</comp>

<comp id="42" class="1001" name="const_42">
<pin_list>
<pin id="43" dir="1" index="0" bw="1" slack="0"/>
</pin_list>
<bind>
<StgValue><ssdm name=""/></StgValue>
</bind>
</comp>

<comp id="44" class="1001" name="const_44">
<pin_list>
<pin id="45" dir="1" index="0" bw="1" slack="0"/>
</pin_list>
<bind>
<StgValue><ssdm name=""/></StgValue>
</bind>
</comp>

<comp id="46" class="1001" name="const_46">
<pin_list>
<pin id="47" dir="1" index="0" bw="1" slack="1"/>
</pin_list>
<bind>
<StgValue><ssdm name=""/></StgValue>
</bind>
</comp>

<comp id="48" class="1001" name="const_48">
<pin_list>
<pin id="49" dir="1" index="0" bw="1" slack="0"/>
</pin_list>
<bind>
<StgValue><ssdm name=""/></StgValue>
</bind>
</comp>

<comp id="50" class="1001" name="const_50">
<pin_list>
<pin id="51" dir="1" index="0" bw="1" slack="0"/>
</pin_list>
<bind>
<StgValue><ssdm name=""/></StgValue>
</bind>
</comp>

<comp id="52" class="1001" name="const_52">
<pin_list>
<pin id="53" dir="1" index="0" bw="1" slack="0"/>
</pin_list>
<bind>
<StgValue><ssdm name=""/></StgValue>
</bind>
</comp>

<comp id="54" class="1001" name="const_54">
<pin_list>
<pin id="55" dir="1" index="0" bw="1" slack="0"/>
</pin_list>
<bind>
<StgValue><ssdm name="_ssdm_op_PartSelect.i16.i29.i32.i32"/></StgValue>
</bind>
</comp>

<comp id="56" class="1001" name="const_56">
<pin_list>
<pin id="57" dir="1" index="0" bw="1" slack="0"/>
</pin_list>
<bind>
<StgValue><ssdm name=""/></StgValue>
</bind>
</comp>

<comp id="58" class="1001" name="const_58">
<pin_list>
<pin id="59" dir="1" index="0" bw="1" slack="0"/>
</pin_list>
<bind>
<StgValue><ssdm name=""/></StgValue>
</bind>
</comp>

<comp id="60" class="1001" name="const_60">
<pin_list>
<pin id="61" dir="1" index="0" bw="1" slack="2147483647"/>
</pin_list>
<bind>
<StgValue><ssdm name="_ssdm_op_SpecLoopTripCount"/></StgValue>
</bind>
</comp>

<comp id="62" class="1001" name="const_62">
<pin_list>
<pin id="63" dir="1" index="0" bw="1" slack="2147483647"/>
</pin_list>
<bind>
<StgValue><ssdm name=""/></StgValue>
</bind>
</comp>

<comp id="64" class="1001" name="const_64">
<pin_list>
<pin id="65" dir="1" index="0" bw="1" slack="2147483647"/>
</pin_list>
<bind>
<StgValue><ssdm name="_ssdm_op_SpecLoopName"/></StgValue>
</bind>
</comp>

<comp id="66" class="1001" name="const_66">
<pin_list>
<pin id="67" dir="1" index="0" bw="1" slack="2147483647"/>
</pin_list>
<bind>
<StgValue><ssdm name="p_str"/></StgValue>
</bind>
</comp>

<comp id="68" class="1001" name="const_68">
<pin_list>
<pin id="69" dir="1" index="0" bw="1" slack="2147483647"/>
</pin_list>
<bind>
<StgValue><ssdm name="_ssdm_op_SpecRegionBegin"/></StgValue>
</bind>
</comp>

<comp id="70" class="1001" name="const_70">
<pin_list>
<pin id="71" dir="1" index="0" bw="1" slack="2147483647"/>
</pin_list>
<bind>
<StgValue><ssdm name="_ssdm_op_SpecPipeline"/></StgValue>
</bind>
</comp>

<comp id="72" class="1001" name="const_72">
<pin_list>
<pin id="73" dir="1" index="0" bw="1" slack="2147483647"/>
</pin_list>
<bind>
<StgValue><ssdm name=""/></StgValue>
</bind>
</comp>

<comp id="74" class="1001" name="const_74">
<pin_list>
<pin id="75" dir="1" index="0" bw="1" slack="2147483647"/>
</pin_list>
<bind>
<StgValue><ssdm name=""/></StgValue>
</bind>
</comp>

<comp id="76" class="1001" name="const_76">
<pin_list>
<pin id="77" dir="1" index="0" bw="1" slack="2147483647"/>
</pin_list>
<bind>
<StgValue><ssdm name=""/></StgValue>
</bind>
</comp>

<comp id="78" class="1001" name="const_78">
<pin_list>
<pin id="79" dir="1" index="0" bw="1" slack="2147483647"/>
</pin_list>
<bind>
<StgValue><ssdm name="p_str1"/></StgValue>
</bind>
</comp>

<comp id="80" class="1001" name="const_80">
<pin_list>
<pin id="81" dir="1" index="0" bw="1" slack="2147483647"/>
</pin_list>
<bind>
<StgValue><ssdm name="_ssdm_op_SpecRegionEnd"/></StgValue>
</bind>
</comp>

<comp id="82" class="1004" name="tmp_21_read_read_fu_82">
<pin_list>
<pin id="83" dir="0" index="0" bw="4" slack="0"/>
<pin id="84" dir="0" index="1" bw="4" slack="0"/>
<pin id="85" dir="1" index="2" bw="4" slack="0"/>
</pin_list>
<bind>
<opcode="read(1150) " fcode="read"/>
<opset="tmp_21_read/1 "/>
</bind>
</comp>

<comp id="88" class="1004" name="tmp_2_read_read_fu_88">
<pin_list>
<pin id="89" dir="0" index="0" bw="4" slack="0"/>
<pin id="90" dir="0" index="1" bw="4" slack="0"/>
<pin id="91" dir="1" index="2" bw="4" slack="0"/>
</pin_list>
<bind>
<opcode="read(1150) " fcode="read"/>
<opset="tmp_2_read/1 "/>
</bind>
</comp>

<comp id="94" class="1004" name="src_addr_gep_fu_94">
<pin_list>
<pin id="95" dir="0" index="0" bw="16" slack="0"/>
<pin id="96" dir="0" index="1" bw="1" slack="0"/>
<pin id="97" dir="0" index="2" bw="4" slack="0"/>
<pin id="98" dir="1" index="3" bw="3" slack="2"/>
</pin_list>
<bind>
<opcode="getelementptr(29) " fcode="getelementptr"/>
<opset="src_addr/1 "/>
</bind>
</comp>

<comp id="101" class="1004" name="src1_addr_gep_fu_101">
<pin_list>
<pin id="102" dir="0" index="0" bw="16" slack="0"/>
<pin id="103" dir="0" index="1" bw="1" slack="0"/>
<pin id="104" dir="0" index="2" bw="4" slack="0"/>
<pin id="105" dir="1" index="3" bw="3" slack="1"/>
</pin_list>
<bind>
<opcode="getelementptr(29) " fcode="getelementptr"/>
<opset="src1_addr/1 "/>
</bind>
</comp>

<comp id="108" class="1004" name="src2_addr_gep_fu_108">
<pin_list>
<pin id="109" dir="0" index="0" bw="16" slack="0"/>
<pin id="110" dir="0" index="1" bw="1" slack="0"/>
<pin id="111" dir="0" index="2" bw="4" slack="0"/>
<pin id="112" dir="1" index="3" bw="3" slack="2"/>
</pin_list>
<bind>
<opcode="getelementptr(29) " fcode="getelementptr"/>
<opset="src2_addr/1 "/>
</bind>
</comp>

<comp id="115" class="1004" name="src3_addr_gep_fu_115">
<pin_list>
<pin id="116" dir="0" index="0" bw="16" slack="0"/>
<pin id="117" dir="0" index="1" bw="1" slack="0"/>
<pin id="118" dir="0" index="2" bw="4" slack="0"/>
<pin id="119" dir="1" index="3" bw="3" slack="1"/>
</pin_list>
<bind>
<opcode="getelementptr(29) " fcode="getelementptr"/>
<opset="src3_addr/1 "/>
</bind>
</comp>

<comp id="122" class="1004" name="src4_addr_gep_fu_122">
<pin_list>
<pin id="123" dir="0" index="0" bw="16" slack="0"/>
<pin id="124" dir="0" index="1" bw="1" slack="0"/>
<pin id="125" dir="0" index="2" bw="4" slack="0"/>
<pin id="126" dir="1" index="3" bw="3" slack="2"/>
</pin_list>
<bind>
<opcode="getelementptr(29) " fcode="getelementptr"/>
<opset="src4_addr/1 "/>
</bind>
</comp>

<comp id="129" class="1004" name="src5_addr_gep_fu_129">
<pin_list>
<pin id="130" dir="0" index="0" bw="16" slack="0"/>
<pin id="131" dir="0" index="1" bw="1" slack="0"/>
<pin id="132" dir="0" index="2" bw="4" slack="0"/>
<pin id="133" dir="1" index="3" bw="3" slack="1"/>
</pin_list>
<bind>
<opcode="getelementptr(29) " fcode="getelementptr"/>
<opset="src5_addr/1 "/>
</bind>
</comp>

<comp id="136" class="1004" name="src6_addr_gep_fu_136">
<pin_list>
<pin id="137" dir="0" index="0" bw="16" slack="0"/>
<pin id="138" dir="0" index="1" bw="1" slack="0"/>
<pin id="139" dir="0" index="2" bw="4" slack="0"/>
<pin id="140" dir="1" index="3" bw="3" slack="1"/>
</pin_list>
<bind>
<opcode="getelementptr(29) " fcode="getelementptr"/>
<opset="src6_addr/1 "/>
</bind>
</comp>

<comp id="143" class="1004" name="src7_addr_gep_fu_143">
<pin_list>
<pin id="144" dir="0" index="0" bw="16" slack="0"/>
<pin id="145" dir="0" index="1" bw="1" slack="0"/>
<pin id="146" dir="0" index="2" bw="4" slack="0"/>
<pin id="147" dir="1" index="3" bw="3" slack="1"/>
</pin_list>
<bind>
<opcode="getelementptr(29) " fcode="getelementptr"/>
<opset="src7_addr/1 "/>
</bind>
</comp>

<comp id="150" class="1004" name="dct_coeff_table_0_addr_gep_fu_150">
<pin_list>
<pin id="151" dir="0" index="0" bw="14" slack="0"/>
<pin id="152" dir="0" index="1" bw="1" slack="0"/>
<pin id="153" dir="0" index="2" bw="4" slack="0"/>
<pin id="154" dir="1" index="3" bw="3" slack="0"/>
</pin_list>
<bind>
<opcode="getelementptr(29) " fcode="getelementptr"/>
<opset="dct_coeff_table_0_addr/2 "/>
</bind>
</comp>

<comp id="157" class="1004" name="grp_access_fu_157">
<pin_list>
<pin id="158" dir="0" index="0" bw="3" slack="0"/>
<pin id="159" dir="0" index="1" bw="14" slack="2147483647"/>
<pin id="160" dir="1" index="2" bw="14" slack="2"/>
</pin_list>
<bind>
<opcode="load(27) " fcode="load"/>
<opset="dct_coeff_table_0_load/2 "/>
</bind>
</comp>

<comp id="162" class="1004" name="dct_coeff_table_1_addr_gep_fu_162">
<pin_list>
<pin id="163" dir="0" index="0" bw="15" slack="0"/>
<pin id="164" dir="0" index="1" bw="1" slack="0"/>
<pin id="165" dir="0" index="2" bw="4" slack="0"/>
<pin id="166" dir="1" index="3" bw="3" slack="0"/>
</pin_list>
<bind>
<opcode="getelementptr(29) " fcode="getelementptr"/>
<opset="dct_coeff_table_1_addr/2 "/>
</bind>
</comp>

<comp id="169" class="1004" name="grp_access_fu_169">
<pin_list>
<pin id="170" dir="0" index="0" bw="3" slack="0"/>
<pin id="171" dir="0" index="1" bw="15" slack="2147483647"/>
<pin id="172" dir="1" index="2" bw="15" slack="1"/>
</pin_list>
<bind>
<opcode="load(27) " fcode="load"/>
<opset="dct_coeff_table_1_load/2 "/>
</bind>
</comp>

<comp id="174" class="1004" name="grp_access_fu_174">
<pin_list>
<pin id="175" dir="0" index="0" bw="3" slack="1"/>
<pin id="176" dir="0" index="1" bw="16" slack="2147483647"/>
<pin id="177" dir="1" index="2" bw="16" slack="1"/>
</pin_list>
<bind>
<opcode="load(27) " fcode="load"/>
<opset="src1_load/2 "/>
</bind>
</comp>

<comp id="178" class="1004" name="dct_coeff_table_2_addr_gep_fu_178">
<pin_list>
<pin id="179" dir="0" index="0" bw="15" slack="0"/>
<pin id="180" dir="0" index="1" bw="1" slack="0"/>
<pin id="181" dir="0" index="2" bw="4" slack="0"/>
<pin id="182" dir="1" index="3" bw="3" slack="0"/>
</pin_list>
<bind>
<opcode="getelementptr(29) " fcode="getelementptr"/>
<opset="dct_coeff_table_2_addr/2 "/>
</bind>
</comp>

<comp id="185" class="1004" name="grp_access_fu_185">
<pin_list>
<pin id="186" dir="0" index="0" bw="3" slack="0"/>
<pin id="187" dir="0" index="1" bw="15" slack="2147483647"/>
<pin id="188" dir="1" index="2" bw="15" slack="2"/>
</pin_list>
<bind>
<opcode="load(27) " fcode="load"/>
<opset="dct_coeff_table_2_load/2 "/>
</bind>
</comp>

<comp id="190" class="1004" name="dct_coeff_table_3_addr_gep_fu_190">
<pin_list>
<pin id="191" dir="0" index="0" bw="15" slack="0"/>
<pin id="192" dir="0" index="1" bw="1" slack="0"/>
<pin id="193" dir="0" index="2" bw="4" slack="0"/>
<pin id="194" dir="1" index="3" bw="3" slack="0"/>
</pin_list>
<bind>
<opcode="getelementptr(29) " fcode="getelementptr"/>
<opset="dct_coeff_table_3_addr/2 "/>
</bind>
</comp>

<comp id="197" class="1004" name="grp_access_fu_197">
<pin_list>
<pin id="198" dir="0" index="0" bw="3" slack="0"/>
<pin id="199" dir="0" index="1" bw="15" slack="2147483647"/>
<pin id="200" dir="1" index="2" bw="15" slack="1"/>
</pin_list>
<bind>
<opcode="load(27) " fcode="load"/>
<opset="dct_coeff_table_3_load/2 "/>
</bind>
</comp>

<comp id="202" class="1004" name="grp_access_fu_202">
<pin_list>
<pin id="203" dir="0" index="0" bw="3" slack="1"/>
<pin id="204" dir="0" index="1" bw="16" slack="2147483647"/>
<pin id="205" dir="1" index="2" bw="16" slack="1"/>
</pin_list>
<bind>
<opcode="load(27) " fcode="load"/>
<opset="src3_load/2 "/>
</bind>
</comp>

<comp id="206" class="1004" name="dct_coeff_table_4_addr_gep_fu_206">
<pin_list>
<pin id="207" dir="0" index="0" bw="15" slack="0"/>
<pin id="208" dir="0" index="1" bw="1" slack="0"/>
<pin id="209" dir="0" index="2" bw="4" slack="0"/>
<pin id="210" dir="1" index="3" bw="3" slack="0"/>
</pin_list>
<bind>
<opcode="getelementptr(29) " fcode="getelementptr"/>
<opset="dct_coeff_table_4_addr/2 "/>
</bind>
</comp>

<comp id="213" class="1004" name="grp_access_fu_213">
<pin_list>
<pin id="214" dir="0" index="0" bw="3" slack="0"/>
<pin id="215" dir="0" index="1" bw="15" slack="2147483647"/>
<pin id="216" dir="1" index="2" bw="15" slack="2"/>
</pin_list>
<bind>
<opcode="load(27) " fcode="load"/>
<opset="dct_coeff_table_4_load/2 "/>
</bind>
</comp>

<comp id="218" class="1004" name="dct_coeff_table_5_addr_gep_fu_218">
<pin_list>
<pin id="219" dir="0" index="0" bw="15" slack="0"/>
<pin id="220" dir="0" index="1" bw="1" slack="0"/>
<pin id="221" dir="0" index="2" bw="4" slack="0"/>
<pin id="222" dir="1" index="3" bw="3" slack="0"/>
</pin_list>
<bind>
<opcode="getelementptr(29) " fcode="getelementptr"/>
<opset="dct_coeff_table_5_addr/2 "/>
</bind>
</comp>

<comp id="225" class="1004" name="grp_access_fu_225">
<pin_list>
<pin id="226" dir="0" index="0" bw="3" slack="0"/>
<pin id="227" dir="0" index="1" bw="15" slack="2147483647"/>
<pin id="228" dir="1" index="2" bw="15" slack="1"/>
</pin_list>
<bind>
<opcode="load(27) " fcode="load"/>
<opset="dct_coeff_table_5_load/2 "/>
</bind>
</comp>

<comp id="230" class="1004" name="grp_access_fu_230">
<pin_list>
<pin id="231" dir="0" index="0" bw="3" slack="1"/>
<pin id="232" dir="0" index="1" bw="16" slack="2147483647"/>
<pin id="233" dir="1" index="2" bw="16" slack="1"/>
</pin_list>
<bind>
<opcode="load(27) " fcode="load"/>
<opset="src5_load/2 "/>
</bind>
</comp>

<comp id="234" class="1004" name="dct_coeff_table_6_addr_gep_fu_234">
<pin_list>
<pin id="235" dir="0" index="0" bw="15" slack="0"/>
<pin id="236" dir="0" index="1" bw="1" slack="0"/>
<pin id="237" dir="0" index="2" bw="4" slack="0"/>
<pin id="238" dir="1" index="3" bw="3" slack="0"/>
</pin_list>
<bind>
<opcode="getelementptr(29) " fcode="getelementptr"/>
<opset="dct_coeff_table_6_addr/2 "/>
</bind>
</comp>

<comp id="241" class="1004" name="grp_access_fu_241">
<pin_list>
<pin id="242" dir="0" index="0" bw="3" slack="0"/>
<pin id="243" dir="0" index="1" bw="15" slack="2147483647"/>
<pin id="244" dir="1" index="2" bw="15" slack="1"/>
</pin_list>
<bind>
<opcode="load(27) " fcode="load"/>
<opset="dct_coeff_table_6_load/2 "/>
</bind>
</comp>

<comp id="246" class="1004" name="grp_access_fu_246">
<pin_list>
<pin id="247" dir="0" index="0" bw="3" slack="1"/>
<pin id="248" dir="0" index="1" bw="16" slack="2147483647"/>
<pin id="249" dir="1" index="2" bw="16" slack="1"/>
</pin_list>
<bind>
<opcode="load(27) " fcode="load"/>
<opset="src6_load/2 "/>
</bind>
</comp>

<comp id="250" class="1004" name="dct_coeff_table_7_addr_gep_fu_250">
<pin_list>
<pin id="251" dir="0" index="0" bw="15" slack="0"/>
<pin id="252" dir="0" index="1" bw="1" slack="0"/>
<pin id="253" dir="0" index="2" bw="4" slack="0"/>
<pin id="254" dir="1" index="3" bw="3" slack="0"/>
</pin_list>
<bind>
<opcode="getelementptr(29) " fcode="getelementptr"/>
<opset="dct_coeff_table_7_addr/2 "/>
</bind>
</comp>

<comp id="257" class="1004" name="grp_access_fu_257">
<pin_list>
<pin id="258" dir="0" index="0" bw="3" slack="0"/>
<pin id="259" dir="0" index="1" bw="15" slack="2147483647"/>
<pin id="260" dir="1" index="2" bw="15" slack="1"/>
</pin_list>
<bind>
<opcode="load(27) " fcode="load"/>
<opset="dct_coeff_table_7_load/2 "/>
</bind>
</comp>

<comp id="262" class="1004" name="grp_access_fu_262">
<pin_list>
<pin id="263" dir="0" index="0" bw="3" slack="1"/>
<pin id="264" dir="0" index="1" bw="16" slack="2147483647"/>
<pin id="265" dir="1" index="2" bw="16" slack="1"/>
</pin_list>
<bind>
<opcode="load(27) " fcode="load"/>
<opset="src7_load/2 "/>
</bind>
</comp>

<comp id="266" class="1004" name="grp_access_fu_266">
<pin_list>
<pin id="267" dir="0" index="0" bw="3" slack="2"/>
<pin id="268" dir="0" index="1" bw="16" slack="2147483647"/>
<pin id="269" dir="1" index="2" bw="16" slack="1"/>
</pin_list>
<bind>
<opcode="load(27) " fcode="load"/>
<opset="src_load/3 "/>
</bind>
</comp>

<comp id="270" class="1004" name="grp_access_fu_270">
<pin_list>
<pin id="271" dir="0" index="0" bw="3" slack="2"/>
<pin id="272" dir="0" index="1" bw="16" slack="2147483647"/>
<pin id="273" dir="1" index="2" bw="16" slack="1"/>
</pin_list>
<bind>
<opcode="load(27) " fcode="load"/>
<opset="src2_load/3 "/>
</bind>
</comp>

<comp id="274" class="1004" name="grp_access_fu_274">
<pin_list>
<pin id="275" dir="0" index="0" bw="3" slack="2"/>
<pin id="276" dir="0" index="1" bw="16" slack="2147483647"/>
<pin id="277" dir="1" index="2" bw="16" slack="1"/>
</pin_list>
<bind>
<opcode="load(27) " fcode="load"/>
<opset="src4_load/3 "/>
</bind>
</comp>

<comp id="278" class="1004" name="dst_addr_gep_fu_278">
<pin_list>
<pin id="279" dir="0" index="0" bw="16" slack="0"/>
<pin id="280" dir="0" index="1" bw="1" slack="0"/>
<pin id="281" dir="0" index="2" bw="8" slack="0"/>
<pin id="282" dir="1" index="3" bw="6" slack="0"/>
</pin_list>
<bind>
<opcode="getelementptr(29) " fcode="getelementptr"/>
<opset="dst_addr/6 "/>
</bind>
</comp>

<comp id="285" class="1004" name="stg_108_access_fu_285">
<pin_list>
<pin id="286" dir="0" index="0" bw="6" slack="0"/>
<pin id="287" dir="0" index="1" bw="16" slack="1"/>
<pin id="288" dir="1" index="2" bw="16" slack="2147483647"/>
</pin_list>
<bind>
<opcode="store(28) " fcode="store"/>
<opset="stg_108/6 "/>
</bind>
</comp>

<comp id="290" class="1005" name="k_reg_290">
<pin_list>
<pin id="291" dir="0" index="0" bw="4" slack="1"/>
<pin id="292" dir="1" index="1" bw="4" slack="1"/>
</pin_list>
<bind>
<opset="k (phireg) "/>
</bind>
</comp>

<comp id="294" class="1004" name="k_phi_fu_294">
<pin_list>
<pin id="295" dir="0" index="0" bw="1" slack="1"/>
<pin id="296" dir="0" index="1" bw="0" slack="2147483647"/>
<pin id="297" dir="0" index="2" bw="4" slack="0"/>
<pin id="298" dir="0" index="3" bw="0" slack="2147483647"/>
<pin id="299" dir="1" index="4" bw="4" slack="0"/>
</pin_list>
<bind>
<opcode="phi(47) " fcode="phi"/>
<opset="k/2 "/>
</bind>
</comp>

<comp id="301" class="1004" name="tmp_4_fu_301">
<pin_list>
<pin id="302" dir="0" index="0" bw="7" slack="0"/>
<pin id="303" dir="0" index="1" bw="4" slack="0"/>
<pin id="304" dir="0" index="2" bw="1" slack="0"/>
<pin id="305" dir="1" index="3" bw="7" slack="0"/>
</pin_list>
<bind>
<opcode="bitconcatenate(1004) " fcode="bitconcatenate"/>
<opset="tmp_4/1 "/>
</bind>
</comp>

<comp id="309" class="1004" name="tmp_13_cast_fu_309">
<pin_list>
<pin id="310" dir="0" index="0" bw="7" slack="0"/>
<pin id="311" dir="1" index="1" bw="8" slack="1"/>
</pin_list>
<bind>
<opcode="zext(34) " fcode="zext"/>
<opset="tmp_13_cast/1 "/>
</bind>
</comp>

<comp id="313" class="1004" name="tmp_2_cast_fu_313">
<pin_list>
<pin id="314" dir="0" index="0" bw="4" slack="0"/>
<pin id="315" dir="1" index="1" bw="64" slack="0"/>
</pin_list>
<bind>
<opcode="zext(34) " fcode="zext"/>
<opset="tmp_2_cast/1 "/>
</bind>
</comp>

<comp id="325" class="1004" name="exitcond1_fu_325">
<pin_list>
<pin id="326" dir="0" index="0" bw="4" slack="0"/>
<pin id="327" dir="0" index="1" bw="4" slack="0"/>
<pin id="328" dir="1" index="2" bw="1" slack="1"/>
</pin_list>
<bind>
<opcode="icmp(45) " fcode="icmp"/>
<opset="exitcond1/2 "/>
</bind>
</comp>

<comp id="331" class="1004" name="k_1_fu_331">
<pin_list>
<pin id="332" dir="0" index="0" bw="4" slack="0"/>
<pin id="333" dir="0" index="1" bw="1" slack="0"/>
<pin id="334" dir="1" index="2" bw="4" slack="0"/>
</pin_list>
<bind>
<opcode="add(8) " fcode="add"/>
<opset="k_1/2 "/>
</bind>
</comp>

<comp id="337" class="1004" name="tmp_fu_337">
<pin_list>
<pin id="338" dir="0" index="0" bw="4" slack="0"/>
<pin id="339" dir="1" index="1" bw="64" slack="0"/>
</pin_list>
<bind>
<opcode="zext(34) " fcode="zext"/>
<opset="tmp/2 "/>
</bind>
</comp>

<comp id="349" class="1004" name="tmp_cast_fu_349">
<pin_list>
<pin id="350" dir="0" index="0" bw="4" slack="0"/>
<pin id="351" dir="1" index="1" bw="8" slack="0"/>
</pin_list>
<bind>
<opcode="zext(34) " fcode="zext"/>
<opset="tmp_cast/2 "/>
</bind>
</comp>

<comp id="353" class="1004" name="tmp_5_fu_353">
<pin_list>
<pin id="354" dir="0" index="0" bw="7" slack="1"/>
<pin id="355" dir="0" index="1" bw="4" slack="0"/>
<pin id="356" dir="1" index="2" bw="8" slack="4"/>
</pin_list>
<bind>
<opcode="add(8) " fcode="add"/>
<opset="tmp_5/2 "/>
</bind>
</comp>

<comp id="358" class="1004" name="coeff_1_cast_fu_358">
<pin_list>
<pin id="359" dir="0" index="0" bw="15" slack="1"/>
<pin id="360" dir="1" index="1" bw="29" slack="0"/>
</pin_list>
<bind>
<opcode="sext(35) " fcode="sext"/>
<opset="coeff_1_cast/4 "/>
</bind>
</comp>

<comp id="361" class="1004" name="tmp_9_1_cast_fu_361">
<pin_list>
<pin id="362" dir="0" index="0" bw="16" slack="1"/>
<pin id="363" dir="1" index="1" bw="29" slack="0"/>
</pin_list>
<bind>
<opcode="sext(35) " fcode="sext"/>
<opset="tmp_9_1_cast/4 "/>
</bind>
</comp>

<comp id="364" class="1004" name="coeff_3_cast_fu_364">
<pin_list>
<pin id="365" dir="0" index="0" bw="15" slack="1"/>
<pin id="366" dir="1" index="1" bw="29" slack="0"/>
</pin_list>
<bind>
<opcode="sext(35) " fcode="sext"/>
<opset="coeff_3_cast/4 "/>
</bind>
</comp>

<comp id="367" class="1004" name="tmp_9_3_cast_fu_367">
<pin_list>
<pin id="368" dir="0" index="0" bw="16" slack="1"/>
<pin id="369" dir="1" index="1" bw="29" slack="0"/>
</pin_list>
<bind>
<opcode="sext(35) " fcode="sext"/>
<opset="tmp_9_3_cast/4 "/>
</bind>
</comp>

<comp id="370" class="1004" name="coeff_5_cast_fu_370">
<pin_list>
<pin id="371" dir="0" index="0" bw="15" slack="1"/>
<pin id="372" dir="1" index="1" bw="29" slack="0"/>
</pin_list>
<bind>
<opcode="sext(35) " fcode="sext"/>
<opset="coeff_5_cast/4 "/>
</bind>
</comp>

<comp id="373" class="1004" name="tmp_9_5_cast_fu_373">
<pin_list>
<pin id="374" dir="0" index="0" bw="16" slack="1"/>
<pin id="375" dir="1" index="1" bw="29" slack="0"/>
</pin_list>
<bind>
<opcode="sext(35) " fcode="sext"/>
<opset="tmp_9_5_cast/4 "/>
</bind>
</comp>

<comp id="376" class="1004" name="coeff_6_cast_fu_376">
<pin_list>
<pin id="377" dir="0" index="0" bw="15" slack="1"/>
<pin id="378" dir="1" index="1" bw="29" slack="0"/>
</pin_list>
<bind>
<opcode="sext(35) " fcode="sext"/>
<opset="coeff_6_cast/4 "/>
</bind>
</comp>

<comp id="379" class="1004" name="tmp_9_6_cast_fu_379">
<pin_list>
<pin id="380" dir="0" index="0" bw="16" slack="1"/>
<pin id="381" dir="1" index="1" bw="29" slack="0"/>
</pin_list>
<bind>
<opcode="sext(35) " fcode="sext"/>
<opset="tmp_9_6_cast/4 "/>
</bind>
</comp>

<comp id="382" class="1004" name="coeff_7_cast_fu_382">
<pin_list>
<pin id="383" dir="0" index="0" bw="15" slack="1"/>
<pin id="384" dir="1" index="1" bw="29" slack="0"/>
</pin_list>
<bind>
<opcode="sext(35) " fcode="sext"/>
<opset="coeff_7_cast/4 "/>
</bind>
</comp>

<comp id="385" class="1004" name="tmp_9_7_cast_fu_385">
<pin_list>
<pin id="386" dir="0" index="0" bw="16" slack="1"/>
<pin id="387" dir="1" index="1" bw="29" slack="0"/>
</pin_list>
<bind>
<opcode="sext(35) " fcode="sext"/>
<opset="tmp_9_7_cast/4 "/>
</bind>
</comp>

<comp id="388" class="1004" name="coeff_cast_fu_388">
<pin_list>
<pin id="389" dir="0" index="0" bw="14" slack="2"/>
<pin id="390" dir="1" index="1" bw="29" slack="0"/>
</pin_list>
<bind>
<opcode="zext(34) " fcode="zext"/>
<opset="coeff_cast/5 "/>
</bind>
</comp>

<comp id="391" class="1004" name="tmp_9_cast_fu_391">
<pin_list>
<pin id="392" dir="0" index="0" bw="16" slack="1"/>
<pin id="393" dir="1" index="1" bw="29" slack="0"/>
</pin_list>
<bind>
<opcode="sext(35) " fcode="sext"/>
<opset="tmp_9_cast/5 "/>
</bind>
</comp>

<comp id="394" class="1004" name="coeff_2_cast_fu_394">
<pin_list>
<pin id="395" dir="0" index="0" bw="15" slack="2"/>
<pin id="396" dir="1" index="1" bw="29" slack="0"/>
</pin_list>
<bind>
<opcode="sext(35) " fcode="sext"/>
<opset="coeff_2_cast/5 "/>
</bind>
</comp>

<comp id="397" class="1004" name="tmp_9_2_cast_fu_397">
<pin_list>
<pin id="398" dir="0" index="0" bw="16" slack="1"/>
<pin id="399" dir="1" index="1" bw="29" slack="0"/>
</pin_list>
<bind>
<opcode="sext(35) " fcode="sext"/>
<opset="tmp_9_2_cast/5 "/>
</bind>
</comp>

<comp id="400" class="1004" name="coeff_4_cast_fu_400">
<pin_list>
<pin id="401" dir="0" index="0" bw="15" slack="2"/>
<pin id="402" dir="1" index="1" bw="29" slack="0"/>
</pin_list>
<bind>
<opcode="sext(35) " fcode="sext"/>
<opset="coeff_4_cast/5 "/>
</bind>
</comp>

<comp id="403" class="1004" name="tmp_9_4_cast_fu_403">
<pin_list>
<pin id="404" dir="0" index="0" bw="16" slack="1"/>
<pin id="405" dir="1" index="1" bw="29" slack="0"/>
</pin_list>
<bind>
<opcode="sext(35) " fcode="sext"/>
<opset="tmp_9_4_cast/5 "/>
</bind>
</comp>

<comp id="406" class="1004" name="tmp1_fu_406">
<pin_list>
<pin id="407" dir="0" index="0" bw="29" slack="0"/>
<pin id="408" dir="0" index="1" bw="29" slack="0"/>
<pin id="409" dir="1" index="2" bw="29" slack="0"/>
</pin_list>
<bind>
<opcode="add(8) " fcode="add"/>
<opset="tmp1/5 "/>
</bind>
</comp>

<comp id="410" class="1004" name="tmp4_fu_410">
<pin_list>
<pin id="411" dir="0" index="0" bw="29" slack="0"/>
<pin id="412" dir="0" index="1" bw="29" slack="1"/>
<pin id="413" dir="1" index="2" bw="29" slack="0"/>
</pin_list>
<bind>
<opcode="add(8) " fcode="add"/>
<opset="tmp4/5 "/>
</bind>
</comp>

<comp id="414" class="1004" name="tmp_s_fu_414">
<pin_list>
<pin id="415" dir="0" index="0" bw="29" slack="0"/>
<pin id="416" dir="0" index="1" bw="29" slack="0"/>
<pin id="417" dir="1" index="2" bw="29" slack="0"/>
</pin_list>
<bind>
<opcode="add(8) " fcode="add"/>
<opset="tmp_s/5 "/>
</bind>
</comp>

<comp id="420" class="1004" name="tmp_7_fu_420">
<pin_list>
<pin id="421" dir="0" index="0" bw="16" slack="0"/>
<pin id="422" dir="0" index="1" bw="29" slack="0"/>
<pin id="423" dir="0" index="2" bw="5" slack="0"/>
<pin id="424" dir="0" index="3" bw="6" slack="0"/>
<pin id="425" dir="1" index="4" bw="16" slack="1"/>
</pin_list>
<bind>
<opcode="partselect(1002) " fcode="partselect"/>
<opset="tmp_7/5 "/>
</bind>
</comp>

<comp id="430" class="1004" name="tmp_14_cast_fu_430">
<pin_list>
<pin id="431" dir="0" index="0" bw="8" slack="4"/>
<pin id="432" dir="1" index="1" bw="64" slack="0"/>
</pin_list>
<bind>
<opcode="zext(34) " fcode="zext"/>
<opset="tmp_14_cast/6 "/>
</bind>
</comp>

<comp id="434" class="1007" name="tmp_10_1_fu_434">
<pin_list>
<pin id="435" dir="0" index="0" bw="16" slack="0"/>
<pin id="436" dir="0" index="1" bw="15" slack="0"/>
<pin id="437" dir="1" index="2" bw="29" slack="1"/>
</pin_list>
<bind>
<opcode="mul(12) " fcode="mul"/>
<opset="tmp_10_1/4 "/>
</bind>
</comp>

<comp id="440" class="1007" name="grp_fu_440">
<pin_list>
<pin id="441" dir="0" index="0" bw="16" slack="0"/>
<pin id="442" dir="0" index="1" bw="15" slack="0"/>
<pin id="443" dir="0" index="2" bw="29" slack="2147483647"/>
<pin id="444" dir="1" index="3" bw="29" slack="1"/>
</pin_list>
<bind>
<opcode="muladd(1172) " fcode="muladd"/>
<opset="tmp_10_6/4 tmp6/4 "/>
</bind>
</comp>

<comp id="447" class="1007" name="grp_fu_447">
<pin_list>
<pin id="448" dir="0" index="0" bw="16" slack="0"/>
<pin id="449" dir="0" index="1" bw="15" slack="0"/>
<pin id="450" dir="0" index="2" bw="14" slack="0"/>
<pin id="451" dir="1" index="3" bw="29" slack="0"/>
</pin_list>
<bind>
<opcode="muladd(1172) " fcode="muladd"/>
<opset="tmp_10_7/4 tmp7/4 "/>
</bind>
</comp>

<comp id="456" class="1007" name="grp_fu_456">
<pin_list>
<pin id="457" dir="0" index="0" bw="16" slack="0"/>
<pin id="458" dir="0" index="1" bw="15" slack="0"/>
<pin id="459" dir="0" index="2" bw="29" slack="2147483647"/>
<pin id="460" dir="1" index="3" bw="29" slack="0"/>
</pin_list>
<bind>
<opcode="muladd(1172) " fcode="muladd"/>
<opset="tmp_10_4/5 tmp5/5 "/>
</bind>
</comp>

<comp id="464" class="1007" name="grp_fu_464">
<pin_list>
<pin id="465" dir="0" index="0" bw="16" slack="0"/>
<pin id="466" dir="0" index="1" bw="15" slack="0"/>
<pin id="467" dir="0" index="2" bw="29" slack="2147483647"/>
<pin id="468" dir="1" index="3" bw="29" slack="0"/>
</pin_list>
<bind>
<opcode="muladd(1172) " fcode="muladd"/>
<opset="tmp_10_2/5 tmp3/5 "/>
</bind>
</comp>

<comp id="472" class="1007" name="grp_fu_472">
<pin_list>
<pin id="473" dir="0" index="0" bw="16" slack="0"/>
<pin id="474" dir="0" index="1" bw="14" slack="0"/>
<pin id="475" dir="0" index="2" bw="29" slack="2147483647"/>
<pin id="476" dir="1" index="3" bw="29" slack="0"/>
</pin_list>
<bind>
<opcode="muladd(1172) " fcode="muladd"/>
<opset="tmp_3/5 tmp2/5 "/>
</bind>
</comp>

<comp id="480" class="1007" name="tmp_10_5_fu_480">
<pin_list>
<pin id="481" dir="0" index="0" bw="16" slack="0"/>
<pin id="482" dir="0" index="1" bw="15" slack="0"/>
<pin id="483" dir="1" index="2" bw="29" slack="1"/>
</pin_list>
<bind>
<opcode="mul(12) " fcode="mul"/>
<opset="tmp_10_5/4 "/>
</bind>
</comp>

<comp id="486" class="1007" name="tmp_10_3_fu_486">
<pin_list>
<pin id="487" dir="0" index="0" bw="16" slack="0"/>
<pin id="488" dir="0" index="1" bw="15" slack="0"/>
<pin id="489" dir="1" index="2" bw="29" slack="1"/>
</pin_list>
<bind>
<opcode="mul(12) " fcode="mul"/>
<opset="tmp_10_3/4 "/>
</bind>
</comp>

<comp id="492" class="1005" name="tmp_13_cast_reg_492">
<pin_list>
<pin id="493" dir="0" index="0" bw="8" slack="1"/>
<pin id="494" dir="1" index="1" bw="8" slack="1"/>
</pin_list>
<bind>
<opset="tmp_13_cast "/>
</bind>
</comp>

<comp id="497" class="1005" name="src_addr_reg_497">
<pin_list>
<pin id="498" dir="0" index="0" bw="3" slack="2"/>
<pin id="499" dir="1" index="1" bw="3" slack="2"/>
</pin_list>
<bind>
<opset="src_addr "/>
</bind>
</comp>

<comp id="502" class="1005" name="src1_addr_reg_502">
<pin_list>
<pin id="503" dir="0" index="0" bw="3" slack="1"/>
<pin id="504" dir="1" index="1" bw="3" slack="1"/>
</pin_list>
<bind>
<opset="src1_addr "/>
</bind>
</comp>

<comp id="507" class="1005" name="src2_addr_reg_507">
<pin_list>
<pin id="508" dir="0" index="0" bw="3" slack="2"/>
<pin id="509" dir="1" index="1" bw="3" slack="2"/>
</pin_list>
<bind>
<opset="src2_addr "/>
</bind>
</comp>

<comp id="512" class="1005" name="src3_addr_reg_512">
<pin_list>
<pin id="513" dir="0" index="0" bw="3" slack="1"/>
<pin id="514" dir="1" index="1" bw="3" slack="1"/>
</pin_list>
<bind>
<opset="src3_addr "/>
</bind>
</comp>

<comp id="517" class="1005" name="src4_addr_reg_517">
<pin_list>
<pin id="518" dir="0" index="0" bw="3" slack="2"/>
<pin id="519" dir="1" index="1" bw="3" slack="2"/>
</pin_list>
<bind>
<opset="src4_addr "/>
</bind>
</comp>

<comp id="522" class="1005" name="src5_addr_reg_522">
<pin_list>
<pin id="523" dir="0" index="0" bw="3" slack="1"/>
<pin id="524" dir="1" index="1" bw="3" slack="1"/>
</pin_list>
<bind>
<opset="src5_addr "/>
</bind>
</comp>

<comp id="527" class="1005" name="src6_addr_reg_527">
<pin_list>
<pin id="528" dir="0" index="0" bw="3" slack="1"/>
<pin id="529" dir="1" index="1" bw="3" slack="1"/>
</pin_list>
<bind>
<opset="src6_addr "/>
</bind>
</comp>

<comp id="532" class="1005" name="src7_addr_reg_532">
<pin_list>
<pin id="533" dir="0" index="0" bw="3" slack="1"/>
<pin id="534" dir="1" index="1" bw="3" slack="1"/>
</pin_list>
<bind>
<opset="src7_addr "/>
</bind>
</comp>

<comp id="537" class="1005" name="exitcond1_reg_537">
<pin_list>
<pin id="538" dir="0" index="0" bw="1" slack="1"/>
<pin id="539" dir="1" index="1" bw="1" slack="2147483647"/>
</pin_list>
<bind>
<opset="exitcond1 "/>
</bind>
</comp>

<comp id="541" class="1005" name="k_1_reg_541">
<pin_list>
<pin id="542" dir="0" index="0" bw="4" slack="0"/>
<pin id="543" dir="1" index="1" bw="4" slack="0"/>
</pin_list>
<bind>
<opset="k_1 "/>
</bind>
</comp>

<comp id="546" class="1005" name="tmp_5_reg_546">
<pin_list>
<pin id="547" dir="0" index="0" bw="8" slack="4"/>
<pin id="548" dir="1" index="1" bw="8" slack="4"/>
</pin_list>
<bind>
<opset="tmp_5 "/>
</bind>
</comp>

<comp id="551" class="1005" name="dct_coeff_table_0_addr_reg_551">
<pin_list>
<pin id="552" dir="0" index="0" bw="3" slack="1"/>
<pin id="553" dir="1" index="1" bw="3" slack="1"/>
</pin_list>
<bind>
<opset="dct_coeff_table_0_addr "/>
</bind>
</comp>

<comp id="556" class="1005" name="dct_coeff_table_1_addr_reg_556">
<pin_list>
<pin id="557" dir="0" index="0" bw="3" slack="1"/>
<pin id="558" dir="1" index="1" bw="3" slack="1"/>
</pin_list>
<bind>
<opset="dct_coeff_table_1_addr "/>
</bind>
</comp>

<comp id="561" class="1005" name="dct_coeff_table_2_addr_reg_561">
<pin_list>
<pin id="562" dir="0" index="0" bw="3" slack="1"/>
<pin id="563" dir="1" index="1" bw="3" slack="1"/>
</pin_list>
<bind>
<opset="dct_coeff_table_2_addr "/>
</bind>
</comp>

<comp id="566" class="1005" name="dct_coeff_table_3_addr_reg_566">
<pin_list>
<pin id="567" dir="0" index="0" bw="3" slack="1"/>
<pin id="568" dir="1" index="1" bw="3" slack="1"/>
</pin_list>
<bind>
<opset="dct_coeff_table_3_addr "/>
</bind>
</comp>

<comp id="571" class="1005" name="dct_coeff_table_4_addr_reg_571">
<pin_list>
<pin id="572" dir="0" index="0" bw="3" slack="1"/>
<pin id="573" dir="1" index="1" bw="3" slack="1"/>
</pin_list>
<bind>
<opset="dct_coeff_table_4_addr "/>
</bind>
</comp>

<comp id="576" class="1005" name="dct_coeff_table_5_addr_reg_576">
<pin_list>
<pin id="577" dir="0" index="0" bw="3" slack="1"/>
<pin id="578" dir="1" index="1" bw="3" slack="1"/>
</pin_list>
<bind>
<opset="dct_coeff_table_5_addr "/>
</bind>
</comp>

<comp id="581" class="1005" name="dct_coeff_table_6_addr_reg_581">
<pin_list>
<pin id="582" dir="0" index="0" bw="3" slack="1"/>
<pin id="583" dir="1" index="1" bw="3" slack="1"/>
</pin_list>
<bind>
<opset="dct_coeff_table_6_addr "/>
</bind>
</comp>

<comp id="586" class="1005" name="dct_coeff_table_7_addr_reg_586">
<pin_list>
<pin id="587" dir="0" index="0" bw="3" slack="1"/>
<pin id="588" dir="1" index="1" bw="3" slack="1"/>
</pin_list>
<bind>
<opset="dct_coeff_table_7_addr "/>
</bind>
</comp>

<comp id="591" class="1005" name="dct_coeff_table_0_load_reg_591">
<pin_list>
<pin id="592" dir="0" index="0" bw="14" slack="2"/>
<pin id="593" dir="1" index="1" bw="14" slack="2"/>
</pin_list>
<bind>
<opset="dct_coeff_table_0_load "/>
</bind>
</comp>

<comp id="596" class="1005" name="dct_coeff_table_1_load_reg_596">
<pin_list>
<pin id="597" dir="0" index="0" bw="15" slack="1"/>
<pin id="598" dir="1" index="1" bw="15" slack="1"/>
</pin_list>
<bind>
<opset="dct_coeff_table_1_load "/>
</bind>
</comp>

<comp id="601" class="1005" name="src1_load_reg_601">
<pin_list>
<pin id="602" dir="0" index="0" bw="16" slack="1"/>
<pin id="603" dir="1" index="1" bw="16" slack="1"/>
</pin_list>
<bind>
<opset="src1_load "/>
</bind>
</comp>

<comp id="606" class="1005" name="dct_coeff_table_2_load_reg_606">
<pin_list>
<pin id="607" dir="0" index="0" bw="15" slack="2"/>
<pin id="608" dir="1" index="1" bw="15" slack="2"/>
</pin_list>
<bind>
<opset="dct_coeff_table_2_load "/>
</bind>
</comp>

<comp id="611" class="1005" name="dct_coeff_table_3_load_reg_611">
<pin_list>
<pin id="612" dir="0" index="0" bw="15" slack="1"/>
<pin id="613" dir="1" index="1" bw="15" slack="1"/>
</pin_list>
<bind>
<opset="dct_coeff_table_3_load "/>
</bind>
</comp>

<comp id="616" class="1005" name="src3_load_reg_616">
<pin_list>
<pin id="617" dir="0" index="0" bw="16" slack="1"/>
<pin id="618" dir="1" index="1" bw="16" slack="1"/>
</pin_list>
<bind>
<opset="src3_load "/>
</bind>
</comp>

<comp id="621" class="1005" name="dct_coeff_table_4_load_reg_621">
<pin_list>
<pin id="622" dir="0" index="0" bw="15" slack="2"/>
<pin id="623" dir="1" index="1" bw="15" slack="2"/>
</pin_list>
<bind>
<opset="dct_coeff_table_4_load "/>
</bind>
</comp>

<comp id="626" class="1005" name="dct_coeff_table_5_load_reg_626">
<pin_list>
<pin id="627" dir="0" index="0" bw="15" slack="1"/>
<pin id="628" dir="1" index="1" bw="15" slack="1"/>
</pin_list>
<bind>
<opset="dct_coeff_table_5_load "/>
</bind>
</comp>

<comp id="631" class="1005" name="src5_load_reg_631">
<pin_list>
<pin id="632" dir="0" index="0" bw="16" slack="1"/>
<pin id="633" dir="1" index="1" bw="16" slack="1"/>
</pin_list>
<bind>
<opset="src5_load "/>
</bind>
</comp>

<comp id="636" class="1005" name="dct_coeff_table_6_load_reg_636">
<pin_list>
<pin id="637" dir="0" index="0" bw="15" slack="1"/>
<pin id="638" dir="1" index="1" bw="15" slack="1"/>
</pin_list>
<bind>
<opset="dct_coeff_table_6_load "/>
</bind>
</comp>

<comp id="641" class="1005" name="src6_load_reg_641">
<pin_list>
<pin id="642" dir="0" index="0" bw="16" slack="1"/>
<pin id="643" dir="1" index="1" bw="16" slack="1"/>
</pin_list>
<bind>
<opset="src6_load "/>
</bind>
</comp>

<comp id="646" class="1005" name="dct_coeff_table_7_load_reg_646">
<pin_list>
<pin id="647" dir="0" index="0" bw="15" slack="1"/>
<pin id="648" dir="1" index="1" bw="15" slack="1"/>
</pin_list>
<bind>
<opset="dct_coeff_table_7_load "/>
</bind>
</comp>

<comp id="651" class="1005" name="src7_load_reg_651">
<pin_list>
<pin id="652" dir="0" index="0" bw="16" slack="1"/>
<pin id="653" dir="1" index="1" bw="16" slack="1"/>
</pin_list>
<bind>
<opset="src7_load "/>
</bind>
</comp>

<comp id="656" class="1005" name="src_load_reg_656">
<pin_list>
<pin id="657" dir="0" index="0" bw="16" slack="1"/>
<pin id="658" dir="1" index="1" bw="16" slack="1"/>
</pin_list>
<bind>
<opset="src_load "/>
</bind>
</comp>

<comp id="661" class="1005" name="tmp_10_1_reg_661">
<pin_list>
<pin id="662" dir="0" index="0" bw="29" slack="1"/>
<pin id="663" dir="1" index="1" bw="29" slack="1"/>
</pin_list>
<bind>
<opset="tmp_10_1 "/>
</bind>
</comp>

<comp id="666" class="1005" name="src2_load_reg_666">
<pin_list>
<pin id="667" dir="0" index="0" bw="16" slack="1"/>
<pin id="668" dir="1" index="1" bw="16" slack="1"/>
</pin_list>
<bind>
<opset="src2_load "/>
</bind>
</comp>

<comp id="671" class="1005" name="tmp_10_3_reg_671">
<pin_list>
<pin id="672" dir="0" index="0" bw="29" slack="1"/>
<pin id="673" dir="1" index="1" bw="29" slack="1"/>
</pin_list>
<bind>
<opset="tmp_10_3 "/>
</bind>
</comp>

<comp id="676" class="1005" name="src4_load_reg_676">
<pin_list>
<pin id="677" dir="0" index="0" bw="16" slack="1"/>
<pin id="678" dir="1" index="1" bw="16" slack="1"/>
</pin_list>
<bind>
<opset="src4_load "/>
</bind>
</comp>

<comp id="681" class="1005" name="tmp_10_5_reg_681">
<pin_list>
<pin id="682" dir="0" index="0" bw="29" slack="1"/>
<pin id="683" dir="1" index="1" bw="29" slack="1"/>
</pin_list>
<bind>
<opset="tmp_10_5 "/>
</bind>
</comp>

<comp id="686" class="1005" name="tmp6_reg_686">
<pin_list>
<pin id="687" dir="0" index="0" bw="29" slack="1"/>
<pin id="688" dir="1" index="1" bw="29" slack="1"/>
</pin_list>
<bind>
<opset="tmp6 "/>
</bind>
</comp>

<comp id="691" class="1005" name="tmp_7_reg_691">
<pin_list>
<pin id="692" dir="0" index="0" bw="16" slack="1"/>
<pin id="693" dir="1" index="1" bw="16" slack="1"/>
</pin_list>
<bind>
<opset="tmp_7 "/>
</bind>
</comp>

</comp_list>

<net_list>
<net id="86"><net_src comp="38" pin="0"/><net_sink comp="82" pin=0"/></net>

<net id="87"><net_src comp="20" pin="0"/><net_sink comp="82" pin=1"/></net>

<net id="92"><net_src comp="38" pin="0"/><net_sink comp="88" pin=0"/></net>

<net id="93"><net_src comp="16" pin="0"/><net_sink comp="88" pin=1"/></net>

<net id="99"><net_src comp="0" pin="0"/><net_sink comp="94" pin=0"/></net>

<net id="100"><net_src comp="44" pin="0"/><net_sink comp="94" pin=1"/></net>

<net id="106"><net_src comp="2" pin="0"/><net_sink comp="101" pin=0"/></net>

<net id="107"><net_src comp="44" pin="0"/><net_sink comp="101" pin=1"/></net>

<net id="113"><net_src comp="4" pin="0"/><net_sink comp="108" pin=0"/></net>

<net id="114"><net_src comp="44" pin="0"/><net_sink comp="108" pin=1"/></net>

<net id="120"><net_src comp="6" pin="0"/><net_sink comp="115" pin=0"/></net>

<net id="121"><net_src comp="44" pin="0"/><net_sink comp="115" pin=1"/></net>

<net id="127"><net_src comp="8" pin="0"/><net_sink comp="122" pin=0"/></net>

<net id="128"><net_src comp="44" pin="0"/><net_sink comp="122" pin=1"/></net>

<net id="134"><net_src comp="10" pin="0"/><net_sink comp="129" pin=0"/></net>

<net id="135"><net_src comp="44" pin="0"/><net_sink comp="129" pin=1"/></net>

<net id="141"><net_src comp="12" pin="0"/><net_sink comp="136" pin=0"/></net>

<net id="142"><net_src comp="44" pin="0"/><net_sink comp="136" pin=1"/></net>

<net id="148"><net_src comp="14" pin="0"/><net_sink comp="143" pin=0"/></net>

<net id="149"><net_src comp="44" pin="0"/><net_sink comp="143" pin=1"/></net>

<net id="155"><net_src comp="22" pin="0"/><net_sink comp="150" pin=0"/></net>

<net id="156"><net_src comp="44" pin="0"/><net_sink comp="150" pin=1"/></net>

<net id="161"><net_src comp="150" pin="3"/><net_sink comp="157" pin=0"/></net>

<net id="167"><net_src comp="24" pin="0"/><net_sink comp="162" pin=0"/></net>

<net id="168"><net_src comp="44" pin="0"/><net_sink comp="162" pin=1"/></net>

<net id="173"><net_src comp="162" pin="3"/><net_sink comp="169" pin=0"/></net>

<net id="183"><net_src comp="26" pin="0"/><net_sink comp="178" pin=0"/></net>

<net id="184"><net_src comp="44" pin="0"/><net_sink comp="178" pin=1"/></net>

<net id="189"><net_src comp="178" pin="3"/><net_sink comp="185" pin=0"/></net>

<net id="195"><net_src comp="28" pin="0"/><net_sink comp="190" pin=0"/></net>

<net id="196"><net_src comp="44" pin="0"/><net_sink comp="190" pin=1"/></net>

<net id="201"><net_src comp="190" pin="3"/><net_sink comp="197" pin=0"/></net>

<net id="211"><net_src comp="30" pin="0"/><net_sink comp="206" pin=0"/></net>

<net id="212"><net_src comp="44" pin="0"/><net_sink comp="206" pin=1"/></net>

<net id="217"><net_src comp="206" pin="3"/><net_sink comp="213" pin=0"/></net>

<net id="223"><net_src comp="32" pin="0"/><net_sink comp="218" pin=0"/></net>

<net id="224"><net_src comp="44" pin="0"/><net_sink comp="218" pin=1"/></net>

<net id="229"><net_src comp="218" pin="3"/><net_sink comp="225" pin=0"/></net>

<net id="239"><net_src comp="34" pin="0"/><net_sink comp="234" pin=0"/></net>

<net id="240"><net_src comp="44" pin="0"/><net_sink comp="234" pin=1"/></net>

<net id="245"><net_src comp="234" pin="3"/><net_sink comp="241" pin=0"/></net>

<net id="255"><net_src comp="36" pin="0"/><net_sink comp="250" pin=0"/></net>

<net id="256"><net_src comp="44" pin="0"/><net_sink comp="250" pin=1"/></net>

<net id="261"><net_src comp="250" pin="3"/><net_sink comp="257" pin=0"/></net>

<net id="283"><net_src comp="18" pin="0"/><net_sink comp="278" pin=0"/></net>

<net id="284"><net_src comp="44" pin="0"/><net_sink comp="278" pin=1"/></net>

<net id="289"><net_src comp="278" pin="3"/><net_sink comp="285" pin=0"/></net>

<net id="293"><net_src comp="46" pin="0"/><net_sink comp="290" pin=0"/></net>

<net id="300"><net_src comp="290" pin="1"/><net_sink comp="294" pin=0"/></net>

<net id="306"><net_src comp="40" pin="0"/><net_sink comp="301" pin=0"/></net>

<net id="307"><net_src comp="82" pin="2"/><net_sink comp="301" pin=1"/></net>

<net id="308"><net_src comp="42" pin="0"/><net_sink comp="301" pin=2"/></net>

<net id="312"><net_src comp="301" pin="3"/><net_sink comp="309" pin=0"/></net>

<net id="316"><net_src comp="88" pin="2"/><net_sink comp="313" pin=0"/></net>

<net id="317"><net_src comp="313" pin="1"/><net_sink comp="94" pin=2"/></net>

<net id="318"><net_src comp="313" pin="1"/><net_sink comp="101" pin=2"/></net>

<net id="319"><net_src comp="313" pin="1"/><net_sink comp="108" pin=2"/></net>

<net id="320"><net_src comp="313" pin="1"/><net_sink comp="115" pin=2"/></net>

<net id="321"><net_src comp="313" pin="1"/><net_sink comp="122" pin=2"/></net>

<net id="322"><net_src comp="313" pin="1"/><net_sink comp="129" pin=2"/></net>

<net id="323"><net_src comp="313" pin="1"/><net_sink comp="136" pin=2"/></net>

<net id="324"><net_src comp="313" pin="1"/><net_sink comp="143" pin=2"/></net>

<net id="329"><net_src comp="294" pin="4"/><net_sink comp="325" pin=0"/></net>

<net id="330"><net_src comp="48" pin="0"/><net_sink comp="325" pin=1"/></net>

<net id="335"><net_src comp="294" pin="4"/><net_sink comp="331" pin=0"/></net>

<net id="336"><net_src comp="50" pin="0"/><net_sink comp="331" pin=1"/></net>

<net id="340"><net_src comp="294" pin="4"/><net_sink comp="337" pin=0"/></net>

<net id="341"><net_src comp="337" pin="1"/><net_sink comp="150" pin=2"/></net>

<net id="342"><net_src comp="337" pin="1"/><net_sink comp="162" pin=2"/></net>

<net id="343"><net_src comp="337" pin="1"/><net_sink comp="178" pin=2"/></net>

<net id="344"><net_src comp="337" pin="1"/><net_sink comp="190" pin=2"/></net>

<net id="345"><net_src comp="337" pin="1"/><net_sink comp="206" pin=2"/></net>

<net id="346"><net_src comp="337" pin="1"/><net_sink comp="218" pin=2"/></net>

<net id="347"><net_src comp="337" pin="1"/><net_sink comp="234" pin=2"/></net>

<net id="348"><net_src comp="337" pin="1"/><net_sink comp="250" pin=2"/></net>

<net id="352"><net_src comp="294" pin="4"/><net_sink comp="349" pin=0"/></net>

<net id="357"><net_src comp="349" pin="1"/><net_sink comp="353" pin=1"/></net>

<net id="418"><net_src comp="406" pin="2"/><net_sink comp="414" pin=0"/></net>

<net id="419"><net_src comp="410" pin="2"/><net_sink comp="414" pin=1"/></net>

<net id="426"><net_src comp="54" pin="0"/><net_sink comp="420" pin=0"/></net>

<net id="427"><net_src comp="414" pin="2"/><net_sink comp="420" pin=1"/></net>

<net id="428"><net_src comp="56" pin="0"/><net_sink comp="420" pin=2"/></net>

<net id="429"><net_src comp="58" pin="0"/><net_sink comp="420" pin=3"/></net>

<net id="433"><net_src comp="430" pin="1"/><net_sink comp="278" pin=2"/></net>

<net id="438"><net_src comp="361" pin="1"/><net_sink comp="434" pin=0"/></net>

<net id="439"><net_src comp="358" pin="1"/><net_sink comp="434" pin=1"/></net>

<net id="445"><net_src comp="379" pin="1"/><net_sink comp="440" pin=0"/></net>

<net id="446"><net_src comp="376" pin="1"/><net_sink comp="440" pin=1"/></net>

<net id="452"><net_src comp="385" pin="1"/><net_sink comp="447" pin=0"/></net>

<net id="453"><net_src comp="382" pin="1"/><net_sink comp="447" pin=1"/></net>

<net id="454"><net_src comp="52" pin="0"/><net_sink comp="447" pin=2"/></net>

<net id="455"><net_src comp="447" pin="3"/><net_sink comp="440" pin=1"/></net>

<net id="461"><net_src comp="403" pin="1"/><net_sink comp="456" pin=0"/></net>

<net id="462"><net_src comp="400" pin="1"/><net_sink comp="456" pin=1"/></net>

<net id="463"><net_src comp="456" pin="3"/><net_sink comp="410" pin=0"/></net>

<net id="469"><net_src comp="397" pin="1"/><net_sink comp="464" pin=0"/></net>

<net id="470"><net_src comp="394" pin="1"/><net_sink comp="464" pin=1"/></net>

<net id="471"><net_src comp="464" pin="3"/><net_sink comp="406" pin=1"/></net>

<net id="477"><net_src comp="391" pin="1"/><net_sink comp="472" pin=0"/></net>

<net id="478"><net_src comp="388" pin="1"/><net_sink comp="472" pin=1"/></net>

<net id="479"><net_src comp="472" pin="3"/><net_sink comp="406" pin=0"/></net>

<net id="484"><net_src comp="373" pin="1"/><net_sink comp="480" pin=0"/></net>

<net id="485"><net_src comp="370" pin="1"/><net_sink comp="480" pin=1"/></net>

<net id="490"><net_src comp="367" pin="1"/><net_sink comp="486" pin=0"/></net>

<net id="491"><net_src comp="364" pin="1"/><net_sink comp="486" pin=1"/></net>

<net id="495"><net_src comp="309" pin="1"/><net_sink comp="492" pin=0"/></net>

<net id="496"><net_src comp="492" pin="1"/><net_sink comp="353" pin=0"/></net>

<net id="500"><net_src comp="94" pin="3"/><net_sink comp="497" pin=0"/></net>

<net id="501"><net_src comp="497" pin="1"/><net_sink comp="266" pin=0"/></net>

<net id="505"><net_src comp="101" pin="3"/><net_sink comp="502" pin=0"/></net>

<net id="506"><net_src comp="502" pin="1"/><net_sink comp="174" pin=0"/></net>

<net id="510"><net_src comp="108" pin="3"/><net_sink comp="507" pin=0"/></net>

<net id="511"><net_src comp="507" pin="1"/><net_sink comp="270" pin=0"/></net>

<net id="515"><net_src comp="115" pin="3"/><net_sink comp="512" pin=0"/></net>

<net id="516"><net_src comp="512" pin="1"/><net_sink comp="202" pin=0"/></net>

<net id="520"><net_src comp="122" pin="3"/><net_sink comp="517" pin=0"/></net>

<net id="521"><net_src comp="517" pin="1"/><net_sink comp="274" pin=0"/></net>

<net id="525"><net_src comp="129" pin="3"/><net_sink comp="522" pin=0"/></net>

<net id="526"><net_src comp="522" pin="1"/><net_sink comp="230" pin=0"/></net>

<net id="530"><net_src comp="136" pin="3"/><net_sink comp="527" pin=0"/></net>

<net id="531"><net_src comp="527" pin="1"/><net_sink comp="246" pin=0"/></net>

<net id="535"><net_src comp="143" pin="3"/><net_sink comp="532" pin=0"/></net>

<net id="536"><net_src comp="532" pin="1"/><net_sink comp="262" pin=0"/></net>

<net id="540"><net_src comp="325" pin="2"/><net_sink comp="537" pin=0"/></net>

<net id="544"><net_src comp="331" pin="2"/><net_sink comp="541" pin=0"/></net>

<net id="545"><net_src comp="541" pin="1"/><net_sink comp="294" pin=2"/></net>

<net id="549"><net_src comp="353" pin="2"/><net_sink comp="546" pin=0"/></net>

<net id="550"><net_src comp="546" pin="1"/><net_sink comp="430" pin=0"/></net>

<net id="554"><net_src comp="150" pin="3"/><net_sink comp="551" pin=0"/></net>

<net id="555"><net_src comp="551" pin="1"/><net_sink comp="157" pin=0"/></net>

<net id="559"><net_src comp="162" pin="3"/><net_sink comp="556" pin=0"/></net>

<net id="560"><net_src comp="556" pin="1"/><net_sink comp="169" pin=0"/></net>

<net id="564"><net_src comp="178" pin="3"/><net_sink comp="561" pin=0"/></net>

<net id="565"><net_src comp="561" pin="1"/><net_sink comp="185" pin=0"/></net>

<net id="569"><net_src comp="190" pin="3"/><net_sink comp="566" pin=0"/></net>

<net id="570"><net_src comp="566" pin="1"/><net_sink comp="197" pin=0"/></net>

<net id="574"><net_src comp="206" pin="3"/><net_sink comp="571" pin=0"/></net>

<net id="575"><net_src comp="571" pin="1"/><net_sink comp="213" pin=0"/></net>

<net id="579"><net_src comp="218" pin="3"/><net_sink comp="576" pin=0"/></net>

<net id="580"><net_src comp="576" pin="1"/><net_sink comp="225" pin=0"/></net>

<net id="584"><net_src comp="234" pin="3"/><net_sink comp="581" pin=0"/></net>

<net id="585"><net_src comp="581" pin="1"/><net_sink comp="241" pin=0"/></net>

<net id="589"><net_src comp="250" pin="3"/><net_sink comp="586" pin=0"/></net>

<net id="590"><net_src comp="586" pin="1"/><net_sink comp="257" pin=0"/></net>

<net id="594"><net_src comp="157" pin="2"/><net_sink comp="591" pin=0"/></net>

<net id="595"><net_src comp="591" pin="1"/><net_sink comp="388" pin=0"/></net>

<net id="599"><net_src comp="169" pin="2"/><net_sink comp="596" pin=0"/></net>

<net id="600"><net_src comp="596" pin="1"/><net_sink comp="358" pin=0"/></net>

<net id="604"><net_src comp="174" pin="2"/><net_sink comp="601" pin=0"/></net>

<net id="605"><net_src comp="601" pin="1"/><net_sink comp="361" pin=0"/></net>

<net id="609"><net_src comp="185" pin="2"/><net_sink comp="606" pin=0"/></net>

<net id="610"><net_src comp="606" pin="1"/><net_sink comp="394" pin=0"/></net>

<net id="614"><net_src comp="197" pin="2"/><net_sink comp="611" pin=0"/></net>

<net id="615"><net_src comp="611" pin="1"/><net_sink comp="364" pin=0"/></net>

<net id="619"><net_src comp="202" pin="2"/><net_sink comp="616" pin=0"/></net>

<net id="620"><net_src comp="616" pin="1"/><net_sink comp="367" pin=0"/></net>

<net id="624"><net_src comp="213" pin="2"/><net_sink comp="621" pin=0"/></net>

<net id="625"><net_src comp="621" pin="1"/><net_sink comp="400" pin=0"/></net>

<net id="629"><net_src comp="225" pin="2"/><net_sink comp="626" pin=0"/></net>

<net id="630"><net_src comp="626" pin="1"/><net_sink comp="370" pin=0"/></net>

<net id="634"><net_src comp="230" pin="2"/><net_sink comp="631" pin=0"/></net>

<net id="635"><net_src comp="631" pin="1"/><net_sink comp="373" pin=0"/></net>

<net id="639"><net_src comp="241" pin="2"/><net_sink comp="636" pin=0"/></net>

<net id="640"><net_src comp="636" pin="1"/><net_sink comp="376" pin=0"/></net>

<net id="644"><net_src comp="246" pin="2"/><net_sink comp="641" pin=0"/></net>

<net id="645"><net_src comp="641" pin="1"/><net_sink comp="379" pin=0"/></net>

<net id="649"><net_src comp="257" pin="2"/><net_sink comp="646" pin=0"/></net>

<net id="650"><net_src comp="646" pin="1"/><net_sink comp="382" pin=0"/></net>

<net id="654"><net_src comp="262" pin="2"/><net_sink comp="651" pin=0"/></net>

<net id="655"><net_src comp="651" pin="1"/><net_sink comp="385" pin=0"/></net>

<net id="659"><net_src comp="266" pin="2"/><net_sink comp="656" pin=0"/></net>

<net id="660"><net_src comp="656" pin="1"/><net_sink comp="391" pin=0"/></net>

<net id="664"><net_src comp="434" pin="2"/><net_sink comp="661" pin=0"/></net>

<net id="665"><net_src comp="661" pin="1"/><net_sink comp="472" pin=0"/></net>

<net id="669"><net_src comp="270" pin="2"/><net_sink comp="666" pin=0"/></net>

<net id="670"><net_src comp="666" pin="1"/><net_sink comp="397" pin=0"/></net>

<net id="674"><net_src comp="486" pin="2"/><net_sink comp="671" pin=0"/></net>

<net id="675"><net_src comp="671" pin="1"/><net_sink comp="464" pin=0"/></net>

<net id="679"><net_src comp="274" pin="2"/><net_sink comp="676" pin=0"/></net>

<net id="680"><net_src comp="676" pin="1"/><net_sink comp="403" pin=0"/></net>

<net id="684"><net_src comp="480" pin="2"/><net_sink comp="681" pin=0"/></net>

<net id="685"><net_src comp="681" pin="1"/><net_sink comp="456" pin=0"/></net>

<net id="689"><net_src comp="440" pin="3"/><net_sink comp="686" pin=0"/></net>

<net id="690"><net_src comp="686" pin="1"/><net_sink comp="410" pin=1"/></net>

<net id="694"><net_src comp="420" pin="4"/><net_sink comp="691" pin=0"/></net>

<net id="695"><net_src comp="691" pin="1"/><net_sink comp="285" pin=1"/></net>

</net_list>

</model> 
---------------- Datapath Model END ------------------

* FSMD analyzer results:
  - Output states:
	Port: dst | {6 }
 - Input state : 
	Port: dct_dct_1d : src | {3 4 }
	Port: dct_dct_1d : src1 | {2 3 }
	Port: dct_dct_1d : src2 | {3 4 }
	Port: dct_dct_1d : src3 | {2 3 }
	Port: dct_dct_1d : src4 | {3 4 }
	Port: dct_dct_1d : src5 | {2 3 }
	Port: dct_dct_1d : src6 | {2 3 }
	Port: dct_dct_1d : src7 | {2 3 }
	Port: dct_dct_1d : tmp_2 | {1 }
	Port: dct_dct_1d : tmp_21 | {1 }
	Port: dct_dct_1d : dct_coeff_table_0 | {2 3 }
	Port: dct_dct_1d : dct_coeff_table_1 | {2 3 }
	Port: dct_dct_1d : dct_coeff_table_2 | {2 3 }
	Port: dct_dct_1d : dct_coeff_table_3 | {2 3 }
	Port: dct_dct_1d : dct_coeff_table_4 | {2 3 }
	Port: dct_dct_1d : dct_coeff_table_5 | {2 3 }
	Port: dct_dct_1d : dct_coeff_table_6 | {2 3 }
	Port: dct_dct_1d : dct_coeff_table_7 | {2 3 }
  - Chain level:
	State 1
		tmp_13_cast : 1
		src_addr : 1
		src1_addr : 1
		src2_addr : 1
		src3_addr : 1
		src4_addr : 1
		src5_addr : 1
		src6_addr : 1
		src7_addr : 1
	State 2
		exitcond1 : 1
		k_1 : 1
		stg_25 : 2
		tmp : 1
		tmp_cast : 1
		tmp_5 : 2
		dct_coeff_table_0_addr : 2
		dct_coeff_table_0_load : 3
		dct_coeff_table_1_addr : 2
		dct_coeff_table_1_load : 3
		dct_coeff_table_2_addr : 2
		dct_coeff_table_2_load : 3
		dct_coeff_table_3_addr : 2
		dct_coeff_table_3_load : 3
		dct_coeff_table_4_addr : 2
		dct_coeff_table_4_load : 3
		dct_coeff_table_5_addr : 2
		dct_coeff_table_5_load : 3
		dct_coeff_table_6_addr : 2
		dct_coeff_table_6_load : 3
		dct_coeff_table_7_addr : 2
		dct_coeff_table_7_load : 3
	State 3
	State 4
		tmp_10_1 : 1
		tmp_10_3 : 1
		tmp_10_5 : 1
		tmp_10_6 : 1
		tmp_10_7 : 1
		tmp7 : 2
		tmp6 : 3
	State 5
		tmp_3 : 1
		tmp_10_2 : 1
		tmp_10_4 : 1
		tmp2 : 2
		tmp3 : 2
		tmp1 : 3
		tmp5 : 2
		tmp4 : 3
		tmp_s : 4
		tmp_7 : 5
	State 6
		dst_addr : 1
		stg_108 : 2
		empty_11 : 1
	State 7


============================================================
+ Verbose Summary: Datapath Resource usage 
============================================================

* Functional unit list:
|----------|------------------------|---------|---------|---------|
| Operation|     Functional Unit    |  DSP48E |    FF   |   LUT   |
|----------|------------------------|---------|---------|---------|
|          |       k_1_fu_331       |    0    |    0    |    4    |
|          |      tmp_5_fu_353      |    0    |    0    |    7    |
|    add   |       tmp1_fu_406      |    0    |    0    |    29   |
|          |       tmp4_fu_410      |    0    |    0    |   14.5  |
|          |      tmp_s_fu_414      |    0    |    0    |   14.5  |
|----------|------------------------|---------|---------|---------|
|          |       grp_fu_440       |    1    |    0    |    0    |
|          |       grp_fu_447       |    1    |    0    |    0    |
|  muladd  |       grp_fu_456       |    1    |    0    |    0    |
|          |       grp_fu_464       |    1    |    0    |    0    |
|          |       grp_fu_472       |    1    |    0    |    0    |
|----------|------------------------|---------|---------|---------|
|          |     tmp_10_1_fu_434    |    1    |    0    |    0    |
|    mul   |     tmp_10_5_fu_480    |    1    |    0    |    0    |
|          |     tmp_10_3_fu_486    |    1    |    0    |    0    |
|----------|------------------------|---------|---------|---------|
|   icmp   |    exitcond1_fu_325    |    0    |    0    |    2    |
|----------|------------------------|---------|---------|---------|
|   read   | tmp_21_read_read_fu_82 |    0    |    0    |    0    |
|          |  tmp_2_read_read_fu_88 |    0    |    0    |    0    |
|----------|------------------------|---------|---------|---------|
|bitconcatenate|      tmp_4_fu_301      |    0    |    0    |    0    |
|----------|------------------------|---------|---------|---------|
|          |   tmp_13_cast_fu_309   |    0    |    0    |    0    |
|          |    tmp_2_cast_fu_313   |    0    |    0    |    0    |
|   zext   |       tmp_fu_337       |    0    |    0    |    0    |
|          |     tmp_cast_fu_349    |    0    |    0    |    0    |
|          |    coeff_cast_fu_388   |    0    |    0    |    0    |
|          |   tmp_14_cast_fu_430   |    0    |    0    |    0    |
|----------|------------------------|---------|---------|---------|
|          |   coeff_1_cast_fu_358  |    0    |    0    |    0    |
|          |   tmp_9_1_cast_fu_361  |    0    |    0    |    0    |
|          |   coeff_3_cast_fu_364  |    0    |    0    |    0    |
|          |   tmp_9_3_cast_fu_367  |    0    |    0    |    0    |
|          |   coeff_5_cast_fu_370  |    0    |    0    |    0    |
|          |   tmp_9_5_cast_fu_373  |    0    |    0    |    0    |
|          |   coeff_6_cast_fu_376  |    0    |    0    |    0    |
|   sext   |   tmp_9_6_cast_fu_379  |    0    |    0    |    0    |
|          |   coeff_7_cast_fu_382  |    0    |    0    |    0    |
|          |   tmp_9_7_cast_fu_385  |    0    |    0    |    0    |
|          |    tmp_9_cast_fu_391   |    0    |    0    |    0    |
|          |   coeff_2_cast_fu_394  |    0    |    0    |    0    |
|          |   tmp_9_2_cast_fu_397  |    0    |    0    |    0    |
|          |   coeff_4_cast_fu_400  |    0    |    0    |    0    |
|          |   tmp_9_4_cast_fu_403  |    0    |    0    |    0    |
|----------|------------------------|---------|---------|---------|
|partselect|      tmp_7_fu_420      |    0    |    0    |    0    |
|----------|------------------------|---------|---------|---------|
|   Total  |                        |    8    |    0    |    71   |
|----------|------------------------|---------|---------|---------|

Memories:
N/A

* Register list:
+------------------------------+--------+
|                              |   FF   |
+------------------------------+--------+
|dct_coeff_table_0_addr_reg_551|    3   |
|dct_coeff_table_0_load_reg_591|   14   |
|dct_coeff_table_1_addr_reg_556|    3   |
|dct_coeff_table_1_load_reg_596|   15   |
|dct_coeff_table_2_addr_reg_561|    3   |
|dct_coeff_table_2_load_reg_606|   15   |
|dct_coeff_table_3_addr_reg_566|    3   |
|dct_coeff_table_3_load_reg_611|   15   |
|dct_coeff_table_4_addr_reg_571|    3   |
|dct_coeff_table_4_load_reg_621|   15   |
|dct_coeff_table_5_addr_reg_576|    3   |
|dct_coeff_table_5_load_reg_626|   15   |
|dct_coeff_table_6_addr_reg_581|    3   |
|dct_coeff_table_6_load_reg_636|   15   |
|dct_coeff_table_7_addr_reg_586|    3   |
|dct_coeff_table_7_load_reg_646|   15   |
|       exitcond1_reg_537      |    1   |
|          k_1_reg_541         |    4   |
|           k_reg_290          |    4   |
|       src1_addr_reg_502      |    3   |
|       src1_load_reg_601      |   16   |
|       src2_addr_reg_507      |    3   |
|       src2_load_reg_666      |   16   |
|       src3_addr_reg_512      |    3   |
|       src3_load_reg_616      |   16   |
|       src4_addr_reg_517      |    3   |
|       src4_load_reg_676      |   16   |
|       src5_addr_reg_522      |    3   |
|       src5_load_reg_631      |   16   |
|       src6_addr_reg_527      |    3   |
|       src6_load_reg_641      |   16   |
|       src7_addr_reg_532      |    3   |
|       src7_load_reg_651      |   16   |
|       src_addr_reg_497       |    3   |
|       src_load_reg_656       |   16   |
|         tmp6_reg_686         |   29   |
|       tmp_10_1_reg_661       |   29   |
|       tmp_10_3_reg_671       |   29   |
|       tmp_10_5_reg_681       |   29   |
|      tmp_13_cast_reg_492     |    8   |
|         tmp_5_reg_546        |    8   |
|         tmp_7_reg_691        |   16   |
+------------------------------+--------+
|             Total            |   452  |
+------------------------------+--------+

* Multiplexer (MUX) list: 
|-------------------|------|------|------|--------||---------||---------|
|        Comp       |  Pin | Size |  BW  | S x BW ||  Delay  ||   LUT   |
|-------------------|------|------|------|--------||---------||---------|
| grp_access_fu_157 |  p0  |   2  |   3  |    6   ||    3    |
| grp_access_fu_169 |  p0  |   2  |   3  |    6   ||    3    |
| grp_access_fu_185 |  p0  |   2  |   3  |    6   ||    3    |
| grp_access_fu_197 |  p0  |   2  |   3  |    6   ||    3    |
| grp_access_fu_213 |  p0  |   2  |   3  |    6   ||    3    |
| grp_access_fu_225 |  p0  |   2  |   3  |    6   ||    3    |
| grp_access_fu_241 |  p0  |   2  |   3  |    6   ||    3    |
| grp_access_fu_257 |  p0  |   2  |   3  |    6   ||    3    |
|     grp_fu_440    |  p1  |   2  |  15  |   30   ||    15   |
|     grp_fu_456    |  p0  |   2  |  16  |   32   ||    16   |
|     grp_fu_464    |  p0  |   2  |  16  |   32   ||    16   |
|     grp_fu_472    |  p0  |   2  |  16  |   32   ||    16   |
|-------------------|------|------|------|--------||---------||---------|
|       Total       |      |      |      |   174  ||  18.852 ||    87   |
|-------------------|------|------|------|--------||---------||---------|



* Summary:
+-----------+--------+--------+--------+--------+
|           | DSP48E |  Delay |   FF   |   LUT  |
+-----------+--------+--------+--------+--------+
|  Function |    8   |    -   |    0   |   71   |
|   Memory  |    -   |    -   |    -   |    -   |
|Multiplexer|    -   |   18   |    -   |   87   |
|  Register |    -   |    -   |   452  |    -   |
+-----------+--------+--------+--------+--------+
|   Total   |    8   |   18   |   452  |   158  |
+-----------+--------+--------+--------+--------+
